[2022-10-05 17:37:11,783] {taskinstance.py:1037} INFO - Dependencies all met for <TaskInstance: dag_combustivel.delete_cluster scheduled__2019-01-01T00:00:00+00:00 [queued]>
[2022-10-05 17:37:11,797] {taskinstance.py:1037} INFO - Dependencies all met for <TaskInstance: dag_combustivel.delete_cluster scheduled__2019-01-01T00:00:00+00:00 [queued]>
[2022-10-05 17:37:11,798] {taskinstance.py:1243} INFO - 
--------------------------------------------------------------------------------
[2022-10-05 17:37:11,799] {taskinstance.py:1244} INFO - Starting attempt 1 of 1
[2022-10-05 17:37:11,800] {taskinstance.py:1245} INFO - 
--------------------------------------------------------------------------------
[2022-10-05 17:37:11,820] {taskinstance.py:1264} INFO - Executing <Task(DataprocDeleteClusterOperator): delete_cluster> on 2019-01-01 00:00:00+00:00
[2022-10-05 17:37:11,831] {standard_task_runner.py:52} INFO - Started process 22132 to run task
[2022-10-05 17:37:11,838] {standard_task_runner.py:76} INFO - Running: ['***', 'tasks', 'run', 'dag_combustivel', 'delete_cluster', 'scheduled__2019-01-01T00:00:00+00:00', '--job-id', '97', '--raw', '--subdir', 'DAGS_FOLDER/dag_combustive.py', '--cfg-path', '/tmp/tmpx0tfyjuw', '--error-file', '/tmp/tmpkobqp4vl']
[2022-10-05 17:37:11,842] {standard_task_runner.py:77} INFO - Job 97: Subtask delete_cluster
[2022-10-05 17:37:11,969] {logging_mixin.py:109} INFO - Running <TaskInstance: dag_combustivel.delete_cluster scheduled__2019-01-01T00:00:00+00:00 [running]> on host 1445d51ba90b
[2022-10-05 17:37:12,049] {taskinstance.py:1431} INFO - Exporting the following env vars:
AIRFLOW_CTX_DAG_OWNER=***
AIRFLOW_CTX_DAG_ID=dag_combustivel
AIRFLOW_CTX_TASK_ID=delete_cluster
AIRFLOW_CTX_EXECUTION_DATE=2019-01-01T00:00:00+00:00
AIRFLOW_CTX_DAG_RUN_ID=scheduled__2019-01-01T00:00:00+00:00
[2022-10-05 17:37:12,064] {dataproc.py:863} INFO - Deleting cluster: dataproc-cluster-stack-data-pipeline01
[2022-10-05 17:37:37,051] {dataproc.py:875} INFO - Cluster deleted.
[2022-10-05 17:37:37,098] {taskinstance.py:1282} INFO - Marking task as SUCCESS. dag_id=dag_combustivel, task_id=delete_cluster, execution_date=20190101T000000, start_date=20221005T173711, end_date=20221005T173737
[2022-10-05 17:37:37,319] {local_task_job.py:154} INFO - Task exited with return code 0
[2022-10-05 17:37:37,451] {local_task_job.py:264} INFO - 0 downstream tasks scheduled from follow-on schedule check
