[2022-10-06 00:18:48,970] {taskinstance.py:1037} INFO - Dependencies all met for <TaskInstance: dag_combustivel.delete_cluster scheduled__2019-01-01T00:00:00+00:00 [queued]>
[2022-10-06 00:18:48,995] {taskinstance.py:1037} INFO - Dependencies all met for <TaskInstance: dag_combustivel.delete_cluster scheduled__2019-01-01T00:00:00+00:00 [queued]>
[2022-10-06 00:18:48,996] {taskinstance.py:1243} INFO - 
--------------------------------------------------------------------------------
[2022-10-06 00:18:49,004] {taskinstance.py:1244} INFO - Starting attempt 2 of 2
[2022-10-06 00:18:49,007] {taskinstance.py:1245} INFO - 
--------------------------------------------------------------------------------
[2022-10-06 00:18:49,045] {taskinstance.py:1264} INFO - Executing <Task(DataprocDeleteClusterOperator): delete_cluster> on 2019-01-01 00:00:00+00:00
[2022-10-06 00:18:49,060] {standard_task_runner.py:76} INFO - Running: ['***', 'tasks', 'run', 'dag_combustivel', 'delete_cluster', 'scheduled__2019-01-01T00:00:00+00:00', '--job-id', '172', '--raw', '--subdir', 'DAGS_FOLDER/dag_combustive.py', '--cfg-path', '/tmp/tmpqyikh5pq', '--error-file', '/tmp/tmp2ysoixtm']
[2022-10-06 00:18:49,067] {standard_task_runner.py:77} INFO - Job 172: Subtask delete_cluster
[2022-10-06 00:18:49,056] {standard_task_runner.py:52} INFO - Started process 8599 to run task
[2022-10-06 00:18:49,165] {logging_mixin.py:109} INFO - Running <TaskInstance: dag_combustivel.delete_cluster scheduled__2019-01-01T00:00:00+00:00 [running]> on host 1445d51ba90b
[2022-10-06 00:18:49,248] {taskinstance.py:1431} INFO - Exporting the following env vars:
AIRFLOW_CTX_DAG_OWNER=***
AIRFLOW_CTX_DAG_ID=dag_combustivel
AIRFLOW_CTX_TASK_ID=delete_cluster
AIRFLOW_CTX_EXECUTION_DATE=2019-01-01T00:00:00+00:00
AIRFLOW_CTX_DAG_RUN_ID=scheduled__2019-01-01T00:00:00+00:00
[2022-10-06 00:18:49,271] {dataproc.py:863} INFO - Deleting cluster: stack-data-pipeline
[2022-10-06 00:19:18,394] {dataproc.py:875} INFO - Cluster deleted.
[2022-10-06 00:19:18,409] {taskinstance.py:1282} INFO - Marking task as SUCCESS. dag_id=dag_combustivel, task_id=delete_cluster, execution_date=20190101T000000, start_date=20221006T001848, end_date=20221006T001918
[2022-10-06 00:19:18,440] {local_task_job.py:154} INFO - Task exited with return code 0
[2022-10-06 00:19:18,474] {local_task_job.py:264} INFO - 1 downstream tasks scheduled from follow-on schedule check
