[2022-10-05 18:09:09,661] {taskinstance.py:1037} INFO - Dependencies all met for <TaskInstance: dag_combustivel.create_cluster scheduled__2022-01-01T00:00:00+00:00 [queued]>
[2022-10-05 18:09:09,673] {taskinstance.py:1037} INFO - Dependencies all met for <TaskInstance: dag_combustivel.create_cluster scheduled__2022-01-01T00:00:00+00:00 [queued]>
[2022-10-05 18:09:09,674] {taskinstance.py:1243} INFO - 
--------------------------------------------------------------------------------
[2022-10-05 18:09:09,675] {taskinstance.py:1244} INFO - Starting attempt 1 of 1
[2022-10-05 18:09:09,676] {taskinstance.py:1245} INFO - 
--------------------------------------------------------------------------------
[2022-10-05 18:09:09,691] {taskinstance.py:1264} INFO - Executing <Task(DataprocCreateClusterOperator): create_cluster> on 2022-01-01 00:00:00+00:00
[2022-10-05 18:09:09,699] {standard_task_runner.py:52} INFO - Started process 23555 to run task
[2022-10-05 18:09:09,705] {standard_task_runner.py:76} INFO - Running: ['***', 'tasks', 'run', 'dag_combustivel', 'create_cluster', 'scheduled__2022-01-01T00:00:00+00:00', '--job-id', '119', '--raw', '--subdir', 'DAGS_FOLDER/dag_combustive.py', '--cfg-path', '/tmp/tmp0_2r0zyf', '--error-file', '/tmp/tmp92xl8tuy']
[2022-10-05 18:09:09,707] {standard_task_runner.py:77} INFO - Job 119: Subtask create_cluster
[2022-10-05 18:09:09,810] {logging_mixin.py:109} INFO - Running <TaskInstance: dag_combustivel.create_cluster scheduled__2022-01-01T00:00:00+00:00 [running]> on host 1445d51ba90b
[2022-10-05 18:09:09,906] {taskinstance.py:1431} INFO - Exporting the following env vars:
AIRFLOW_CTX_DAG_OWNER=***
AIRFLOW_CTX_DAG_ID=dag_combustivel
AIRFLOW_CTX_TASK_ID=create_cluster
AIRFLOW_CTX_EXECUTION_DATE=2022-01-01T00:00:00+00:00
AIRFLOW_CTX_DAG_RUN_ID=scheduled__2022-01-01T00:00:00+00:00
[2022-10-05 18:09:09,909] {dataproc.py:625} INFO - Creating cluster: dataproc-cluster-stack-data-pipeline01
[2022-10-05 18:12:38,037] {dataproc.py:569} INFO - Cluster created.
[2022-10-05 18:12:38,100] {taskinstance.py:1282} INFO - Marking task as SUCCESS. dag_id=dag_combustivel, task_id=create_cluster, execution_date=20220101T000000, start_date=20221005T180909, end_date=20221005T181238
[2022-10-05 18:12:38,174] {local_task_job.py:154} INFO - Task exited with return code 0
[2022-10-05 18:12:38,237] {local_task_job.py:264} INFO - 1 downstream tasks scheduled from follow-on schedule check
