[2022-10-06 00:52:03,918] {taskinstance.py:1037} INFO - Dependencies all met for <TaskInstance: dag_combustivel.create_cluster scheduled__2022-01-01T00:00:00+00:00 [queued]>
[2022-10-06 00:52:03,929] {taskinstance.py:1037} INFO - Dependencies all met for <TaskInstance: dag_combustivel.create_cluster scheduled__2022-01-01T00:00:00+00:00 [queued]>
[2022-10-06 00:52:03,930] {taskinstance.py:1243} INFO - 
--------------------------------------------------------------------------------
[2022-10-06 00:52:03,931] {taskinstance.py:1244} INFO - Starting attempt 2 of 2
[2022-10-06 00:52:03,931] {taskinstance.py:1245} INFO - 
--------------------------------------------------------------------------------
[2022-10-06 00:52:03,944] {taskinstance.py:1264} INFO - Executing <Task(DataprocCreateClusterOperator): create_cluster> on 2022-01-01 00:00:00+00:00
[2022-10-06 00:52:03,949] {standard_task_runner.py:52} INFO - Started process 10134 to run task
[2022-10-06 00:52:03,953] {standard_task_runner.py:76} INFO - Running: ['***', 'tasks', 'run', 'dag_combustivel', 'create_cluster', 'scheduled__2022-01-01T00:00:00+00:00', '--job-id', '194', '--raw', '--subdir', 'DAGS_FOLDER/dag_combustive.py', '--cfg-path', '/tmp/tmpwm5kaict', '--error-file', '/tmp/tmpicgh8d3d']
[2022-10-06 00:52:03,954] {standard_task_runner.py:77} INFO - Job 194: Subtask create_cluster
[2022-10-06 00:52:04,024] {logging_mixin.py:109} INFO - Running <TaskInstance: dag_combustivel.create_cluster scheduled__2022-01-01T00:00:00+00:00 [running]> on host 1445d51ba90b
[2022-10-06 00:52:04,092] {taskinstance.py:1431} INFO - Exporting the following env vars:
AIRFLOW_CTX_DAG_OWNER=***
AIRFLOW_CTX_DAG_ID=dag_combustivel
AIRFLOW_CTX_TASK_ID=create_cluster
AIRFLOW_CTX_EXECUTION_DATE=2022-01-01T00:00:00+00:00
AIRFLOW_CTX_DAG_RUN_ID=scheduled__2022-01-01T00:00:00+00:00
[2022-10-06 00:52:04,094] {dataproc.py:625} INFO - Creating cluster: stack-data-pipeline
[2022-10-06 00:54:44,282] {dataproc.py:569} INFO - Cluster created.
[2022-10-06 00:54:44,311] {taskinstance.py:1282} INFO - Marking task as SUCCESS. dag_id=dag_combustivel, task_id=create_cluster, execution_date=20220101T000000, start_date=20221006T005203, end_date=20221006T005444
[2022-10-06 00:54:44,366] {local_task_job.py:154} INFO - Task exited with return code 0
[2022-10-06 00:54:44,404] {local_task_job.py:264} INFO - 1 downstream tasks scheduled from follow-on schedule check
