[2022-10-05 17:44:44,230] {taskinstance.py:1037} INFO - Dependencies all met for <TaskInstance: dag_combustivel.create_cluster scheduled__2020-01-01T00:00:00+00:00 [queued]>
[2022-10-05 17:44:44,250] {taskinstance.py:1037} INFO - Dependencies all met for <TaskInstance: dag_combustivel.create_cluster scheduled__2020-01-01T00:00:00+00:00 [queued]>
[2022-10-05 17:44:44,251] {taskinstance.py:1243} INFO - 
--------------------------------------------------------------------------------
[2022-10-05 17:44:44,252] {taskinstance.py:1244} INFO - Starting attempt 1 of 1
[2022-10-05 17:44:44,254] {taskinstance.py:1245} INFO - 
--------------------------------------------------------------------------------
[2022-10-05 17:44:44,273] {taskinstance.py:1264} INFO - Executing <Task(DataprocCreateClusterOperator): create_cluster> on 2020-01-01 00:00:00+00:00
[2022-10-05 17:44:44,281] {standard_task_runner.py:52} INFO - Started process 22459 to run task
[2022-10-05 17:44:44,289] {standard_task_runner.py:76} INFO - Running: ['***', 'tasks', 'run', 'dag_combustivel', 'create_cluster', 'scheduled__2020-01-01T00:00:00+00:00', '--job-id', '103', '--raw', '--subdir', 'DAGS_FOLDER/dag_combustive.py', '--cfg-path', '/tmp/tmpl0_uo9ej', '--error-file', '/tmp/tmprypi21h5']
[2022-10-05 17:44:44,294] {standard_task_runner.py:77} INFO - Job 103: Subtask create_cluster
[2022-10-05 17:44:44,396] {logging_mixin.py:109} INFO - Running <TaskInstance: dag_combustivel.create_cluster scheduled__2020-01-01T00:00:00+00:00 [running]> on host 1445d51ba90b
[2022-10-05 17:44:44,490] {taskinstance.py:1431} INFO - Exporting the following env vars:
AIRFLOW_CTX_DAG_OWNER=***
AIRFLOW_CTX_DAG_ID=dag_combustivel
AIRFLOW_CTX_TASK_ID=create_cluster
AIRFLOW_CTX_EXECUTION_DATE=2020-01-01T00:00:00+00:00
AIRFLOW_CTX_DAG_RUN_ID=scheduled__2020-01-01T00:00:00+00:00
[2022-10-05 17:44:44,492] {dataproc.py:625} INFO - Creating cluster: dataproc-cluster-stack-data-pipeline01
[2022-10-05 17:47:33,972] {dataproc.py:569} INFO - Cluster created.
[2022-10-05 17:47:34,010] {taskinstance.py:1282} INFO - Marking task as SUCCESS. dag_id=dag_combustivel, task_id=create_cluster, execution_date=20200101T000000, start_date=20221005T174444, end_date=20221005T174734
[2022-10-05 17:47:34,080] {local_task_job.py:154} INFO - Task exited with return code 0
[2022-10-05 17:47:34,130] {local_task_job.py:264} INFO - 1 downstream tasks scheduled from follow-on schedule check
