[2022-11-16 21:09:54,104] {taskinstance.py:1037} INFO - Dependencies all met for <TaskInstance: dag_combustivel.create_cluster scheduled__2006-01-01T00:00:00+00:00 [queued]>
[2022-11-16 21:09:54,120] {taskinstance.py:1037} INFO - Dependencies all met for <TaskInstance: dag_combustivel.create_cluster scheduled__2006-01-01T00:00:00+00:00 [queued]>
[2022-11-16 21:09:54,121] {taskinstance.py:1243} INFO - 
--------------------------------------------------------------------------------
[2022-11-16 21:09:54,121] {taskinstance.py:1244} INFO - Starting attempt 1 of 1
[2022-11-16 21:09:54,122] {taskinstance.py:1245} INFO - 
--------------------------------------------------------------------------------
[2022-11-16 21:09:54,142] {taskinstance.py:1264} INFO - Executing <Task(DataprocCreateClusterOperator): create_cluster> on 2006-01-01 00:00:00+00:00
[2022-11-16 21:09:54,147] {standard_task_runner.py:52} INFO - Started process 673 to run task
[2022-11-16 21:09:54,153] {standard_task_runner.py:76} INFO - Running: ['***', 'tasks', 'run', 'dag_combustivel', 'create_cluster', 'scheduled__2006-01-01T00:00:00+00:00', '--job-id', '10', '--raw', '--subdir', 'DAGS_FOLDER/dag_combustivel.py', '--cfg-path', '/tmp/tmp2wd2redz', '--error-file', '/tmp/tmphpzchowi']
[2022-11-16 21:09:54,154] {standard_task_runner.py:77} INFO - Job 10: Subtask create_cluster
[2022-11-16 21:09:54,238] {logging_mixin.py:109} INFO - Running <TaskInstance: dag_combustivel.create_cluster scheduled__2006-01-01T00:00:00+00:00 [running]> on host b2a62e76b908
[2022-11-16 21:09:54,323] {taskinstance.py:1431} INFO - Exporting the following env vars:
AIRFLOW_CTX_DAG_OWNER=***
AIRFLOW_CTX_DAG_ID=dag_combustivel
AIRFLOW_CTX_TASK_ID=create_cluster
AIRFLOW_CTX_EXECUTION_DATE=2006-01-01T00:00:00+00:00
AIRFLOW_CTX_DAG_RUN_ID=scheduled__2006-01-01T00:00:00+00:00
[2022-11-16 21:09:54,324] {dataproc.py:625} INFO - Creating cluster: stack-gcp-datapipeline-clusters
[2022-11-16 21:09:57,695] {dataproc.py:643} INFO - Cluster already exists.
[2022-11-16 21:09:59,048] {taskinstance.py:1282} INFO - Marking task as SUCCESS. dag_id=dag_combustivel, task_id=create_cluster, execution_date=20060101T000000, start_date=20221116T210954, end_date=20221116T210959
[2022-11-16 21:09:59,115] {local_task_job.py:154} INFO - Task exited with return code 0
[2022-11-16 21:09:59,180] {local_task_job.py:264} INFO - 1 downstream tasks scheduled from follow-on schedule check
