[2022-11-16 23:04:57,752] {taskinstance.py:1037} INFO - Dependencies all met for <TaskInstance: dag_combustivel.delete_cluster scheduled__2019-07-01T00:00:00+00:00 [queued]>
[2022-11-16 23:04:57,767] {taskinstance.py:1037} INFO - Dependencies all met for <TaskInstance: dag_combustivel.delete_cluster scheduled__2019-07-01T00:00:00+00:00 [queued]>
[2022-11-16 23:04:57,768] {taskinstance.py:1243} INFO - 
--------------------------------------------------------------------------------
[2022-11-16 23:04:57,768] {taskinstance.py:1244} INFO - Starting attempt 1 of 1
[2022-11-16 23:04:57,768] {taskinstance.py:1245} INFO - 
--------------------------------------------------------------------------------
[2022-11-16 23:04:57,787] {taskinstance.py:1264} INFO - Executing <Task(DataprocDeleteClusterOperator): delete_cluster> on 2019-07-01 00:00:00+00:00
[2022-11-16 23:04:57,793] {standard_task_runner.py:52} INFO - Started process 5443 to run task
[2022-11-16 23:04:57,798] {standard_task_runner.py:76} INFO - Running: ['***', 'tasks', 'run', 'dag_combustivel', 'delete_cluster', 'scheduled__2019-07-01T00:00:00+00:00', '--job-id', '83', '--raw', '--subdir', 'DAGS_FOLDER/dag_combustivel.py', '--cfg-path', '/tmp/tmp6ewnubq4', '--error-file', '/tmp/tmpycda7ovb']
[2022-11-16 23:04:57,800] {standard_task_runner.py:77} INFO - Job 83: Subtask delete_cluster
[2022-11-16 23:04:57,883] {logging_mixin.py:109} INFO - Running <TaskInstance: dag_combustivel.delete_cluster scheduled__2019-07-01T00:00:00+00:00 [running]> on host b2a62e76b908
[2022-11-16 23:04:57,963] {taskinstance.py:1431} INFO - Exporting the following env vars:
AIRFLOW_CTX_DAG_OWNER=***
AIRFLOW_CTX_DAG_ID=dag_combustivel
AIRFLOW_CTX_TASK_ID=delete_cluster
AIRFLOW_CTX_EXECUTION_DATE=2019-07-01T00:00:00+00:00
AIRFLOW_CTX_DAG_RUN_ID=scheduled__2019-07-01T00:00:00+00:00
[2022-11-16 23:04:57,978] {dataproc.py:863} INFO - Deleting cluster: stack-gcp-datapipeline-clusters
[2022-11-16 23:05:47,253] {dataproc.py:875} INFO - Cluster deleted.
[2022-11-16 23:05:47,270] {taskinstance.py:1282} INFO - Marking task as SUCCESS. dag_id=dag_combustivel, task_id=delete_cluster, execution_date=20190701T000000, start_date=20221116T230457, end_date=20221116T230547
[2022-11-16 23:05:47,300] {local_task_job.py:154} INFO - Task exited with return code 0
[2022-11-16 23:05:47,345] {local_task_job.py:264} INFO - 1 downstream tasks scheduled from follow-on schedule check
