[2022-11-16 22:51:22,855] {taskinstance.py:1037} INFO - Dependencies all met for <TaskInstance: dag_combustivel.create_cluster scheduled__2019-01-01T00:00:00+00:00 [queued]>
[2022-11-16 22:51:22,874] {taskinstance.py:1037} INFO - Dependencies all met for <TaskInstance: dag_combustivel.create_cluster scheduled__2019-01-01T00:00:00+00:00 [queued]>
[2022-11-16 22:51:22,874] {taskinstance.py:1243} INFO - 
--------------------------------------------------------------------------------
[2022-11-16 22:51:22,875] {taskinstance.py:1244} INFO - Starting attempt 1 of 1
[2022-11-16 22:51:22,876] {taskinstance.py:1245} INFO - 
--------------------------------------------------------------------------------
[2022-11-16 22:51:22,902] {taskinstance.py:1264} INFO - Executing <Task(DataprocCreateClusterOperator): create_cluster> on 2019-01-01 00:00:00+00:00
[2022-11-16 22:51:22,909] {standard_task_runner.py:52} INFO - Started process 4802 to run task
[2022-11-16 22:51:22,915] {standard_task_runner.py:76} INFO - Running: ['***', 'tasks', 'run', 'dag_combustivel', 'create_cluster', 'scheduled__2019-01-01T00:00:00+00:00', '--job-id', '77', '--raw', '--subdir', 'DAGS_FOLDER/dag_combustivel.py', '--cfg-path', '/tmp/tmp30h6_sje', '--error-file', '/tmp/tmpecj5unfj']
[2022-11-16 22:51:22,917] {standard_task_runner.py:77} INFO - Job 77: Subtask create_cluster
[2022-11-16 22:51:23,015] {logging_mixin.py:109} INFO - Running <TaskInstance: dag_combustivel.create_cluster scheduled__2019-01-01T00:00:00+00:00 [running]> on host b2a62e76b908
[2022-11-16 22:51:23,101] {taskinstance.py:1431} INFO - Exporting the following env vars:
AIRFLOW_CTX_DAG_OWNER=***
AIRFLOW_CTX_DAG_ID=dag_combustivel
AIRFLOW_CTX_TASK_ID=create_cluster
AIRFLOW_CTX_EXECUTION_DATE=2019-01-01T00:00:00+00:00
AIRFLOW_CTX_DAG_RUN_ID=scheduled__2019-01-01T00:00:00+00:00
[2022-11-16 22:51:23,102] {dataproc.py:625} INFO - Creating cluster: stack-gcp-datapipeline-clusters
[2022-11-16 22:54:27,540] {dataproc.py:569} INFO - Cluster created.
[2022-11-16 22:54:27,565] {taskinstance.py:1282} INFO - Marking task as SUCCESS. dag_id=dag_combustivel, task_id=create_cluster, execution_date=20190101T000000, start_date=20221116T225122, end_date=20221116T225427
[2022-11-16 22:54:27,618] {local_task_job.py:154} INFO - Task exited with return code 0
[2022-11-16 22:54:27,656] {local_task_job.py:264} INFO - 1 downstream tasks scheduled from follow-on schedule check
