[2022-11-16 22:38:46,357] {taskinstance.py:1037} INFO - Dependencies all met for <TaskInstance: dag_combustivel.get_op manual__2022-11-16T22:33:26.648654+00:00 [queued]>
[2022-11-16 22:38:46,368] {taskinstance.py:1037} INFO - Dependencies all met for <TaskInstance: dag_combustivel.get_op manual__2022-11-16T22:33:26.648654+00:00 [queued]>
[2022-11-16 22:38:46,369] {taskinstance.py:1243} INFO - 
--------------------------------------------------------------------------------
[2022-11-16 22:38:46,369] {taskinstance.py:1244} INFO - Starting attempt 1 of 1
[2022-11-16 22:38:46,370] {taskinstance.py:1245} INFO - 
--------------------------------------------------------------------------------
[2022-11-16 22:38:46,383] {taskinstance.py:1264} INFO - Executing <Task(SimpleHttpOperator): get_op> on 2022-11-16 22:33:26.648654+00:00
[2022-11-16 22:38:46,388] {standard_task_runner.py:52} INFO - Started process 4208 to run task
[2022-11-16 22:38:46,392] {standard_task_runner.py:76} INFO - Running: ['***', 'tasks', 'run', 'dag_combustivel', 'get_op', 'manual__2022-11-16T22:33:26.648654+00:00', '--job-id', '68', '--raw', '--subdir', 'DAGS_FOLDER/dag_combustivel.py', '--cfg-path', '/tmp/tmpow1svrpr', '--error-file', '/tmp/tmpu6tb8hb_']
[2022-11-16 22:38:46,393] {standard_task_runner.py:77} INFO - Job 68: Subtask get_op
[2022-11-16 22:38:46,456] {logging_mixin.py:109} INFO - Running <TaskInstance: dag_combustivel.get_op manual__2022-11-16T22:33:26.648654+00:00 [running]> on host b2a62e76b908
[2022-11-16 22:38:46,533] {taskinstance.py:1431} INFO - Exporting the following env vars:
AIRFLOW_CTX_DAG_OWNER=***
AIRFLOW_CTX_DAG_ID=dag_combustivel
AIRFLOW_CTX_TASK_ID=get_op
AIRFLOW_CTX_EXECUTION_DATE=2022-11-16T22:33:26.648654+00:00
AIRFLOW_CTX_DAG_RUN_ID=manual__2022-11-16T22:33:26.648654+00:00
[2022-11-16 22:38:46,535] {http.py:104} INFO - Calling HTTP method
[2022-11-16 22:38:46,552] {base.py:79} INFO - Using connection to: id: stack-data-pipeline. Host: https://data-pipeline-bootcamp-k4otesd7oa-uc.a.run.app, Port: None, Schema: , Login: admin, Password: ***, extra: {}
[2022-11-16 22:38:46,554] {http.py:129} INFO - Sending 'POST' to url: https://data-pipeline-bootcamp-k4otesd7oa-uc.a.run.app/download_combustivel
[2022-11-16 22:38:47,858] {taskinstance.py:1282} INFO - Marking task as SUCCESS. dag_id=dag_combustivel, task_id=get_op, execution_date=20221116T223326, start_date=20221116T223846, end_date=20221116T223847
[2022-11-16 22:38:47,930] {local_task_job.py:154} INFO - Task exited with return code 0
[2022-11-16 22:38:47,990] {local_task_job.py:264} INFO - 1 downstream tasks scheduled from follow-on schedule check
