[2022-10-05 17:14:45,060] {taskinstance.py:1037} INFO - Dependencies all met for <TaskInstance: dag_combustivel.pyspark_task scheduled__2017-07-01T00:00:00+00:00 [queued]>
[2022-10-05 17:14:45,072] {taskinstance.py:1037} INFO - Dependencies all met for <TaskInstance: dag_combustivel.pyspark_task scheduled__2017-07-01T00:00:00+00:00 [queued]>
[2022-10-05 17:14:45,073] {taskinstance.py:1243} INFO - 
--------------------------------------------------------------------------------
[2022-10-05 17:14:45,076] {taskinstance.py:1244} INFO - Starting attempt 1 of 1
[2022-10-05 17:14:45,077] {taskinstance.py:1245} INFO - 
--------------------------------------------------------------------------------
[2022-10-05 17:14:45,093] {taskinstance.py:1264} INFO - Executing <Task(DataprocSubmitJobOperator): pyspark_task> on 2017-07-01 00:00:00+00:00
[2022-10-05 17:14:45,098] {standard_task_runner.py:52} INFO - Started process 21038 to run task
[2022-10-05 17:14:45,102] {standard_task_runner.py:76} INFO - Running: ['***', 'tasks', 'run', 'dag_combustivel', 'pyspark_task', 'scheduled__2017-07-01T00:00:00+00:00', '--job-id', '80', '--raw', '--subdir', 'DAGS_FOLDER/dag_combustive.py', '--cfg-path', '/tmp/tmp5ms2_tc9', '--error-file', '/tmp/tmpzh2av732']
[2022-10-05 17:14:45,104] {standard_task_runner.py:77} INFO - Job 80: Subtask pyspark_task
[2022-10-05 17:14:45,170] {logging_mixin.py:109} INFO - Running <TaskInstance: dag_combustivel.pyspark_task scheduled__2017-07-01T00:00:00+00:00 [running]> on host 1445d51ba90b
[2022-10-05 17:14:45,251] {taskinstance.py:1431} INFO - Exporting the following env vars:
AIRFLOW_CTX_DAG_OWNER=***
AIRFLOW_CTX_DAG_ID=dag_combustivel
AIRFLOW_CTX_TASK_ID=pyspark_task
AIRFLOW_CTX_EXECUTION_DATE=2017-07-01T00:00:00+00:00
AIRFLOW_CTX_DAG_RUN_ID=scheduled__2017-07-01T00:00:00+00:00
[2022-10-05 17:14:45,252] {dataproc.py:1878} INFO - Submitting job
[2022-10-05 17:14:46,455] {dataproc.py:1890} INFO - Job 0476c67f-f75e-4b2a-8aae-f793a2326d42 submitted successfully.
[2022-10-05 17:14:46,477] {dataproc.py:1903} INFO - Waiting for job 0476c67f-f75e-4b2a-8aae-f793a2326d42 to complete
[2022-10-05 17:15:19,632] {dataproc.py:1907} INFO - Job 0476c67f-f75e-4b2a-8aae-f793a2326d42 completed successfully.
[2022-10-05 17:15:19,660] {taskinstance.py:1282} INFO - Marking task as SUCCESS. dag_id=dag_combustivel, task_id=pyspark_task, execution_date=20170701T000000, start_date=20221005T171445, end_date=20221005T171519
[2022-10-05 17:15:19,730] {local_task_job.py:154} INFO - Task exited with return code 0
[2022-10-05 17:15:19,770] {local_task_job.py:264} INFO - 1 downstream tasks scheduled from follow-on schedule check
