[2022-10-05 23:00:20,590] {taskinstance.py:1037} INFO - Dependencies all met for <TaskInstance: dag_combustivel.pyspark_task scheduled__2017-07-01T00:00:00+00:00 [queued]>
[2022-10-05 23:00:20,628] {taskinstance.py:1037} INFO - Dependencies all met for <TaskInstance: dag_combustivel.pyspark_task scheduled__2017-07-01T00:00:00+00:00 [queued]>
[2022-10-05 23:00:20,632] {taskinstance.py:1243} INFO - 
--------------------------------------------------------------------------------
[2022-10-05 23:00:20,663] {taskinstance.py:1244} INFO - Starting attempt 2 of 2
[2022-10-05 23:00:20,665] {taskinstance.py:1245} INFO - 
--------------------------------------------------------------------------------
[2022-10-05 23:00:20,695] {taskinstance.py:1264} INFO - Executing <Task(DataprocSubmitJobOperator): pyspark_task> on 2017-07-01 00:00:00+00:00
[2022-10-05 23:00:20,715] {standard_task_runner.py:52} INFO - Started process 6162 to run task
[2022-10-05 23:00:20,750] {standard_task_runner.py:76} INFO - Running: ['***', 'tasks', 'run', 'dag_combustivel', 'pyspark_task', 'scheduled__2017-07-01T00:00:00+00:00', '--job-id', '151', '--raw', '--subdir', 'DAGS_FOLDER/dag_combustive.py', '--cfg-path', '/tmp/tmpinrqps3p', '--error-file', '/tmp/tmpoez1i8yh']
[2022-10-05 23:00:20,762] {standard_task_runner.py:77} INFO - Job 151: Subtask pyspark_task
[2022-10-05 23:00:21,027] {logging_mixin.py:109} INFO - Running <TaskInstance: dag_combustivel.pyspark_task scheduled__2017-07-01T00:00:00+00:00 [running]> on host 1445d51ba90b
[2022-10-05 23:00:21,389] {taskinstance.py:1431} INFO - Exporting the following env vars:
AIRFLOW_CTX_DAG_OWNER=***
AIRFLOW_CTX_DAG_ID=dag_combustivel
AIRFLOW_CTX_TASK_ID=pyspark_task
AIRFLOW_CTX_EXECUTION_DATE=2017-07-01T00:00:00+00:00
AIRFLOW_CTX_DAG_RUN_ID=scheduled__2017-07-01T00:00:00+00:00
[2022-10-05 23:00:21,398] {dataproc.py:1878} INFO - Submitting job
[2022-10-05 23:00:22,756] {dataproc.py:1890} INFO - Job d2ec7ba3-3c91-4fb3-a847-16faa60fe176 submitted successfully.
[2022-10-05 23:00:22,892] {dataproc.py:1903} INFO - Waiting for job d2ec7ba3-3c91-4fb3-a847-16faa60fe176 to complete
[2022-10-05 23:05:18,619] {dataproc.py:1907} INFO - Job d2ec7ba3-3c91-4fb3-a847-16faa60fe176 completed successfully.
[2022-10-05 23:05:18,706] {taskinstance.py:1282} INFO - Marking task as SUCCESS. dag_id=dag_combustivel, task_id=pyspark_task, execution_date=20170701T000000, start_date=20221005T230020, end_date=20221005T230518
[2022-10-05 23:05:18,964] {local_task_job.py:154} INFO - Task exited with return code 0
[2022-10-05 23:05:19,107] {local_task_job.py:264} INFO - 1 downstream tasks scheduled from follow-on schedule check
