[2022-11-16 21:10:06,535] {taskinstance.py:1037} INFO - Dependencies all met for <TaskInstance: dag_combustivel.get_op manual__2022-11-16T21:07:34.027357+00:00 [queued]>
[2022-11-16 21:10:06,552] {taskinstance.py:1037} INFO - Dependencies all met for <TaskInstance: dag_combustivel.get_op manual__2022-11-16T21:07:34.027357+00:00 [queued]>
[2022-11-16 21:10:06,553] {taskinstance.py:1243} INFO - 
--------------------------------------------------------------------------------
[2022-11-16 21:10:06,553] {taskinstance.py:1244} INFO - Starting attempt 2 of 2
[2022-11-16 21:10:06,554] {taskinstance.py:1245} INFO - 
--------------------------------------------------------------------------------
[2022-11-16 21:10:06,579] {taskinstance.py:1264} INFO - Executing <Task(SimpleHttpOperator): get_op> on 2022-11-16 21:07:34.027357+00:00
[2022-11-16 21:10:06,587] {standard_task_runner.py:52} INFO - Started process 686 to run task
[2022-11-16 21:10:06,592] {standard_task_runner.py:76} INFO - Running: ['***', 'tasks', 'run', 'dag_combustivel', 'get_op', 'manual__2022-11-16T21:07:34.027357+00:00', '--job-id', '12', '--raw', '--subdir', 'DAGS_FOLDER/dag_combustivel.py', '--cfg-path', '/tmp/tmp8f8kn1zm', '--error-file', '/tmp/tmpz6cn19o4']
[2022-11-16 21:10:06,595] {standard_task_runner.py:77} INFO - Job 12: Subtask get_op
[2022-11-16 21:10:06,791] {logging_mixin.py:109} INFO - Running <TaskInstance: dag_combustivel.get_op manual__2022-11-16T21:07:34.027357+00:00 [running]> on host b2a62e76b908
[2022-11-16 21:10:06,955] {taskinstance.py:1431} INFO - Exporting the following env vars:
AIRFLOW_CTX_DAG_OWNER=***
AIRFLOW_CTX_DAG_ID=dag_combustivel
AIRFLOW_CTX_TASK_ID=get_op
AIRFLOW_CTX_EXECUTION_DATE=2022-11-16T21:07:34.027357+00:00
AIRFLOW_CTX_DAG_RUN_ID=manual__2022-11-16T21:07:34.027357+00:00
[2022-11-16 21:10:06,957] {http.py:104} INFO - Calling HTTP method
[2022-11-16 21:10:06,983] {base.py:79} INFO - Using connection to: id: stack-data-pipeline. Host: https://data-pipeline-bootcamp-k4otesd7oa-uc.a.run.app, Port: None, Schema: , Login: admin, Password: ***, extra: {}
[2022-11-16 21:10:06,987] {http.py:129} INFO - Sending 'POST' to url: https://data-pipeline-bootcamp-k4otesd7oa-uc.a.run.app/download_combustivel
[2022-11-16 21:10:10,973] {taskinstance.py:1282} INFO - Marking task as SUCCESS. dag_id=dag_combustivel, task_id=get_op, execution_date=20221116T210734, start_date=20221116T211006, end_date=20221116T211010
[2022-11-16 21:10:11,071] {local_task_job.py:154} INFO - Task exited with return code 0
[2022-11-16 21:10:11,138] {local_task_job.py:264} INFO - 1 downstream tasks scheduled from follow-on schedule check
