[2022-11-16 22:28:33,276] {taskinstance.py:1037} INFO - Dependencies all met for <TaskInstance: dag_combustivel.delete_cluster scheduled__2018-01-01T00:00:00+00:00 [queued]>
[2022-11-16 22:28:33,299] {taskinstance.py:1037} INFO - Dependencies all met for <TaskInstance: dag_combustivel.delete_cluster scheduled__2018-01-01T00:00:00+00:00 [queued]>
[2022-11-16 22:28:33,300] {taskinstance.py:1243} INFO - 
--------------------------------------------------------------------------------
[2022-11-16 22:28:33,300] {taskinstance.py:1244} INFO - Starting attempt 1 of 1
[2022-11-16 22:28:33,301] {taskinstance.py:1245} INFO - 
--------------------------------------------------------------------------------
[2022-11-16 22:28:33,326] {taskinstance.py:1264} INFO - Executing <Task(DataprocDeleteClusterOperator): delete_cluster> on 2018-01-01 00:00:00+00:00
[2022-11-16 22:28:33,334] {standard_task_runner.py:52} INFO - Started process 3769 to run task
[2022-11-16 22:28:33,341] {standard_task_runner.py:76} INFO - Running: ['***', 'tasks', 'run', 'dag_combustivel', 'delete_cluster', 'scheduled__2018-01-01T00:00:00+00:00', '--job-id', '63', '--raw', '--subdir', 'DAGS_FOLDER/dag_combustivel.py', '--cfg-path', '/tmp/tmpqh790bbk', '--error-file', '/tmp/tmpy41v4aki']
[2022-11-16 22:28:33,343] {standard_task_runner.py:77} INFO - Job 63: Subtask delete_cluster
[2022-11-16 22:28:33,484] {logging_mixin.py:109} INFO - Running <TaskInstance: dag_combustivel.delete_cluster scheduled__2018-01-01T00:00:00+00:00 [running]> on host b2a62e76b908
[2022-11-16 22:28:33,722] {taskinstance.py:1431} INFO - Exporting the following env vars:
AIRFLOW_CTX_DAG_OWNER=***
AIRFLOW_CTX_DAG_ID=dag_combustivel
AIRFLOW_CTX_TASK_ID=delete_cluster
AIRFLOW_CTX_EXECUTION_DATE=2018-01-01T00:00:00+00:00
AIRFLOW_CTX_DAG_RUN_ID=scheduled__2018-01-01T00:00:00+00:00
[2022-11-16 22:28:33,767] {dataproc.py:863} INFO - Deleting cluster: stack-gcp-datapipeline-clusters
[2022-11-16 22:29:19,856] {dataproc.py:875} INFO - Cluster deleted.
[2022-11-16 22:29:19,885] {taskinstance.py:1282} INFO - Marking task as SUCCESS. dag_id=dag_combustivel, task_id=delete_cluster, execution_date=20180101T000000, start_date=20221116T222833, end_date=20221116T222919
[2022-11-16 22:29:19,960] {local_task_job.py:154} INFO - Task exited with return code 0
[2022-11-16 22:29:20,030] {local_task_job.py:264} INFO - 1 downstream tasks scheduled from follow-on schedule check
