[2022-10-05 18:13:16,513] {taskinstance.py:1037} INFO - Dependencies all met for <TaskInstance: dag_combustivel.delete_cluster scheduled__2022-01-01T00:00:00+00:00 [queued]>
[2022-10-05 18:13:16,539] {taskinstance.py:1037} INFO - Dependencies all met for <TaskInstance: dag_combustivel.delete_cluster scheduled__2022-01-01T00:00:00+00:00 [queued]>
[2022-10-05 18:13:16,542] {taskinstance.py:1243} INFO - 
--------------------------------------------------------------------------------
[2022-10-05 18:13:16,544] {taskinstance.py:1244} INFO - Starting attempt 1 of 1
[2022-10-05 18:13:16,546] {taskinstance.py:1245} INFO - 
--------------------------------------------------------------------------------
[2022-10-05 18:13:16,568] {taskinstance.py:1264} INFO - Executing <Task(DataprocDeleteClusterOperator): delete_cluster> on 2022-01-01 00:00:00+00:00
[2022-10-05 18:13:16,583] {standard_task_runner.py:52} INFO - Started process 23726 to run task
[2022-10-05 18:13:16,597] {standard_task_runner.py:76} INFO - Running: ['***', 'tasks', 'run', 'dag_combustivel', 'delete_cluster', 'scheduled__2022-01-01T00:00:00+00:00', '--job-id', '121', '--raw', '--subdir', 'DAGS_FOLDER/dag_combustive.py', '--cfg-path', '/tmp/tmpvwv3cdti', '--error-file', '/tmp/tmpejpsn8g9']
[2022-10-05 18:13:16,601] {standard_task_runner.py:77} INFO - Job 121: Subtask delete_cluster
[2022-10-05 18:13:16,751] {logging_mixin.py:109} INFO - Running <TaskInstance: dag_combustivel.delete_cluster scheduled__2022-01-01T00:00:00+00:00 [running]> on host 1445d51ba90b
[2022-10-05 18:13:16,876] {taskinstance.py:1431} INFO - Exporting the following env vars:
AIRFLOW_CTX_DAG_OWNER=***
AIRFLOW_CTX_DAG_ID=dag_combustivel
AIRFLOW_CTX_TASK_ID=delete_cluster
AIRFLOW_CTX_EXECUTION_DATE=2022-01-01T00:00:00+00:00
AIRFLOW_CTX_DAG_RUN_ID=scheduled__2022-01-01T00:00:00+00:00
[2022-10-05 18:13:16,901] {dataproc.py:863} INFO - Deleting cluster: dataproc-cluster-stack-data-pipeline01
[2022-10-05 18:13:51,908] {dataproc.py:875} INFO - Cluster deleted.
[2022-10-05 18:13:51,950] {taskinstance.py:1282} INFO - Marking task as SUCCESS. dag_id=dag_combustivel, task_id=delete_cluster, execution_date=20220101T000000, start_date=20221005T181316, end_date=20221005T181351
[2022-10-05 18:13:52,001] {local_task_job.py:154} INFO - Task exited with return code 0
[2022-10-05 18:13:52,075] {local_task_job.py:264} INFO - 1 downstream tasks scheduled from follow-on schedule check
