[2022-10-06 00:55:35,805] {taskinstance.py:1037} INFO - Dependencies all met for <TaskInstance: dag_combustivel.delete_cluster scheduled__2022-01-01T00:00:00+00:00 [queued]>
[2022-10-06 00:55:35,817] {taskinstance.py:1037} INFO - Dependencies all met for <TaskInstance: dag_combustivel.delete_cluster scheduled__2022-01-01T00:00:00+00:00 [queued]>
[2022-10-06 00:55:35,818] {taskinstance.py:1243} INFO - 
--------------------------------------------------------------------------------
[2022-10-06 00:55:35,819] {taskinstance.py:1244} INFO - Starting attempt 2 of 2
[2022-10-06 00:55:35,819] {taskinstance.py:1245} INFO - 
--------------------------------------------------------------------------------
[2022-10-06 00:55:35,834] {taskinstance.py:1264} INFO - Executing <Task(DataprocDeleteClusterOperator): delete_cluster> on 2022-01-01 00:00:00+00:00
[2022-10-06 00:55:35,842] {standard_task_runner.py:52} INFO - Started process 10319 to run task
[2022-10-06 00:55:35,848] {standard_task_runner.py:76} INFO - Running: ['***', 'tasks', 'run', 'dag_combustivel', 'delete_cluster', 'scheduled__2022-01-01T00:00:00+00:00', '--job-id', '196', '--raw', '--subdir', 'DAGS_FOLDER/dag_combustive.py', '--cfg-path', '/tmp/tmp82bhdygt', '--error-file', '/tmp/tmprlrzrh4v']
[2022-10-06 00:55:35,850] {standard_task_runner.py:77} INFO - Job 196: Subtask delete_cluster
[2022-10-06 00:55:35,943] {logging_mixin.py:109} INFO - Running <TaskInstance: dag_combustivel.delete_cluster scheduled__2022-01-01T00:00:00+00:00 [running]> on host 1445d51ba90b
[2022-10-06 00:55:36,016] {taskinstance.py:1431} INFO - Exporting the following env vars:
AIRFLOW_CTX_DAG_OWNER=***
AIRFLOW_CTX_DAG_ID=dag_combustivel
AIRFLOW_CTX_TASK_ID=delete_cluster
AIRFLOW_CTX_EXECUTION_DATE=2022-01-01T00:00:00+00:00
AIRFLOW_CTX_DAG_RUN_ID=scheduled__2022-01-01T00:00:00+00:00
[2022-10-06 00:55:36,028] {dataproc.py:863} INFO - Deleting cluster: stack-data-pipeline
[2022-10-06 01:00:20,411] {dataproc.py:875} INFO - Cluster deleted.
[2022-10-06 01:00:20,444] {taskinstance.py:1282} INFO - Marking task as SUCCESS. dag_id=dag_combustivel, task_id=delete_cluster, execution_date=20220101T000000, start_date=20221006T005535, end_date=20221006T010020
[2022-10-06 01:00:20,527] {local_task_job.py:154} INFO - Task exited with return code 0
[2022-10-06 01:00:20,579] {local_task_job.py:264} INFO - 1 downstream tasks scheduled from follow-on schedule check
