[2022-11-16 23:06:21,854] {taskinstance.py:1037} INFO - Dependencies all met for <TaskInstance: dag_combustivel.create_cluster scheduled__2020-01-01T00:00:00+00:00 [queued]>
[2022-11-16 23:06:21,883] {taskinstance.py:1037} INFO - Dependencies all met for <TaskInstance: dag_combustivel.create_cluster scheduled__2020-01-01T00:00:00+00:00 [queued]>
[2022-11-16 23:06:21,884] {taskinstance.py:1243} INFO - 
--------------------------------------------------------------------------------
[2022-11-16 23:06:21,885] {taskinstance.py:1244} INFO - Starting attempt 1 of 1
[2022-11-16 23:06:21,885] {taskinstance.py:1245} INFO - 
--------------------------------------------------------------------------------
[2022-11-16 23:06:21,921] {taskinstance.py:1264} INFO - Executing <Task(DataprocCreateClusterOperator): create_cluster> on 2020-01-01 00:00:00+00:00
[2022-11-16 23:06:21,931] {standard_task_runner.py:52} INFO - Started process 5512 to run task
[2022-11-16 23:06:21,939] {standard_task_runner.py:76} INFO - Running: ['***', 'tasks', 'run', 'dag_combustivel', 'create_cluster', 'scheduled__2020-01-01T00:00:00+00:00', '--job-id', '85', '--raw', '--subdir', 'DAGS_FOLDER/dag_combustivel.py', '--cfg-path', '/tmp/tmpv8g9b4gz', '--error-file', '/tmp/tmpv9spva3_']
[2022-11-16 23:06:21,942] {standard_task_runner.py:77} INFO - Job 85: Subtask create_cluster
[2022-11-16 23:06:22,035] {logging_mixin.py:109} INFO - Running <TaskInstance: dag_combustivel.create_cluster scheduled__2020-01-01T00:00:00+00:00 [running]> on host b2a62e76b908
[2022-11-16 23:06:22,118] {taskinstance.py:1431} INFO - Exporting the following env vars:
AIRFLOW_CTX_DAG_OWNER=***
AIRFLOW_CTX_DAG_ID=dag_combustivel
AIRFLOW_CTX_TASK_ID=create_cluster
AIRFLOW_CTX_EXECUTION_DATE=2020-01-01T00:00:00+00:00
AIRFLOW_CTX_DAG_RUN_ID=scheduled__2020-01-01T00:00:00+00:00
[2022-11-16 23:06:22,119] {dataproc.py:625} INFO - Creating cluster: stack-gcp-datapipeline-clusters
[2022-11-16 23:09:07,429] {dataproc.py:569} INFO - Cluster created.
[2022-11-16 23:09:07,462] {taskinstance.py:1282} INFO - Marking task as SUCCESS. dag_id=dag_combustivel, task_id=create_cluster, execution_date=20200101T000000, start_date=20221116T230621, end_date=20221116T230907
[2022-11-16 23:09:07,507] {local_task_job.py:154} INFO - Task exited with return code 0
[2022-11-16 23:09:07,557] {local_task_job.py:264} INFO - 1 downstream tasks scheduled from follow-on schedule check
