[2022-11-16 23:33:50,261] {taskinstance.py:1037} INFO - Dependencies all met for <TaskInstance: dag_combustivel.create_cluster scheduled__2022-01-01T00:00:00+00:00 [queued]>
[2022-11-16 23:33:50,273] {taskinstance.py:1037} INFO - Dependencies all met for <TaskInstance: dag_combustivel.create_cluster scheduled__2022-01-01T00:00:00+00:00 [queued]>
[2022-11-16 23:33:50,274] {taskinstance.py:1243} INFO - 
--------------------------------------------------------------------------------
[2022-11-16 23:33:50,274] {taskinstance.py:1244} INFO - Starting attempt 1 of 1
[2022-11-16 23:33:50,275] {taskinstance.py:1245} INFO - 
--------------------------------------------------------------------------------
[2022-11-16 23:33:50,293] {taskinstance.py:1264} INFO - Executing <Task(DataprocCreateClusterOperator): create_cluster> on 2022-01-01 00:00:00+00:00
[2022-11-16 23:33:50,299] {standard_task_runner.py:52} INFO - Started process 6754 to run task
[2022-11-16 23:33:50,305] {standard_task_runner.py:76} INFO - Running: ['***', 'tasks', 'run', 'dag_combustivel', 'create_cluster', 'scheduled__2022-01-01T00:00:00+00:00', '--job-id', '98', '--raw', '--subdir', 'DAGS_FOLDER/dag_combustivel.py', '--cfg-path', '/tmp/tmpove3vsa6', '--error-file', '/tmp/tmpsz2_mo36']
[2022-11-16 23:33:50,307] {standard_task_runner.py:77} INFO - Job 98: Subtask create_cluster
[2022-11-16 23:33:50,585] {logging_mixin.py:109} INFO - Running <TaskInstance: dag_combustivel.create_cluster scheduled__2022-01-01T00:00:00+00:00 [running]> on host b2a62e76b908
[2022-11-16 23:33:50,797] {taskinstance.py:1431} INFO - Exporting the following env vars:
AIRFLOW_CTX_DAG_OWNER=***
AIRFLOW_CTX_DAG_ID=dag_combustivel
AIRFLOW_CTX_TASK_ID=create_cluster
AIRFLOW_CTX_EXECUTION_DATE=2022-01-01T00:00:00+00:00
AIRFLOW_CTX_DAG_RUN_ID=scheduled__2022-01-01T00:00:00+00:00
[2022-11-16 23:33:50,800] {dataproc.py:625} INFO - Creating cluster: stack-gcp-datapipeline-clusters
[2022-11-16 23:36:25,668] {dataproc.py:569} INFO - Cluster created.
[2022-11-16 23:36:25,708] {taskinstance.py:1282} INFO - Marking task as SUCCESS. dag_id=dag_combustivel, task_id=create_cluster, execution_date=20220101T000000, start_date=20221116T233350, end_date=20221116T233625
[2022-11-16 23:36:25,793] {local_task_job.py:154} INFO - Task exited with return code 0
[2022-11-16 23:36:25,886] {local_task_job.py:264} INFO - 0 downstream tasks scheduled from follow-on schedule check
