[2022-10-05 17:36:24,825] {taskinstance.py:1037} INFO - Dependencies all met for <TaskInstance: dag_combustivel.pyspark_task scheduled__2019-01-01T00:00:00+00:00 [queued]>
[2022-10-05 17:36:24,865] {taskinstance.py:1037} INFO - Dependencies all met for <TaskInstance: dag_combustivel.pyspark_task scheduled__2019-01-01T00:00:00+00:00 [queued]>
[2022-10-05 17:36:24,867] {taskinstance.py:1243} INFO - 
--------------------------------------------------------------------------------
[2022-10-05 17:36:24,871] {taskinstance.py:1244} INFO - Starting attempt 1 of 1
[2022-10-05 17:36:24,873] {taskinstance.py:1245} INFO - 
--------------------------------------------------------------------------------
[2022-10-05 17:36:24,908] {taskinstance.py:1264} INFO - Executing <Task(DataprocSubmitJobOperator): pyspark_task> on 2019-01-01 00:00:00+00:00
[2022-10-05 17:36:24,918] {standard_task_runner.py:52} INFO - Started process 22082 to run task
[2022-10-05 17:36:24,927] {standard_task_runner.py:76} INFO - Running: ['***', 'tasks', 'run', 'dag_combustivel', 'pyspark_task', 'scheduled__2019-01-01T00:00:00+00:00', '--job-id', '96', '--raw', '--subdir', 'DAGS_FOLDER/dag_combustive.py', '--cfg-path', '/tmp/tmpwe_m87ey', '--error-file', '/tmp/tmpfia4mhbb']
[2022-10-05 17:36:24,930] {standard_task_runner.py:77} INFO - Job 96: Subtask pyspark_task
[2022-10-05 17:36:25,105] {logging_mixin.py:109} INFO - Running <TaskInstance: dag_combustivel.pyspark_task scheduled__2019-01-01T00:00:00+00:00 [running]> on host 1445d51ba90b
[2022-10-05 17:36:25,323] {taskinstance.py:1431} INFO - Exporting the following env vars:
AIRFLOW_CTX_DAG_OWNER=***
AIRFLOW_CTX_DAG_ID=dag_combustivel
AIRFLOW_CTX_TASK_ID=pyspark_task
AIRFLOW_CTX_EXECUTION_DATE=2019-01-01T00:00:00+00:00
AIRFLOW_CTX_DAG_RUN_ID=scheduled__2019-01-01T00:00:00+00:00
[2022-10-05 17:36:25,326] {dataproc.py:1878} INFO - Submitting job
[2022-10-05 17:36:26,415] {dataproc.py:1890} INFO - Job ed4a6a97-488e-4b9e-a7d3-2d08380fd1e0 submitted successfully.
[2022-10-05 17:36:26,444] {dataproc.py:1903} INFO - Waiting for job ed4a6a97-488e-4b9e-a7d3-2d08380fd1e0 to complete
[2022-10-05 17:37:10,507] {dataproc.py:1907} INFO - Job ed4a6a97-488e-4b9e-a7d3-2d08380fd1e0 completed successfully.
[2022-10-05 17:37:10,536] {taskinstance.py:1282} INFO - Marking task as SUCCESS. dag_id=dag_combustivel, task_id=pyspark_task, execution_date=20190101T000000, start_date=20221005T173624, end_date=20221005T173710
[2022-10-05 17:37:10,573] {local_task_job.py:154} INFO - Task exited with return code 0
[2022-10-05 17:37:10,632] {local_task_job.py:264} INFO - 1 downstream tasks scheduled from follow-on schedule check
