[2022-10-06 00:17:18,030] {taskinstance.py:1037} INFO - Dependencies all met for <TaskInstance: dag_combustivel.pyspark_task scheduled__2019-01-01T00:00:00+00:00 [queued]>
[2022-10-06 00:17:18,044] {taskinstance.py:1037} INFO - Dependencies all met for <TaskInstance: dag_combustivel.pyspark_task scheduled__2019-01-01T00:00:00+00:00 [queued]>
[2022-10-06 00:17:18,046] {taskinstance.py:1243} INFO - 
--------------------------------------------------------------------------------
[2022-10-06 00:17:18,046] {taskinstance.py:1244} INFO - Starting attempt 2 of 2
[2022-10-06 00:17:18,047] {taskinstance.py:1245} INFO - 
--------------------------------------------------------------------------------
[2022-10-06 00:17:18,060] {taskinstance.py:1264} INFO - Executing <Task(DataprocSubmitJobOperator): pyspark_task> on 2019-01-01 00:00:00+00:00
[2022-10-06 00:17:18,065] {standard_task_runner.py:52} INFO - Started process 8498 to run task
[2022-10-06 00:17:18,069] {standard_task_runner.py:76} INFO - Running: ['***', 'tasks', 'run', 'dag_combustivel', 'pyspark_task', 'scheduled__2019-01-01T00:00:00+00:00', '--job-id', '171', '--raw', '--subdir', 'DAGS_FOLDER/dag_combustive.py', '--cfg-path', '/tmp/tmpi0d6041d', '--error-file', '/tmp/tmpy2l_tjdi']
[2022-10-06 00:17:18,071] {standard_task_runner.py:77} INFO - Job 171: Subtask pyspark_task
[2022-10-06 00:17:18,143] {logging_mixin.py:109} INFO - Running <TaskInstance: dag_combustivel.pyspark_task scheduled__2019-01-01T00:00:00+00:00 [running]> on host 1445d51ba90b
[2022-10-06 00:17:18,225] {taskinstance.py:1431} INFO - Exporting the following env vars:
AIRFLOW_CTX_DAG_OWNER=***
AIRFLOW_CTX_DAG_ID=dag_combustivel
AIRFLOW_CTX_TASK_ID=pyspark_task
AIRFLOW_CTX_EXECUTION_DATE=2019-01-01T00:00:00+00:00
AIRFLOW_CTX_DAG_RUN_ID=scheduled__2019-01-01T00:00:00+00:00
[2022-10-06 00:17:18,227] {dataproc.py:1878} INFO - Submitting job
[2022-10-06 00:17:19,434] {dataproc.py:1890} INFO - Job cb33fb55-8cbe-48c4-a3f8-61fa77ea669c submitted successfully.
[2022-10-06 00:17:19,456] {dataproc.py:1903} INFO - Waiting for job cb33fb55-8cbe-48c4-a3f8-61fa77ea669c to complete
[2022-10-06 00:18:47,497] {dataproc.py:1907} INFO - Job cb33fb55-8cbe-48c4-a3f8-61fa77ea669c completed successfully.
[2022-10-06 00:18:47,519] {taskinstance.py:1282} INFO - Marking task as SUCCESS. dag_id=dag_combustivel, task_id=pyspark_task, execution_date=20190101T000000, start_date=20221006T001718, end_date=20221006T001847
[2022-10-06 00:18:47,552] {local_task_job.py:154} INFO - Task exited with return code 0
[2022-10-06 00:18:47,593] {local_task_job.py:264} INFO - 1 downstream tasks scheduled from follow-on schedule check
