[2022-11-16 23:36:26,821] {taskinstance.py:1037} INFO - Dependencies all met for <TaskInstance: dag_combustivel.pyspark_task scheduled__2022-01-01T00:00:00+00:00 [queued]>
[2022-11-16 23:36:26,839] {taskinstance.py:1037} INFO - Dependencies all met for <TaskInstance: dag_combustivel.pyspark_task scheduled__2022-01-01T00:00:00+00:00 [queued]>
[2022-11-16 23:36:26,839] {taskinstance.py:1243} INFO - 
--------------------------------------------------------------------------------
[2022-11-16 23:36:26,840] {taskinstance.py:1244} INFO - Starting attempt 1 of 1
[2022-11-16 23:36:26,840] {taskinstance.py:1245} INFO - 
--------------------------------------------------------------------------------
[2022-11-16 23:36:26,859] {taskinstance.py:1264} INFO - Executing <Task(DataprocSubmitJobOperator): pyspark_task> on 2022-01-01 00:00:00+00:00
[2022-11-16 23:36:26,865] {standard_task_runner.py:52} INFO - Started process 6880 to run task
[2022-11-16 23:36:26,871] {standard_task_runner.py:76} INFO - Running: ['***', 'tasks', 'run', 'dag_combustivel', 'pyspark_task', 'scheduled__2022-01-01T00:00:00+00:00', '--job-id', '99', '--raw', '--subdir', 'DAGS_FOLDER/dag_combustivel.py', '--cfg-path', '/tmp/tmp8jgc0fnp', '--error-file', '/tmp/tmpktqdkzu3']
[2022-11-16 23:36:26,872] {standard_task_runner.py:77} INFO - Job 99: Subtask pyspark_task
[2022-11-16 23:36:26,955] {logging_mixin.py:109} INFO - Running <TaskInstance: dag_combustivel.pyspark_task scheduled__2022-01-01T00:00:00+00:00 [running]> on host b2a62e76b908
[2022-11-16 23:36:27,057] {taskinstance.py:1431} INFO - Exporting the following env vars:
AIRFLOW_CTX_DAG_OWNER=***
AIRFLOW_CTX_DAG_ID=dag_combustivel
AIRFLOW_CTX_TASK_ID=pyspark_task
AIRFLOW_CTX_EXECUTION_DATE=2022-01-01T00:00:00+00:00
AIRFLOW_CTX_DAG_RUN_ID=scheduled__2022-01-01T00:00:00+00:00
[2022-11-16 23:36:27,059] {dataproc.py:1878} INFO - Submitting job
[2022-11-16 23:36:28,470] {dataproc.py:1890} INFO - Job 61cda37a-7f97-4136-8680-023a9b7bf944 submitted successfully.
[2022-11-16 23:36:28,503] {dataproc.py:1903} INFO - Waiting for job 61cda37a-7f97-4136-8680-023a9b7bf944 to complete
[2022-11-16 23:37:13,854] {dataproc.py:1907} INFO - Job 61cda37a-7f97-4136-8680-023a9b7bf944 completed successfully.
[2022-11-16 23:37:13,893] {taskinstance.py:1282} INFO - Marking task as SUCCESS. dag_id=dag_combustivel, task_id=pyspark_task, execution_date=20220101T000000, start_date=20221116T233626, end_date=20221116T233713
[2022-11-16 23:37:14,023] {local_task_job.py:154} INFO - Task exited with return code 0
[2022-11-16 23:37:14,095] {local_task_job.py:264} INFO - 1 downstream tasks scheduled from follow-on schedule check
