[2022-10-05 17:19:52,127] {taskinstance.py:1037} INFO - Dependencies all met for <TaskInstance: dag_combustivel.delete_cluster manual__2022-10-05T13:53:14.649144+00:00 [queued]>
[2022-10-05 17:19:52,139] {taskinstance.py:1037} INFO - Dependencies all met for <TaskInstance: dag_combustivel.delete_cluster manual__2022-10-05T13:53:14.649144+00:00 [queued]>
[2022-10-05 17:19:52,140] {taskinstance.py:1243} INFO - 
--------------------------------------------------------------------------------
[2022-10-05 17:19:52,141] {taskinstance.py:1244} INFO - Starting attempt 1 of 1
[2022-10-05 17:19:52,141] {taskinstance.py:1245} INFO - 
--------------------------------------------------------------------------------
[2022-10-05 17:19:52,152] {taskinstance.py:1264} INFO - Executing <Task(DataprocDeleteClusterOperator): delete_cluster> on 2022-10-05 13:53:14.649144+00:00
[2022-10-05 17:19:52,157] {standard_task_runner.py:52} INFO - Started process 21319 to run task
[2022-10-05 17:19:52,161] {standard_task_runner.py:76} INFO - Running: ['***', 'tasks', 'run', 'dag_combustivel', 'delete_cluster', 'manual__2022-10-05T13:53:14.649144+00:00', '--job-id', '85', '--raw', '--subdir', 'DAGS_FOLDER/dag_combustive.py', '--cfg-path', '/tmp/tmp_fhnoibh', '--error-file', '/tmp/tmpfqlq6dmm']
[2022-10-05 17:19:52,163] {standard_task_runner.py:77} INFO - Job 85: Subtask delete_cluster
[2022-10-05 17:19:52,239] {logging_mixin.py:109} INFO - Running <TaskInstance: dag_combustivel.delete_cluster manual__2022-10-05T13:53:14.649144+00:00 [running]> on host 1445d51ba90b
[2022-10-05 17:19:52,304] {taskinstance.py:1431} INFO - Exporting the following env vars:
AIRFLOW_CTX_DAG_OWNER=***
AIRFLOW_CTX_DAG_ID=dag_combustivel
AIRFLOW_CTX_TASK_ID=delete_cluster
AIRFLOW_CTX_EXECUTION_DATE=2022-10-05T13:53:14.649144+00:00
AIRFLOW_CTX_DAG_RUN_ID=manual__2022-10-05T13:53:14.649144+00:00
[2022-10-05 17:19:52,318] {dataproc.py:863} INFO - Deleting cluster: dataproc-cluster-stack-data-pipeline01
[2022-10-05 17:21:10,692] {dataproc.py:875} INFO - Cluster deleted.
[2022-10-05 17:21:10,705] {taskinstance.py:1282} INFO - Marking task as SUCCESS. dag_id=dag_combustivel, task_id=delete_cluster, execution_date=20221005T135314, start_date=20221005T171952, end_date=20221005T172110
[2022-10-05 17:21:10,736] {local_task_job.py:154} INFO - Task exited with return code 0
[2022-10-05 17:21:10,771] {local_task_job.py:264} INFO - 1 downstream tasks scheduled from follow-on schedule check
