[2022-10-06 01:15:22,855] {taskinstance.py:1037} INFO - Dependencies all met for <TaskInstance: dag_combustivel.delete_cluster manual__2022-10-05T13:53:14.649144+00:00 [queued]>
[2022-10-06 01:15:22,908] {taskinstance.py:1037} INFO - Dependencies all met for <TaskInstance: dag_combustivel.delete_cluster manual__2022-10-05T13:53:14.649144+00:00 [queued]>
[2022-10-06 01:15:22,909] {taskinstance.py:1243} INFO - 
--------------------------------------------------------------------------------
[2022-10-06 01:15:22,914] {taskinstance.py:1244} INFO - Starting attempt 2 of 2
[2022-10-06 01:15:22,916] {taskinstance.py:1245} INFO - 
--------------------------------------------------------------------------------
[2022-10-06 01:15:22,956] {taskinstance.py:1264} INFO - Executing <Task(DataprocDeleteClusterOperator): delete_cluster> on 2022-10-05 13:53:14.649144+00:00
[2022-10-06 01:15:22,972] {standard_task_runner.py:52} INFO - Started process 10462 to run task
[2022-10-06 01:15:22,993] {standard_task_runner.py:76} INFO - Running: ['***', 'tasks', 'run', 'dag_combustivel', 'delete_cluster', 'manual__2022-10-05T13:53:14.649144+00:00', '--job-id', '200', '--raw', '--subdir', 'DAGS_FOLDER/dag_combustive.py', '--cfg-path', '/tmp/tmpemp_h5ng', '--error-file', '/tmp/tmpuoxhwqgn']
[2022-10-06 01:15:23,001] {standard_task_runner.py:77} INFO - Job 200: Subtask delete_cluster
[2022-10-06 01:15:23,192] {logging_mixin.py:109} INFO - Running <TaskInstance: dag_combustivel.delete_cluster manual__2022-10-05T13:53:14.649144+00:00 [running]> on host 1445d51ba90b
[2022-10-06 01:15:23,329] {taskinstance.py:1431} INFO - Exporting the following env vars:
AIRFLOW_CTX_DAG_OWNER=***
AIRFLOW_CTX_DAG_ID=dag_combustivel
AIRFLOW_CTX_TASK_ID=delete_cluster
AIRFLOW_CTX_EXECUTION_DATE=2022-10-05T13:53:14.649144+00:00
AIRFLOW_CTX_DAG_RUN_ID=manual__2022-10-05T13:53:14.649144+00:00
[2022-10-06 01:15:23,356] {dataproc.py:863} INFO - Deleting cluster: stack-data-pipeline
[2022-10-06 01:16:56,365] {dataproc.py:875} INFO - Cluster deleted.
[2022-10-06 01:16:57,239] {taskinstance.py:1282} INFO - Marking task as SUCCESS. dag_id=dag_combustivel, task_id=delete_cluster, execution_date=20221005T135314, start_date=20221006T011522, end_date=20221006T011657
[2022-10-06 01:16:58,251] {local_task_job.py:154} INFO - Task exited with return code 0
[2022-10-06 01:16:58,763] {local_task_job.py:264} INFO - 1 downstream tasks scheduled from follow-on schedule check
