[2022-11-16 23:37:15,948] {taskinstance.py:1037} INFO - Dependencies all met for <TaskInstance: dag_combustivel.delete_cluster scheduled__2022-01-01T00:00:00+00:00 [queued]>
[2022-11-16 23:37:15,968] {taskinstance.py:1037} INFO - Dependencies all met for <TaskInstance: dag_combustivel.delete_cluster scheduled__2022-01-01T00:00:00+00:00 [queued]>
[2022-11-16 23:37:15,968] {taskinstance.py:1243} INFO - 
--------------------------------------------------------------------------------
[2022-11-16 23:37:15,969] {taskinstance.py:1244} INFO - Starting attempt 1 of 1
[2022-11-16 23:37:15,969] {taskinstance.py:1245} INFO - 
--------------------------------------------------------------------------------
[2022-11-16 23:37:15,992] {taskinstance.py:1264} INFO - Executing <Task(DataprocDeleteClusterOperator): delete_cluster> on 2022-01-01 00:00:00+00:00
[2022-11-16 23:37:16,000] {standard_task_runner.py:52} INFO - Started process 6929 to run task
[2022-11-16 23:37:16,008] {standard_task_runner.py:76} INFO - Running: ['***', 'tasks', 'run', 'dag_combustivel', 'delete_cluster', 'scheduled__2022-01-01T00:00:00+00:00', '--job-id', '100', '--raw', '--subdir', 'DAGS_FOLDER/dag_combustivel.py', '--cfg-path', '/tmp/tmpq78wn3xg', '--error-file', '/tmp/tmp4h12kzl_']
[2022-11-16 23:37:16,010] {standard_task_runner.py:77} INFO - Job 100: Subtask delete_cluster
[2022-11-16 23:37:16,154] {logging_mixin.py:109} INFO - Running <TaskInstance: dag_combustivel.delete_cluster scheduled__2022-01-01T00:00:00+00:00 [running]> on host b2a62e76b908
[2022-11-16 23:37:16,264] {taskinstance.py:1431} INFO - Exporting the following env vars:
AIRFLOW_CTX_DAG_OWNER=***
AIRFLOW_CTX_DAG_ID=dag_combustivel
AIRFLOW_CTX_TASK_ID=delete_cluster
AIRFLOW_CTX_EXECUTION_DATE=2022-01-01T00:00:00+00:00
AIRFLOW_CTX_DAG_RUN_ID=scheduled__2022-01-01T00:00:00+00:00
[2022-11-16 23:37:16,290] {dataproc.py:863} INFO - Deleting cluster: stack-gcp-datapipeline-clusters
[2022-11-16 23:37:56,554] {dataproc.py:875} INFO - Cluster deleted.
[2022-11-16 23:37:56,577] {taskinstance.py:1282} INFO - Marking task as SUCCESS. dag_id=dag_combustivel, task_id=delete_cluster, execution_date=20220101T000000, start_date=20221116T233715, end_date=20221116T233756
[2022-11-16 23:37:56,682] {local_task_job.py:154} INFO - Task exited with return code 0
[2022-11-16 23:37:56,749] {local_task_job.py:264} INFO - 1 downstream tasks scheduled from follow-on schedule check
