[2022-10-06 01:10:23,796] {taskinstance.py:1037} INFO - Dependencies all met for <TaskInstance: dag_combustivel.pyspark_task manual__2022-10-05T13:53:14.649144+00:00 [queued]>
[2022-10-06 01:10:23,843] {taskinstance.py:1037} INFO - Dependencies all met for <TaskInstance: dag_combustivel.pyspark_task manual__2022-10-05T13:53:14.649144+00:00 [queued]>
[2022-10-06 01:10:23,844] {taskinstance.py:1243} INFO - 
--------------------------------------------------------------------------------
[2022-10-06 01:10:23,845] {taskinstance.py:1244} INFO - Starting attempt 2 of 2
[2022-10-06 01:10:23,846] {taskinstance.py:1245} INFO - 
--------------------------------------------------------------------------------
[2022-10-06 01:10:23,898] {taskinstance.py:1264} INFO - Executing <Task(DataprocSubmitJobOperator): pyspark_task> on 2022-10-05 13:53:14.649144+00:00
[2022-10-06 01:10:23,915] {standard_task_runner.py:52} INFO - Started process 10417 to run task
[2022-10-06 01:10:23,935] {standard_task_runner.py:76} INFO - Running: ['***', 'tasks', 'run', 'dag_combustivel', 'pyspark_task', 'manual__2022-10-05T13:53:14.649144+00:00', '--job-id', '199', '--raw', '--subdir', 'DAGS_FOLDER/dag_combustive.py', '--cfg-path', '/tmp/tmpvo8vsahw', '--error-file', '/tmp/tmpw6f47zrc']
[2022-10-06 01:10:23,937] {standard_task_runner.py:77} INFO - Job 199: Subtask pyspark_task
[2022-10-06 01:10:24,097] {logging_mixin.py:109} INFO - Running <TaskInstance: dag_combustivel.pyspark_task manual__2022-10-05T13:53:14.649144+00:00 [running]> on host 1445d51ba90b
[2022-10-06 01:10:24,308] {taskinstance.py:1431} INFO - Exporting the following env vars:
AIRFLOW_CTX_DAG_OWNER=***
AIRFLOW_CTX_DAG_ID=dag_combustivel
AIRFLOW_CTX_TASK_ID=pyspark_task
AIRFLOW_CTX_EXECUTION_DATE=2022-10-05T13:53:14.649144+00:00
AIRFLOW_CTX_DAG_RUN_ID=manual__2022-10-05T13:53:14.649144+00:00
[2022-10-06 01:10:24,310] {dataproc.py:1878} INFO - Submitting job
[2022-10-06 01:10:25,443] {dataproc.py:1890} INFO - Job 80054e54-9927-41a6-8411-5f32b62ba7a2 submitted successfully.
[2022-10-06 01:10:25,504] {dataproc.py:1903} INFO - Waiting for job 80054e54-9927-41a6-8411-5f32b62ba7a2 to complete
[2022-10-06 01:11:04,867] {dataproc.py:1907} INFO - Job 80054e54-9927-41a6-8411-5f32b62ba7a2 completed successfully.
[2022-10-06 01:11:30,075] {taskinstance.py:1282} INFO - Marking task as SUCCESS. dag_id=dag_combustivel, task_id=pyspark_task, execution_date=20221005T135314, start_date=20221006T011023, end_date=20221006T011130
[2022-10-06 01:15:17,811] {local_task_job.py:212} WARNING - State of this instance has been externally set to success. Terminating instance.
[2022-10-06 01:15:17,885] {process_utils.py:124} INFO - Sending Signals.SIGTERM to group 10417. PIDs of all processes in the group: [10417]
[2022-10-06 01:15:17,893] {process_utils.py:75} INFO - Sending the signal Signals.SIGTERM to group 10417
[2022-10-06 01:15:17,904] {process_utils.py:70} INFO - Process psutil.Process(pid=10417, status='terminated', exitcode=0, started='01:10:23') (10417) terminated with exit code 0
