[2022-11-02 00:45:33,401] {taskinstance.py:1037} INFO - Dependencies all met for <TaskInstance: dag_combustivel.pyspark_task scheduled__2004-01-01T00:00:00+00:00 [queued]>
[2022-11-02 00:45:33,423] {taskinstance.py:1037} INFO - Dependencies all met for <TaskInstance: dag_combustivel.pyspark_task scheduled__2004-01-01T00:00:00+00:00 [queued]>
[2022-11-02 00:45:33,426] {taskinstance.py:1243} INFO - 
--------------------------------------------------------------------------------
[2022-11-02 00:45:33,427] {taskinstance.py:1244} INFO - Starting attempt 1 of 1
[2022-11-02 00:45:33,429] {taskinstance.py:1245} INFO - 
--------------------------------------------------------------------------------
[2022-11-02 00:45:33,446] {taskinstance.py:1264} INFO - Executing <Task(DataprocSubmitJobOperator): pyspark_task> on 2004-01-01 00:00:00+00:00
[2022-11-02 00:45:33,452] {standard_task_runner.py:52} INFO - Started process 2714 to run task
[2022-11-02 00:45:33,460] {standard_task_runner.py:76} INFO - Running: ['***', 'tasks', 'run', 'dag_combustivel', 'pyspark_task', 'scheduled__2004-01-01T00:00:00+00:00', '--job-id', '231', '--raw', '--subdir', 'DAGS_FOLDER/dag_combustivel.py', '--cfg-path', '/tmp/tmp3wetsa29', '--error-file', '/tmp/tmp5nwzyobn']
[2022-11-02 00:45:33,462] {standard_task_runner.py:77} INFO - Job 231: Subtask pyspark_task
[2022-11-02 00:45:33,568] {logging_mixin.py:109} INFO - Running <TaskInstance: dag_combustivel.pyspark_task scheduled__2004-01-01T00:00:00+00:00 [running]> on host 44262508447e
[2022-11-02 00:45:33,889] {taskinstance.py:1431} INFO - Exporting the following env vars:
AIRFLOW_CTX_DAG_OWNER=***
AIRFLOW_CTX_DAG_ID=dag_combustivel
AIRFLOW_CTX_TASK_ID=pyspark_task
AIRFLOW_CTX_EXECUTION_DATE=2004-01-01T00:00:00+00:00
AIRFLOW_CTX_DAG_RUN_ID=scheduled__2004-01-01T00:00:00+00:00
[2022-11-02 00:45:33,895] {dataproc.py:1878} INFO - Submitting job
[2022-11-02 00:45:35,066] {dataproc.py:1890} INFO - Job 44443467-31da-4e18-8bee-4b9ffb1c4de1 submitted successfully.
[2022-11-02 00:45:35,084] {dataproc.py:1903} INFO - Waiting for job 44443467-31da-4e18-8bee-4b9ffb1c4de1 to complete
[2022-11-02 00:46:52,132] {dataproc.py:1907} INFO - Job 44443467-31da-4e18-8bee-4b9ffb1c4de1 completed successfully.
[2022-11-02 00:46:52,178] {taskinstance.py:1282} INFO - Marking task as SUCCESS. dag_id=dag_combustivel, task_id=pyspark_task, execution_date=20040101T000000, start_date=20221102T004533, end_date=20221102T004652
[2022-11-02 00:46:52,240] {local_task_job.py:154} INFO - Task exited with return code 0
[2022-11-02 00:46:52,296] {local_task_job.py:264} INFO - 1 downstream tasks scheduled from follow-on schedule check
