[2022-10-05 22:20:07,736] {taskinstance.py:1037} INFO - Dependencies all met for <TaskInstance: dag_combustivel.delete_cluster scheduled__2017-01-01T00:00:00+00:00 [queued]>
[2022-10-05 22:20:07,753] {taskinstance.py:1037} INFO - Dependencies all met for <TaskInstance: dag_combustivel.delete_cluster scheduled__2017-01-01T00:00:00+00:00 [queued]>
[2022-10-05 22:20:07,755] {taskinstance.py:1243} INFO - 
--------------------------------------------------------------------------------
[2022-10-05 22:20:07,756] {taskinstance.py:1244} INFO - Starting attempt 2 of 2
[2022-10-05 22:20:07,757] {taskinstance.py:1245} INFO - 
--------------------------------------------------------------------------------
[2022-10-05 22:20:07,774] {taskinstance.py:1264} INFO - Executing <Task(DataprocDeleteClusterOperator): delete_cluster> on 2017-01-01 00:00:00+00:00
[2022-10-05 22:20:07,780] {standard_task_runner.py:52} INFO - Started process 4613 to run task
[2022-10-05 22:20:07,785] {standard_task_runner.py:76} INFO - Running: ['***', 'tasks', 'run', 'dag_combustivel', 'delete_cluster', 'scheduled__2017-01-01T00:00:00+00:00', '--job-id', '139', '--raw', '--subdir', 'DAGS_FOLDER/dag_combustive.py', '--cfg-path', '/tmp/tmps3sp_ifx', '--error-file', '/tmp/tmp_v67_ndu']
[2022-10-05 22:20:07,786] {standard_task_runner.py:77} INFO - Job 139: Subtask delete_cluster
[2022-10-05 22:20:07,867] {logging_mixin.py:109} INFO - Running <TaskInstance: dag_combustivel.delete_cluster scheduled__2017-01-01T00:00:00+00:00 [running]> on host 1445d51ba90b
[2022-10-05 22:20:07,937] {taskinstance.py:1431} INFO - Exporting the following env vars:
AIRFLOW_CTX_DAG_OWNER=***
AIRFLOW_CTX_DAG_ID=dag_combustivel
AIRFLOW_CTX_TASK_ID=delete_cluster
AIRFLOW_CTX_EXECUTION_DATE=2017-01-01T00:00:00+00:00
AIRFLOW_CTX_DAG_RUN_ID=scheduled__2017-01-01T00:00:00+00:00
[2022-10-05 22:20:07,950] {dataproc.py:863} INFO - Deleting cluster: dataproc-cluster-stack-data-pipeline01
[2022-10-05 22:21:05,832] {dataproc.py:875} INFO - Cluster deleted.
[2022-10-05 22:21:05,852] {taskinstance.py:1282} INFO - Marking task as SUCCESS. dag_id=dag_combustivel, task_id=delete_cluster, execution_date=20170101T000000, start_date=20221005T222007, end_date=20221005T222105
[2022-10-05 22:21:05,926] {local_task_job.py:154} INFO - Task exited with return code 0
[2022-10-05 22:21:05,998] {local_task_job.py:264} INFO - 0 downstream tasks scheduled from follow-on schedule check
