[2022-10-05 22:48:56,014] {taskinstance.py:1037} INFO - Dependencies all met for <TaskInstance: dag_combustivel.delete_cluster scheduled__2017-01-01T00:00:00+00:00 [queued]>
[2022-10-05 22:48:56,026] {taskinstance.py:1037} INFO - Dependencies all met for <TaskInstance: dag_combustivel.delete_cluster scheduled__2017-01-01T00:00:00+00:00 [queued]>
[2022-10-05 22:48:56,027] {taskinstance.py:1243} INFO - 
--------------------------------------------------------------------------------
[2022-10-05 22:48:56,028] {taskinstance.py:1244} INFO - Starting attempt 3 of 3
[2022-10-05 22:48:56,029] {taskinstance.py:1245} INFO - 
--------------------------------------------------------------------------------
[2022-10-05 22:48:56,046] {taskinstance.py:1264} INFO - Executing <Task(DataprocDeleteClusterOperator): delete_cluster> on 2017-01-01 00:00:00+00:00
[2022-10-05 22:48:56,053] {standard_task_runner.py:52} INFO - Started process 5909 to run task
[2022-10-05 22:48:56,063] {standard_task_runner.py:76} INFO - Running: ['***', 'tasks', 'run', 'dag_combustivel', 'delete_cluster', 'scheduled__2017-01-01T00:00:00+00:00', '--job-id', '148', '--raw', '--subdir', 'DAGS_FOLDER/dag_combustive.py', '--cfg-path', '/tmp/tmpqlegys8z', '--error-file', '/tmp/tmpotpvz5n_']
[2022-10-05 22:48:56,066] {standard_task_runner.py:77} INFO - Job 148: Subtask delete_cluster
[2022-10-05 22:48:56,154] {logging_mixin.py:109} INFO - Running <TaskInstance: dag_combustivel.delete_cluster scheduled__2017-01-01T00:00:00+00:00 [running]> on host 1445d51ba90b
[2022-10-05 22:48:56,229] {taskinstance.py:1431} INFO - Exporting the following env vars:
AIRFLOW_CTX_DAG_OWNER=***
AIRFLOW_CTX_DAG_ID=dag_combustivel
AIRFLOW_CTX_TASK_ID=delete_cluster
AIRFLOW_CTX_EXECUTION_DATE=2017-01-01T00:00:00+00:00
AIRFLOW_CTX_DAG_RUN_ID=scheduled__2017-01-01T00:00:00+00:00
[2022-10-05 22:48:56,245] {dataproc.py:863} INFO - Deleting cluster: stack-data-pipeline
[2022-10-05 22:49:35,859] {dataproc.py:875} INFO - Cluster deleted.
[2022-10-05 22:49:35,894] {taskinstance.py:1282} INFO - Marking task as SUCCESS. dag_id=dag_combustivel, task_id=delete_cluster, execution_date=20170101T000000, start_date=20221005T224856, end_date=20221005T224935
[2022-10-05 22:49:35,966] {local_task_job.py:154} INFO - Task exited with return code 0
[2022-10-05 22:49:36,053] {local_task_job.py:264} INFO - 1 downstream tasks scheduled from follow-on schedule check
