[2022-10-05 17:01:47,613] {taskinstance.py:1037} INFO - Dependencies all met for <TaskInstance: dag_combustivel.create_cluster scheduled__2016-07-01T00:00:00+00:00 [queued]>
[2022-10-05 17:01:47,635] {taskinstance.py:1037} INFO - Dependencies all met for <TaskInstance: dag_combustivel.create_cluster scheduled__2016-07-01T00:00:00+00:00 [queued]>
[2022-10-05 17:01:47,637] {taskinstance.py:1243} INFO - 
--------------------------------------------------------------------------------
[2022-10-05 17:01:47,638] {taskinstance.py:1244} INFO - Starting attempt 3 of 3
[2022-10-05 17:01:47,639] {taskinstance.py:1245} INFO - 
--------------------------------------------------------------------------------
[2022-10-05 17:01:47,662] {taskinstance.py:1264} INFO - Executing <Task(DataprocCreateClusterOperator): create_cluster> on 2016-07-01 00:00:00+00:00
[2022-10-05 17:01:47,670] {standard_task_runner.py:52} INFO - Started process 20389 to run task
[2022-10-05 17:01:47,676] {standard_task_runner.py:76} INFO - Running: ['***', 'tasks', 'run', 'dag_combustivel', 'create_cluster', 'scheduled__2016-07-01T00:00:00+00:00', '--job-id', '71', '--raw', '--subdir', 'DAGS_FOLDER/dag_combustive.py', '--cfg-path', '/tmp/tmp2ho6m5lu', '--error-file', '/tmp/tmptcsi65ik']
[2022-10-05 17:01:47,678] {standard_task_runner.py:77} INFO - Job 71: Subtask create_cluster
[2022-10-05 17:01:47,760] {logging_mixin.py:109} INFO - Running <TaskInstance: dag_combustivel.create_cluster scheduled__2016-07-01T00:00:00+00:00 [running]> on host 1445d51ba90b
[2022-10-05 17:01:47,837] {taskinstance.py:1431} INFO - Exporting the following env vars:
AIRFLOW_CTX_DAG_OWNER=***
AIRFLOW_CTX_DAG_ID=dag_combustivel
AIRFLOW_CTX_TASK_ID=create_cluster
AIRFLOW_CTX_EXECUTION_DATE=2016-07-01T00:00:00+00:00
AIRFLOW_CTX_DAG_RUN_ID=scheduled__2016-07-01T00:00:00+00:00
[2022-10-05 17:01:47,839] {dataproc.py:625} INFO - Creating cluster: dataproc-cluster-stack-data-pipeline01
[2022-10-05 17:04:36,124] {dataproc.py:569} INFO - Cluster created.
[2022-10-05 17:04:36,174] {taskinstance.py:1282} INFO - Marking task as SUCCESS. dag_id=dag_combustivel, task_id=create_cluster, execution_date=20160701T000000, start_date=20221005T170147, end_date=20221005T170436
[2022-10-05 17:04:36,227] {local_task_job.py:154} INFO - Task exited with return code 0
[2022-10-05 17:04:36,267] {local_task_job.py:264} INFO - 1 downstream tasks scheduled from follow-on schedule check
