[2022-10-05 22:35:11,994] {taskinstance.py:1037} INFO - Dependencies all met for <TaskInstance: dag_combustivel.create_cluster scheduled__2016-07-01T00:00:00+00:00 [queued]>
[2022-10-05 22:35:12,038] {taskinstance.py:1037} INFO - Dependencies all met for <TaskInstance: dag_combustivel.create_cluster scheduled__2016-07-01T00:00:00+00:00 [queued]>
[2022-10-05 22:35:12,039] {taskinstance.py:1243} INFO - 
--------------------------------------------------------------------------------
[2022-10-05 22:35:12,040] {taskinstance.py:1244} INFO - Starting attempt 5 of 5
[2022-10-05 22:35:12,043] {taskinstance.py:1245} INFO - 
--------------------------------------------------------------------------------
[2022-10-05 22:35:12,066] {taskinstance.py:1264} INFO - Executing <Task(DataprocCreateClusterOperator): create_cluster> on 2016-07-01 00:00:00+00:00
[2022-10-05 22:35:12,074] {standard_task_runner.py:52} INFO - Started process 5226 to run task
[2022-10-05 22:35:12,087] {standard_task_runner.py:76} INFO - Running: ['***', 'tasks', 'run', 'dag_combustivel', 'create_cluster', 'scheduled__2016-07-01T00:00:00+00:00', '--job-id', '142', '--raw', '--subdir', 'DAGS_FOLDER/dag_combustive.py', '--cfg-path', '/tmp/tmpps_6m6ij', '--error-file', '/tmp/tmpyp4h4vgv']
[2022-10-05 22:35:12,090] {standard_task_runner.py:77} INFO - Job 142: Subtask create_cluster
[2022-10-05 22:35:12,202] {logging_mixin.py:109} INFO - Running <TaskInstance: dag_combustivel.create_cluster scheduled__2016-07-01T00:00:00+00:00 [running]> on host 1445d51ba90b
[2022-10-05 22:35:12,335] {taskinstance.py:1431} INFO - Exporting the following env vars:
AIRFLOW_CTX_DAG_OWNER=***
AIRFLOW_CTX_DAG_ID=dag_combustivel
AIRFLOW_CTX_TASK_ID=create_cluster
AIRFLOW_CTX_EXECUTION_DATE=2016-07-01T00:00:00+00:00
AIRFLOW_CTX_DAG_RUN_ID=scheduled__2016-07-01T00:00:00+00:00
[2022-10-05 22:35:12,346] {dataproc.py:625} INFO - Creating cluster: stack-data-pipeline
[2022-10-05 22:38:37,841] {dataproc.py:569} INFO - Cluster created.
[2022-10-05 22:38:37,919] {taskinstance.py:1282} INFO - Marking task as SUCCESS. dag_id=dag_combustivel, task_id=create_cluster, execution_date=20160701T000000, start_date=20221005T223512, end_date=20221005T223837
[2022-10-05 22:38:37,983] {local_task_job.py:154} INFO - Task exited with return code 0
[2022-10-05 22:38:38,037] {local_task_job.py:264} INFO - 1 downstream tasks scheduled from follow-on schedule check
