[2022-10-05 17:05:12,742] {taskinstance.py:1037} INFO - Dependencies all met for <TaskInstance: dag_combustivel.delete_cluster scheduled__2016-07-01T00:00:00+00:00 [queued]>
[2022-10-05 17:05:12,758] {taskinstance.py:1037} INFO - Dependencies all met for <TaskInstance: dag_combustivel.delete_cluster scheduled__2016-07-01T00:00:00+00:00 [queued]>
[2022-10-05 17:05:12,760] {taskinstance.py:1243} INFO - 
--------------------------------------------------------------------------------
[2022-10-05 17:05:12,761] {taskinstance.py:1244} INFO - Starting attempt 1 of 1
[2022-10-05 17:05:12,762] {taskinstance.py:1245} INFO - 
--------------------------------------------------------------------------------
[2022-10-05 17:05:12,779] {taskinstance.py:1264} INFO - Executing <Task(DataprocDeleteClusterOperator): delete_cluster> on 2016-07-01 00:00:00+00:00
[2022-10-05 17:05:12,785] {standard_task_runner.py:52} INFO - Started process 20563 to run task
[2022-10-05 17:05:12,790] {standard_task_runner.py:76} INFO - Running: ['***', 'tasks', 'run', 'dag_combustivel', 'delete_cluster', 'scheduled__2016-07-01T00:00:00+00:00', '--job-id', '73', '--raw', '--subdir', 'DAGS_FOLDER/dag_combustive.py', '--cfg-path', '/tmp/tmp9hgo9vap', '--error-file', '/tmp/tmpmr6rvhjh']
[2022-10-05 17:05:12,792] {standard_task_runner.py:77} INFO - Job 73: Subtask delete_cluster
[2022-10-05 17:05:12,860] {logging_mixin.py:109} INFO - Running <TaskInstance: dag_combustivel.delete_cluster scheduled__2016-07-01T00:00:00+00:00 [running]> on host 1445d51ba90b
[2022-10-05 17:05:12,923] {taskinstance.py:1431} INFO - Exporting the following env vars:
AIRFLOW_CTX_DAG_OWNER=***
AIRFLOW_CTX_DAG_ID=dag_combustivel
AIRFLOW_CTX_TASK_ID=delete_cluster
AIRFLOW_CTX_EXECUTION_DATE=2016-07-01T00:00:00+00:00
AIRFLOW_CTX_DAG_RUN_ID=scheduled__2016-07-01T00:00:00+00:00
[2022-10-05 17:05:12,938] {dataproc.py:863} INFO - Deleting cluster: dataproc-cluster-stack-data-pipeline01
[2022-10-05 17:05:40,456] {dataproc.py:875} INFO - Cluster deleted.
[2022-10-05 17:05:40,471] {taskinstance.py:1282} INFO - Marking task as SUCCESS. dag_id=dag_combustivel, task_id=delete_cluster, execution_date=20160701T000000, start_date=20221005T170512, end_date=20221005T170540
[2022-10-05 17:05:40,527] {local_task_job.py:154} INFO - Task exited with return code 0
[2022-10-05 17:05:40,566] {local_task_job.py:264} INFO - 1 downstream tasks scheduled from follow-on schedule check
