[2022-10-05 17:43:07,888] {taskinstance.py:1037} INFO - Dependencies all met for <TaskInstance: dag_combustivel.pyspark_task scheduled__2019-07-01T00:00:00+00:00 [queued]>
[2022-10-05 17:43:07,914] {taskinstance.py:1037} INFO - Dependencies all met for <TaskInstance: dag_combustivel.pyspark_task scheduled__2019-07-01T00:00:00+00:00 [queued]>
[2022-10-05 17:43:07,916] {taskinstance.py:1243} INFO - 
--------------------------------------------------------------------------------
[2022-10-05 17:43:07,917] {taskinstance.py:1244} INFO - Starting attempt 1 of 1
[2022-10-05 17:43:07,918] {taskinstance.py:1245} INFO - 
--------------------------------------------------------------------------------
[2022-10-05 17:43:07,940] {taskinstance.py:1264} INFO - Executing <Task(DataprocSubmitJobOperator): pyspark_task> on 2019-07-01 00:00:00+00:00
[2022-10-05 17:43:07,948] {standard_task_runner.py:52} INFO - Started process 22362 to run task
[2022-10-05 17:43:07,955] {standard_task_runner.py:76} INFO - Running: ['***', 'tasks', 'run', 'dag_combustivel', 'pyspark_task', 'scheduled__2019-07-01T00:00:00+00:00', '--job-id', '100', '--raw', '--subdir', 'DAGS_FOLDER/dag_combustive.py', '--cfg-path', '/tmp/tmpbw_ewxzt', '--error-file', '/tmp/tmp9vbgpat6']
[2022-10-05 17:43:07,957] {standard_task_runner.py:77} INFO - Job 100: Subtask pyspark_task
[2022-10-05 17:43:08,054] {logging_mixin.py:109} INFO - Running <TaskInstance: dag_combustivel.pyspark_task scheduled__2019-07-01T00:00:00+00:00 [running]> on host 1445d51ba90b
[2022-10-05 17:43:08,157] {taskinstance.py:1431} INFO - Exporting the following env vars:
AIRFLOW_CTX_DAG_OWNER=***
AIRFLOW_CTX_DAG_ID=dag_combustivel
AIRFLOW_CTX_TASK_ID=pyspark_task
AIRFLOW_CTX_EXECUTION_DATE=2019-07-01T00:00:00+00:00
AIRFLOW_CTX_DAG_RUN_ID=scheduled__2019-07-01T00:00:00+00:00
[2022-10-05 17:43:08,159] {dataproc.py:1878} INFO - Submitting job
[2022-10-05 17:43:09,263] {dataproc.py:1890} INFO - Job 225c9ba2-1650-47a7-8643-21a08aeb8ae4 submitted successfully.
[2022-10-05 17:43:09,283] {dataproc.py:1903} INFO - Waiting for job 225c9ba2-1650-47a7-8643-21a08aeb8ae4 to complete
[2022-10-05 17:43:42,359] {dataproc.py:1907} INFO - Job 225c9ba2-1650-47a7-8643-21a08aeb8ae4 completed successfully.
[2022-10-05 17:43:42,395] {taskinstance.py:1282} INFO - Marking task as SUCCESS. dag_id=dag_combustivel, task_id=pyspark_task, execution_date=20190701T000000, start_date=20221005T174307, end_date=20221005T174342
[2022-10-05 17:43:42,445] {local_task_job.py:154} INFO - Task exited with return code 0
[2022-10-05 17:43:42,508] {local_task_job.py:264} INFO - 1 downstream tasks scheduled from follow-on schedule check
