[2022-11-02 00:02:59,145] {taskinstance.py:1037} INFO - Dependencies all met for <TaskInstance: example_gcs.list_buckets manual__2022-11-02T00:02:57.784089+00:00 [queued]>
[2022-11-02 00:02:59,156] {taskinstance.py:1037} INFO - Dependencies all met for <TaskInstance: example_gcs.list_buckets manual__2022-11-02T00:02:57.784089+00:00 [queued]>
[2022-11-02 00:02:59,157] {taskinstance.py:1243} INFO - 
--------------------------------------------------------------------------------
[2022-11-02 00:02:59,158] {taskinstance.py:1244} INFO - Starting attempt 1 of 1
[2022-11-02 00:02:59,158] {taskinstance.py:1245} INFO - 
--------------------------------------------------------------------------------
[2022-11-02 00:02:59,170] {taskinstance.py:1264} INFO - Executing <Task(GCSListObjectsOperator): list_buckets> on 2022-11-02 00:02:57.784089+00:00
[2022-11-02 00:02:59,175] {standard_task_runner.py:52} INFO - Started process 1067 to run task
[2022-11-02 00:02:59,179] {standard_task_runner.py:76} INFO - Running: ['***', 'tasks', 'run', 'example_gcs', 'list_buckets', 'manual__2022-11-02T00:02:57.784089+00:00', '--job-id', '223', '--raw', '--subdir', 'DAGS_FOLDER/dag_teste.py', '--cfg-path', '/tmp/tmpdvmmccgm', '--error-file', '/tmp/tmpktlg225b']
[2022-11-02 00:02:59,180] {standard_task_runner.py:77} INFO - Job 223: Subtask list_buckets
[2022-11-02 00:02:59,255] {logging_mixin.py:109} INFO - Running <TaskInstance: example_gcs.list_buckets manual__2022-11-02T00:02:57.784089+00:00 [running]> on host 44262508447e
[2022-11-02 00:02:59,308] {taskinstance.py:1431} INFO - Exporting the following env vars:
AIRFLOW_CTX_DAG_OWNER=***
AIRFLOW_CTX_DAG_ID=example_gcs
AIRFLOW_CTX_TASK_ID=list_buckets
AIRFLOW_CTX_EXECUTION_DATE=2022-11-02T00:02:57.784089+00:00
AIRFLOW_CTX_DAG_RUN_ID=manual__2022-11-02T00:02:57.784089+00:00
[2022-11-02 00:02:59,319] {gcs.py:259} INFO - Getting list of the files. Bucket: data-pipeline-stack-combustiveis-brasil-curated; Delimiter: None; Prefix: None
[2022-11-02 00:02:59,972] {taskinstance.py:1282} INFO - Marking task as SUCCESS. dag_id=example_gcs, task_id=list_buckets, execution_date=20221102T000257, start_date=20221102T000259, end_date=20221102T000259
[2022-11-02 00:03:00,021] {local_task_job.py:154} INFO - Task exited with return code 0
[2022-11-02 00:03:00,057] {local_task_job.py:264} INFO - 0 downstream tasks scheduled from follow-on schedule check
