[2022-10-05 17:16:06,627] {taskinstance.py:1037} INFO - Dependencies all met for <TaskInstance: dag_combustivel.create_cluster manual__2022-10-05T13:53:14.649144+00:00 [queued]>
[2022-10-05 17:16:06,639] {taskinstance.py:1037} INFO - Dependencies all met for <TaskInstance: dag_combustivel.create_cluster manual__2022-10-05T13:53:14.649144+00:00 [queued]>
[2022-10-05 17:16:06,641] {taskinstance.py:1243} INFO - 
--------------------------------------------------------------------------------
[2022-10-05 17:16:06,642] {taskinstance.py:1244} INFO - Starting attempt 2 of 2
[2022-10-05 17:16:06,643] {taskinstance.py:1245} INFO - 
--------------------------------------------------------------------------------
[2022-10-05 17:16:06,658] {taskinstance.py:1264} INFO - Executing <Task(DataprocCreateClusterOperator): create_cluster> on 2022-10-05 13:53:14.649144+00:00
[2022-10-05 17:16:06,664] {standard_task_runner.py:52} INFO - Started process 21126 to run task
[2022-10-05 17:16:06,668] {standard_task_runner.py:76} INFO - Running: ['***', 'tasks', 'run', 'dag_combustivel', 'create_cluster', 'manual__2022-10-05T13:53:14.649144+00:00', '--job-id', '83', '--raw', '--subdir', 'DAGS_FOLDER/dag_combustive.py', '--cfg-path', '/tmp/tmppu39rfs4', '--error-file', '/tmp/tmp50cjf2z_']
[2022-10-05 17:16:06,670] {standard_task_runner.py:77} INFO - Job 83: Subtask create_cluster
[2022-10-05 17:16:06,745] {logging_mixin.py:109} INFO - Running <TaskInstance: dag_combustivel.create_cluster manual__2022-10-05T13:53:14.649144+00:00 [running]> on host 1445d51ba90b
[2022-10-05 17:16:06,813] {taskinstance.py:1431} INFO - Exporting the following env vars:
AIRFLOW_CTX_DAG_OWNER=***
AIRFLOW_CTX_DAG_ID=dag_combustivel
AIRFLOW_CTX_TASK_ID=create_cluster
AIRFLOW_CTX_EXECUTION_DATE=2022-10-05T13:53:14.649144+00:00
AIRFLOW_CTX_DAG_RUN_ID=manual__2022-10-05T13:53:14.649144+00:00
[2022-10-05 17:16:06,816] {dataproc.py:625} INFO - Creating cluster: dataproc-cluster-stack-data-pipeline01
[2022-10-05 17:19:04,970] {dataproc.py:569} INFO - Cluster created.
[2022-10-05 17:19:04,999] {taskinstance.py:1282} INFO - Marking task as SUCCESS. dag_id=dag_combustivel, task_id=create_cluster, execution_date=20221005T135314, start_date=20221005T171606, end_date=20221005T171904
[2022-10-05 17:19:05,053] {local_task_job.py:154} INFO - Task exited with return code 0
[2022-10-05 17:19:05,098] {local_task_job.py:264} INFO - 1 downstream tasks scheduled from follow-on schedule check
