[2022-10-06 01:05:21,743] {taskinstance.py:1037} INFO - Dependencies all met for <TaskInstance: dag_combustivel.create_cluster manual__2022-10-05T13:53:14.649144+00:00 [queued]>
[2022-10-06 01:05:21,797] {taskinstance.py:1037} INFO - Dependencies all met for <TaskInstance: dag_combustivel.create_cluster manual__2022-10-05T13:53:14.649144+00:00 [queued]>
[2022-10-06 01:05:21,801] {taskinstance.py:1243} INFO - 
--------------------------------------------------------------------------------
[2022-10-06 01:05:21,804] {taskinstance.py:1244} INFO - Starting attempt 3 of 3
[2022-10-06 01:05:21,807] {taskinstance.py:1245} INFO - 
--------------------------------------------------------------------------------
[2022-10-06 01:05:21,852] {taskinstance.py:1264} INFO - Executing <Task(DataprocCreateClusterOperator): create_cluster> on 2022-10-05 13:53:14.649144+00:00
[2022-10-06 01:05:21,867] {standard_task_runner.py:52} INFO - Started process 10383 to run task
[2022-10-06 01:05:21,902] {standard_task_runner.py:76} INFO - Running: ['***', 'tasks', 'run', 'dag_combustivel', 'create_cluster', 'manual__2022-10-05T13:53:14.649144+00:00', '--job-id', '198', '--raw', '--subdir', 'DAGS_FOLDER/dag_combustive.py', '--cfg-path', '/tmp/tmpwt4fvmve', '--error-file', '/tmp/tmpr9pwotr0']
[2022-10-06 01:05:21,908] {standard_task_runner.py:77} INFO - Job 198: Subtask create_cluster
[2022-10-06 01:05:22,143] {logging_mixin.py:109} INFO - Running <TaskInstance: dag_combustivel.create_cluster manual__2022-10-05T13:53:14.649144+00:00 [running]> on host 1445d51ba90b
[2022-10-06 01:05:22,348] {taskinstance.py:1431} INFO - Exporting the following env vars:
AIRFLOW_CTX_DAG_OWNER=***
AIRFLOW_CTX_DAG_ID=dag_combustivel
AIRFLOW_CTX_TASK_ID=create_cluster
AIRFLOW_CTX_EXECUTION_DATE=2022-10-05T13:53:14.649144+00:00
AIRFLOW_CTX_DAG_RUN_ID=manual__2022-10-05T13:53:14.649144+00:00
[2022-10-06 01:05:22,360] {dataproc.py:625} INFO - Creating cluster: stack-data-pipeline
[2022-10-06 01:10:19,886] {dataproc.py:569} INFO - Cluster created.
[2022-10-06 01:10:20,006] {taskinstance.py:1282} INFO - Marking task as SUCCESS. dag_id=dag_combustivel, task_id=create_cluster, execution_date=20221005T135314, start_date=20221006T010521, end_date=20221006T011020
[2022-10-06 01:10:20,188] {local_task_job.py:154} INFO - Task exited with return code 0
[2022-10-06 01:10:20,468] {local_task_job.py:264} INFO - 0 downstream tasks scheduled from follow-on schedule check
