[2022-10-05 18:07:28,009] {taskinstance.py:1037} INFO - Dependencies all met for <TaskInstance: dag_combustivel.pyspark_task scheduled__2021-07-01T00:00:00+00:00 [queued]>
[2022-10-05 18:07:28,032] {taskinstance.py:1037} INFO - Dependencies all met for <TaskInstance: dag_combustivel.pyspark_task scheduled__2021-07-01T00:00:00+00:00 [queued]>
[2022-10-05 18:07:28,034] {taskinstance.py:1243} INFO - 
--------------------------------------------------------------------------------
[2022-10-05 18:07:28,036] {taskinstance.py:1244} INFO - Starting attempt 1 of 1
[2022-10-05 18:07:28,038] {taskinstance.py:1245} INFO - 
--------------------------------------------------------------------------------
[2022-10-05 18:07:28,061] {taskinstance.py:1264} INFO - Executing <Task(DataprocSubmitJobOperator): pyspark_task> on 2021-07-01 00:00:00+00:00
[2022-10-05 18:07:28,071] {standard_task_runner.py:52} INFO - Started process 23459 to run task
[2022-10-05 18:07:28,082] {standard_task_runner.py:76} INFO - Running: ['***', 'tasks', 'run', 'dag_combustivel', 'pyspark_task', 'scheduled__2021-07-01T00:00:00+00:00', '--job-id', '116', '--raw', '--subdir', 'DAGS_FOLDER/dag_combustive.py', '--cfg-path', '/tmp/tmp2ml64twr', '--error-file', '/tmp/tmpf9_abi97']
[2022-10-05 18:07:28,086] {standard_task_runner.py:77} INFO - Job 116: Subtask pyspark_task
[2022-10-05 18:07:28,282] {logging_mixin.py:109} INFO - Running <TaskInstance: dag_combustivel.pyspark_task scheduled__2021-07-01T00:00:00+00:00 [running]> on host 1445d51ba90b
[2022-10-05 18:07:28,439] {taskinstance.py:1431} INFO - Exporting the following env vars:
AIRFLOW_CTX_DAG_OWNER=***
AIRFLOW_CTX_DAG_ID=dag_combustivel
AIRFLOW_CTX_TASK_ID=pyspark_task
AIRFLOW_CTX_EXECUTION_DATE=2021-07-01T00:00:00+00:00
AIRFLOW_CTX_DAG_RUN_ID=scheduled__2021-07-01T00:00:00+00:00
[2022-10-05 18:07:28,443] {dataproc.py:1878} INFO - Submitting job
[2022-10-05 18:07:29,533] {dataproc.py:1890} INFO - Job 26aa3bed-994f-473f-859b-caead3783544 submitted successfully.
[2022-10-05 18:07:29,566] {dataproc.py:1903} INFO - Waiting for job 26aa3bed-994f-473f-859b-caead3783544 to complete
[2022-10-05 18:08:02,593] {dataproc.py:1907} INFO - Job 26aa3bed-994f-473f-859b-caead3783544 completed successfully.
[2022-10-05 18:08:02,621] {taskinstance.py:1282} INFO - Marking task as SUCCESS. dag_id=dag_combustivel, task_id=pyspark_task, execution_date=20210701T000000, start_date=20221005T180728, end_date=20221005T180802
[2022-10-05 18:08:02,671] {local_task_job.py:154} INFO - Task exited with return code 0
[2022-10-05 18:08:02,722] {local_task_job.py:264} INFO - 1 downstream tasks scheduled from follow-on schedule check
