[2022-10-06 00:49:47,235] {taskinstance.py:1037} INFO - Dependencies all met for <TaskInstance: dag_combustivel.pyspark_task scheduled__2021-07-01T00:00:00+00:00 [queued]>
[2022-10-06 00:49:47,248] {taskinstance.py:1037} INFO - Dependencies all met for <TaskInstance: dag_combustivel.pyspark_task scheduled__2021-07-01T00:00:00+00:00 [queued]>
[2022-10-06 00:49:47,249] {taskinstance.py:1243} INFO - 
--------------------------------------------------------------------------------
[2022-10-06 00:49:47,249] {taskinstance.py:1244} INFO - Starting attempt 2 of 2
[2022-10-06 00:49:47,250] {taskinstance.py:1245} INFO - 
--------------------------------------------------------------------------------
[2022-10-06 00:49:47,263] {taskinstance.py:1264} INFO - Executing <Task(DataprocSubmitJobOperator): pyspark_task> on 2021-07-01 00:00:00+00:00
[2022-10-06 00:49:47,268] {standard_task_runner.py:52} INFO - Started process 9991 to run task
[2022-10-06 00:49:47,272] {standard_task_runner.py:76} INFO - Running: ['***', 'tasks', 'run', 'dag_combustivel', 'pyspark_task', 'scheduled__2021-07-01T00:00:00+00:00', '--job-id', '191', '--raw', '--subdir', 'DAGS_FOLDER/dag_combustive.py', '--cfg-path', '/tmp/tmpttplf4yr', '--error-file', '/tmp/tmptru20z_l']
[2022-10-06 00:49:47,273] {standard_task_runner.py:77} INFO - Job 191: Subtask pyspark_task
[2022-10-06 00:49:47,335] {logging_mixin.py:109} INFO - Running <TaskInstance: dag_combustivel.pyspark_task scheduled__2021-07-01T00:00:00+00:00 [running]> on host 1445d51ba90b
[2022-10-06 00:49:47,404] {taskinstance.py:1431} INFO - Exporting the following env vars:
AIRFLOW_CTX_DAG_OWNER=***
AIRFLOW_CTX_DAG_ID=dag_combustivel
AIRFLOW_CTX_TASK_ID=pyspark_task
AIRFLOW_CTX_EXECUTION_DATE=2021-07-01T00:00:00+00:00
AIRFLOW_CTX_DAG_RUN_ID=scheduled__2021-07-01T00:00:00+00:00
[2022-10-06 00:49:47,406] {dataproc.py:1878} INFO - Submitting job
[2022-10-06 00:49:48,495] {dataproc.py:1890} INFO - Job 66d2ec20-caba-4b7a-80a4-3276e0191c3a submitted successfully.
[2022-10-06 00:49:48,519] {dataproc.py:1903} INFO - Waiting for job 66d2ec20-caba-4b7a-80a4-3276e0191c3a to complete
[2022-10-06 00:51:16,692] {dataproc.py:1907} INFO - Job 66d2ec20-caba-4b7a-80a4-3276e0191c3a completed successfully.
[2022-10-06 00:51:16,729] {taskinstance.py:1282} INFO - Marking task as SUCCESS. dag_id=dag_combustivel, task_id=pyspark_task, execution_date=20210701T000000, start_date=20221006T004947, end_date=20221006T005116
[2022-10-06 00:51:16,772] {local_task_job.py:154} INFO - Task exited with return code 0
[2022-10-06 00:51:16,812] {local_task_job.py:264} INFO - 1 downstream tasks scheduled from follow-on schedule check
