[2022-10-24 01:18:05,253] {processor.py:163} INFO - Started process (PID=52) to work on /home/airflow/.local/lib/python3.7/site-packages/airflow/example_dags/example_branch_datetime_operator.py
[2022-10-24 01:18:05,260] {processor.py:642} INFO - Processing file /home/airflow/.local/lib/python3.7/site-packages/airflow/example_dags/example_branch_datetime_operator.py for tasks to queue
[2022-10-24 01:18:05,277] {logging_mixin.py:109} INFO - [2022-10-24 01:18:05,276] {dagbag.py:500} INFO - Filling up the DagBag from /home/airflow/.local/lib/python3.7/site-packages/airflow/example_dags/example_branch_datetime_operator.py
[2022-10-24 01:18:05,486] {processor.py:654} INFO - DAG(s) dict_keys(['example_branch_datetime_operator_2']) retrieved from /home/airflow/.local/lib/python3.7/site-packages/airflow/example_dags/example_branch_datetime_operator.py
[2022-10-24 01:18:05,508] {logging_mixin.py:109} INFO - [2022-10-24 01:18:05,508] {dag.py:2398} INFO - Sync 1 DAGs
[2022-10-24 01:18:05,558] {logging_mixin.py:109} INFO - [2022-10-24 01:18:05,557] {dag.py:2937} INFO - Setting next_dagrun for example_branch_datetime_operator_2 to 2022-10-23 00:00:00+00:00
[2022-10-24 01:18:05,576] {processor.py:171} INFO - Processing /home/airflow/.local/lib/python3.7/site-packages/airflow/example_dags/example_branch_datetime_operator.py took 0.333 seconds
[2022-10-24 01:18:36,928] {processor.py:163} INFO - Started process (PID=104) to work on /home/airflow/.local/lib/python3.7/site-packages/airflow/example_dags/example_branch_datetime_operator.py
[2022-10-24 01:18:36,934] {processor.py:642} INFO - Processing file /home/airflow/.local/lib/python3.7/site-packages/airflow/example_dags/example_branch_datetime_operator.py for tasks to queue
[2022-10-24 01:18:37,031] {logging_mixin.py:109} INFO - [2022-10-24 01:18:37,031] {dagbag.py:500} INFO - Filling up the DagBag from /home/airflow/.local/lib/python3.7/site-packages/airflow/example_dags/example_branch_datetime_operator.py
[2022-10-24 01:18:37,215] {processor.py:654} INFO - DAG(s) dict_keys(['example_branch_datetime_operator_2']) retrieved from /home/airflow/.local/lib/python3.7/site-packages/airflow/example_dags/example_branch_datetime_operator.py
[2022-10-24 01:18:37,242] {logging_mixin.py:109} INFO - [2022-10-24 01:18:37,242] {dag.py:2398} INFO - Sync 1 DAGs
[2022-10-24 01:18:37,287] {logging_mixin.py:109} INFO - [2022-10-24 01:18:37,287] {dag.py:2937} INFO - Setting next_dagrun for example_branch_datetime_operator_2 to 2022-10-23 00:00:00+00:00
[2022-10-24 01:18:37,450] {processor.py:171} INFO - Processing /home/airflow/.local/lib/python3.7/site-packages/airflow/example_dags/example_branch_datetime_operator.py took 0.546 seconds
[2022-10-24 01:19:08,722] {processor.py:163} INFO - Started process (PID=155) to work on /home/airflow/.local/lib/python3.7/site-packages/airflow/example_dags/example_branch_datetime_operator.py
[2022-10-24 01:19:08,725] {processor.py:642} INFO - Processing file /home/airflow/.local/lib/python3.7/site-packages/airflow/example_dags/example_branch_datetime_operator.py for tasks to queue
[2022-10-24 01:19:08,728] {logging_mixin.py:109} INFO - [2022-10-24 01:19:08,727] {dagbag.py:500} INFO - Filling up the DagBag from /home/airflow/.local/lib/python3.7/site-packages/airflow/example_dags/example_branch_datetime_operator.py
[2022-10-24 01:19:08,788] {processor.py:654} INFO - DAG(s) dict_keys(['example_branch_datetime_operator_2']) retrieved from /home/airflow/.local/lib/python3.7/site-packages/airflow/example_dags/example_branch_datetime_operator.py
[2022-10-24 01:19:08,802] {logging_mixin.py:109} INFO - [2022-10-24 01:19:08,802] {dag.py:2398} INFO - Sync 1 DAGs
[2022-10-24 01:19:08,822] {logging_mixin.py:109} INFO - [2022-10-24 01:19:08,822] {dag.py:2937} INFO - Setting next_dagrun for example_branch_datetime_operator_2 to 2022-10-23 00:00:00+00:00
[2022-10-24 01:19:08,837] {processor.py:171} INFO - Processing /home/airflow/.local/lib/python3.7/site-packages/airflow/example_dags/example_branch_datetime_operator.py took 0.122 seconds
[2022-10-24 01:19:40,010] {processor.py:163} INFO - Started process (PID=217) to work on /home/airflow/.local/lib/python3.7/site-packages/airflow/example_dags/example_branch_datetime_operator.py
[2022-10-24 01:19:40,014] {processor.py:642} INFO - Processing file /home/airflow/.local/lib/python3.7/site-packages/airflow/example_dags/example_branch_datetime_operator.py for tasks to queue
[2022-10-24 01:19:40,016] {logging_mixin.py:109} INFO - [2022-10-24 01:19:40,016] {dagbag.py:500} INFO - Filling up the DagBag from /home/airflow/.local/lib/python3.7/site-packages/airflow/example_dags/example_branch_datetime_operator.py
[2022-10-24 01:19:40,072] {processor.py:654} INFO - DAG(s) dict_keys(['example_branch_datetime_operator_2']) retrieved from /home/airflow/.local/lib/python3.7/site-packages/airflow/example_dags/example_branch_datetime_operator.py
[2022-10-24 01:19:40,089] {logging_mixin.py:109} INFO - [2022-10-24 01:19:40,088] {dag.py:2398} INFO - Sync 1 DAGs
[2022-10-24 01:19:40,112] {logging_mixin.py:109} INFO - [2022-10-24 01:19:40,112] {dag.py:2937} INFO - Setting next_dagrun for example_branch_datetime_operator_2 to 2022-10-23 00:00:00+00:00
[2022-10-24 01:19:40,125] {processor.py:171} INFO - Processing /home/airflow/.local/lib/python3.7/site-packages/airflow/example_dags/example_branch_datetime_operator.py took 0.119 seconds
[2022-10-24 01:20:10,686] {processor.py:163} INFO - Started process (PID=268) to work on /home/airflow/.local/lib/python3.7/site-packages/airflow/example_dags/example_branch_datetime_operator.py
[2022-10-24 01:20:10,689] {processor.py:642} INFO - Processing file /home/airflow/.local/lib/python3.7/site-packages/airflow/example_dags/example_branch_datetime_operator.py for tasks to queue
[2022-10-24 01:20:10,691] {logging_mixin.py:109} INFO - [2022-10-24 01:20:10,691] {dagbag.py:500} INFO - Filling up the DagBag from /home/airflow/.local/lib/python3.7/site-packages/airflow/example_dags/example_branch_datetime_operator.py
[2022-10-24 01:20:10,740] {processor.py:654} INFO - DAG(s) dict_keys(['example_branch_datetime_operator_2']) retrieved from /home/airflow/.local/lib/python3.7/site-packages/airflow/example_dags/example_branch_datetime_operator.py
[2022-10-24 01:20:10,755] {logging_mixin.py:109} INFO - [2022-10-24 01:20:10,755] {dag.py:2398} INFO - Sync 1 DAGs
[2022-10-24 01:20:10,792] {logging_mixin.py:109} INFO - [2022-10-24 01:20:10,792] {dag.py:2937} INFO - Setting next_dagrun for example_branch_datetime_operator_2 to 2022-10-23 00:00:00+00:00
[2022-10-24 01:20:10,807] {processor.py:171} INFO - Processing /home/airflow/.local/lib/python3.7/site-packages/airflow/example_dags/example_branch_datetime_operator.py took 0.124 seconds
[2022-10-24 01:20:41,112] {processor.py:163} INFO - Started process (PID=320) to work on /home/airflow/.local/lib/python3.7/site-packages/airflow/example_dags/example_branch_datetime_operator.py
[2022-10-24 01:20:41,115] {processor.py:642} INFO - Processing file /home/airflow/.local/lib/python3.7/site-packages/airflow/example_dags/example_branch_datetime_operator.py for tasks to queue
[2022-10-24 01:20:41,118] {logging_mixin.py:109} INFO - [2022-10-24 01:20:41,118] {dagbag.py:500} INFO - Filling up the DagBag from /home/airflow/.local/lib/python3.7/site-packages/airflow/example_dags/example_branch_datetime_operator.py
[2022-10-24 01:20:41,191] {processor.py:654} INFO - DAG(s) dict_keys(['example_branch_datetime_operator_2']) retrieved from /home/airflow/.local/lib/python3.7/site-packages/airflow/example_dags/example_branch_datetime_operator.py
[2022-10-24 01:20:41,204] {logging_mixin.py:109} INFO - [2022-10-24 01:20:41,204] {dag.py:2398} INFO - Sync 1 DAGs
[2022-10-24 01:20:41,235] {logging_mixin.py:109} INFO - [2022-10-24 01:20:41,235] {dag.py:2937} INFO - Setting next_dagrun for example_branch_datetime_operator_2 to 2022-10-23 00:00:00+00:00
[2022-10-24 01:20:41,259] {processor.py:171} INFO - Processing /home/airflow/.local/lib/python3.7/site-packages/airflow/example_dags/example_branch_datetime_operator.py took 0.156 seconds
[2022-10-24 01:21:11,400] {processor.py:163} INFO - Started process (PID=381) to work on /home/airflow/.local/lib/python3.7/site-packages/airflow/example_dags/example_branch_datetime_operator.py
[2022-10-24 01:21:11,404] {processor.py:642} INFO - Processing file /home/airflow/.local/lib/python3.7/site-packages/airflow/example_dags/example_branch_datetime_operator.py for tasks to queue
[2022-10-24 01:21:11,406] {logging_mixin.py:109} INFO - [2022-10-24 01:21:11,406] {dagbag.py:500} INFO - Filling up the DagBag from /home/airflow/.local/lib/python3.7/site-packages/airflow/example_dags/example_branch_datetime_operator.py
[2022-10-24 01:21:11,446] {processor.py:654} INFO - DAG(s) dict_keys(['example_branch_datetime_operator_2']) retrieved from /home/airflow/.local/lib/python3.7/site-packages/airflow/example_dags/example_branch_datetime_operator.py
[2022-10-24 01:21:11,458] {logging_mixin.py:109} INFO - [2022-10-24 01:21:11,458] {dag.py:2398} INFO - Sync 1 DAGs
[2022-10-24 01:21:11,481] {logging_mixin.py:109} INFO - [2022-10-24 01:21:11,481] {dag.py:2937} INFO - Setting next_dagrun for example_branch_datetime_operator_2 to 2022-10-23 00:00:00+00:00
[2022-10-24 01:21:11,497] {processor.py:171} INFO - Processing /home/airflow/.local/lib/python3.7/site-packages/airflow/example_dags/example_branch_datetime_operator.py took 0.100 seconds
[2022-10-24 01:21:41,926] {processor.py:163} INFO - Started process (PID=433) to work on /home/airflow/.local/lib/python3.7/site-packages/airflow/example_dags/example_branch_datetime_operator.py
[2022-10-24 01:21:41,928] {processor.py:642} INFO - Processing file /home/airflow/.local/lib/python3.7/site-packages/airflow/example_dags/example_branch_datetime_operator.py for tasks to queue
[2022-10-24 01:21:41,929] {logging_mixin.py:109} INFO - [2022-10-24 01:21:41,929] {dagbag.py:500} INFO - Filling up the DagBag from /home/airflow/.local/lib/python3.7/site-packages/airflow/example_dags/example_branch_datetime_operator.py
[2022-10-24 01:21:41,964] {processor.py:654} INFO - DAG(s) dict_keys(['example_branch_datetime_operator_2']) retrieved from /home/airflow/.local/lib/python3.7/site-packages/airflow/example_dags/example_branch_datetime_operator.py
[2022-10-24 01:21:41,977] {logging_mixin.py:109} INFO - [2022-10-24 01:21:41,977] {dag.py:2398} INFO - Sync 1 DAGs
[2022-10-24 01:21:41,995] {logging_mixin.py:109} INFO - [2022-10-24 01:21:41,995] {dag.py:2937} INFO - Setting next_dagrun for example_branch_datetime_operator_2 to 2022-10-23 00:00:00+00:00
[2022-10-24 01:21:42,005] {processor.py:171} INFO - Processing /home/airflow/.local/lib/python3.7/site-packages/airflow/example_dags/example_branch_datetime_operator.py took 0.083 seconds
[2022-10-24 01:22:13,099] {processor.py:163} INFO - Started process (PID=496) to work on /home/airflow/.local/lib/python3.7/site-packages/airflow/example_dags/example_branch_datetime_operator.py
[2022-10-24 01:22:13,104] {processor.py:642} INFO - Processing file /home/airflow/.local/lib/python3.7/site-packages/airflow/example_dags/example_branch_datetime_operator.py for tasks to queue
[2022-10-24 01:22:13,107] {logging_mixin.py:109} INFO - [2022-10-24 01:22:13,107] {dagbag.py:500} INFO - Filling up the DagBag from /home/airflow/.local/lib/python3.7/site-packages/airflow/example_dags/example_branch_datetime_operator.py
[2022-10-24 01:22:13,166] {processor.py:654} INFO - DAG(s) dict_keys(['example_branch_datetime_operator_2']) retrieved from /home/airflow/.local/lib/python3.7/site-packages/airflow/example_dags/example_branch_datetime_operator.py
[2022-10-24 01:22:13,185] {logging_mixin.py:109} INFO - [2022-10-24 01:22:13,185] {dag.py:2398} INFO - Sync 1 DAGs
[2022-10-24 01:22:13,228] {logging_mixin.py:109} INFO - [2022-10-24 01:22:13,228] {dag.py:2937} INFO - Setting next_dagrun for example_branch_datetime_operator_2 to 2022-10-23 00:00:00+00:00
[2022-10-24 01:22:13,251] {processor.py:171} INFO - Processing /home/airflow/.local/lib/python3.7/site-packages/airflow/example_dags/example_branch_datetime_operator.py took 0.158 seconds
[2022-10-24 01:22:43,897] {processor.py:163} INFO - Started process (PID=548) to work on /home/airflow/.local/lib/python3.7/site-packages/airflow/example_dags/example_branch_datetime_operator.py
[2022-10-24 01:22:43,900] {processor.py:642} INFO - Processing file /home/airflow/.local/lib/python3.7/site-packages/airflow/example_dags/example_branch_datetime_operator.py for tasks to queue
[2022-10-24 01:22:43,902] {logging_mixin.py:109} INFO - [2022-10-24 01:22:43,902] {dagbag.py:500} INFO - Filling up the DagBag from /home/airflow/.local/lib/python3.7/site-packages/airflow/example_dags/example_branch_datetime_operator.py
[2022-10-24 01:22:43,945] {processor.py:654} INFO - DAG(s) dict_keys(['example_branch_datetime_operator_2']) retrieved from /home/airflow/.local/lib/python3.7/site-packages/airflow/example_dags/example_branch_datetime_operator.py
[2022-10-24 01:22:43,958] {logging_mixin.py:109} INFO - [2022-10-24 01:22:43,958] {dag.py:2398} INFO - Sync 1 DAGs
[2022-10-24 01:22:43,989] {logging_mixin.py:109} INFO - [2022-10-24 01:22:43,989] {dag.py:2937} INFO - Setting next_dagrun for example_branch_datetime_operator_2 to 2022-10-23 00:00:00+00:00
[2022-10-24 01:22:44,004] {processor.py:171} INFO - Processing /home/airflow/.local/lib/python3.7/site-packages/airflow/example_dags/example_branch_datetime_operator.py took 0.111 seconds
[2022-10-24 01:23:14,664] {processor.py:163} INFO - Started process (PID=599) to work on /home/airflow/.local/lib/python3.7/site-packages/airflow/example_dags/example_branch_datetime_operator.py
[2022-10-24 01:23:14,667] {processor.py:642} INFO - Processing file /home/airflow/.local/lib/python3.7/site-packages/airflow/example_dags/example_branch_datetime_operator.py for tasks to queue
[2022-10-24 01:23:14,668] {logging_mixin.py:109} INFO - [2022-10-24 01:23:14,668] {dagbag.py:500} INFO - Filling up the DagBag from /home/airflow/.local/lib/python3.7/site-packages/airflow/example_dags/example_branch_datetime_operator.py
[2022-10-24 01:23:14,712] {processor.py:654} INFO - DAG(s) dict_keys(['example_branch_datetime_operator_2']) retrieved from /home/airflow/.local/lib/python3.7/site-packages/airflow/example_dags/example_branch_datetime_operator.py
[2022-10-24 01:23:14,729] {logging_mixin.py:109} INFO - [2022-10-24 01:23:14,729] {dag.py:2398} INFO - Sync 1 DAGs
[2022-10-24 01:23:14,765] {logging_mixin.py:109} INFO - [2022-10-24 01:23:14,765] {dag.py:2937} INFO - Setting next_dagrun for example_branch_datetime_operator_2 to 2022-10-23 00:00:00+00:00
[2022-10-24 01:23:14,787] {processor.py:171} INFO - Processing /home/airflow/.local/lib/python3.7/site-packages/airflow/example_dags/example_branch_datetime_operator.py took 0.128 seconds
[2022-10-24 01:23:46,013] {processor.py:163} INFO - Started process (PID=661) to work on /home/airflow/.local/lib/python3.7/site-packages/airflow/example_dags/example_branch_datetime_operator.py
[2022-10-24 01:23:46,015] {processor.py:642} INFO - Processing file /home/airflow/.local/lib/python3.7/site-packages/airflow/example_dags/example_branch_datetime_operator.py for tasks to queue
[2022-10-24 01:23:46,017] {logging_mixin.py:109} INFO - [2022-10-24 01:23:46,017] {dagbag.py:500} INFO - Filling up the DagBag from /home/airflow/.local/lib/python3.7/site-packages/airflow/example_dags/example_branch_datetime_operator.py
[2022-10-24 01:23:46,085] {processor.py:654} INFO - DAG(s) dict_keys(['example_branch_datetime_operator_2']) retrieved from /home/airflow/.local/lib/python3.7/site-packages/airflow/example_dags/example_branch_datetime_operator.py
[2022-10-24 01:23:46,113] {logging_mixin.py:109} INFO - [2022-10-24 01:23:46,113] {dag.py:2398} INFO - Sync 1 DAGs
[2022-10-24 01:23:46,138] {logging_mixin.py:109} INFO - [2022-10-24 01:23:46,138] {dag.py:2937} INFO - Setting next_dagrun for example_branch_datetime_operator_2 to 2022-10-23 00:00:00+00:00
[2022-10-24 01:23:46,155] {processor.py:171} INFO - Processing /home/airflow/.local/lib/python3.7/site-packages/airflow/example_dags/example_branch_datetime_operator.py took 0.147 seconds
[2022-10-24 01:24:16,563] {processor.py:163} INFO - Started process (PID=712) to work on /home/airflow/.local/lib/python3.7/site-packages/airflow/example_dags/example_branch_datetime_operator.py
[2022-10-24 01:24:16,566] {processor.py:642} INFO - Processing file /home/airflow/.local/lib/python3.7/site-packages/airflow/example_dags/example_branch_datetime_operator.py for tasks to queue
[2022-10-24 01:24:16,567] {logging_mixin.py:109} INFO - [2022-10-24 01:24:16,567] {dagbag.py:500} INFO - Filling up the DagBag from /home/airflow/.local/lib/python3.7/site-packages/airflow/example_dags/example_branch_datetime_operator.py
[2022-10-24 01:24:16,610] {processor.py:654} INFO - DAG(s) dict_keys(['example_branch_datetime_operator_2']) retrieved from /home/airflow/.local/lib/python3.7/site-packages/airflow/example_dags/example_branch_datetime_operator.py
[2022-10-24 01:24:16,626] {logging_mixin.py:109} INFO - [2022-10-24 01:24:16,626] {dag.py:2398} INFO - Sync 1 DAGs
[2022-10-24 01:24:16,647] {logging_mixin.py:109} INFO - [2022-10-24 01:24:16,647] {dag.py:2937} INFO - Setting next_dagrun for example_branch_datetime_operator_2 to 2022-10-23 00:00:00+00:00
[2022-10-24 01:24:16,662] {processor.py:171} INFO - Processing /home/airflow/.local/lib/python3.7/site-packages/airflow/example_dags/example_branch_datetime_operator.py took 0.104 seconds
[2022-10-24 01:24:48,559] {processor.py:163} INFO - Started process (PID=765) to work on /home/airflow/.local/lib/python3.7/site-packages/airflow/example_dags/example_branch_datetime_operator.py
[2022-10-24 01:24:48,563] {processor.py:642} INFO - Processing file /home/airflow/.local/lib/python3.7/site-packages/airflow/example_dags/example_branch_datetime_operator.py for tasks to queue
[2022-10-24 01:24:48,568] {logging_mixin.py:109} INFO - [2022-10-24 01:24:48,568] {dagbag.py:500} INFO - Filling up the DagBag from /home/airflow/.local/lib/python3.7/site-packages/airflow/example_dags/example_branch_datetime_operator.py
[2022-10-24 01:24:48,641] {processor.py:654} INFO - DAG(s) dict_keys(['example_branch_datetime_operator_2']) retrieved from /home/airflow/.local/lib/python3.7/site-packages/airflow/example_dags/example_branch_datetime_operator.py
[2022-10-24 01:24:48,662] {logging_mixin.py:109} INFO - [2022-10-24 01:24:48,662] {dag.py:2398} INFO - Sync 1 DAGs
[2022-10-24 01:24:48,705] {logging_mixin.py:109} INFO - [2022-10-24 01:24:48,705] {dag.py:2937} INFO - Setting next_dagrun for example_branch_datetime_operator_2 to 2022-10-23 00:00:00+00:00
[2022-10-24 01:24:48,732] {processor.py:171} INFO - Processing /home/airflow/.local/lib/python3.7/site-packages/airflow/example_dags/example_branch_datetime_operator.py took 0.180 seconds
[2022-10-24 01:25:19,641] {processor.py:163} INFO - Started process (PID=826) to work on /home/airflow/.local/lib/python3.7/site-packages/airflow/example_dags/example_branch_datetime_operator.py
[2022-10-24 01:25:19,643] {processor.py:642} INFO - Processing file /home/airflow/.local/lib/python3.7/site-packages/airflow/example_dags/example_branch_datetime_operator.py for tasks to queue
[2022-10-24 01:25:19,645] {logging_mixin.py:109} INFO - [2022-10-24 01:25:19,645] {dagbag.py:500} INFO - Filling up the DagBag from /home/airflow/.local/lib/python3.7/site-packages/airflow/example_dags/example_branch_datetime_operator.py
[2022-10-24 01:25:19,692] {processor.py:654} INFO - DAG(s) dict_keys(['example_branch_datetime_operator_2']) retrieved from /home/airflow/.local/lib/python3.7/site-packages/airflow/example_dags/example_branch_datetime_operator.py
[2022-10-24 01:25:19,706] {logging_mixin.py:109} INFO - [2022-10-24 01:25:19,706] {dag.py:2398} INFO - Sync 1 DAGs
[2022-10-24 01:25:19,728] {logging_mixin.py:109} INFO - [2022-10-24 01:25:19,728] {dag.py:2937} INFO - Setting next_dagrun for example_branch_datetime_operator_2 to 2022-10-23 00:00:00+00:00
[2022-10-24 01:25:19,743] {processor.py:171} INFO - Processing /home/airflow/.local/lib/python3.7/site-packages/airflow/example_dags/example_branch_datetime_operator.py took 0.109 seconds
[2022-10-24 01:25:50,747] {processor.py:163} INFO - Started process (PID=869) to work on /home/airflow/.local/lib/python3.7/site-packages/airflow/example_dags/example_branch_datetime_operator.py
[2022-10-24 01:25:50,749] {processor.py:642} INFO - Processing file /home/airflow/.local/lib/python3.7/site-packages/airflow/example_dags/example_branch_datetime_operator.py for tasks to queue
[2022-10-24 01:25:50,752] {logging_mixin.py:109} INFO - [2022-10-24 01:25:50,752] {dagbag.py:500} INFO - Filling up the DagBag from /home/airflow/.local/lib/python3.7/site-packages/airflow/example_dags/example_branch_datetime_operator.py
[2022-10-24 01:25:50,813] {processor.py:654} INFO - DAG(s) dict_keys(['example_branch_datetime_operator_2']) retrieved from /home/airflow/.local/lib/python3.7/site-packages/airflow/example_dags/example_branch_datetime_operator.py
[2022-10-24 01:25:50,837] {logging_mixin.py:109} INFO - [2022-10-24 01:25:50,837] {dag.py:2398} INFO - Sync 1 DAGs
[2022-10-24 01:25:50,883] {logging_mixin.py:109} INFO - [2022-10-24 01:25:50,883] {dag.py:2937} INFO - Setting next_dagrun for example_branch_datetime_operator_2 to 2022-10-23 00:00:00+00:00
[2022-10-24 01:25:50,920] {processor.py:171} INFO - Processing /home/airflow/.local/lib/python3.7/site-packages/airflow/example_dags/example_branch_datetime_operator.py took 0.177 seconds
[2022-10-24 01:26:21,421] {processor.py:163} INFO - Started process (PID=929) to work on /home/airflow/.local/lib/python3.7/site-packages/airflow/example_dags/example_branch_datetime_operator.py
[2022-10-24 01:26:21,424] {processor.py:642} INFO - Processing file /home/airflow/.local/lib/python3.7/site-packages/airflow/example_dags/example_branch_datetime_operator.py for tasks to queue
[2022-10-24 01:26:21,426] {logging_mixin.py:109} INFO - [2022-10-24 01:26:21,426] {dagbag.py:500} INFO - Filling up the DagBag from /home/airflow/.local/lib/python3.7/site-packages/airflow/example_dags/example_branch_datetime_operator.py
[2022-10-24 01:26:21,496] {processor.py:654} INFO - DAG(s) dict_keys(['example_branch_datetime_operator_2']) retrieved from /home/airflow/.local/lib/python3.7/site-packages/airflow/example_dags/example_branch_datetime_operator.py
[2022-10-24 01:26:21,520] {logging_mixin.py:109} INFO - [2022-10-24 01:26:21,520] {dag.py:2398} INFO - Sync 1 DAGs
[2022-10-24 01:26:21,564] {logging_mixin.py:109} INFO - [2022-10-24 01:26:21,564] {dag.py:2937} INFO - Setting next_dagrun for example_branch_datetime_operator_2 to 2022-10-23 00:00:00+00:00
[2022-10-24 01:26:21,587] {processor.py:171} INFO - Processing /home/airflow/.local/lib/python3.7/site-packages/airflow/example_dags/example_branch_datetime_operator.py took 0.172 seconds
[2022-10-24 01:26:51,834] {processor.py:163} INFO - Started process (PID=982) to work on /home/airflow/.local/lib/python3.7/site-packages/airflow/example_dags/example_branch_datetime_operator.py
[2022-10-24 01:26:51,837] {processor.py:642} INFO - Processing file /home/airflow/.local/lib/python3.7/site-packages/airflow/example_dags/example_branch_datetime_operator.py for tasks to queue
[2022-10-24 01:26:51,840] {logging_mixin.py:109} INFO - [2022-10-24 01:26:51,839] {dagbag.py:500} INFO - Filling up the DagBag from /home/airflow/.local/lib/python3.7/site-packages/airflow/example_dags/example_branch_datetime_operator.py
[2022-10-24 01:26:51,893] {processor.py:654} INFO - DAG(s) dict_keys(['example_branch_datetime_operator_2']) retrieved from /home/airflow/.local/lib/python3.7/site-packages/airflow/example_dags/example_branch_datetime_operator.py
[2022-10-24 01:26:51,911] {logging_mixin.py:109} INFO - [2022-10-24 01:26:51,911] {dag.py:2398} INFO - Sync 1 DAGs
[2022-10-24 01:26:51,938] {logging_mixin.py:109} INFO - [2022-10-24 01:26:51,938] {dag.py:2937} INFO - Setting next_dagrun for example_branch_datetime_operator_2 to 2022-10-23 00:00:00+00:00
[2022-10-24 01:26:51,951] {processor.py:171} INFO - Processing /home/airflow/.local/lib/python3.7/site-packages/airflow/example_dags/example_branch_datetime_operator.py took 0.120 seconds
[2022-10-24 01:27:22,777] {processor.py:163} INFO - Started process (PID=1036) to work on /home/airflow/.local/lib/python3.7/site-packages/airflow/example_dags/example_branch_datetime_operator.py
[2022-10-24 01:27:22,782] {processor.py:642} INFO - Processing file /home/airflow/.local/lib/python3.7/site-packages/airflow/example_dags/example_branch_datetime_operator.py for tasks to queue
[2022-10-24 01:27:22,785] {logging_mixin.py:109} INFO - [2022-10-24 01:27:22,785] {dagbag.py:500} INFO - Filling up the DagBag from /home/airflow/.local/lib/python3.7/site-packages/airflow/example_dags/example_branch_datetime_operator.py
[2022-10-24 01:27:22,863] {processor.py:654} INFO - DAG(s) dict_keys(['example_branch_datetime_operator_2']) retrieved from /home/airflow/.local/lib/python3.7/site-packages/airflow/example_dags/example_branch_datetime_operator.py
[2022-10-24 01:27:22,885] {logging_mixin.py:109} INFO - [2022-10-24 01:27:22,885] {dag.py:2398} INFO - Sync 1 DAGs
[2022-10-24 01:27:22,912] {logging_mixin.py:109} INFO - [2022-10-24 01:27:22,911] {dag.py:2937} INFO - Setting next_dagrun for example_branch_datetime_operator_2 to 2022-10-23 00:00:00+00:00
[2022-10-24 01:27:22,932] {processor.py:171} INFO - Processing /home/airflow/.local/lib/python3.7/site-packages/airflow/example_dags/example_branch_datetime_operator.py took 0.161 seconds
[2022-10-24 01:27:54,045] {processor.py:163} INFO - Started process (PID=1087) to work on /home/airflow/.local/lib/python3.7/site-packages/airflow/example_dags/example_branch_datetime_operator.py
[2022-10-24 01:27:54,047] {processor.py:642} INFO - Processing file /home/airflow/.local/lib/python3.7/site-packages/airflow/example_dags/example_branch_datetime_operator.py for tasks to queue
[2022-10-24 01:27:54,051] {logging_mixin.py:109} INFO - [2022-10-24 01:27:54,050] {dagbag.py:500} INFO - Filling up the DagBag from /home/airflow/.local/lib/python3.7/site-packages/airflow/example_dags/example_branch_datetime_operator.py
[2022-10-24 01:27:54,102] {processor.py:654} INFO - DAG(s) dict_keys(['example_branch_datetime_operator_2']) retrieved from /home/airflow/.local/lib/python3.7/site-packages/airflow/example_dags/example_branch_datetime_operator.py
[2022-10-24 01:27:54,122] {logging_mixin.py:109} INFO - [2022-10-24 01:27:54,122] {dag.py:2398} INFO - Sync 1 DAGs
[2022-10-24 01:27:54,146] {logging_mixin.py:109} INFO - [2022-10-24 01:27:54,146] {dag.py:2937} INFO - Setting next_dagrun for example_branch_datetime_operator_2 to 2022-10-23 00:00:00+00:00
[2022-10-24 01:27:54,161] {processor.py:171} INFO - Processing /home/airflow/.local/lib/python3.7/site-packages/airflow/example_dags/example_branch_datetime_operator.py took 0.122 seconds
[2022-10-24 01:28:25,237] {processor.py:163} INFO - Started process (PID=1139) to work on /home/airflow/.local/lib/python3.7/site-packages/airflow/example_dags/example_branch_datetime_operator.py
[2022-10-24 01:28:25,239] {processor.py:642} INFO - Processing file /home/airflow/.local/lib/python3.7/site-packages/airflow/example_dags/example_branch_datetime_operator.py for tasks to queue
[2022-10-24 01:28:25,240] {logging_mixin.py:109} INFO - [2022-10-24 01:28:25,240] {dagbag.py:500} INFO - Filling up the DagBag from /home/airflow/.local/lib/python3.7/site-packages/airflow/example_dags/example_branch_datetime_operator.py
[2022-10-24 01:28:25,299] {processor.py:654} INFO - DAG(s) dict_keys(['example_branch_datetime_operator_2']) retrieved from /home/airflow/.local/lib/python3.7/site-packages/airflow/example_dags/example_branch_datetime_operator.py
[2022-10-24 01:28:25,325] {logging_mixin.py:109} INFO - [2022-10-24 01:28:25,324] {dag.py:2398} INFO - Sync 1 DAGs
[2022-10-24 01:28:25,367] {logging_mixin.py:109} INFO - [2022-10-24 01:28:25,367] {dag.py:2937} INFO - Setting next_dagrun for example_branch_datetime_operator_2 to 2022-10-23 00:00:00+00:00
[2022-10-24 01:28:25,384] {processor.py:171} INFO - Processing /home/airflow/.local/lib/python3.7/site-packages/airflow/example_dags/example_branch_datetime_operator.py took 0.154 seconds
[2022-10-24 01:28:55,719] {processor.py:163} INFO - Started process (PID=1190) to work on /home/airflow/.local/lib/python3.7/site-packages/airflow/example_dags/example_branch_datetime_operator.py
[2022-10-24 01:28:55,722] {processor.py:642} INFO - Processing file /home/airflow/.local/lib/python3.7/site-packages/airflow/example_dags/example_branch_datetime_operator.py for tasks to queue
[2022-10-24 01:28:55,725] {logging_mixin.py:109} INFO - [2022-10-24 01:28:55,724] {dagbag.py:500} INFO - Filling up the DagBag from /home/airflow/.local/lib/python3.7/site-packages/airflow/example_dags/example_branch_datetime_operator.py
[2022-10-24 01:28:55,785] {processor.py:654} INFO - DAG(s) dict_keys(['example_branch_datetime_operator_2']) retrieved from /home/airflow/.local/lib/python3.7/site-packages/airflow/example_dags/example_branch_datetime_operator.py
[2022-10-24 01:28:55,805] {logging_mixin.py:109} INFO - [2022-10-24 01:28:55,804] {dag.py:2398} INFO - Sync 1 DAGs
[2022-10-24 01:28:55,839] {logging_mixin.py:109} INFO - [2022-10-24 01:28:55,839] {dag.py:2937} INFO - Setting next_dagrun for example_branch_datetime_operator_2 to 2022-10-23 00:00:00+00:00
[2022-10-24 01:28:55,867] {processor.py:171} INFO - Processing /home/airflow/.local/lib/python3.7/site-packages/airflow/example_dags/example_branch_datetime_operator.py took 0.152 seconds
[2022-10-24 01:29:26,512] {processor.py:163} INFO - Started process (PID=1251) to work on /home/airflow/.local/lib/python3.7/site-packages/airflow/example_dags/example_branch_datetime_operator.py
[2022-10-24 01:29:26,515] {processor.py:642} INFO - Processing file /home/airflow/.local/lib/python3.7/site-packages/airflow/example_dags/example_branch_datetime_operator.py for tasks to queue
[2022-10-24 01:29:26,519] {logging_mixin.py:109} INFO - [2022-10-24 01:29:26,518] {dagbag.py:500} INFO - Filling up the DagBag from /home/airflow/.local/lib/python3.7/site-packages/airflow/example_dags/example_branch_datetime_operator.py
[2022-10-24 01:29:26,573] {processor.py:654} INFO - DAG(s) dict_keys(['example_branch_datetime_operator_2']) retrieved from /home/airflow/.local/lib/python3.7/site-packages/airflow/example_dags/example_branch_datetime_operator.py
[2022-10-24 01:29:26,589] {logging_mixin.py:109} INFO - [2022-10-24 01:29:26,589] {dag.py:2398} INFO - Sync 1 DAGs
[2022-10-24 01:29:26,630] {logging_mixin.py:109} INFO - [2022-10-24 01:29:26,629] {dag.py:2937} INFO - Setting next_dagrun for example_branch_datetime_operator_2 to 2022-10-23 00:00:00+00:00
[2022-10-24 01:29:26,644] {processor.py:171} INFO - Processing /home/airflow/.local/lib/python3.7/site-packages/airflow/example_dags/example_branch_datetime_operator.py took 0.140 seconds
[2022-10-24 01:29:57,594] {processor.py:163} INFO - Started process (PID=1305) to work on /home/airflow/.local/lib/python3.7/site-packages/airflow/example_dags/example_branch_datetime_operator.py
[2022-10-24 01:29:57,597] {processor.py:642} INFO - Processing file /home/airflow/.local/lib/python3.7/site-packages/airflow/example_dags/example_branch_datetime_operator.py for tasks to queue
[2022-10-24 01:29:57,602] {logging_mixin.py:109} INFO - [2022-10-24 01:29:57,602] {dagbag.py:500} INFO - Filling up the DagBag from /home/airflow/.local/lib/python3.7/site-packages/airflow/example_dags/example_branch_datetime_operator.py
[2022-10-24 01:29:57,659] {processor.py:654} INFO - DAG(s) dict_keys(['example_branch_datetime_operator_2']) retrieved from /home/airflow/.local/lib/python3.7/site-packages/airflow/example_dags/example_branch_datetime_operator.py
[2022-10-24 01:29:57,674] {logging_mixin.py:109} INFO - [2022-10-24 01:29:57,674] {dag.py:2398} INFO - Sync 1 DAGs
[2022-10-24 01:29:57,701] {logging_mixin.py:109} INFO - [2022-10-24 01:29:57,701] {dag.py:2937} INFO - Setting next_dagrun for example_branch_datetime_operator_2 to 2022-10-23 00:00:00+00:00
[2022-10-24 01:29:57,720] {processor.py:171} INFO - Processing /home/airflow/.local/lib/python3.7/site-packages/airflow/example_dags/example_branch_datetime_operator.py took 0.131 seconds
[2022-10-24 01:30:28,075] {processor.py:163} INFO - Started process (PID=1358) to work on /home/airflow/.local/lib/python3.7/site-packages/airflow/example_dags/example_branch_datetime_operator.py
[2022-10-24 01:30:28,078] {processor.py:642} INFO - Processing file /home/airflow/.local/lib/python3.7/site-packages/airflow/example_dags/example_branch_datetime_operator.py for tasks to queue
[2022-10-24 01:30:28,080] {logging_mixin.py:109} INFO - [2022-10-24 01:30:28,080] {dagbag.py:500} INFO - Filling up the DagBag from /home/airflow/.local/lib/python3.7/site-packages/airflow/example_dags/example_branch_datetime_operator.py
[2022-10-24 01:30:28,125] {processor.py:654} INFO - DAG(s) dict_keys(['example_branch_datetime_operator_2']) retrieved from /home/airflow/.local/lib/python3.7/site-packages/airflow/example_dags/example_branch_datetime_operator.py
[2022-10-24 01:30:28,138] {logging_mixin.py:109} INFO - [2022-10-24 01:30:28,137] {dag.py:2398} INFO - Sync 1 DAGs
[2022-10-24 01:30:28,162] {logging_mixin.py:109} INFO - [2022-10-24 01:30:28,162] {dag.py:2937} INFO - Setting next_dagrun for example_branch_datetime_operator_2 to 2022-10-23 00:00:00+00:00
[2022-10-24 01:30:28,177] {processor.py:171} INFO - Processing /home/airflow/.local/lib/python3.7/site-packages/airflow/example_dags/example_branch_datetime_operator.py took 0.108 seconds
[2022-10-24 01:30:58,647] {processor.py:163} INFO - Started process (PID=1419) to work on /home/airflow/.local/lib/python3.7/site-packages/airflow/example_dags/example_branch_datetime_operator.py
[2022-10-24 01:30:58,650] {processor.py:642} INFO - Processing file /home/airflow/.local/lib/python3.7/site-packages/airflow/example_dags/example_branch_datetime_operator.py for tasks to queue
[2022-10-24 01:30:58,651] {logging_mixin.py:109} INFO - [2022-10-24 01:30:58,651] {dagbag.py:500} INFO - Filling up the DagBag from /home/airflow/.local/lib/python3.7/site-packages/airflow/example_dags/example_branch_datetime_operator.py
[2022-10-24 01:30:58,697] {processor.py:654} INFO - DAG(s) dict_keys(['example_branch_datetime_operator_2']) retrieved from /home/airflow/.local/lib/python3.7/site-packages/airflow/example_dags/example_branch_datetime_operator.py
[2022-10-24 01:30:58,711] {logging_mixin.py:109} INFO - [2022-10-24 01:30:58,711] {dag.py:2398} INFO - Sync 1 DAGs
[2022-10-24 01:30:58,736] {logging_mixin.py:109} INFO - [2022-10-24 01:30:58,736] {dag.py:2937} INFO - Setting next_dagrun for example_branch_datetime_operator_2 to 2022-10-23 00:00:00+00:00
[2022-10-24 01:30:58,766] {processor.py:171} INFO - Processing /home/airflow/.local/lib/python3.7/site-packages/airflow/example_dags/example_branch_datetime_operator.py took 0.125 seconds
[2022-10-24 01:31:29,354] {processor.py:163} INFO - Started process (PID=1470) to work on /home/airflow/.local/lib/python3.7/site-packages/airflow/example_dags/example_branch_datetime_operator.py
[2022-10-24 01:31:29,359] {processor.py:642} INFO - Processing file /home/airflow/.local/lib/python3.7/site-packages/airflow/example_dags/example_branch_datetime_operator.py for tasks to queue
[2022-10-24 01:31:29,362] {logging_mixin.py:109} INFO - [2022-10-24 01:31:29,362] {dagbag.py:500} INFO - Filling up the DagBag from /home/airflow/.local/lib/python3.7/site-packages/airflow/example_dags/example_branch_datetime_operator.py
[2022-10-24 01:31:29,432] {processor.py:654} INFO - DAG(s) dict_keys(['example_branch_datetime_operator_2']) retrieved from /home/airflow/.local/lib/python3.7/site-packages/airflow/example_dags/example_branch_datetime_operator.py
[2022-10-24 01:31:29,456] {logging_mixin.py:109} INFO - [2022-10-24 01:31:29,456] {dag.py:2398} INFO - Sync 1 DAGs
[2022-10-24 01:31:29,491] {logging_mixin.py:109} INFO - [2022-10-24 01:31:29,491] {dag.py:2937} INFO - Setting next_dagrun for example_branch_datetime_operator_2 to 2022-10-23 00:00:00+00:00
[2022-10-24 01:31:29,516] {processor.py:171} INFO - Processing /home/airflow/.local/lib/python3.7/site-packages/airflow/example_dags/example_branch_datetime_operator.py took 0.167 seconds
[2022-10-24 01:31:59,942] {processor.py:163} INFO - Started process (PID=1523) to work on /home/airflow/.local/lib/python3.7/site-packages/airflow/example_dags/example_branch_datetime_operator.py
[2022-10-24 01:31:59,945] {processor.py:642} INFO - Processing file /home/airflow/.local/lib/python3.7/site-packages/airflow/example_dags/example_branch_datetime_operator.py for tasks to queue
[2022-10-24 01:31:59,947] {logging_mixin.py:109} INFO - [2022-10-24 01:31:59,947] {dagbag.py:500} INFO - Filling up the DagBag from /home/airflow/.local/lib/python3.7/site-packages/airflow/example_dags/example_branch_datetime_operator.py
[2022-10-24 01:31:59,985] {processor.py:654} INFO - DAG(s) dict_keys(['example_branch_datetime_operator_2']) retrieved from /home/airflow/.local/lib/python3.7/site-packages/airflow/example_dags/example_branch_datetime_operator.py
[2022-10-24 01:32:00,006] {logging_mixin.py:109} INFO - [2022-10-24 01:32:00,006] {dag.py:2398} INFO - Sync 1 DAGs
[2022-10-24 01:32:00,026] {logging_mixin.py:109} INFO - [2022-10-24 01:32:00,025] {dag.py:2937} INFO - Setting next_dagrun for example_branch_datetime_operator_2 to 2022-10-23 00:00:00+00:00
[2022-10-24 01:32:00,039] {processor.py:171} INFO - Processing /home/airflow/.local/lib/python3.7/site-packages/airflow/example_dags/example_branch_datetime_operator.py took 0.102 seconds
[2022-10-24 01:32:30,491] {processor.py:163} INFO - Started process (PID=1584) to work on /home/airflow/.local/lib/python3.7/site-packages/airflow/example_dags/example_branch_datetime_operator.py
[2022-10-24 01:32:30,494] {processor.py:642} INFO - Processing file /home/airflow/.local/lib/python3.7/site-packages/airflow/example_dags/example_branch_datetime_operator.py for tasks to queue
[2022-10-24 01:32:30,496] {logging_mixin.py:109} INFO - [2022-10-24 01:32:30,495] {dagbag.py:500} INFO - Filling up the DagBag from /home/airflow/.local/lib/python3.7/site-packages/airflow/example_dags/example_branch_datetime_operator.py
[2022-10-24 01:32:30,534] {processor.py:654} INFO - DAG(s) dict_keys(['example_branch_datetime_operator_2']) retrieved from /home/airflow/.local/lib/python3.7/site-packages/airflow/example_dags/example_branch_datetime_operator.py
[2022-10-24 01:32:30,550] {logging_mixin.py:109} INFO - [2022-10-24 01:32:30,550] {dag.py:2398} INFO - Sync 1 DAGs
[2022-10-24 01:32:30,570] {logging_mixin.py:109} INFO - [2022-10-24 01:32:30,570] {dag.py:2937} INFO - Setting next_dagrun for example_branch_datetime_operator_2 to 2022-10-23 00:00:00+00:00
[2022-10-24 01:32:30,582] {processor.py:171} INFO - Processing /home/airflow/.local/lib/python3.7/site-packages/airflow/example_dags/example_branch_datetime_operator.py took 0.094 seconds
[2022-10-24 01:33:00,823] {processor.py:163} INFO - Started process (PID=1638) to work on /home/airflow/.local/lib/python3.7/site-packages/airflow/example_dags/example_branch_datetime_operator.py
[2022-10-24 01:33:00,825] {processor.py:642} INFO - Processing file /home/airflow/.local/lib/python3.7/site-packages/airflow/example_dags/example_branch_datetime_operator.py for tasks to queue
[2022-10-24 01:33:00,826] {logging_mixin.py:109} INFO - [2022-10-24 01:33:00,826] {dagbag.py:500} INFO - Filling up the DagBag from /home/airflow/.local/lib/python3.7/site-packages/airflow/example_dags/example_branch_datetime_operator.py
[2022-10-24 01:33:00,860] {processor.py:654} INFO - DAG(s) dict_keys(['example_branch_datetime_operator_2']) retrieved from /home/airflow/.local/lib/python3.7/site-packages/airflow/example_dags/example_branch_datetime_operator.py
[2022-10-24 01:33:00,871] {logging_mixin.py:109} INFO - [2022-10-24 01:33:00,871] {dag.py:2398} INFO - Sync 1 DAGs
[2022-10-24 01:33:00,888] {logging_mixin.py:109} INFO - [2022-10-24 01:33:00,888] {dag.py:2937} INFO - Setting next_dagrun for example_branch_datetime_operator_2 to 2022-10-23 00:00:00+00:00
[2022-10-24 01:33:00,897] {processor.py:171} INFO - Processing /home/airflow/.local/lib/python3.7/site-packages/airflow/example_dags/example_branch_datetime_operator.py took 0.078 seconds
[2022-10-24 01:33:31,624] {processor.py:163} INFO - Started process (PID=1690) to work on /home/airflow/.local/lib/python3.7/site-packages/airflow/example_dags/example_branch_datetime_operator.py
[2022-10-24 01:33:31,627] {processor.py:642} INFO - Processing file /home/airflow/.local/lib/python3.7/site-packages/airflow/example_dags/example_branch_datetime_operator.py for tasks to queue
[2022-10-24 01:33:31,628] {logging_mixin.py:109} INFO - [2022-10-24 01:33:31,628] {dagbag.py:500} INFO - Filling up the DagBag from /home/airflow/.local/lib/python3.7/site-packages/airflow/example_dags/example_branch_datetime_operator.py
[2022-10-24 01:33:31,666] {processor.py:654} INFO - DAG(s) dict_keys(['example_branch_datetime_operator_2']) retrieved from /home/airflow/.local/lib/python3.7/site-packages/airflow/example_dags/example_branch_datetime_operator.py
[2022-10-24 01:33:31,676] {logging_mixin.py:109} INFO - [2022-10-24 01:33:31,676] {dag.py:2398} INFO - Sync 1 DAGs
[2022-10-24 01:33:31,693] {logging_mixin.py:109} INFO - [2022-10-24 01:33:31,693] {dag.py:2937} INFO - Setting next_dagrun for example_branch_datetime_operator_2 to 2022-10-23 00:00:00+00:00
[2022-10-24 01:33:31,704] {processor.py:171} INFO - Processing /home/airflow/.local/lib/python3.7/site-packages/airflow/example_dags/example_branch_datetime_operator.py took 0.084 seconds
[2022-10-24 01:34:02,436] {processor.py:163} INFO - Started process (PID=1750) to work on /home/airflow/.local/lib/python3.7/site-packages/airflow/example_dags/example_branch_datetime_operator.py
[2022-10-24 01:34:02,438] {processor.py:642} INFO - Processing file /home/airflow/.local/lib/python3.7/site-packages/airflow/example_dags/example_branch_datetime_operator.py for tasks to queue
[2022-10-24 01:34:02,439] {logging_mixin.py:109} INFO - [2022-10-24 01:34:02,439] {dagbag.py:500} INFO - Filling up the DagBag from /home/airflow/.local/lib/python3.7/site-packages/airflow/example_dags/example_branch_datetime_operator.py
[2022-10-24 01:34:02,469] {processor.py:654} INFO - DAG(s) dict_keys(['example_branch_datetime_operator_2']) retrieved from /home/airflow/.local/lib/python3.7/site-packages/airflow/example_dags/example_branch_datetime_operator.py
[2022-10-24 01:34:02,478] {logging_mixin.py:109} INFO - [2022-10-24 01:34:02,478] {dag.py:2398} INFO - Sync 1 DAGs
[2022-10-24 01:34:02,495] {logging_mixin.py:109} INFO - [2022-10-24 01:34:02,495] {dag.py:2937} INFO - Setting next_dagrun for example_branch_datetime_operator_2 to 2022-10-23 00:00:00+00:00
[2022-10-24 01:34:02,504] {processor.py:171} INFO - Processing /home/airflow/.local/lib/python3.7/site-packages/airflow/example_dags/example_branch_datetime_operator.py took 0.072 seconds
[2022-10-24 01:34:33,332] {processor.py:163} INFO - Started process (PID=1801) to work on /home/airflow/.local/lib/python3.7/site-packages/airflow/example_dags/example_branch_datetime_operator.py
[2022-10-24 01:34:33,334] {processor.py:642} INFO - Processing file /home/airflow/.local/lib/python3.7/site-packages/airflow/example_dags/example_branch_datetime_operator.py for tasks to queue
[2022-10-24 01:34:33,335] {logging_mixin.py:109} INFO - [2022-10-24 01:34:33,335] {dagbag.py:500} INFO - Filling up the DagBag from /home/airflow/.local/lib/python3.7/site-packages/airflow/example_dags/example_branch_datetime_operator.py
[2022-10-24 01:34:33,373] {processor.py:654} INFO - DAG(s) dict_keys(['example_branch_datetime_operator_2']) retrieved from /home/airflow/.local/lib/python3.7/site-packages/airflow/example_dags/example_branch_datetime_operator.py
[2022-10-24 01:34:33,386] {logging_mixin.py:109} INFO - [2022-10-24 01:34:33,386] {dag.py:2398} INFO - Sync 1 DAGs
[2022-10-24 01:34:33,409] {logging_mixin.py:109} INFO - [2022-10-24 01:34:33,409] {dag.py:2937} INFO - Setting next_dagrun for example_branch_datetime_operator_2 to 2022-10-23 00:00:00+00:00
[2022-10-24 01:34:33,424] {processor.py:171} INFO - Processing /home/airflow/.local/lib/python3.7/site-packages/airflow/example_dags/example_branch_datetime_operator.py took 0.098 seconds
[2022-10-24 01:35:03,997] {processor.py:163} INFO - Started process (PID=1862) to work on /home/airflow/.local/lib/python3.7/site-packages/airflow/example_dags/example_branch_datetime_operator.py
[2022-10-24 01:35:03,999] {processor.py:642} INFO - Processing file /home/airflow/.local/lib/python3.7/site-packages/airflow/example_dags/example_branch_datetime_operator.py for tasks to queue
[2022-10-24 01:35:04,001] {logging_mixin.py:109} INFO - [2022-10-24 01:35:04,001] {dagbag.py:500} INFO - Filling up the DagBag from /home/airflow/.local/lib/python3.7/site-packages/airflow/example_dags/example_branch_datetime_operator.py
[2022-10-24 01:35:04,066] {processor.py:654} INFO - DAG(s) dict_keys(['example_branch_datetime_operator_2']) retrieved from /home/airflow/.local/lib/python3.7/site-packages/airflow/example_dags/example_branch_datetime_operator.py
[2022-10-24 01:35:04,081] {logging_mixin.py:109} INFO - [2022-10-24 01:35:04,081] {dag.py:2398} INFO - Sync 1 DAGs
[2022-10-24 01:35:04,102] {logging_mixin.py:109} INFO - [2022-10-24 01:35:04,102] {dag.py:2937} INFO - Setting next_dagrun for example_branch_datetime_operator_2 to 2022-10-23 00:00:00+00:00
[2022-10-24 01:35:04,116] {processor.py:171} INFO - Processing /home/airflow/.local/lib/python3.7/site-packages/airflow/example_dags/example_branch_datetime_operator.py took 0.123 seconds
[2022-10-24 01:35:34,613] {processor.py:163} INFO - Started process (PID=1914) to work on /home/airflow/.local/lib/python3.7/site-packages/airflow/example_dags/example_branch_datetime_operator.py
[2022-10-24 01:35:34,619] {processor.py:642} INFO - Processing file /home/airflow/.local/lib/python3.7/site-packages/airflow/example_dags/example_branch_datetime_operator.py for tasks to queue
[2022-10-24 01:35:34,622] {logging_mixin.py:109} INFO - [2022-10-24 01:35:34,622] {dagbag.py:500} INFO - Filling up the DagBag from /home/airflow/.local/lib/python3.7/site-packages/airflow/example_dags/example_branch_datetime_operator.py
[2022-10-24 01:35:34,701] {processor.py:654} INFO - DAG(s) dict_keys(['example_branch_datetime_operator_2']) retrieved from /home/airflow/.local/lib/python3.7/site-packages/airflow/example_dags/example_branch_datetime_operator.py
[2022-10-24 01:35:34,729] {logging_mixin.py:109} INFO - [2022-10-24 01:35:34,729] {dag.py:2398} INFO - Sync 1 DAGs
[2022-10-24 01:35:34,770] {logging_mixin.py:109} INFO - [2022-10-24 01:35:34,770] {dag.py:2937} INFO - Setting next_dagrun for example_branch_datetime_operator_2 to 2022-10-23 00:00:00+00:00
[2022-10-24 01:35:34,788] {processor.py:171} INFO - Processing /home/airflow/.local/lib/python3.7/site-packages/airflow/example_dags/example_branch_datetime_operator.py took 0.186 seconds
