[2022-10-24 01:18:03,783] {processor.py:163} INFO - Started process (PID=44) to work on /home/airflow/.local/lib/python3.7/site-packages/airflow/example_dags/example_complex.py
[2022-10-24 01:18:03,787] {processor.py:642} INFO - Processing file /home/airflow/.local/lib/python3.7/site-packages/airflow/example_dags/example_complex.py for tasks to queue
[2022-10-24 01:18:03,789] {logging_mixin.py:109} INFO - [2022-10-24 01:18:03,789] {dagbag.py:500} INFO - Filling up the DagBag from /home/airflow/.local/lib/python3.7/site-packages/airflow/example_dags/example_complex.py
[2022-10-24 01:18:03,896] {processor.py:654} INFO - DAG(s) dict_keys(['example_complex']) retrieved from /home/airflow/.local/lib/python3.7/site-packages/airflow/example_dags/example_complex.py
[2022-10-24 01:18:03,919] {logging_mixin.py:109} INFO - [2022-10-24 01:18:03,919] {dag.py:2398} INFO - Sync 1 DAGs
[2022-10-24 01:18:03,943] {logging_mixin.py:109} INFO - [2022-10-24 01:18:03,943] {dag.py:2937} INFO - Setting next_dagrun for example_complex to None
[2022-10-24 01:18:03,967] {processor.py:171} INFO - Processing /home/airflow/.local/lib/python3.7/site-packages/airflow/example_dags/example_complex.py took 0.189 seconds
[2022-10-24 01:18:35,385] {processor.py:163} INFO - Started process (PID=96) to work on /home/airflow/.local/lib/python3.7/site-packages/airflow/example_dags/example_complex.py
[2022-10-24 01:18:35,389] {processor.py:642} INFO - Processing file /home/airflow/.local/lib/python3.7/site-packages/airflow/example_dags/example_complex.py for tasks to queue
[2022-10-24 01:18:35,394] {logging_mixin.py:109} INFO - [2022-10-24 01:18:35,393] {dagbag.py:500} INFO - Filling up the DagBag from /home/airflow/.local/lib/python3.7/site-packages/airflow/example_dags/example_complex.py
[2022-10-24 01:18:35,486] {processor.py:654} INFO - DAG(s) dict_keys(['example_complex']) retrieved from /home/airflow/.local/lib/python3.7/site-packages/airflow/example_dags/example_complex.py
[2022-10-24 01:18:35,515] {logging_mixin.py:109} INFO - [2022-10-24 01:18:35,515] {dag.py:2398} INFO - Sync 1 DAGs
[2022-10-24 01:18:35,542] {logging_mixin.py:109} INFO - [2022-10-24 01:18:35,542] {dag.py:2937} INFO - Setting next_dagrun for example_complex to None
[2022-10-24 01:18:35,580] {processor.py:171} INFO - Processing /home/airflow/.local/lib/python3.7/site-packages/airflow/example_dags/example_complex.py took 0.201 seconds
[2022-10-24 01:19:06,547] {processor.py:163} INFO - Started process (PID=148) to work on /home/airflow/.local/lib/python3.7/site-packages/airflow/example_dags/example_complex.py
[2022-10-24 01:19:06,552] {processor.py:642} INFO - Processing file /home/airflow/.local/lib/python3.7/site-packages/airflow/example_dags/example_complex.py for tasks to queue
[2022-10-24 01:19:06,555] {logging_mixin.py:109} INFO - [2022-10-24 01:19:06,555] {dagbag.py:500} INFO - Filling up the DagBag from /home/airflow/.local/lib/python3.7/site-packages/airflow/example_dags/example_complex.py
[2022-10-24 01:19:06,616] {processor.py:654} INFO - DAG(s) dict_keys(['example_complex']) retrieved from /home/airflow/.local/lib/python3.7/site-packages/airflow/example_dags/example_complex.py
[2022-10-24 01:19:06,634] {logging_mixin.py:109} INFO - [2022-10-24 01:19:06,634] {dag.py:2398} INFO - Sync 1 DAGs
[2022-10-24 01:19:06,655] {logging_mixin.py:109} INFO - [2022-10-24 01:19:06,655] {dag.py:2937} INFO - Setting next_dagrun for example_complex to None
[2022-10-24 01:19:06,653] {processor.py:171} INFO - Processing /home/airflow/.local/lib/python3.7/site-packages/airflow/example_dags/example_complex.py took 0.136 seconds
[2022-10-24 01:19:37,076] {processor.py:163} INFO - Started process (PID=200) to work on /home/airflow/.local/lib/python3.7/site-packages/airflow/example_dags/example_complex.py
[2022-10-24 01:19:37,079] {processor.py:642} INFO - Processing file /home/airflow/.local/lib/python3.7/site-packages/airflow/example_dags/example_complex.py for tasks to queue
[2022-10-24 01:19:37,082] {logging_mixin.py:109} INFO - [2022-10-24 01:19:37,081] {dagbag.py:500} INFO - Filling up the DagBag from /home/airflow/.local/lib/python3.7/site-packages/airflow/example_dags/example_complex.py
[2022-10-24 01:19:37,134] {processor.py:654} INFO - DAG(s) dict_keys(['example_complex']) retrieved from /home/airflow/.local/lib/python3.7/site-packages/airflow/example_dags/example_complex.py
[2022-10-24 01:19:37,154] {logging_mixin.py:109} INFO - [2022-10-24 01:19:37,154] {dag.py:2398} INFO - Sync 1 DAGs
[2022-10-24 01:19:37,174] {logging_mixin.py:109} INFO - [2022-10-24 01:19:37,174] {dag.py:2937} INFO - Setting next_dagrun for example_complex to None
[2022-10-24 01:19:37,190] {processor.py:171} INFO - Processing /home/airflow/.local/lib/python3.7/site-packages/airflow/example_dags/example_complex.py took 0.121 seconds
[2022-10-24 01:20:07,775] {processor.py:163} INFO - Started process (PID=261) to work on /home/airflow/.local/lib/python3.7/site-packages/airflow/example_dags/example_complex.py
[2022-10-24 01:20:07,861] {processor.py:642} INFO - Processing file /home/airflow/.local/lib/python3.7/site-packages/airflow/example_dags/example_complex.py for tasks to queue
[2022-10-24 01:20:07,899] {logging_mixin.py:109} INFO - [2022-10-24 01:20:07,899] {dagbag.py:500} INFO - Filling up the DagBag from /home/airflow/.local/lib/python3.7/site-packages/airflow/example_dags/example_complex.py
[2022-10-24 01:20:08,054] {processor.py:654} INFO - DAG(s) dict_keys(['example_complex']) retrieved from /home/airflow/.local/lib/python3.7/site-packages/airflow/example_dags/example_complex.py
[2022-10-24 01:20:08,158] {logging_mixin.py:109} INFO - [2022-10-24 01:20:08,157] {dag.py:2398} INFO - Sync 1 DAGs
[2022-10-24 01:20:08,362] {logging_mixin.py:109} INFO - [2022-10-24 01:20:08,362] {dag.py:2937} INFO - Setting next_dagrun for example_complex to None
[2022-10-24 01:20:08,504] {processor.py:171} INFO - Processing /home/airflow/.local/lib/python3.7/site-packages/airflow/example_dags/example_complex.py took 0.756 seconds
[2022-10-24 01:20:39,522] {processor.py:163} INFO - Started process (PID=313) to work on /home/airflow/.local/lib/python3.7/site-packages/airflow/example_dags/example_complex.py
[2022-10-24 01:20:39,524] {processor.py:642} INFO - Processing file /home/airflow/.local/lib/python3.7/site-packages/airflow/example_dags/example_complex.py for tasks to queue
[2022-10-24 01:20:39,526] {logging_mixin.py:109} INFO - [2022-10-24 01:20:39,525] {dagbag.py:500} INFO - Filling up the DagBag from /home/airflow/.local/lib/python3.7/site-packages/airflow/example_dags/example_complex.py
[2022-10-24 01:20:39,569] {processor.py:654} INFO - DAG(s) dict_keys(['example_complex']) retrieved from /home/airflow/.local/lib/python3.7/site-packages/airflow/example_dags/example_complex.py
[2022-10-24 01:20:39,585] {logging_mixin.py:109} INFO - [2022-10-24 01:20:39,585] {dag.py:2398} INFO - Sync 1 DAGs
[2022-10-24 01:20:39,606] {logging_mixin.py:109} INFO - [2022-10-24 01:20:39,606] {dag.py:2937} INFO - Setting next_dagrun for example_complex to None
[2022-10-24 01:20:39,620] {processor.py:171} INFO - Processing /home/airflow/.local/lib/python3.7/site-packages/airflow/example_dags/example_complex.py took 0.101 seconds
[2022-10-24 01:21:10,600] {processor.py:163} INFO - Started process (PID=374) to work on /home/airflow/.local/lib/python3.7/site-packages/airflow/example_dags/example_complex.py
[2022-10-24 01:21:10,603] {processor.py:642} INFO - Processing file /home/airflow/.local/lib/python3.7/site-packages/airflow/example_dags/example_complex.py for tasks to queue
[2022-10-24 01:21:10,606] {logging_mixin.py:109} INFO - [2022-10-24 01:21:10,606] {dagbag.py:500} INFO - Filling up the DagBag from /home/airflow/.local/lib/python3.7/site-packages/airflow/example_dags/example_complex.py
[2022-10-24 01:21:10,672] {processor.py:654} INFO - DAG(s) dict_keys(['example_complex']) retrieved from /home/airflow/.local/lib/python3.7/site-packages/airflow/example_dags/example_complex.py
[2022-10-24 01:21:10,691] {logging_mixin.py:109} INFO - [2022-10-24 01:21:10,691] {dag.py:2398} INFO - Sync 1 DAGs
[2022-10-24 01:21:10,713] {logging_mixin.py:109} INFO - [2022-10-24 01:21:10,712] {dag.py:2937} INFO - Setting next_dagrun for example_complex to None
[2022-10-24 01:21:10,729] {processor.py:171} INFO - Processing /home/airflow/.local/lib/python3.7/site-packages/airflow/example_dags/example_complex.py took 0.137 seconds
[2022-10-24 01:21:41,140] {processor.py:163} INFO - Started process (PID=426) to work on /home/airflow/.local/lib/python3.7/site-packages/airflow/example_dags/example_complex.py
[2022-10-24 01:21:41,142] {processor.py:642} INFO - Processing file /home/airflow/.local/lib/python3.7/site-packages/airflow/example_dags/example_complex.py for tasks to queue
[2022-10-24 01:21:41,144] {logging_mixin.py:109} INFO - [2022-10-24 01:21:41,144] {dagbag.py:500} INFO - Filling up the DagBag from /home/airflow/.local/lib/python3.7/site-packages/airflow/example_dags/example_complex.py
[2022-10-24 01:21:41,184] {processor.py:654} INFO - DAG(s) dict_keys(['example_complex']) retrieved from /home/airflow/.local/lib/python3.7/site-packages/airflow/example_dags/example_complex.py
[2022-10-24 01:21:41,201] {logging_mixin.py:109} INFO - [2022-10-24 01:21:41,201] {dag.py:2398} INFO - Sync 1 DAGs
[2022-10-24 01:21:41,224] {logging_mixin.py:109} INFO - [2022-10-24 01:21:41,223] {dag.py:2937} INFO - Setting next_dagrun for example_complex to None
[2022-10-24 01:21:41,238] {processor.py:171} INFO - Processing /home/airflow/.local/lib/python3.7/site-packages/airflow/example_dags/example_complex.py took 0.102 seconds
[2022-10-24 01:22:11,989] {processor.py:163} INFO - Started process (PID=479) to work on /home/airflow/.local/lib/python3.7/site-packages/airflow/example_dags/example_complex.py
[2022-10-24 01:22:11,992] {processor.py:642} INFO - Processing file /home/airflow/.local/lib/python3.7/site-packages/airflow/example_dags/example_complex.py for tasks to queue
[2022-10-24 01:22:11,993] {logging_mixin.py:109} INFO - [2022-10-24 01:22:11,993] {dagbag.py:500} INFO - Filling up the DagBag from /home/airflow/.local/lib/python3.7/site-packages/airflow/example_dags/example_complex.py
[2022-10-24 01:22:12,067] {processor.py:654} INFO - DAG(s) dict_keys(['example_complex']) retrieved from /home/airflow/.local/lib/python3.7/site-packages/airflow/example_dags/example_complex.py
[2022-10-24 01:22:12,097] {logging_mixin.py:109} INFO - [2022-10-24 01:22:12,097] {dag.py:2398} INFO - Sync 1 DAGs
[2022-10-24 01:22:12,168] {logging_mixin.py:109} INFO - [2022-10-24 01:22:12,168] {dag.py:2937} INFO - Setting next_dagrun for example_complex to None
[2022-10-24 01:22:12,195] {processor.py:171} INFO - Processing /home/airflow/.local/lib/python3.7/site-packages/airflow/example_dags/example_complex.py took 0.210 seconds
[2022-10-24 01:22:43,125] {processor.py:163} INFO - Started process (PID=540) to work on /home/airflow/.local/lib/python3.7/site-packages/airflow/example_dags/example_complex.py
[2022-10-24 01:22:43,127] {processor.py:642} INFO - Processing file /home/airflow/.local/lib/python3.7/site-packages/airflow/example_dags/example_complex.py for tasks to queue
[2022-10-24 01:22:43,128] {logging_mixin.py:109} INFO - [2022-10-24 01:22:43,128] {dagbag.py:500} INFO - Filling up the DagBag from /home/airflow/.local/lib/python3.7/site-packages/airflow/example_dags/example_complex.py
[2022-10-24 01:22:43,171] {processor.py:654} INFO - DAG(s) dict_keys(['example_complex']) retrieved from /home/airflow/.local/lib/python3.7/site-packages/airflow/example_dags/example_complex.py
[2022-10-24 01:22:43,188] {logging_mixin.py:109} INFO - [2022-10-24 01:22:43,188] {dag.py:2398} INFO - Sync 1 DAGs
[2022-10-24 01:22:43,209] {logging_mixin.py:109} INFO - [2022-10-24 01:22:43,209] {dag.py:2937} INFO - Setting next_dagrun for example_complex to None
[2022-10-24 01:22:43,224] {processor.py:171} INFO - Processing /home/airflow/.local/lib/python3.7/site-packages/airflow/example_dags/example_complex.py took 0.103 seconds
[2022-10-24 01:23:13,821] {processor.py:163} INFO - Started process (PID=592) to work on /home/airflow/.local/lib/python3.7/site-packages/airflow/example_dags/example_complex.py
[2022-10-24 01:23:13,824] {processor.py:642} INFO - Processing file /home/airflow/.local/lib/python3.7/site-packages/airflow/example_dags/example_complex.py for tasks to queue
[2022-10-24 01:23:13,826] {logging_mixin.py:109} INFO - [2022-10-24 01:23:13,826] {dagbag.py:500} INFO - Filling up the DagBag from /home/airflow/.local/lib/python3.7/site-packages/airflow/example_dags/example_complex.py
[2022-10-24 01:23:13,876] {processor.py:654} INFO - DAG(s) dict_keys(['example_complex']) retrieved from /home/airflow/.local/lib/python3.7/site-packages/airflow/example_dags/example_complex.py
[2022-10-24 01:23:13,900] {logging_mixin.py:109} INFO - [2022-10-24 01:23:13,900] {dag.py:2398} INFO - Sync 1 DAGs
[2022-10-24 01:23:13,923] {logging_mixin.py:109} INFO - [2022-10-24 01:23:13,922] {dag.py:2937} INFO - Setting next_dagrun for example_complex to None
[2022-10-24 01:23:13,939] {processor.py:171} INFO - Processing /home/airflow/.local/lib/python3.7/site-packages/airflow/example_dags/example_complex.py took 0.123 seconds
[2022-10-24 01:23:44,786] {processor.py:163} INFO - Started process (PID=653) to work on /home/airflow/.local/lib/python3.7/site-packages/airflow/example_dags/example_complex.py
[2022-10-24 01:23:44,796] {processor.py:642} INFO - Processing file /home/airflow/.local/lib/python3.7/site-packages/airflow/example_dags/example_complex.py for tasks to queue
[2022-10-24 01:23:44,798] {logging_mixin.py:109} INFO - [2022-10-24 01:23:44,798] {dagbag.py:500} INFO - Filling up the DagBag from /home/airflow/.local/lib/python3.7/site-packages/airflow/example_dags/example_complex.py
[2022-10-24 01:23:44,889] {processor.py:654} INFO - DAG(s) dict_keys(['example_complex']) retrieved from /home/airflow/.local/lib/python3.7/site-packages/airflow/example_dags/example_complex.py
[2022-10-24 01:23:44,911] {logging_mixin.py:109} INFO - [2022-10-24 01:23:44,911] {dag.py:2398} INFO - Sync 1 DAGs
[2022-10-24 01:23:44,933] {logging_mixin.py:109} INFO - [2022-10-24 01:23:44,933] {dag.py:2937} INFO - Setting next_dagrun for example_complex to None
[2022-10-24 01:23:44,951] {processor.py:171} INFO - Processing /home/airflow/.local/lib/python3.7/site-packages/airflow/example_dags/example_complex.py took 0.176 seconds
[2022-10-24 01:24:15,875] {processor.py:163} INFO - Started process (PID=705) to work on /home/airflow/.local/lib/python3.7/site-packages/airflow/example_dags/example_complex.py
[2022-10-24 01:24:15,877] {processor.py:642} INFO - Processing file /home/airflow/.local/lib/python3.7/site-packages/airflow/example_dags/example_complex.py for tasks to queue
[2022-10-24 01:24:15,880] {logging_mixin.py:109} INFO - [2022-10-24 01:24:15,879] {dagbag.py:500} INFO - Filling up the DagBag from /home/airflow/.local/lib/python3.7/site-packages/airflow/example_dags/example_complex.py
[2022-10-24 01:24:15,934] {processor.py:654} INFO - DAG(s) dict_keys(['example_complex']) retrieved from /home/airflow/.local/lib/python3.7/site-packages/airflow/example_dags/example_complex.py
[2022-10-24 01:24:15,952] {logging_mixin.py:109} INFO - [2022-10-24 01:24:15,952] {dag.py:2398} INFO - Sync 1 DAGs
[2022-10-24 01:24:15,973] {logging_mixin.py:109} INFO - [2022-10-24 01:24:15,973] {dag.py:2937} INFO - Setting next_dagrun for example_complex to None
[2022-10-24 01:24:15,988] {processor.py:171} INFO - Processing /home/airflow/.local/lib/python3.7/site-packages/airflow/example_dags/example_complex.py took 0.118 seconds
[2022-10-24 01:24:46,633] {processor.py:163} INFO - Started process (PID=757) to work on /home/airflow/.local/lib/python3.7/site-packages/airflow/example_dags/example_complex.py
[2022-10-24 01:24:46,673] {processor.py:642} INFO - Processing file /home/airflow/.local/lib/python3.7/site-packages/airflow/example_dags/example_complex.py for tasks to queue
[2022-10-24 01:24:46,680] {logging_mixin.py:109} INFO - [2022-10-24 01:24:46,679] {dagbag.py:500} INFO - Filling up the DagBag from /home/airflow/.local/lib/python3.7/site-packages/airflow/example_dags/example_complex.py
[2022-10-24 01:24:46,922] {processor.py:654} INFO - DAG(s) dict_keys(['example_complex']) retrieved from /home/airflow/.local/lib/python3.7/site-packages/airflow/example_dags/example_complex.py
[2022-10-24 01:24:46,993] {logging_mixin.py:109} INFO - [2022-10-24 01:24:46,992] {dag.py:2398} INFO - Sync 1 DAGs
[2022-10-24 01:24:47,060] {logging_mixin.py:109} INFO - [2022-10-24 01:24:47,059] {dag.py:2937} INFO - Setting next_dagrun for example_complex to None
[2022-10-24 01:24:47,116] {processor.py:171} INFO - Processing /home/airflow/.local/lib/python3.7/site-packages/airflow/example_dags/example_complex.py took 0.493 seconds
[2022-10-24 01:25:17,494] {processor.py:163} INFO - Started process (PID=809) to work on /home/airflow/.local/lib/python3.7/site-packages/airflow/example_dags/example_complex.py
[2022-10-24 01:25:17,499] {processor.py:642} INFO - Processing file /home/airflow/.local/lib/python3.7/site-packages/airflow/example_dags/example_complex.py for tasks to queue
[2022-10-24 01:25:17,502] {logging_mixin.py:109} INFO - [2022-10-24 01:25:17,501] {dagbag.py:500} INFO - Filling up the DagBag from /home/airflow/.local/lib/python3.7/site-packages/airflow/example_dags/example_complex.py
[2022-10-24 01:25:17,566] {processor.py:654} INFO - DAG(s) dict_keys(['example_complex']) retrieved from /home/airflow/.local/lib/python3.7/site-packages/airflow/example_dags/example_complex.py
[2022-10-24 01:25:17,587] {logging_mixin.py:109} INFO - [2022-10-24 01:25:17,587] {dag.py:2398} INFO - Sync 1 DAGs
[2022-10-24 01:25:17,612] {logging_mixin.py:109} INFO - [2022-10-24 01:25:17,612] {dag.py:2937} INFO - Setting next_dagrun for example_complex to None
[2022-10-24 01:25:17,631] {processor.py:171} INFO - Processing /home/airflow/.local/lib/python3.7/site-packages/airflow/example_dags/example_complex.py took 0.149 seconds
[2022-10-24 01:25:47,815] {processor.py:163} INFO - Started process (PID=860) to work on /home/airflow/.local/lib/python3.7/site-packages/airflow/example_dags/example_complex.py
[2022-10-24 01:25:47,819] {processor.py:642} INFO - Processing file /home/airflow/.local/lib/python3.7/site-packages/airflow/example_dags/example_complex.py for tasks to queue
[2022-10-24 01:25:47,821] {logging_mixin.py:109} INFO - [2022-10-24 01:25:47,821] {dagbag.py:500} INFO - Filling up the DagBag from /home/airflow/.local/lib/python3.7/site-packages/airflow/example_dags/example_complex.py
[2022-10-24 01:25:47,895] {processor.py:654} INFO - DAG(s) dict_keys(['example_complex']) retrieved from /home/airflow/.local/lib/python3.7/site-packages/airflow/example_dags/example_complex.py
[2022-10-24 01:25:47,925] {logging_mixin.py:109} INFO - [2022-10-24 01:25:47,925] {dag.py:2398} INFO - Sync 1 DAGs
[2022-10-24 01:25:47,953] {logging_mixin.py:109} INFO - [2022-10-24 01:25:47,953] {dag.py:2937} INFO - Setting next_dagrun for example_complex to None
[2022-10-24 01:25:47,971] {processor.py:171} INFO - Processing /home/airflow/.local/lib/python3.7/site-packages/airflow/example_dags/example_complex.py took 0.162 seconds
[2022-10-24 01:26:18,792] {processor.py:163} INFO - Started process (PID=913) to work on /home/airflow/.local/lib/python3.7/site-packages/airflow/example_dags/example_complex.py
[2022-10-24 01:26:18,795] {processor.py:642} INFO - Processing file /home/airflow/.local/lib/python3.7/site-packages/airflow/example_dags/example_complex.py for tasks to queue
[2022-10-24 01:26:18,797] {logging_mixin.py:109} INFO - [2022-10-24 01:26:18,797] {dagbag.py:500} INFO - Filling up the DagBag from /home/airflow/.local/lib/python3.7/site-packages/airflow/example_dags/example_complex.py
[2022-10-24 01:26:18,861] {processor.py:654} INFO - DAG(s) dict_keys(['example_complex']) retrieved from /home/airflow/.local/lib/python3.7/site-packages/airflow/example_dags/example_complex.py
[2022-10-24 01:26:18,885] {logging_mixin.py:109} INFO - [2022-10-24 01:26:18,884] {dag.py:2398} INFO - Sync 1 DAGs
[2022-10-24 01:26:18,913] {logging_mixin.py:109} INFO - [2022-10-24 01:26:18,913] {dag.py:2937} INFO - Setting next_dagrun for example_complex to None
[2022-10-24 01:26:18,930] {processor.py:171} INFO - Processing /home/airflow/.local/lib/python3.7/site-packages/airflow/example_dags/example_complex.py took 0.147 seconds
[2022-10-24 01:26:49,744] {processor.py:163} INFO - Started process (PID=974) to work on /home/airflow/.local/lib/python3.7/site-packages/airflow/example_dags/example_complex.py
[2022-10-24 01:26:49,749] {processor.py:642} INFO - Processing file /home/airflow/.local/lib/python3.7/site-packages/airflow/example_dags/example_complex.py for tasks to queue
[2022-10-24 01:26:49,753] {logging_mixin.py:109} INFO - [2022-10-24 01:26:49,752] {dagbag.py:500} INFO - Filling up the DagBag from /home/airflow/.local/lib/python3.7/site-packages/airflow/example_dags/example_complex.py
[2022-10-24 01:26:49,844] {processor.py:654} INFO - DAG(s) dict_keys(['example_complex']) retrieved from /home/airflow/.local/lib/python3.7/site-packages/airflow/example_dags/example_complex.py
[2022-10-24 01:26:49,877] {logging_mixin.py:109} INFO - [2022-10-24 01:26:49,877] {dag.py:2398} INFO - Sync 1 DAGs
[2022-10-24 01:26:49,906] {logging_mixin.py:109} INFO - [2022-10-24 01:26:49,906] {dag.py:2937} INFO - Setting next_dagrun for example_complex to None
[2022-10-24 01:26:49,928] {processor.py:171} INFO - Processing /home/airflow/.local/lib/python3.7/site-packages/airflow/example_dags/example_complex.py took 0.194 seconds
[2022-10-24 01:27:21,201] {processor.py:163} INFO - Started process (PID=1028) to work on /home/airflow/.local/lib/python3.7/site-packages/airflow/example_dags/example_complex.py
[2022-10-24 01:27:21,205] {processor.py:642} INFO - Processing file /home/airflow/.local/lib/python3.7/site-packages/airflow/example_dags/example_complex.py for tasks to queue
[2022-10-24 01:27:21,209] {logging_mixin.py:109} INFO - [2022-10-24 01:27:21,208] {dagbag.py:500} INFO - Filling up the DagBag from /home/airflow/.local/lib/python3.7/site-packages/airflow/example_dags/example_complex.py
[2022-10-24 01:27:21,322] {processor.py:654} INFO - DAG(s) dict_keys(['example_complex']) retrieved from /home/airflow/.local/lib/python3.7/site-packages/airflow/example_dags/example_complex.py
[2022-10-24 01:27:21,355] {logging_mixin.py:109} INFO - [2022-10-24 01:27:21,355] {dag.py:2398} INFO - Sync 1 DAGs
[2022-10-24 01:27:21,398] {logging_mixin.py:109} INFO - [2022-10-24 01:27:21,398] {dag.py:2937} INFO - Setting next_dagrun for example_complex to None
[2022-10-24 01:27:21,423] {processor.py:171} INFO - Processing /home/airflow/.local/lib/python3.7/site-packages/airflow/example_dags/example_complex.py took 0.234 seconds
[2022-10-24 01:27:51,722] {processor.py:163} INFO - Started process (PID=1078) to work on /home/airflow/.local/lib/python3.7/site-packages/airflow/example_dags/example_complex.py
[2022-10-24 01:27:51,727] {processor.py:642} INFO - Processing file /home/airflow/.local/lib/python3.7/site-packages/airflow/example_dags/example_complex.py for tasks to queue
[2022-10-24 01:27:51,730] {logging_mixin.py:109} INFO - [2022-10-24 01:27:51,730] {dagbag.py:500} INFO - Filling up the DagBag from /home/airflow/.local/lib/python3.7/site-packages/airflow/example_dags/example_complex.py
[2022-10-24 01:27:51,805] {processor.py:654} INFO - DAG(s) dict_keys(['example_complex']) retrieved from /home/airflow/.local/lib/python3.7/site-packages/airflow/example_dags/example_complex.py
[2022-10-24 01:27:51,840] {logging_mixin.py:109} INFO - [2022-10-24 01:27:51,839] {dag.py:2398} INFO - Sync 1 DAGs
[2022-10-24 01:27:51,877] {logging_mixin.py:109} INFO - [2022-10-24 01:27:51,877] {dag.py:2937} INFO - Setting next_dagrun for example_complex to None
[2022-10-24 01:27:51,905] {processor.py:171} INFO - Processing /home/airflow/.local/lib/python3.7/site-packages/airflow/example_dags/example_complex.py took 0.206 seconds
[2022-10-24 01:28:22,110] {processor.py:163} INFO - Started process (PID=1130) to work on /home/airflow/.local/lib/python3.7/site-packages/airflow/example_dags/example_complex.py
[2022-10-24 01:28:22,113] {processor.py:642} INFO - Processing file /home/airflow/.local/lib/python3.7/site-packages/airflow/example_dags/example_complex.py for tasks to queue
[2022-10-24 01:28:22,115] {logging_mixin.py:109} INFO - [2022-10-24 01:28:22,115] {dagbag.py:500} INFO - Filling up the DagBag from /home/airflow/.local/lib/python3.7/site-packages/airflow/example_dags/example_complex.py
[2022-10-24 01:28:22,180] {processor.py:654} INFO - DAG(s) dict_keys(['example_complex']) retrieved from /home/airflow/.local/lib/python3.7/site-packages/airflow/example_dags/example_complex.py
[2022-10-24 01:28:22,202] {logging_mixin.py:109} INFO - [2022-10-24 01:28:22,202] {dag.py:2398} INFO - Sync 1 DAGs
[2022-10-24 01:28:22,225] {logging_mixin.py:109} INFO - [2022-10-24 01:28:22,225] {dag.py:2937} INFO - Setting next_dagrun for example_complex to None
[2022-10-24 01:28:22,238] {processor.py:171} INFO - Processing /home/airflow/.local/lib/python3.7/site-packages/airflow/example_dags/example_complex.py took 0.134 seconds
[2022-10-24 01:28:52,557] {processor.py:163} INFO - Started process (PID=1181) to work on /home/airflow/.local/lib/python3.7/site-packages/airflow/example_dags/example_complex.py
[2022-10-24 01:28:52,559] {processor.py:642} INFO - Processing file /home/airflow/.local/lib/python3.7/site-packages/airflow/example_dags/example_complex.py for tasks to queue
[2022-10-24 01:28:52,560] {logging_mixin.py:109} INFO - [2022-10-24 01:28:52,560] {dagbag.py:500} INFO - Filling up the DagBag from /home/airflow/.local/lib/python3.7/site-packages/airflow/example_dags/example_complex.py
[2022-10-24 01:28:52,607] {processor.py:654} INFO - DAG(s) dict_keys(['example_complex']) retrieved from /home/airflow/.local/lib/python3.7/site-packages/airflow/example_dags/example_complex.py
[2022-10-24 01:28:52,625] {logging_mixin.py:109} INFO - [2022-10-24 01:28:52,625] {dag.py:2398} INFO - Sync 1 DAGs
[2022-10-24 01:28:52,643] {logging_mixin.py:109} INFO - [2022-10-24 01:28:52,642] {dag.py:2937} INFO - Setting next_dagrun for example_complex to None
[2022-10-24 01:28:52,656] {processor.py:171} INFO - Processing /home/airflow/.local/lib/python3.7/site-packages/airflow/example_dags/example_complex.py took 0.104 seconds
[2022-10-24 01:29:23,869] {processor.py:163} INFO - Started process (PID=1242) to work on /home/airflow/.local/lib/python3.7/site-packages/airflow/example_dags/example_complex.py
[2022-10-24 01:29:23,872] {processor.py:642} INFO - Processing file /home/airflow/.local/lib/python3.7/site-packages/airflow/example_dags/example_complex.py for tasks to queue
[2022-10-24 01:29:23,875] {logging_mixin.py:109} INFO - [2022-10-24 01:29:23,875] {dagbag.py:500} INFO - Filling up the DagBag from /home/airflow/.local/lib/python3.7/site-packages/airflow/example_dags/example_complex.py
[2022-10-24 01:29:23,955] {processor.py:654} INFO - DAG(s) dict_keys(['example_complex']) retrieved from /home/airflow/.local/lib/python3.7/site-packages/airflow/example_dags/example_complex.py
[2022-10-24 01:29:23,982] {logging_mixin.py:109} INFO - [2022-10-24 01:29:23,982] {dag.py:2398} INFO - Sync 1 DAGs
[2022-10-24 01:29:24,013] {logging_mixin.py:109} INFO - [2022-10-24 01:29:24,013] {dag.py:2937} INFO - Setting next_dagrun for example_complex to None
[2022-10-24 01:29:24,044] {processor.py:171} INFO - Processing /home/airflow/.local/lib/python3.7/site-packages/airflow/example_dags/example_complex.py took 0.181 seconds
[2022-10-24 01:29:54,234] {processor.py:163} INFO - Started process (PID=1296) to work on /home/airflow/.local/lib/python3.7/site-packages/airflow/example_dags/example_complex.py
[2022-10-24 01:29:54,237] {processor.py:642} INFO - Processing file /home/airflow/.local/lib/python3.7/site-packages/airflow/example_dags/example_complex.py for tasks to queue
[2022-10-24 01:29:54,238] {logging_mixin.py:109} INFO - [2022-10-24 01:29:54,238] {dagbag.py:500} INFO - Filling up the DagBag from /home/airflow/.local/lib/python3.7/site-packages/airflow/example_dags/example_complex.py
[2022-10-24 01:29:54,311] {processor.py:654} INFO - DAG(s) dict_keys(['example_complex']) retrieved from /home/airflow/.local/lib/python3.7/site-packages/airflow/example_dags/example_complex.py
[2022-10-24 01:29:54,333] {logging_mixin.py:109} INFO - [2022-10-24 01:29:54,332] {dag.py:2398} INFO - Sync 1 DAGs
[2022-10-24 01:29:54,358] {logging_mixin.py:109} INFO - [2022-10-24 01:29:54,357] {dag.py:2937} INFO - Setting next_dagrun for example_complex to None
[2022-10-24 01:29:54,381] {processor.py:171} INFO - Processing /home/airflow/.local/lib/python3.7/site-packages/airflow/example_dags/example_complex.py took 0.152 seconds
[2022-10-24 01:30:24,774] {processor.py:163} INFO - Started process (PID=1349) to work on /home/airflow/.local/lib/python3.7/site-packages/airflow/example_dags/example_complex.py
[2022-10-24 01:30:24,780] {processor.py:642} INFO - Processing file /home/airflow/.local/lib/python3.7/site-packages/airflow/example_dags/example_complex.py for tasks to queue
[2022-10-24 01:30:24,783] {logging_mixin.py:109} INFO - [2022-10-24 01:30:24,783] {dagbag.py:500} INFO - Filling up the DagBag from /home/airflow/.local/lib/python3.7/site-packages/airflow/example_dags/example_complex.py
[2022-10-24 01:30:24,882] {processor.py:654} INFO - DAG(s) dict_keys(['example_complex']) retrieved from /home/airflow/.local/lib/python3.7/site-packages/airflow/example_dags/example_complex.py
[2022-10-24 01:30:24,919] {logging_mixin.py:109} INFO - [2022-10-24 01:30:24,919] {dag.py:2398} INFO - Sync 1 DAGs
[2022-10-24 01:30:24,945] {logging_mixin.py:109} INFO - [2022-10-24 01:30:24,945] {dag.py:2937} INFO - Setting next_dagrun for example_complex to None
[2022-10-24 01:30:24,974] {processor.py:171} INFO - Processing /home/airflow/.local/lib/python3.7/site-packages/airflow/example_dags/example_complex.py took 0.211 seconds
[2022-10-24 01:30:55,134] {processor.py:163} INFO - Started process (PID=1401) to work on /home/airflow/.local/lib/python3.7/site-packages/airflow/example_dags/example_complex.py
[2022-10-24 01:30:55,135] {processor.py:642} INFO - Processing file /home/airflow/.local/lib/python3.7/site-packages/airflow/example_dags/example_complex.py for tasks to queue
[2022-10-24 01:30:55,138] {logging_mixin.py:109} INFO - [2022-10-24 01:30:55,137] {dagbag.py:500} INFO - Filling up the DagBag from /home/airflow/.local/lib/python3.7/site-packages/airflow/example_dags/example_complex.py
[2022-10-24 01:30:55,178] {processor.py:654} INFO - DAG(s) dict_keys(['example_complex']) retrieved from /home/airflow/.local/lib/python3.7/site-packages/airflow/example_dags/example_complex.py
[2022-10-24 01:30:55,193] {logging_mixin.py:109} INFO - [2022-10-24 01:30:55,192] {dag.py:2398} INFO - Sync 1 DAGs
[2022-10-24 01:30:55,212] {logging_mixin.py:109} INFO - [2022-10-24 01:30:55,212] {dag.py:2937} INFO - Setting next_dagrun for example_complex to None
[2022-10-24 01:30:55,226] {processor.py:171} INFO - Processing /home/airflow/.local/lib/python3.7/site-packages/airflow/example_dags/example_complex.py took 0.097 seconds
[2022-10-24 01:31:25,758] {processor.py:163} INFO - Started process (PID=1461) to work on /home/airflow/.local/lib/python3.7/site-packages/airflow/example_dags/example_complex.py
[2022-10-24 01:31:25,761] {processor.py:642} INFO - Processing file /home/airflow/.local/lib/python3.7/site-packages/airflow/example_dags/example_complex.py for tasks to queue
[2022-10-24 01:31:25,764] {logging_mixin.py:109} INFO - [2022-10-24 01:31:25,763] {dagbag.py:500} INFO - Filling up the DagBag from /home/airflow/.local/lib/python3.7/site-packages/airflow/example_dags/example_complex.py
[2022-10-24 01:31:25,831] {processor.py:654} INFO - DAG(s) dict_keys(['example_complex']) retrieved from /home/airflow/.local/lib/python3.7/site-packages/airflow/example_dags/example_complex.py
[2022-10-24 01:31:25,855] {logging_mixin.py:109} INFO - [2022-10-24 01:31:25,854] {dag.py:2398} INFO - Sync 1 DAGs
[2022-10-24 01:31:25,881] {logging_mixin.py:109} INFO - [2022-10-24 01:31:25,881] {dag.py:2937} INFO - Setting next_dagrun for example_complex to None
[2022-10-24 01:31:25,894] {processor.py:171} INFO - Processing /home/airflow/.local/lib/python3.7/site-packages/airflow/example_dags/example_complex.py took 0.141 seconds
[2022-10-24 01:31:56,775] {processor.py:163} INFO - Started process (PID=1514) to work on /home/airflow/.local/lib/python3.7/site-packages/airflow/example_dags/example_complex.py
[2022-10-24 01:31:56,780] {processor.py:642} INFO - Processing file /home/airflow/.local/lib/python3.7/site-packages/airflow/example_dags/example_complex.py for tasks to queue
[2022-10-24 01:31:56,783] {logging_mixin.py:109} INFO - [2022-10-24 01:31:56,783] {dagbag.py:500} INFO - Filling up the DagBag from /home/airflow/.local/lib/python3.7/site-packages/airflow/example_dags/example_complex.py
[2022-10-24 01:31:56,837] {processor.py:654} INFO - DAG(s) dict_keys(['example_complex']) retrieved from /home/airflow/.local/lib/python3.7/site-packages/airflow/example_dags/example_complex.py
[2022-10-24 01:31:56,866] {logging_mixin.py:109} INFO - [2022-10-24 01:31:56,866] {dag.py:2398} INFO - Sync 1 DAGs
[2022-10-24 01:31:56,889] {logging_mixin.py:109} INFO - [2022-10-24 01:31:56,889] {dag.py:2937} INFO - Setting next_dagrun for example_complex to None
[2022-10-24 01:31:56,905] {processor.py:171} INFO - Processing /home/airflow/.local/lib/python3.7/site-packages/airflow/example_dags/example_complex.py took 0.136 seconds
[2022-10-24 01:32:27,337] {processor.py:163} INFO - Started process (PID=1568) to work on /home/airflow/.local/lib/python3.7/site-packages/airflow/example_dags/example_complex.py
[2022-10-24 01:32:27,339] {processor.py:642} INFO - Processing file /home/airflow/.local/lib/python3.7/site-packages/airflow/example_dags/example_complex.py for tasks to queue
[2022-10-24 01:32:27,340] {logging_mixin.py:109} INFO - [2022-10-24 01:32:27,340] {dagbag.py:500} INFO - Filling up the DagBag from /home/airflow/.local/lib/python3.7/site-packages/airflow/example_dags/example_complex.py
[2022-10-24 01:32:27,388] {processor.py:654} INFO - DAG(s) dict_keys(['example_complex']) retrieved from /home/airflow/.local/lib/python3.7/site-packages/airflow/example_dags/example_complex.py
[2022-10-24 01:32:27,406] {logging_mixin.py:109} INFO - [2022-10-24 01:32:27,406] {dag.py:2398} INFO - Sync 1 DAGs
[2022-10-24 01:32:27,426] {logging_mixin.py:109} INFO - [2022-10-24 01:32:27,426] {dag.py:2937} INFO - Setting next_dagrun for example_complex to None
[2022-10-24 01:32:27,437] {processor.py:171} INFO - Processing /home/airflow/.local/lib/python3.7/site-packages/airflow/example_dags/example_complex.py took 0.104 seconds
[2022-10-24 01:32:58,064] {processor.py:163} INFO - Started process (PID=1629) to work on /home/airflow/.local/lib/python3.7/site-packages/airflow/example_dags/example_complex.py
[2022-10-24 01:32:58,067] {processor.py:642} INFO - Processing file /home/airflow/.local/lib/python3.7/site-packages/airflow/example_dags/example_complex.py for tasks to queue
[2022-10-24 01:32:58,068] {logging_mixin.py:109} INFO - [2022-10-24 01:32:58,068] {dagbag.py:500} INFO - Filling up the DagBag from /home/airflow/.local/lib/python3.7/site-packages/airflow/example_dags/example_complex.py
[2022-10-24 01:32:58,106] {processor.py:654} INFO - DAG(s) dict_keys(['example_complex']) retrieved from /home/airflow/.local/lib/python3.7/site-packages/airflow/example_dags/example_complex.py
[2022-10-24 01:32:58,122] {logging_mixin.py:109} INFO - [2022-10-24 01:32:58,122] {dag.py:2398} INFO - Sync 1 DAGs
[2022-10-24 01:32:58,141] {logging_mixin.py:109} INFO - [2022-10-24 01:32:58,141] {dag.py:2937} INFO - Setting next_dagrun for example_complex to None
[2022-10-24 01:32:58,154] {processor.py:171} INFO - Processing /home/airflow/.local/lib/python3.7/site-packages/airflow/example_dags/example_complex.py took 0.093 seconds
[2022-10-24 01:33:28,802] {processor.py:163} INFO - Started process (PID=1681) to work on /home/airflow/.local/lib/python3.7/site-packages/airflow/example_dags/example_complex.py
[2022-10-24 01:33:28,804] {processor.py:642} INFO - Processing file /home/airflow/.local/lib/python3.7/site-packages/airflow/example_dags/example_complex.py for tasks to queue
[2022-10-24 01:33:28,806] {logging_mixin.py:109} INFO - [2022-10-24 01:33:28,806] {dagbag.py:500} INFO - Filling up the DagBag from /home/airflow/.local/lib/python3.7/site-packages/airflow/example_dags/example_complex.py
[2022-10-24 01:33:28,852] {processor.py:654} INFO - DAG(s) dict_keys(['example_complex']) retrieved from /home/airflow/.local/lib/python3.7/site-packages/airflow/example_dags/example_complex.py
[2022-10-24 01:33:28,869] {logging_mixin.py:109} INFO - [2022-10-24 01:33:28,869] {dag.py:2398} INFO - Sync 1 DAGs
[2022-10-24 01:33:28,885] {logging_mixin.py:109} INFO - [2022-10-24 01:33:28,885] {dag.py:2937} INFO - Setting next_dagrun for example_complex to None
[2022-10-24 01:33:28,899] {processor.py:171} INFO - Processing /home/airflow/.local/lib/python3.7/site-packages/airflow/example_dags/example_complex.py took 0.103 seconds
[2022-10-24 01:33:59,602] {processor.py:163} INFO - Started process (PID=1741) to work on /home/airflow/.local/lib/python3.7/site-packages/airflow/example_dags/example_complex.py
[2022-10-24 01:33:59,605] {processor.py:642} INFO - Processing file /home/airflow/.local/lib/python3.7/site-packages/airflow/example_dags/example_complex.py for tasks to queue
[2022-10-24 01:33:59,608] {logging_mixin.py:109} INFO - [2022-10-24 01:33:59,608] {dagbag.py:500} INFO - Filling up the DagBag from /home/airflow/.local/lib/python3.7/site-packages/airflow/example_dags/example_complex.py
[2022-10-24 01:33:59,666] {processor.py:654} INFO - DAG(s) dict_keys(['example_complex']) retrieved from /home/airflow/.local/lib/python3.7/site-packages/airflow/example_dags/example_complex.py
[2022-10-24 01:33:59,689] {logging_mixin.py:109} INFO - [2022-10-24 01:33:59,689] {dag.py:2398} INFO - Sync 1 DAGs
[2022-10-24 01:33:59,708] {logging_mixin.py:109} INFO - [2022-10-24 01:33:59,708] {dag.py:2937} INFO - Setting next_dagrun for example_complex to None
[2022-10-24 01:33:59,723] {processor.py:171} INFO - Processing /home/airflow/.local/lib/python3.7/site-packages/airflow/example_dags/example_complex.py took 0.128 seconds
[2022-10-24 01:34:30,421] {processor.py:163} INFO - Started process (PID=1792) to work on /home/airflow/.local/lib/python3.7/site-packages/airflow/example_dags/example_complex.py
[2022-10-24 01:34:30,424] {processor.py:642} INFO - Processing file /home/airflow/.local/lib/python3.7/site-packages/airflow/example_dags/example_complex.py for tasks to queue
[2022-10-24 01:34:30,426] {logging_mixin.py:109} INFO - [2022-10-24 01:34:30,426] {dagbag.py:500} INFO - Filling up the DagBag from /home/airflow/.local/lib/python3.7/site-packages/airflow/example_dags/example_complex.py
[2022-10-24 01:34:30,470] {processor.py:654} INFO - DAG(s) dict_keys(['example_complex']) retrieved from /home/airflow/.local/lib/python3.7/site-packages/airflow/example_dags/example_complex.py
[2022-10-24 01:34:30,487] {logging_mixin.py:109} INFO - [2022-10-24 01:34:30,487] {dag.py:2398} INFO - Sync 1 DAGs
[2022-10-24 01:34:30,504] {logging_mixin.py:109} INFO - [2022-10-24 01:34:30,504] {dag.py:2937} INFO - Setting next_dagrun for example_complex to None
[2022-10-24 01:34:30,517] {processor.py:171} INFO - Processing /home/airflow/.local/lib/python3.7/site-packages/airflow/example_dags/example_complex.py took 0.101 seconds
[2022-10-24 01:35:00,930] {processor.py:163} INFO - Started process (PID=1844) to work on /home/airflow/.local/lib/python3.7/site-packages/airflow/example_dags/example_complex.py
[2022-10-24 01:35:00,932] {processor.py:642} INFO - Processing file /home/airflow/.local/lib/python3.7/site-packages/airflow/example_dags/example_complex.py for tasks to queue
[2022-10-24 01:35:00,933] {logging_mixin.py:109} INFO - [2022-10-24 01:35:00,933] {dagbag.py:500} INFO - Filling up the DagBag from /home/airflow/.local/lib/python3.7/site-packages/airflow/example_dags/example_complex.py
[2022-10-24 01:35:00,975] {processor.py:654} INFO - DAG(s) dict_keys(['example_complex']) retrieved from /home/airflow/.local/lib/python3.7/site-packages/airflow/example_dags/example_complex.py
[2022-10-24 01:35:00,991] {logging_mixin.py:109} INFO - [2022-10-24 01:35:00,991] {dag.py:2398} INFO - Sync 1 DAGs
[2022-10-24 01:35:01,008] {logging_mixin.py:109} INFO - [2022-10-24 01:35:01,008] {dag.py:2937} INFO - Setting next_dagrun for example_complex to None
[2022-10-24 01:35:01,021] {processor.py:171} INFO - Processing /home/airflow/.local/lib/python3.7/site-packages/airflow/example_dags/example_complex.py took 0.095 seconds
[2022-10-24 01:35:31,137] {processor.py:163} INFO - Started process (PID=1905) to work on /home/airflow/.local/lib/python3.7/site-packages/airflow/example_dags/example_complex.py
[2022-10-24 01:35:31,140] {processor.py:642} INFO - Processing file /home/airflow/.local/lib/python3.7/site-packages/airflow/example_dags/example_complex.py for tasks to queue
[2022-10-24 01:35:31,142] {logging_mixin.py:109} INFO - [2022-10-24 01:35:31,142] {dagbag.py:500} INFO - Filling up the DagBag from /home/airflow/.local/lib/python3.7/site-packages/airflow/example_dags/example_complex.py
[2022-10-24 01:35:31,184] {processor.py:654} INFO - DAG(s) dict_keys(['example_complex']) retrieved from /home/airflow/.local/lib/python3.7/site-packages/airflow/example_dags/example_complex.py
[2022-10-24 01:35:31,206] {logging_mixin.py:109} INFO - [2022-10-24 01:35:31,206] {dag.py:2398} INFO - Sync 1 DAGs
[2022-10-24 01:35:31,231] {logging_mixin.py:109} INFO - [2022-10-24 01:35:31,231] {dag.py:2937} INFO - Setting next_dagrun for example_complex to None
[2022-10-24 01:35:31,248] {processor.py:171} INFO - Processing /home/airflow/.local/lib/python3.7/site-packages/airflow/example_dags/example_complex.py took 0.118 seconds
