[2022-10-24 01:18:08,111] {processor.py:163} INFO - Started process (PID=63) to work on /home/airflow/.local/lib/python3.7/site-packages/airflow/example_dags/example_nested_branch_dag.py
[2022-10-24 01:18:08,117] {processor.py:642} INFO - Processing file /home/airflow/.local/lib/python3.7/site-packages/airflow/example_dags/example_nested_branch_dag.py for tasks to queue
[2022-10-24 01:18:08,121] {logging_mixin.py:109} INFO - [2022-10-24 01:18:08,121] {dagbag.py:500} INFO - Filling up the DagBag from /home/airflow/.local/lib/python3.7/site-packages/airflow/example_dags/example_nested_branch_dag.py
[2022-10-24 01:18:08,227] {processor.py:654} INFO - DAG(s) dict_keys(['example_nested_branch_dag']) retrieved from /home/airflow/.local/lib/python3.7/site-packages/airflow/example_dags/example_nested_branch_dag.py
[2022-10-24 01:18:08,262] {logging_mixin.py:109} INFO - [2022-10-24 01:18:08,262] {dag.py:2398} INFO - Sync 1 DAGs
[2022-10-24 01:18:08,308] {logging_mixin.py:109} INFO - [2022-10-24 01:18:08,308] {dag.py:2937} INFO - Setting next_dagrun for example_nested_branch_dag to 2022-10-23 00:00:00+00:00
[2022-10-24 01:18:08,331] {processor.py:171} INFO - Processing /home/airflow/.local/lib/python3.7/site-packages/airflow/example_dags/example_nested_branch_dag.py took 0.229 seconds
[2022-10-24 01:18:40,180] {processor.py:163} INFO - Started process (PID=115) to work on /home/airflow/.local/lib/python3.7/site-packages/airflow/example_dags/example_nested_branch_dag.py
[2022-10-24 01:18:40,187] {processor.py:642} INFO - Processing file /home/airflow/.local/lib/python3.7/site-packages/airflow/example_dags/example_nested_branch_dag.py for tasks to queue
[2022-10-24 01:18:40,191] {logging_mixin.py:109} INFO - [2022-10-24 01:18:40,190] {dagbag.py:500} INFO - Filling up the DagBag from /home/airflow/.local/lib/python3.7/site-packages/airflow/example_dags/example_nested_branch_dag.py
[2022-10-24 01:18:40,287] {processor.py:654} INFO - DAG(s) dict_keys(['example_nested_branch_dag']) retrieved from /home/airflow/.local/lib/python3.7/site-packages/airflow/example_dags/example_nested_branch_dag.py
[2022-10-24 01:18:40,317] {logging_mixin.py:109} INFO - [2022-10-24 01:18:40,316] {dag.py:2398} INFO - Sync 1 DAGs
[2022-10-24 01:18:40,362] {logging_mixin.py:109} INFO - [2022-10-24 01:18:40,362] {dag.py:2937} INFO - Setting next_dagrun for example_nested_branch_dag to 2022-10-23 00:00:00+00:00
[2022-10-24 01:18:40,387] {processor.py:171} INFO - Processing /home/airflow/.local/lib/python3.7/site-packages/airflow/example_dags/example_nested_branch_dag.py took 0.218 seconds
[2022-10-24 01:19:11,106] {processor.py:163} INFO - Started process (PID=167) to work on /home/airflow/.local/lib/python3.7/site-packages/airflow/example_dags/example_nested_branch_dag.py
[2022-10-24 01:19:11,109] {processor.py:642} INFO - Processing file /home/airflow/.local/lib/python3.7/site-packages/airflow/example_dags/example_nested_branch_dag.py for tasks to queue
[2022-10-24 01:19:11,111] {logging_mixin.py:109} INFO - [2022-10-24 01:19:11,111] {dagbag.py:500} INFO - Filling up the DagBag from /home/airflow/.local/lib/python3.7/site-packages/airflow/example_dags/example_nested_branch_dag.py
[2022-10-24 01:19:11,160] {processor.py:654} INFO - DAG(s) dict_keys(['example_nested_branch_dag']) retrieved from /home/airflow/.local/lib/python3.7/site-packages/airflow/example_dags/example_nested_branch_dag.py
[2022-10-24 01:19:11,179] {logging_mixin.py:109} INFO - [2022-10-24 01:19:11,179] {dag.py:2398} INFO - Sync 1 DAGs
[2022-10-24 01:19:11,200] {logging_mixin.py:109} INFO - [2022-10-24 01:19:11,200] {dag.py:2937} INFO - Setting next_dagrun for example_nested_branch_dag to 2022-10-23 00:00:00+00:00
[2022-10-24 01:19:11,216] {processor.py:171} INFO - Processing /home/airflow/.local/lib/python3.7/site-packages/airflow/example_dags/example_nested_branch_dag.py took 0.115 seconds
[2022-10-24 01:19:41,362] {processor.py:163} INFO - Started process (PID=228) to work on /home/airflow/.local/lib/python3.7/site-packages/airflow/example_dags/example_nested_branch_dag.py
[2022-10-24 01:19:41,364] {processor.py:642} INFO - Processing file /home/airflow/.local/lib/python3.7/site-packages/airflow/example_dags/example_nested_branch_dag.py for tasks to queue
[2022-10-24 01:19:41,369] {logging_mixin.py:109} INFO - [2022-10-24 01:19:41,368] {dagbag.py:500} INFO - Filling up the DagBag from /home/airflow/.local/lib/python3.7/site-packages/airflow/example_dags/example_nested_branch_dag.py
[2022-10-24 01:19:41,477] {processor.py:654} INFO - DAG(s) dict_keys(['example_nested_branch_dag']) retrieved from /home/airflow/.local/lib/python3.7/site-packages/airflow/example_dags/example_nested_branch_dag.py
[2022-10-24 01:19:41,491] {logging_mixin.py:109} INFO - [2022-10-24 01:19:41,491] {dag.py:2398} INFO - Sync 1 DAGs
[2022-10-24 01:19:41,512] {logging_mixin.py:109} INFO - [2022-10-24 01:19:41,512] {dag.py:2937} INFO - Setting next_dagrun for example_nested_branch_dag to 2022-10-23 00:00:00+00:00
[2022-10-24 01:19:41,527] {processor.py:171} INFO - Processing /home/airflow/.local/lib/python3.7/site-packages/airflow/example_dags/example_nested_branch_dag.py took 0.171 seconds
[2022-10-24 01:20:11,904] {processor.py:163} INFO - Started process (PID=280) to work on /home/airflow/.local/lib/python3.7/site-packages/airflow/example_dags/example_nested_branch_dag.py
[2022-10-24 01:20:11,906] {processor.py:642} INFO - Processing file /home/airflow/.local/lib/python3.7/site-packages/airflow/example_dags/example_nested_branch_dag.py for tasks to queue
[2022-10-24 01:20:11,908] {logging_mixin.py:109} INFO - [2022-10-24 01:20:11,908] {dagbag.py:500} INFO - Filling up the DagBag from /home/airflow/.local/lib/python3.7/site-packages/airflow/example_dags/example_nested_branch_dag.py
[2022-10-24 01:20:11,967] {processor.py:654} INFO - DAG(s) dict_keys(['example_nested_branch_dag']) retrieved from /home/airflow/.local/lib/python3.7/site-packages/airflow/example_dags/example_nested_branch_dag.py
[2022-10-24 01:20:11,981] {logging_mixin.py:109} INFO - [2022-10-24 01:20:11,981] {dag.py:2398} INFO - Sync 1 DAGs
[2022-10-24 01:20:12,005] {logging_mixin.py:109} INFO - [2022-10-24 01:20:12,005] {dag.py:2937} INFO - Setting next_dagrun for example_nested_branch_dag to 2022-10-23 00:00:00+00:00
[2022-10-24 01:20:12,022] {processor.py:171} INFO - Processing /home/airflow/.local/lib/python3.7/site-packages/airflow/example_dags/example_nested_branch_dag.py took 0.123 seconds
[2022-10-24 01:20:42,105] {processor.py:163} INFO - Started process (PID=332) to work on /home/airflow/.local/lib/python3.7/site-packages/airflow/example_dags/example_nested_branch_dag.py
[2022-10-24 01:20:42,107] {processor.py:642} INFO - Processing file /home/airflow/.local/lib/python3.7/site-packages/airflow/example_dags/example_nested_branch_dag.py for tasks to queue
[2022-10-24 01:20:42,109] {logging_mixin.py:109} INFO - [2022-10-24 01:20:42,109] {dagbag.py:500} INFO - Filling up the DagBag from /home/airflow/.local/lib/python3.7/site-packages/airflow/example_dags/example_nested_branch_dag.py
[2022-10-24 01:20:42,151] {processor.py:654} INFO - DAG(s) dict_keys(['example_nested_branch_dag']) retrieved from /home/airflow/.local/lib/python3.7/site-packages/airflow/example_dags/example_nested_branch_dag.py
[2022-10-24 01:20:42,164] {logging_mixin.py:109} INFO - [2022-10-24 01:20:42,164] {dag.py:2398} INFO - Sync 1 DAGs
[2022-10-24 01:20:42,201] {logging_mixin.py:109} INFO - [2022-10-24 01:20:42,201] {dag.py:2937} INFO - Setting next_dagrun for example_nested_branch_dag to 2022-10-23 00:00:00+00:00
[2022-10-24 01:20:42,223] {processor.py:171} INFO - Processing /home/airflow/.local/lib/python3.7/site-packages/airflow/example_dags/example_nested_branch_dag.py took 0.122 seconds
[2022-10-24 01:21:12,315] {processor.py:163} INFO - Started process (PID=392) to work on /home/airflow/.local/lib/python3.7/site-packages/airflow/example_dags/example_nested_branch_dag.py
[2022-10-24 01:21:12,317] {processor.py:642} INFO - Processing file /home/airflow/.local/lib/python3.7/site-packages/airflow/example_dags/example_nested_branch_dag.py for tasks to queue
[2022-10-24 01:21:12,320] {logging_mixin.py:109} INFO - [2022-10-24 01:21:12,320] {dagbag.py:500} INFO - Filling up the DagBag from /home/airflow/.local/lib/python3.7/site-packages/airflow/example_dags/example_nested_branch_dag.py
[2022-10-24 01:21:12,370] {processor.py:654} INFO - DAG(s) dict_keys(['example_nested_branch_dag']) retrieved from /home/airflow/.local/lib/python3.7/site-packages/airflow/example_dags/example_nested_branch_dag.py
[2022-10-24 01:21:12,386] {logging_mixin.py:109} INFO - [2022-10-24 01:21:12,386] {dag.py:2398} INFO - Sync 1 DAGs
[2022-10-24 01:21:12,409] {logging_mixin.py:109} INFO - [2022-10-24 01:21:12,409] {dag.py:2937} INFO - Setting next_dagrun for example_nested_branch_dag to 2022-10-23 00:00:00+00:00
[2022-10-24 01:21:12,424] {processor.py:171} INFO - Processing /home/airflow/.local/lib/python3.7/site-packages/airflow/example_dags/example_nested_branch_dag.py took 0.114 seconds
[2022-10-24 01:21:42,851] {processor.py:163} INFO - Started process (PID=444) to work on /home/airflow/.local/lib/python3.7/site-packages/airflow/example_dags/example_nested_branch_dag.py
[2022-10-24 01:21:42,854] {processor.py:642} INFO - Processing file /home/airflow/.local/lib/python3.7/site-packages/airflow/example_dags/example_nested_branch_dag.py for tasks to queue
[2022-10-24 01:21:42,858] {logging_mixin.py:109} INFO - [2022-10-24 01:21:42,858] {dagbag.py:500} INFO - Filling up the DagBag from /home/airflow/.local/lib/python3.7/site-packages/airflow/example_dags/example_nested_branch_dag.py
[2022-10-24 01:21:42,929] {processor.py:654} INFO - DAG(s) dict_keys(['example_nested_branch_dag']) retrieved from /home/airflow/.local/lib/python3.7/site-packages/airflow/example_dags/example_nested_branch_dag.py
[2022-10-24 01:21:42,947] {logging_mixin.py:109} INFO - [2022-10-24 01:21:42,946] {dag.py:2398} INFO - Sync 1 DAGs
[2022-10-24 01:21:42,978] {logging_mixin.py:109} INFO - [2022-10-24 01:21:42,978] {dag.py:2937} INFO - Setting next_dagrun for example_nested_branch_dag to 2022-10-23 00:00:00+00:00
[2022-10-24 01:21:42,995] {processor.py:171} INFO - Processing /home/airflow/.local/lib/python3.7/site-packages/airflow/example_dags/example_nested_branch_dag.py took 0.151 seconds
[2022-10-24 01:22:14,368] {processor.py:163} INFO - Started process (PID=506) to work on /home/airflow/.local/lib/python3.7/site-packages/airflow/example_dags/example_nested_branch_dag.py
[2022-10-24 01:22:14,371] {processor.py:642} INFO - Processing file /home/airflow/.local/lib/python3.7/site-packages/airflow/example_dags/example_nested_branch_dag.py for tasks to queue
[2022-10-24 01:22:14,373] {logging_mixin.py:109} INFO - [2022-10-24 01:22:14,373] {dagbag.py:500} INFO - Filling up the DagBag from /home/airflow/.local/lib/python3.7/site-packages/airflow/example_dags/example_nested_branch_dag.py
[2022-10-24 01:22:14,435] {processor.py:654} INFO - DAG(s) dict_keys(['example_nested_branch_dag']) retrieved from /home/airflow/.local/lib/python3.7/site-packages/airflow/example_dags/example_nested_branch_dag.py
[2022-10-24 01:22:14,449] {logging_mixin.py:109} INFO - [2022-10-24 01:22:14,449] {dag.py:2398} INFO - Sync 1 DAGs
[2022-10-24 01:22:14,470] {logging_mixin.py:109} INFO - [2022-10-24 01:22:14,470] {dag.py:2937} INFO - Setting next_dagrun for example_nested_branch_dag to 2022-10-23 00:00:00+00:00
[2022-10-24 01:22:14,485] {processor.py:171} INFO - Processing /home/airflow/.local/lib/python3.7/site-packages/airflow/example_dags/example_nested_branch_dag.py took 0.124 seconds
[2022-10-24 01:22:45,351] {processor.py:163} INFO - Started process (PID=558) to work on /home/airflow/.local/lib/python3.7/site-packages/airflow/example_dags/example_nested_branch_dag.py
[2022-10-24 01:22:45,353] {processor.py:642} INFO - Processing file /home/airflow/.local/lib/python3.7/site-packages/airflow/example_dags/example_nested_branch_dag.py for tasks to queue
[2022-10-24 01:22:45,355] {logging_mixin.py:109} INFO - [2022-10-24 01:22:45,355] {dagbag.py:500} INFO - Filling up the DagBag from /home/airflow/.local/lib/python3.7/site-packages/airflow/example_dags/example_nested_branch_dag.py
[2022-10-24 01:22:45,401] {processor.py:654} INFO - DAG(s) dict_keys(['example_nested_branch_dag']) retrieved from /home/airflow/.local/lib/python3.7/site-packages/airflow/example_dags/example_nested_branch_dag.py
[2022-10-24 01:22:45,416] {logging_mixin.py:109} INFO - [2022-10-24 01:22:45,416] {dag.py:2398} INFO - Sync 1 DAGs
[2022-10-24 01:22:45,438] {logging_mixin.py:109} INFO - [2022-10-24 01:22:45,438] {dag.py:2937} INFO - Setting next_dagrun for example_nested_branch_dag to 2022-10-23 00:00:00+00:00
[2022-10-24 01:22:45,456] {processor.py:171} INFO - Processing /home/airflow/.local/lib/python3.7/site-packages/airflow/example_dags/example_nested_branch_dag.py took 0.108 seconds
[2022-10-24 01:23:15,700] {processor.py:163} INFO - Started process (PID=610) to work on /home/airflow/.local/lib/python3.7/site-packages/airflow/example_dags/example_nested_branch_dag.py
[2022-10-24 01:23:15,703] {processor.py:642} INFO - Processing file /home/airflow/.local/lib/python3.7/site-packages/airflow/example_dags/example_nested_branch_dag.py for tasks to queue
[2022-10-24 01:23:15,706] {logging_mixin.py:109} INFO - [2022-10-24 01:23:15,706] {dagbag.py:500} INFO - Filling up the DagBag from /home/airflow/.local/lib/python3.7/site-packages/airflow/example_dags/example_nested_branch_dag.py
[2022-10-24 01:23:15,757] {processor.py:654} INFO - DAG(s) dict_keys(['example_nested_branch_dag']) retrieved from /home/airflow/.local/lib/python3.7/site-packages/airflow/example_dags/example_nested_branch_dag.py
[2022-10-24 01:23:15,776] {logging_mixin.py:109} INFO - [2022-10-24 01:23:15,775] {dag.py:2398} INFO - Sync 1 DAGs
[2022-10-24 01:23:15,799] {logging_mixin.py:109} INFO - [2022-10-24 01:23:15,799] {dag.py:2937} INFO - Setting next_dagrun for example_nested_branch_dag to 2022-10-23 00:00:00+00:00
[2022-10-24 01:23:15,813] {processor.py:171} INFO - Processing /home/airflow/.local/lib/python3.7/site-packages/airflow/example_dags/example_nested_branch_dag.py took 0.119 seconds
[2022-10-24 01:23:47,436] {processor.py:163} INFO - Started process (PID=672) to work on /home/airflow/.local/lib/python3.7/site-packages/airflow/example_dags/example_nested_branch_dag.py
[2022-10-24 01:23:47,440] {processor.py:642} INFO - Processing file /home/airflow/.local/lib/python3.7/site-packages/airflow/example_dags/example_nested_branch_dag.py for tasks to queue
[2022-10-24 01:23:47,445] {logging_mixin.py:109} INFO - [2022-10-24 01:23:47,445] {dagbag.py:500} INFO - Filling up the DagBag from /home/airflow/.local/lib/python3.7/site-packages/airflow/example_dags/example_nested_branch_dag.py
[2022-10-24 01:23:47,507] {processor.py:654} INFO - DAG(s) dict_keys(['example_nested_branch_dag']) retrieved from /home/airflow/.local/lib/python3.7/site-packages/airflow/example_dags/example_nested_branch_dag.py
[2022-10-24 01:23:47,528] {logging_mixin.py:109} INFO - [2022-10-24 01:23:47,528] {dag.py:2398} INFO - Sync 1 DAGs
[2022-10-24 01:23:47,564] {logging_mixin.py:109} INFO - [2022-10-24 01:23:47,564] {dag.py:2937} INFO - Setting next_dagrun for example_nested_branch_dag to 2022-10-23 00:00:00+00:00
[2022-10-24 01:23:47,575] {processor.py:171} INFO - Processing /home/airflow/.local/lib/python3.7/site-packages/airflow/example_dags/example_nested_branch_dag.py took 0.142 seconds
[2022-10-24 01:24:17,887] {processor.py:163} INFO - Started process (PID=724) to work on /home/airflow/.local/lib/python3.7/site-packages/airflow/example_dags/example_nested_branch_dag.py
[2022-10-24 01:24:17,891] {processor.py:642} INFO - Processing file /home/airflow/.local/lib/python3.7/site-packages/airflow/example_dags/example_nested_branch_dag.py for tasks to queue
[2022-10-24 01:24:17,893] {logging_mixin.py:109} INFO - [2022-10-24 01:24:17,893] {dagbag.py:500} INFO - Filling up the DagBag from /home/airflow/.local/lib/python3.7/site-packages/airflow/example_dags/example_nested_branch_dag.py
[2022-10-24 01:24:17,978] {processor.py:654} INFO - DAG(s) dict_keys(['example_nested_branch_dag']) retrieved from /home/airflow/.local/lib/python3.7/site-packages/airflow/example_dags/example_nested_branch_dag.py
[2022-10-24 01:24:17,992] {logging_mixin.py:109} INFO - [2022-10-24 01:24:17,992] {dag.py:2398} INFO - Sync 1 DAGs
[2022-10-24 01:24:18,016] {logging_mixin.py:109} INFO - [2022-10-24 01:24:18,015] {dag.py:2937} INFO - Setting next_dagrun for example_nested_branch_dag to 2022-10-23 00:00:00+00:00
[2022-10-24 01:24:18,029] {processor.py:171} INFO - Processing /home/airflow/.local/lib/python3.7/site-packages/airflow/example_dags/example_nested_branch_dag.py took 0.147 seconds
[2022-10-24 01:24:49,937] {processor.py:163} INFO - Started process (PID=783) to work on /home/airflow/.local/lib/python3.7/site-packages/airflow/example_dags/example_nested_branch_dag.py
[2022-10-24 01:24:49,941] {processor.py:642} INFO - Processing file /home/airflow/.local/lib/python3.7/site-packages/airflow/example_dags/example_nested_branch_dag.py for tasks to queue
[2022-10-24 01:24:49,944] {logging_mixin.py:109} INFO - [2022-10-24 01:24:49,943] {dagbag.py:500} INFO - Filling up the DagBag from /home/airflow/.local/lib/python3.7/site-packages/airflow/example_dags/example_nested_branch_dag.py
[2022-10-24 01:24:50,022] {processor.py:654} INFO - DAG(s) dict_keys(['example_nested_branch_dag']) retrieved from /home/airflow/.local/lib/python3.7/site-packages/airflow/example_dags/example_nested_branch_dag.py
[2022-10-24 01:24:50,053] {logging_mixin.py:109} INFO - [2022-10-24 01:24:50,052] {dag.py:2398} INFO - Sync 1 DAGs
[2022-10-24 01:24:50,081] {logging_mixin.py:109} INFO - [2022-10-24 01:24:50,080] {dag.py:2937} INFO - Setting next_dagrun for example_nested_branch_dag to 2022-10-23 00:00:00+00:00
[2022-10-24 01:24:50,102] {processor.py:171} INFO - Processing /home/airflow/.local/lib/python3.7/site-packages/airflow/example_dags/example_nested_branch_dag.py took 0.175 seconds
[2022-10-24 01:25:20,726] {processor.py:163} INFO - Started process (PID=837) to work on /home/airflow/.local/lib/python3.7/site-packages/airflow/example_dags/example_nested_branch_dag.py
[2022-10-24 01:25:20,729] {processor.py:642} INFO - Processing file /home/airflow/.local/lib/python3.7/site-packages/airflow/example_dags/example_nested_branch_dag.py for tasks to queue
[2022-10-24 01:25:20,732] {logging_mixin.py:109} INFO - [2022-10-24 01:25:20,731] {dagbag.py:500} INFO - Filling up the DagBag from /home/airflow/.local/lib/python3.7/site-packages/airflow/example_dags/example_nested_branch_dag.py
[2022-10-24 01:25:20,771] {processor.py:654} INFO - DAG(s) dict_keys(['example_nested_branch_dag']) retrieved from /home/airflow/.local/lib/python3.7/site-packages/airflow/example_dags/example_nested_branch_dag.py
[2022-10-24 01:25:20,784] {logging_mixin.py:109} INFO - [2022-10-24 01:25:20,783] {dag.py:2398} INFO - Sync 1 DAGs
[2022-10-24 01:25:20,800] {logging_mixin.py:109} INFO - [2022-10-24 01:25:20,800] {dag.py:2937} INFO - Setting next_dagrun for example_nested_branch_dag to 2022-10-23 00:00:00+00:00
[2022-10-24 01:25:20,813] {processor.py:171} INFO - Processing /home/airflow/.local/lib/python3.7/site-packages/airflow/example_dags/example_nested_branch_dag.py took 0.092 seconds
[2022-10-24 01:25:52,551] {processor.py:163} INFO - Started process (PID=889) to work on /home/airflow/.local/lib/python3.7/site-packages/airflow/example_dags/example_nested_branch_dag.py
[2022-10-24 01:25:52,555] {processor.py:642} INFO - Processing file /home/airflow/.local/lib/python3.7/site-packages/airflow/example_dags/example_nested_branch_dag.py for tasks to queue
[2022-10-24 01:25:52,557] {logging_mixin.py:109} INFO - [2022-10-24 01:25:52,557] {dagbag.py:500} INFO - Filling up the DagBag from /home/airflow/.local/lib/python3.7/site-packages/airflow/example_dags/example_nested_branch_dag.py
[2022-10-24 01:25:52,625] {processor.py:654} INFO - DAG(s) dict_keys(['example_nested_branch_dag']) retrieved from /home/airflow/.local/lib/python3.7/site-packages/airflow/example_dags/example_nested_branch_dag.py
[2022-10-24 01:25:52,680] {logging_mixin.py:109} INFO - [2022-10-24 01:25:52,679] {dag.py:2398} INFO - Sync 1 DAGs
[2022-10-24 01:25:52,773] {logging_mixin.py:109} INFO - [2022-10-24 01:25:52,772] {dag.py:2937} INFO - Setting next_dagrun for example_nested_branch_dag to 2022-10-23 00:00:00+00:00
[2022-10-24 01:25:52,824] {processor.py:171} INFO - Processing /home/airflow/.local/lib/python3.7/site-packages/airflow/example_dags/example_nested_branch_dag.py took 0.272 seconds
[2022-10-24 01:26:22,909] {processor.py:163} INFO - Started process (PID=940) to work on /home/airflow/.local/lib/python3.7/site-packages/airflow/example_dags/example_nested_branch_dag.py
[2022-10-24 01:26:22,912] {processor.py:642} INFO - Processing file /home/airflow/.local/lib/python3.7/site-packages/airflow/example_dags/example_nested_branch_dag.py for tasks to queue
[2022-10-24 01:26:22,914] {logging_mixin.py:109} INFO - [2022-10-24 01:26:22,913] {dagbag.py:500} INFO - Filling up the DagBag from /home/airflow/.local/lib/python3.7/site-packages/airflow/example_dags/example_nested_branch_dag.py
[2022-10-24 01:26:22,957] {processor.py:654} INFO - DAG(s) dict_keys(['example_nested_branch_dag']) retrieved from /home/airflow/.local/lib/python3.7/site-packages/airflow/example_dags/example_nested_branch_dag.py
[2022-10-24 01:26:22,975] {logging_mixin.py:109} INFO - [2022-10-24 01:26:22,974] {dag.py:2398} INFO - Sync 1 DAGs
[2022-10-24 01:26:22,997] {logging_mixin.py:109} INFO - [2022-10-24 01:26:22,996] {dag.py:2937} INFO - Setting next_dagrun for example_nested_branch_dag to 2022-10-23 00:00:00+00:00
[2022-10-24 01:26:23,011] {processor.py:171} INFO - Processing /home/airflow/.local/lib/python3.7/site-packages/airflow/example_dags/example_nested_branch_dag.py took 0.107 seconds
[2022-10-24 01:26:54,161] {processor.py:163} INFO - Started process (PID=993) to work on /home/airflow/.local/lib/python3.7/site-packages/airflow/example_dags/example_nested_branch_dag.py
[2022-10-24 01:26:54,164] {processor.py:642} INFO - Processing file /home/airflow/.local/lib/python3.7/site-packages/airflow/example_dags/example_nested_branch_dag.py for tasks to queue
[2022-10-24 01:26:54,166] {logging_mixin.py:109} INFO - [2022-10-24 01:26:54,165] {dagbag.py:500} INFO - Filling up the DagBag from /home/airflow/.local/lib/python3.7/site-packages/airflow/example_dags/example_nested_branch_dag.py
[2022-10-24 01:26:54,219] {processor.py:654} INFO - DAG(s) dict_keys(['example_nested_branch_dag']) retrieved from /home/airflow/.local/lib/python3.7/site-packages/airflow/example_dags/example_nested_branch_dag.py
[2022-10-24 01:26:54,240] {logging_mixin.py:109} INFO - [2022-10-24 01:26:54,239] {dag.py:2398} INFO - Sync 1 DAGs
[2022-10-24 01:26:54,266] {logging_mixin.py:109} INFO - [2022-10-24 01:26:54,266] {dag.py:2937} INFO - Setting next_dagrun for example_nested_branch_dag to 2022-10-23 00:00:00+00:00
[2022-10-24 01:26:54,281] {processor.py:171} INFO - Processing /home/airflow/.local/lib/python3.7/site-packages/airflow/example_dags/example_nested_branch_dag.py took 0.125 seconds
[2022-10-24 01:27:26,000] {processor.py:163} INFO - Started process (PID=1047) to work on /home/airflow/.local/lib/python3.7/site-packages/airflow/example_dags/example_nested_branch_dag.py
[2022-10-24 01:27:26,006] {processor.py:642} INFO - Processing file /home/airflow/.local/lib/python3.7/site-packages/airflow/example_dags/example_nested_branch_dag.py for tasks to queue
[2022-10-24 01:27:26,011] {logging_mixin.py:109} INFO - [2022-10-24 01:27:26,010] {dagbag.py:500} INFO - Filling up the DagBag from /home/airflow/.local/lib/python3.7/site-packages/airflow/example_dags/example_nested_branch_dag.py
[2022-10-24 01:27:26,103] {processor.py:654} INFO - DAG(s) dict_keys(['example_nested_branch_dag']) retrieved from /home/airflow/.local/lib/python3.7/site-packages/airflow/example_dags/example_nested_branch_dag.py
[2022-10-24 01:27:26,148] {logging_mixin.py:109} INFO - [2022-10-24 01:27:26,148] {dag.py:2398} INFO - Sync 1 DAGs
[2022-10-24 01:27:26,208] {logging_mixin.py:109} INFO - [2022-10-24 01:27:26,208] {dag.py:2937} INFO - Setting next_dagrun for example_nested_branch_dag to 2022-10-23 00:00:00+00:00
[2022-10-24 01:27:26,241] {processor.py:171} INFO - Processing /home/airflow/.local/lib/python3.7/site-packages/airflow/example_dags/example_nested_branch_dag.py took 0.251 seconds
[2022-10-24 01:27:57,035] {processor.py:163} INFO - Started process (PID=1098) to work on /home/airflow/.local/lib/python3.7/site-packages/airflow/example_dags/example_nested_branch_dag.py
[2022-10-24 01:27:57,038] {processor.py:642} INFO - Processing file /home/airflow/.local/lib/python3.7/site-packages/airflow/example_dags/example_nested_branch_dag.py for tasks to queue
[2022-10-24 01:27:57,040] {logging_mixin.py:109} INFO - [2022-10-24 01:27:57,039] {dagbag.py:500} INFO - Filling up the DagBag from /home/airflow/.local/lib/python3.7/site-packages/airflow/example_dags/example_nested_branch_dag.py
[2022-10-24 01:27:57,078] {processor.py:654} INFO - DAG(s) dict_keys(['example_nested_branch_dag']) retrieved from /home/airflow/.local/lib/python3.7/site-packages/airflow/example_dags/example_nested_branch_dag.py
[2022-10-24 01:27:57,091] {logging_mixin.py:109} INFO - [2022-10-24 01:27:57,091] {dag.py:2398} INFO - Sync 1 DAGs
[2022-10-24 01:27:57,112] {logging_mixin.py:109} INFO - [2022-10-24 01:27:57,112] {dag.py:2937} INFO - Setting next_dagrun for example_nested_branch_dag to 2022-10-23 00:00:00+00:00
[2022-10-24 01:27:57,125] {processor.py:171} INFO - Processing /home/airflow/.local/lib/python3.7/site-packages/airflow/example_dags/example_nested_branch_dag.py took 0.094 seconds
[2022-10-24 01:28:27,533] {processor.py:163} INFO - Started process (PID=1150) to work on /home/airflow/.local/lib/python3.7/site-packages/airflow/example_dags/example_nested_branch_dag.py
[2022-10-24 01:28:27,535] {processor.py:642} INFO - Processing file /home/airflow/.local/lib/python3.7/site-packages/airflow/example_dags/example_nested_branch_dag.py for tasks to queue
[2022-10-24 01:28:27,538] {logging_mixin.py:109} INFO - [2022-10-24 01:28:27,537] {dagbag.py:500} INFO - Filling up the DagBag from /home/airflow/.local/lib/python3.7/site-packages/airflow/example_dags/example_nested_branch_dag.py
[2022-10-24 01:28:27,579] {processor.py:654} INFO - DAG(s) dict_keys(['example_nested_branch_dag']) retrieved from /home/airflow/.local/lib/python3.7/site-packages/airflow/example_dags/example_nested_branch_dag.py
[2022-10-24 01:28:27,596] {logging_mixin.py:109} INFO - [2022-10-24 01:28:27,596] {dag.py:2398} INFO - Sync 1 DAGs
[2022-10-24 01:28:27,623] {logging_mixin.py:109} INFO - [2022-10-24 01:28:27,623] {dag.py:2937} INFO - Setting next_dagrun for example_nested_branch_dag to 2022-10-23 00:00:00+00:00
[2022-10-24 01:28:27,638] {processor.py:171} INFO - Processing /home/airflow/.local/lib/python3.7/site-packages/airflow/example_dags/example_nested_branch_dag.py took 0.109 seconds
[2022-10-24 01:28:58,021] {processor.py:163} INFO - Started process (PID=1210) to work on /home/airflow/.local/lib/python3.7/site-packages/airflow/example_dags/example_nested_branch_dag.py
[2022-10-24 01:28:58,027] {processor.py:642} INFO - Processing file /home/airflow/.local/lib/python3.7/site-packages/airflow/example_dags/example_nested_branch_dag.py for tasks to queue
[2022-10-24 01:28:58,032] {logging_mixin.py:109} INFO - [2022-10-24 01:28:58,030] {dagbag.py:500} INFO - Filling up the DagBag from /home/airflow/.local/lib/python3.7/site-packages/airflow/example_dags/example_nested_branch_dag.py
[2022-10-24 01:28:58,128] {processor.py:654} INFO - DAG(s) dict_keys(['example_nested_branch_dag']) retrieved from /home/airflow/.local/lib/python3.7/site-packages/airflow/example_dags/example_nested_branch_dag.py
[2022-10-24 01:28:58,144] {logging_mixin.py:109} INFO - [2022-10-24 01:28:58,144] {dag.py:2398} INFO - Sync 1 DAGs
[2022-10-24 01:28:58,176] {logging_mixin.py:109} INFO - [2022-10-24 01:28:58,176] {dag.py:2937} INFO - Setting next_dagrun for example_nested_branch_dag to 2022-10-23 00:00:00+00:00
[2022-10-24 01:28:58,190] {processor.py:171} INFO - Processing /home/airflow/.local/lib/python3.7/site-packages/airflow/example_dags/example_nested_branch_dag.py took 0.188 seconds
[2022-10-24 01:29:28,567] {processor.py:163} INFO - Started process (PID=1262) to work on /home/airflow/.local/lib/python3.7/site-packages/airflow/example_dags/example_nested_branch_dag.py
[2022-10-24 01:29:28,571] {processor.py:642} INFO - Processing file /home/airflow/.local/lib/python3.7/site-packages/airflow/example_dags/example_nested_branch_dag.py for tasks to queue
[2022-10-24 01:29:28,574] {logging_mixin.py:109} INFO - [2022-10-24 01:29:28,574] {dagbag.py:500} INFO - Filling up the DagBag from /home/airflow/.local/lib/python3.7/site-packages/airflow/example_dags/example_nested_branch_dag.py
[2022-10-24 01:29:28,624] {processor.py:654} INFO - DAG(s) dict_keys(['example_nested_branch_dag']) retrieved from /home/airflow/.local/lib/python3.7/site-packages/airflow/example_dags/example_nested_branch_dag.py
[2022-10-24 01:29:28,641] {logging_mixin.py:109} INFO - [2022-10-24 01:29:28,640] {dag.py:2398} INFO - Sync 1 DAGs
[2022-10-24 01:29:28,663] {logging_mixin.py:109} INFO - [2022-10-24 01:29:28,663] {dag.py:2937} INFO - Setting next_dagrun for example_nested_branch_dag to 2022-10-23 00:00:00+00:00
[2022-10-24 01:29:28,702] {processor.py:171} INFO - Processing /home/airflow/.local/lib/python3.7/site-packages/airflow/example_dags/example_nested_branch_dag.py took 0.140 seconds
[2022-10-24 01:29:59,574] {processor.py:163} INFO - Started process (PID=1316) to work on /home/airflow/.local/lib/python3.7/site-packages/airflow/example_dags/example_nested_branch_dag.py
[2022-10-24 01:29:59,578] {processor.py:642} INFO - Processing file /home/airflow/.local/lib/python3.7/site-packages/airflow/example_dags/example_nested_branch_dag.py for tasks to queue
[2022-10-24 01:29:59,580] {logging_mixin.py:109} INFO - [2022-10-24 01:29:59,580] {dagbag.py:500} INFO - Filling up the DagBag from /home/airflow/.local/lib/python3.7/site-packages/airflow/example_dags/example_nested_branch_dag.py
[2022-10-24 01:29:59,648] {processor.py:654} INFO - DAG(s) dict_keys(['example_nested_branch_dag']) retrieved from /home/airflow/.local/lib/python3.7/site-packages/airflow/example_dags/example_nested_branch_dag.py
[2022-10-24 01:29:59,674] {logging_mixin.py:109} INFO - [2022-10-24 01:29:59,674] {dag.py:2398} INFO - Sync 1 DAGs
[2022-10-24 01:29:59,702] {logging_mixin.py:109} INFO - [2022-10-24 01:29:59,702] {dag.py:2937} INFO - Setting next_dagrun for example_nested_branch_dag to 2022-10-23 00:00:00+00:00
[2022-10-24 01:29:59,715] {processor.py:171} INFO - Processing /home/airflow/.local/lib/python3.7/site-packages/airflow/example_dags/example_nested_branch_dag.py took 0.151 seconds
[2022-10-24 01:30:29,995] {processor.py:163} INFO - Started process (PID=1369) to work on /home/airflow/.local/lib/python3.7/site-packages/airflow/example_dags/example_nested_branch_dag.py
[2022-10-24 01:30:29,998] {processor.py:642} INFO - Processing file /home/airflow/.local/lib/python3.7/site-packages/airflow/example_dags/example_nested_branch_dag.py for tasks to queue
[2022-10-24 01:30:30,001] {logging_mixin.py:109} INFO - [2022-10-24 01:30:30,000] {dagbag.py:500} INFO - Filling up the DagBag from /home/airflow/.local/lib/python3.7/site-packages/airflow/example_dags/example_nested_branch_dag.py
[2022-10-24 01:30:30,063] {processor.py:654} INFO - DAG(s) dict_keys(['example_nested_branch_dag']) retrieved from /home/airflow/.local/lib/python3.7/site-packages/airflow/example_dags/example_nested_branch_dag.py
[2022-10-24 01:30:30,098] {logging_mixin.py:109} INFO - [2022-10-24 01:30:30,098] {dag.py:2398} INFO - Sync 1 DAGs
[2022-10-24 01:30:30,136] {logging_mixin.py:109} INFO - [2022-10-24 01:30:30,135] {dag.py:2937} INFO - Setting next_dagrun for example_nested_branch_dag to 2022-10-23 00:00:00+00:00
[2022-10-24 01:30:30,155] {processor.py:171} INFO - Processing /home/airflow/.local/lib/python3.7/site-packages/airflow/example_dags/example_nested_branch_dag.py took 0.167 seconds
[2022-10-24 01:31:00,638] {processor.py:163} INFO - Started process (PID=1430) to work on /home/airflow/.local/lib/python3.7/site-packages/airflow/example_dags/example_nested_branch_dag.py
[2022-10-24 01:31:00,640] {processor.py:642} INFO - Processing file /home/airflow/.local/lib/python3.7/site-packages/airflow/example_dags/example_nested_branch_dag.py for tasks to queue
[2022-10-24 01:31:00,644] {logging_mixin.py:109} INFO - [2022-10-24 01:31:00,644] {dagbag.py:500} INFO - Filling up the DagBag from /home/airflow/.local/lib/python3.7/site-packages/airflow/example_dags/example_nested_branch_dag.py
[2022-10-24 01:31:00,706] {processor.py:654} INFO - DAG(s) dict_keys(['example_nested_branch_dag']) retrieved from /home/airflow/.local/lib/python3.7/site-packages/airflow/example_dags/example_nested_branch_dag.py
[2022-10-24 01:31:00,726] {logging_mixin.py:109} INFO - [2022-10-24 01:31:00,726] {dag.py:2398} INFO - Sync 1 DAGs
[2022-10-24 01:31:00,757] {logging_mixin.py:109} INFO - [2022-10-24 01:31:00,756] {dag.py:2937} INFO - Setting next_dagrun for example_nested_branch_dag to 2022-10-23 00:00:00+00:00
[2022-10-24 01:31:00,780] {processor.py:171} INFO - Processing /home/airflow/.local/lib/python3.7/site-packages/airflow/example_dags/example_nested_branch_dag.py took 0.145 seconds
[2022-10-24 01:31:31,591] {processor.py:163} INFO - Started process (PID=1481) to work on /home/airflow/.local/lib/python3.7/site-packages/airflow/example_dags/example_nested_branch_dag.py
[2022-10-24 01:31:31,594] {processor.py:642} INFO - Processing file /home/airflow/.local/lib/python3.7/site-packages/airflow/example_dags/example_nested_branch_dag.py for tasks to queue
[2022-10-24 01:31:31,597] {logging_mixin.py:109} INFO - [2022-10-24 01:31:31,596] {dagbag.py:500} INFO - Filling up the DagBag from /home/airflow/.local/lib/python3.7/site-packages/airflow/example_dags/example_nested_branch_dag.py
[2022-10-24 01:31:31,661] {processor.py:654} INFO - DAG(s) dict_keys(['example_nested_branch_dag']) retrieved from /home/airflow/.local/lib/python3.7/site-packages/airflow/example_dags/example_nested_branch_dag.py
[2022-10-24 01:31:31,707] {logging_mixin.py:109} INFO - [2022-10-24 01:31:31,707] {dag.py:2398} INFO - Sync 1 DAGs
[2022-10-24 01:31:31,765] {logging_mixin.py:109} INFO - [2022-10-24 01:31:31,764] {dag.py:2937} INFO - Setting next_dagrun for example_nested_branch_dag to 2022-10-23 00:00:00+00:00
[2022-10-24 01:31:31,802] {processor.py:171} INFO - Processing /home/airflow/.local/lib/python3.7/site-packages/airflow/example_dags/example_nested_branch_dag.py took 0.215 seconds
[2022-10-24 01:32:01,864] {processor.py:163} INFO - Started process (PID=1534) to work on /home/airflow/.local/lib/python3.7/site-packages/airflow/example_dags/example_nested_branch_dag.py
[2022-10-24 01:32:01,868] {processor.py:642} INFO - Processing file /home/airflow/.local/lib/python3.7/site-packages/airflow/example_dags/example_nested_branch_dag.py for tasks to queue
[2022-10-24 01:32:01,869] {logging_mixin.py:109} INFO - [2022-10-24 01:32:01,869] {dagbag.py:500} INFO - Filling up the DagBag from /home/airflow/.local/lib/python3.7/site-packages/airflow/example_dags/example_nested_branch_dag.py
[2022-10-24 01:32:01,918] {processor.py:654} INFO - DAG(s) dict_keys(['example_nested_branch_dag']) retrieved from /home/airflow/.local/lib/python3.7/site-packages/airflow/example_dags/example_nested_branch_dag.py
[2022-10-24 01:32:01,958] {logging_mixin.py:109} INFO - [2022-10-24 01:32:01,957] {dag.py:2398} INFO - Sync 1 DAGs
[2022-10-24 01:32:01,985] {logging_mixin.py:109} INFO - [2022-10-24 01:32:01,984] {dag.py:2937} INFO - Setting next_dagrun for example_nested_branch_dag to 2022-10-23 00:00:00+00:00
[2022-10-24 01:32:01,998] {processor.py:171} INFO - Processing /home/airflow/.local/lib/python3.7/site-packages/airflow/example_dags/example_nested_branch_dag.py took 0.139 seconds
[2022-10-24 01:32:32,451] {processor.py:163} INFO - Started process (PID=1597) to work on /home/airflow/.local/lib/python3.7/site-packages/airflow/example_dags/example_nested_branch_dag.py
[2022-10-24 01:32:32,456] {processor.py:642} INFO - Processing file /home/airflow/.local/lib/python3.7/site-packages/airflow/example_dags/example_nested_branch_dag.py for tasks to queue
[2022-10-24 01:32:32,458] {logging_mixin.py:109} INFO - [2022-10-24 01:32:32,458] {dagbag.py:500} INFO - Filling up the DagBag from /home/airflow/.local/lib/python3.7/site-packages/airflow/example_dags/example_nested_branch_dag.py
[2022-10-24 01:32:32,512] {processor.py:654} INFO - DAG(s) dict_keys(['example_nested_branch_dag']) retrieved from /home/airflow/.local/lib/python3.7/site-packages/airflow/example_dags/example_nested_branch_dag.py
[2022-10-24 01:32:32,534] {logging_mixin.py:109} INFO - [2022-10-24 01:32:32,534] {dag.py:2398} INFO - Sync 1 DAGs
[2022-10-24 01:32:32,588] {logging_mixin.py:109} INFO - [2022-10-24 01:32:32,588] {dag.py:2937} INFO - Setting next_dagrun for example_nested_branch_dag to 2022-10-23 00:00:00+00:00
[2022-10-24 01:32:32,606] {processor.py:171} INFO - Processing /home/airflow/.local/lib/python3.7/site-packages/airflow/example_dags/example_nested_branch_dag.py took 0.159 seconds
[2022-10-24 01:33:02,736] {processor.py:163} INFO - Started process (PID=1649) to work on /home/airflow/.local/lib/python3.7/site-packages/airflow/example_dags/example_nested_branch_dag.py
[2022-10-24 01:33:02,739] {processor.py:642} INFO - Processing file /home/airflow/.local/lib/python3.7/site-packages/airflow/example_dags/example_nested_branch_dag.py for tasks to queue
[2022-10-24 01:33:02,741] {logging_mixin.py:109} INFO - [2022-10-24 01:33:02,741] {dagbag.py:500} INFO - Filling up the DagBag from /home/airflow/.local/lib/python3.7/site-packages/airflow/example_dags/example_nested_branch_dag.py
[2022-10-24 01:33:02,811] {processor.py:654} INFO - DAG(s) dict_keys(['example_nested_branch_dag']) retrieved from /home/airflow/.local/lib/python3.7/site-packages/airflow/example_dags/example_nested_branch_dag.py
[2022-10-24 01:33:02,824] {logging_mixin.py:109} INFO - [2022-10-24 01:33:02,824] {dag.py:2398} INFO - Sync 1 DAGs
[2022-10-24 01:33:02,841] {logging_mixin.py:109} INFO - [2022-10-24 01:33:02,841] {dag.py:2937} INFO - Setting next_dagrun for example_nested_branch_dag to 2022-10-23 00:00:00+00:00
[2022-10-24 01:33:02,852] {processor.py:171} INFO - Processing /home/airflow/.local/lib/python3.7/site-packages/airflow/example_dags/example_nested_branch_dag.py took 0.122 seconds
[2022-10-24 01:33:33,410] {processor.py:163} INFO - Started process (PID=1709) to work on /home/airflow/.local/lib/python3.7/site-packages/airflow/example_dags/example_nested_branch_dag.py
[2022-10-24 01:33:33,413] {processor.py:642} INFO - Processing file /home/airflow/.local/lib/python3.7/site-packages/airflow/example_dags/example_nested_branch_dag.py for tasks to queue
[2022-10-24 01:33:33,415] {logging_mixin.py:109} INFO - [2022-10-24 01:33:33,415] {dagbag.py:500} INFO - Filling up the DagBag from /home/airflow/.local/lib/python3.7/site-packages/airflow/example_dags/example_nested_branch_dag.py
[2022-10-24 01:33:33,473] {processor.py:654} INFO - DAG(s) dict_keys(['example_nested_branch_dag']) retrieved from /home/airflow/.local/lib/python3.7/site-packages/airflow/example_dags/example_nested_branch_dag.py
[2022-10-24 01:33:33,580] {logging_mixin.py:109} INFO - [2022-10-24 01:33:33,579] {dag.py:2398} INFO - Sync 1 DAGs
[2022-10-24 01:33:33,608] {logging_mixin.py:109} INFO - [2022-10-24 01:33:33,608] {dag.py:2937} INFO - Setting next_dagrun for example_nested_branch_dag to 2022-10-23 00:00:00+00:00
[2022-10-24 01:33:33,623] {processor.py:171} INFO - Processing /home/airflow/.local/lib/python3.7/site-packages/airflow/example_dags/example_nested_branch_dag.py took 0.218 seconds
[2022-10-24 01:34:04,227] {processor.py:163} INFO - Started process (PID=1761) to work on /home/airflow/.local/lib/python3.7/site-packages/airflow/example_dags/example_nested_branch_dag.py
[2022-10-24 01:34:04,230] {processor.py:642} INFO - Processing file /home/airflow/.local/lib/python3.7/site-packages/airflow/example_dags/example_nested_branch_dag.py for tasks to queue
[2022-10-24 01:34:04,232] {logging_mixin.py:109} INFO - [2022-10-24 01:34:04,232] {dagbag.py:500} INFO - Filling up the DagBag from /home/airflow/.local/lib/python3.7/site-packages/airflow/example_dags/example_nested_branch_dag.py
[2022-10-24 01:34:04,302] {processor.py:654} INFO - DAG(s) dict_keys(['example_nested_branch_dag']) retrieved from /home/airflow/.local/lib/python3.7/site-packages/airflow/example_dags/example_nested_branch_dag.py
[2022-10-24 01:34:04,330] {logging_mixin.py:109} INFO - [2022-10-24 01:34:04,330] {dag.py:2398} INFO - Sync 1 DAGs
[2022-10-24 01:34:04,385] {logging_mixin.py:109} INFO - [2022-10-24 01:34:04,385] {dag.py:2937} INFO - Setting next_dagrun for example_nested_branch_dag to 2022-10-23 00:00:00+00:00
[2022-10-24 01:34:04,403] {processor.py:171} INFO - Processing /home/airflow/.local/lib/python3.7/site-packages/airflow/example_dags/example_nested_branch_dag.py took 0.183 seconds
[2022-10-24 01:34:35,286] {processor.py:163} INFO - Started process (PID=1812) to work on /home/airflow/.local/lib/python3.7/site-packages/airflow/example_dags/example_nested_branch_dag.py
[2022-10-24 01:34:35,289] {processor.py:642} INFO - Processing file /home/airflow/.local/lib/python3.7/site-packages/airflow/example_dags/example_nested_branch_dag.py for tasks to queue
[2022-10-24 01:34:35,292] {logging_mixin.py:109} INFO - [2022-10-24 01:34:35,291] {dagbag.py:500} INFO - Filling up the DagBag from /home/airflow/.local/lib/python3.7/site-packages/airflow/example_dags/example_nested_branch_dag.py
[2022-10-24 01:34:35,373] {processor.py:654} INFO - DAG(s) dict_keys(['example_nested_branch_dag']) retrieved from /home/airflow/.local/lib/python3.7/site-packages/airflow/example_dags/example_nested_branch_dag.py
[2022-10-24 01:34:35,391] {logging_mixin.py:109} INFO - [2022-10-24 01:34:35,391] {dag.py:2398} INFO - Sync 1 DAGs
[2022-10-24 01:34:35,429] {logging_mixin.py:109} INFO - [2022-10-24 01:34:35,429] {dag.py:2937} INFO - Setting next_dagrun for example_nested_branch_dag to 2022-10-23 00:00:00+00:00
[2022-10-24 01:34:35,448] {processor.py:171} INFO - Processing /home/airflow/.local/lib/python3.7/site-packages/airflow/example_dags/example_nested_branch_dag.py took 0.169 seconds
[2022-10-24 01:35:05,927] {processor.py:163} INFO - Started process (PID=1874) to work on /home/airflow/.local/lib/python3.7/site-packages/airflow/example_dags/example_nested_branch_dag.py
[2022-10-24 01:35:05,930] {processor.py:642} INFO - Processing file /home/airflow/.local/lib/python3.7/site-packages/airflow/example_dags/example_nested_branch_dag.py for tasks to queue
[2022-10-24 01:35:05,932] {logging_mixin.py:109} INFO - [2022-10-24 01:35:05,932] {dagbag.py:500} INFO - Filling up the DagBag from /home/airflow/.local/lib/python3.7/site-packages/airflow/example_dags/example_nested_branch_dag.py
[2022-10-24 01:35:05,998] {processor.py:654} INFO - DAG(s) dict_keys(['example_nested_branch_dag']) retrieved from /home/airflow/.local/lib/python3.7/site-packages/airflow/example_dags/example_nested_branch_dag.py
[2022-10-24 01:35:06,029] {logging_mixin.py:109} INFO - [2022-10-24 01:35:06,029] {dag.py:2398} INFO - Sync 1 DAGs
[2022-10-24 01:35:06,084] {logging_mixin.py:109} INFO - [2022-10-24 01:35:06,084] {dag.py:2937} INFO - Setting next_dagrun for example_nested_branch_dag to 2022-10-23 00:00:00+00:00
[2022-10-24 01:35:06,110] {processor.py:171} INFO - Processing /home/airflow/.local/lib/python3.7/site-packages/airflow/example_dags/example_nested_branch_dag.py took 0.188 seconds
