[2022-10-24 01:18:06,015] {processor.py:163} INFO - Started process (PID=54) to work on /home/airflow/.local/lib/python3.7/site-packages/airflow/example_dags/example_branch_labels.py
[2022-10-24 01:18:06,020] {processor.py:642} INFO - Processing file /home/airflow/.local/lib/python3.7/site-packages/airflow/example_dags/example_branch_labels.py for tasks to queue
[2022-10-24 01:18:06,023] {logging_mixin.py:109} INFO - [2022-10-24 01:18:06,022] {dagbag.py:500} INFO - Filling up the DagBag from /home/airflow/.local/lib/python3.7/site-packages/airflow/example_dags/example_branch_labels.py
[2022-10-24 01:18:06,167] {processor.py:654} INFO - DAG(s) dict_keys(['example_branch_labels']) retrieved from /home/airflow/.local/lib/python3.7/site-packages/airflow/example_dags/example_branch_labels.py
[2022-10-24 01:18:06,200] {logging_mixin.py:109} INFO - [2022-10-24 01:18:06,200] {dag.py:2398} INFO - Sync 1 DAGs
[2022-10-24 01:18:06,226] {logging_mixin.py:109} INFO - [2022-10-24 01:18:06,226] {dag.py:2937} INFO - Setting next_dagrun for example_branch_labels to 2022-10-23 00:00:00+00:00
[2022-10-24 01:18:06,253] {processor.py:171} INFO - Processing /home/airflow/.local/lib/python3.7/site-packages/airflow/example_dags/example_branch_labels.py took 0.261 seconds
[2022-10-24 01:18:37,857] {processor.py:163} INFO - Started process (PID=106) to work on /home/airflow/.local/lib/python3.7/site-packages/airflow/example_dags/example_branch_labels.py
[2022-10-24 01:18:37,893] {processor.py:642} INFO - Processing file /home/airflow/.local/lib/python3.7/site-packages/airflow/example_dags/example_branch_labels.py for tasks to queue
[2022-10-24 01:18:37,905] {logging_mixin.py:109} INFO - [2022-10-24 01:18:37,905] {dagbag.py:500} INFO - Filling up the DagBag from /home/airflow/.local/lib/python3.7/site-packages/airflow/example_dags/example_branch_labels.py
[2022-10-24 01:18:38,064] {processor.py:654} INFO - DAG(s) dict_keys(['example_branch_labels']) retrieved from /home/airflow/.local/lib/python3.7/site-packages/airflow/example_dags/example_branch_labels.py
[2022-10-24 01:18:38,097] {logging_mixin.py:109} INFO - [2022-10-24 01:18:38,097] {dag.py:2398} INFO - Sync 1 DAGs
[2022-10-24 01:18:38,145] {logging_mixin.py:109} INFO - [2022-10-24 01:18:38,144] {dag.py:2937} INFO - Setting next_dagrun for example_branch_labels to 2022-10-23 00:00:00+00:00
[2022-10-24 01:18:38,171] {processor.py:171} INFO - Processing /home/airflow/.local/lib/python3.7/site-packages/airflow/example_dags/example_branch_labels.py took 0.322 seconds
[2022-10-24 01:19:08,952] {processor.py:163} INFO - Started process (PID=158) to work on /home/airflow/.local/lib/python3.7/site-packages/airflow/example_dags/example_branch_labels.py
[2022-10-24 01:19:08,955] {processor.py:642} INFO - Processing file /home/airflow/.local/lib/python3.7/site-packages/airflow/example_dags/example_branch_labels.py for tasks to queue
[2022-10-24 01:19:08,956] {logging_mixin.py:109} INFO - [2022-10-24 01:19:08,956] {dagbag.py:500} INFO - Filling up the DagBag from /home/airflow/.local/lib/python3.7/site-packages/airflow/example_dags/example_branch_labels.py
[2022-10-24 01:19:09,014] {processor.py:654} INFO - DAG(s) dict_keys(['example_branch_labels']) retrieved from /home/airflow/.local/lib/python3.7/site-packages/airflow/example_dags/example_branch_labels.py
[2022-10-24 01:19:09,032] {logging_mixin.py:109} INFO - [2022-10-24 01:19:09,032] {dag.py:2398} INFO - Sync 1 DAGs
[2022-10-24 01:19:09,060] {logging_mixin.py:109} INFO - [2022-10-24 01:19:09,060] {dag.py:2937} INFO - Setting next_dagrun for example_branch_labels to 2022-10-23 00:00:00+00:00
[2022-10-24 01:19:09,074] {processor.py:171} INFO - Processing /home/airflow/.local/lib/python3.7/site-packages/airflow/example_dags/example_branch_labels.py took 0.129 seconds
[2022-10-24 01:19:40,280] {processor.py:163} INFO - Started process (PID=219) to work on /home/airflow/.local/lib/python3.7/site-packages/airflow/example_dags/example_branch_labels.py
[2022-10-24 01:19:40,283] {processor.py:642} INFO - Processing file /home/airflow/.local/lib/python3.7/site-packages/airflow/example_dags/example_branch_labels.py for tasks to queue
[2022-10-24 01:19:40,287] {logging_mixin.py:109} INFO - [2022-10-24 01:19:40,287] {dagbag.py:500} INFO - Filling up the DagBag from /home/airflow/.local/lib/python3.7/site-packages/airflow/example_dags/example_branch_labels.py
[2022-10-24 01:19:40,333] {processor.py:654} INFO - DAG(s) dict_keys(['example_branch_labels']) retrieved from /home/airflow/.local/lib/python3.7/site-packages/airflow/example_dags/example_branch_labels.py
[2022-10-24 01:19:40,347] {logging_mixin.py:109} INFO - [2022-10-24 01:19:40,347] {dag.py:2398} INFO - Sync 1 DAGs
[2022-10-24 01:19:40,380] {logging_mixin.py:109} INFO - [2022-10-24 01:19:40,380] {dag.py:2937} INFO - Setting next_dagrun for example_branch_labels to 2022-10-23 00:00:00+00:00
[2022-10-24 01:19:40,397] {processor.py:171} INFO - Processing /home/airflow/.local/lib/python3.7/site-packages/airflow/example_dags/example_branch_labels.py took 0.122 seconds
[2022-10-24 01:20:11,010] {processor.py:163} INFO - Started process (PID=271) to work on /home/airflow/.local/lib/python3.7/site-packages/airflow/example_dags/example_branch_labels.py
[2022-10-24 01:20:11,012] {processor.py:642} INFO - Processing file /home/airflow/.local/lib/python3.7/site-packages/airflow/example_dags/example_branch_labels.py for tasks to queue
[2022-10-24 01:20:11,014] {logging_mixin.py:109} INFO - [2022-10-24 01:20:11,014] {dagbag.py:500} INFO - Filling up the DagBag from /home/airflow/.local/lib/python3.7/site-packages/airflow/example_dags/example_branch_labels.py
[2022-10-24 01:20:11,053] {processor.py:654} INFO - DAG(s) dict_keys(['example_branch_labels']) retrieved from /home/airflow/.local/lib/python3.7/site-packages/airflow/example_dags/example_branch_labels.py
[2022-10-24 01:20:11,069] {logging_mixin.py:109} INFO - [2022-10-24 01:20:11,069] {dag.py:2398} INFO - Sync 1 DAGs
[2022-10-24 01:20:11,091] {logging_mixin.py:109} INFO - [2022-10-24 01:20:11,091] {dag.py:2937} INFO - Setting next_dagrun for example_branch_labels to 2022-10-23 00:00:00+00:00
[2022-10-24 01:20:11,107] {processor.py:171} INFO - Processing /home/airflow/.local/lib/python3.7/site-packages/airflow/example_dags/example_branch_labels.py took 0.100 seconds
[2022-10-24 01:20:41,438] {processor.py:163} INFO - Started process (PID=323) to work on /home/airflow/.local/lib/python3.7/site-packages/airflow/example_dags/example_branch_labels.py
[2022-10-24 01:20:41,440] {processor.py:642} INFO - Processing file /home/airflow/.local/lib/python3.7/site-packages/airflow/example_dags/example_branch_labels.py for tasks to queue
[2022-10-24 01:20:41,442] {logging_mixin.py:109} INFO - [2022-10-24 01:20:41,442] {dagbag.py:500} INFO - Filling up the DagBag from /home/airflow/.local/lib/python3.7/site-packages/airflow/example_dags/example_branch_labels.py
[2022-10-24 01:20:41,483] {processor.py:654} INFO - DAG(s) dict_keys(['example_branch_labels']) retrieved from /home/airflow/.local/lib/python3.7/site-packages/airflow/example_dags/example_branch_labels.py
[2022-10-24 01:20:41,495] {logging_mixin.py:109} INFO - [2022-10-24 01:20:41,495] {dag.py:2398} INFO - Sync 1 DAGs
[2022-10-24 01:20:41,517] {logging_mixin.py:109} INFO - [2022-10-24 01:20:41,517] {dag.py:2937} INFO - Setting next_dagrun for example_branch_labels to 2022-10-23 00:00:00+00:00
[2022-10-24 01:20:41,530] {processor.py:171} INFO - Processing /home/airflow/.local/lib/python3.7/site-packages/airflow/example_dags/example_branch_labels.py took 0.096 seconds
[2022-10-24 01:21:11,625] {processor.py:163} INFO - Started process (PID=384) to work on /home/airflow/.local/lib/python3.7/site-packages/airflow/example_dags/example_branch_labels.py
[2022-10-24 01:21:11,628] {processor.py:642} INFO - Processing file /home/airflow/.local/lib/python3.7/site-packages/airflow/example_dags/example_branch_labels.py for tasks to queue
[2022-10-24 01:21:11,630] {logging_mixin.py:109} INFO - [2022-10-24 01:21:11,630] {dagbag.py:500} INFO - Filling up the DagBag from /home/airflow/.local/lib/python3.7/site-packages/airflow/example_dags/example_branch_labels.py
[2022-10-24 01:21:11,670] {processor.py:654} INFO - DAG(s) dict_keys(['example_branch_labels']) retrieved from /home/airflow/.local/lib/python3.7/site-packages/airflow/example_dags/example_branch_labels.py
[2022-10-24 01:21:11,683] {logging_mixin.py:109} INFO - [2022-10-24 01:21:11,683] {dag.py:2398} INFO - Sync 1 DAGs
[2022-10-24 01:21:11,704] {logging_mixin.py:109} INFO - [2022-10-24 01:21:11,704] {dag.py:2937} INFO - Setting next_dagrun for example_branch_labels to 2022-10-23 00:00:00+00:00
[2022-10-24 01:21:11,723] {processor.py:171} INFO - Processing /home/airflow/.local/lib/python3.7/site-packages/airflow/example_dags/example_branch_labels.py took 0.106 seconds
[2022-10-24 01:21:42,036] {processor.py:163} INFO - Started process (PID=435) to work on /home/airflow/.local/lib/python3.7/site-packages/airflow/example_dags/example_branch_labels.py
[2022-10-24 01:21:42,039] {processor.py:642} INFO - Processing file /home/airflow/.local/lib/python3.7/site-packages/airflow/example_dags/example_branch_labels.py for tasks to queue
[2022-10-24 01:21:42,040] {logging_mixin.py:109} INFO - [2022-10-24 01:21:42,040] {dagbag.py:500} INFO - Filling up the DagBag from /home/airflow/.local/lib/python3.7/site-packages/airflow/example_dags/example_branch_labels.py
[2022-10-24 01:21:42,087] {processor.py:654} INFO - DAG(s) dict_keys(['example_branch_labels']) retrieved from /home/airflow/.local/lib/python3.7/site-packages/airflow/example_dags/example_branch_labels.py
[2022-10-24 01:21:42,098] {logging_mixin.py:109} INFO - [2022-10-24 01:21:42,098] {dag.py:2398} INFO - Sync 1 DAGs
[2022-10-24 01:21:42,119] {logging_mixin.py:109} INFO - [2022-10-24 01:21:42,119] {dag.py:2937} INFO - Setting next_dagrun for example_branch_labels to 2022-10-23 00:00:00+00:00
[2022-10-24 01:21:42,130] {processor.py:171} INFO - Processing /home/airflow/.local/lib/python3.7/site-packages/airflow/example_dags/example_branch_labels.py took 0.099 seconds
[2022-10-24 01:22:13,446] {processor.py:163} INFO - Started process (PID=498) to work on /home/airflow/.local/lib/python3.7/site-packages/airflow/example_dags/example_branch_labels.py
[2022-10-24 01:22:13,448] {processor.py:642} INFO - Processing file /home/airflow/.local/lib/python3.7/site-packages/airflow/example_dags/example_branch_labels.py for tasks to queue
[2022-10-24 01:22:13,451] {logging_mixin.py:109} INFO - [2022-10-24 01:22:13,450] {dagbag.py:500} INFO - Filling up the DagBag from /home/airflow/.local/lib/python3.7/site-packages/airflow/example_dags/example_branch_labels.py
[2022-10-24 01:22:13,494] {processor.py:654} INFO - DAG(s) dict_keys(['example_branch_labels']) retrieved from /home/airflow/.local/lib/python3.7/site-packages/airflow/example_dags/example_branch_labels.py
[2022-10-24 01:22:13,508] {logging_mixin.py:109} INFO - [2022-10-24 01:22:13,508] {dag.py:2398} INFO - Sync 1 DAGs
[2022-10-24 01:22:13,535] {logging_mixin.py:109} INFO - [2022-10-24 01:22:13,534] {dag.py:2937} INFO - Setting next_dagrun for example_branch_labels to 2022-10-23 00:00:00+00:00
[2022-10-24 01:22:13,550] {processor.py:171} INFO - Processing /home/airflow/.local/lib/python3.7/site-packages/airflow/example_dags/example_branch_labels.py took 0.109 seconds
[2022-10-24 01:22:44,402] {processor.py:163} INFO - Started process (PID=550) to work on /home/airflow/.local/lib/python3.7/site-packages/airflow/example_dags/example_branch_labels.py
[2022-10-24 01:22:44,406] {processor.py:642} INFO - Processing file /home/airflow/.local/lib/python3.7/site-packages/airflow/example_dags/example_branch_labels.py for tasks to queue
[2022-10-24 01:22:44,408] {logging_mixin.py:109} INFO - [2022-10-24 01:22:44,408] {dagbag.py:500} INFO - Filling up the DagBag from /home/airflow/.local/lib/python3.7/site-packages/airflow/example_dags/example_branch_labels.py
[2022-10-24 01:22:44,477] {processor.py:654} INFO - DAG(s) dict_keys(['example_branch_labels']) retrieved from /home/airflow/.local/lib/python3.7/site-packages/airflow/example_dags/example_branch_labels.py
[2022-10-24 01:22:44,507] {logging_mixin.py:109} INFO - [2022-10-24 01:22:44,507] {dag.py:2398} INFO - Sync 1 DAGs
[2022-10-24 01:22:44,579] {logging_mixin.py:109} INFO - [2022-10-24 01:22:44,579] {dag.py:2937} INFO - Setting next_dagrun for example_branch_labels to 2022-10-23 00:00:00+00:00
[2022-10-24 01:22:44,608] {processor.py:171} INFO - Processing /home/airflow/.local/lib/python3.7/site-packages/airflow/example_dags/example_branch_labels.py took 0.211 seconds
[2022-10-24 01:23:14,977] {processor.py:163} INFO - Started process (PID=602) to work on /home/airflow/.local/lib/python3.7/site-packages/airflow/example_dags/example_branch_labels.py
[2022-10-24 01:23:14,979] {processor.py:642} INFO - Processing file /home/airflow/.local/lib/python3.7/site-packages/airflow/example_dags/example_branch_labels.py for tasks to queue
[2022-10-24 01:23:14,981] {logging_mixin.py:109} INFO - [2022-10-24 01:23:14,980] {dagbag.py:500} INFO - Filling up the DagBag from /home/airflow/.local/lib/python3.7/site-packages/airflow/example_dags/example_branch_labels.py
[2022-10-24 01:23:15,038] {processor.py:654} INFO - DAG(s) dict_keys(['example_branch_labels']) retrieved from /home/airflow/.local/lib/python3.7/site-packages/airflow/example_dags/example_branch_labels.py
[2022-10-24 01:23:15,058] {logging_mixin.py:109} INFO - [2022-10-24 01:23:15,058] {dag.py:2398} INFO - Sync 1 DAGs
[2022-10-24 01:23:15,088] {logging_mixin.py:109} INFO - [2022-10-24 01:23:15,088] {dag.py:2937} INFO - Setting next_dagrun for example_branch_labels to 2022-10-23 00:00:00+00:00
[2022-10-24 01:23:15,101] {processor.py:171} INFO - Processing /home/airflow/.local/lib/python3.7/site-packages/airflow/example_dags/example_branch_labels.py took 0.128 seconds
[2022-10-24 01:23:46,437] {processor.py:163} INFO - Started process (PID=663) to work on /home/airflow/.local/lib/python3.7/site-packages/airflow/example_dags/example_branch_labels.py
[2022-10-24 01:23:46,439] {processor.py:642} INFO - Processing file /home/airflow/.local/lib/python3.7/site-packages/airflow/example_dags/example_branch_labels.py for tasks to queue
[2022-10-24 01:23:46,449] {logging_mixin.py:109} INFO - [2022-10-24 01:23:46,445] {dagbag.py:500} INFO - Filling up the DagBag from /home/airflow/.local/lib/python3.7/site-packages/airflow/example_dags/example_branch_labels.py
[2022-10-24 01:23:46,496] {processor.py:654} INFO - DAG(s) dict_keys(['example_branch_labels']) retrieved from /home/airflow/.local/lib/python3.7/site-packages/airflow/example_dags/example_branch_labels.py
[2022-10-24 01:23:46,513] {logging_mixin.py:109} INFO - [2022-10-24 01:23:46,513] {dag.py:2398} INFO - Sync 1 DAGs
[2022-10-24 01:23:46,545] {logging_mixin.py:109} INFO - [2022-10-24 01:23:46,545] {dag.py:2937} INFO - Setting next_dagrun for example_branch_labels to 2022-10-23 00:00:00+00:00
[2022-10-24 01:23:46,562] {processor.py:171} INFO - Processing /home/airflow/.local/lib/python3.7/site-packages/airflow/example_dags/example_branch_labels.py took 0.131 seconds
[2022-10-24 01:24:16,819] {processor.py:163} INFO - Started process (PID=715) to work on /home/airflow/.local/lib/python3.7/site-packages/airflow/example_dags/example_branch_labels.py
[2022-10-24 01:24:16,821] {processor.py:642} INFO - Processing file /home/airflow/.local/lib/python3.7/site-packages/airflow/example_dags/example_branch_labels.py for tasks to queue
[2022-10-24 01:24:16,823] {logging_mixin.py:109} INFO - [2022-10-24 01:24:16,823] {dagbag.py:500} INFO - Filling up the DagBag from /home/airflow/.local/lib/python3.7/site-packages/airflow/example_dags/example_branch_labels.py
[2022-10-24 01:24:16,869] {processor.py:654} INFO - DAG(s) dict_keys(['example_branch_labels']) retrieved from /home/airflow/.local/lib/python3.7/site-packages/airflow/example_dags/example_branch_labels.py
[2022-10-24 01:24:16,884] {logging_mixin.py:109} INFO - [2022-10-24 01:24:16,883] {dag.py:2398} INFO - Sync 1 DAGs
[2022-10-24 01:24:16,907] {logging_mixin.py:109} INFO - [2022-10-24 01:24:16,906] {dag.py:2937} INFO - Setting next_dagrun for example_branch_labels to 2022-10-23 00:00:00+00:00
[2022-10-24 01:24:16,927] {processor.py:171} INFO - Processing /home/airflow/.local/lib/python3.7/site-packages/airflow/example_dags/example_branch_labels.py took 0.112 seconds
[2022-10-24 01:24:48,780] {processor.py:163} INFO - Started process (PID=767) to work on /home/airflow/.local/lib/python3.7/site-packages/airflow/example_dags/example_branch_labels.py
[2022-10-24 01:24:48,784] {processor.py:642} INFO - Processing file /home/airflow/.local/lib/python3.7/site-packages/airflow/example_dags/example_branch_labels.py for tasks to queue
[2022-10-24 01:24:48,786] {logging_mixin.py:109} INFO - [2022-10-24 01:24:48,786] {dagbag.py:500} INFO - Filling up the DagBag from /home/airflow/.local/lib/python3.7/site-packages/airflow/example_dags/example_branch_labels.py
[2022-10-24 01:24:48,859] {processor.py:654} INFO - DAG(s) dict_keys(['example_branch_labels']) retrieved from /home/airflow/.local/lib/python3.7/site-packages/airflow/example_dags/example_branch_labels.py
[2022-10-24 01:24:48,879] {logging_mixin.py:109} INFO - [2022-10-24 01:24:48,878] {dag.py:2398} INFO - Sync 1 DAGs
[2022-10-24 01:24:48,917] {logging_mixin.py:109} INFO - [2022-10-24 01:24:48,917] {dag.py:2937} INFO - Setting next_dagrun for example_branch_labels to 2022-10-23 00:00:00+00:00
[2022-10-24 01:24:48,944] {processor.py:171} INFO - Processing /home/airflow/.local/lib/python3.7/site-packages/airflow/example_dags/example_branch_labels.py took 0.173 seconds
[2022-10-24 01:25:19,790] {processor.py:163} INFO - Started process (PID=828) to work on /home/airflow/.local/lib/python3.7/site-packages/airflow/example_dags/example_branch_labels.py
[2022-10-24 01:25:19,794] {processor.py:642} INFO - Processing file /home/airflow/.local/lib/python3.7/site-packages/airflow/example_dags/example_branch_labels.py for tasks to queue
[2022-10-24 01:25:19,796] {logging_mixin.py:109} INFO - [2022-10-24 01:25:19,796] {dagbag.py:500} INFO - Filling up the DagBag from /home/airflow/.local/lib/python3.7/site-packages/airflow/example_dags/example_branch_labels.py
[2022-10-24 01:25:19,836] {processor.py:654} INFO - DAG(s) dict_keys(['example_branch_labels']) retrieved from /home/airflow/.local/lib/python3.7/site-packages/airflow/example_dags/example_branch_labels.py
[2022-10-24 01:25:19,849] {logging_mixin.py:109} INFO - [2022-10-24 01:25:19,848] {dag.py:2398} INFO - Sync 1 DAGs
[2022-10-24 01:25:19,871] {logging_mixin.py:109} INFO - [2022-10-24 01:25:19,871] {dag.py:2937} INFO - Setting next_dagrun for example_branch_labels to 2022-10-23 00:00:00+00:00
[2022-10-24 01:25:19,919] {processor.py:171} INFO - Processing /home/airflow/.local/lib/python3.7/site-packages/airflow/example_dags/example_branch_labels.py took 0.133 seconds
[2022-10-24 01:25:50,945] {processor.py:163} INFO - Started process (PID=871) to work on /home/airflow/.local/lib/python3.7/site-packages/airflow/example_dags/example_branch_labels.py
[2022-10-24 01:25:50,950] {processor.py:642} INFO - Processing file /home/airflow/.local/lib/python3.7/site-packages/airflow/example_dags/example_branch_labels.py for tasks to queue
[2022-10-24 01:25:50,953] {logging_mixin.py:109} INFO - [2022-10-24 01:25:50,953] {dagbag.py:500} INFO - Filling up the DagBag from /home/airflow/.local/lib/python3.7/site-packages/airflow/example_dags/example_branch_labels.py
[2022-10-24 01:25:51,018] {processor.py:654} INFO - DAG(s) dict_keys(['example_branch_labels']) retrieved from /home/airflow/.local/lib/python3.7/site-packages/airflow/example_dags/example_branch_labels.py
[2022-10-24 01:25:51,037] {logging_mixin.py:109} INFO - [2022-10-24 01:25:51,036] {dag.py:2398} INFO - Sync 1 DAGs
[2022-10-24 01:25:51,071] {logging_mixin.py:109} INFO - [2022-10-24 01:25:51,071] {dag.py:2937} INFO - Setting next_dagrun for example_branch_labels to 2022-10-23 00:00:00+00:00
[2022-10-24 01:25:51,089] {processor.py:171} INFO - Processing /home/airflow/.local/lib/python3.7/site-packages/airflow/example_dags/example_branch_labels.py took 0.149 seconds
[2022-10-24 01:26:21,643] {processor.py:163} INFO - Started process (PID=931) to work on /home/airflow/.local/lib/python3.7/site-packages/airflow/example_dags/example_branch_labels.py
[2022-10-24 01:26:21,647] {processor.py:642} INFO - Processing file /home/airflow/.local/lib/python3.7/site-packages/airflow/example_dags/example_branch_labels.py for tasks to queue
[2022-10-24 01:26:21,651] {logging_mixin.py:109} INFO - [2022-10-24 01:26:21,650] {dagbag.py:500} INFO - Filling up the DagBag from /home/airflow/.local/lib/python3.7/site-packages/airflow/example_dags/example_branch_labels.py
[2022-10-24 01:26:21,701] {processor.py:654} INFO - DAG(s) dict_keys(['example_branch_labels']) retrieved from /home/airflow/.local/lib/python3.7/site-packages/airflow/example_dags/example_branch_labels.py
[2022-10-24 01:26:21,718] {logging_mixin.py:109} INFO - [2022-10-24 01:26:21,718] {dag.py:2398} INFO - Sync 1 DAGs
[2022-10-24 01:26:21,745] {logging_mixin.py:109} INFO - [2022-10-24 01:26:21,744] {dag.py:2937} INFO - Setting next_dagrun for example_branch_labels to 2022-10-23 00:00:00+00:00
[2022-10-24 01:26:21,762] {processor.py:171} INFO - Processing /home/airflow/.local/lib/python3.7/site-packages/airflow/example_dags/example_branch_labels.py took 0.127 seconds
[2022-10-24 01:26:51,984] {processor.py:163} INFO - Started process (PID=984) to work on /home/airflow/.local/lib/python3.7/site-packages/airflow/example_dags/example_branch_labels.py
[2022-10-24 01:26:51,988] {processor.py:642} INFO - Processing file /home/airflow/.local/lib/python3.7/site-packages/airflow/example_dags/example_branch_labels.py for tasks to queue
[2022-10-24 01:26:51,990] {logging_mixin.py:109} INFO - [2022-10-24 01:26:51,990] {dagbag.py:500} INFO - Filling up the DagBag from /home/airflow/.local/lib/python3.7/site-packages/airflow/example_dags/example_branch_labels.py
[2022-10-24 01:26:52,031] {processor.py:654} INFO - DAG(s) dict_keys(['example_branch_labels']) retrieved from /home/airflow/.local/lib/python3.7/site-packages/airflow/example_dags/example_branch_labels.py
[2022-10-24 01:26:52,044] {logging_mixin.py:109} INFO - [2022-10-24 01:26:52,044] {dag.py:2398} INFO - Sync 1 DAGs
[2022-10-24 01:26:52,068] {logging_mixin.py:109} INFO - [2022-10-24 01:26:52,068] {dag.py:2937} INFO - Setting next_dagrun for example_branch_labels to 2022-10-23 00:00:00+00:00
[2022-10-24 01:26:52,080] {processor.py:171} INFO - Processing /home/airflow/.local/lib/python3.7/site-packages/airflow/example_dags/example_branch_labels.py took 0.101 seconds
[2022-10-24 01:27:22,965] {processor.py:163} INFO - Started process (PID=1038) to work on /home/airflow/.local/lib/python3.7/site-packages/airflow/example_dags/example_branch_labels.py
[2022-10-24 01:27:22,969] {processor.py:642} INFO - Processing file /home/airflow/.local/lib/python3.7/site-packages/airflow/example_dags/example_branch_labels.py for tasks to queue
[2022-10-24 01:27:22,972] {logging_mixin.py:109} INFO - [2022-10-24 01:27:22,971] {dagbag.py:500} INFO - Filling up the DagBag from /home/airflow/.local/lib/python3.7/site-packages/airflow/example_dags/example_branch_labels.py
[2022-10-24 01:27:23,029] {processor.py:654} INFO - DAG(s) dict_keys(['example_branch_labels']) retrieved from /home/airflow/.local/lib/python3.7/site-packages/airflow/example_dags/example_branch_labels.py
[2022-10-24 01:27:23,047] {logging_mixin.py:109} INFO - [2022-10-24 01:27:23,046] {dag.py:2398} INFO - Sync 1 DAGs
[2022-10-24 01:27:23,069] {logging_mixin.py:109} INFO - [2022-10-24 01:27:23,069] {dag.py:2937} INFO - Setting next_dagrun for example_branch_labels to 2022-10-23 00:00:00+00:00
[2022-10-24 01:27:23,082] {processor.py:171} INFO - Processing /home/airflow/.local/lib/python3.7/site-packages/airflow/example_dags/example_branch_labels.py took 0.121 seconds
[2022-10-24 01:27:54,187] {processor.py:163} INFO - Started process (PID=1089) to work on /home/airflow/.local/lib/python3.7/site-packages/airflow/example_dags/example_branch_labels.py
[2022-10-24 01:27:54,189] {processor.py:642} INFO - Processing file /home/airflow/.local/lib/python3.7/site-packages/airflow/example_dags/example_branch_labels.py for tasks to queue
[2022-10-24 01:27:54,191] {logging_mixin.py:109} INFO - [2022-10-24 01:27:54,191] {dagbag.py:500} INFO - Filling up the DagBag from /home/airflow/.local/lib/python3.7/site-packages/airflow/example_dags/example_branch_labels.py
[2022-10-24 01:27:54,227] {processor.py:654} INFO - DAG(s) dict_keys(['example_branch_labels']) retrieved from /home/airflow/.local/lib/python3.7/site-packages/airflow/example_dags/example_branch_labels.py
[2022-10-24 01:27:54,241] {logging_mixin.py:109} INFO - [2022-10-24 01:27:54,241] {dag.py:2398} INFO - Sync 1 DAGs
[2022-10-24 01:27:54,261] {logging_mixin.py:109} INFO - [2022-10-24 01:27:54,261] {dag.py:2937} INFO - Setting next_dagrun for example_branch_labels to 2022-10-23 00:00:00+00:00
[2022-10-24 01:27:54,273] {processor.py:171} INFO - Processing /home/airflow/.local/lib/python3.7/site-packages/airflow/example_dags/example_branch_labels.py took 0.090 seconds
[2022-10-24 01:28:25,412] {processor.py:163} INFO - Started process (PID=1141) to work on /home/airflow/.local/lib/python3.7/site-packages/airflow/example_dags/example_branch_labels.py
[2022-10-24 01:28:25,414] {processor.py:642} INFO - Processing file /home/airflow/.local/lib/python3.7/site-packages/airflow/example_dags/example_branch_labels.py for tasks to queue
[2022-10-24 01:28:25,416] {logging_mixin.py:109} INFO - [2022-10-24 01:28:25,416] {dagbag.py:500} INFO - Filling up the DagBag from /home/airflow/.local/lib/python3.7/site-packages/airflow/example_dags/example_branch_labels.py
[2022-10-24 01:28:25,453] {processor.py:654} INFO - DAG(s) dict_keys(['example_branch_labels']) retrieved from /home/airflow/.local/lib/python3.7/site-packages/airflow/example_dags/example_branch_labels.py
[2022-10-24 01:28:25,465] {logging_mixin.py:109} INFO - [2022-10-24 01:28:25,465] {dag.py:2398} INFO - Sync 1 DAGs
[2022-10-24 01:28:25,484] {logging_mixin.py:109} INFO - [2022-10-24 01:28:25,484] {dag.py:2937} INFO - Setting next_dagrun for example_branch_labels to 2022-10-23 00:00:00+00:00
[2022-10-24 01:28:25,497] {processor.py:171} INFO - Processing /home/airflow/.local/lib/python3.7/site-packages/airflow/example_dags/example_branch_labels.py took 0.089 seconds
[2022-10-24 01:28:55,913] {processor.py:163} INFO - Started process (PID=1198) to work on /home/airflow/.local/lib/python3.7/site-packages/airflow/example_dags/example_branch_labels.py
[2022-10-24 01:28:55,917] {processor.py:642} INFO - Processing file /home/airflow/.local/lib/python3.7/site-packages/airflow/example_dags/example_branch_labels.py for tasks to queue
[2022-10-24 01:28:55,920] {logging_mixin.py:109} INFO - [2022-10-24 01:28:55,920] {dagbag.py:500} INFO - Filling up the DagBag from /home/airflow/.local/lib/python3.7/site-packages/airflow/example_dags/example_branch_labels.py
[2022-10-24 01:28:55,974] {processor.py:654} INFO - DAG(s) dict_keys(['example_branch_labels']) retrieved from /home/airflow/.local/lib/python3.7/site-packages/airflow/example_dags/example_branch_labels.py
[2022-10-24 01:28:55,993] {logging_mixin.py:109} INFO - [2022-10-24 01:28:55,992] {dag.py:2398} INFO - Sync 1 DAGs
[2022-10-24 01:28:56,022] {logging_mixin.py:109} INFO - [2022-10-24 01:28:56,022] {dag.py:2937} INFO - Setting next_dagrun for example_branch_labels to 2022-10-23 00:00:00+00:00
[2022-10-24 01:28:56,071] {processor.py:171} INFO - Processing /home/airflow/.local/lib/python3.7/site-packages/airflow/example_dags/example_branch_labels.py took 0.169 seconds
[2022-10-24 01:29:26,661] {processor.py:163} INFO - Started process (PID=1253) to work on /home/airflow/.local/lib/python3.7/site-packages/airflow/example_dags/example_branch_labels.py
[2022-10-24 01:29:26,664] {processor.py:642} INFO - Processing file /home/airflow/.local/lib/python3.7/site-packages/airflow/example_dags/example_branch_labels.py for tasks to queue
[2022-10-24 01:29:26,665] {logging_mixin.py:109} INFO - [2022-10-24 01:29:26,665] {dagbag.py:500} INFO - Filling up the DagBag from /home/airflow/.local/lib/python3.7/site-packages/airflow/example_dags/example_branch_labels.py
[2022-10-24 01:29:26,713] {processor.py:654} INFO - DAG(s) dict_keys(['example_branch_labels']) retrieved from /home/airflow/.local/lib/python3.7/site-packages/airflow/example_dags/example_branch_labels.py
[2022-10-24 01:29:26,731] {logging_mixin.py:109} INFO - [2022-10-24 01:29:26,730] {dag.py:2398} INFO - Sync 1 DAGs
[2022-10-24 01:29:26,759] {logging_mixin.py:109} INFO - [2022-10-24 01:29:26,759] {dag.py:2937} INFO - Setting next_dagrun for example_branch_labels to 2022-10-23 00:00:00+00:00
[2022-10-24 01:29:26,776] {processor.py:171} INFO - Processing /home/airflow/.local/lib/python3.7/site-packages/airflow/example_dags/example_branch_labels.py took 0.126 seconds
[2022-10-24 01:29:57,758] {processor.py:163} INFO - Started process (PID=1307) to work on /home/airflow/.local/lib/python3.7/site-packages/airflow/example_dags/example_branch_labels.py
[2022-10-24 01:29:57,761] {processor.py:642} INFO - Processing file /home/airflow/.local/lib/python3.7/site-packages/airflow/example_dags/example_branch_labels.py for tasks to queue
[2022-10-24 01:29:57,763] {logging_mixin.py:109} INFO - [2022-10-24 01:29:57,763] {dagbag.py:500} INFO - Filling up the DagBag from /home/airflow/.local/lib/python3.7/site-packages/airflow/example_dags/example_branch_labels.py
[2022-10-24 01:29:57,830] {processor.py:654} INFO - DAG(s) dict_keys(['example_branch_labels']) retrieved from /home/airflow/.local/lib/python3.7/site-packages/airflow/example_dags/example_branch_labels.py
[2022-10-24 01:29:57,847] {logging_mixin.py:109} INFO - [2022-10-24 01:29:57,847] {dag.py:2398} INFO - Sync 1 DAGs
[2022-10-24 01:29:57,871] {logging_mixin.py:109} INFO - [2022-10-24 01:29:57,871] {dag.py:2937} INFO - Setting next_dagrun for example_branch_labels to 2022-10-23 00:00:00+00:00
[2022-10-24 01:29:57,884] {processor.py:171} INFO - Processing /home/airflow/.local/lib/python3.7/site-packages/airflow/example_dags/example_branch_labels.py took 0.129 seconds
[2022-10-24 01:30:28,207] {processor.py:163} INFO - Started process (PID=1360) to work on /home/airflow/.local/lib/python3.7/site-packages/airflow/example_dags/example_branch_labels.py
[2022-10-24 01:30:28,210] {processor.py:642} INFO - Processing file /home/airflow/.local/lib/python3.7/site-packages/airflow/example_dags/example_branch_labels.py for tasks to queue
[2022-10-24 01:30:28,212] {logging_mixin.py:109} INFO - [2022-10-24 01:30:28,212] {dagbag.py:500} INFO - Filling up the DagBag from /home/airflow/.local/lib/python3.7/site-packages/airflow/example_dags/example_branch_labels.py
[2022-10-24 01:30:28,248] {processor.py:654} INFO - DAG(s) dict_keys(['example_branch_labels']) retrieved from /home/airflow/.local/lib/python3.7/site-packages/airflow/example_dags/example_branch_labels.py
[2022-10-24 01:30:28,261] {logging_mixin.py:109} INFO - [2022-10-24 01:30:28,261] {dag.py:2398} INFO - Sync 1 DAGs
[2022-10-24 01:30:28,280] {logging_mixin.py:109} INFO - [2022-10-24 01:30:28,280] {dag.py:2937} INFO - Setting next_dagrun for example_branch_labels to 2022-10-23 00:00:00+00:00
[2022-10-24 01:30:28,292] {processor.py:171} INFO - Processing /home/airflow/.local/lib/python3.7/site-packages/airflow/example_dags/example_branch_labels.py took 0.090 seconds
[2022-10-24 01:30:58,797] {processor.py:163} INFO - Started process (PID=1421) to work on /home/airflow/.local/lib/python3.7/site-packages/airflow/example_dags/example_branch_labels.py
[2022-10-24 01:30:58,800] {processor.py:642} INFO - Processing file /home/airflow/.local/lib/python3.7/site-packages/airflow/example_dags/example_branch_labels.py for tasks to queue
[2022-10-24 01:30:58,804] {logging_mixin.py:109} INFO - [2022-10-24 01:30:58,804] {dagbag.py:500} INFO - Filling up the DagBag from /home/airflow/.local/lib/python3.7/site-packages/airflow/example_dags/example_branch_labels.py
[2022-10-24 01:30:58,856] {processor.py:654} INFO - DAG(s) dict_keys(['example_branch_labels']) retrieved from /home/airflow/.local/lib/python3.7/site-packages/airflow/example_dags/example_branch_labels.py
[2022-10-24 01:30:58,872] {logging_mixin.py:109} INFO - [2022-10-24 01:30:58,871] {dag.py:2398} INFO - Sync 1 DAGs
[2022-10-24 01:30:58,895] {logging_mixin.py:109} INFO - [2022-10-24 01:30:58,895] {dag.py:2937} INFO - Setting next_dagrun for example_branch_labels to 2022-10-23 00:00:00+00:00
[2022-10-24 01:30:58,909] {processor.py:171} INFO - Processing /home/airflow/.local/lib/python3.7/site-packages/airflow/example_dags/example_branch_labels.py took 0.118 seconds
[2022-10-24 01:31:29,554] {processor.py:163} INFO - Started process (PID=1472) to work on /home/airflow/.local/lib/python3.7/site-packages/airflow/example_dags/example_branch_labels.py
[2022-10-24 01:31:29,558] {processor.py:642} INFO - Processing file /home/airflow/.local/lib/python3.7/site-packages/airflow/example_dags/example_branch_labels.py for tasks to queue
[2022-10-24 01:31:29,560] {logging_mixin.py:109} INFO - [2022-10-24 01:31:29,560] {dagbag.py:500} INFO - Filling up the DagBag from /home/airflow/.local/lib/python3.7/site-packages/airflow/example_dags/example_branch_labels.py
[2022-10-24 01:31:29,611] {processor.py:654} INFO - DAG(s) dict_keys(['example_branch_labels']) retrieved from /home/airflow/.local/lib/python3.7/site-packages/airflow/example_dags/example_branch_labels.py
[2022-10-24 01:31:29,631] {logging_mixin.py:109} INFO - [2022-10-24 01:31:29,631] {dag.py:2398} INFO - Sync 1 DAGs
[2022-10-24 01:31:29,667] {logging_mixin.py:109} INFO - [2022-10-24 01:31:29,667] {dag.py:2937} INFO - Setting next_dagrun for example_branch_labels to 2022-10-23 00:00:00+00:00
[2022-10-24 01:31:29,685] {processor.py:171} INFO - Processing /home/airflow/.local/lib/python3.7/site-packages/airflow/example_dags/example_branch_labels.py took 0.138 seconds
[2022-10-24 01:32:00,069] {processor.py:163} INFO - Started process (PID=1525) to work on /home/airflow/.local/lib/python3.7/site-packages/airflow/example_dags/example_branch_labels.py
[2022-10-24 01:32:00,072] {processor.py:642} INFO - Processing file /home/airflow/.local/lib/python3.7/site-packages/airflow/example_dags/example_branch_labels.py for tasks to queue
[2022-10-24 01:32:00,074] {logging_mixin.py:109} INFO - [2022-10-24 01:32:00,074] {dagbag.py:500} INFO - Filling up the DagBag from /home/airflow/.local/lib/python3.7/site-packages/airflow/example_dags/example_branch_labels.py
[2022-10-24 01:32:00,113] {processor.py:654} INFO - DAG(s) dict_keys(['example_branch_labels']) retrieved from /home/airflow/.local/lib/python3.7/site-packages/airflow/example_dags/example_branch_labels.py
[2022-10-24 01:32:00,127] {logging_mixin.py:109} INFO - [2022-10-24 01:32:00,127] {dag.py:2398} INFO - Sync 1 DAGs
[2022-10-24 01:32:00,145] {logging_mixin.py:109} INFO - [2022-10-24 01:32:00,144] {dag.py:2937} INFO - Setting next_dagrun for example_branch_labels to 2022-10-23 00:00:00+00:00
[2022-10-24 01:32:00,155] {processor.py:171} INFO - Processing /home/airflow/.local/lib/python3.7/site-packages/airflow/example_dags/example_branch_labels.py took 0.091 seconds
[2022-10-24 01:32:30,724] {processor.py:163} INFO - Started process (PID=1588) to work on /home/airflow/.local/lib/python3.7/site-packages/airflow/example_dags/example_branch_labels.py
[2022-10-24 01:32:30,726] {processor.py:642} INFO - Processing file /home/airflow/.local/lib/python3.7/site-packages/airflow/example_dags/example_branch_labels.py for tasks to queue
[2022-10-24 01:32:30,728] {logging_mixin.py:109} INFO - [2022-10-24 01:32:30,728] {dagbag.py:500} INFO - Filling up the DagBag from /home/airflow/.local/lib/python3.7/site-packages/airflow/example_dags/example_branch_labels.py
[2022-10-24 01:32:30,763] {processor.py:654} INFO - DAG(s) dict_keys(['example_branch_labels']) retrieved from /home/airflow/.local/lib/python3.7/site-packages/airflow/example_dags/example_branch_labels.py
[2022-10-24 01:32:30,779] {logging_mixin.py:109} INFO - [2022-10-24 01:32:30,779] {dag.py:2398} INFO - Sync 1 DAGs
[2022-10-24 01:32:30,806] {logging_mixin.py:109} INFO - [2022-10-24 01:32:30,805] {dag.py:2937} INFO - Setting next_dagrun for example_branch_labels to 2022-10-23 00:00:00+00:00
[2022-10-24 01:32:30,815] {processor.py:171} INFO - Processing /home/airflow/.local/lib/python3.7/site-packages/airflow/example_dags/example_branch_labels.py took 0.096 seconds
[2022-10-24 01:33:01,021] {processor.py:163} INFO - Started process (PID=1640) to work on /home/airflow/.local/lib/python3.7/site-packages/airflow/example_dags/example_branch_labels.py
[2022-10-24 01:33:01,024] {processor.py:642} INFO - Processing file /home/airflow/.local/lib/python3.7/site-packages/airflow/example_dags/example_branch_labels.py for tasks to queue
[2022-10-24 01:33:01,026] {logging_mixin.py:109} INFO - [2022-10-24 01:33:01,026] {dagbag.py:500} INFO - Filling up the DagBag from /home/airflow/.local/lib/python3.7/site-packages/airflow/example_dags/example_branch_labels.py
[2022-10-24 01:33:01,063] {processor.py:654} INFO - DAG(s) dict_keys(['example_branch_labels']) retrieved from /home/airflow/.local/lib/python3.7/site-packages/airflow/example_dags/example_branch_labels.py
[2022-10-24 01:33:01,073] {logging_mixin.py:109} INFO - [2022-10-24 01:33:01,073] {dag.py:2398} INFO - Sync 1 DAGs
[2022-10-24 01:33:01,094] {logging_mixin.py:109} INFO - [2022-10-24 01:33:01,094] {dag.py:2937} INFO - Setting next_dagrun for example_branch_labels to 2022-10-23 00:00:00+00:00
[2022-10-24 01:33:01,109] {processor.py:171} INFO - Processing /home/airflow/.local/lib/python3.7/site-packages/airflow/example_dags/example_branch_labels.py took 0.091 seconds
[2022-10-24 01:33:31,836] {processor.py:163} INFO - Started process (PID=1692) to work on /home/airflow/.local/lib/python3.7/site-packages/airflow/example_dags/example_branch_labels.py
[2022-10-24 01:33:31,838] {processor.py:642} INFO - Processing file /home/airflow/.local/lib/python3.7/site-packages/airflow/example_dags/example_branch_labels.py for tasks to queue
[2022-10-24 01:33:31,840] {logging_mixin.py:109} INFO - [2022-10-24 01:33:31,840] {dagbag.py:500} INFO - Filling up the DagBag from /home/airflow/.local/lib/python3.7/site-packages/airflow/example_dags/example_branch_labels.py
[2022-10-24 01:33:31,880] {processor.py:654} INFO - DAG(s) dict_keys(['example_branch_labels']) retrieved from /home/airflow/.local/lib/python3.7/site-packages/airflow/example_dags/example_branch_labels.py
[2022-10-24 01:33:31,893] {logging_mixin.py:109} INFO - [2022-10-24 01:33:31,892] {dag.py:2398} INFO - Sync 1 DAGs
[2022-10-24 01:33:31,919] {logging_mixin.py:109} INFO - [2022-10-24 01:33:31,919] {dag.py:2937} INFO - Setting next_dagrun for example_branch_labels to 2022-10-23 00:00:00+00:00
[2022-10-24 01:33:31,930] {processor.py:171} INFO - Processing /home/airflow/.local/lib/python3.7/site-packages/airflow/example_dags/example_branch_labels.py took 0.098 seconds
[2022-10-24 01:34:02,619] {processor.py:163} INFO - Started process (PID=1752) to work on /home/airflow/.local/lib/python3.7/site-packages/airflow/example_dags/example_branch_labels.py
[2022-10-24 01:34:02,621] {processor.py:642} INFO - Processing file /home/airflow/.local/lib/python3.7/site-packages/airflow/example_dags/example_branch_labels.py for tasks to queue
[2022-10-24 01:34:02,623] {logging_mixin.py:109} INFO - [2022-10-24 01:34:02,623] {dagbag.py:500} INFO - Filling up the DagBag from /home/airflow/.local/lib/python3.7/site-packages/airflow/example_dags/example_branch_labels.py
[2022-10-24 01:34:02,653] {processor.py:654} INFO - DAG(s) dict_keys(['example_branch_labels']) retrieved from /home/airflow/.local/lib/python3.7/site-packages/airflow/example_dags/example_branch_labels.py
[2022-10-24 01:34:02,665] {logging_mixin.py:109} INFO - [2022-10-24 01:34:02,665] {dag.py:2398} INFO - Sync 1 DAGs
[2022-10-24 01:34:02,682] {logging_mixin.py:109} INFO - [2022-10-24 01:34:02,682] {dag.py:2937} INFO - Setting next_dagrun for example_branch_labels to 2022-10-23 00:00:00+00:00
[2022-10-24 01:34:02,693] {processor.py:171} INFO - Processing /home/airflow/.local/lib/python3.7/site-packages/airflow/example_dags/example_branch_labels.py took 0.078 seconds
[2022-10-24 01:34:33,612] {processor.py:163} INFO - Started process (PID=1803) to work on /home/airflow/.local/lib/python3.7/site-packages/airflow/example_dags/example_branch_labels.py
[2022-10-24 01:34:33,615] {processor.py:642} INFO - Processing file /home/airflow/.local/lib/python3.7/site-packages/airflow/example_dags/example_branch_labels.py for tasks to queue
[2022-10-24 01:34:33,617] {logging_mixin.py:109} INFO - [2022-10-24 01:34:33,617] {dagbag.py:500} INFO - Filling up the DagBag from /home/airflow/.local/lib/python3.7/site-packages/airflow/example_dags/example_branch_labels.py
[2022-10-24 01:34:33,664] {processor.py:654} INFO - DAG(s) dict_keys(['example_branch_labels']) retrieved from /home/airflow/.local/lib/python3.7/site-packages/airflow/example_dags/example_branch_labels.py
[2022-10-24 01:34:33,681] {logging_mixin.py:109} INFO - [2022-10-24 01:34:33,681] {dag.py:2398} INFO - Sync 1 DAGs
[2022-10-24 01:34:33,708] {logging_mixin.py:109} INFO - [2022-10-24 01:34:33,708] {dag.py:2937} INFO - Setting next_dagrun for example_branch_labels to 2022-10-23 00:00:00+00:00
[2022-10-24 01:34:33,722] {processor.py:171} INFO - Processing /home/airflow/.local/lib/python3.7/site-packages/airflow/example_dags/example_branch_labels.py took 0.115 seconds
[2022-10-24 01:35:04,330] {processor.py:163} INFO - Started process (PID=1865) to work on /home/airflow/.local/lib/python3.7/site-packages/airflow/example_dags/example_branch_labels.py
[2022-10-24 01:35:04,344] {processor.py:642} INFO - Processing file /home/airflow/.local/lib/python3.7/site-packages/airflow/example_dags/example_branch_labels.py for tasks to queue
[2022-10-24 01:35:04,346] {logging_mixin.py:109} INFO - [2022-10-24 01:35:04,346] {dagbag.py:500} INFO - Filling up the DagBag from /home/airflow/.local/lib/python3.7/site-packages/airflow/example_dags/example_branch_labels.py
[2022-10-24 01:35:04,422] {processor.py:654} INFO - DAG(s) dict_keys(['example_branch_labels']) retrieved from /home/airflow/.local/lib/python3.7/site-packages/airflow/example_dags/example_branch_labels.py
[2022-10-24 01:35:04,447] {logging_mixin.py:109} INFO - [2022-10-24 01:35:04,446] {dag.py:2398} INFO - Sync 1 DAGs
[2022-10-24 01:35:04,475] {logging_mixin.py:109} INFO - [2022-10-24 01:35:04,475] {dag.py:2937} INFO - Setting next_dagrun for example_branch_labels to 2022-10-23 00:00:00+00:00
[2022-10-24 01:35:04,490] {processor.py:171} INFO - Processing /home/airflow/.local/lib/python3.7/site-packages/airflow/example_dags/example_branch_labels.py took 0.166 seconds
[2022-10-24 01:35:34,833] {processor.py:163} INFO - Started process (PID=1916) to work on /home/airflow/.local/lib/python3.7/site-packages/airflow/example_dags/example_branch_labels.py
[2022-10-24 01:35:34,837] {processor.py:642} INFO - Processing file /home/airflow/.local/lib/python3.7/site-packages/airflow/example_dags/example_branch_labels.py for tasks to queue
[2022-10-24 01:35:34,839] {logging_mixin.py:109} INFO - [2022-10-24 01:35:34,839] {dagbag.py:500} INFO - Filling up the DagBag from /home/airflow/.local/lib/python3.7/site-packages/airflow/example_dags/example_branch_labels.py
[2022-10-24 01:35:34,914] {processor.py:654} INFO - DAG(s) dict_keys(['example_branch_labels']) retrieved from /home/airflow/.local/lib/python3.7/site-packages/airflow/example_dags/example_branch_labels.py
[2022-10-24 01:35:34,932] {logging_mixin.py:109} INFO - [2022-10-24 01:35:34,932] {dag.py:2398} INFO - Sync 1 DAGs
[2022-10-24 01:35:34,963] {logging_mixin.py:109} INFO - [2022-10-24 01:35:34,963] {dag.py:2937} INFO - Setting next_dagrun for example_branch_labels to 2022-10-23 00:00:00+00:00
[2022-10-24 01:35:34,979] {processor.py:171} INFO - Processing /home/airflow/.local/lib/python3.7/site-packages/airflow/example_dags/example_branch_labels.py took 0.155 seconds
