[2022-10-24 01:18:03,170] {processor.py:163} INFO - Started process (PID=40) to work on /home/airflow/.local/lib/python3.7/site-packages/airflow/example_dags/example_branch_day_of_week_operator.py
[2022-10-24 01:18:03,173] {processor.py:642} INFO - Processing file /home/airflow/.local/lib/python3.7/site-packages/airflow/example_dags/example_branch_day_of_week_operator.py for tasks to queue
[2022-10-24 01:18:03,175] {logging_mixin.py:109} INFO - [2022-10-24 01:18:03,175] {dagbag.py:500} INFO - Filling up the DagBag from /home/airflow/.local/lib/python3.7/site-packages/airflow/example_dags/example_branch_day_of_week_operator.py
[2022-10-24 01:18:03,227] {processor.py:654} INFO - DAG(s) dict_keys(['example_weekday_branch_operator']) retrieved from /home/airflow/.local/lib/python3.7/site-packages/airflow/example_dags/example_branch_day_of_week_operator.py
[2022-10-24 01:18:03,243] {logging_mixin.py:109} INFO - [2022-10-24 01:18:03,242] {dag.py:2398} INFO - Sync 1 DAGs
[2022-10-24 01:18:03,269] {logging_mixin.py:109} INFO - [2022-10-24 01:18:03,269] {dag.py:2937} INFO - Setting next_dagrun for example_weekday_branch_operator to 2022-10-23 00:00:00+00:00
[2022-10-24 01:18:03,281] {processor.py:171} INFO - Processing /home/airflow/.local/lib/python3.7/site-packages/airflow/example_dags/example_branch_day_of_week_operator.py took 0.117 seconds
[2022-10-24 01:18:34,763] {processor.py:163} INFO - Started process (PID=92) to work on /home/airflow/.local/lib/python3.7/site-packages/airflow/example_dags/example_branch_day_of_week_operator.py
[2022-10-24 01:18:34,787] {processor.py:642} INFO - Processing file /home/airflow/.local/lib/python3.7/site-packages/airflow/example_dags/example_branch_day_of_week_operator.py for tasks to queue
[2022-10-24 01:18:34,795] {logging_mixin.py:109} INFO - [2022-10-24 01:18:34,795] {dagbag.py:500} INFO - Filling up the DagBag from /home/airflow/.local/lib/python3.7/site-packages/airflow/example_dags/example_branch_day_of_week_operator.py
[2022-10-24 01:18:34,875] {processor.py:654} INFO - DAG(s) dict_keys(['example_weekday_branch_operator']) retrieved from /home/airflow/.local/lib/python3.7/site-packages/airflow/example_dags/example_branch_day_of_week_operator.py
[2022-10-24 01:18:34,936] {logging_mixin.py:109} INFO - [2022-10-24 01:18:34,936] {dag.py:2398} INFO - Sync 1 DAGs
[2022-10-24 01:18:34,992] {logging_mixin.py:109} INFO - [2022-10-24 01:18:34,992] {dag.py:2937} INFO - Setting next_dagrun for example_weekday_branch_operator to 2022-10-23 00:00:00+00:00
[2022-10-24 01:18:35,041] {processor.py:171} INFO - Processing /home/airflow/.local/lib/python3.7/site-packages/airflow/example_dags/example_branch_day_of_week_operator.py took 0.285 seconds
[2022-10-24 01:19:05,374] {processor.py:163} INFO - Started process (PID=144) to work on /home/airflow/.local/lib/python3.7/site-packages/airflow/example_dags/example_branch_day_of_week_operator.py
[2022-10-24 01:19:05,377] {processor.py:642} INFO - Processing file /home/airflow/.local/lib/python3.7/site-packages/airflow/example_dags/example_branch_day_of_week_operator.py for tasks to queue
[2022-10-24 01:19:05,379] {logging_mixin.py:109} INFO - [2022-10-24 01:19:05,378] {dagbag.py:500} INFO - Filling up the DagBag from /home/airflow/.local/lib/python3.7/site-packages/airflow/example_dags/example_branch_day_of_week_operator.py
[2022-10-24 01:19:05,419] {processor.py:654} INFO - DAG(s) dict_keys(['example_weekday_branch_operator']) retrieved from /home/airflow/.local/lib/python3.7/site-packages/airflow/example_dags/example_branch_day_of_week_operator.py
[2022-10-24 01:19:05,434] {logging_mixin.py:109} INFO - [2022-10-24 01:19:05,433] {dag.py:2398} INFO - Sync 1 DAGs
[2022-10-24 01:19:05,465] {logging_mixin.py:109} INFO - [2022-10-24 01:19:05,465] {dag.py:2937} INFO - Setting next_dagrun for example_weekday_branch_operator to 2022-10-23 00:00:00+00:00
[2022-10-24 01:19:05,477] {processor.py:171} INFO - Processing /home/airflow/.local/lib/python3.7/site-packages/airflow/example_dags/example_branch_day_of_week_operator.py took 0.108 seconds
[2022-10-24 01:19:35,907] {processor.py:163} INFO - Started process (PID=196) to work on /home/airflow/.local/lib/python3.7/site-packages/airflow/example_dags/example_branch_day_of_week_operator.py
[2022-10-24 01:19:35,910] {processor.py:642} INFO - Processing file /home/airflow/.local/lib/python3.7/site-packages/airflow/example_dags/example_branch_day_of_week_operator.py for tasks to queue
[2022-10-24 01:19:35,912] {logging_mixin.py:109} INFO - [2022-10-24 01:19:35,912] {dagbag.py:500} INFO - Filling up the DagBag from /home/airflow/.local/lib/python3.7/site-packages/airflow/example_dags/example_branch_day_of_week_operator.py
[2022-10-24 01:19:35,958] {processor.py:654} INFO - DAG(s) dict_keys(['example_weekday_branch_operator']) retrieved from /home/airflow/.local/lib/python3.7/site-packages/airflow/example_dags/example_branch_day_of_week_operator.py
[2022-10-24 01:19:35,970] {logging_mixin.py:109} INFO - [2022-10-24 01:19:35,969] {dag.py:2398} INFO - Sync 1 DAGs
[2022-10-24 01:19:35,993] {logging_mixin.py:109} INFO - [2022-10-24 01:19:35,993] {dag.py:2937} INFO - Setting next_dagrun for example_weekday_branch_operator to 2022-10-23 00:00:00+00:00
[2022-10-24 01:19:36,007] {processor.py:171} INFO - Processing /home/airflow/.local/lib/python3.7/site-packages/airflow/example_dags/example_branch_day_of_week_operator.py took 0.107 seconds
[2022-10-24 01:20:06,589] {processor.py:163} INFO - Started process (PID=257) to work on /home/airflow/.local/lib/python3.7/site-packages/airflow/example_dags/example_branch_day_of_week_operator.py
[2022-10-24 01:20:06,591] {processor.py:642} INFO - Processing file /home/airflow/.local/lib/python3.7/site-packages/airflow/example_dags/example_branch_day_of_week_operator.py for tasks to queue
[2022-10-24 01:20:06,593] {logging_mixin.py:109} INFO - [2022-10-24 01:20:06,593] {dagbag.py:500} INFO - Filling up the DagBag from /home/airflow/.local/lib/python3.7/site-packages/airflow/example_dags/example_branch_day_of_week_operator.py
[2022-10-24 01:20:06,617] {processor.py:654} INFO - DAG(s) dict_keys(['example_weekday_branch_operator']) retrieved from /home/airflow/.local/lib/python3.7/site-packages/airflow/example_dags/example_branch_day_of_week_operator.py
[2022-10-24 01:20:06,631] {logging_mixin.py:109} INFO - [2022-10-24 01:20:06,631] {dag.py:2398} INFO - Sync 1 DAGs
[2022-10-24 01:20:06,661] {logging_mixin.py:109} INFO - [2022-10-24 01:20:06,661] {dag.py:2937} INFO - Setting next_dagrun for example_weekday_branch_operator to 2022-10-23 00:00:00+00:00
[2022-10-24 01:20:06,679] {processor.py:171} INFO - Processing /home/airflow/.local/lib/python3.7/site-packages/airflow/example_dags/example_branch_day_of_week_operator.py took 0.118 seconds
[2022-10-24 01:20:37,189] {processor.py:163} INFO - Started process (PID=309) to work on /home/airflow/.local/lib/python3.7/site-packages/airflow/example_dags/example_branch_day_of_week_operator.py
[2022-10-24 01:20:37,192] {processor.py:642} INFO - Processing file /home/airflow/.local/lib/python3.7/site-packages/airflow/example_dags/example_branch_day_of_week_operator.py for tasks to queue
[2022-10-24 01:20:37,193] {logging_mixin.py:109} INFO - [2022-10-24 01:20:37,193] {dagbag.py:500} INFO - Filling up the DagBag from /home/airflow/.local/lib/python3.7/site-packages/airflow/example_dags/example_branch_day_of_week_operator.py
[2022-10-24 01:20:37,250] {processor.py:654} INFO - DAG(s) dict_keys(['example_weekday_branch_operator']) retrieved from /home/airflow/.local/lib/python3.7/site-packages/airflow/example_dags/example_branch_day_of_week_operator.py
[2022-10-24 01:20:37,277] {logging_mixin.py:109} INFO - [2022-10-24 01:20:37,277] {dag.py:2398} INFO - Sync 1 DAGs
[2022-10-24 01:20:37,313] {logging_mixin.py:109} INFO - [2022-10-24 01:20:37,313] {dag.py:2937} INFO - Setting next_dagrun for example_weekday_branch_operator to 2022-10-23 00:00:00+00:00
[2022-10-24 01:20:37,333] {processor.py:171} INFO - Processing /home/airflow/.local/lib/python3.7/site-packages/airflow/example_dags/example_branch_day_of_week_operator.py took 0.149 seconds
[2022-10-24 01:21:08,316] {processor.py:163} INFO - Started process (PID=368) to work on /home/airflow/.local/lib/python3.7/site-packages/airflow/example_dags/example_branch_day_of_week_operator.py
[2022-10-24 01:21:08,321] {processor.py:642} INFO - Processing file /home/airflow/.local/lib/python3.7/site-packages/airflow/example_dags/example_branch_day_of_week_operator.py for tasks to queue
[2022-10-24 01:21:08,323] {logging_mixin.py:109} INFO - [2022-10-24 01:21:08,323] {dagbag.py:500} INFO - Filling up the DagBag from /home/airflow/.local/lib/python3.7/site-packages/airflow/example_dags/example_branch_day_of_week_operator.py
[2022-10-24 01:21:08,382] {processor.py:654} INFO - DAG(s) dict_keys(['example_weekday_branch_operator']) retrieved from /home/airflow/.local/lib/python3.7/site-packages/airflow/example_dags/example_branch_day_of_week_operator.py
[2022-10-24 01:21:08,402] {logging_mixin.py:109} INFO - [2022-10-24 01:21:08,402] {dag.py:2398} INFO - Sync 1 DAGs
[2022-10-24 01:21:08,440] {logging_mixin.py:109} INFO - [2022-10-24 01:21:08,439] {dag.py:2937} INFO - Setting next_dagrun for example_weekday_branch_operator to 2022-10-23 00:00:00+00:00
[2022-10-24 01:21:08,458] {processor.py:171} INFO - Processing /home/airflow/.local/lib/python3.7/site-packages/airflow/example_dags/example_branch_day_of_week_operator.py took 0.147 seconds
[2022-10-24 01:21:38,868] {processor.py:163} INFO - Started process (PID=422) to work on /home/airflow/.local/lib/python3.7/site-packages/airflow/example_dags/example_branch_day_of_week_operator.py
[2022-10-24 01:21:38,871] {processor.py:642} INFO - Processing file /home/airflow/.local/lib/python3.7/site-packages/airflow/example_dags/example_branch_day_of_week_operator.py for tasks to queue
[2022-10-24 01:21:38,874] {logging_mixin.py:109} INFO - [2022-10-24 01:21:38,873] {dagbag.py:500} INFO - Filling up the DagBag from /home/airflow/.local/lib/python3.7/site-packages/airflow/example_dags/example_branch_day_of_week_operator.py
[2022-10-24 01:21:38,920] {processor.py:654} INFO - DAG(s) dict_keys(['example_weekday_branch_operator']) retrieved from /home/airflow/.local/lib/python3.7/site-packages/airflow/example_dags/example_branch_day_of_week_operator.py
[2022-10-24 01:21:38,934] {logging_mixin.py:109} INFO - [2022-10-24 01:21:38,934] {dag.py:2398} INFO - Sync 1 DAGs
[2022-10-24 01:21:38,963] {logging_mixin.py:109} INFO - [2022-10-24 01:21:38,963] {dag.py:2937} INFO - Setting next_dagrun for example_weekday_branch_operator to 2022-10-23 00:00:00+00:00
[2022-10-24 01:21:38,983] {processor.py:171} INFO - Processing /home/airflow/.local/lib/python3.7/site-packages/airflow/example_dags/example_branch_day_of_week_operator.py took 0.120 seconds
[2022-10-24 01:22:09,698] {processor.py:163} INFO - Started process (PID=475) to work on /home/airflow/.local/lib/python3.7/site-packages/airflow/example_dags/example_branch_day_of_week_operator.py
[2022-10-24 01:22:09,701] {processor.py:642} INFO - Processing file /home/airflow/.local/lib/python3.7/site-packages/airflow/example_dags/example_branch_day_of_week_operator.py for tasks to queue
[2022-10-24 01:22:09,703] {logging_mixin.py:109} INFO - [2022-10-24 01:22:09,703] {dagbag.py:500} INFO - Filling up the DagBag from /home/airflow/.local/lib/python3.7/site-packages/airflow/example_dags/example_branch_day_of_week_operator.py
[2022-10-24 01:22:09,745] {processor.py:654} INFO - DAG(s) dict_keys(['example_weekday_branch_operator']) retrieved from /home/airflow/.local/lib/python3.7/site-packages/airflow/example_dags/example_branch_day_of_week_operator.py
[2022-10-24 01:22:09,758] {logging_mixin.py:109} INFO - [2022-10-24 01:22:09,758] {dag.py:2398} INFO - Sync 1 DAGs
[2022-10-24 01:22:09,780] {logging_mixin.py:109} INFO - [2022-10-24 01:22:09,780] {dag.py:2937} INFO - Setting next_dagrun for example_weekday_branch_operator to 2022-10-23 00:00:00+00:00
[2022-10-24 01:22:09,793] {processor.py:171} INFO - Processing /home/airflow/.local/lib/python3.7/site-packages/airflow/example_dags/example_branch_day_of_week_operator.py took 0.100 seconds
[2022-10-24 01:22:40,748] {processor.py:163} INFO - Started process (PID=536) to work on /home/airflow/.local/lib/python3.7/site-packages/airflow/example_dags/example_branch_day_of_week_operator.py
[2022-10-24 01:22:40,760] {processor.py:642} INFO - Processing file /home/airflow/.local/lib/python3.7/site-packages/airflow/example_dags/example_branch_day_of_week_operator.py for tasks to queue
[2022-10-24 01:22:40,764] {logging_mixin.py:109} INFO - [2022-10-24 01:22:40,764] {dagbag.py:500} INFO - Filling up the DagBag from /home/airflow/.local/lib/python3.7/site-packages/airflow/example_dags/example_branch_day_of_week_operator.py
[2022-10-24 01:22:40,829] {processor.py:654} INFO - DAG(s) dict_keys(['example_weekday_branch_operator']) retrieved from /home/airflow/.local/lib/python3.7/site-packages/airflow/example_dags/example_branch_day_of_week_operator.py
[2022-10-24 01:22:40,858] {logging_mixin.py:109} INFO - [2022-10-24 01:22:40,858] {dag.py:2398} INFO - Sync 1 DAGs
[2022-10-24 01:22:40,889] {logging_mixin.py:109} INFO - [2022-10-24 01:22:40,889] {dag.py:2937} INFO - Setting next_dagrun for example_weekday_branch_operator to 2022-10-23 00:00:00+00:00
[2022-10-24 01:22:40,906] {processor.py:171} INFO - Processing /home/airflow/.local/lib/python3.7/site-packages/airflow/example_dags/example_branch_day_of_week_operator.py took 0.164 seconds
[2022-10-24 01:23:11,673] {processor.py:163} INFO - Started process (PID=588) to work on /home/airflow/.local/lib/python3.7/site-packages/airflow/example_dags/example_branch_day_of_week_operator.py
[2022-10-24 01:23:11,675] {processor.py:642} INFO - Processing file /home/airflow/.local/lib/python3.7/site-packages/airflow/example_dags/example_branch_day_of_week_operator.py for tasks to queue
[2022-10-24 01:23:11,677] {logging_mixin.py:109} INFO - [2022-10-24 01:23:11,677] {dagbag.py:500} INFO - Filling up the DagBag from /home/airflow/.local/lib/python3.7/site-packages/airflow/example_dags/example_branch_day_of_week_operator.py
[2022-10-24 01:23:11,718] {processor.py:654} INFO - DAG(s) dict_keys(['example_weekday_branch_operator']) retrieved from /home/airflow/.local/lib/python3.7/site-packages/airflow/example_dags/example_branch_day_of_week_operator.py
[2022-10-24 01:23:11,731] {logging_mixin.py:109} INFO - [2022-10-24 01:23:11,731] {dag.py:2398} INFO - Sync 1 DAGs
[2022-10-24 01:23:11,759] {logging_mixin.py:109} INFO - [2022-10-24 01:23:11,759] {dag.py:2937} INFO - Setting next_dagrun for example_weekday_branch_operator to 2022-10-23 00:00:00+00:00
[2022-10-24 01:23:11,778] {processor.py:171} INFO - Processing /home/airflow/.local/lib/python3.7/site-packages/airflow/example_dags/example_branch_day_of_week_operator.py took 0.110 seconds
[2022-10-24 01:23:42,512] {processor.py:163} INFO - Started process (PID=640) to work on /home/airflow/.local/lib/python3.7/site-packages/airflow/example_dags/example_branch_day_of_week_operator.py
[2022-10-24 01:23:42,515] {processor.py:642} INFO - Processing file /home/airflow/.local/lib/python3.7/site-packages/airflow/example_dags/example_branch_day_of_week_operator.py for tasks to queue
[2022-10-24 01:23:42,517] {logging_mixin.py:109} INFO - [2022-10-24 01:23:42,517] {dagbag.py:500} INFO - Filling up the DagBag from /home/airflow/.local/lib/python3.7/site-packages/airflow/example_dags/example_branch_day_of_week_operator.py
[2022-10-24 01:23:42,559] {processor.py:654} INFO - DAG(s) dict_keys(['example_weekday_branch_operator']) retrieved from /home/airflow/.local/lib/python3.7/site-packages/airflow/example_dags/example_branch_day_of_week_operator.py
[2022-10-24 01:23:42,572] {logging_mixin.py:109} INFO - [2022-10-24 01:23:42,572] {dag.py:2398} INFO - Sync 1 DAGs
[2022-10-24 01:23:42,602] {logging_mixin.py:109} INFO - [2022-10-24 01:23:42,602] {dag.py:2937} INFO - Setting next_dagrun for example_weekday_branch_operator to 2022-10-23 00:00:00+00:00
[2022-10-24 01:23:42,614] {processor.py:171} INFO - Processing /home/airflow/.local/lib/python3.7/site-packages/airflow/example_dags/example_branch_day_of_week_operator.py took 0.106 seconds
[2022-10-24 01:24:13,576] {processor.py:163} INFO - Started process (PID=701) to work on /home/airflow/.local/lib/python3.7/site-packages/airflow/example_dags/example_branch_day_of_week_operator.py
[2022-10-24 01:24:13,579] {processor.py:642} INFO - Processing file /home/airflow/.local/lib/python3.7/site-packages/airflow/example_dags/example_branch_day_of_week_operator.py for tasks to queue
[2022-10-24 01:24:13,582] {logging_mixin.py:109} INFO - [2022-10-24 01:24:13,581] {dagbag.py:500} INFO - Filling up the DagBag from /home/airflow/.local/lib/python3.7/site-packages/airflow/example_dags/example_branch_day_of_week_operator.py
[2022-10-24 01:24:13,636] {processor.py:654} INFO - DAG(s) dict_keys(['example_weekday_branch_operator']) retrieved from /home/airflow/.local/lib/python3.7/site-packages/airflow/example_dags/example_branch_day_of_week_operator.py
[2022-10-24 01:24:13,660] {logging_mixin.py:109} INFO - [2022-10-24 01:24:13,660] {dag.py:2398} INFO - Sync 1 DAGs
[2022-10-24 01:24:13,683] {logging_mixin.py:109} INFO - [2022-10-24 01:24:13,683] {dag.py:2937} INFO - Setting next_dagrun for example_weekday_branch_operator to 2022-10-23 00:00:00+00:00
[2022-10-24 01:24:13,699] {processor.py:171} INFO - Processing /home/airflow/.local/lib/python3.7/site-packages/airflow/example_dags/example_branch_day_of_week_operator.py took 0.128 seconds
[2022-10-24 01:24:44,301] {processor.py:163} INFO - Started process (PID=753) to work on /home/airflow/.local/lib/python3.7/site-packages/airflow/example_dags/example_branch_day_of_week_operator.py
[2022-10-24 01:24:44,304] {processor.py:642} INFO - Processing file /home/airflow/.local/lib/python3.7/site-packages/airflow/example_dags/example_branch_day_of_week_operator.py for tasks to queue
[2022-10-24 01:24:44,306] {logging_mixin.py:109} INFO - [2022-10-24 01:24:44,306] {dagbag.py:500} INFO - Filling up the DagBag from /home/airflow/.local/lib/python3.7/site-packages/airflow/example_dags/example_branch_day_of_week_operator.py
[2022-10-24 01:24:44,363] {processor.py:654} INFO - DAG(s) dict_keys(['example_weekday_branch_operator']) retrieved from /home/airflow/.local/lib/python3.7/site-packages/airflow/example_dags/example_branch_day_of_week_operator.py
[2022-10-24 01:24:44,384] {logging_mixin.py:109} INFO - [2022-10-24 01:24:44,383] {dag.py:2398} INFO - Sync 1 DAGs
[2022-10-24 01:24:44,421] {logging_mixin.py:109} INFO - [2022-10-24 01:24:44,421] {dag.py:2937} INFO - Setting next_dagrun for example_weekday_branch_operator to 2022-10-23 00:00:00+00:00
[2022-10-24 01:24:44,438] {processor.py:171} INFO - Processing /home/airflow/.local/lib/python3.7/site-packages/airflow/example_dags/example_branch_day_of_week_operator.py took 0.141 seconds
[2022-10-24 01:25:14,884] {processor.py:163} INFO - Started process (PID=805) to work on /home/airflow/.local/lib/python3.7/site-packages/airflow/example_dags/example_branch_day_of_week_operator.py
[2022-10-24 01:25:14,887] {processor.py:642} INFO - Processing file /home/airflow/.local/lib/python3.7/site-packages/airflow/example_dags/example_branch_day_of_week_operator.py for tasks to queue
[2022-10-24 01:25:14,889] {logging_mixin.py:109} INFO - [2022-10-24 01:25:14,889] {dagbag.py:500} INFO - Filling up the DagBag from /home/airflow/.local/lib/python3.7/site-packages/airflow/example_dags/example_branch_day_of_week_operator.py
[2022-10-24 01:25:14,972] {processor.py:654} INFO - DAG(s) dict_keys(['example_weekday_branch_operator']) retrieved from /home/airflow/.local/lib/python3.7/site-packages/airflow/example_dags/example_branch_day_of_week_operator.py
[2022-10-24 01:25:14,993] {logging_mixin.py:109} INFO - [2022-10-24 01:25:14,993] {dag.py:2398} INFO - Sync 1 DAGs
[2022-10-24 01:25:15,030] {logging_mixin.py:109} INFO - [2022-10-24 01:25:15,030] {dag.py:2937} INFO - Setting next_dagrun for example_weekday_branch_operator to 2022-10-23 00:00:00+00:00
[2022-10-24 01:25:15,049] {processor.py:171} INFO - Processing /home/airflow/.local/lib/python3.7/site-packages/airflow/example_dags/example_branch_day_of_week_operator.py took 0.178 seconds
[2022-10-24 01:25:45,195] {processor.py:163} INFO - Started process (PID=856) to work on /home/airflow/.local/lib/python3.7/site-packages/airflow/example_dags/example_branch_day_of_week_operator.py
[2022-10-24 01:25:45,199] {processor.py:642} INFO - Processing file /home/airflow/.local/lib/python3.7/site-packages/airflow/example_dags/example_branch_day_of_week_operator.py for tasks to queue
[2022-10-24 01:25:45,201] {logging_mixin.py:109} INFO - [2022-10-24 01:25:45,201] {dagbag.py:500} INFO - Filling up the DagBag from /home/airflow/.local/lib/python3.7/site-packages/airflow/example_dags/example_branch_day_of_week_operator.py
[2022-10-24 01:25:45,260] {processor.py:654} INFO - DAG(s) dict_keys(['example_weekday_branch_operator']) retrieved from /home/airflow/.local/lib/python3.7/site-packages/airflow/example_dags/example_branch_day_of_week_operator.py
[2022-10-24 01:25:45,278] {logging_mixin.py:109} INFO - [2022-10-24 01:25:45,277] {dag.py:2398} INFO - Sync 1 DAGs
[2022-10-24 01:25:45,310] {logging_mixin.py:109} INFO - [2022-10-24 01:25:45,310] {dag.py:2937} INFO - Setting next_dagrun for example_weekday_branch_operator to 2022-10-23 00:00:00+00:00
[2022-10-24 01:25:45,335] {processor.py:171} INFO - Processing /home/airflow/.local/lib/python3.7/site-packages/airflow/example_dags/example_branch_day_of_week_operator.py took 0.147 seconds
[2022-10-24 01:26:16,480] {processor.py:163} INFO - Started process (PID=909) to work on /home/airflow/.local/lib/python3.7/site-packages/airflow/example_dags/example_branch_day_of_week_operator.py
[2022-10-24 01:26:16,482] {processor.py:642} INFO - Processing file /home/airflow/.local/lib/python3.7/site-packages/airflow/example_dags/example_branch_day_of_week_operator.py for tasks to queue
[2022-10-24 01:26:16,484] {logging_mixin.py:109} INFO - [2022-10-24 01:26:16,484] {dagbag.py:500} INFO - Filling up the DagBag from /home/airflow/.local/lib/python3.7/site-packages/airflow/example_dags/example_branch_day_of_week_operator.py
[2022-10-24 01:26:16,542] {processor.py:654} INFO - DAG(s) dict_keys(['example_weekday_branch_operator']) retrieved from /home/airflow/.local/lib/python3.7/site-packages/airflow/example_dags/example_branch_day_of_week_operator.py
[2022-10-24 01:26:16,562] {logging_mixin.py:109} INFO - [2022-10-24 01:26:16,562] {dag.py:2398} INFO - Sync 1 DAGs
[2022-10-24 01:26:16,588] {logging_mixin.py:109} INFO - [2022-10-24 01:26:16,588] {dag.py:2937} INFO - Setting next_dagrun for example_weekday_branch_operator to 2022-10-23 00:00:00+00:00
[2022-10-24 01:26:16,604] {processor.py:171} INFO - Processing /home/airflow/.local/lib/python3.7/site-packages/airflow/example_dags/example_branch_day_of_week_operator.py took 0.129 seconds
[2022-10-24 01:26:47,196] {processor.py:163} INFO - Started process (PID=968) to work on /home/airflow/.local/lib/python3.7/site-packages/airflow/example_dags/example_branch_day_of_week_operator.py
[2022-10-24 01:26:47,201] {processor.py:642} INFO - Processing file /home/airflow/.local/lib/python3.7/site-packages/airflow/example_dags/example_branch_day_of_week_operator.py for tasks to queue
[2022-10-24 01:26:47,204] {logging_mixin.py:109} INFO - [2022-10-24 01:26:47,203] {dagbag.py:500} INFO - Filling up the DagBag from /home/airflow/.local/lib/python3.7/site-packages/airflow/example_dags/example_branch_day_of_week_operator.py
[2022-10-24 01:26:47,272] {processor.py:654} INFO - DAG(s) dict_keys(['example_weekday_branch_operator']) retrieved from /home/airflow/.local/lib/python3.7/site-packages/airflow/example_dags/example_branch_day_of_week_operator.py
[2022-10-24 01:26:47,298] {logging_mixin.py:109} INFO - [2022-10-24 01:26:47,298] {dag.py:2398} INFO - Sync 1 DAGs
[2022-10-24 01:26:47,328] {logging_mixin.py:109} INFO - [2022-10-24 01:26:47,328] {dag.py:2937} INFO - Setting next_dagrun for example_weekday_branch_operator to 2022-10-23 00:00:00+00:00
[2022-10-24 01:26:47,359] {processor.py:171} INFO - Processing /home/airflow/.local/lib/python3.7/site-packages/airflow/example_dags/example_branch_day_of_week_operator.py took 0.168 seconds
[2022-10-24 01:27:20,108] {processor.py:163} INFO - Started process (PID=1024) to work on /home/airflow/.local/lib/python3.7/site-packages/airflow/example_dags/example_branch_day_of_week_operator.py
[2022-10-24 01:27:20,115] {processor.py:642} INFO - Processing file /home/airflow/.local/lib/python3.7/site-packages/airflow/example_dags/example_branch_day_of_week_operator.py for tasks to queue
[2022-10-24 01:27:20,118] {logging_mixin.py:109} INFO - [2022-10-24 01:27:20,117] {dagbag.py:500} INFO - Filling up the DagBag from /home/airflow/.local/lib/python3.7/site-packages/airflow/example_dags/example_branch_day_of_week_operator.py
[2022-10-24 01:27:20,414] {processor.py:654} INFO - DAG(s) dict_keys(['example_weekday_branch_operator']) retrieved from /home/airflow/.local/lib/python3.7/site-packages/airflow/example_dags/example_branch_day_of_week_operator.py
[2022-10-24 01:27:20,470] {logging_mixin.py:109} INFO - [2022-10-24 01:27:20,470] {dag.py:2398} INFO - Sync 1 DAGs
[2022-10-24 01:27:20,586] {logging_mixin.py:109} INFO - [2022-10-24 01:27:20,586] {dag.py:2937} INFO - Setting next_dagrun for example_weekday_branch_operator to 2022-10-23 00:00:00+00:00
[2022-10-24 01:27:20,632] {processor.py:171} INFO - Processing /home/airflow/.local/lib/python3.7/site-packages/airflow/example_dags/example_branch_day_of_week_operator.py took 0.536 seconds
[2022-10-24 01:27:51,014] {processor.py:163} INFO - Started process (PID=1075) to work on /home/airflow/.local/lib/python3.7/site-packages/airflow/example_dags/example_branch_day_of_week_operator.py
[2022-10-24 01:27:51,017] {processor.py:642} INFO - Processing file /home/airflow/.local/lib/python3.7/site-packages/airflow/example_dags/example_branch_day_of_week_operator.py for tasks to queue
[2022-10-24 01:27:51,019] {logging_mixin.py:109} INFO - [2022-10-24 01:27:51,019] {dagbag.py:500} INFO - Filling up the DagBag from /home/airflow/.local/lib/python3.7/site-packages/airflow/example_dags/example_branch_day_of_week_operator.py
[2022-10-24 01:27:51,096] {processor.py:654} INFO - DAG(s) dict_keys(['example_weekday_branch_operator']) retrieved from /home/airflow/.local/lib/python3.7/site-packages/airflow/example_dags/example_branch_day_of_week_operator.py
[2022-10-24 01:27:51,113] {logging_mixin.py:109} INFO - [2022-10-24 01:27:51,113] {dag.py:2398} INFO - Sync 1 DAGs
[2022-10-24 01:27:51,139] {logging_mixin.py:109} INFO - [2022-10-24 01:27:51,139] {dag.py:2937} INFO - Setting next_dagrun for example_weekday_branch_operator to 2022-10-23 00:00:00+00:00
[2022-10-24 01:27:51,154] {processor.py:171} INFO - Processing /home/airflow/.local/lib/python3.7/site-packages/airflow/example_dags/example_branch_day_of_week_operator.py took 0.146 seconds
[2022-10-24 01:28:21,790] {processor.py:163} INFO - Started process (PID=1127) to work on /home/airflow/.local/lib/python3.7/site-packages/airflow/example_dags/example_branch_day_of_week_operator.py
[2022-10-24 01:28:21,793] {processor.py:642} INFO - Processing file /home/airflow/.local/lib/python3.7/site-packages/airflow/example_dags/example_branch_day_of_week_operator.py for tasks to queue
[2022-10-24 01:28:21,794] {logging_mixin.py:109} INFO - [2022-10-24 01:28:21,794] {dagbag.py:500} INFO - Filling up the DagBag from /home/airflow/.local/lib/python3.7/site-packages/airflow/example_dags/example_branch_day_of_week_operator.py
[2022-10-24 01:28:21,841] {processor.py:654} INFO - DAG(s) dict_keys(['example_weekday_branch_operator']) retrieved from /home/airflow/.local/lib/python3.7/site-packages/airflow/example_dags/example_branch_day_of_week_operator.py
[2022-10-24 01:28:21,856] {logging_mixin.py:109} INFO - [2022-10-24 01:28:21,856] {dag.py:2398} INFO - Sync 1 DAGs
[2022-10-24 01:28:21,900] {logging_mixin.py:109} INFO - [2022-10-24 01:28:21,900] {dag.py:2937} INFO - Setting next_dagrun for example_weekday_branch_operator to 2022-10-23 00:00:00+00:00
[2022-10-24 01:28:21,920] {processor.py:171} INFO - Processing /home/airflow/.local/lib/python3.7/site-packages/airflow/example_dags/example_branch_day_of_week_operator.py took 0.134 seconds
[2022-10-24 01:28:52,157] {processor.py:163} INFO - Started process (PID=1178) to work on /home/airflow/.local/lib/python3.7/site-packages/airflow/example_dags/example_branch_day_of_week_operator.py
[2022-10-24 01:28:52,161] {processor.py:642} INFO - Processing file /home/airflow/.local/lib/python3.7/site-packages/airflow/example_dags/example_branch_day_of_week_operator.py for tasks to queue
[2022-10-24 01:28:52,163] {logging_mixin.py:109} INFO - [2022-10-24 01:28:52,162] {dagbag.py:500} INFO - Filling up the DagBag from /home/airflow/.local/lib/python3.7/site-packages/airflow/example_dags/example_branch_day_of_week_operator.py
[2022-10-24 01:28:52,206] {processor.py:654} INFO - DAG(s) dict_keys(['example_weekday_branch_operator']) retrieved from /home/airflow/.local/lib/python3.7/site-packages/airflow/example_dags/example_branch_day_of_week_operator.py
[2022-10-24 01:28:52,224] {logging_mixin.py:109} INFO - [2022-10-24 01:28:52,224] {dag.py:2398} INFO - Sync 1 DAGs
[2022-10-24 01:28:52,249] {logging_mixin.py:109} INFO - [2022-10-24 01:28:52,249] {dag.py:2937} INFO - Setting next_dagrun for example_weekday_branch_operator to 2022-10-23 00:00:00+00:00
[2022-10-24 01:28:52,264] {processor.py:171} INFO - Processing /home/airflow/.local/lib/python3.7/site-packages/airflow/example_dags/example_branch_day_of_week_operator.py took 0.111 seconds
[2022-10-24 01:29:23,432] {processor.py:163} INFO - Started process (PID=1239) to work on /home/airflow/.local/lib/python3.7/site-packages/airflow/example_dags/example_branch_day_of_week_operator.py
[2022-10-24 01:29:23,435] {processor.py:642} INFO - Processing file /home/airflow/.local/lib/python3.7/site-packages/airflow/example_dags/example_branch_day_of_week_operator.py for tasks to queue
[2022-10-24 01:29:23,437] {logging_mixin.py:109} INFO - [2022-10-24 01:29:23,436] {dagbag.py:500} INFO - Filling up the DagBag from /home/airflow/.local/lib/python3.7/site-packages/airflow/example_dags/example_branch_day_of_week_operator.py
[2022-10-24 01:29:23,484] {processor.py:654} INFO - DAG(s) dict_keys(['example_weekday_branch_operator']) retrieved from /home/airflow/.local/lib/python3.7/site-packages/airflow/example_dags/example_branch_day_of_week_operator.py
[2022-10-24 01:29:23,502] {logging_mixin.py:109} INFO - [2022-10-24 01:29:23,502] {dag.py:2398} INFO - Sync 1 DAGs
[2022-10-24 01:29:23,545] {logging_mixin.py:109} INFO - [2022-10-24 01:29:23,545] {dag.py:2937} INFO - Setting next_dagrun for example_weekday_branch_operator to 2022-10-23 00:00:00+00:00
[2022-10-24 01:29:23,576] {processor.py:171} INFO - Processing /home/airflow/.local/lib/python3.7/site-packages/airflow/example_dags/example_branch_day_of_week_operator.py took 0.148 seconds
[2022-10-24 01:29:53,808] {processor.py:163} INFO - Started process (PID=1293) to work on /home/airflow/.local/lib/python3.7/site-packages/airflow/example_dags/example_branch_day_of_week_operator.py
[2022-10-24 01:29:53,810] {processor.py:642} INFO - Processing file /home/airflow/.local/lib/python3.7/site-packages/airflow/example_dags/example_branch_day_of_week_operator.py for tasks to queue
[2022-10-24 01:29:53,812] {logging_mixin.py:109} INFO - [2022-10-24 01:29:53,812] {dagbag.py:500} INFO - Filling up the DagBag from /home/airflow/.local/lib/python3.7/site-packages/airflow/example_dags/example_branch_day_of_week_operator.py
[2022-10-24 01:29:53,861] {processor.py:654} INFO - DAG(s) dict_keys(['example_weekday_branch_operator']) retrieved from /home/airflow/.local/lib/python3.7/site-packages/airflow/example_dags/example_branch_day_of_week_operator.py
[2022-10-24 01:29:53,879] {logging_mixin.py:109} INFO - [2022-10-24 01:29:53,879] {dag.py:2398} INFO - Sync 1 DAGs
[2022-10-24 01:29:53,904] {logging_mixin.py:109} INFO - [2022-10-24 01:29:53,904] {dag.py:2937} INFO - Setting next_dagrun for example_weekday_branch_operator to 2022-10-23 00:00:00+00:00
[2022-10-24 01:29:53,921] {processor.py:171} INFO - Processing /home/airflow/.local/lib/python3.7/site-packages/airflow/example_dags/example_branch_day_of_week_operator.py took 0.118 seconds
[2022-10-24 01:30:23,969] {processor.py:163} INFO - Started process (PID=1345) to work on /home/airflow/.local/lib/python3.7/site-packages/airflow/example_dags/example_branch_day_of_week_operator.py
[2022-10-24 01:30:23,973] {processor.py:642} INFO - Processing file /home/airflow/.local/lib/python3.7/site-packages/airflow/example_dags/example_branch_day_of_week_operator.py for tasks to queue
[2022-10-24 01:30:23,975] {logging_mixin.py:109} INFO - [2022-10-24 01:30:23,974] {dagbag.py:500} INFO - Filling up the DagBag from /home/airflow/.local/lib/python3.7/site-packages/airflow/example_dags/example_branch_day_of_week_operator.py
[2022-10-24 01:30:24,024] {processor.py:654} INFO - DAG(s) dict_keys(['example_weekday_branch_operator']) retrieved from /home/airflow/.local/lib/python3.7/site-packages/airflow/example_dags/example_branch_day_of_week_operator.py
[2022-10-24 01:30:24,040] {logging_mixin.py:109} INFO - [2022-10-24 01:30:24,040] {dag.py:2398} INFO - Sync 1 DAGs
[2022-10-24 01:30:24,069] {logging_mixin.py:109} INFO - [2022-10-24 01:30:24,068] {dag.py:2937} INFO - Setting next_dagrun for example_weekday_branch_operator to 2022-10-23 00:00:00+00:00
[2022-10-24 01:30:24,085] {processor.py:171} INFO - Processing /home/airflow/.local/lib/python3.7/site-packages/airflow/example_dags/example_branch_day_of_week_operator.py took 0.121 seconds
[2022-10-24 01:30:54,517] {processor.py:163} INFO - Started process (PID=1397) to work on /home/airflow/.local/lib/python3.7/site-packages/airflow/example_dags/example_branch_day_of_week_operator.py
[2022-10-24 01:30:54,519] {processor.py:642} INFO - Processing file /home/airflow/.local/lib/python3.7/site-packages/airflow/example_dags/example_branch_day_of_week_operator.py for tasks to queue
[2022-10-24 01:30:54,521] {logging_mixin.py:109} INFO - [2022-10-24 01:30:54,521] {dagbag.py:500} INFO - Filling up the DagBag from /home/airflow/.local/lib/python3.7/site-packages/airflow/example_dags/example_branch_day_of_week_operator.py
[2022-10-24 01:30:54,571] {processor.py:654} INFO - DAG(s) dict_keys(['example_weekday_branch_operator']) retrieved from /home/airflow/.local/lib/python3.7/site-packages/airflow/example_dags/example_branch_day_of_week_operator.py
[2022-10-24 01:30:54,584] {logging_mixin.py:109} INFO - [2022-10-24 01:30:54,584] {dag.py:2398} INFO - Sync 1 DAGs
[2022-10-24 01:30:54,606] {logging_mixin.py:109} INFO - [2022-10-24 01:30:54,606] {dag.py:2937} INFO - Setting next_dagrun for example_weekday_branch_operator to 2022-10-23 00:00:00+00:00
[2022-10-24 01:30:54,621] {processor.py:171} INFO - Processing /home/airflow/.local/lib/python3.7/site-packages/airflow/example_dags/example_branch_day_of_week_operator.py took 0.112 seconds
[2022-10-24 01:31:24,892] {processor.py:163} INFO - Started process (PID=1455) to work on /home/airflow/.local/lib/python3.7/site-packages/airflow/example_dags/example_branch_day_of_week_operator.py
[2022-10-24 01:31:24,895] {processor.py:642} INFO - Processing file /home/airflow/.local/lib/python3.7/site-packages/airflow/example_dags/example_branch_day_of_week_operator.py for tasks to queue
[2022-10-24 01:31:24,897] {logging_mixin.py:109} INFO - [2022-10-24 01:31:24,897] {dagbag.py:500} INFO - Filling up the DagBag from /home/airflow/.local/lib/python3.7/site-packages/airflow/example_dags/example_branch_day_of_week_operator.py
[2022-10-24 01:31:24,952] {processor.py:654} INFO - DAG(s) dict_keys(['example_weekday_branch_operator']) retrieved from /home/airflow/.local/lib/python3.7/site-packages/airflow/example_dags/example_branch_day_of_week_operator.py
[2022-10-24 01:31:24,973] {logging_mixin.py:109} INFO - [2022-10-24 01:31:24,973] {dag.py:2398} INFO - Sync 1 DAGs
[2022-10-24 01:31:25,018] {logging_mixin.py:109} INFO - [2022-10-24 01:31:25,017] {dag.py:2937} INFO - Setting next_dagrun for example_weekday_branch_operator to 2022-10-23 00:00:00+00:00
[2022-10-24 01:31:25,065] {processor.py:171} INFO - Processing /home/airflow/.local/lib/python3.7/site-packages/airflow/example_dags/example_branch_day_of_week_operator.py took 0.178 seconds
[2022-10-24 01:31:55,232] {processor.py:163} INFO - Started process (PID=1509) to work on /home/airflow/.local/lib/python3.7/site-packages/airflow/example_dags/example_branch_day_of_week_operator.py
[2022-10-24 01:31:55,236] {processor.py:642} INFO - Processing file /home/airflow/.local/lib/python3.7/site-packages/airflow/example_dags/example_branch_day_of_week_operator.py for tasks to queue
[2022-10-24 01:31:55,238] {logging_mixin.py:109} INFO - [2022-10-24 01:31:55,238] {dagbag.py:500} INFO - Filling up the DagBag from /home/airflow/.local/lib/python3.7/site-packages/airflow/example_dags/example_branch_day_of_week_operator.py
[2022-10-24 01:31:55,278] {processor.py:654} INFO - DAG(s) dict_keys(['example_weekday_branch_operator']) retrieved from /home/airflow/.local/lib/python3.7/site-packages/airflow/example_dags/example_branch_day_of_week_operator.py
[2022-10-24 01:31:55,293] {logging_mixin.py:109} INFO - [2022-10-24 01:31:55,293] {dag.py:2398} INFO - Sync 1 DAGs
[2022-10-24 01:31:55,319] {logging_mixin.py:109} INFO - [2022-10-24 01:31:55,319] {dag.py:2937} INFO - Setting next_dagrun for example_weekday_branch_operator to 2022-10-23 00:00:00+00:00
[2022-10-24 01:31:55,334] {processor.py:171} INFO - Processing /home/airflow/.local/lib/python3.7/site-packages/airflow/example_dags/example_branch_day_of_week_operator.py took 0.109 seconds
[2022-10-24 01:32:25,985] {processor.py:163} INFO - Started process (PID=1564) to work on /home/airflow/.local/lib/python3.7/site-packages/airflow/example_dags/example_branch_day_of_week_operator.py
[2022-10-24 01:32:25,988] {processor.py:642} INFO - Processing file /home/airflow/.local/lib/python3.7/site-packages/airflow/example_dags/example_branch_day_of_week_operator.py for tasks to queue
[2022-10-24 01:32:25,990] {logging_mixin.py:109} INFO - [2022-10-24 01:32:25,990] {dagbag.py:500} INFO - Filling up the DagBag from /home/airflow/.local/lib/python3.7/site-packages/airflow/example_dags/example_branch_day_of_week_operator.py
[2022-10-24 01:32:26,030] {processor.py:654} INFO - DAG(s) dict_keys(['example_weekday_branch_operator']) retrieved from /home/airflow/.local/lib/python3.7/site-packages/airflow/example_dags/example_branch_day_of_week_operator.py
[2022-10-24 01:32:26,043] {logging_mixin.py:109} INFO - [2022-10-24 01:32:26,043] {dag.py:2398} INFO - Sync 1 DAGs
[2022-10-24 01:32:26,061] {logging_mixin.py:109} INFO - [2022-10-24 01:32:26,061] {dag.py:2937} INFO - Setting next_dagrun for example_weekday_branch_operator to 2022-10-23 00:00:00+00:00
[2022-10-24 01:32:26,075] {processor.py:171} INFO - Processing /home/airflow/.local/lib/python3.7/site-packages/airflow/example_dags/example_branch_day_of_week_operator.py took 0.094 seconds
[2022-10-24 01:32:56,678] {processor.py:163} INFO - Started process (PID=1625) to work on /home/airflow/.local/lib/python3.7/site-packages/airflow/example_dags/example_branch_day_of_week_operator.py
[2022-10-24 01:32:56,681] {processor.py:642} INFO - Processing file /home/airflow/.local/lib/python3.7/site-packages/airflow/example_dags/example_branch_day_of_week_operator.py for tasks to queue
[2022-10-24 01:32:56,683] {logging_mixin.py:109} INFO - [2022-10-24 01:32:56,682] {dagbag.py:500} INFO - Filling up the DagBag from /home/airflow/.local/lib/python3.7/site-packages/airflow/example_dags/example_branch_day_of_week_operator.py
[2022-10-24 01:32:56,724] {processor.py:654} INFO - DAG(s) dict_keys(['example_weekday_branch_operator']) retrieved from /home/airflow/.local/lib/python3.7/site-packages/airflow/example_dags/example_branch_day_of_week_operator.py
[2022-10-24 01:32:56,740] {logging_mixin.py:109} INFO - [2022-10-24 01:32:56,740] {dag.py:2398} INFO - Sync 1 DAGs
[2022-10-24 01:32:56,768] {logging_mixin.py:109} INFO - [2022-10-24 01:32:56,768] {dag.py:2937} INFO - Setting next_dagrun for example_weekday_branch_operator to 2022-10-23 00:00:00+00:00
[2022-10-24 01:32:56,786] {processor.py:171} INFO - Processing /home/airflow/.local/lib/python3.7/site-packages/airflow/example_dags/example_branch_day_of_week_operator.py took 0.116 seconds
[2022-10-24 01:33:27,490] {processor.py:163} INFO - Started process (PID=1677) to work on /home/airflow/.local/lib/python3.7/site-packages/airflow/example_dags/example_branch_day_of_week_operator.py
[2022-10-24 01:33:27,494] {processor.py:642} INFO - Processing file /home/airflow/.local/lib/python3.7/site-packages/airflow/example_dags/example_branch_day_of_week_operator.py for tasks to queue
[2022-10-24 01:33:27,497] {logging_mixin.py:109} INFO - [2022-10-24 01:33:27,497] {dagbag.py:500} INFO - Filling up the DagBag from /home/airflow/.local/lib/python3.7/site-packages/airflow/example_dags/example_branch_day_of_week_operator.py
[2022-10-24 01:33:27,535] {processor.py:654} INFO - DAG(s) dict_keys(['example_weekday_branch_operator']) retrieved from /home/airflow/.local/lib/python3.7/site-packages/airflow/example_dags/example_branch_day_of_week_operator.py
[2022-10-24 01:33:27,545] {logging_mixin.py:109} INFO - [2022-10-24 01:33:27,545] {dag.py:2398} INFO - Sync 1 DAGs
[2022-10-24 01:33:27,562] {logging_mixin.py:109} INFO - [2022-10-24 01:33:27,562] {dag.py:2937} INFO - Setting next_dagrun for example_weekday_branch_operator to 2022-10-23 00:00:00+00:00
[2022-10-24 01:33:27,573] {processor.py:171} INFO - Processing /home/airflow/.local/lib/python3.7/site-packages/airflow/example_dags/example_branch_day_of_week_operator.py took 0.089 seconds
[2022-10-24 01:33:57,682] {processor.py:163} INFO - Started process (PID=1733) to work on /home/airflow/.local/lib/python3.7/site-packages/airflow/example_dags/example_branch_day_of_week_operator.py
[2022-10-24 01:33:57,692] {processor.py:642} INFO - Processing file /home/airflow/.local/lib/python3.7/site-packages/airflow/example_dags/example_branch_day_of_week_operator.py for tasks to queue
[2022-10-24 01:33:57,698] {logging_mixin.py:109} INFO - [2022-10-24 01:33:57,697] {dagbag.py:500} INFO - Filling up the DagBag from /home/airflow/.local/lib/python3.7/site-packages/airflow/example_dags/example_branch_day_of_week_operator.py
[2022-10-24 01:33:57,817] {processor.py:654} INFO - DAG(s) dict_keys(['example_weekday_branch_operator']) retrieved from /home/airflow/.local/lib/python3.7/site-packages/airflow/example_dags/example_branch_day_of_week_operator.py
[2022-10-24 01:33:57,887] {logging_mixin.py:109} INFO - [2022-10-24 01:33:57,887] {dag.py:2398} INFO - Sync 1 DAGs
[2022-10-24 01:33:57,923] {logging_mixin.py:109} INFO - [2022-10-24 01:33:57,923] {dag.py:2937} INFO - Setting next_dagrun for example_weekday_branch_operator to 2022-10-23 00:00:00+00:00
[2022-10-24 01:33:57,948] {processor.py:171} INFO - Processing /home/airflow/.local/lib/python3.7/site-packages/airflow/example_dags/example_branch_day_of_week_operator.py took 0.279 seconds
[2022-10-24 01:34:28,026] {processor.py:163} INFO - Started process (PID=1787) to work on /home/airflow/.local/lib/python3.7/site-packages/airflow/example_dags/example_branch_day_of_week_operator.py
[2022-10-24 01:34:28,029] {processor.py:642} INFO - Processing file /home/airflow/.local/lib/python3.7/site-packages/airflow/example_dags/example_branch_day_of_week_operator.py for tasks to queue
[2022-10-24 01:34:28,031] {logging_mixin.py:109} INFO - [2022-10-24 01:34:28,031] {dagbag.py:500} INFO - Filling up the DagBag from /home/airflow/.local/lib/python3.7/site-packages/airflow/example_dags/example_branch_day_of_week_operator.py
[2022-10-24 01:34:28,066] {processor.py:654} INFO - DAG(s) dict_keys(['example_weekday_branch_operator']) retrieved from /home/airflow/.local/lib/python3.7/site-packages/airflow/example_dags/example_branch_day_of_week_operator.py
[2022-10-24 01:34:28,078] {logging_mixin.py:109} INFO - [2022-10-24 01:34:28,078] {dag.py:2398} INFO - Sync 1 DAGs
[2022-10-24 01:34:28,094] {logging_mixin.py:109} INFO - [2022-10-24 01:34:28,094] {dag.py:2937} INFO - Setting next_dagrun for example_weekday_branch_operator to 2022-10-23 00:00:00+00:00
[2022-10-24 01:34:28,103] {processor.py:171} INFO - Processing /home/airflow/.local/lib/python3.7/site-packages/airflow/example_dags/example_branch_day_of_week_operator.py took 0.086 seconds
[2022-10-24 01:34:58,618] {processor.py:163} INFO - Started process (PID=1839) to work on /home/airflow/.local/lib/python3.7/site-packages/airflow/example_dags/example_branch_day_of_week_operator.py
[2022-10-24 01:34:58,621] {processor.py:642} INFO - Processing file /home/airflow/.local/lib/python3.7/site-packages/airflow/example_dags/example_branch_day_of_week_operator.py for tasks to queue
[2022-10-24 01:34:58,622] {logging_mixin.py:109} INFO - [2022-10-24 01:34:58,622] {dagbag.py:500} INFO - Filling up the DagBag from /home/airflow/.local/lib/python3.7/site-packages/airflow/example_dags/example_branch_day_of_week_operator.py
[2022-10-24 01:34:58,659] {processor.py:654} INFO - DAG(s) dict_keys(['example_weekday_branch_operator']) retrieved from /home/airflow/.local/lib/python3.7/site-packages/airflow/example_dags/example_branch_day_of_week_operator.py
[2022-10-24 01:34:58,672] {logging_mixin.py:109} INFO - [2022-10-24 01:34:58,672] {dag.py:2398} INFO - Sync 1 DAGs
[2022-10-24 01:34:58,692] {logging_mixin.py:109} INFO - [2022-10-24 01:34:58,692] {dag.py:2937} INFO - Setting next_dagrun for example_weekday_branch_operator to 2022-10-23 00:00:00+00:00
[2022-10-24 01:34:58,706] {processor.py:171} INFO - Processing /home/airflow/.local/lib/python3.7/site-packages/airflow/example_dags/example_branch_day_of_week_operator.py took 0.093 seconds
[2022-10-24 01:35:28,862] {processor.py:163} INFO - Started process (PID=1892) to work on /home/airflow/.local/lib/python3.7/site-packages/airflow/example_dags/example_branch_day_of_week_operator.py
[2022-10-24 01:35:28,864] {processor.py:642} INFO - Processing file /home/airflow/.local/lib/python3.7/site-packages/airflow/example_dags/example_branch_day_of_week_operator.py for tasks to queue
[2022-10-24 01:35:28,865] {logging_mixin.py:109} INFO - [2022-10-24 01:35:28,865] {dagbag.py:500} INFO - Filling up the DagBag from /home/airflow/.local/lib/python3.7/site-packages/airflow/example_dags/example_branch_day_of_week_operator.py
[2022-10-24 01:35:28,896] {processor.py:654} INFO - DAG(s) dict_keys(['example_weekday_branch_operator']) retrieved from /home/airflow/.local/lib/python3.7/site-packages/airflow/example_dags/example_branch_day_of_week_operator.py
[2022-10-24 01:35:28,906] {logging_mixin.py:109} INFO - [2022-10-24 01:35:28,906] {dag.py:2398} INFO - Sync 1 DAGs
[2022-10-24 01:35:28,923] {logging_mixin.py:109} INFO - [2022-10-24 01:35:28,923] {dag.py:2937} INFO - Setting next_dagrun for example_weekday_branch_operator to 2022-10-23 00:00:00+00:00
[2022-10-24 01:35:28,933] {processor.py:171} INFO - Processing /home/airflow/.local/lib/python3.7/site-packages/airflow/example_dags/example_branch_day_of_week_operator.py took 0.075 seconds
