[2022-10-24 01:18:09,703] {processor.py:163} INFO - Started process (PID=76) to work on /home/airflow/.local/lib/python3.7/site-packages/airflow/example_dags/example_trigger_target_dag.py
[2022-10-24 01:18:09,706] {processor.py:642} INFO - Processing file /home/airflow/.local/lib/python3.7/site-packages/airflow/example_dags/example_trigger_target_dag.py for tasks to queue
[2022-10-24 01:18:09,717] {logging_mixin.py:109} INFO - [2022-10-24 01:18:09,716] {dagbag.py:500} INFO - Filling up the DagBag from /home/airflow/.local/lib/python3.7/site-packages/airflow/example_dags/example_trigger_target_dag.py
[2022-10-24 01:18:09,866] {processor.py:654} INFO - DAG(s) dict_keys(['example_trigger_target_dag']) retrieved from /home/airflow/.local/lib/python3.7/site-packages/airflow/example_dags/example_trigger_target_dag.py
[2022-10-24 01:18:09,890] {logging_mixin.py:109} INFO - [2022-10-24 01:18:09,890] {dag.py:2398} INFO - Sync 1 DAGs
[2022-10-24 01:18:09,944] {logging_mixin.py:109} INFO - [2022-10-24 01:18:09,944] {dag.py:2937} INFO - Setting next_dagrun for example_trigger_target_dag to None
[2022-10-24 01:18:09,976] {processor.py:171} INFO - Processing /home/airflow/.local/lib/python3.7/site-packages/airflow/example_dags/example_trigger_target_dag.py took 0.293 seconds
[2022-10-24 01:18:42,367] {processor.py:163} INFO - Started process (PID=121) to work on /home/airflow/.local/lib/python3.7/site-packages/airflow/example_dags/example_trigger_target_dag.py
[2022-10-24 01:18:42,375] {processor.py:642} INFO - Processing file /home/airflow/.local/lib/python3.7/site-packages/airflow/example_dags/example_trigger_target_dag.py for tasks to queue
[2022-10-24 01:18:42,378] {logging_mixin.py:109} INFO - [2022-10-24 01:18:42,378] {dagbag.py:500} INFO - Filling up the DagBag from /home/airflow/.local/lib/python3.7/site-packages/airflow/example_dags/example_trigger_target_dag.py
[2022-10-24 01:18:42,452] {processor.py:654} INFO - DAG(s) dict_keys(['example_trigger_target_dag']) retrieved from /home/airflow/.local/lib/python3.7/site-packages/airflow/example_dags/example_trigger_target_dag.py
[2022-10-24 01:18:42,478] {logging_mixin.py:109} INFO - [2022-10-24 01:18:42,477] {dag.py:2398} INFO - Sync 1 DAGs
[2022-10-24 01:18:42,523] {logging_mixin.py:109} INFO - [2022-10-24 01:18:42,523] {dag.py:2937} INFO - Setting next_dagrun for example_trigger_target_dag to None
[2022-10-24 01:18:42,572] {processor.py:171} INFO - Processing /home/airflow/.local/lib/python3.7/site-packages/airflow/example_dags/example_trigger_target_dag.py took 0.213 seconds
[2022-10-24 01:19:12,986] {processor.py:163} INFO - Started process (PID=183) to work on /home/airflow/.local/lib/python3.7/site-packages/airflow/example_dags/example_trigger_target_dag.py
[2022-10-24 01:19:12,989] {processor.py:642} INFO - Processing file /home/airflow/.local/lib/python3.7/site-packages/airflow/example_dags/example_trigger_target_dag.py for tasks to queue
[2022-10-24 01:19:12,991] {logging_mixin.py:109} INFO - [2022-10-24 01:19:12,991] {dagbag.py:500} INFO - Filling up the DagBag from /home/airflow/.local/lib/python3.7/site-packages/airflow/example_dags/example_trigger_target_dag.py
[2022-10-24 01:19:13,043] {processor.py:654} INFO - DAG(s) dict_keys(['example_trigger_target_dag']) retrieved from /home/airflow/.local/lib/python3.7/site-packages/airflow/example_dags/example_trigger_target_dag.py
[2022-10-24 01:19:13,058] {logging_mixin.py:109} INFO - [2022-10-24 01:19:13,057] {dag.py:2398} INFO - Sync 1 DAGs
[2022-10-24 01:19:13,076] {logging_mixin.py:109} INFO - [2022-10-24 01:19:13,076] {dag.py:2937} INFO - Setting next_dagrun for example_trigger_target_dag to None
[2022-10-24 01:19:13,094] {processor.py:171} INFO - Processing /home/airflow/.local/lib/python3.7/site-packages/airflow/example_dags/example_trigger_target_dag.py took 0.113 seconds
[2022-10-24 01:19:44,052] {processor.py:163} INFO - Started process (PID=234) to work on /home/airflow/.local/lib/python3.7/site-packages/airflow/example_dags/example_trigger_target_dag.py
[2022-10-24 01:19:44,054] {processor.py:642} INFO - Processing file /home/airflow/.local/lib/python3.7/site-packages/airflow/example_dags/example_trigger_target_dag.py for tasks to queue
[2022-10-24 01:19:44,057] {logging_mixin.py:109} INFO - [2022-10-24 01:19:44,057] {dagbag.py:500} INFO - Filling up the DagBag from /home/airflow/.local/lib/python3.7/site-packages/airflow/example_dags/example_trigger_target_dag.py
[2022-10-24 01:19:44,106] {processor.py:654} INFO - DAG(s) dict_keys(['example_trigger_target_dag']) retrieved from /home/airflow/.local/lib/python3.7/site-packages/airflow/example_dags/example_trigger_target_dag.py
[2022-10-24 01:19:44,126] {logging_mixin.py:109} INFO - [2022-10-24 01:19:44,126] {dag.py:2398} INFO - Sync 1 DAGs
[2022-10-24 01:19:44,153] {logging_mixin.py:109} INFO - [2022-10-24 01:19:44,153] {dag.py:2937} INFO - Setting next_dagrun for example_trigger_target_dag to None
[2022-10-24 01:19:44,167] {processor.py:171} INFO - Processing /home/airflow/.local/lib/python3.7/site-packages/airflow/example_dags/example_trigger_target_dag.py took 0.120 seconds
[2022-10-24 01:20:14,598] {processor.py:163} INFO - Started process (PID=286) to work on /home/airflow/.local/lib/python3.7/site-packages/airflow/example_dags/example_trigger_target_dag.py
[2022-10-24 01:20:14,602] {processor.py:642} INFO - Processing file /home/airflow/.local/lib/python3.7/site-packages/airflow/example_dags/example_trigger_target_dag.py for tasks to queue
[2022-10-24 01:20:14,617] {logging_mixin.py:109} INFO - [2022-10-24 01:20:14,615] {dagbag.py:500} INFO - Filling up the DagBag from /home/airflow/.local/lib/python3.7/site-packages/airflow/example_dags/example_trigger_target_dag.py
[2022-10-24 01:20:14,673] {processor.py:654} INFO - DAG(s) dict_keys(['example_trigger_target_dag']) retrieved from /home/airflow/.local/lib/python3.7/site-packages/airflow/example_dags/example_trigger_target_dag.py
[2022-10-24 01:20:14,688] {logging_mixin.py:109} INFO - [2022-10-24 01:20:14,688] {dag.py:2398} INFO - Sync 1 DAGs
[2022-10-24 01:20:14,707] {logging_mixin.py:109} INFO - [2022-10-24 01:20:14,707] {dag.py:2937} INFO - Setting next_dagrun for example_trigger_target_dag to None
[2022-10-24 01:20:14,721] {processor.py:171} INFO - Processing /home/airflow/.local/lib/python3.7/site-packages/airflow/example_dags/example_trigger_target_dag.py took 0.131 seconds
[2022-10-24 01:20:45,764] {processor.py:163} INFO - Started process (PID=347) to work on /home/airflow/.local/lib/python3.7/site-packages/airflow/example_dags/example_trigger_target_dag.py
[2022-10-24 01:20:45,767] {processor.py:642} INFO - Processing file /home/airflow/.local/lib/python3.7/site-packages/airflow/example_dags/example_trigger_target_dag.py for tasks to queue
[2022-10-24 01:20:45,769] {logging_mixin.py:109} INFO - [2022-10-24 01:20:45,768] {dagbag.py:500} INFO - Filling up the DagBag from /home/airflow/.local/lib/python3.7/site-packages/airflow/example_dags/example_trigger_target_dag.py
[2022-10-24 01:20:45,819] {processor.py:654} INFO - DAG(s) dict_keys(['example_trigger_target_dag']) retrieved from /home/airflow/.local/lib/python3.7/site-packages/airflow/example_dags/example_trigger_target_dag.py
[2022-10-24 01:20:45,832] {logging_mixin.py:109} INFO - [2022-10-24 01:20:45,832] {dag.py:2398} INFO - Sync 1 DAGs
[2022-10-24 01:20:45,854] {logging_mixin.py:109} INFO - [2022-10-24 01:20:45,854] {dag.py:2937} INFO - Setting next_dagrun for example_trigger_target_dag to None
[2022-10-24 01:20:45,873] {processor.py:171} INFO - Processing /home/airflow/.local/lib/python3.7/site-packages/airflow/example_dags/example_trigger_target_dag.py took 0.113 seconds
[2022-10-24 01:21:16,354] {processor.py:163} INFO - Started process (PID=399) to work on /home/airflow/.local/lib/python3.7/site-packages/airflow/example_dags/example_trigger_target_dag.py
[2022-10-24 01:21:16,357] {processor.py:642} INFO - Processing file /home/airflow/.local/lib/python3.7/site-packages/airflow/example_dags/example_trigger_target_dag.py for tasks to queue
[2022-10-24 01:21:16,359] {logging_mixin.py:109} INFO - [2022-10-24 01:21:16,359] {dagbag.py:500} INFO - Filling up the DagBag from /home/airflow/.local/lib/python3.7/site-packages/airflow/example_dags/example_trigger_target_dag.py
[2022-10-24 01:21:16,415] {processor.py:654} INFO - DAG(s) dict_keys(['example_trigger_target_dag']) retrieved from /home/airflow/.local/lib/python3.7/site-packages/airflow/example_dags/example_trigger_target_dag.py
[2022-10-24 01:21:16,435] {logging_mixin.py:109} INFO - [2022-10-24 01:21:16,434] {dag.py:2398} INFO - Sync 1 DAGs
[2022-10-24 01:21:16,458] {logging_mixin.py:109} INFO - [2022-10-24 01:21:16,458] {dag.py:2937} INFO - Setting next_dagrun for example_trigger_target_dag to None
[2022-10-24 01:21:16,473] {processor.py:171} INFO - Processing /home/airflow/.local/lib/python3.7/site-packages/airflow/example_dags/example_trigger_target_dag.py took 0.126 seconds
[2022-10-24 01:21:47,180] {processor.py:163} INFO - Started process (PID=461) to work on /home/airflow/.local/lib/python3.7/site-packages/airflow/example_dags/example_trigger_target_dag.py
[2022-10-24 01:21:47,183] {processor.py:642} INFO - Processing file /home/airflow/.local/lib/python3.7/site-packages/airflow/example_dags/example_trigger_target_dag.py for tasks to queue
[2022-10-24 01:21:47,185] {logging_mixin.py:109} INFO - [2022-10-24 01:21:47,185] {dagbag.py:500} INFO - Filling up the DagBag from /home/airflow/.local/lib/python3.7/site-packages/airflow/example_dags/example_trigger_target_dag.py
[2022-10-24 01:21:47,228] {processor.py:654} INFO - DAG(s) dict_keys(['example_trigger_target_dag']) retrieved from /home/airflow/.local/lib/python3.7/site-packages/airflow/example_dags/example_trigger_target_dag.py
[2022-10-24 01:21:47,244] {logging_mixin.py:109} INFO - [2022-10-24 01:21:47,244] {dag.py:2398} INFO - Sync 1 DAGs
[2022-10-24 01:21:47,272] {logging_mixin.py:109} INFO - [2022-10-24 01:21:47,272] {dag.py:2937} INFO - Setting next_dagrun for example_trigger_target_dag to None
[2022-10-24 01:21:47,288] {processor.py:171} INFO - Processing /home/airflow/.local/lib/python3.7/site-packages/airflow/example_dags/example_trigger_target_dag.py took 0.116 seconds
[2022-10-24 01:22:18,125] {processor.py:163} INFO - Started process (PID=513) to work on /home/airflow/.local/lib/python3.7/site-packages/airflow/example_dags/example_trigger_target_dag.py
[2022-10-24 01:22:18,127] {processor.py:642} INFO - Processing file /home/airflow/.local/lib/python3.7/site-packages/airflow/example_dags/example_trigger_target_dag.py for tasks to queue
[2022-10-24 01:22:18,129] {logging_mixin.py:109} INFO - [2022-10-24 01:22:18,129] {dagbag.py:500} INFO - Filling up the DagBag from /home/airflow/.local/lib/python3.7/site-packages/airflow/example_dags/example_trigger_target_dag.py
[2022-10-24 01:22:18,167] {processor.py:654} INFO - DAG(s) dict_keys(['example_trigger_target_dag']) retrieved from /home/airflow/.local/lib/python3.7/site-packages/airflow/example_dags/example_trigger_target_dag.py
[2022-10-24 01:22:18,178] {logging_mixin.py:109} INFO - [2022-10-24 01:22:18,178] {dag.py:2398} INFO - Sync 1 DAGs
[2022-10-24 01:22:18,195] {logging_mixin.py:109} INFO - [2022-10-24 01:22:18,195] {dag.py:2937} INFO - Setting next_dagrun for example_trigger_target_dag to None
[2022-10-24 01:22:18,206] {processor.py:171} INFO - Processing /home/airflow/.local/lib/python3.7/site-packages/airflow/example_dags/example_trigger_target_dag.py took 0.085 seconds
[2022-10-24 01:22:49,102] {processor.py:163} INFO - Started process (PID=565) to work on /home/airflow/.local/lib/python3.7/site-packages/airflow/example_dags/example_trigger_target_dag.py
[2022-10-24 01:22:49,105] {processor.py:642} INFO - Processing file /home/airflow/.local/lib/python3.7/site-packages/airflow/example_dags/example_trigger_target_dag.py for tasks to queue
[2022-10-24 01:22:49,107] {logging_mixin.py:109} INFO - [2022-10-24 01:22:49,107] {dagbag.py:500} INFO - Filling up the DagBag from /home/airflow/.local/lib/python3.7/site-packages/airflow/example_dags/example_trigger_target_dag.py
[2022-10-24 01:22:49,176] {processor.py:654} INFO - DAG(s) dict_keys(['example_trigger_target_dag']) retrieved from /home/airflow/.local/lib/python3.7/site-packages/airflow/example_dags/example_trigger_target_dag.py
[2022-10-24 01:22:49,203] {logging_mixin.py:109} INFO - [2022-10-24 01:22:49,203] {dag.py:2398} INFO - Sync 1 DAGs
[2022-10-24 01:22:49,227] {logging_mixin.py:109} INFO - [2022-10-24 01:22:49,227] {dag.py:2937} INFO - Setting next_dagrun for example_trigger_target_dag to None
[2022-10-24 01:22:49,253] {processor.py:171} INFO - Processing /home/airflow/.local/lib/python3.7/site-packages/airflow/example_dags/example_trigger_target_dag.py took 0.156 seconds
[2022-10-24 01:23:19,913] {processor.py:163} INFO - Started process (PID=626) to work on /home/airflow/.local/lib/python3.7/site-packages/airflow/example_dags/example_trigger_target_dag.py
[2022-10-24 01:23:19,916] {processor.py:642} INFO - Processing file /home/airflow/.local/lib/python3.7/site-packages/airflow/example_dags/example_trigger_target_dag.py for tasks to queue
[2022-10-24 01:23:19,920] {logging_mixin.py:109} INFO - [2022-10-24 01:23:19,919] {dagbag.py:500} INFO - Filling up the DagBag from /home/airflow/.local/lib/python3.7/site-packages/airflow/example_dags/example_trigger_target_dag.py
[2022-10-24 01:23:19,967] {processor.py:654} INFO - DAG(s) dict_keys(['example_trigger_target_dag']) retrieved from /home/airflow/.local/lib/python3.7/site-packages/airflow/example_dags/example_trigger_target_dag.py
[2022-10-24 01:23:19,979] {logging_mixin.py:109} INFO - [2022-10-24 01:23:19,979] {dag.py:2398} INFO - Sync 1 DAGs
[2022-10-24 01:23:19,998] {logging_mixin.py:109} INFO - [2022-10-24 01:23:19,998] {dag.py:2937} INFO - Setting next_dagrun for example_trigger_target_dag to None
[2022-10-24 01:23:20,011] {processor.py:171} INFO - Processing /home/airflow/.local/lib/python3.7/site-packages/airflow/example_dags/example_trigger_target_dag.py took 0.103 seconds
[2022-10-24 01:23:50,103] {processor.py:163} INFO - Started process (PID=678) to work on /home/airflow/.local/lib/python3.7/site-packages/airflow/example_dags/example_trigger_target_dag.py
[2022-10-24 01:23:50,105] {processor.py:642} INFO - Processing file /home/airflow/.local/lib/python3.7/site-packages/airflow/example_dags/example_trigger_target_dag.py for tasks to queue
[2022-10-24 01:23:50,106] {logging_mixin.py:109} INFO - [2022-10-24 01:23:50,106] {dagbag.py:500} INFO - Filling up the DagBag from /home/airflow/.local/lib/python3.7/site-packages/airflow/example_dags/example_trigger_target_dag.py
[2022-10-24 01:23:50,146] {processor.py:654} INFO - DAG(s) dict_keys(['example_trigger_target_dag']) retrieved from /home/airflow/.local/lib/python3.7/site-packages/airflow/example_dags/example_trigger_target_dag.py
[2022-10-24 01:23:50,159] {logging_mixin.py:109} INFO - [2022-10-24 01:23:50,159] {dag.py:2398} INFO - Sync 1 DAGs
[2022-10-24 01:23:50,177] {logging_mixin.py:109} INFO - [2022-10-24 01:23:50,177] {dag.py:2937} INFO - Setting next_dagrun for example_trigger_target_dag to None
[2022-10-24 01:23:50,193] {processor.py:171} INFO - Processing /home/airflow/.local/lib/python3.7/site-packages/airflow/example_dags/example_trigger_target_dag.py took 0.094 seconds
[2022-10-24 01:24:20,681] {processor.py:163} INFO - Started process (PID=730) to work on /home/airflow/.local/lib/python3.7/site-packages/airflow/example_dags/example_trigger_target_dag.py
[2022-10-24 01:24:20,685] {processor.py:642} INFO - Processing file /home/airflow/.local/lib/python3.7/site-packages/airflow/example_dags/example_trigger_target_dag.py for tasks to queue
[2022-10-24 01:24:20,688] {logging_mixin.py:109} INFO - [2022-10-24 01:24:20,687] {dagbag.py:500} INFO - Filling up the DagBag from /home/airflow/.local/lib/python3.7/site-packages/airflow/example_dags/example_trigger_target_dag.py
[2022-10-24 01:24:20,740] {processor.py:654} INFO - DAG(s) dict_keys(['example_trigger_target_dag']) retrieved from /home/airflow/.local/lib/python3.7/site-packages/airflow/example_dags/example_trigger_target_dag.py
[2022-10-24 01:24:20,758] {logging_mixin.py:109} INFO - [2022-10-24 01:24:20,757] {dag.py:2398} INFO - Sync 1 DAGs
[2022-10-24 01:24:20,790] {logging_mixin.py:109} INFO - [2022-10-24 01:24:20,790] {dag.py:2937} INFO - Setting next_dagrun for example_trigger_target_dag to None
[2022-10-24 01:24:20,809] {processor.py:171} INFO - Processing /home/airflow/.local/lib/python3.7/site-packages/airflow/example_dags/example_trigger_target_dag.py took 0.134 seconds
[2022-10-24 01:24:51,895] {processor.py:163} INFO - Started process (PID=791) to work on /home/airflow/.local/lib/python3.7/site-packages/airflow/example_dags/example_trigger_target_dag.py
[2022-10-24 01:24:51,898] {processor.py:642} INFO - Processing file /home/airflow/.local/lib/python3.7/site-packages/airflow/example_dags/example_trigger_target_dag.py for tasks to queue
[2022-10-24 01:24:51,901] {logging_mixin.py:109} INFO - [2022-10-24 01:24:51,901] {dagbag.py:500} INFO - Filling up the DagBag from /home/airflow/.local/lib/python3.7/site-packages/airflow/example_dags/example_trigger_target_dag.py
[2022-10-24 01:24:51,976] {processor.py:654} INFO - DAG(s) dict_keys(['example_trigger_target_dag']) retrieved from /home/airflow/.local/lib/python3.7/site-packages/airflow/example_dags/example_trigger_target_dag.py
[2022-10-24 01:24:51,996] {logging_mixin.py:109} INFO - [2022-10-24 01:24:51,996] {dag.py:2398} INFO - Sync 1 DAGs
[2022-10-24 01:24:52,026] {logging_mixin.py:109} INFO - [2022-10-24 01:24:52,026] {dag.py:2937} INFO - Setting next_dagrun for example_trigger_target_dag to None
[2022-10-24 01:24:52,045] {processor.py:171} INFO - Processing /home/airflow/.local/lib/python3.7/site-packages/airflow/example_dags/example_trigger_target_dag.py took 0.156 seconds
[2022-10-24 01:25:22,687] {processor.py:163} INFO - Started process (PID=843) to work on /home/airflow/.local/lib/python3.7/site-packages/airflow/example_dags/example_trigger_target_dag.py
[2022-10-24 01:25:22,690] {processor.py:642} INFO - Processing file /home/airflow/.local/lib/python3.7/site-packages/airflow/example_dags/example_trigger_target_dag.py for tasks to queue
[2022-10-24 01:25:22,692] {logging_mixin.py:109} INFO - [2022-10-24 01:25:22,692] {dagbag.py:500} INFO - Filling up the DagBag from /home/airflow/.local/lib/python3.7/site-packages/airflow/example_dags/example_trigger_target_dag.py
[2022-10-24 01:25:22,757] {processor.py:654} INFO - DAG(s) dict_keys(['example_trigger_target_dag']) retrieved from /home/airflow/.local/lib/python3.7/site-packages/airflow/example_dags/example_trigger_target_dag.py
[2022-10-24 01:25:22,778] {logging_mixin.py:109} INFO - [2022-10-24 01:25:22,778] {dag.py:2398} INFO - Sync 1 DAGs
[2022-10-24 01:25:22,812] {logging_mixin.py:109} INFO - [2022-10-24 01:25:22,812] {dag.py:2937} INFO - Setting next_dagrun for example_trigger_target_dag to None
[2022-10-24 01:25:22,837] {processor.py:171} INFO - Processing /home/airflow/.local/lib/python3.7/site-packages/airflow/example_dags/example_trigger_target_dag.py took 0.155 seconds
[2022-10-24 01:25:53,793] {processor.py:163} INFO - Started process (PID=895) to work on /home/airflow/.local/lib/python3.7/site-packages/airflow/example_dags/example_trigger_target_dag.py
[2022-10-24 01:25:53,796] {processor.py:642} INFO - Processing file /home/airflow/.local/lib/python3.7/site-packages/airflow/example_dags/example_trigger_target_dag.py for tasks to queue
[2022-10-24 01:25:53,799] {logging_mixin.py:109} INFO - [2022-10-24 01:25:53,798] {dagbag.py:500} INFO - Filling up the DagBag from /home/airflow/.local/lib/python3.7/site-packages/airflow/example_dags/example_trigger_target_dag.py
[2022-10-24 01:25:53,868] {processor.py:654} INFO - DAG(s) dict_keys(['example_trigger_target_dag']) retrieved from /home/airflow/.local/lib/python3.7/site-packages/airflow/example_dags/example_trigger_target_dag.py
[2022-10-24 01:25:53,893] {logging_mixin.py:109} INFO - [2022-10-24 01:25:53,893] {dag.py:2398} INFO - Sync 1 DAGs
[2022-10-24 01:25:53,926] {logging_mixin.py:109} INFO - [2022-10-24 01:25:53,926] {dag.py:2937} INFO - Setting next_dagrun for example_trigger_target_dag to None
[2022-10-24 01:25:53,953] {processor.py:171} INFO - Processing /home/airflow/.local/lib/python3.7/site-packages/airflow/example_dags/example_trigger_target_dag.py took 0.167 seconds
[2022-10-24 01:26:24,496] {processor.py:163} INFO - Started process (PID=946) to work on /home/airflow/.local/lib/python3.7/site-packages/airflow/example_dags/example_trigger_target_dag.py
[2022-10-24 01:26:24,498] {processor.py:642} INFO - Processing file /home/airflow/.local/lib/python3.7/site-packages/airflow/example_dags/example_trigger_target_dag.py for tasks to queue
[2022-10-24 01:26:24,500] {logging_mixin.py:109} INFO - [2022-10-24 01:26:24,500] {dagbag.py:500} INFO - Filling up the DagBag from /home/airflow/.local/lib/python3.7/site-packages/airflow/example_dags/example_trigger_target_dag.py
[2022-10-24 01:26:24,549] {processor.py:654} INFO - DAG(s) dict_keys(['example_trigger_target_dag']) retrieved from /home/airflow/.local/lib/python3.7/site-packages/airflow/example_dags/example_trigger_target_dag.py
[2022-10-24 01:26:24,562] {logging_mixin.py:109} INFO - [2022-10-24 01:26:24,562] {dag.py:2398} INFO - Sync 1 DAGs
[2022-10-24 01:26:24,583] {logging_mixin.py:109} INFO - [2022-10-24 01:26:24,582] {dag.py:2937} INFO - Setting next_dagrun for example_trigger_target_dag to None
[2022-10-24 01:26:24,596] {processor.py:171} INFO - Processing /home/airflow/.local/lib/python3.7/site-packages/airflow/example_dags/example_trigger_target_dag.py took 0.104 seconds
[2022-10-24 01:26:55,497] {processor.py:163} INFO - Started process (PID=999) to work on /home/airflow/.local/lib/python3.7/site-packages/airflow/example_dags/example_trigger_target_dag.py
[2022-10-24 01:26:55,501] {processor.py:642} INFO - Processing file /home/airflow/.local/lib/python3.7/site-packages/airflow/example_dags/example_trigger_target_dag.py for tasks to queue
[2022-10-24 01:26:55,503] {logging_mixin.py:109} INFO - [2022-10-24 01:26:55,503] {dagbag.py:500} INFO - Filling up the DagBag from /home/airflow/.local/lib/python3.7/site-packages/airflow/example_dags/example_trigger_target_dag.py
[2022-10-24 01:26:55,625] {processor.py:654} INFO - DAG(s) dict_keys(['example_trigger_target_dag']) retrieved from /home/airflow/.local/lib/python3.7/site-packages/airflow/example_dags/example_trigger_target_dag.py
[2022-10-24 01:26:55,648] {logging_mixin.py:109} INFO - [2022-10-24 01:26:55,648] {dag.py:2398} INFO - Sync 1 DAGs
[2022-10-24 01:26:55,685] {logging_mixin.py:109} INFO - [2022-10-24 01:26:55,684] {dag.py:2937} INFO - Setting next_dagrun for example_trigger_target_dag to None
[2022-10-24 01:26:55,722] {processor.py:171} INFO - Processing /home/airflow/.local/lib/python3.7/site-packages/airflow/example_dags/example_trigger_target_dag.py took 0.233 seconds
[2022-10-24 01:27:29,179] {processor.py:163} INFO - Started process (PID=1060) to work on /home/airflow/.local/lib/python3.7/site-packages/airflow/example_dags/example_trigger_target_dag.py
[2022-10-24 01:27:29,224] {processor.py:642} INFO - Processing file /home/airflow/.local/lib/python3.7/site-packages/airflow/example_dags/example_trigger_target_dag.py for tasks to queue
[2022-10-24 01:27:29,303] {logging_mixin.py:109} INFO - [2022-10-24 01:27:29,302] {dagbag.py:500} INFO - Filling up the DagBag from /home/airflow/.local/lib/python3.7/site-packages/airflow/example_dags/example_trigger_target_dag.py
[2022-10-24 01:27:29,691] {processor.py:654} INFO - DAG(s) dict_keys(['example_trigger_target_dag']) retrieved from /home/airflow/.local/lib/python3.7/site-packages/airflow/example_dags/example_trigger_target_dag.py
[2022-10-24 01:27:29,727] {logging_mixin.py:109} INFO - [2022-10-24 01:27:29,727] {dag.py:2398} INFO - Sync 1 DAGs
[2022-10-24 01:27:29,763] {logging_mixin.py:109} INFO - [2022-10-24 01:27:29,762] {dag.py:2937} INFO - Setting next_dagrun for example_trigger_target_dag to None
[2022-10-24 01:27:29,787] {processor.py:171} INFO - Processing /home/airflow/.local/lib/python3.7/site-packages/airflow/example_dags/example_trigger_target_dag.py took 0.658 seconds
[2022-10-24 01:28:00,029] {processor.py:163} INFO - Started process (PID=1105) to work on /home/airflow/.local/lib/python3.7/site-packages/airflow/example_dags/example_trigger_target_dag.py
[2022-10-24 01:28:00,033] {processor.py:642} INFO - Processing file /home/airflow/.local/lib/python3.7/site-packages/airflow/example_dags/example_trigger_target_dag.py for tasks to queue
[2022-10-24 01:28:00,044] {logging_mixin.py:109} INFO - [2022-10-24 01:28:00,044] {dagbag.py:500} INFO - Filling up the DagBag from /home/airflow/.local/lib/python3.7/site-packages/airflow/example_dags/example_trigger_target_dag.py
[2022-10-24 01:28:00,124] {processor.py:654} INFO - DAG(s) dict_keys(['example_trigger_target_dag']) retrieved from /home/airflow/.local/lib/python3.7/site-packages/airflow/example_dags/example_trigger_target_dag.py
[2022-10-24 01:28:00,151] {logging_mixin.py:109} INFO - [2022-10-24 01:28:00,151] {dag.py:2398} INFO - Sync 1 DAGs
[2022-10-24 01:28:00,187] {logging_mixin.py:109} INFO - [2022-10-24 01:28:00,187] {dag.py:2937} INFO - Setting next_dagrun for example_trigger_target_dag to None
[2022-10-24 01:28:00,209] {processor.py:171} INFO - Processing /home/airflow/.local/lib/python3.7/site-packages/airflow/example_dags/example_trigger_target_dag.py took 0.185 seconds
[2022-10-24 01:28:30,515] {processor.py:163} INFO - Started process (PID=1165) to work on /home/airflow/.local/lib/python3.7/site-packages/airflow/example_dags/example_trigger_target_dag.py
[2022-10-24 01:28:30,520] {processor.py:642} INFO - Processing file /home/airflow/.local/lib/python3.7/site-packages/airflow/example_dags/example_trigger_target_dag.py for tasks to queue
[2022-10-24 01:28:30,522] {logging_mixin.py:109} INFO - [2022-10-24 01:28:30,522] {dagbag.py:500} INFO - Filling up the DagBag from /home/airflow/.local/lib/python3.7/site-packages/airflow/example_dags/example_trigger_target_dag.py
[2022-10-24 01:28:30,709] {processor.py:654} INFO - DAG(s) dict_keys(['example_trigger_target_dag']) retrieved from /home/airflow/.local/lib/python3.7/site-packages/airflow/example_dags/example_trigger_target_dag.py
[2022-10-24 01:28:30,751] {logging_mixin.py:109} INFO - [2022-10-24 01:28:30,742] {dag.py:2398} INFO - Sync 1 DAGs
[2022-10-24 01:28:30,777] {logging_mixin.py:109} INFO - [2022-10-24 01:28:30,777] {dag.py:2937} INFO - Setting next_dagrun for example_trigger_target_dag to None
[2022-10-24 01:28:30,791] {processor.py:171} INFO - Processing /home/airflow/.local/lib/python3.7/site-packages/airflow/example_dags/example_trigger_target_dag.py took 0.286 seconds
[2022-10-24 01:29:00,866] {processor.py:163} INFO - Started process (PID=1217) to work on /home/airflow/.local/lib/python3.7/site-packages/airflow/example_dags/example_trigger_target_dag.py
[2022-10-24 01:29:00,869] {processor.py:642} INFO - Processing file /home/airflow/.local/lib/python3.7/site-packages/airflow/example_dags/example_trigger_target_dag.py for tasks to queue
[2022-10-24 01:29:00,871] {logging_mixin.py:109} INFO - [2022-10-24 01:29:00,871] {dagbag.py:500} INFO - Filling up the DagBag from /home/airflow/.local/lib/python3.7/site-packages/airflow/example_dags/example_trigger_target_dag.py
[2022-10-24 01:29:00,969] {processor.py:654} INFO - DAG(s) dict_keys(['example_trigger_target_dag']) retrieved from /home/airflow/.local/lib/python3.7/site-packages/airflow/example_dags/example_trigger_target_dag.py
[2022-10-24 01:29:00,999] {logging_mixin.py:109} INFO - [2022-10-24 01:29:00,998] {dag.py:2398} INFO - Sync 1 DAGs
[2022-10-24 01:29:01,045] {logging_mixin.py:109} INFO - [2022-10-24 01:29:01,043] {dag.py:2937} INFO - Setting next_dagrun for example_trigger_target_dag to None
[2022-10-24 01:29:01,068] {processor.py:171} INFO - Processing /home/airflow/.local/lib/python3.7/site-packages/airflow/example_dags/example_trigger_target_dag.py took 0.208 seconds
[2022-10-24 01:29:31,290] {processor.py:163} INFO - Started process (PID=1270) to work on /home/airflow/.local/lib/python3.7/site-packages/airflow/example_dags/example_trigger_target_dag.py
[2022-10-24 01:29:31,293] {processor.py:642} INFO - Processing file /home/airflow/.local/lib/python3.7/site-packages/airflow/example_dags/example_trigger_target_dag.py for tasks to queue
[2022-10-24 01:29:31,295] {logging_mixin.py:109} INFO - [2022-10-24 01:29:31,295] {dagbag.py:500} INFO - Filling up the DagBag from /home/airflow/.local/lib/python3.7/site-packages/airflow/example_dags/example_trigger_target_dag.py
[2022-10-24 01:29:31,359] {processor.py:654} INFO - DAG(s) dict_keys(['example_trigger_target_dag']) retrieved from /home/airflow/.local/lib/python3.7/site-packages/airflow/example_dags/example_trigger_target_dag.py
[2022-10-24 01:29:31,380] {logging_mixin.py:109} INFO - [2022-10-24 01:29:31,380] {dag.py:2398} INFO - Sync 1 DAGs
[2022-10-24 01:29:31,427] {logging_mixin.py:109} INFO - [2022-10-24 01:29:31,427] {dag.py:2937} INFO - Setting next_dagrun for example_trigger_target_dag to None
[2022-10-24 01:29:31,443] {processor.py:171} INFO - Processing /home/airflow/.local/lib/python3.7/site-packages/airflow/example_dags/example_trigger_target_dag.py took 0.161 seconds
[2022-10-24 01:30:01,745] {processor.py:163} INFO - Started process (PID=1324) to work on /home/airflow/.local/lib/python3.7/site-packages/airflow/example_dags/example_trigger_target_dag.py
[2022-10-24 01:30:01,752] {processor.py:642} INFO - Processing file /home/airflow/.local/lib/python3.7/site-packages/airflow/example_dags/example_trigger_target_dag.py for tasks to queue
[2022-10-24 01:30:01,755] {logging_mixin.py:109} INFO - [2022-10-24 01:30:01,755] {dagbag.py:500} INFO - Filling up the DagBag from /home/airflow/.local/lib/python3.7/site-packages/airflow/example_dags/example_trigger_target_dag.py
[2022-10-24 01:30:01,843] {processor.py:654} INFO - DAG(s) dict_keys(['example_trigger_target_dag']) retrieved from /home/airflow/.local/lib/python3.7/site-packages/airflow/example_dags/example_trigger_target_dag.py
[2022-10-24 01:30:01,858] {logging_mixin.py:109} INFO - [2022-10-24 01:30:01,858] {dag.py:2398} INFO - Sync 1 DAGs
[2022-10-24 01:30:01,885] {logging_mixin.py:109} INFO - [2022-10-24 01:30:01,885] {dag.py:2937} INFO - Setting next_dagrun for example_trigger_target_dag to None
[2022-10-24 01:30:01,902] {processor.py:171} INFO - Processing /home/airflow/.local/lib/python3.7/site-packages/airflow/example_dags/example_trigger_target_dag.py took 0.167 seconds
[2022-10-24 01:30:32,186] {processor.py:163} INFO - Started process (PID=1384) to work on /home/airflow/.local/lib/python3.7/site-packages/airflow/example_dags/example_trigger_target_dag.py
[2022-10-24 01:30:32,193] {processor.py:642} INFO - Processing file /home/airflow/.local/lib/python3.7/site-packages/airflow/example_dags/example_trigger_target_dag.py for tasks to queue
[2022-10-24 01:30:32,195] {logging_mixin.py:109} INFO - [2022-10-24 01:30:32,195] {dagbag.py:500} INFO - Filling up the DagBag from /home/airflow/.local/lib/python3.7/site-packages/airflow/example_dags/example_trigger_target_dag.py
[2022-10-24 01:30:32,296] {processor.py:654} INFO - DAG(s) dict_keys(['example_trigger_target_dag']) retrieved from /home/airflow/.local/lib/python3.7/site-packages/airflow/example_dags/example_trigger_target_dag.py
[2022-10-24 01:30:32,312] {logging_mixin.py:109} INFO - [2022-10-24 01:30:32,311] {dag.py:2398} INFO - Sync 1 DAGs
[2022-10-24 01:30:32,341] {logging_mixin.py:109} INFO - [2022-10-24 01:30:32,341] {dag.py:2937} INFO - Setting next_dagrun for example_trigger_target_dag to None
[2022-10-24 01:30:32,359] {processor.py:171} INFO - Processing /home/airflow/.local/lib/python3.7/site-packages/airflow/example_dags/example_trigger_target_dag.py took 0.177 seconds
[2022-10-24 01:31:02,489] {processor.py:163} INFO - Started process (PID=1436) to work on /home/airflow/.local/lib/python3.7/site-packages/airflow/example_dags/example_trigger_target_dag.py
[2022-10-24 01:31:02,492] {processor.py:642} INFO - Processing file /home/airflow/.local/lib/python3.7/site-packages/airflow/example_dags/example_trigger_target_dag.py for tasks to queue
[2022-10-24 01:31:02,494] {logging_mixin.py:109} INFO - [2022-10-24 01:31:02,494] {dagbag.py:500} INFO - Filling up the DagBag from /home/airflow/.local/lib/python3.7/site-packages/airflow/example_dags/example_trigger_target_dag.py
[2022-10-24 01:31:02,551] {processor.py:654} INFO - DAG(s) dict_keys(['example_trigger_target_dag']) retrieved from /home/airflow/.local/lib/python3.7/site-packages/airflow/example_dags/example_trigger_target_dag.py
[2022-10-24 01:31:02,568] {logging_mixin.py:109} INFO - [2022-10-24 01:31:02,567] {dag.py:2398} INFO - Sync 1 DAGs
[2022-10-24 01:31:02,593] {logging_mixin.py:109} INFO - [2022-10-24 01:31:02,593] {dag.py:2937} INFO - Setting next_dagrun for example_trigger_target_dag to None
[2022-10-24 01:31:02,611] {processor.py:171} INFO - Processing /home/airflow/.local/lib/python3.7/site-packages/airflow/example_dags/example_trigger_target_dag.py took 0.129 seconds
[2022-10-24 01:31:33,253] {processor.py:163} INFO - Started process (PID=1486) to work on /home/airflow/.local/lib/python3.7/site-packages/airflow/example_dags/example_trigger_target_dag.py
[2022-10-24 01:31:33,257] {processor.py:642} INFO - Processing file /home/airflow/.local/lib/python3.7/site-packages/airflow/example_dags/example_trigger_target_dag.py for tasks to queue
[2022-10-24 01:31:33,260] {logging_mixin.py:109} INFO - [2022-10-24 01:31:33,260] {dagbag.py:500} INFO - Filling up the DagBag from /home/airflow/.local/lib/python3.7/site-packages/airflow/example_dags/example_trigger_target_dag.py
[2022-10-24 01:31:33,319] {processor.py:654} INFO - DAG(s) dict_keys(['example_trigger_target_dag']) retrieved from /home/airflow/.local/lib/python3.7/site-packages/airflow/example_dags/example_trigger_target_dag.py
[2022-10-24 01:31:33,336] {logging_mixin.py:109} INFO - [2022-10-24 01:31:33,336] {dag.py:2398} INFO - Sync 1 DAGs
[2022-10-24 01:31:33,361] {logging_mixin.py:109} INFO - [2022-10-24 01:31:33,361] {dag.py:2937} INFO - Setting next_dagrun for example_trigger_target_dag to None
[2022-10-24 01:31:33,379] {processor.py:171} INFO - Processing /home/airflow/.local/lib/python3.7/site-packages/airflow/example_dags/example_trigger_target_dag.py took 0.133 seconds
[2022-10-24 01:32:03,483] {processor.py:163} INFO - Started process (PID=1539) to work on /home/airflow/.local/lib/python3.7/site-packages/airflow/example_dags/example_trigger_target_dag.py
[2022-10-24 01:32:03,487] {processor.py:642} INFO - Processing file /home/airflow/.local/lib/python3.7/site-packages/airflow/example_dags/example_trigger_target_dag.py for tasks to queue
[2022-10-24 01:32:03,489] {logging_mixin.py:109} INFO - [2022-10-24 01:32:03,489] {dagbag.py:500} INFO - Filling up the DagBag from /home/airflow/.local/lib/python3.7/site-packages/airflow/example_dags/example_trigger_target_dag.py
[2022-10-24 01:32:03,542] {processor.py:654} INFO - DAG(s) dict_keys(['example_trigger_target_dag']) retrieved from /home/airflow/.local/lib/python3.7/site-packages/airflow/example_dags/example_trigger_target_dag.py
[2022-10-24 01:32:03,558] {logging_mixin.py:109} INFO - [2022-10-24 01:32:03,558] {dag.py:2398} INFO - Sync 1 DAGs
[2022-10-24 01:32:03,580] {logging_mixin.py:109} INFO - [2022-10-24 01:32:03,580] {dag.py:2937} INFO - Setting next_dagrun for example_trigger_target_dag to None
[2022-10-24 01:32:03,598] {processor.py:171} INFO - Processing /home/airflow/.local/lib/python3.7/site-packages/airflow/example_dags/example_trigger_target_dag.py took 0.121 seconds
[2022-10-24 01:32:33,952] {processor.py:163} INFO - Started process (PID=1601) to work on /home/airflow/.local/lib/python3.7/site-packages/airflow/example_dags/example_trigger_target_dag.py
[2022-10-24 01:32:33,964] {processor.py:642} INFO - Processing file /home/airflow/.local/lib/python3.7/site-packages/airflow/example_dags/example_trigger_target_dag.py for tasks to queue
[2022-10-24 01:32:33,966] {logging_mixin.py:109} INFO - [2022-10-24 01:32:33,966] {dagbag.py:500} INFO - Filling up the DagBag from /home/airflow/.local/lib/python3.7/site-packages/airflow/example_dags/example_trigger_target_dag.py
[2022-10-24 01:32:34,056] {processor.py:654} INFO - DAG(s) dict_keys(['example_trigger_target_dag']) retrieved from /home/airflow/.local/lib/python3.7/site-packages/airflow/example_dags/example_trigger_target_dag.py
[2022-10-24 01:32:34,083] {logging_mixin.py:109} INFO - [2022-10-24 01:32:34,082] {dag.py:2398} INFO - Sync 1 DAGs
[2022-10-24 01:32:34,119] {logging_mixin.py:109} INFO - [2022-10-24 01:32:34,119] {dag.py:2937} INFO - Setting next_dagrun for example_trigger_target_dag to None
[2022-10-24 01:32:34,134] {processor.py:171} INFO - Processing /home/airflow/.local/lib/python3.7/site-packages/airflow/example_dags/example_trigger_target_dag.py took 0.189 seconds
[2022-10-24 01:33:05,167] {processor.py:163} INFO - Started process (PID=1654) to work on /home/airflow/.local/lib/python3.7/site-packages/airflow/example_dags/example_trigger_target_dag.py
[2022-10-24 01:33:05,169] {processor.py:642} INFO - Processing file /home/airflow/.local/lib/python3.7/site-packages/airflow/example_dags/example_trigger_target_dag.py for tasks to queue
[2022-10-24 01:33:05,171] {logging_mixin.py:109} INFO - [2022-10-24 01:33:05,171] {dagbag.py:500} INFO - Filling up the DagBag from /home/airflow/.local/lib/python3.7/site-packages/airflow/example_dags/example_trigger_target_dag.py
[2022-10-24 01:33:05,206] {processor.py:654} INFO - DAG(s) dict_keys(['example_trigger_target_dag']) retrieved from /home/airflow/.local/lib/python3.7/site-packages/airflow/example_dags/example_trigger_target_dag.py
[2022-10-24 01:33:05,219] {logging_mixin.py:109} INFO - [2022-10-24 01:33:05,219] {dag.py:2398} INFO - Sync 1 DAGs
[2022-10-24 01:33:05,235] {logging_mixin.py:109} INFO - [2022-10-24 01:33:05,234] {dag.py:2937} INFO - Setting next_dagrun for example_trigger_target_dag to None
[2022-10-24 01:33:05,246] {processor.py:171} INFO - Processing /home/airflow/.local/lib/python3.7/site-packages/airflow/example_dags/example_trigger_target_dag.py took 0.083 seconds
[2022-10-24 01:33:35,988] {processor.py:163} INFO - Started process (PID=1714) to work on /home/airflow/.local/lib/python3.7/site-packages/airflow/example_dags/example_trigger_target_dag.py
[2022-10-24 01:33:35,991] {processor.py:642} INFO - Processing file /home/airflow/.local/lib/python3.7/site-packages/airflow/example_dags/example_trigger_target_dag.py for tasks to queue
[2022-10-24 01:33:35,992] {logging_mixin.py:109} INFO - [2022-10-24 01:33:35,992] {dagbag.py:500} INFO - Filling up the DagBag from /home/airflow/.local/lib/python3.7/site-packages/airflow/example_dags/example_trigger_target_dag.py
[2022-10-24 01:33:36,033] {processor.py:654} INFO - DAG(s) dict_keys(['example_trigger_target_dag']) retrieved from /home/airflow/.local/lib/python3.7/site-packages/airflow/example_dags/example_trigger_target_dag.py
[2022-10-24 01:33:36,046] {logging_mixin.py:109} INFO - [2022-10-24 01:33:36,046] {dag.py:2398} INFO - Sync 1 DAGs
[2022-10-24 01:33:36,064] {logging_mixin.py:109} INFO - [2022-10-24 01:33:36,064] {dag.py:2937} INFO - Setting next_dagrun for example_trigger_target_dag to None
[2022-10-24 01:33:36,076] {processor.py:171} INFO - Processing /home/airflow/.local/lib/python3.7/site-packages/airflow/example_dags/example_trigger_target_dag.py took 0.092 seconds
[2022-10-24 01:34:06,736] {processor.py:163} INFO - Started process (PID=1766) to work on /home/airflow/.local/lib/python3.7/site-packages/airflow/example_dags/example_trigger_target_dag.py
[2022-10-24 01:34:06,738] {processor.py:642} INFO - Processing file /home/airflow/.local/lib/python3.7/site-packages/airflow/example_dags/example_trigger_target_dag.py for tasks to queue
[2022-10-24 01:34:06,740] {logging_mixin.py:109} INFO - [2022-10-24 01:34:06,740] {dagbag.py:500} INFO - Filling up the DagBag from /home/airflow/.local/lib/python3.7/site-packages/airflow/example_dags/example_trigger_target_dag.py
[2022-10-24 01:34:06,772] {processor.py:654} INFO - DAG(s) dict_keys(['example_trigger_target_dag']) retrieved from /home/airflow/.local/lib/python3.7/site-packages/airflow/example_dags/example_trigger_target_dag.py
[2022-10-24 01:34:06,782] {logging_mixin.py:109} INFO - [2022-10-24 01:34:06,782] {dag.py:2398} INFO - Sync 1 DAGs
[2022-10-24 01:34:06,800] {logging_mixin.py:109} INFO - [2022-10-24 01:34:06,800] {dag.py:2937} INFO - Setting next_dagrun for example_trigger_target_dag to None
[2022-10-24 01:34:06,815] {processor.py:171} INFO - Processing /home/airflow/.local/lib/python3.7/site-packages/airflow/example_dags/example_trigger_target_dag.py took 0.082 seconds
[2022-10-24 01:34:38,146] {processor.py:163} INFO - Started process (PID=1826) to work on /home/airflow/.local/lib/python3.7/site-packages/airflow/example_dags/example_trigger_target_dag.py
[2022-10-24 01:34:38,178] {processor.py:642} INFO - Processing file /home/airflow/.local/lib/python3.7/site-packages/airflow/example_dags/example_trigger_target_dag.py for tasks to queue
[2022-10-24 01:34:38,183] {logging_mixin.py:109} INFO - [2022-10-24 01:34:38,183] {dagbag.py:500} INFO - Filling up the DagBag from /home/airflow/.local/lib/python3.7/site-packages/airflow/example_dags/example_trigger_target_dag.py
[2022-10-24 01:34:38,276] {processor.py:654} INFO - DAG(s) dict_keys(['example_trigger_target_dag']) retrieved from /home/airflow/.local/lib/python3.7/site-packages/airflow/example_dags/example_trigger_target_dag.py
[2022-10-24 01:34:38,296] {logging_mixin.py:109} INFO - [2022-10-24 01:34:38,296] {dag.py:2398} INFO - Sync 1 DAGs
[2022-10-24 01:34:38,323] {logging_mixin.py:109} INFO - [2022-10-24 01:34:38,323] {dag.py:2937} INFO - Setting next_dagrun for example_trigger_target_dag to None
[2022-10-24 01:34:38,342] {processor.py:171} INFO - Processing /home/airflow/.local/lib/python3.7/site-packages/airflow/example_dags/example_trigger_target_dag.py took 0.200 seconds
[2022-10-24 01:35:09,559] {processor.py:163} INFO - Started process (PID=1880) to work on /home/airflow/.local/lib/python3.7/site-packages/airflow/example_dags/example_trigger_target_dag.py
[2022-10-24 01:35:09,562] {processor.py:642} INFO - Processing file /home/airflow/.local/lib/python3.7/site-packages/airflow/example_dags/example_trigger_target_dag.py for tasks to queue
[2022-10-24 01:35:09,564] {logging_mixin.py:109} INFO - [2022-10-24 01:35:09,564] {dagbag.py:500} INFO - Filling up the DagBag from /home/airflow/.local/lib/python3.7/site-packages/airflow/example_dags/example_trigger_target_dag.py
[2022-10-24 01:35:09,614] {processor.py:654} INFO - DAG(s) dict_keys(['example_trigger_target_dag']) retrieved from /home/airflow/.local/lib/python3.7/site-packages/airflow/example_dags/example_trigger_target_dag.py
[2022-10-24 01:35:09,630] {logging_mixin.py:109} INFO - [2022-10-24 01:35:09,630] {dag.py:2398} INFO - Sync 1 DAGs
[2022-10-24 01:35:09,646] {logging_mixin.py:109} INFO - [2022-10-24 01:35:09,646] {dag.py:2937} INFO - Setting next_dagrun for example_trigger_target_dag to None
[2022-10-24 01:35:09,665] {processor.py:171} INFO - Processing /home/airflow/.local/lib/python3.7/site-packages/airflow/example_dags/example_trigger_target_dag.py took 0.112 seconds
