[2022-10-24 01:18:06,986] {processor.py:163} INFO - Started process (PID=58) to work on /home/airflow/.local/lib/python3.7/site-packages/airflow/example_dags/example_time_delta_sensor_async.py
[2022-10-24 01:18:06,997] {processor.py:642} INFO - Processing file /home/airflow/.local/lib/python3.7/site-packages/airflow/example_dags/example_time_delta_sensor_async.py for tasks to queue
[2022-10-24 01:18:07,000] {logging_mixin.py:109} INFO - [2022-10-24 01:18:07,000] {dagbag.py:500} INFO - Filling up the DagBag from /home/airflow/.local/lib/python3.7/site-packages/airflow/example_dags/example_time_delta_sensor_async.py
[2022-10-24 01:18:07,140] {processor.py:654} INFO - DAG(s) dict_keys(['example_time_delta_sensor_async']) retrieved from /home/airflow/.local/lib/python3.7/site-packages/airflow/example_dags/example_time_delta_sensor_async.py
[2022-10-24 01:18:07,179] {logging_mixin.py:109} INFO - [2022-10-24 01:18:07,179] {dag.py:2398} INFO - Sync 1 DAGs
[2022-10-24 01:18:07,269] {logging_mixin.py:109} INFO - [2022-10-24 01:18:07,269] {dag.py:2937} INFO - Setting next_dagrun for example_time_delta_sensor_async to None
[2022-10-24 01:18:07,324] {processor.py:171} INFO - Processing /home/airflow/.local/lib/python3.7/site-packages/airflow/example_dags/example_time_delta_sensor_async.py took 0.343 seconds
[2022-10-24 01:18:38,923] {processor.py:163} INFO - Started process (PID=110) to work on /home/airflow/.local/lib/python3.7/site-packages/airflow/example_dags/example_time_delta_sensor_async.py
[2022-10-24 01:18:38,927] {processor.py:642} INFO - Processing file /home/airflow/.local/lib/python3.7/site-packages/airflow/example_dags/example_time_delta_sensor_async.py for tasks to queue
[2022-10-24 01:18:38,930] {logging_mixin.py:109} INFO - [2022-10-24 01:18:38,930] {dagbag.py:500} INFO - Filling up the DagBag from /home/airflow/.local/lib/python3.7/site-packages/airflow/example_dags/example_time_delta_sensor_async.py
[2022-10-24 01:18:39,021] {processor.py:654} INFO - DAG(s) dict_keys(['example_time_delta_sensor_async']) retrieved from /home/airflow/.local/lib/python3.7/site-packages/airflow/example_dags/example_time_delta_sensor_async.py
[2022-10-24 01:18:39,065] {logging_mixin.py:109} INFO - [2022-10-24 01:18:39,064] {dag.py:2398} INFO - Sync 1 DAGs
[2022-10-24 01:18:39,129] {logging_mixin.py:109} INFO - [2022-10-24 01:18:39,129] {dag.py:2937} INFO - Setting next_dagrun for example_time_delta_sensor_async to None
[2022-10-24 01:18:39,185] {processor.py:171} INFO - Processing /home/airflow/.local/lib/python3.7/site-packages/airflow/example_dags/example_time_delta_sensor_async.py took 0.272 seconds
[2022-10-24 01:19:09,293] {processor.py:163} INFO - Started process (PID=161) to work on /home/airflow/.local/lib/python3.7/site-packages/airflow/example_dags/example_time_delta_sensor_async.py
[2022-10-24 01:19:09,296] {processor.py:642} INFO - Processing file /home/airflow/.local/lib/python3.7/site-packages/airflow/example_dags/example_time_delta_sensor_async.py for tasks to queue
[2022-10-24 01:19:09,299] {logging_mixin.py:109} INFO - [2022-10-24 01:19:09,299] {dagbag.py:500} INFO - Filling up the DagBag from /home/airflow/.local/lib/python3.7/site-packages/airflow/example_dags/example_time_delta_sensor_async.py
[2022-10-24 01:19:09,356] {processor.py:654} INFO - DAG(s) dict_keys(['example_time_delta_sensor_async']) retrieved from /home/airflow/.local/lib/python3.7/site-packages/airflow/example_dags/example_time_delta_sensor_async.py
[2022-10-24 01:19:09,374] {logging_mixin.py:109} INFO - [2022-10-24 01:19:09,374] {dag.py:2398} INFO - Sync 1 DAGs
[2022-10-24 01:19:09,403] {logging_mixin.py:109} INFO - [2022-10-24 01:19:09,403] {dag.py:2937} INFO - Setting next_dagrun for example_time_delta_sensor_async to None
[2022-10-24 01:19:09,423] {processor.py:171} INFO - Processing /home/airflow/.local/lib/python3.7/site-packages/airflow/example_dags/example_time_delta_sensor_async.py took 0.135 seconds
[2022-10-24 01:19:40,460] {processor.py:163} INFO - Started process (PID=222) to work on /home/airflow/.local/lib/python3.7/site-packages/airflow/example_dags/example_time_delta_sensor_async.py
[2022-10-24 01:19:40,463] {processor.py:642} INFO - Processing file /home/airflow/.local/lib/python3.7/site-packages/airflow/example_dags/example_time_delta_sensor_async.py for tasks to queue
[2022-10-24 01:19:40,465] {logging_mixin.py:109} INFO - [2022-10-24 01:19:40,465] {dagbag.py:500} INFO - Filling up the DagBag from /home/airflow/.local/lib/python3.7/site-packages/airflow/example_dags/example_time_delta_sensor_async.py
[2022-10-24 01:19:40,514] {processor.py:654} INFO - DAG(s) dict_keys(['example_time_delta_sensor_async']) retrieved from /home/airflow/.local/lib/python3.7/site-packages/airflow/example_dags/example_time_delta_sensor_async.py
[2022-10-24 01:19:40,529] {logging_mixin.py:109} INFO - [2022-10-24 01:19:40,528] {dag.py:2398} INFO - Sync 1 DAGs
[2022-10-24 01:19:40,552] {logging_mixin.py:109} INFO - [2022-10-24 01:19:40,552] {dag.py:2937} INFO - Setting next_dagrun for example_time_delta_sensor_async to None
[2022-10-24 01:19:40,572] {processor.py:171} INFO - Processing /home/airflow/.local/lib/python3.7/site-packages/airflow/example_dags/example_time_delta_sensor_async.py took 0.117 seconds
[2022-10-24 01:20:11,289] {processor.py:163} INFO - Started process (PID=274) to work on /home/airflow/.local/lib/python3.7/site-packages/airflow/example_dags/example_time_delta_sensor_async.py
[2022-10-24 01:20:11,292] {processor.py:642} INFO - Processing file /home/airflow/.local/lib/python3.7/site-packages/airflow/example_dags/example_time_delta_sensor_async.py for tasks to queue
[2022-10-24 01:20:11,294] {logging_mixin.py:109} INFO - [2022-10-24 01:20:11,294] {dagbag.py:500} INFO - Filling up the DagBag from /home/airflow/.local/lib/python3.7/site-packages/airflow/example_dags/example_time_delta_sensor_async.py
[2022-10-24 01:20:11,362] {processor.py:654} INFO - DAG(s) dict_keys(['example_time_delta_sensor_async']) retrieved from /home/airflow/.local/lib/python3.7/site-packages/airflow/example_dags/example_time_delta_sensor_async.py
[2022-10-24 01:20:11,378] {logging_mixin.py:109} INFO - [2022-10-24 01:20:11,378] {dag.py:2398} INFO - Sync 1 DAGs
[2022-10-24 01:20:11,416] {logging_mixin.py:109} INFO - [2022-10-24 01:20:11,416] {dag.py:2937} INFO - Setting next_dagrun for example_time_delta_sensor_async to None
[2022-10-24 01:20:11,428] {processor.py:171} INFO - Processing /home/airflow/.local/lib/python3.7/site-packages/airflow/example_dags/example_time_delta_sensor_async.py took 0.147 seconds
[2022-10-24 01:20:41,713] {processor.py:163} INFO - Started process (PID=326) to work on /home/airflow/.local/lib/python3.7/site-packages/airflow/example_dags/example_time_delta_sensor_async.py
[2022-10-24 01:20:41,715] {processor.py:642} INFO - Processing file /home/airflow/.local/lib/python3.7/site-packages/airflow/example_dags/example_time_delta_sensor_async.py for tasks to queue
[2022-10-24 01:20:41,717] {logging_mixin.py:109} INFO - [2022-10-24 01:20:41,716] {dagbag.py:500} INFO - Filling up the DagBag from /home/airflow/.local/lib/python3.7/site-packages/airflow/example_dags/example_time_delta_sensor_async.py
[2022-10-24 01:20:41,753] {processor.py:654} INFO - DAG(s) dict_keys(['example_time_delta_sensor_async']) retrieved from /home/airflow/.local/lib/python3.7/site-packages/airflow/example_dags/example_time_delta_sensor_async.py
[2022-10-24 01:20:41,764] {logging_mixin.py:109} INFO - [2022-10-24 01:20:41,764] {dag.py:2398} INFO - Sync 1 DAGs
[2022-10-24 01:20:41,783] {logging_mixin.py:109} INFO - [2022-10-24 01:20:41,782] {dag.py:2937} INFO - Setting next_dagrun for example_time_delta_sensor_async to None
[2022-10-24 01:20:41,798] {processor.py:171} INFO - Processing /home/airflow/.local/lib/python3.7/site-packages/airflow/example_dags/example_time_delta_sensor_async.py took 0.090 seconds
[2022-10-24 01:21:11,986] {processor.py:163} INFO - Started process (PID=387) to work on /home/airflow/.local/lib/python3.7/site-packages/airflow/example_dags/example_time_delta_sensor_async.py
[2022-10-24 01:21:11,989] {processor.py:642} INFO - Processing file /home/airflow/.local/lib/python3.7/site-packages/airflow/example_dags/example_time_delta_sensor_async.py for tasks to queue
[2022-10-24 01:21:11,991] {logging_mixin.py:109} INFO - [2022-10-24 01:21:11,991] {dagbag.py:500} INFO - Filling up the DagBag from /home/airflow/.local/lib/python3.7/site-packages/airflow/example_dags/example_time_delta_sensor_async.py
[2022-10-24 01:21:12,041] {processor.py:654} INFO - DAG(s) dict_keys(['example_time_delta_sensor_async']) retrieved from /home/airflow/.local/lib/python3.7/site-packages/airflow/example_dags/example_time_delta_sensor_async.py
[2022-10-24 01:21:12,064] {logging_mixin.py:109} INFO - [2022-10-24 01:21:12,064] {dag.py:2398} INFO - Sync 1 DAGs
[2022-10-24 01:21:12,087] {logging_mixin.py:109} INFO - [2022-10-24 01:21:12,087] {dag.py:2937} INFO - Setting next_dagrun for example_time_delta_sensor_async to None
[2022-10-24 01:21:12,103] {processor.py:171} INFO - Processing /home/airflow/.local/lib/python3.7/site-packages/airflow/example_dags/example_time_delta_sensor_async.py took 0.121 seconds
[2022-10-24 01:21:42,429] {processor.py:163} INFO - Started process (PID=439) to work on /home/airflow/.local/lib/python3.7/site-packages/airflow/example_dags/example_time_delta_sensor_async.py
[2022-10-24 01:21:42,432] {processor.py:642} INFO - Processing file /home/airflow/.local/lib/python3.7/site-packages/airflow/example_dags/example_time_delta_sensor_async.py for tasks to queue
[2022-10-24 01:21:42,433] {logging_mixin.py:109} INFO - [2022-10-24 01:21:42,433] {dagbag.py:500} INFO - Filling up the DagBag from /home/airflow/.local/lib/python3.7/site-packages/airflow/example_dags/example_time_delta_sensor_async.py
[2022-10-24 01:21:42,472] {processor.py:654} INFO - DAG(s) dict_keys(['example_time_delta_sensor_async']) retrieved from /home/airflow/.local/lib/python3.7/site-packages/airflow/example_dags/example_time_delta_sensor_async.py
[2022-10-24 01:21:42,485] {logging_mixin.py:109} INFO - [2022-10-24 01:21:42,485] {dag.py:2398} INFO - Sync 1 DAGs
[2022-10-24 01:21:42,503] {logging_mixin.py:109} INFO - [2022-10-24 01:21:42,503] {dag.py:2937} INFO - Setting next_dagrun for example_time_delta_sensor_async to None
[2022-10-24 01:21:42,517] {processor.py:171} INFO - Processing /home/airflow/.local/lib/python3.7/site-packages/airflow/example_dags/example_time_delta_sensor_async.py took 0.091 seconds
[2022-10-24 01:22:13,778] {processor.py:163} INFO - Started process (PID=501) to work on /home/airflow/.local/lib/python3.7/site-packages/airflow/example_dags/example_time_delta_sensor_async.py
[2022-10-24 01:22:13,782] {processor.py:642} INFO - Processing file /home/airflow/.local/lib/python3.7/site-packages/airflow/example_dags/example_time_delta_sensor_async.py for tasks to queue
[2022-10-24 01:22:13,790] {logging_mixin.py:109} INFO - [2022-10-24 01:22:13,790] {dagbag.py:500} INFO - Filling up the DagBag from /home/airflow/.local/lib/python3.7/site-packages/airflow/example_dags/example_time_delta_sensor_async.py
[2022-10-24 01:22:13,883] {processor.py:654} INFO - DAG(s) dict_keys(['example_time_delta_sensor_async']) retrieved from /home/airflow/.local/lib/python3.7/site-packages/airflow/example_dags/example_time_delta_sensor_async.py
[2022-10-24 01:22:13,919] {logging_mixin.py:109} INFO - [2022-10-24 01:22:13,919] {dag.py:2398} INFO - Sync 1 DAGs
[2022-10-24 01:22:13,954] {logging_mixin.py:109} INFO - [2022-10-24 01:22:13,954] {dag.py:2937} INFO - Setting next_dagrun for example_time_delta_sensor_async to None
[2022-10-24 01:22:13,977] {processor.py:171} INFO - Processing /home/airflow/.local/lib/python3.7/site-packages/airflow/example_dags/example_time_delta_sensor_async.py took 0.210 seconds
[2022-10-24 01:22:44,770] {processor.py:163} INFO - Started process (PID=553) to work on /home/airflow/.local/lib/python3.7/site-packages/airflow/example_dags/example_time_delta_sensor_async.py
[2022-10-24 01:22:44,788] {processor.py:642} INFO - Processing file /home/airflow/.local/lib/python3.7/site-packages/airflow/example_dags/example_time_delta_sensor_async.py for tasks to queue
[2022-10-24 01:22:44,803] {logging_mixin.py:109} INFO - [2022-10-24 01:22:44,802] {dagbag.py:500} INFO - Filling up the DagBag from /home/airflow/.local/lib/python3.7/site-packages/airflow/example_dags/example_time_delta_sensor_async.py
[2022-10-24 01:22:44,935] {processor.py:654} INFO - DAG(s) dict_keys(['example_time_delta_sensor_async']) retrieved from /home/airflow/.local/lib/python3.7/site-packages/airflow/example_dags/example_time_delta_sensor_async.py
[2022-10-24 01:22:44,955] {logging_mixin.py:109} INFO - [2022-10-24 01:22:44,955] {dag.py:2398} INFO - Sync 1 DAGs
[2022-10-24 01:22:44,990] {logging_mixin.py:109} INFO - [2022-10-24 01:22:44,990] {dag.py:2937} INFO - Setting next_dagrun for example_time_delta_sensor_async to None
[2022-10-24 01:22:45,005] {processor.py:171} INFO - Processing /home/airflow/.local/lib/python3.7/site-packages/airflow/example_dags/example_time_delta_sensor_async.py took 0.244 seconds
[2022-10-24 01:23:15,288] {processor.py:163} INFO - Started process (PID=605) to work on /home/airflow/.local/lib/python3.7/site-packages/airflow/example_dags/example_time_delta_sensor_async.py
[2022-10-24 01:23:15,290] {processor.py:642} INFO - Processing file /home/airflow/.local/lib/python3.7/site-packages/airflow/example_dags/example_time_delta_sensor_async.py for tasks to queue
[2022-10-24 01:23:15,292] {logging_mixin.py:109} INFO - [2022-10-24 01:23:15,292] {dagbag.py:500} INFO - Filling up the DagBag from /home/airflow/.local/lib/python3.7/site-packages/airflow/example_dags/example_time_delta_sensor_async.py
[2022-10-24 01:23:15,341] {processor.py:654} INFO - DAG(s) dict_keys(['example_time_delta_sensor_async']) retrieved from /home/airflow/.local/lib/python3.7/site-packages/airflow/example_dags/example_time_delta_sensor_async.py
[2022-10-24 01:23:15,355] {logging_mixin.py:109} INFO - [2022-10-24 01:23:15,355] {dag.py:2398} INFO - Sync 1 DAGs
[2022-10-24 01:23:15,379] {logging_mixin.py:109} INFO - [2022-10-24 01:23:15,379] {dag.py:2937} INFO - Setting next_dagrun for example_time_delta_sensor_async to None
[2022-10-24 01:23:15,392] {processor.py:171} INFO - Processing /home/airflow/.local/lib/python3.7/site-packages/airflow/example_dags/example_time_delta_sensor_async.py took 0.109 seconds
[2022-10-24 01:23:46,812] {processor.py:163} INFO - Started process (PID=666) to work on /home/airflow/.local/lib/python3.7/site-packages/airflow/example_dags/example_time_delta_sensor_async.py
[2022-10-24 01:23:46,814] {processor.py:642} INFO - Processing file /home/airflow/.local/lib/python3.7/site-packages/airflow/example_dags/example_time_delta_sensor_async.py for tasks to queue
[2022-10-24 01:23:46,817] {logging_mixin.py:109} INFO - [2022-10-24 01:23:46,816] {dagbag.py:500} INFO - Filling up the DagBag from /home/airflow/.local/lib/python3.7/site-packages/airflow/example_dags/example_time_delta_sensor_async.py
[2022-10-24 01:23:46,876] {processor.py:654} INFO - DAG(s) dict_keys(['example_time_delta_sensor_async']) retrieved from /home/airflow/.local/lib/python3.7/site-packages/airflow/example_dags/example_time_delta_sensor_async.py
[2022-10-24 01:23:46,892] {logging_mixin.py:109} INFO - [2022-10-24 01:23:46,892] {dag.py:2398} INFO - Sync 1 DAGs
[2022-10-24 01:23:46,921] {logging_mixin.py:109} INFO - [2022-10-24 01:23:46,920] {dag.py:2937} INFO - Setting next_dagrun for example_time_delta_sensor_async to None
[2022-10-24 01:23:46,938] {processor.py:171} INFO - Processing /home/airflow/.local/lib/python3.7/site-packages/airflow/example_dags/example_time_delta_sensor_async.py took 0.143 seconds
[2022-10-24 01:24:17,175] {processor.py:163} INFO - Started process (PID=718) to work on /home/airflow/.local/lib/python3.7/site-packages/airflow/example_dags/example_time_delta_sensor_async.py
[2022-10-24 01:24:17,177] {processor.py:642} INFO - Processing file /home/airflow/.local/lib/python3.7/site-packages/airflow/example_dags/example_time_delta_sensor_async.py for tasks to queue
[2022-10-24 01:24:17,179] {logging_mixin.py:109} INFO - [2022-10-24 01:24:17,179] {dagbag.py:500} INFO - Filling up the DagBag from /home/airflow/.local/lib/python3.7/site-packages/airflow/example_dags/example_time_delta_sensor_async.py
[2022-10-24 01:24:17,220] {processor.py:654} INFO - DAG(s) dict_keys(['example_time_delta_sensor_async']) retrieved from /home/airflow/.local/lib/python3.7/site-packages/airflow/example_dags/example_time_delta_sensor_async.py
[2022-10-24 01:24:17,231] {logging_mixin.py:109} INFO - [2022-10-24 01:24:17,231] {dag.py:2398} INFO - Sync 1 DAGs
[2022-10-24 01:24:17,251] {logging_mixin.py:109} INFO - [2022-10-24 01:24:17,251] {dag.py:2937} INFO - Setting next_dagrun for example_time_delta_sensor_async to None
[2022-10-24 01:24:17,264] {processor.py:171} INFO - Processing /home/airflow/.local/lib/python3.7/site-packages/airflow/example_dags/example_time_delta_sensor_async.py took 0.093 seconds
[2022-10-24 01:24:49,419] {processor.py:163} INFO - Started process (PID=777) to work on /home/airflow/.local/lib/python3.7/site-packages/airflow/example_dags/example_time_delta_sensor_async.py
[2022-10-24 01:24:49,423] {processor.py:642} INFO - Processing file /home/airflow/.local/lib/python3.7/site-packages/airflow/example_dags/example_time_delta_sensor_async.py for tasks to queue
[2022-10-24 01:24:49,426] {logging_mixin.py:109} INFO - [2022-10-24 01:24:49,425] {dagbag.py:500} INFO - Filling up the DagBag from /home/airflow/.local/lib/python3.7/site-packages/airflow/example_dags/example_time_delta_sensor_async.py
[2022-10-24 01:24:49,507] {processor.py:654} INFO - DAG(s) dict_keys(['example_time_delta_sensor_async']) retrieved from /home/airflow/.local/lib/python3.7/site-packages/airflow/example_dags/example_time_delta_sensor_async.py
[2022-10-24 01:24:49,529] {logging_mixin.py:109} INFO - [2022-10-24 01:24:49,529] {dag.py:2398} INFO - Sync 1 DAGs
[2022-10-24 01:24:49,556] {logging_mixin.py:109} INFO - [2022-10-24 01:24:49,556] {dag.py:2937} INFO - Setting next_dagrun for example_time_delta_sensor_async to None
[2022-10-24 01:24:49,579] {processor.py:171} INFO - Processing /home/airflow/.local/lib/python3.7/site-packages/airflow/example_dags/example_time_delta_sensor_async.py took 0.173 seconds
[2022-10-24 01:25:20,247] {processor.py:163} INFO - Started process (PID=832) to work on /home/airflow/.local/lib/python3.7/site-packages/airflow/example_dags/example_time_delta_sensor_async.py
[2022-10-24 01:25:20,250] {processor.py:642} INFO - Processing file /home/airflow/.local/lib/python3.7/site-packages/airflow/example_dags/example_time_delta_sensor_async.py for tasks to queue
[2022-10-24 01:25:20,252] {logging_mixin.py:109} INFO - [2022-10-24 01:25:20,252] {dagbag.py:500} INFO - Filling up the DagBag from /home/airflow/.local/lib/python3.7/site-packages/airflow/example_dags/example_time_delta_sensor_async.py
[2022-10-24 01:25:20,295] {processor.py:654} INFO - DAG(s) dict_keys(['example_time_delta_sensor_async']) retrieved from /home/airflow/.local/lib/python3.7/site-packages/airflow/example_dags/example_time_delta_sensor_async.py
[2022-10-24 01:25:20,309] {logging_mixin.py:109} INFO - [2022-10-24 01:25:20,309] {dag.py:2398} INFO - Sync 1 DAGs
[2022-10-24 01:25:20,334] {logging_mixin.py:109} INFO - [2022-10-24 01:25:20,334] {dag.py:2937} INFO - Setting next_dagrun for example_time_delta_sensor_async to None
[2022-10-24 01:25:20,350] {processor.py:171} INFO - Processing /home/airflow/.local/lib/python3.7/site-packages/airflow/example_dags/example_time_delta_sensor_async.py took 0.109 seconds
[2022-10-24 01:25:51,733] {processor.py:163} INFO - Started process (PID=884) to work on /home/airflow/.local/lib/python3.7/site-packages/airflow/example_dags/example_time_delta_sensor_async.py
[2022-10-24 01:25:51,749] {processor.py:642} INFO - Processing file /home/airflow/.local/lib/python3.7/site-packages/airflow/example_dags/example_time_delta_sensor_async.py for tasks to queue
[2022-10-24 01:25:51,756] {logging_mixin.py:109} INFO - [2022-10-24 01:25:51,755] {dagbag.py:500} INFO - Filling up the DagBag from /home/airflow/.local/lib/python3.7/site-packages/airflow/example_dags/example_time_delta_sensor_async.py
[2022-10-24 01:25:51,885] {processor.py:654} INFO - DAG(s) dict_keys(['example_time_delta_sensor_async']) retrieved from /home/airflow/.local/lib/python3.7/site-packages/airflow/example_dags/example_time_delta_sensor_async.py
[2022-10-24 01:25:51,930] {logging_mixin.py:109} INFO - [2022-10-24 01:25:51,930] {dag.py:2398} INFO - Sync 1 DAGs
[2022-10-24 01:25:51,985] {logging_mixin.py:109} INFO - [2022-10-24 01:25:51,985] {dag.py:2937} INFO - Setting next_dagrun for example_time_delta_sensor_async to None
[2022-10-24 01:25:52,038] {processor.py:171} INFO - Processing /home/airflow/.local/lib/python3.7/site-packages/airflow/example_dags/example_time_delta_sensor_async.py took 0.323 seconds
[2022-10-24 01:26:22,439] {processor.py:163} INFO - Started process (PID=935) to work on /home/airflow/.local/lib/python3.7/site-packages/airflow/example_dags/example_time_delta_sensor_async.py
[2022-10-24 01:26:22,441] {processor.py:642} INFO - Processing file /home/airflow/.local/lib/python3.7/site-packages/airflow/example_dags/example_time_delta_sensor_async.py for tasks to queue
[2022-10-24 01:26:22,444] {logging_mixin.py:109} INFO - [2022-10-24 01:26:22,444] {dagbag.py:500} INFO - Filling up the DagBag from /home/airflow/.local/lib/python3.7/site-packages/airflow/example_dags/example_time_delta_sensor_async.py
[2022-10-24 01:26:22,497] {processor.py:654} INFO - DAG(s) dict_keys(['example_time_delta_sensor_async']) retrieved from /home/airflow/.local/lib/python3.7/site-packages/airflow/example_dags/example_time_delta_sensor_async.py
[2022-10-24 01:26:22,511] {logging_mixin.py:109} INFO - [2022-10-24 01:26:22,511] {dag.py:2398} INFO - Sync 1 DAGs
[2022-10-24 01:26:22,545] {logging_mixin.py:109} INFO - [2022-10-24 01:26:22,545] {dag.py:2937} INFO - Setting next_dagrun for example_time_delta_sensor_async to None
[2022-10-24 01:26:22,559] {processor.py:171} INFO - Processing /home/airflow/.local/lib/python3.7/site-packages/airflow/example_dags/example_time_delta_sensor_async.py took 0.124 seconds
[2022-10-24 01:26:53,329] {processor.py:163} INFO - Started process (PID=988) to work on /home/airflow/.local/lib/python3.7/site-packages/airflow/example_dags/example_time_delta_sensor_async.py
[2022-10-24 01:26:53,332] {processor.py:642} INFO - Processing file /home/airflow/.local/lib/python3.7/site-packages/airflow/example_dags/example_time_delta_sensor_async.py for tasks to queue
[2022-10-24 01:26:53,336] {logging_mixin.py:109} INFO - [2022-10-24 01:26:53,336] {dagbag.py:500} INFO - Filling up the DagBag from /home/airflow/.local/lib/python3.7/site-packages/airflow/example_dags/example_time_delta_sensor_async.py
[2022-10-24 01:26:53,392] {processor.py:654} INFO - DAG(s) dict_keys(['example_time_delta_sensor_async']) retrieved from /home/airflow/.local/lib/python3.7/site-packages/airflow/example_dags/example_time_delta_sensor_async.py
[2022-10-24 01:26:53,413] {logging_mixin.py:109} INFO - [2022-10-24 01:26:53,413] {dag.py:2398} INFO - Sync 1 DAGs
[2022-10-24 01:26:53,441] {logging_mixin.py:109} INFO - [2022-10-24 01:26:53,441] {dag.py:2937} INFO - Setting next_dagrun for example_time_delta_sensor_async to None
[2022-10-24 01:26:53,458] {processor.py:171} INFO - Processing /home/airflow/.local/lib/python3.7/site-packages/airflow/example_dags/example_time_delta_sensor_async.py took 0.134 seconds
[2022-10-24 01:27:24,392] {processor.py:163} INFO - Started process (PID=1042) to work on /home/airflow/.local/lib/python3.7/site-packages/airflow/example_dags/example_time_delta_sensor_async.py
[2022-10-24 01:27:24,421] {processor.py:642} INFO - Processing file /home/airflow/.local/lib/python3.7/site-packages/airflow/example_dags/example_time_delta_sensor_async.py for tasks to queue
[2022-10-24 01:27:24,464] {logging_mixin.py:109} INFO - [2022-10-24 01:27:24,464] {dagbag.py:500} INFO - Filling up the DagBag from /home/airflow/.local/lib/python3.7/site-packages/airflow/example_dags/example_time_delta_sensor_async.py
[2022-10-24 01:27:24,575] {processor.py:654} INFO - DAG(s) dict_keys(['example_time_delta_sensor_async']) retrieved from /home/airflow/.local/lib/python3.7/site-packages/airflow/example_dags/example_time_delta_sensor_async.py
[2022-10-24 01:27:24,655] {logging_mixin.py:109} INFO - [2022-10-24 01:27:24,655] {dag.py:2398} INFO - Sync 1 DAGs
[2022-10-24 01:27:24,848] {logging_mixin.py:109} INFO - [2022-10-24 01:27:24,848] {dag.py:2937} INFO - Setting next_dagrun for example_time_delta_sensor_async to None
[2022-10-24 01:27:24,901] {processor.py:171} INFO - Processing /home/airflow/.local/lib/python3.7/site-packages/airflow/example_dags/example_time_delta_sensor_async.py took 0.517 seconds
[2022-10-24 01:27:55,434] {processor.py:163} INFO - Started process (PID=1093) to work on /home/airflow/.local/lib/python3.7/site-packages/airflow/example_dags/example_time_delta_sensor_async.py
[2022-10-24 01:27:55,437] {processor.py:642} INFO - Processing file /home/airflow/.local/lib/python3.7/site-packages/airflow/example_dags/example_time_delta_sensor_async.py for tasks to queue
[2022-10-24 01:27:55,439] {logging_mixin.py:109} INFO - [2022-10-24 01:27:55,439] {dagbag.py:500} INFO - Filling up the DagBag from /home/airflow/.local/lib/python3.7/site-packages/airflow/example_dags/example_time_delta_sensor_async.py
[2022-10-24 01:27:55,480] {processor.py:654} INFO - DAG(s) dict_keys(['example_time_delta_sensor_async']) retrieved from /home/airflow/.local/lib/python3.7/site-packages/airflow/example_dags/example_time_delta_sensor_async.py
[2022-10-24 01:27:55,492] {logging_mixin.py:109} INFO - [2022-10-24 01:27:55,492] {dag.py:2398} INFO - Sync 1 DAGs
[2022-10-24 01:27:55,514] {logging_mixin.py:109} INFO - [2022-10-24 01:27:55,514] {dag.py:2937} INFO - Setting next_dagrun for example_time_delta_sensor_async to None
[2022-10-24 01:27:55,530] {processor.py:171} INFO - Processing /home/airflow/.local/lib/python3.7/site-packages/airflow/example_dags/example_time_delta_sensor_async.py took 0.102 seconds
[2022-10-24 01:28:25,658] {processor.py:163} INFO - Started process (PID=1144) to work on /home/airflow/.local/lib/python3.7/site-packages/airflow/example_dags/example_time_delta_sensor_async.py
[2022-10-24 01:28:25,660] {processor.py:642} INFO - Processing file /home/airflow/.local/lib/python3.7/site-packages/airflow/example_dags/example_time_delta_sensor_async.py for tasks to queue
[2022-10-24 01:28:25,662] {logging_mixin.py:109} INFO - [2022-10-24 01:28:25,662] {dagbag.py:500} INFO - Filling up the DagBag from /home/airflow/.local/lib/python3.7/site-packages/airflow/example_dags/example_time_delta_sensor_async.py
[2022-10-24 01:28:25,705] {processor.py:654} INFO - DAG(s) dict_keys(['example_time_delta_sensor_async']) retrieved from /home/airflow/.local/lib/python3.7/site-packages/airflow/example_dags/example_time_delta_sensor_async.py
[2022-10-24 01:28:25,720] {logging_mixin.py:109} INFO - [2022-10-24 01:28:25,719] {dag.py:2398} INFO - Sync 1 DAGs
[2022-10-24 01:28:25,738] {logging_mixin.py:109} INFO - [2022-10-24 01:28:25,737] {dag.py:2937} INFO - Setting next_dagrun for example_time_delta_sensor_async to None
[2022-10-24 01:28:25,752] {processor.py:171} INFO - Processing /home/airflow/.local/lib/python3.7/site-packages/airflow/example_dags/example_time_delta_sensor_async.py took 0.098 seconds
[2022-10-24 01:28:56,326] {processor.py:163} INFO - Started process (PID=1203) to work on /home/airflow/.local/lib/python3.7/site-packages/airflow/example_dags/example_time_delta_sensor_async.py
[2022-10-24 01:28:56,330] {processor.py:642} INFO - Processing file /home/airflow/.local/lib/python3.7/site-packages/airflow/example_dags/example_time_delta_sensor_async.py for tasks to queue
[2022-10-24 01:28:56,333] {logging_mixin.py:109} INFO - [2022-10-24 01:28:56,332] {dagbag.py:500} INFO - Filling up the DagBag from /home/airflow/.local/lib/python3.7/site-packages/airflow/example_dags/example_time_delta_sensor_async.py
[2022-10-24 01:28:56,405] {processor.py:654} INFO - DAG(s) dict_keys(['example_time_delta_sensor_async']) retrieved from /home/airflow/.local/lib/python3.7/site-packages/airflow/example_dags/example_time_delta_sensor_async.py
[2022-10-24 01:28:56,427] {logging_mixin.py:109} INFO - [2022-10-24 01:28:56,427] {dag.py:2398} INFO - Sync 1 DAGs
[2022-10-24 01:28:56,472] {logging_mixin.py:109} INFO - [2022-10-24 01:28:56,472] {dag.py:2937} INFO - Setting next_dagrun for example_time_delta_sensor_async to None
[2022-10-24 01:28:56,494] {processor.py:171} INFO - Processing /home/airflow/.local/lib/python3.7/site-packages/airflow/example_dags/example_time_delta_sensor_async.py took 0.176 seconds
[2022-10-24 01:29:26,846] {processor.py:163} INFO - Started process (PID=1256) to work on /home/airflow/.local/lib/python3.7/site-packages/airflow/example_dags/example_time_delta_sensor_async.py
[2022-10-24 01:29:26,849] {processor.py:642} INFO - Processing file /home/airflow/.local/lib/python3.7/site-packages/airflow/example_dags/example_time_delta_sensor_async.py for tasks to queue
[2022-10-24 01:29:26,852] {logging_mixin.py:109} INFO - [2022-10-24 01:29:26,852] {dagbag.py:500} INFO - Filling up the DagBag from /home/airflow/.local/lib/python3.7/site-packages/airflow/example_dags/example_time_delta_sensor_async.py
[2022-10-24 01:29:26,941] {processor.py:654} INFO - DAG(s) dict_keys(['example_time_delta_sensor_async']) retrieved from /home/airflow/.local/lib/python3.7/site-packages/airflow/example_dags/example_time_delta_sensor_async.py
[2022-10-24 01:29:26,971] {logging_mixin.py:109} INFO - [2022-10-24 01:29:26,971] {dag.py:2398} INFO - Sync 1 DAGs
[2022-10-24 01:29:27,021] {logging_mixin.py:109} INFO - [2022-10-24 01:29:27,021] {dag.py:2937} INFO - Setting next_dagrun for example_time_delta_sensor_async to None
[2022-10-24 01:29:27,040] {processor.py:171} INFO - Processing /home/airflow/.local/lib/python3.7/site-packages/airflow/example_dags/example_time_delta_sensor_async.py took 0.198 seconds
[2022-10-24 01:29:58,204] {processor.py:163} INFO - Started process (PID=1311) to work on /home/airflow/.local/lib/python3.7/site-packages/airflow/example_dags/example_time_delta_sensor_async.py
[2022-10-24 01:29:58,206] {processor.py:642} INFO - Processing file /home/airflow/.local/lib/python3.7/site-packages/airflow/example_dags/example_time_delta_sensor_async.py for tasks to queue
[2022-10-24 01:29:58,208] {logging_mixin.py:109} INFO - [2022-10-24 01:29:58,208] {dagbag.py:500} INFO - Filling up the DagBag from /home/airflow/.local/lib/python3.7/site-packages/airflow/example_dags/example_time_delta_sensor_async.py
[2022-10-24 01:29:58,254] {processor.py:654} INFO - DAG(s) dict_keys(['example_time_delta_sensor_async']) retrieved from /home/airflow/.local/lib/python3.7/site-packages/airflow/example_dags/example_time_delta_sensor_async.py
[2022-10-24 01:29:58,267] {logging_mixin.py:109} INFO - [2022-10-24 01:29:58,267] {dag.py:2398} INFO - Sync 1 DAGs
[2022-10-24 01:29:58,295] {logging_mixin.py:109} INFO - [2022-10-24 01:29:58,294] {dag.py:2937} INFO - Setting next_dagrun for example_time_delta_sensor_async to None
[2022-10-24 01:29:58,313] {processor.py:171} INFO - Processing /home/airflow/.local/lib/python3.7/site-packages/airflow/example_dags/example_time_delta_sensor_async.py took 0.114 seconds
[2022-10-24 01:30:28,616] {processor.py:163} INFO - Started process (PID=1364) to work on /home/airflow/.local/lib/python3.7/site-packages/airflow/example_dags/example_time_delta_sensor_async.py
[2022-10-24 01:30:28,619] {processor.py:642} INFO - Processing file /home/airflow/.local/lib/python3.7/site-packages/airflow/example_dags/example_time_delta_sensor_async.py for tasks to queue
[2022-10-24 01:30:28,621] {logging_mixin.py:109} INFO - [2022-10-24 01:30:28,621] {dagbag.py:500} INFO - Filling up the DagBag from /home/airflow/.local/lib/python3.7/site-packages/airflow/example_dags/example_time_delta_sensor_async.py
[2022-10-24 01:30:28,662] {processor.py:654} INFO - DAG(s) dict_keys(['example_time_delta_sensor_async']) retrieved from /home/airflow/.local/lib/python3.7/site-packages/airflow/example_dags/example_time_delta_sensor_async.py
[2022-10-24 01:30:28,678] {logging_mixin.py:109} INFO - [2022-10-24 01:30:28,678] {dag.py:2398} INFO - Sync 1 DAGs
[2022-10-24 01:30:28,698] {logging_mixin.py:109} INFO - [2022-10-24 01:30:28,698] {dag.py:2937} INFO - Setting next_dagrun for example_time_delta_sensor_async to None
[2022-10-24 01:30:28,712] {processor.py:171} INFO - Processing /home/airflow/.local/lib/python3.7/site-packages/airflow/example_dags/example_time_delta_sensor_async.py took 0.100 seconds
[2022-10-24 01:30:59,174] {processor.py:163} INFO - Started process (PID=1425) to work on /home/airflow/.local/lib/python3.7/site-packages/airflow/example_dags/example_time_delta_sensor_async.py
[2022-10-24 01:30:59,180] {processor.py:642} INFO - Processing file /home/airflow/.local/lib/python3.7/site-packages/airflow/example_dags/example_time_delta_sensor_async.py for tasks to queue
[2022-10-24 01:30:59,182] {logging_mixin.py:109} INFO - [2022-10-24 01:30:59,182] {dagbag.py:500} INFO - Filling up the DagBag from /home/airflow/.local/lib/python3.7/site-packages/airflow/example_dags/example_time_delta_sensor_async.py
[2022-10-24 01:30:59,239] {processor.py:654} INFO - DAG(s) dict_keys(['example_time_delta_sensor_async']) retrieved from /home/airflow/.local/lib/python3.7/site-packages/airflow/example_dags/example_time_delta_sensor_async.py
[2022-10-24 01:30:59,260] {logging_mixin.py:109} INFO - [2022-10-24 01:30:59,260] {dag.py:2398} INFO - Sync 1 DAGs
[2022-10-24 01:30:59,282] {logging_mixin.py:109} INFO - [2022-10-24 01:30:59,282] {dag.py:2937} INFO - Setting next_dagrun for example_time_delta_sensor_async to None
[2022-10-24 01:30:59,298] {processor.py:171} INFO - Processing /home/airflow/.local/lib/python3.7/site-packages/airflow/example_dags/example_time_delta_sensor_async.py took 0.132 seconds
[2022-10-24 01:31:30,139] {processor.py:163} INFO - Started process (PID=1476) to work on /home/airflow/.local/lib/python3.7/site-packages/airflow/example_dags/example_time_delta_sensor_async.py
[2022-10-24 01:31:30,142] {processor.py:642} INFO - Processing file /home/airflow/.local/lib/python3.7/site-packages/airflow/example_dags/example_time_delta_sensor_async.py for tasks to queue
[2022-10-24 01:31:30,145] {logging_mixin.py:109} INFO - [2022-10-24 01:31:30,144] {dagbag.py:500} INFO - Filling up the DagBag from /home/airflow/.local/lib/python3.7/site-packages/airflow/example_dags/example_time_delta_sensor_async.py
[2022-10-24 01:31:30,211] {processor.py:654} INFO - DAG(s) dict_keys(['example_time_delta_sensor_async']) retrieved from /home/airflow/.local/lib/python3.7/site-packages/airflow/example_dags/example_time_delta_sensor_async.py
[2022-10-24 01:31:30,232] {logging_mixin.py:109} INFO - [2022-10-24 01:31:30,231] {dag.py:2398} INFO - Sync 1 DAGs
[2022-10-24 01:31:30,269] {logging_mixin.py:109} INFO - [2022-10-24 01:31:30,269] {dag.py:2937} INFO - Setting next_dagrun for example_time_delta_sensor_async to None
[2022-10-24 01:31:30,293] {processor.py:171} INFO - Processing /home/airflow/.local/lib/python3.7/site-packages/airflow/example_dags/example_time_delta_sensor_async.py took 0.160 seconds
[2022-10-24 01:32:00,594] {processor.py:163} INFO - Started process (PID=1529) to work on /home/airflow/.local/lib/python3.7/site-packages/airflow/example_dags/example_time_delta_sensor_async.py
[2022-10-24 01:32:00,598] {processor.py:642} INFO - Processing file /home/airflow/.local/lib/python3.7/site-packages/airflow/example_dags/example_time_delta_sensor_async.py for tasks to queue
[2022-10-24 01:32:00,600] {logging_mixin.py:109} INFO - [2022-10-24 01:32:00,600] {dagbag.py:500} INFO - Filling up the DagBag from /home/airflow/.local/lib/python3.7/site-packages/airflow/example_dags/example_time_delta_sensor_async.py
[2022-10-24 01:32:00,636] {processor.py:654} INFO - DAG(s) dict_keys(['example_time_delta_sensor_async']) retrieved from /home/airflow/.local/lib/python3.7/site-packages/airflow/example_dags/example_time_delta_sensor_async.py
[2022-10-24 01:32:00,648] {logging_mixin.py:109} INFO - [2022-10-24 01:32:00,648] {dag.py:2398} INFO - Sync 1 DAGs
[2022-10-24 01:32:00,669] {logging_mixin.py:109} INFO - [2022-10-24 01:32:00,669] {dag.py:2937} INFO - Setting next_dagrun for example_time_delta_sensor_async to None
[2022-10-24 01:32:00,682] {processor.py:171} INFO - Processing /home/airflow/.local/lib/python3.7/site-packages/airflow/example_dags/example_time_delta_sensor_async.py took 0.094 seconds
[2022-10-24 01:32:31,092] {processor.py:163} INFO - Started process (PID=1592) to work on /home/airflow/.local/lib/python3.7/site-packages/airflow/example_dags/example_time_delta_sensor_async.py
[2022-10-24 01:32:31,095] {processor.py:642} INFO - Processing file /home/airflow/.local/lib/python3.7/site-packages/airflow/example_dags/example_time_delta_sensor_async.py for tasks to queue
[2022-10-24 01:32:31,097] {logging_mixin.py:109} INFO - [2022-10-24 01:32:31,097] {dagbag.py:500} INFO - Filling up the DagBag from /home/airflow/.local/lib/python3.7/site-packages/airflow/example_dags/example_time_delta_sensor_async.py
[2022-10-24 01:32:31,186] {processor.py:654} INFO - DAG(s) dict_keys(['example_time_delta_sensor_async']) retrieved from /home/airflow/.local/lib/python3.7/site-packages/airflow/example_dags/example_time_delta_sensor_async.py
[2022-10-24 01:32:31,209] {logging_mixin.py:109} INFO - [2022-10-24 01:32:31,208] {dag.py:2398} INFO - Sync 1 DAGs
[2022-10-24 01:32:31,250] {logging_mixin.py:109} INFO - [2022-10-24 01:32:31,250] {dag.py:2937} INFO - Setting next_dagrun for example_time_delta_sensor_async to None
[2022-10-24 01:32:31,273] {processor.py:171} INFO - Processing /home/airflow/.local/lib/python3.7/site-packages/airflow/example_dags/example_time_delta_sensor_async.py took 0.185 seconds
[2022-10-24 01:33:01,326] {processor.py:163} INFO - Started process (PID=1644) to work on /home/airflow/.local/lib/python3.7/site-packages/airflow/example_dags/example_time_delta_sensor_async.py
[2022-10-24 01:33:01,328] {processor.py:642} INFO - Processing file /home/airflow/.local/lib/python3.7/site-packages/airflow/example_dags/example_time_delta_sensor_async.py for tasks to queue
[2022-10-24 01:33:01,329] {logging_mixin.py:109} INFO - [2022-10-24 01:33:01,329] {dagbag.py:500} INFO - Filling up the DagBag from /home/airflow/.local/lib/python3.7/site-packages/airflow/example_dags/example_time_delta_sensor_async.py
[2022-10-24 01:33:01,360] {processor.py:654} INFO - DAG(s) dict_keys(['example_time_delta_sensor_async']) retrieved from /home/airflow/.local/lib/python3.7/site-packages/airflow/example_dags/example_time_delta_sensor_async.py
[2022-10-24 01:33:01,369] {logging_mixin.py:109} INFO - [2022-10-24 01:33:01,369] {dag.py:2398} INFO - Sync 1 DAGs
[2022-10-24 01:33:01,384] {logging_mixin.py:109} INFO - [2022-10-24 01:33:01,384] {dag.py:2937} INFO - Setting next_dagrun for example_time_delta_sensor_async to None
[2022-10-24 01:33:01,394] {processor.py:171} INFO - Processing /home/airflow/.local/lib/python3.7/site-packages/airflow/example_dags/example_time_delta_sensor_async.py took 0.072 seconds
[2022-10-24 01:33:32,158] {processor.py:163} INFO - Started process (PID=1696) to work on /home/airflow/.local/lib/python3.7/site-packages/airflow/example_dags/example_time_delta_sensor_async.py
[2022-10-24 01:33:32,160] {processor.py:642} INFO - Processing file /home/airflow/.local/lib/python3.7/site-packages/airflow/example_dags/example_time_delta_sensor_async.py for tasks to queue
[2022-10-24 01:33:32,161] {logging_mixin.py:109} INFO - [2022-10-24 01:33:32,161] {dagbag.py:500} INFO - Filling up the DagBag from /home/airflow/.local/lib/python3.7/site-packages/airflow/example_dags/example_time_delta_sensor_async.py
[2022-10-24 01:33:32,193] {processor.py:654} INFO - DAG(s) dict_keys(['example_time_delta_sensor_async']) retrieved from /home/airflow/.local/lib/python3.7/site-packages/airflow/example_dags/example_time_delta_sensor_async.py
[2022-10-24 01:33:32,204] {logging_mixin.py:109} INFO - [2022-10-24 01:33:32,204] {dag.py:2398} INFO - Sync 1 DAGs
[2022-10-24 01:33:32,221] {logging_mixin.py:109} INFO - [2022-10-24 01:33:32,221] {dag.py:2937} INFO - Setting next_dagrun for example_time_delta_sensor_async to None
[2022-10-24 01:33:32,234] {processor.py:171} INFO - Processing /home/airflow/.local/lib/python3.7/site-packages/airflow/example_dags/example_time_delta_sensor_async.py took 0.079 seconds
[2022-10-24 01:34:02,944] {processor.py:163} INFO - Started process (PID=1756) to work on /home/airflow/.local/lib/python3.7/site-packages/airflow/example_dags/example_time_delta_sensor_async.py
[2022-10-24 01:34:02,946] {processor.py:642} INFO - Processing file /home/airflow/.local/lib/python3.7/site-packages/airflow/example_dags/example_time_delta_sensor_async.py for tasks to queue
[2022-10-24 01:34:02,948] {logging_mixin.py:109} INFO - [2022-10-24 01:34:02,948] {dagbag.py:500} INFO - Filling up the DagBag from /home/airflow/.local/lib/python3.7/site-packages/airflow/example_dags/example_time_delta_sensor_async.py
[2022-10-24 01:34:02,978] {processor.py:654} INFO - DAG(s) dict_keys(['example_time_delta_sensor_async']) retrieved from /home/airflow/.local/lib/python3.7/site-packages/airflow/example_dags/example_time_delta_sensor_async.py
[2022-10-24 01:34:02,988] {logging_mixin.py:109} INFO - [2022-10-24 01:34:02,988] {dag.py:2398} INFO - Sync 1 DAGs
[2022-10-24 01:34:03,003] {logging_mixin.py:109} INFO - [2022-10-24 01:34:03,003] {dag.py:2937} INFO - Setting next_dagrun for example_time_delta_sensor_async to None
[2022-10-24 01:34:03,014] {processor.py:171} INFO - Processing /home/airflow/.local/lib/python3.7/site-packages/airflow/example_dags/example_time_delta_sensor_async.py took 0.074 seconds
[2022-10-24 01:34:33,899] {processor.py:163} INFO - Started process (PID=1807) to work on /home/airflow/.local/lib/python3.7/site-packages/airflow/example_dags/example_time_delta_sensor_async.py
[2022-10-24 01:34:33,901] {processor.py:642} INFO - Processing file /home/airflow/.local/lib/python3.7/site-packages/airflow/example_dags/example_time_delta_sensor_async.py for tasks to queue
[2022-10-24 01:34:33,902] {logging_mixin.py:109} INFO - [2022-10-24 01:34:33,902] {dagbag.py:500} INFO - Filling up the DagBag from /home/airflow/.local/lib/python3.7/site-packages/airflow/example_dags/example_time_delta_sensor_async.py
[2022-10-24 01:34:33,930] {processor.py:654} INFO - DAG(s) dict_keys(['example_time_delta_sensor_async']) retrieved from /home/airflow/.local/lib/python3.7/site-packages/airflow/example_dags/example_time_delta_sensor_async.py
[2022-10-24 01:34:33,942] {logging_mixin.py:109} INFO - [2022-10-24 01:34:33,942] {dag.py:2398} INFO - Sync 1 DAGs
[2022-10-24 01:34:33,962] {logging_mixin.py:109} INFO - [2022-10-24 01:34:33,962] {dag.py:2937} INFO - Setting next_dagrun for example_time_delta_sensor_async to None
[2022-10-24 01:34:33,976] {processor.py:171} INFO - Processing /home/airflow/.local/lib/python3.7/site-packages/airflow/example_dags/example_time_delta_sensor_async.py took 0.080 seconds
[2022-10-24 01:35:04,818] {processor.py:163} INFO - Started process (PID=1868) to work on /home/airflow/.local/lib/python3.7/site-packages/airflow/example_dags/example_time_delta_sensor_async.py
[2022-10-24 01:35:04,822] {processor.py:642} INFO - Processing file /home/airflow/.local/lib/python3.7/site-packages/airflow/example_dags/example_time_delta_sensor_async.py for tasks to queue
[2022-10-24 01:35:04,824] {logging_mixin.py:109} INFO - [2022-10-24 01:35:04,824] {dagbag.py:500} INFO - Filling up the DagBag from /home/airflow/.local/lib/python3.7/site-packages/airflow/example_dags/example_time_delta_sensor_async.py
[2022-10-24 01:35:04,883] {processor.py:654} INFO - DAG(s) dict_keys(['example_time_delta_sensor_async']) retrieved from /home/airflow/.local/lib/python3.7/site-packages/airflow/example_dags/example_time_delta_sensor_async.py
[2022-10-24 01:35:04,902] {logging_mixin.py:109} INFO - [2022-10-24 01:35:04,902] {dag.py:2398} INFO - Sync 1 DAGs
[2022-10-24 01:35:04,963] {logging_mixin.py:109} INFO - [2022-10-24 01:35:04,962] {dag.py:2937} INFO - Setting next_dagrun for example_time_delta_sensor_async to None
[2022-10-24 01:35:05,001] {processor.py:171} INFO - Processing /home/airflow/.local/lib/python3.7/site-packages/airflow/example_dags/example_time_delta_sensor_async.py took 0.190 seconds
[2022-10-24 01:35:35,150] {processor.py:163} INFO - Started process (PID=1919) to work on /home/airflow/.local/lib/python3.7/site-packages/airflow/example_dags/example_time_delta_sensor_async.py
[2022-10-24 01:35:35,155] {processor.py:642} INFO - Processing file /home/airflow/.local/lib/python3.7/site-packages/airflow/example_dags/example_time_delta_sensor_async.py for tasks to queue
[2022-10-24 01:35:35,159] {logging_mixin.py:109} INFO - [2022-10-24 01:35:35,158] {dagbag.py:500} INFO - Filling up the DagBag from /home/airflow/.local/lib/python3.7/site-packages/airflow/example_dags/example_time_delta_sensor_async.py
[2022-10-24 01:35:35,212] {processor.py:654} INFO - DAG(s) dict_keys(['example_time_delta_sensor_async']) retrieved from /home/airflow/.local/lib/python3.7/site-packages/airflow/example_dags/example_time_delta_sensor_async.py
[2022-10-24 01:35:35,230] {logging_mixin.py:109} INFO - [2022-10-24 01:35:35,230] {dag.py:2398} INFO - Sync 1 DAGs
[2022-10-24 01:35:35,264] {logging_mixin.py:109} INFO - [2022-10-24 01:35:35,264] {dag.py:2937} INFO - Setting next_dagrun for example_time_delta_sensor_async to None
[2022-10-24 01:35:35,281] {processor.py:171} INFO - Processing /home/airflow/.local/lib/python3.7/site-packages/airflow/example_dags/example_time_delta_sensor_async.py took 0.137 seconds
