[2022-10-24 01:18:09,460] {processor.py:163} INFO - Started process (PID=75) to work on /home/airflow/.local/lib/python3.7/site-packages/airflow/example_dags/example_branch_python_dop_operator_3.py
[2022-10-24 01:18:09,467] {processor.py:642} INFO - Processing file /home/airflow/.local/lib/python3.7/site-packages/airflow/example_dags/example_branch_python_dop_operator_3.py for tasks to queue
[2022-10-24 01:18:09,469] {logging_mixin.py:109} INFO - [2022-10-24 01:18:09,469] {dagbag.py:500} INFO - Filling up the DagBag from /home/airflow/.local/lib/python3.7/site-packages/airflow/example_dags/example_branch_python_dop_operator_3.py
[2022-10-24 01:18:09,620] {processor.py:654} INFO - DAG(s) dict_keys(['example_branch_dop_operator_v3']) retrieved from /home/airflow/.local/lib/python3.7/site-packages/airflow/example_dags/example_branch_python_dop_operator_3.py
[2022-10-24 01:18:09,660] {logging_mixin.py:109} INFO - [2022-10-24 01:18:09,658] {dag.py:2398} INFO - Sync 1 DAGs
[2022-10-24 01:18:09,762] {logging_mixin.py:109} INFO - [2022-10-24 01:18:09,762] {dag.py:2937} INFO - Setting next_dagrun for example_branch_dop_operator_v3 to 2022-10-24T01:17:00+00:00
[2022-10-24 01:18:09,796] {processor.py:171} INFO - Processing /home/airflow/.local/lib/python3.7/site-packages/airflow/example_dags/example_branch_python_dop_operator_3.py took 0.347 seconds
[2022-10-24 01:18:42,139] {processor.py:163} INFO - Started process (PID=120) to work on /home/airflow/.local/lib/python3.7/site-packages/airflow/example_dags/example_branch_python_dop_operator_3.py
[2022-10-24 01:18:42,145] {processor.py:642} INFO - Processing file /home/airflow/.local/lib/python3.7/site-packages/airflow/example_dags/example_branch_python_dop_operator_3.py for tasks to queue
[2022-10-24 01:18:42,164] {logging_mixin.py:109} INFO - [2022-10-24 01:18:42,163] {dagbag.py:500} INFO - Filling up the DagBag from /home/airflow/.local/lib/python3.7/site-packages/airflow/example_dags/example_branch_python_dop_operator_3.py
[2022-10-24 01:18:42,258] {processor.py:654} INFO - DAG(s) dict_keys(['example_branch_dop_operator_v3']) retrieved from /home/airflow/.local/lib/python3.7/site-packages/airflow/example_dags/example_branch_python_dop_operator_3.py
[2022-10-24 01:18:42,355] {logging_mixin.py:109} INFO - [2022-10-24 01:18:42,355] {dag.py:2398} INFO - Sync 1 DAGs
[2022-10-24 01:18:42,414] {logging_mixin.py:109} INFO - [2022-10-24 01:18:42,413] {dag.py:2937} INFO - Setting next_dagrun for example_branch_dop_operator_v3 to 2022-10-24T01:17:00+00:00
[2022-10-24 01:18:42,443] {processor.py:171} INFO - Processing /home/airflow/.local/lib/python3.7/site-packages/airflow/example_dags/example_branch_python_dop_operator_3.py took 0.313 seconds
[2022-10-24 01:19:12,769] {processor.py:163} INFO - Started process (PID=181) to work on /home/airflow/.local/lib/python3.7/site-packages/airflow/example_dags/example_branch_python_dop_operator_3.py
[2022-10-24 01:19:12,771] {processor.py:642} INFO - Processing file /home/airflow/.local/lib/python3.7/site-packages/airflow/example_dags/example_branch_python_dop_operator_3.py for tasks to queue
[2022-10-24 01:19:12,774] {logging_mixin.py:109} INFO - [2022-10-24 01:19:12,774] {dagbag.py:500} INFO - Filling up the DagBag from /home/airflow/.local/lib/python3.7/site-packages/airflow/example_dags/example_branch_python_dop_operator_3.py
[2022-10-24 01:19:12,831] {processor.py:654} INFO - DAG(s) dict_keys(['example_branch_dop_operator_v3']) retrieved from /home/airflow/.local/lib/python3.7/site-packages/airflow/example_dags/example_branch_python_dop_operator_3.py
[2022-10-24 01:19:12,847] {logging_mixin.py:109} INFO - [2022-10-24 01:19:12,846] {dag.py:2398} INFO - Sync 1 DAGs
[2022-10-24 01:19:12,875] {logging_mixin.py:109} INFO - [2022-10-24 01:19:12,874] {dag.py:2937} INFO - Setting next_dagrun for example_branch_dop_operator_v3 to 2022-10-24T01:18:00+00:00
[2022-10-24 01:19:12,892] {processor.py:171} INFO - Processing /home/airflow/.local/lib/python3.7/site-packages/airflow/example_dags/example_branch_python_dop_operator_3.py took 0.129 seconds
[2022-10-24 01:19:43,914] {processor.py:163} INFO - Started process (PID=233) to work on /home/airflow/.local/lib/python3.7/site-packages/airflow/example_dags/example_branch_python_dop_operator_3.py
[2022-10-24 01:19:43,919] {processor.py:642} INFO - Processing file /home/airflow/.local/lib/python3.7/site-packages/airflow/example_dags/example_branch_python_dop_operator_3.py for tasks to queue
[2022-10-24 01:19:43,921] {logging_mixin.py:109} INFO - [2022-10-24 01:19:43,920] {dagbag.py:500} INFO - Filling up the DagBag from /home/airflow/.local/lib/python3.7/site-packages/airflow/example_dags/example_branch_python_dop_operator_3.py
[2022-10-24 01:19:43,963] {processor.py:654} INFO - DAG(s) dict_keys(['example_branch_dop_operator_v3']) retrieved from /home/airflow/.local/lib/python3.7/site-packages/airflow/example_dags/example_branch_python_dop_operator_3.py
[2022-10-24 01:19:43,979] {logging_mixin.py:109} INFO - [2022-10-24 01:19:43,979] {dag.py:2398} INFO - Sync 1 DAGs
[2022-10-24 01:19:44,004] {logging_mixin.py:109} INFO - [2022-10-24 01:19:44,004] {dag.py:2937} INFO - Setting next_dagrun for example_branch_dop_operator_v3 to 2022-10-24T01:18:00+00:00
[2022-10-24 01:19:44,018] {processor.py:171} INFO - Processing /home/airflow/.local/lib/python3.7/site-packages/airflow/example_dags/example_branch_python_dop_operator_3.py took 0.107 seconds
[2022-10-24 01:20:14,481] {processor.py:163} INFO - Started process (PID=285) to work on /home/airflow/.local/lib/python3.7/site-packages/airflow/example_dags/example_branch_python_dop_operator_3.py
[2022-10-24 01:20:14,484] {processor.py:642} INFO - Processing file /home/airflow/.local/lib/python3.7/site-packages/airflow/example_dags/example_branch_python_dop_operator_3.py for tasks to queue
[2022-10-24 01:20:14,486] {logging_mixin.py:109} INFO - [2022-10-24 01:20:14,486] {dagbag.py:500} INFO - Filling up the DagBag from /home/airflow/.local/lib/python3.7/site-packages/airflow/example_dags/example_branch_python_dop_operator_3.py
[2022-10-24 01:20:14,545] {processor.py:654} INFO - DAG(s) dict_keys(['example_branch_dop_operator_v3']) retrieved from /home/airflow/.local/lib/python3.7/site-packages/airflow/example_dags/example_branch_python_dop_operator_3.py
[2022-10-24 01:20:14,571] {logging_mixin.py:109} INFO - [2022-10-24 01:20:14,570] {dag.py:2398} INFO - Sync 1 DAGs
[2022-10-24 01:20:14,623] {logging_mixin.py:109} INFO - [2022-10-24 01:20:14,623] {dag.py:2937} INFO - Setting next_dagrun for example_branch_dop_operator_v3 to 2022-10-24T01:19:00+00:00
[2022-10-24 01:20:14,638] {processor.py:171} INFO - Processing /home/airflow/.local/lib/python3.7/site-packages/airflow/example_dags/example_branch_python_dop_operator_3.py took 0.161 seconds
[2022-10-24 01:20:45,754] {processor.py:163} INFO - Started process (PID=346) to work on /home/airflow/.local/lib/python3.7/site-packages/airflow/example_dags/example_branch_python_dop_operator_3.py
[2022-10-24 01:20:45,757] {processor.py:642} INFO - Processing file /home/airflow/.local/lib/python3.7/site-packages/airflow/example_dags/example_branch_python_dop_operator_3.py for tasks to queue
[2022-10-24 01:20:45,760] {logging_mixin.py:109} INFO - [2022-10-24 01:20:45,760] {dagbag.py:500} INFO - Filling up the DagBag from /home/airflow/.local/lib/python3.7/site-packages/airflow/example_dags/example_branch_python_dop_operator_3.py
[2022-10-24 01:20:45,803] {processor.py:654} INFO - DAG(s) dict_keys(['example_branch_dop_operator_v3']) retrieved from /home/airflow/.local/lib/python3.7/site-packages/airflow/example_dags/example_branch_python_dop_operator_3.py
[2022-10-24 01:20:45,817] {logging_mixin.py:109} INFO - [2022-10-24 01:20:45,817] {dag.py:2398} INFO - Sync 1 DAGs
[2022-10-24 01:20:45,840] {logging_mixin.py:109} INFO - [2022-10-24 01:20:45,840] {dag.py:2937} INFO - Setting next_dagrun for example_branch_dop_operator_v3 to 2022-10-24T01:19:00+00:00
[2022-10-24 01:20:45,852] {processor.py:171} INFO - Processing /home/airflow/.local/lib/python3.7/site-packages/airflow/example_dags/example_branch_python_dop_operator_3.py took 0.105 seconds
[2022-10-24 01:21:16,284] {processor.py:163} INFO - Started process (PID=398) to work on /home/airflow/.local/lib/python3.7/site-packages/airflow/example_dags/example_branch_python_dop_operator_3.py
[2022-10-24 01:21:16,289] {processor.py:642} INFO - Processing file /home/airflow/.local/lib/python3.7/site-packages/airflow/example_dags/example_branch_python_dop_operator_3.py for tasks to queue
[2022-10-24 01:21:16,291] {logging_mixin.py:109} INFO - [2022-10-24 01:21:16,291] {dagbag.py:500} INFO - Filling up the DagBag from /home/airflow/.local/lib/python3.7/site-packages/airflow/example_dags/example_branch_python_dop_operator_3.py
[2022-10-24 01:21:16,350] {processor.py:654} INFO - DAG(s) dict_keys(['example_branch_dop_operator_v3']) retrieved from /home/airflow/.local/lib/python3.7/site-packages/airflow/example_dags/example_branch_python_dop_operator_3.py
[2022-10-24 01:21:16,367] {logging_mixin.py:109} INFO - [2022-10-24 01:21:16,367] {dag.py:2398} INFO - Sync 1 DAGs
[2022-10-24 01:21:16,391] {logging_mixin.py:109} INFO - [2022-10-24 01:21:16,391] {dag.py:2937} INFO - Setting next_dagrun for example_branch_dop_operator_v3 to 2022-10-24T01:20:00+00:00
[2022-10-24 01:21:16,409] {processor.py:171} INFO - Processing /home/airflow/.local/lib/python3.7/site-packages/airflow/example_dags/example_branch_python_dop_operator_3.py took 0.130 seconds
[2022-10-24 01:21:47,048] {processor.py:163} INFO - Started process (PID=460) to work on /home/airflow/.local/lib/python3.7/site-packages/airflow/example_dags/example_branch_python_dop_operator_3.py
[2022-10-24 01:21:47,050] {processor.py:642} INFO - Processing file /home/airflow/.local/lib/python3.7/site-packages/airflow/example_dags/example_branch_python_dop_operator_3.py for tasks to queue
[2022-10-24 01:21:47,052] {logging_mixin.py:109} INFO - [2022-10-24 01:21:47,052] {dagbag.py:500} INFO - Filling up the DagBag from /home/airflow/.local/lib/python3.7/site-packages/airflow/example_dags/example_branch_python_dop_operator_3.py
[2022-10-24 01:21:47,097] {processor.py:654} INFO - DAG(s) dict_keys(['example_branch_dop_operator_v3']) retrieved from /home/airflow/.local/lib/python3.7/site-packages/airflow/example_dags/example_branch_python_dop_operator_3.py
[2022-10-24 01:21:47,110] {logging_mixin.py:109} INFO - [2022-10-24 01:21:47,110] {dag.py:2398} INFO - Sync 1 DAGs
[2022-10-24 01:21:47,135] {logging_mixin.py:109} INFO - [2022-10-24 01:21:47,135] {dag.py:2937} INFO - Setting next_dagrun for example_branch_dop_operator_v3 to 2022-10-24T01:20:00+00:00
[2022-10-24 01:21:47,150] {processor.py:171} INFO - Processing /home/airflow/.local/lib/python3.7/site-packages/airflow/example_dags/example_branch_python_dop_operator_3.py took 0.107 seconds
[2022-10-24 01:22:18,005] {processor.py:163} INFO - Started process (PID=512) to work on /home/airflow/.local/lib/python3.7/site-packages/airflow/example_dags/example_branch_python_dop_operator_3.py
[2022-10-24 01:22:18,007] {processor.py:642} INFO - Processing file /home/airflow/.local/lib/python3.7/site-packages/airflow/example_dags/example_branch_python_dop_operator_3.py for tasks to queue
[2022-10-24 01:22:18,009] {logging_mixin.py:109} INFO - [2022-10-24 01:22:18,009] {dagbag.py:500} INFO - Filling up the DagBag from /home/airflow/.local/lib/python3.7/site-packages/airflow/example_dags/example_branch_python_dop_operator_3.py
[2022-10-24 01:22:18,048] {processor.py:654} INFO - DAG(s) dict_keys(['example_branch_dop_operator_v3']) retrieved from /home/airflow/.local/lib/python3.7/site-packages/airflow/example_dags/example_branch_python_dop_operator_3.py
[2022-10-24 01:22:18,063] {logging_mixin.py:109} INFO - [2022-10-24 01:22:18,062] {dag.py:2398} INFO - Sync 1 DAGs
[2022-10-24 01:22:18,088] {logging_mixin.py:109} INFO - [2022-10-24 01:22:18,088] {dag.py:2937} INFO - Setting next_dagrun for example_branch_dop_operator_v3 to 2022-10-24T01:21:00+00:00
[2022-10-24 01:22:18,103] {processor.py:171} INFO - Processing /home/airflow/.local/lib/python3.7/site-packages/airflow/example_dags/example_branch_python_dop_operator_3.py took 0.102 seconds
[2022-10-24 01:22:49,063] {processor.py:163} INFO - Started process (PID=564) to work on /home/airflow/.local/lib/python3.7/site-packages/airflow/example_dags/example_branch_python_dop_operator_3.py
[2022-10-24 01:22:49,067] {processor.py:642} INFO - Processing file /home/airflow/.local/lib/python3.7/site-packages/airflow/example_dags/example_branch_python_dop_operator_3.py for tasks to queue
[2022-10-24 01:22:49,069] {logging_mixin.py:109} INFO - [2022-10-24 01:22:49,069] {dagbag.py:500} INFO - Filling up the DagBag from /home/airflow/.local/lib/python3.7/site-packages/airflow/example_dags/example_branch_python_dop_operator_3.py
[2022-10-24 01:22:49,116] {processor.py:654} INFO - DAG(s) dict_keys(['example_branch_dop_operator_v3']) retrieved from /home/airflow/.local/lib/python3.7/site-packages/airflow/example_dags/example_branch_python_dop_operator_3.py
[2022-10-24 01:22:49,129] {logging_mixin.py:109} INFO - [2022-10-24 01:22:49,129] {dag.py:2398} INFO - Sync 1 DAGs
[2022-10-24 01:22:49,159] {logging_mixin.py:109} INFO - [2022-10-24 01:22:49,158] {dag.py:2937} INFO - Setting next_dagrun for example_branch_dop_operator_v3 to 2022-10-24T01:21:00+00:00
[2022-10-24 01:22:49,171] {processor.py:171} INFO - Processing /home/airflow/.local/lib/python3.7/site-packages/airflow/example_dags/example_branch_python_dop_operator_3.py took 0.111 seconds
[2022-10-24 01:23:19,904] {processor.py:163} INFO - Started process (PID=625) to work on /home/airflow/.local/lib/python3.7/site-packages/airflow/example_dags/example_branch_python_dop_operator_3.py
[2022-10-24 01:23:19,908] {processor.py:642} INFO - Processing file /home/airflow/.local/lib/python3.7/site-packages/airflow/example_dags/example_branch_python_dop_operator_3.py for tasks to queue
[2022-10-24 01:23:19,910] {logging_mixin.py:109} INFO - [2022-10-24 01:23:19,910] {dagbag.py:500} INFO - Filling up the DagBag from /home/airflow/.local/lib/python3.7/site-packages/airflow/example_dags/example_branch_python_dop_operator_3.py
[2022-10-24 01:23:19,969] {processor.py:654} INFO - DAG(s) dict_keys(['example_branch_dop_operator_v3']) retrieved from /home/airflow/.local/lib/python3.7/site-packages/airflow/example_dags/example_branch_python_dop_operator_3.py
[2022-10-24 01:23:19,989] {logging_mixin.py:109} INFO - [2022-10-24 01:23:19,989] {dag.py:2398} INFO - Sync 1 DAGs
[2022-10-24 01:23:20,030] {logging_mixin.py:109} INFO - [2022-10-24 01:23:20,030] {dag.py:2937} INFO - Setting next_dagrun for example_branch_dop_operator_v3 to 2022-10-24T01:22:00+00:00
[2022-10-24 01:23:20,049] {processor.py:171} INFO - Processing /home/airflow/.local/lib/python3.7/site-packages/airflow/example_dags/example_branch_python_dop_operator_3.py took 0.154 seconds
[2022-10-24 01:23:50,081] {processor.py:163} INFO - Started process (PID=677) to work on /home/airflow/.local/lib/python3.7/site-packages/airflow/example_dags/example_branch_python_dop_operator_3.py
[2022-10-24 01:23:50,083] {processor.py:642} INFO - Processing file /home/airflow/.local/lib/python3.7/site-packages/airflow/example_dags/example_branch_python_dop_operator_3.py for tasks to queue
[2022-10-24 01:23:50,085] {logging_mixin.py:109} INFO - [2022-10-24 01:23:50,084] {dagbag.py:500} INFO - Filling up the DagBag from /home/airflow/.local/lib/python3.7/site-packages/airflow/example_dags/example_branch_python_dop_operator_3.py
[2022-10-24 01:23:50,124] {processor.py:654} INFO - DAG(s) dict_keys(['example_branch_dop_operator_v3']) retrieved from /home/airflow/.local/lib/python3.7/site-packages/airflow/example_dags/example_branch_python_dop_operator_3.py
[2022-10-24 01:23:50,137] {logging_mixin.py:109} INFO - [2022-10-24 01:23:50,137] {dag.py:2398} INFO - Sync 1 DAGs
[2022-10-24 01:23:50,162] {logging_mixin.py:109} INFO - [2022-10-24 01:23:50,162] {dag.py:2937} INFO - Setting next_dagrun for example_branch_dop_operator_v3 to 2022-10-24T01:22:00+00:00
[2022-10-24 01:23:50,175] {processor.py:171} INFO - Processing /home/airflow/.local/lib/python3.7/site-packages/airflow/example_dags/example_branch_python_dop_operator_3.py took 0.099 seconds
[2022-10-24 01:24:20,571] {processor.py:163} INFO - Started process (PID=729) to work on /home/airflow/.local/lib/python3.7/site-packages/airflow/example_dags/example_branch_python_dop_operator_3.py
[2022-10-24 01:24:20,574] {processor.py:642} INFO - Processing file /home/airflow/.local/lib/python3.7/site-packages/airflow/example_dags/example_branch_python_dop_operator_3.py for tasks to queue
[2022-10-24 01:24:20,576] {logging_mixin.py:109} INFO - [2022-10-24 01:24:20,576] {dagbag.py:500} INFO - Filling up the DagBag from /home/airflow/.local/lib/python3.7/site-packages/airflow/example_dags/example_branch_python_dop_operator_3.py
[2022-10-24 01:24:20,631] {processor.py:654} INFO - DAG(s) dict_keys(['example_branch_dop_operator_v3']) retrieved from /home/airflow/.local/lib/python3.7/site-packages/airflow/example_dags/example_branch_python_dop_operator_3.py
[2022-10-24 01:24:20,644] {logging_mixin.py:109} INFO - [2022-10-24 01:24:20,644] {dag.py:2398} INFO - Sync 1 DAGs
[2022-10-24 01:24:20,674] {logging_mixin.py:109} INFO - [2022-10-24 01:24:20,674] {dag.py:2937} INFO - Setting next_dagrun for example_branch_dop_operator_v3 to 2022-10-24T01:23:00+00:00
[2022-10-24 01:24:20,690] {processor.py:171} INFO - Processing /home/airflow/.local/lib/python3.7/site-packages/airflow/example_dags/example_branch_python_dop_operator_3.py took 0.123 seconds
[2022-10-24 01:24:51,879] {processor.py:163} INFO - Started process (PID=790) to work on /home/airflow/.local/lib/python3.7/site-packages/airflow/example_dags/example_branch_python_dop_operator_3.py
[2022-10-24 01:24:51,884] {processor.py:642} INFO - Processing file /home/airflow/.local/lib/python3.7/site-packages/airflow/example_dags/example_branch_python_dop_operator_3.py for tasks to queue
[2022-10-24 01:24:51,887] {logging_mixin.py:109} INFO - [2022-10-24 01:24:51,887] {dagbag.py:500} INFO - Filling up the DagBag from /home/airflow/.local/lib/python3.7/site-packages/airflow/example_dags/example_branch_python_dop_operator_3.py
[2022-10-24 01:24:51,965] {processor.py:654} INFO - DAG(s) dict_keys(['example_branch_dop_operator_v3']) retrieved from /home/airflow/.local/lib/python3.7/site-packages/airflow/example_dags/example_branch_python_dop_operator_3.py
[2022-10-24 01:24:51,990] {logging_mixin.py:109} INFO - [2022-10-24 01:24:51,990] {dag.py:2398} INFO - Sync 1 DAGs
[2022-10-24 01:24:52,040] {logging_mixin.py:109} INFO - [2022-10-24 01:24:52,039] {dag.py:2937} INFO - Setting next_dagrun for example_branch_dop_operator_v3 to 2022-10-24T01:23:00+00:00
[2022-10-24 01:24:52,073] {processor.py:171} INFO - Processing /home/airflow/.local/lib/python3.7/site-packages/airflow/example_dags/example_branch_python_dop_operator_3.py took 0.199 seconds
[2022-10-24 01:25:22,671] {processor.py:163} INFO - Started process (PID=842) to work on /home/airflow/.local/lib/python3.7/site-packages/airflow/example_dags/example_branch_python_dop_operator_3.py
[2022-10-24 01:25:22,674] {processor.py:642} INFO - Processing file /home/airflow/.local/lib/python3.7/site-packages/airflow/example_dags/example_branch_python_dop_operator_3.py for tasks to queue
[2022-10-24 01:25:22,676] {logging_mixin.py:109} INFO - [2022-10-24 01:25:22,676] {dagbag.py:500} INFO - Filling up the DagBag from /home/airflow/.local/lib/python3.7/site-packages/airflow/example_dags/example_branch_python_dop_operator_3.py
[2022-10-24 01:25:22,733] {processor.py:654} INFO - DAG(s) dict_keys(['example_branch_dop_operator_v3']) retrieved from /home/airflow/.local/lib/python3.7/site-packages/airflow/example_dags/example_branch_python_dop_operator_3.py
[2022-10-24 01:25:22,751] {logging_mixin.py:109} INFO - [2022-10-24 01:25:22,751] {dag.py:2398} INFO - Sync 1 DAGs
[2022-10-24 01:25:22,793] {logging_mixin.py:109} INFO - [2022-10-24 01:25:22,793] {dag.py:2937} INFO - Setting next_dagrun for example_branch_dop_operator_v3 to 2022-10-24T01:24:00+00:00
[2022-10-24 01:25:22,810] {processor.py:171} INFO - Processing /home/airflow/.local/lib/python3.7/site-packages/airflow/example_dags/example_branch_python_dop_operator_3.py took 0.147 seconds
[2022-10-24 01:25:53,711] {processor.py:163} INFO - Started process (PID=894) to work on /home/airflow/.local/lib/python3.7/site-packages/airflow/example_dags/example_branch_python_dop_operator_3.py
[2022-10-24 01:25:53,715] {processor.py:642} INFO - Processing file /home/airflow/.local/lib/python3.7/site-packages/airflow/example_dags/example_branch_python_dop_operator_3.py for tasks to queue
[2022-10-24 01:25:53,716] {logging_mixin.py:109} INFO - [2022-10-24 01:25:53,716] {dagbag.py:500} INFO - Filling up the DagBag from /home/airflow/.local/lib/python3.7/site-packages/airflow/example_dags/example_branch_python_dop_operator_3.py
[2022-10-24 01:25:53,789] {processor.py:654} INFO - DAG(s) dict_keys(['example_branch_dop_operator_v3']) retrieved from /home/airflow/.local/lib/python3.7/site-packages/airflow/example_dags/example_branch_python_dop_operator_3.py
[2022-10-24 01:25:53,808] {logging_mixin.py:109} INFO - [2022-10-24 01:25:53,807] {dag.py:2398} INFO - Sync 1 DAGs
[2022-10-24 01:25:53,841] {logging_mixin.py:109} INFO - [2022-10-24 01:25:53,841] {dag.py:2937} INFO - Setting next_dagrun for example_branch_dop_operator_v3 to 2022-10-24T01:24:00+00:00
[2022-10-24 01:25:53,854] {processor.py:171} INFO - Processing /home/airflow/.local/lib/python3.7/site-packages/airflow/example_dags/example_branch_python_dop_operator_3.py took 0.149 seconds
[2022-10-24 01:26:24,473] {processor.py:163} INFO - Started process (PID=945) to work on /home/airflow/.local/lib/python3.7/site-packages/airflow/example_dags/example_branch_python_dop_operator_3.py
[2022-10-24 01:26:24,475] {processor.py:642} INFO - Processing file /home/airflow/.local/lib/python3.7/site-packages/airflow/example_dags/example_branch_python_dop_operator_3.py for tasks to queue
[2022-10-24 01:26:24,477] {logging_mixin.py:109} INFO - [2022-10-24 01:26:24,477] {dagbag.py:500} INFO - Filling up the DagBag from /home/airflow/.local/lib/python3.7/site-packages/airflow/example_dags/example_branch_python_dop_operator_3.py
[2022-10-24 01:26:24,523] {processor.py:654} INFO - DAG(s) dict_keys(['example_branch_dop_operator_v3']) retrieved from /home/airflow/.local/lib/python3.7/site-packages/airflow/example_dags/example_branch_python_dop_operator_3.py
[2022-10-24 01:26:24,538] {logging_mixin.py:109} INFO - [2022-10-24 01:26:24,538] {dag.py:2398} INFO - Sync 1 DAGs
[2022-10-24 01:26:24,563] {logging_mixin.py:109} INFO - [2022-10-24 01:26:24,563] {dag.py:2937} INFO - Setting next_dagrun for example_branch_dop_operator_v3 to 2022-10-24T01:25:00+00:00
[2022-10-24 01:26:24,578] {processor.py:171} INFO - Processing /home/airflow/.local/lib/python3.7/site-packages/airflow/example_dags/example_branch_python_dop_operator_3.py took 0.111 seconds
[2022-10-24 01:26:55,466] {processor.py:163} INFO - Started process (PID=998) to work on /home/airflow/.local/lib/python3.7/site-packages/airflow/example_dags/example_branch_python_dop_operator_3.py
[2022-10-24 01:26:55,473] {processor.py:642} INFO - Processing file /home/airflow/.local/lib/python3.7/site-packages/airflow/example_dags/example_branch_python_dop_operator_3.py for tasks to queue
[2022-10-24 01:26:55,478] {logging_mixin.py:109} INFO - [2022-10-24 01:26:55,478] {dagbag.py:500} INFO - Filling up the DagBag from /home/airflow/.local/lib/python3.7/site-packages/airflow/example_dags/example_branch_python_dop_operator_3.py
[2022-10-24 01:26:55,614] {processor.py:654} INFO - DAG(s) dict_keys(['example_branch_dop_operator_v3']) retrieved from /home/airflow/.local/lib/python3.7/site-packages/airflow/example_dags/example_branch_python_dop_operator_3.py
[2022-10-24 01:26:55,644] {logging_mixin.py:109} INFO - [2022-10-24 01:26:55,644] {dag.py:2398} INFO - Sync 1 DAGs
[2022-10-24 01:26:55,702] {logging_mixin.py:109} INFO - [2022-10-24 01:26:55,702] {dag.py:2937} INFO - Setting next_dagrun for example_branch_dop_operator_v3 to 2022-10-24T01:25:00+00:00
[2022-10-24 01:26:55,758] {processor.py:171} INFO - Processing /home/airflow/.local/lib/python3.7/site-packages/airflow/example_dags/example_branch_python_dop_operator_3.py took 0.299 seconds
[2022-10-24 01:27:28,592] {processor.py:163} INFO - Started process (PID=1059) to work on /home/airflow/.local/lib/python3.7/site-packages/airflow/example_dags/example_branch_python_dop_operator_3.py
[2022-10-24 01:27:28,601] {processor.py:642} INFO - Processing file /home/airflow/.local/lib/python3.7/site-packages/airflow/example_dags/example_branch_python_dop_operator_3.py for tasks to queue
[2022-10-24 01:27:28,607] {logging_mixin.py:109} INFO - [2022-10-24 01:27:28,604] {dagbag.py:500} INFO - Filling up the DagBag from /home/airflow/.local/lib/python3.7/site-packages/airflow/example_dags/example_branch_python_dop_operator_3.py
[2022-10-24 01:27:28,801] {processor.py:654} INFO - DAG(s) dict_keys(['example_branch_dop_operator_v3']) retrieved from /home/airflow/.local/lib/python3.7/site-packages/airflow/example_dags/example_branch_python_dop_operator_3.py
[2022-10-24 01:27:28,825] {logging_mixin.py:109} INFO - [2022-10-24 01:27:28,825] {dag.py:2398} INFO - Sync 1 DAGs
[2022-10-24 01:27:28,921] {logging_mixin.py:109} INFO - [2022-10-24 01:27:28,921] {dag.py:2937} INFO - Setting next_dagrun for example_branch_dop_operator_v3 to 2022-10-24T01:26:00+00:00
[2022-10-24 01:27:28,978] {processor.py:171} INFO - Processing /home/airflow/.local/lib/python3.7/site-packages/airflow/example_dags/example_branch_python_dop_operator_3.py took 0.401 seconds
[2022-10-24 01:27:59,816] {processor.py:163} INFO - Started process (PID=1103) to work on /home/airflow/.local/lib/python3.7/site-packages/airflow/example_dags/example_branch_python_dop_operator_3.py
[2022-10-24 01:27:59,843] {processor.py:642} INFO - Processing file /home/airflow/.local/lib/python3.7/site-packages/airflow/example_dags/example_branch_python_dop_operator_3.py for tasks to queue
[2022-10-24 01:27:59,856] {logging_mixin.py:109} INFO - [2022-10-24 01:27:59,856] {dagbag.py:500} INFO - Filling up the DagBag from /home/airflow/.local/lib/python3.7/site-packages/airflow/example_dags/example_branch_python_dop_operator_3.py
[2022-10-24 01:27:59,928] {processor.py:654} INFO - DAG(s) dict_keys(['example_branch_dop_operator_v3']) retrieved from /home/airflow/.local/lib/python3.7/site-packages/airflow/example_dags/example_branch_python_dop_operator_3.py
[2022-10-24 01:27:59,946] {logging_mixin.py:109} INFO - [2022-10-24 01:27:59,946] {dag.py:2398} INFO - Sync 1 DAGs
[2022-10-24 01:27:59,970] {logging_mixin.py:109} INFO - [2022-10-24 01:27:59,970] {dag.py:2937} INFO - Setting next_dagrun for example_branch_dop_operator_v3 to 2022-10-24T01:26:00+00:00
[2022-10-24 01:27:59,986] {processor.py:171} INFO - Processing /home/airflow/.local/lib/python3.7/site-packages/airflow/example_dags/example_branch_python_dop_operator_3.py took 0.179 seconds
[2022-10-24 01:28:30,222] {processor.py:163} INFO - Started process (PID=1163) to work on /home/airflow/.local/lib/python3.7/site-packages/airflow/example_dags/example_branch_python_dop_operator_3.py
[2022-10-24 01:28:30,224] {processor.py:642} INFO - Processing file /home/airflow/.local/lib/python3.7/site-packages/airflow/example_dags/example_branch_python_dop_operator_3.py for tasks to queue
[2022-10-24 01:28:30,226] {logging_mixin.py:109} INFO - [2022-10-24 01:28:30,226] {dagbag.py:500} INFO - Filling up the DagBag from /home/airflow/.local/lib/python3.7/site-packages/airflow/example_dags/example_branch_python_dop_operator_3.py
[2022-10-24 01:28:30,317] {processor.py:654} INFO - DAG(s) dict_keys(['example_branch_dop_operator_v3']) retrieved from /home/airflow/.local/lib/python3.7/site-packages/airflow/example_dags/example_branch_python_dop_operator_3.py
[2022-10-24 01:28:30,350] {logging_mixin.py:109} INFO - [2022-10-24 01:28:30,350] {dag.py:2398} INFO - Sync 1 DAGs
[2022-10-24 01:28:30,409] {logging_mixin.py:109} INFO - [2022-10-24 01:28:30,409] {dag.py:2937} INFO - Setting next_dagrun for example_branch_dop_operator_v3 to 2022-10-24T01:27:00+00:00
[2022-10-24 01:28:30,437] {processor.py:171} INFO - Processing /home/airflow/.local/lib/python3.7/site-packages/airflow/example_dags/example_branch_python_dop_operator_3.py took 0.219 seconds
[2022-10-24 01:29:00,674] {processor.py:163} INFO - Started process (PID=1215) to work on /home/airflow/.local/lib/python3.7/site-packages/airflow/example_dags/example_branch_python_dop_operator_3.py
[2022-10-24 01:29:00,678] {processor.py:642} INFO - Processing file /home/airflow/.local/lib/python3.7/site-packages/airflow/example_dags/example_branch_python_dop_operator_3.py for tasks to queue
[2022-10-24 01:29:00,680] {logging_mixin.py:109} INFO - [2022-10-24 01:29:00,679] {dagbag.py:500} INFO - Filling up the DagBag from /home/airflow/.local/lib/python3.7/site-packages/airflow/example_dags/example_branch_python_dop_operator_3.py
[2022-10-24 01:29:00,741] {processor.py:654} INFO - DAG(s) dict_keys(['example_branch_dop_operator_v3']) retrieved from /home/airflow/.local/lib/python3.7/site-packages/airflow/example_dags/example_branch_python_dop_operator_3.py
[2022-10-24 01:29:00,759] {logging_mixin.py:109} INFO - [2022-10-24 01:29:00,759] {dag.py:2398} INFO - Sync 1 DAGs
[2022-10-24 01:29:00,812] {logging_mixin.py:109} INFO - [2022-10-24 01:29:00,812] {dag.py:2937} INFO - Setting next_dagrun for example_branch_dop_operator_v3 to 2022-10-24T01:28:00+00:00
[2022-10-24 01:29:00,829] {processor.py:171} INFO - Processing /home/airflow/.local/lib/python3.7/site-packages/airflow/example_dags/example_branch_python_dop_operator_3.py took 0.162 seconds
[2022-10-24 01:29:31,072] {processor.py:163} INFO - Started process (PID=1267) to work on /home/airflow/.local/lib/python3.7/site-packages/airflow/example_dags/example_branch_python_dop_operator_3.py
[2022-10-24 01:29:31,075] {processor.py:642} INFO - Processing file /home/airflow/.local/lib/python3.7/site-packages/airflow/example_dags/example_branch_python_dop_operator_3.py for tasks to queue
[2022-10-24 01:29:31,076] {logging_mixin.py:109} INFO - [2022-10-24 01:29:31,076] {dagbag.py:500} INFO - Filling up the DagBag from /home/airflow/.local/lib/python3.7/site-packages/airflow/example_dags/example_branch_python_dop_operator_3.py
[2022-10-24 01:29:31,130] {processor.py:654} INFO - DAG(s) dict_keys(['example_branch_dop_operator_v3']) retrieved from /home/airflow/.local/lib/python3.7/site-packages/airflow/example_dags/example_branch_python_dop_operator_3.py
[2022-10-24 01:29:31,145] {logging_mixin.py:109} INFO - [2022-10-24 01:29:31,145] {dag.py:2398} INFO - Sync 1 DAGs
[2022-10-24 01:29:31,174] {logging_mixin.py:109} INFO - [2022-10-24 01:29:31,174] {dag.py:2937} INFO - Setting next_dagrun for example_branch_dop_operator_v3 to 2022-10-24T01:28:00+00:00
[2022-10-24 01:29:31,193] {processor.py:171} INFO - Processing /home/airflow/.local/lib/python3.7/site-packages/airflow/example_dags/example_branch_python_dop_operator_3.py took 0.127 seconds
[2022-10-24 01:30:01,447] {processor.py:163} INFO - Started process (PID=1321) to work on /home/airflow/.local/lib/python3.7/site-packages/airflow/example_dags/example_branch_python_dop_operator_3.py
[2022-10-24 01:30:01,449] {processor.py:642} INFO - Processing file /home/airflow/.local/lib/python3.7/site-packages/airflow/example_dags/example_branch_python_dop_operator_3.py for tasks to queue
[2022-10-24 01:30:01,451] {logging_mixin.py:109} INFO - [2022-10-24 01:30:01,451] {dagbag.py:500} INFO - Filling up the DagBag from /home/airflow/.local/lib/python3.7/site-packages/airflow/example_dags/example_branch_python_dop_operator_3.py
[2022-10-24 01:30:01,494] {processor.py:654} INFO - DAG(s) dict_keys(['example_branch_dop_operator_v3']) retrieved from /home/airflow/.local/lib/python3.7/site-packages/airflow/example_dags/example_branch_python_dop_operator_3.py
[2022-10-24 01:30:01,506] {logging_mixin.py:109} INFO - [2022-10-24 01:30:01,506] {dag.py:2398} INFO - Sync 1 DAGs
[2022-10-24 01:30:01,535] {logging_mixin.py:109} INFO - [2022-10-24 01:30:01,535] {dag.py:2937} INFO - Setting next_dagrun for example_branch_dop_operator_v3 to 2022-10-24T01:29:00+00:00
[2022-10-24 01:30:01,549] {processor.py:171} INFO - Processing /home/airflow/.local/lib/python3.7/site-packages/airflow/example_dags/example_branch_python_dop_operator_3.py took 0.107 seconds
[2022-10-24 01:30:31,863] {processor.py:163} INFO - Started process (PID=1383) to work on /home/airflow/.local/lib/python3.7/site-packages/airflow/example_dags/example_branch_python_dop_operator_3.py
[2022-10-24 01:30:31,868] {processor.py:642} INFO - Processing file /home/airflow/.local/lib/python3.7/site-packages/airflow/example_dags/example_branch_python_dop_operator_3.py for tasks to queue
[2022-10-24 01:30:31,871] {logging_mixin.py:109} INFO - [2022-10-24 01:30:31,871] {dagbag.py:500} INFO - Filling up the DagBag from /home/airflow/.local/lib/python3.7/site-packages/airflow/example_dags/example_branch_python_dop_operator_3.py
[2022-10-24 01:30:31,949] {processor.py:654} INFO - DAG(s) dict_keys(['example_branch_dop_operator_v3']) retrieved from /home/airflow/.local/lib/python3.7/site-packages/airflow/example_dags/example_branch_python_dop_operator_3.py
[2022-10-24 01:30:32,008] {logging_mixin.py:109} INFO - [2022-10-24 01:30:32,008] {dag.py:2398} INFO - Sync 1 DAGs
[2022-10-24 01:30:32,063] {logging_mixin.py:109} INFO - [2022-10-24 01:30:32,062] {dag.py:2937} INFO - Setting next_dagrun for example_branch_dop_operator_v3 to 2022-10-24T01:29:00+00:00
[2022-10-24 01:30:32,095] {processor.py:171} INFO - Processing /home/airflow/.local/lib/python3.7/site-packages/airflow/example_dags/example_branch_python_dop_operator_3.py took 0.240 seconds
[2022-10-24 01:31:02,280] {processor.py:163} INFO - Started process (PID=1434) to work on /home/airflow/.local/lib/python3.7/site-packages/airflow/example_dags/example_branch_python_dop_operator_3.py
[2022-10-24 01:31:02,283] {processor.py:642} INFO - Processing file /home/airflow/.local/lib/python3.7/site-packages/airflow/example_dags/example_branch_python_dop_operator_3.py for tasks to queue
[2022-10-24 01:31:02,285] {logging_mixin.py:109} INFO - [2022-10-24 01:31:02,285] {dagbag.py:500} INFO - Filling up the DagBag from /home/airflow/.local/lib/python3.7/site-packages/airflow/example_dags/example_branch_python_dop_operator_3.py
[2022-10-24 01:31:02,353] {processor.py:654} INFO - DAG(s) dict_keys(['example_branch_dop_operator_v3']) retrieved from /home/airflow/.local/lib/python3.7/site-packages/airflow/example_dags/example_branch_python_dop_operator_3.py
[2022-10-24 01:31:02,379] {logging_mixin.py:109} INFO - [2022-10-24 01:31:02,379] {dag.py:2398} INFO - Sync 1 DAGs
[2022-10-24 01:31:02,426] {logging_mixin.py:109} INFO - [2022-10-24 01:31:02,426] {dag.py:2937} INFO - Setting next_dagrun for example_branch_dop_operator_v3 to 2022-10-24T01:30:00+00:00
[2022-10-24 01:31:02,442] {processor.py:171} INFO - Processing /home/airflow/.local/lib/python3.7/site-packages/airflow/example_dags/example_branch_python_dop_operator_3.py took 0.166 seconds
[2022-10-24 01:31:33,047] {processor.py:163} INFO - Started process (PID=1485) to work on /home/airflow/.local/lib/python3.7/site-packages/airflow/example_dags/example_branch_python_dop_operator_3.py
[2022-10-24 01:31:33,051] {processor.py:642} INFO - Processing file /home/airflow/.local/lib/python3.7/site-packages/airflow/example_dags/example_branch_python_dop_operator_3.py for tasks to queue
[2022-10-24 01:31:33,053] {logging_mixin.py:109} INFO - [2022-10-24 01:31:33,053] {dagbag.py:500} INFO - Filling up the DagBag from /home/airflow/.local/lib/python3.7/site-packages/airflow/example_dags/example_branch_python_dop_operator_3.py
[2022-10-24 01:31:33,109] {processor.py:654} INFO - DAG(s) dict_keys(['example_branch_dop_operator_v3']) retrieved from /home/airflow/.local/lib/python3.7/site-packages/airflow/example_dags/example_branch_python_dop_operator_3.py
[2022-10-24 01:31:33,125] {logging_mixin.py:109} INFO - [2022-10-24 01:31:33,125] {dag.py:2398} INFO - Sync 1 DAGs
[2022-10-24 01:31:33,196] {logging_mixin.py:109} INFO - [2022-10-24 01:31:33,196] {dag.py:2937} INFO - Setting next_dagrun for example_branch_dop_operator_v3 to 2022-10-24T01:30:00+00:00
[2022-10-24 01:31:33,214] {processor.py:171} INFO - Processing /home/airflow/.local/lib/python3.7/site-packages/airflow/example_dags/example_branch_python_dop_operator_3.py took 0.172 seconds
[2022-10-24 01:32:03,331] {processor.py:163} INFO - Started process (PID=1537) to work on /home/airflow/.local/lib/python3.7/site-packages/airflow/example_dags/example_branch_python_dop_operator_3.py
[2022-10-24 01:32:03,334] {processor.py:642} INFO - Processing file /home/airflow/.local/lib/python3.7/site-packages/airflow/example_dags/example_branch_python_dop_operator_3.py for tasks to queue
[2022-10-24 01:32:03,336] {logging_mixin.py:109} INFO - [2022-10-24 01:32:03,336] {dagbag.py:500} INFO - Filling up the DagBag from /home/airflow/.local/lib/python3.7/site-packages/airflow/example_dags/example_branch_python_dop_operator_3.py
[2022-10-24 01:32:03,386] {processor.py:654} INFO - DAG(s) dict_keys(['example_branch_dop_operator_v3']) retrieved from /home/airflow/.local/lib/python3.7/site-packages/airflow/example_dags/example_branch_python_dop_operator_3.py
[2022-10-24 01:32:03,400] {logging_mixin.py:109} INFO - [2022-10-24 01:32:03,399] {dag.py:2398} INFO - Sync 1 DAGs
[2022-10-24 01:32:03,429] {logging_mixin.py:109} INFO - [2022-10-24 01:32:03,429] {dag.py:2937} INFO - Setting next_dagrun for example_branch_dop_operator_v3 to 2022-10-24T01:31:00+00:00
[2022-10-24 01:32:03,442] {processor.py:171} INFO - Processing /home/airflow/.local/lib/python3.7/site-packages/airflow/example_dags/example_branch_python_dop_operator_3.py took 0.116 seconds
[2022-10-24 01:32:33,683] {processor.py:163} INFO - Started process (PID=1600) to work on /home/airflow/.local/lib/python3.7/site-packages/airflow/example_dags/example_branch_python_dop_operator_3.py
[2022-10-24 01:32:33,686] {processor.py:642} INFO - Processing file /home/airflow/.local/lib/python3.7/site-packages/airflow/example_dags/example_branch_python_dop_operator_3.py for tasks to queue
[2022-10-24 01:32:33,689] {logging_mixin.py:109} INFO - [2022-10-24 01:32:33,689] {dagbag.py:500} INFO - Filling up the DagBag from /home/airflow/.local/lib/python3.7/site-packages/airflow/example_dags/example_branch_python_dop_operator_3.py
[2022-10-24 01:32:33,773] {processor.py:654} INFO - DAG(s) dict_keys(['example_branch_dop_operator_v3']) retrieved from /home/airflow/.local/lib/python3.7/site-packages/airflow/example_dags/example_branch_python_dop_operator_3.py
[2022-10-24 01:32:33,803] {logging_mixin.py:109} INFO - [2022-10-24 01:32:33,803] {dag.py:2398} INFO - Sync 1 DAGs
[2022-10-24 01:32:33,892] {logging_mixin.py:109} INFO - [2022-10-24 01:32:33,892] {dag.py:2937} INFO - Setting next_dagrun for example_branch_dop_operator_v3 to 2022-10-24T01:31:00+00:00
[2022-10-24 01:32:33,923] {processor.py:171} INFO - Processing /home/airflow/.local/lib/python3.7/site-packages/airflow/example_dags/example_branch_python_dop_operator_3.py took 0.248 seconds
[2022-10-24 01:33:05,053] {processor.py:163} INFO - Started process (PID=1653) to work on /home/airflow/.local/lib/python3.7/site-packages/airflow/example_dags/example_branch_python_dop_operator_3.py
[2022-10-24 01:33:05,056] {processor.py:642} INFO - Processing file /home/airflow/.local/lib/python3.7/site-packages/airflow/example_dags/example_branch_python_dop_operator_3.py for tasks to queue
[2022-10-24 01:33:05,057] {logging_mixin.py:109} INFO - [2022-10-24 01:33:05,057] {dagbag.py:500} INFO - Filling up the DagBag from /home/airflow/.local/lib/python3.7/site-packages/airflow/example_dags/example_branch_python_dop_operator_3.py
[2022-10-24 01:33:05,091] {processor.py:654} INFO - DAG(s) dict_keys(['example_branch_dop_operator_v3']) retrieved from /home/airflow/.local/lib/python3.7/site-packages/airflow/example_dags/example_branch_python_dop_operator_3.py
[2022-10-24 01:33:05,103] {logging_mixin.py:109} INFO - [2022-10-24 01:33:05,103] {dag.py:2398} INFO - Sync 1 DAGs
[2022-10-24 01:33:05,125] {logging_mixin.py:109} INFO - [2022-10-24 01:33:05,125] {dag.py:2937} INFO - Setting next_dagrun for example_branch_dop_operator_v3 to 2022-10-24T01:32:00+00:00
[2022-10-24 01:33:05,147] {processor.py:171} INFO - Processing /home/airflow/.local/lib/python3.7/site-packages/airflow/example_dags/example_branch_python_dop_operator_3.py took 0.097 seconds
[2022-10-24 01:33:35,840] {processor.py:163} INFO - Started process (PID=1713) to work on /home/airflow/.local/lib/python3.7/site-packages/airflow/example_dags/example_branch_python_dop_operator_3.py
[2022-10-24 01:33:35,843] {processor.py:642} INFO - Processing file /home/airflow/.local/lib/python3.7/site-packages/airflow/example_dags/example_branch_python_dop_operator_3.py for tasks to queue
[2022-10-24 01:33:35,845] {logging_mixin.py:109} INFO - [2022-10-24 01:33:35,845] {dagbag.py:500} INFO - Filling up the DagBag from /home/airflow/.local/lib/python3.7/site-packages/airflow/example_dags/example_branch_python_dop_operator_3.py
[2022-10-24 01:33:35,897] {processor.py:654} INFO - DAG(s) dict_keys(['example_branch_dop_operator_v3']) retrieved from /home/airflow/.local/lib/python3.7/site-packages/airflow/example_dags/example_branch_python_dop_operator_3.py
[2022-10-24 01:33:35,915] {logging_mixin.py:109} INFO - [2022-10-24 01:33:35,915] {dag.py:2398} INFO - Sync 1 DAGs
[2022-10-24 01:33:35,945] {logging_mixin.py:109} INFO - [2022-10-24 01:33:35,945] {dag.py:2937} INFO - Setting next_dagrun for example_branch_dop_operator_v3 to 2022-10-24T01:32:00+00:00
[2022-10-24 01:33:35,962] {processor.py:171} INFO - Processing /home/airflow/.local/lib/python3.7/site-packages/airflow/example_dags/example_branch_python_dop_operator_3.py took 0.127 seconds
[2022-10-24 01:34:06,633] {processor.py:163} INFO - Started process (PID=1765) to work on /home/airflow/.local/lib/python3.7/site-packages/airflow/example_dags/example_branch_python_dop_operator_3.py
[2022-10-24 01:34:06,636] {processor.py:642} INFO - Processing file /home/airflow/.local/lib/python3.7/site-packages/airflow/example_dags/example_branch_python_dop_operator_3.py for tasks to queue
[2022-10-24 01:34:06,637] {logging_mixin.py:109} INFO - [2022-10-24 01:34:06,637] {dagbag.py:500} INFO - Filling up the DagBag from /home/airflow/.local/lib/python3.7/site-packages/airflow/example_dags/example_branch_python_dop_operator_3.py
[2022-10-24 01:34:06,669] {processor.py:654} INFO - DAG(s) dict_keys(['example_branch_dop_operator_v3']) retrieved from /home/airflow/.local/lib/python3.7/site-packages/airflow/example_dags/example_branch_python_dop_operator_3.py
[2022-10-24 01:34:06,679] {logging_mixin.py:109} INFO - [2022-10-24 01:34:06,679] {dag.py:2398} INFO - Sync 1 DAGs
[2022-10-24 01:34:06,703] {logging_mixin.py:109} INFO - [2022-10-24 01:34:06,703] {dag.py:2937} INFO - Setting next_dagrun for example_branch_dop_operator_v3 to 2022-10-24T01:33:00+00:00
[2022-10-24 01:34:06,716] {processor.py:171} INFO - Processing /home/airflow/.local/lib/python3.7/site-packages/airflow/example_dags/example_branch_python_dop_operator_3.py took 0.086 seconds
[2022-10-24 01:34:37,882] {processor.py:163} INFO - Started process (PID=1825) to work on /home/airflow/.local/lib/python3.7/site-packages/airflow/example_dags/example_branch_python_dop_operator_3.py
[2022-10-24 01:34:37,883] {processor.py:642} INFO - Processing file /home/airflow/.local/lib/python3.7/site-packages/airflow/example_dags/example_branch_python_dop_operator_3.py for tasks to queue
[2022-10-24 01:34:37,885] {logging_mixin.py:109} INFO - [2022-10-24 01:34:37,885] {dagbag.py:500} INFO - Filling up the DagBag from /home/airflow/.local/lib/python3.7/site-packages/airflow/example_dags/example_branch_python_dop_operator_3.py
[2022-10-24 01:34:37,952] {processor.py:654} INFO - DAG(s) dict_keys(['example_branch_dop_operator_v3']) retrieved from /home/airflow/.local/lib/python3.7/site-packages/airflow/example_dags/example_branch_python_dop_operator_3.py
[2022-10-24 01:34:37,977] {logging_mixin.py:109} INFO - [2022-10-24 01:34:37,977] {dag.py:2398} INFO - Sync 1 DAGs
[2022-10-24 01:34:38,044] {logging_mixin.py:109} INFO - [2022-10-24 01:34:38,043] {dag.py:2937} INFO - Setting next_dagrun for example_branch_dop_operator_v3 to 2022-10-24T01:33:00+00:00
[2022-10-24 01:34:38,079] {processor.py:171} INFO - Processing /home/airflow/.local/lib/python3.7/site-packages/airflow/example_dags/example_branch_python_dop_operator_3.py took 0.201 seconds
[2022-10-24 01:35:08,158] {processor.py:163} INFO - Started process (PID=1877) to work on /home/airflow/.local/lib/python3.7/site-packages/airflow/example_dags/example_branch_python_dop_operator_3.py
[2022-10-24 01:35:08,161] {processor.py:642} INFO - Processing file /home/airflow/.local/lib/python3.7/site-packages/airflow/example_dags/example_branch_python_dop_operator_3.py for tasks to queue
[2022-10-24 01:35:08,163] {logging_mixin.py:109} INFO - [2022-10-24 01:35:08,163] {dagbag.py:500} INFO - Filling up the DagBag from /home/airflow/.local/lib/python3.7/site-packages/airflow/example_dags/example_branch_python_dop_operator_3.py
[2022-10-24 01:35:08,205] {processor.py:654} INFO - DAG(s) dict_keys(['example_branch_dop_operator_v3']) retrieved from /home/airflow/.local/lib/python3.7/site-packages/airflow/example_dags/example_branch_python_dop_operator_3.py
[2022-10-24 01:35:08,217] {logging_mixin.py:109} INFO - [2022-10-24 01:35:08,216] {dag.py:2398} INFO - Sync 1 DAGs
[2022-10-24 01:35:08,239] {logging_mixin.py:109} INFO - [2022-10-24 01:35:08,239] {dag.py:2937} INFO - Setting next_dagrun for example_branch_dop_operator_v3 to 2022-10-24T01:34:00+00:00
[2022-10-24 01:35:08,251] {processor.py:171} INFO - Processing /home/airflow/.local/lib/python3.7/site-packages/airflow/example_dags/example_branch_python_dop_operator_3.py took 0.098 seconds
