[2022-10-24 01:18:04,084] {processor.py:163} INFO - Started process (PID=46) to work on /home/airflow/.local/lib/python3.7/site-packages/airflow/example_dags/example_branch_operator.py
[2022-10-24 01:18:04,094] {processor.py:642} INFO - Processing file /home/airflow/.local/lib/python3.7/site-packages/airflow/example_dags/example_branch_operator.py for tasks to queue
[2022-10-24 01:18:04,096] {logging_mixin.py:109} INFO - [2022-10-24 01:18:04,096] {dagbag.py:500} INFO - Filling up the DagBag from /home/airflow/.local/lib/python3.7/site-packages/airflow/example_dags/example_branch_operator.py
[2022-10-24 01:18:04,202] {processor.py:654} INFO - DAG(s) dict_keys(['example_branch_operator']) retrieved from /home/airflow/.local/lib/python3.7/site-packages/airflow/example_dags/example_branch_operator.py
[2022-10-24 01:18:04,239] {logging_mixin.py:109} INFO - [2022-10-24 01:18:04,239] {dag.py:2398} INFO - Sync 1 DAGs
[2022-10-24 01:18:04,302] {logging_mixin.py:109} INFO - [2022-10-24 01:18:04,301] {dag.py:2937} INFO - Setting next_dagrun for example_branch_operator to 2022-10-23 00:00:00+00:00
[2022-10-24 01:18:04,327] {processor.py:171} INFO - Processing /home/airflow/.local/lib/python3.7/site-packages/airflow/example_dags/example_branch_operator.py took 0.247 seconds
[2022-10-24 01:18:35,894] {processor.py:163} INFO - Started process (PID=98) to work on /home/airflow/.local/lib/python3.7/site-packages/airflow/example_dags/example_branch_operator.py
[2022-10-24 01:18:35,909] {processor.py:642} INFO - Processing file /home/airflow/.local/lib/python3.7/site-packages/airflow/example_dags/example_branch_operator.py for tasks to queue
[2022-10-24 01:18:35,932] {logging_mixin.py:109} INFO - [2022-10-24 01:18:35,931] {dagbag.py:500} INFO - Filling up the DagBag from /home/airflow/.local/lib/python3.7/site-packages/airflow/example_dags/example_branch_operator.py
[2022-10-24 01:18:36,000] {processor.py:654} INFO - DAG(s) dict_keys(['example_branch_operator']) retrieved from /home/airflow/.local/lib/python3.7/site-packages/airflow/example_dags/example_branch_operator.py
[2022-10-24 01:18:36,023] {logging_mixin.py:109} INFO - [2022-10-24 01:18:36,023] {dag.py:2398} INFO - Sync 1 DAGs
[2022-10-24 01:18:36,058] {logging_mixin.py:109} INFO - [2022-10-24 01:18:36,058] {dag.py:2937} INFO - Setting next_dagrun for example_branch_operator to 2022-10-23 00:00:00+00:00
[2022-10-24 01:18:36,090] {processor.py:171} INFO - Processing /home/airflow/.local/lib/python3.7/site-packages/airflow/example_dags/example_branch_operator.py took 0.201 seconds
[2022-10-24 01:19:06,820] {processor.py:163} INFO - Started process (PID=150) to work on /home/airflow/.local/lib/python3.7/site-packages/airflow/example_dags/example_branch_operator.py
[2022-10-24 01:19:06,823] {processor.py:642} INFO - Processing file /home/airflow/.local/lib/python3.7/site-packages/airflow/example_dags/example_branch_operator.py for tasks to queue
[2022-10-24 01:19:06,825] {logging_mixin.py:109} INFO - [2022-10-24 01:19:06,824] {dagbag.py:500} INFO - Filling up the DagBag from /home/airflow/.local/lib/python3.7/site-packages/airflow/example_dags/example_branch_operator.py
[2022-10-24 01:19:06,871] {processor.py:654} INFO - DAG(s) dict_keys(['example_branch_operator']) retrieved from /home/airflow/.local/lib/python3.7/site-packages/airflow/example_dags/example_branch_operator.py
[2022-10-24 01:19:06,902] {logging_mixin.py:109} INFO - [2022-10-24 01:19:06,902] {dag.py:2398} INFO - Sync 1 DAGs
[2022-10-24 01:19:06,951] {logging_mixin.py:109} INFO - [2022-10-24 01:19:06,951] {dag.py:2937} INFO - Setting next_dagrun for example_branch_operator to 2022-10-23 00:00:00+00:00
[2022-10-24 01:19:08,029] {processor.py:171} INFO - Processing /home/airflow/.local/lib/python3.7/site-packages/airflow/example_dags/example_branch_operator.py took 1.213 seconds
[2022-10-24 01:19:38,371] {processor.py:163} INFO - Started process (PID=209) to work on /home/airflow/.local/lib/python3.7/site-packages/airflow/example_dags/example_branch_operator.py
[2022-10-24 01:19:38,376] {processor.py:642} INFO - Processing file /home/airflow/.local/lib/python3.7/site-packages/airflow/example_dags/example_branch_operator.py for tasks to queue
[2022-10-24 01:19:38,380] {logging_mixin.py:109} INFO - [2022-10-24 01:19:38,380] {dagbag.py:500} INFO - Filling up the DagBag from /home/airflow/.local/lib/python3.7/site-packages/airflow/example_dags/example_branch_operator.py
[2022-10-24 01:19:38,446] {processor.py:654} INFO - DAG(s) dict_keys(['example_branch_operator']) retrieved from /home/airflow/.local/lib/python3.7/site-packages/airflow/example_dags/example_branch_operator.py
[2022-10-24 01:19:38,464] {logging_mixin.py:109} INFO - [2022-10-24 01:19:38,464] {dag.py:2398} INFO - Sync 1 DAGs
[2022-10-24 01:19:38,492] {logging_mixin.py:109} INFO - [2022-10-24 01:19:38,492] {dag.py:2937} INFO - Setting next_dagrun for example_branch_operator to 2022-10-23 00:00:00+00:00
[2022-10-24 01:19:38,513] {processor.py:171} INFO - Processing /home/airflow/.local/lib/python3.7/site-packages/airflow/example_dags/example_branch_operator.py took 0.151 seconds
[2022-10-24 01:20:08,960] {processor.py:163} INFO - Started process (PID=263) to work on /home/airflow/.local/lib/python3.7/site-packages/airflow/example_dags/example_branch_operator.py
[2022-10-24 01:20:08,966] {processor.py:642} INFO - Processing file /home/airflow/.local/lib/python3.7/site-packages/airflow/example_dags/example_branch_operator.py for tasks to queue
[2022-10-24 01:20:08,968] {logging_mixin.py:109} INFO - [2022-10-24 01:20:08,968] {dagbag.py:500} INFO - Filling up the DagBag from /home/airflow/.local/lib/python3.7/site-packages/airflow/example_dags/example_branch_operator.py
[2022-10-24 01:20:09,061] {processor.py:654} INFO - DAG(s) dict_keys(['example_branch_operator']) retrieved from /home/airflow/.local/lib/python3.7/site-packages/airflow/example_dags/example_branch_operator.py
[2022-10-24 01:20:09,089] {logging_mixin.py:109} INFO - [2022-10-24 01:20:09,088] {dag.py:2398} INFO - Sync 1 DAGs
[2022-10-24 01:20:09,147] {logging_mixin.py:109} INFO - [2022-10-24 01:20:09,147] {dag.py:2937} INFO - Setting next_dagrun for example_branch_operator to 2022-10-23 00:00:00+00:00
[2022-10-24 01:20:09,178] {processor.py:171} INFO - Processing /home/airflow/.local/lib/python3.7/site-packages/airflow/example_dags/example_branch_operator.py took 0.224 seconds
[2022-10-24 01:20:39,767] {processor.py:163} INFO - Started process (PID=315) to work on /home/airflow/.local/lib/python3.7/site-packages/airflow/example_dags/example_branch_operator.py
[2022-10-24 01:20:39,769] {processor.py:642} INFO - Processing file /home/airflow/.local/lib/python3.7/site-packages/airflow/example_dags/example_branch_operator.py for tasks to queue
[2022-10-24 01:20:39,771] {logging_mixin.py:109} INFO - [2022-10-24 01:20:39,771] {dagbag.py:500} INFO - Filling up the DagBag from /home/airflow/.local/lib/python3.7/site-packages/airflow/example_dags/example_branch_operator.py
[2022-10-24 01:20:39,813] {processor.py:654} INFO - DAG(s) dict_keys(['example_branch_operator']) retrieved from /home/airflow/.local/lib/python3.7/site-packages/airflow/example_dags/example_branch_operator.py
[2022-10-24 01:20:39,828] {logging_mixin.py:109} INFO - [2022-10-24 01:20:39,828] {dag.py:2398} INFO - Sync 1 DAGs
[2022-10-24 01:20:39,851] {logging_mixin.py:109} INFO - [2022-10-24 01:20:39,851] {dag.py:2937} INFO - Setting next_dagrun for example_branch_operator to 2022-10-23 00:00:00+00:00
[2022-10-24 01:20:39,870] {processor.py:171} INFO - Processing /home/airflow/.local/lib/python3.7/site-packages/airflow/example_dags/example_branch_operator.py took 0.106 seconds
[2022-10-24 01:21:10,894] {processor.py:163} INFO - Started process (PID=376) to work on /home/airflow/.local/lib/python3.7/site-packages/airflow/example_dags/example_branch_operator.py
[2022-10-24 01:21:10,897] {processor.py:642} INFO - Processing file /home/airflow/.local/lib/python3.7/site-packages/airflow/example_dags/example_branch_operator.py for tasks to queue
[2022-10-24 01:21:10,898] {logging_mixin.py:109} INFO - [2022-10-24 01:21:10,898] {dagbag.py:500} INFO - Filling up the DagBag from /home/airflow/.local/lib/python3.7/site-packages/airflow/example_dags/example_branch_operator.py
[2022-10-24 01:21:10,944] {processor.py:654} INFO - DAG(s) dict_keys(['example_branch_operator']) retrieved from /home/airflow/.local/lib/python3.7/site-packages/airflow/example_dags/example_branch_operator.py
[2022-10-24 01:21:10,957] {logging_mixin.py:109} INFO - [2022-10-24 01:21:10,957] {dag.py:2398} INFO - Sync 1 DAGs
[2022-10-24 01:21:10,978] {logging_mixin.py:109} INFO - [2022-10-24 01:21:10,978] {dag.py:2937} INFO - Setting next_dagrun for example_branch_operator to 2022-10-23 00:00:00+00:00
[2022-10-24 01:21:10,993] {processor.py:171} INFO - Processing /home/airflow/.local/lib/python3.7/site-packages/airflow/example_dags/example_branch_operator.py took 0.103 seconds
[2022-10-24 01:21:41,391] {processor.py:163} INFO - Started process (PID=428) to work on /home/airflow/.local/lib/python3.7/site-packages/airflow/example_dags/example_branch_operator.py
[2022-10-24 01:21:41,395] {processor.py:642} INFO - Processing file /home/airflow/.local/lib/python3.7/site-packages/airflow/example_dags/example_branch_operator.py for tasks to queue
[2022-10-24 01:21:41,397] {logging_mixin.py:109} INFO - [2022-10-24 01:21:41,396] {dagbag.py:500} INFO - Filling up the DagBag from /home/airflow/.local/lib/python3.7/site-packages/airflow/example_dags/example_branch_operator.py
[2022-10-24 01:21:41,435] {processor.py:654} INFO - DAG(s) dict_keys(['example_branch_operator']) retrieved from /home/airflow/.local/lib/python3.7/site-packages/airflow/example_dags/example_branch_operator.py
[2022-10-24 01:21:41,450] {logging_mixin.py:109} INFO - [2022-10-24 01:21:41,450] {dag.py:2398} INFO - Sync 1 DAGs
[2022-10-24 01:21:41,472] {logging_mixin.py:109} INFO - [2022-10-24 01:21:41,472] {dag.py:2937} INFO - Setting next_dagrun for example_branch_operator to 2022-10-23 00:00:00+00:00
[2022-10-24 01:21:41,486] {processor.py:171} INFO - Processing /home/airflow/.local/lib/python3.7/site-packages/airflow/example_dags/example_branch_operator.py took 0.100 seconds
[2022-10-24 01:22:12,412] {processor.py:163} INFO - Started process (PID=488) to work on /home/airflow/.local/lib/python3.7/site-packages/airflow/example_dags/example_branch_operator.py
[2022-10-24 01:22:12,417] {processor.py:642} INFO - Processing file /home/airflow/.local/lib/python3.7/site-packages/airflow/example_dags/example_branch_operator.py for tasks to queue
[2022-10-24 01:22:12,420] {logging_mixin.py:109} INFO - [2022-10-24 01:22:12,420] {dagbag.py:500} INFO - Filling up the DagBag from /home/airflow/.local/lib/python3.7/site-packages/airflow/example_dags/example_branch_operator.py
[2022-10-24 01:22:12,474] {processor.py:654} INFO - DAG(s) dict_keys(['example_branch_operator']) retrieved from /home/airflow/.local/lib/python3.7/site-packages/airflow/example_dags/example_branch_operator.py
[2022-10-24 01:22:12,498] {logging_mixin.py:109} INFO - [2022-10-24 01:22:12,498] {dag.py:2398} INFO - Sync 1 DAGs
[2022-10-24 01:22:12,528] {logging_mixin.py:109} INFO - [2022-10-24 01:22:12,528] {dag.py:2937} INFO - Setting next_dagrun for example_branch_operator to 2022-10-23 00:00:00+00:00
[2022-10-24 01:22:12,551] {processor.py:171} INFO - Processing /home/airflow/.local/lib/python3.7/site-packages/airflow/example_dags/example_branch_operator.py took 0.145 seconds
[2022-10-24 01:22:43,380] {processor.py:163} INFO - Started process (PID=542) to work on /home/airflow/.local/lib/python3.7/site-packages/airflow/example_dags/example_branch_operator.py
[2022-10-24 01:22:43,382] {processor.py:642} INFO - Processing file /home/airflow/.local/lib/python3.7/site-packages/airflow/example_dags/example_branch_operator.py for tasks to queue
[2022-10-24 01:22:43,384] {logging_mixin.py:109} INFO - [2022-10-24 01:22:43,384] {dagbag.py:500} INFO - Filling up the DagBag from /home/airflow/.local/lib/python3.7/site-packages/airflow/example_dags/example_branch_operator.py
[2022-10-24 01:22:43,428] {processor.py:654} INFO - DAG(s) dict_keys(['example_branch_operator']) retrieved from /home/airflow/.local/lib/python3.7/site-packages/airflow/example_dags/example_branch_operator.py
[2022-10-24 01:22:43,445] {logging_mixin.py:109} INFO - [2022-10-24 01:22:43,445] {dag.py:2398} INFO - Sync 1 DAGs
[2022-10-24 01:22:43,469] {logging_mixin.py:109} INFO - [2022-10-24 01:22:43,469] {dag.py:2937} INFO - Setting next_dagrun for example_branch_operator to 2022-10-23 00:00:00+00:00
[2022-10-24 01:22:43,483] {processor.py:171} INFO - Processing /home/airflow/.local/lib/python3.7/site-packages/airflow/example_dags/example_branch_operator.py took 0.108 seconds
[2022-10-24 01:23:14,101] {processor.py:163} INFO - Started process (PID=594) to work on /home/airflow/.local/lib/python3.7/site-packages/airflow/example_dags/example_branch_operator.py
[2022-10-24 01:23:14,104] {processor.py:642} INFO - Processing file /home/airflow/.local/lib/python3.7/site-packages/airflow/example_dags/example_branch_operator.py for tasks to queue
[2022-10-24 01:23:14,106] {logging_mixin.py:109} INFO - [2022-10-24 01:23:14,106] {dagbag.py:500} INFO - Filling up the DagBag from /home/airflow/.local/lib/python3.7/site-packages/airflow/example_dags/example_branch_operator.py
[2022-10-24 01:23:14,161] {processor.py:654} INFO - DAG(s) dict_keys(['example_branch_operator']) retrieved from /home/airflow/.local/lib/python3.7/site-packages/airflow/example_dags/example_branch_operator.py
[2022-10-24 01:23:14,195] {logging_mixin.py:109} INFO - [2022-10-24 01:23:14,195] {dag.py:2398} INFO - Sync 1 DAGs
[2022-10-24 01:23:14,239] {logging_mixin.py:109} INFO - [2022-10-24 01:23:14,239] {dag.py:2937} INFO - Setting next_dagrun for example_branch_operator to 2022-10-23 00:00:00+00:00
[2022-10-24 01:23:14,264] {processor.py:171} INFO - Processing /home/airflow/.local/lib/python3.7/site-packages/airflow/example_dags/example_branch_operator.py took 0.169 seconds
[2022-10-24 01:23:45,123] {processor.py:163} INFO - Started process (PID=655) to work on /home/airflow/.local/lib/python3.7/site-packages/airflow/example_dags/example_branch_operator.py
[2022-10-24 01:23:45,125] {processor.py:642} INFO - Processing file /home/airflow/.local/lib/python3.7/site-packages/airflow/example_dags/example_branch_operator.py for tasks to queue
[2022-10-24 01:23:45,127] {logging_mixin.py:109} INFO - [2022-10-24 01:23:45,127] {dagbag.py:500} INFO - Filling up the DagBag from /home/airflow/.local/lib/python3.7/site-packages/airflow/example_dags/example_branch_operator.py
[2022-10-24 01:23:45,173] {processor.py:654} INFO - DAG(s) dict_keys(['example_branch_operator']) retrieved from /home/airflow/.local/lib/python3.7/site-packages/airflow/example_dags/example_branch_operator.py
[2022-10-24 01:23:45,192] {logging_mixin.py:109} INFO - [2022-10-24 01:23:45,192] {dag.py:2398} INFO - Sync 1 DAGs
[2022-10-24 01:23:45,220] {logging_mixin.py:109} INFO - [2022-10-24 01:23:45,219] {dag.py:2937} INFO - Setting next_dagrun for example_branch_operator to 2022-10-23 00:00:00+00:00
[2022-10-24 01:23:45,241] {processor.py:171} INFO - Processing /home/airflow/.local/lib/python3.7/site-packages/airflow/example_dags/example_branch_operator.py took 0.123 seconds
[2022-10-24 01:24:16,154] {processor.py:163} INFO - Started process (PID=707) to work on /home/airflow/.local/lib/python3.7/site-packages/airflow/example_dags/example_branch_operator.py
[2022-10-24 01:24:16,158] {processor.py:642} INFO - Processing file /home/airflow/.local/lib/python3.7/site-packages/airflow/example_dags/example_branch_operator.py for tasks to queue
[2022-10-24 01:24:16,160] {logging_mixin.py:109} INFO - [2022-10-24 01:24:16,160] {dagbag.py:500} INFO - Filling up the DagBag from /home/airflow/.local/lib/python3.7/site-packages/airflow/example_dags/example_branch_operator.py
[2022-10-24 01:24:16,205] {processor.py:654} INFO - DAG(s) dict_keys(['example_branch_operator']) retrieved from /home/airflow/.local/lib/python3.7/site-packages/airflow/example_dags/example_branch_operator.py
[2022-10-24 01:24:16,220] {logging_mixin.py:109} INFO - [2022-10-24 01:24:16,220] {dag.py:2398} INFO - Sync 1 DAGs
[2022-10-24 01:24:16,246] {logging_mixin.py:109} INFO - [2022-10-24 01:24:16,246] {dag.py:2937} INFO - Setting next_dagrun for example_branch_operator to 2022-10-23 00:00:00+00:00
[2022-10-24 01:24:16,265] {processor.py:171} INFO - Processing /home/airflow/.local/lib/python3.7/site-packages/airflow/example_dags/example_branch_operator.py took 0.116 seconds
[2022-10-24 01:24:47,175] {processor.py:163} INFO - Started process (PID=759) to work on /home/airflow/.local/lib/python3.7/site-packages/airflow/example_dags/example_branch_operator.py
[2022-10-24 01:24:47,178] {processor.py:642} INFO - Processing file /home/airflow/.local/lib/python3.7/site-packages/airflow/example_dags/example_branch_operator.py for tasks to queue
[2022-10-24 01:24:47,180] {logging_mixin.py:109} INFO - [2022-10-24 01:24:47,180] {dagbag.py:500} INFO - Filling up the DagBag from /home/airflow/.local/lib/python3.7/site-packages/airflow/example_dags/example_branch_operator.py
[2022-10-24 01:24:47,273] {processor.py:654} INFO - DAG(s) dict_keys(['example_branch_operator']) retrieved from /home/airflow/.local/lib/python3.7/site-packages/airflow/example_dags/example_branch_operator.py
[2022-10-24 01:24:47,305] {logging_mixin.py:109} INFO - [2022-10-24 01:24:47,305] {dag.py:2398} INFO - Sync 1 DAGs
[2022-10-24 01:24:47,358] {logging_mixin.py:109} INFO - [2022-10-24 01:24:47,358] {dag.py:2937} INFO - Setting next_dagrun for example_branch_operator to 2022-10-23 00:00:00+00:00
[2022-10-24 01:24:47,399] {processor.py:171} INFO - Processing /home/airflow/.local/lib/python3.7/site-packages/airflow/example_dags/example_branch_operator.py took 0.229 seconds
[2022-10-24 01:25:17,808] {processor.py:163} INFO - Started process (PID=811) to work on /home/airflow/.local/lib/python3.7/site-packages/airflow/example_dags/example_branch_operator.py
[2022-10-24 01:25:17,811] {processor.py:642} INFO - Processing file /home/airflow/.local/lib/python3.7/site-packages/airflow/example_dags/example_branch_operator.py for tasks to queue
[2022-10-24 01:25:17,819] {logging_mixin.py:109} INFO - [2022-10-24 01:25:17,814] {dagbag.py:500} INFO - Filling up the DagBag from /home/airflow/.local/lib/python3.7/site-packages/airflow/example_dags/example_branch_operator.py
[2022-10-24 01:25:17,899] {processor.py:654} INFO - DAG(s) dict_keys(['example_branch_operator']) retrieved from /home/airflow/.local/lib/python3.7/site-packages/airflow/example_dags/example_branch_operator.py
[2022-10-24 01:25:17,928] {logging_mixin.py:109} INFO - [2022-10-24 01:25:17,928] {dag.py:2398} INFO - Sync 1 DAGs
[2022-10-24 01:25:17,951] {logging_mixin.py:109} INFO - [2022-10-24 01:25:17,950] {dag.py:2937} INFO - Setting next_dagrun for example_branch_operator to 2022-10-23 00:00:00+00:00
[2022-10-24 01:25:17,972] {processor.py:171} INFO - Processing /home/airflow/.local/lib/python3.7/site-packages/airflow/example_dags/example_branch_operator.py took 0.172 seconds
[2022-10-24 01:25:48,516] {processor.py:163} INFO - Started process (PID=863) to work on /home/airflow/.local/lib/python3.7/site-packages/airflow/example_dags/example_branch_operator.py
[2022-10-24 01:25:48,519] {processor.py:642} INFO - Processing file /home/airflow/.local/lib/python3.7/site-packages/airflow/example_dags/example_branch_operator.py for tasks to queue
[2022-10-24 01:25:48,521] {logging_mixin.py:109} INFO - [2022-10-24 01:25:48,521] {dagbag.py:500} INFO - Filling up the DagBag from /home/airflow/.local/lib/python3.7/site-packages/airflow/example_dags/example_branch_operator.py
[2022-10-24 01:25:48,591] {processor.py:654} INFO - DAG(s) dict_keys(['example_branch_operator']) retrieved from /home/airflow/.local/lib/python3.7/site-packages/airflow/example_dags/example_branch_operator.py
[2022-10-24 01:25:48,617] {logging_mixin.py:109} INFO - [2022-10-24 01:25:48,616] {dag.py:2398} INFO - Sync 1 DAGs
[2022-10-24 01:25:48,654] {logging_mixin.py:109} INFO - [2022-10-24 01:25:48,654] {dag.py:2937} INFO - Setting next_dagrun for example_branch_operator to 2022-10-23 00:00:00+00:00
[2022-10-24 01:25:48,681] {processor.py:171} INFO - Processing /home/airflow/.local/lib/python3.7/site-packages/airflow/example_dags/example_branch_operator.py took 0.170 seconds
[2022-10-24 01:26:19,132] {processor.py:163} INFO - Started process (PID=915) to work on /home/airflow/.local/lib/python3.7/site-packages/airflow/example_dags/example_branch_operator.py
[2022-10-24 01:26:19,136] {processor.py:642} INFO - Processing file /home/airflow/.local/lib/python3.7/site-packages/airflow/example_dags/example_branch_operator.py for tasks to queue
[2022-10-24 01:26:19,138] {logging_mixin.py:109} INFO - [2022-10-24 01:26:19,138] {dagbag.py:500} INFO - Filling up the DagBag from /home/airflow/.local/lib/python3.7/site-packages/airflow/example_dags/example_branch_operator.py
[2022-10-24 01:26:19,196] {processor.py:654} INFO - DAG(s) dict_keys(['example_branch_operator']) retrieved from /home/airflow/.local/lib/python3.7/site-packages/airflow/example_dags/example_branch_operator.py
[2022-10-24 01:26:19,220] {logging_mixin.py:109} INFO - [2022-10-24 01:26:19,219] {dag.py:2398} INFO - Sync 1 DAGs
[2022-10-24 01:26:19,260] {logging_mixin.py:109} INFO - [2022-10-24 01:26:19,260] {dag.py:2937} INFO - Setting next_dagrun for example_branch_operator to 2022-10-23 00:00:00+00:00
[2022-10-24 01:26:19,294] {processor.py:171} INFO - Processing /home/airflow/.local/lib/python3.7/site-packages/airflow/example_dags/example_branch_operator.py took 0.169 seconds
[2022-10-24 01:26:50,126] {processor.py:163} INFO - Started process (PID=976) to work on /home/airflow/.local/lib/python3.7/site-packages/airflow/example_dags/example_branch_operator.py
[2022-10-24 01:26:50,129] {processor.py:642} INFO - Processing file /home/airflow/.local/lib/python3.7/site-packages/airflow/example_dags/example_branch_operator.py for tasks to queue
[2022-10-24 01:26:50,131] {logging_mixin.py:109} INFO - [2022-10-24 01:26:50,131] {dagbag.py:500} INFO - Filling up the DagBag from /home/airflow/.local/lib/python3.7/site-packages/airflow/example_dags/example_branch_operator.py
[2022-10-24 01:26:50,202] {processor.py:654} INFO - DAG(s) dict_keys(['example_branch_operator']) retrieved from /home/airflow/.local/lib/python3.7/site-packages/airflow/example_dags/example_branch_operator.py
[2022-10-24 01:26:50,224] {logging_mixin.py:109} INFO - [2022-10-24 01:26:50,224] {dag.py:2398} INFO - Sync 1 DAGs
[2022-10-24 01:26:50,256] {logging_mixin.py:109} INFO - [2022-10-24 01:26:50,256] {dag.py:2937} INFO - Setting next_dagrun for example_branch_operator to 2022-10-23 00:00:00+00:00
[2022-10-24 01:26:50,271] {processor.py:171} INFO - Processing /home/airflow/.local/lib/python3.7/site-packages/airflow/example_dags/example_branch_operator.py took 0.152 seconds
[2022-10-24 01:27:21,884] {processor.py:163} INFO - Started process (PID=1030) to work on /home/airflow/.local/lib/python3.7/site-packages/airflow/example_dags/example_branch_operator.py
[2022-10-24 01:27:21,889] {processor.py:642} INFO - Processing file /home/airflow/.local/lib/python3.7/site-packages/airflow/example_dags/example_branch_operator.py for tasks to queue
[2022-10-24 01:27:21,901] {logging_mixin.py:109} INFO - [2022-10-24 01:27:21,899] {dagbag.py:500} INFO - Filling up the DagBag from /home/airflow/.local/lib/python3.7/site-packages/airflow/example_dags/example_branch_operator.py
[2022-10-24 01:27:21,982] {processor.py:654} INFO - DAG(s) dict_keys(['example_branch_operator']) retrieved from /home/airflow/.local/lib/python3.7/site-packages/airflow/example_dags/example_branch_operator.py
[2022-10-24 01:27:22,007] {logging_mixin.py:109} INFO - [2022-10-24 01:27:22,007] {dag.py:2398} INFO - Sync 1 DAGs
[2022-10-24 01:27:22,044] {logging_mixin.py:109} INFO - [2022-10-24 01:27:22,044] {dag.py:2937} INFO - Setting next_dagrun for example_branch_operator to 2022-10-23 00:00:00+00:00
[2022-10-24 01:27:22,062] {processor.py:171} INFO - Processing /home/airflow/.local/lib/python3.7/site-packages/airflow/example_dags/example_branch_operator.py took 0.190 seconds
[2022-10-24 01:27:52,120] {processor.py:163} INFO - Started process (PID=1081) to work on /home/airflow/.local/lib/python3.7/site-packages/airflow/example_dags/example_branch_operator.py
[2022-10-24 01:27:52,124] {processor.py:642} INFO - Processing file /home/airflow/.local/lib/python3.7/site-packages/airflow/example_dags/example_branch_operator.py for tasks to queue
[2022-10-24 01:27:52,127] {logging_mixin.py:109} INFO - [2022-10-24 01:27:52,127] {dagbag.py:500} INFO - Filling up the DagBag from /home/airflow/.local/lib/python3.7/site-packages/airflow/example_dags/example_branch_operator.py
[2022-10-24 01:27:52,184] {processor.py:654} INFO - DAG(s) dict_keys(['example_branch_operator']) retrieved from /home/airflow/.local/lib/python3.7/site-packages/airflow/example_dags/example_branch_operator.py
[2022-10-24 01:27:52,202] {logging_mixin.py:109} INFO - [2022-10-24 01:27:52,202] {dag.py:2398} INFO - Sync 1 DAGs
[2022-10-24 01:27:52,231] {logging_mixin.py:109} INFO - [2022-10-24 01:27:52,231] {dag.py:2937} INFO - Setting next_dagrun for example_branch_operator to 2022-10-23 00:00:00+00:00
[2022-10-24 01:27:52,252] {processor.py:171} INFO - Processing /home/airflow/.local/lib/python3.7/site-packages/airflow/example_dags/example_branch_operator.py took 0.139 seconds
[2022-10-24 01:28:23,284] {processor.py:163} INFO - Started process (PID=1133) to work on /home/airflow/.local/lib/python3.7/site-packages/airflow/example_dags/example_branch_operator.py
[2022-10-24 01:28:23,287] {processor.py:642} INFO - Processing file /home/airflow/.local/lib/python3.7/site-packages/airflow/example_dags/example_branch_operator.py for tasks to queue
[2022-10-24 01:28:23,288] {logging_mixin.py:109} INFO - [2022-10-24 01:28:23,288] {dagbag.py:500} INFO - Filling up the DagBag from /home/airflow/.local/lib/python3.7/site-packages/airflow/example_dags/example_branch_operator.py
[2022-10-24 01:28:23,336] {processor.py:654} INFO - DAG(s) dict_keys(['example_branch_operator']) retrieved from /home/airflow/.local/lib/python3.7/site-packages/airflow/example_dags/example_branch_operator.py
[2022-10-24 01:28:23,354] {logging_mixin.py:109} INFO - [2022-10-24 01:28:23,353] {dag.py:2398} INFO - Sync 1 DAGs
[2022-10-24 01:28:23,378] {logging_mixin.py:109} INFO - [2022-10-24 01:28:23,378] {dag.py:2937} INFO - Setting next_dagrun for example_branch_operator to 2022-10-23 00:00:00+00:00
[2022-10-24 01:28:23,396] {processor.py:171} INFO - Processing /home/airflow/.local/lib/python3.7/site-packages/airflow/example_dags/example_branch_operator.py took 0.118 seconds
[2022-10-24 01:28:53,689] {processor.py:163} INFO - Started process (PID=1183) to work on /home/airflow/.local/lib/python3.7/site-packages/airflow/example_dags/example_branch_operator.py
[2022-10-24 01:28:53,692] {processor.py:642} INFO - Processing file /home/airflow/.local/lib/python3.7/site-packages/airflow/example_dags/example_branch_operator.py for tasks to queue
[2022-10-24 01:28:53,693] {logging_mixin.py:109} INFO - [2022-10-24 01:28:53,693] {dagbag.py:500} INFO - Filling up the DagBag from /home/airflow/.local/lib/python3.7/site-packages/airflow/example_dags/example_branch_operator.py
[2022-10-24 01:28:53,744] {processor.py:654} INFO - DAG(s) dict_keys(['example_branch_operator']) retrieved from /home/airflow/.local/lib/python3.7/site-packages/airflow/example_dags/example_branch_operator.py
[2022-10-24 01:28:53,763] {logging_mixin.py:109} INFO - [2022-10-24 01:28:53,763] {dag.py:2398} INFO - Sync 1 DAGs
[2022-10-24 01:28:53,790] {logging_mixin.py:109} INFO - [2022-10-24 01:28:53,790] {dag.py:2937} INFO - Setting next_dagrun for example_branch_operator to 2022-10-23 00:00:00+00:00
[2022-10-24 01:28:53,805] {processor.py:171} INFO - Processing /home/airflow/.local/lib/python3.7/site-packages/airflow/example_dags/example_branch_operator.py took 0.120 seconds
[2022-10-24 01:29:24,087] {processor.py:163} INFO - Started process (PID=1244) to work on /home/airflow/.local/lib/python3.7/site-packages/airflow/example_dags/example_branch_operator.py
[2022-10-24 01:29:24,091] {processor.py:642} INFO - Processing file /home/airflow/.local/lib/python3.7/site-packages/airflow/example_dags/example_branch_operator.py for tasks to queue
[2022-10-24 01:29:24,092] {logging_mixin.py:109} INFO - [2022-10-24 01:29:24,092] {dagbag.py:500} INFO - Filling up the DagBag from /home/airflow/.local/lib/python3.7/site-packages/airflow/example_dags/example_branch_operator.py
[2022-10-24 01:29:24,142] {processor.py:654} INFO - DAG(s) dict_keys(['example_branch_operator']) retrieved from /home/airflow/.local/lib/python3.7/site-packages/airflow/example_dags/example_branch_operator.py
[2022-10-24 01:29:24,161] {logging_mixin.py:109} INFO - [2022-10-24 01:29:24,161] {dag.py:2398} INFO - Sync 1 DAGs
[2022-10-24 01:29:24,184] {logging_mixin.py:109} INFO - [2022-10-24 01:29:24,184] {dag.py:2937} INFO - Setting next_dagrun for example_branch_operator to 2022-10-23 00:00:00+00:00
[2022-10-24 01:29:24,199] {processor.py:171} INFO - Processing /home/airflow/.local/lib/python3.7/site-packages/airflow/example_dags/example_branch_operator.py took 0.118 seconds
[2022-10-24 01:29:54,429] {processor.py:163} INFO - Started process (PID=1298) to work on /home/airflow/.local/lib/python3.7/site-packages/airflow/example_dags/example_branch_operator.py
[2022-10-24 01:29:54,433] {processor.py:642} INFO - Processing file /home/airflow/.local/lib/python3.7/site-packages/airflow/example_dags/example_branch_operator.py for tasks to queue
[2022-10-24 01:29:54,435] {logging_mixin.py:109} INFO - [2022-10-24 01:29:54,435] {dagbag.py:500} INFO - Filling up the DagBag from /home/airflow/.local/lib/python3.7/site-packages/airflow/example_dags/example_branch_operator.py
[2022-10-24 01:29:54,505] {processor.py:654} INFO - DAG(s) dict_keys(['example_branch_operator']) retrieved from /home/airflow/.local/lib/python3.7/site-packages/airflow/example_dags/example_branch_operator.py
[2022-10-24 01:29:54,535] {logging_mixin.py:109} INFO - [2022-10-24 01:29:54,533] {dag.py:2398} INFO - Sync 1 DAGs
[2022-10-24 01:29:54,573] {logging_mixin.py:109} INFO - [2022-10-24 01:29:54,573] {dag.py:2937} INFO - Setting next_dagrun for example_branch_operator to 2022-10-23 00:00:00+00:00
[2022-10-24 01:29:54,601] {processor.py:171} INFO - Processing /home/airflow/.local/lib/python3.7/site-packages/airflow/example_dags/example_branch_operator.py took 0.178 seconds
[2022-10-24 01:30:25,023] {processor.py:163} INFO - Started process (PID=1351) to work on /home/airflow/.local/lib/python3.7/site-packages/airflow/example_dags/example_branch_operator.py
[2022-10-24 01:30:25,028] {processor.py:642} INFO - Processing file /home/airflow/.local/lib/python3.7/site-packages/airflow/example_dags/example_branch_operator.py for tasks to queue
[2022-10-24 01:30:25,032] {logging_mixin.py:109} INFO - [2022-10-24 01:30:25,031] {dagbag.py:500} INFO - Filling up the DagBag from /home/airflow/.local/lib/python3.7/site-packages/airflow/example_dags/example_branch_operator.py
[2022-10-24 01:30:25,124] {processor.py:654} INFO - DAG(s) dict_keys(['example_branch_operator']) retrieved from /home/airflow/.local/lib/python3.7/site-packages/airflow/example_dags/example_branch_operator.py
[2022-10-24 01:30:25,148] {logging_mixin.py:109} INFO - [2022-10-24 01:30:25,148] {dag.py:2398} INFO - Sync 1 DAGs
[2022-10-24 01:30:25,197] {logging_mixin.py:109} INFO - [2022-10-24 01:30:25,196] {dag.py:2937} INFO - Setting next_dagrun for example_branch_operator to 2022-10-23 00:00:00+00:00
[2022-10-24 01:30:25,213] {processor.py:171} INFO - Processing /home/airflow/.local/lib/python3.7/site-packages/airflow/example_dags/example_branch_operator.py took 0.202 seconds
[2022-10-24 01:30:55,365] {processor.py:163} INFO - Started process (PID=1403) to work on /home/airflow/.local/lib/python3.7/site-packages/airflow/example_dags/example_branch_operator.py
[2022-10-24 01:30:55,367] {processor.py:642} INFO - Processing file /home/airflow/.local/lib/python3.7/site-packages/airflow/example_dags/example_branch_operator.py for tasks to queue
[2022-10-24 01:30:55,369] {logging_mixin.py:109} INFO - [2022-10-24 01:30:55,369] {dagbag.py:500} INFO - Filling up the DagBag from /home/airflow/.local/lib/python3.7/site-packages/airflow/example_dags/example_branch_operator.py
[2022-10-24 01:30:55,419] {processor.py:654} INFO - DAG(s) dict_keys(['example_branch_operator']) retrieved from /home/airflow/.local/lib/python3.7/site-packages/airflow/example_dags/example_branch_operator.py
[2022-10-24 01:30:55,437] {logging_mixin.py:109} INFO - [2022-10-24 01:30:55,436] {dag.py:2398} INFO - Sync 1 DAGs
[2022-10-24 01:30:55,457] {logging_mixin.py:109} INFO - [2022-10-24 01:30:55,457] {dag.py:2937} INFO - Setting next_dagrun for example_branch_operator to 2022-10-23 00:00:00+00:00
[2022-10-24 01:30:55,470] {processor.py:171} INFO - Processing /home/airflow/.local/lib/python3.7/site-packages/airflow/example_dags/example_branch_operator.py took 0.109 seconds
[2022-10-24 01:31:26,041] {processor.py:163} INFO - Started process (PID=1463) to work on /home/airflow/.local/lib/python3.7/site-packages/airflow/example_dags/example_branch_operator.py
[2022-10-24 01:31:26,045] {processor.py:642} INFO - Processing file /home/airflow/.local/lib/python3.7/site-packages/airflow/example_dags/example_branch_operator.py for tasks to queue
[2022-10-24 01:31:26,047] {logging_mixin.py:109} INFO - [2022-10-24 01:31:26,046] {dagbag.py:500} INFO - Filling up the DagBag from /home/airflow/.local/lib/python3.7/site-packages/airflow/example_dags/example_branch_operator.py
[2022-10-24 01:31:26,121] {processor.py:654} INFO - DAG(s) dict_keys(['example_branch_operator']) retrieved from /home/airflow/.local/lib/python3.7/site-packages/airflow/example_dags/example_branch_operator.py
[2022-10-24 01:31:26,142] {logging_mixin.py:109} INFO - [2022-10-24 01:31:26,142] {dag.py:2398} INFO - Sync 1 DAGs
[2022-10-24 01:31:26,176] {logging_mixin.py:109} INFO - [2022-10-24 01:31:26,176] {dag.py:2937} INFO - Setting next_dagrun for example_branch_operator to 2022-10-23 00:00:00+00:00
[2022-10-24 01:31:26,196] {processor.py:171} INFO - Processing /home/airflow/.local/lib/python3.7/site-packages/airflow/example_dags/example_branch_operator.py took 0.159 seconds
[2022-10-24 01:31:57,053] {processor.py:163} INFO - Started process (PID=1516) to work on /home/airflow/.local/lib/python3.7/site-packages/airflow/example_dags/example_branch_operator.py
[2022-10-24 01:31:57,056] {processor.py:642} INFO - Processing file /home/airflow/.local/lib/python3.7/site-packages/airflow/example_dags/example_branch_operator.py for tasks to queue
[2022-10-24 01:31:57,058] {logging_mixin.py:109} INFO - [2022-10-24 01:31:57,058] {dagbag.py:500} INFO - Filling up the DagBag from /home/airflow/.local/lib/python3.7/site-packages/airflow/example_dags/example_branch_operator.py
[2022-10-24 01:31:57,099] {processor.py:654} INFO - DAG(s) dict_keys(['example_branch_operator']) retrieved from /home/airflow/.local/lib/python3.7/site-packages/airflow/example_dags/example_branch_operator.py
[2022-10-24 01:31:57,116] {logging_mixin.py:109} INFO - [2022-10-24 01:31:57,116] {dag.py:2398} INFO - Sync 1 DAGs
[2022-10-24 01:31:57,134] {logging_mixin.py:109} INFO - [2022-10-24 01:31:57,134] {dag.py:2937} INFO - Setting next_dagrun for example_branch_operator to 2022-10-23 00:00:00+00:00
[2022-10-24 01:31:57,146] {processor.py:171} INFO - Processing /home/airflow/.local/lib/python3.7/site-packages/airflow/example_dags/example_branch_operator.py took 0.098 seconds
[2022-10-24 01:32:27,559] {processor.py:163} INFO - Started process (PID=1570) to work on /home/airflow/.local/lib/python3.7/site-packages/airflow/example_dags/example_branch_operator.py
[2022-10-24 01:32:27,562] {processor.py:642} INFO - Processing file /home/airflow/.local/lib/python3.7/site-packages/airflow/example_dags/example_branch_operator.py for tasks to queue
[2022-10-24 01:32:27,563] {logging_mixin.py:109} INFO - [2022-10-24 01:32:27,563] {dagbag.py:500} INFO - Filling up the DagBag from /home/airflow/.local/lib/python3.7/site-packages/airflow/example_dags/example_branch_operator.py
[2022-10-24 01:32:27,601] {processor.py:654} INFO - DAG(s) dict_keys(['example_branch_operator']) retrieved from /home/airflow/.local/lib/python3.7/site-packages/airflow/example_dags/example_branch_operator.py
[2022-10-24 01:32:27,619] {logging_mixin.py:109} INFO - [2022-10-24 01:32:27,619] {dag.py:2398} INFO - Sync 1 DAGs
[2022-10-24 01:32:27,636] {logging_mixin.py:109} INFO - [2022-10-24 01:32:27,636] {dag.py:2937} INFO - Setting next_dagrun for example_branch_operator to 2022-10-23 00:00:00+00:00
[2022-10-24 01:32:27,648] {processor.py:171} INFO - Processing /home/airflow/.local/lib/python3.7/site-packages/airflow/example_dags/example_branch_operator.py took 0.093 seconds
[2022-10-24 01:32:58,296] {processor.py:163} INFO - Started process (PID=1631) to work on /home/airflow/.local/lib/python3.7/site-packages/airflow/example_dags/example_branch_operator.py
[2022-10-24 01:32:58,298] {processor.py:642} INFO - Processing file /home/airflow/.local/lib/python3.7/site-packages/airflow/example_dags/example_branch_operator.py for tasks to queue
[2022-10-24 01:32:58,300] {logging_mixin.py:109} INFO - [2022-10-24 01:32:58,300] {dagbag.py:500} INFO - Filling up the DagBag from /home/airflow/.local/lib/python3.7/site-packages/airflow/example_dags/example_branch_operator.py
[2022-10-24 01:32:58,339] {processor.py:654} INFO - DAG(s) dict_keys(['example_branch_operator']) retrieved from /home/airflow/.local/lib/python3.7/site-packages/airflow/example_dags/example_branch_operator.py
[2022-10-24 01:32:58,352] {logging_mixin.py:109} INFO - [2022-10-24 01:32:58,352] {dag.py:2398} INFO - Sync 1 DAGs
[2022-10-24 01:32:58,372] {logging_mixin.py:109} INFO - [2022-10-24 01:32:58,372] {dag.py:2937} INFO - Setting next_dagrun for example_branch_operator to 2022-10-23 00:00:00+00:00
[2022-10-24 01:32:58,384] {processor.py:171} INFO - Processing /home/airflow/.local/lib/python3.7/site-packages/airflow/example_dags/example_branch_operator.py took 0.092 seconds
[2022-10-24 01:33:29,015] {processor.py:163} INFO - Started process (PID=1683) to work on /home/airflow/.local/lib/python3.7/site-packages/airflow/example_dags/example_branch_operator.py
[2022-10-24 01:33:29,017] {processor.py:642} INFO - Processing file /home/airflow/.local/lib/python3.7/site-packages/airflow/example_dags/example_branch_operator.py for tasks to queue
[2022-10-24 01:33:29,019] {logging_mixin.py:109} INFO - [2022-10-24 01:33:29,019] {dagbag.py:500} INFO - Filling up the DagBag from /home/airflow/.local/lib/python3.7/site-packages/airflow/example_dags/example_branch_operator.py
[2022-10-24 01:33:29,061] {processor.py:654} INFO - DAG(s) dict_keys(['example_branch_operator']) retrieved from /home/airflow/.local/lib/python3.7/site-packages/airflow/example_dags/example_branch_operator.py
[2022-10-24 01:33:29,073] {logging_mixin.py:109} INFO - [2022-10-24 01:33:29,073] {dag.py:2398} INFO - Sync 1 DAGs
[2022-10-24 01:33:29,092] {logging_mixin.py:109} INFO - [2022-10-24 01:33:29,092] {dag.py:2937} INFO - Setting next_dagrun for example_branch_operator to 2022-10-23 00:00:00+00:00
[2022-10-24 01:33:29,103] {processor.py:171} INFO - Processing /home/airflow/.local/lib/python3.7/site-packages/airflow/example_dags/example_branch_operator.py took 0.091 seconds
[2022-10-24 01:33:59,849] {processor.py:163} INFO - Started process (PID=1743) to work on /home/airflow/.local/lib/python3.7/site-packages/airflow/example_dags/example_branch_operator.py
[2022-10-24 01:33:59,852] {processor.py:642} INFO - Processing file /home/airflow/.local/lib/python3.7/site-packages/airflow/example_dags/example_branch_operator.py for tasks to queue
[2022-10-24 01:33:59,854] {logging_mixin.py:109} INFO - [2022-10-24 01:33:59,854] {dagbag.py:500} INFO - Filling up the DagBag from /home/airflow/.local/lib/python3.7/site-packages/airflow/example_dags/example_branch_operator.py
[2022-10-24 01:33:59,900] {processor.py:654} INFO - DAG(s) dict_keys(['example_branch_operator']) retrieved from /home/airflow/.local/lib/python3.7/site-packages/airflow/example_dags/example_branch_operator.py
[2022-10-24 01:33:59,913] {logging_mixin.py:109} INFO - [2022-10-24 01:33:59,913] {dag.py:2398} INFO - Sync 1 DAGs
[2022-10-24 01:33:59,940] {logging_mixin.py:109} INFO - [2022-10-24 01:33:59,940] {dag.py:2937} INFO - Setting next_dagrun for example_branch_operator to 2022-10-23 00:00:00+00:00
[2022-10-24 01:33:59,952] {processor.py:171} INFO - Processing /home/airflow/.local/lib/python3.7/site-packages/airflow/example_dags/example_branch_operator.py took 0.108 seconds
[2022-10-24 01:34:30,668] {processor.py:163} INFO - Started process (PID=1794) to work on /home/airflow/.local/lib/python3.7/site-packages/airflow/example_dags/example_branch_operator.py
[2022-10-24 01:34:30,669] {processor.py:642} INFO - Processing file /home/airflow/.local/lib/python3.7/site-packages/airflow/example_dags/example_branch_operator.py for tasks to queue
[2022-10-24 01:34:30,671] {logging_mixin.py:109} INFO - [2022-10-24 01:34:30,671] {dagbag.py:500} INFO - Filling up the DagBag from /home/airflow/.local/lib/python3.7/site-packages/airflow/example_dags/example_branch_operator.py
[2022-10-24 01:34:30,716] {processor.py:654} INFO - DAG(s) dict_keys(['example_branch_operator']) retrieved from /home/airflow/.local/lib/python3.7/site-packages/airflow/example_dags/example_branch_operator.py
[2022-10-24 01:34:30,731] {logging_mixin.py:109} INFO - [2022-10-24 01:34:30,731] {dag.py:2398} INFO - Sync 1 DAGs
[2022-10-24 01:34:30,751] {logging_mixin.py:109} INFO - [2022-10-24 01:34:30,751] {dag.py:2937} INFO - Setting next_dagrun for example_branch_operator to 2022-10-23 00:00:00+00:00
[2022-10-24 01:34:30,765] {processor.py:171} INFO - Processing /home/airflow/.local/lib/python3.7/site-packages/airflow/example_dags/example_branch_operator.py took 0.102 seconds
[2022-10-24 01:35:01,185] {processor.py:163} INFO - Started process (PID=1846) to work on /home/airflow/.local/lib/python3.7/site-packages/airflow/example_dags/example_branch_operator.py
[2022-10-24 01:35:01,187] {processor.py:642} INFO - Processing file /home/airflow/.local/lib/python3.7/site-packages/airflow/example_dags/example_branch_operator.py for tasks to queue
[2022-10-24 01:35:01,189] {logging_mixin.py:109} INFO - [2022-10-24 01:35:01,189] {dagbag.py:500} INFO - Filling up the DagBag from /home/airflow/.local/lib/python3.7/site-packages/airflow/example_dags/example_branch_operator.py
[2022-10-24 01:35:01,236] {processor.py:654} INFO - DAG(s) dict_keys(['example_branch_operator']) retrieved from /home/airflow/.local/lib/python3.7/site-packages/airflow/example_dags/example_branch_operator.py
[2022-10-24 01:35:01,251] {logging_mixin.py:109} INFO - [2022-10-24 01:35:01,251] {dag.py:2398} INFO - Sync 1 DAGs
[2022-10-24 01:35:01,271] {logging_mixin.py:109} INFO - [2022-10-24 01:35:01,271] {dag.py:2937} INFO - Setting next_dagrun for example_branch_operator to 2022-10-23 00:00:00+00:00
[2022-10-24 01:35:01,285] {processor.py:171} INFO - Processing /home/airflow/.local/lib/python3.7/site-packages/airflow/example_dags/example_branch_operator.py took 0.104 seconds
[2022-10-24 01:35:31,636] {processor.py:163} INFO - Started process (PID=1908) to work on /home/airflow/.local/lib/python3.7/site-packages/airflow/example_dags/example_branch_operator.py
[2022-10-24 01:35:31,640] {processor.py:642} INFO - Processing file /home/airflow/.local/lib/python3.7/site-packages/airflow/example_dags/example_branch_operator.py for tasks to queue
[2022-10-24 01:35:31,642] {logging_mixin.py:109} INFO - [2022-10-24 01:35:31,642] {dagbag.py:500} INFO - Filling up the DagBag from /home/airflow/.local/lib/python3.7/site-packages/airflow/example_dags/example_branch_operator.py
[2022-10-24 01:35:31,721] {processor.py:654} INFO - DAG(s) dict_keys(['example_branch_operator']) retrieved from /home/airflow/.local/lib/python3.7/site-packages/airflow/example_dags/example_branch_operator.py
[2022-10-24 01:35:31,749] {logging_mixin.py:109} INFO - [2022-10-24 01:35:31,749] {dag.py:2398} INFO - Sync 1 DAGs
[2022-10-24 01:35:31,781] {logging_mixin.py:109} INFO - [2022-10-24 01:35:31,781] {dag.py:2937} INFO - Setting next_dagrun for example_branch_operator to 2022-10-23 00:00:00+00:00
[2022-10-24 01:35:31,796] {processor.py:171} INFO - Processing /home/airflow/.local/lib/python3.7/site-packages/airflow/example_dags/example_branch_operator.py took 0.167 seconds
