[2022-10-24 01:18:04,381] {processor.py:163} INFO - Started process (PID=48) to work on /home/airflow/.local/lib/python3.7/site-packages/airflow/example_dags/example_skip_dag.py
[2022-10-24 01:18:04,384] {processor.py:642} INFO - Processing file /home/airflow/.local/lib/python3.7/site-packages/airflow/example_dags/example_skip_dag.py for tasks to queue
[2022-10-24 01:18:04,389] {logging_mixin.py:109} INFO - [2022-10-24 01:18:04,389] {dagbag.py:500} INFO - Filling up the DagBag from /home/airflow/.local/lib/python3.7/site-packages/airflow/example_dags/example_skip_dag.py
[2022-10-24 01:18:04,456] {processor.py:654} INFO - DAG(s) dict_keys(['example_skip_dag']) retrieved from /home/airflow/.local/lib/python3.7/site-packages/airflow/example_dags/example_skip_dag.py
[2022-10-24 01:18:04,484] {logging_mixin.py:109} INFO - [2022-10-24 01:18:04,484] {dag.py:2398} INFO - Sync 1 DAGs
[2022-10-24 01:18:04,529] {logging_mixin.py:109} INFO - [2022-10-24 01:18:04,529] {dag.py:2937} INFO - Setting next_dagrun for example_skip_dag to 2022-10-23T01:18:04.529448+00:00
[2022-10-24 01:18:04,556] {processor.py:171} INFO - Processing /home/airflow/.local/lib/python3.7/site-packages/airflow/example_dags/example_skip_dag.py took 0.179 seconds
[2022-10-24 01:18:36,139] {processor.py:163} INFO - Started process (PID=100) to work on /home/airflow/.local/lib/python3.7/site-packages/airflow/example_dags/example_skip_dag.py
[2022-10-24 01:18:36,160] {processor.py:642} INFO - Processing file /home/airflow/.local/lib/python3.7/site-packages/airflow/example_dags/example_skip_dag.py for tasks to queue
[2022-10-24 01:18:36,164] {logging_mixin.py:109} INFO - [2022-10-24 01:18:36,164] {dagbag.py:500} INFO - Filling up the DagBag from /home/airflow/.local/lib/python3.7/site-packages/airflow/example_dags/example_skip_dag.py
[2022-10-24 01:18:36,244] {processor.py:654} INFO - DAG(s) dict_keys(['example_skip_dag']) retrieved from /home/airflow/.local/lib/python3.7/site-packages/airflow/example_dags/example_skip_dag.py
[2022-10-24 01:18:36,278] {logging_mixin.py:109} INFO - [2022-10-24 01:18:36,278] {dag.py:2398} INFO - Sync 1 DAGs
[2022-10-24 01:18:36,329] {logging_mixin.py:109} INFO - [2022-10-24 01:18:36,328] {dag.py:2937} INFO - Setting next_dagrun for example_skip_dag to 2022-10-23T01:18:36.328044+00:00
[2022-10-24 01:18:36,363] {processor.py:171} INFO - Processing /home/airflow/.local/lib/python3.7/site-packages/airflow/example_dags/example_skip_dag.py took 0.228 seconds
[2022-10-24 01:19:08,008] {processor.py:163} INFO - Started process (PID=151) to work on /home/airflow/.local/lib/python3.7/site-packages/airflow/example_dags/example_skip_dag.py
[2022-10-24 01:19:08,015] {processor.py:642} INFO - Processing file /home/airflow/.local/lib/python3.7/site-packages/airflow/example_dags/example_skip_dag.py for tasks to queue
[2022-10-24 01:19:08,021] {logging_mixin.py:109} INFO - [2022-10-24 01:19:08,020] {dagbag.py:500} INFO - Filling up the DagBag from /home/airflow/.local/lib/python3.7/site-packages/airflow/example_dags/example_skip_dag.py
[2022-10-24 01:19:08,173] {processor.py:654} INFO - DAG(s) dict_keys(['example_skip_dag']) retrieved from /home/airflow/.local/lib/python3.7/site-packages/airflow/example_dags/example_skip_dag.py
[2022-10-24 01:19:08,211] {logging_mixin.py:109} INFO - [2022-10-24 01:19:08,211] {dag.py:2398} INFO - Sync 1 DAGs
[2022-10-24 01:19:08,266] {logging_mixin.py:109} INFO - [2022-10-24 01:19:08,266] {dag.py:2937} INFO - Setting next_dagrun for example_skip_dag to 2022-10-23T01:19:08.265892+00:00
[2022-10-24 01:19:08,292] {processor.py:171} INFO - Processing /home/airflow/.local/lib/python3.7/site-packages/airflow/example_dags/example_skip_dag.py took 0.523 seconds
[2022-10-24 01:19:38,382] {processor.py:163} INFO - Started process (PID=210) to work on /home/airflow/.local/lib/python3.7/site-packages/airflow/example_dags/example_skip_dag.py
[2022-10-24 01:19:38,385] {processor.py:642} INFO - Processing file /home/airflow/.local/lib/python3.7/site-packages/airflow/example_dags/example_skip_dag.py for tasks to queue
[2022-10-24 01:19:38,388] {logging_mixin.py:109} INFO - [2022-10-24 01:19:38,387] {dagbag.py:500} INFO - Filling up the DagBag from /home/airflow/.local/lib/python3.7/site-packages/airflow/example_dags/example_skip_dag.py
[2022-10-24 01:19:38,442] {processor.py:654} INFO - DAG(s) dict_keys(['example_skip_dag']) retrieved from /home/airflow/.local/lib/python3.7/site-packages/airflow/example_dags/example_skip_dag.py
[2022-10-24 01:19:38,456] {logging_mixin.py:109} INFO - [2022-10-24 01:19:38,456] {dag.py:2398} INFO - Sync 1 DAGs
[2022-10-24 01:19:38,480] {logging_mixin.py:109} INFO - [2022-10-24 01:19:38,479] {dag.py:2937} INFO - Setting next_dagrun for example_skip_dag to 2022-10-23T01:19:38.479569+00:00
[2022-10-24 01:19:38,495] {processor.py:171} INFO - Processing /home/airflow/.local/lib/python3.7/site-packages/airflow/example_dags/example_skip_dag.py took 0.120 seconds
[2022-10-24 01:20:09,183] {processor.py:163} INFO - Started process (PID=264) to work on /home/airflow/.local/lib/python3.7/site-packages/airflow/example_dags/example_skip_dag.py
[2022-10-24 01:20:09,187] {processor.py:642} INFO - Processing file /home/airflow/.local/lib/python3.7/site-packages/airflow/example_dags/example_skip_dag.py for tasks to queue
[2022-10-24 01:20:09,190] {logging_mixin.py:109} INFO - [2022-10-24 01:20:09,189] {dagbag.py:500} INFO - Filling up the DagBag from /home/airflow/.local/lib/python3.7/site-packages/airflow/example_dags/example_skip_dag.py
[2022-10-24 01:20:09,225] {processor.py:654} INFO - DAG(s) dict_keys(['example_skip_dag']) retrieved from /home/airflow/.local/lib/python3.7/site-packages/airflow/example_dags/example_skip_dag.py
[2022-10-24 01:20:09,239] {logging_mixin.py:109} INFO - [2022-10-24 01:20:09,239] {dag.py:2398} INFO - Sync 1 DAGs
[2022-10-24 01:20:09,263] {logging_mixin.py:109} INFO - [2022-10-24 01:20:09,263] {dag.py:2937} INFO - Setting next_dagrun for example_skip_dag to 2022-10-23T01:20:09.263318+00:00
[2022-10-24 01:20:09,277] {processor.py:171} INFO - Processing /home/airflow/.local/lib/python3.7/site-packages/airflow/example_dags/example_skip_dag.py took 0.099 seconds
[2022-10-24 01:20:39,911] {processor.py:163} INFO - Started process (PID=316) to work on /home/airflow/.local/lib/python3.7/site-packages/airflow/example_dags/example_skip_dag.py
[2022-10-24 01:20:39,914] {processor.py:642} INFO - Processing file /home/airflow/.local/lib/python3.7/site-packages/airflow/example_dags/example_skip_dag.py for tasks to queue
[2022-10-24 01:20:39,915] {logging_mixin.py:109} INFO - [2022-10-24 01:20:39,915] {dagbag.py:500} INFO - Filling up the DagBag from /home/airflow/.local/lib/python3.7/site-packages/airflow/example_dags/example_skip_dag.py
[2022-10-24 01:20:39,967] {processor.py:654} INFO - DAG(s) dict_keys(['example_skip_dag']) retrieved from /home/airflow/.local/lib/python3.7/site-packages/airflow/example_dags/example_skip_dag.py
[2022-10-24 01:20:39,981] {logging_mixin.py:109} INFO - [2022-10-24 01:20:39,981] {dag.py:2398} INFO - Sync 1 DAGs
[2022-10-24 01:20:40,001] {logging_mixin.py:109} INFO - [2022-10-24 01:20:40,001] {dag.py:2937} INFO - Setting next_dagrun for example_skip_dag to 2022-10-23T01:20:40.001121+00:00
[2022-10-24 01:20:40,014] {processor.py:171} INFO - Processing /home/airflow/.local/lib/python3.7/site-packages/airflow/example_dags/example_skip_dag.py took 0.107 seconds
[2022-10-24 01:21:11,014] {processor.py:163} INFO - Started process (PID=377) to work on /home/airflow/.local/lib/python3.7/site-packages/airflow/example_dags/example_skip_dag.py
[2022-10-24 01:21:11,016] {processor.py:642} INFO - Processing file /home/airflow/.local/lib/python3.7/site-packages/airflow/example_dags/example_skip_dag.py for tasks to queue
[2022-10-24 01:21:11,018] {logging_mixin.py:109} INFO - [2022-10-24 01:21:11,018] {dagbag.py:500} INFO - Filling up the DagBag from /home/airflow/.local/lib/python3.7/site-packages/airflow/example_dags/example_skip_dag.py
[2022-10-24 01:21:11,056] {processor.py:654} INFO - DAG(s) dict_keys(['example_skip_dag']) retrieved from /home/airflow/.local/lib/python3.7/site-packages/airflow/example_dags/example_skip_dag.py
[2022-10-24 01:21:11,071] {logging_mixin.py:109} INFO - [2022-10-24 01:21:11,071] {dag.py:2398} INFO - Sync 1 DAGs
[2022-10-24 01:21:11,093] {logging_mixin.py:109} INFO - [2022-10-24 01:21:11,093] {dag.py:2937} INFO - Setting next_dagrun for example_skip_dag to 2022-10-23T01:21:11.092783+00:00
[2022-10-24 01:21:11,109] {processor.py:171} INFO - Processing /home/airflow/.local/lib/python3.7/site-packages/airflow/example_dags/example_skip_dag.py took 0.100 seconds
[2022-10-24 01:21:41,537] {processor.py:163} INFO - Started process (PID=430) to work on /home/airflow/.local/lib/python3.7/site-packages/airflow/example_dags/example_skip_dag.py
[2022-10-24 01:21:41,539] {processor.py:642} INFO - Processing file /home/airflow/.local/lib/python3.7/site-packages/airflow/example_dags/example_skip_dag.py for tasks to queue
[2022-10-24 01:21:41,541] {logging_mixin.py:109} INFO - [2022-10-24 01:21:41,541] {dagbag.py:500} INFO - Filling up the DagBag from /home/airflow/.local/lib/python3.7/site-packages/airflow/example_dags/example_skip_dag.py
[2022-10-24 01:21:41,582] {processor.py:654} INFO - DAG(s) dict_keys(['example_skip_dag']) retrieved from /home/airflow/.local/lib/python3.7/site-packages/airflow/example_dags/example_skip_dag.py
[2022-10-24 01:21:41,594] {logging_mixin.py:109} INFO - [2022-10-24 01:21:41,594] {dag.py:2398} INFO - Sync 1 DAGs
[2022-10-24 01:21:41,615] {logging_mixin.py:109} INFO - [2022-10-24 01:21:41,614] {dag.py:2937} INFO - Setting next_dagrun for example_skip_dag to 2022-10-23T01:21:41.614288+00:00
[2022-10-24 01:21:41,627] {processor.py:171} INFO - Processing /home/airflow/.local/lib/python3.7/site-packages/airflow/example_dags/example_skip_dag.py took 0.094 seconds
[2022-10-24 01:22:12,585] {processor.py:163} INFO - Started process (PID=490) to work on /home/airflow/.local/lib/python3.7/site-packages/airflow/example_dags/example_skip_dag.py
[2022-10-24 01:22:12,588] {processor.py:642} INFO - Processing file /home/airflow/.local/lib/python3.7/site-packages/airflow/example_dags/example_skip_dag.py for tasks to queue
[2022-10-24 01:22:12,590] {logging_mixin.py:109} INFO - [2022-10-24 01:22:12,590] {dagbag.py:500} INFO - Filling up the DagBag from /home/airflow/.local/lib/python3.7/site-packages/airflow/example_dags/example_skip_dag.py
[2022-10-24 01:22:12,636] {processor.py:654} INFO - DAG(s) dict_keys(['example_skip_dag']) retrieved from /home/airflow/.local/lib/python3.7/site-packages/airflow/example_dags/example_skip_dag.py
[2022-10-24 01:22:12,656] {logging_mixin.py:109} INFO - [2022-10-24 01:22:12,656] {dag.py:2398} INFO - Sync 1 DAGs
[2022-10-24 01:22:12,685] {logging_mixin.py:109} INFO - [2022-10-24 01:22:12,685] {dag.py:2937} INFO - Setting next_dagrun for example_skip_dag to 2022-10-23T01:22:12.685224+00:00
[2022-10-24 01:22:12,699] {processor.py:171} INFO - Processing /home/airflow/.local/lib/python3.7/site-packages/airflow/example_dags/example_skip_dag.py took 0.118 seconds
[2022-10-24 01:22:43,515] {processor.py:163} INFO - Started process (PID=544) to work on /home/airflow/.local/lib/python3.7/site-packages/airflow/example_dags/example_skip_dag.py
[2022-10-24 01:22:43,518] {processor.py:642} INFO - Processing file /home/airflow/.local/lib/python3.7/site-packages/airflow/example_dags/example_skip_dag.py for tasks to queue
[2022-10-24 01:22:43,519] {logging_mixin.py:109} INFO - [2022-10-24 01:22:43,519] {dagbag.py:500} INFO - Filling up the DagBag from /home/airflow/.local/lib/python3.7/site-packages/airflow/example_dags/example_skip_dag.py
[2022-10-24 01:22:43,562] {processor.py:654} INFO - DAG(s) dict_keys(['example_skip_dag']) retrieved from /home/airflow/.local/lib/python3.7/site-packages/airflow/example_dags/example_skip_dag.py
[2022-10-24 01:22:43,576] {logging_mixin.py:109} INFO - [2022-10-24 01:22:43,576] {dag.py:2398} INFO - Sync 1 DAGs
[2022-10-24 01:22:43,598] {logging_mixin.py:109} INFO - [2022-10-24 01:22:43,598] {dag.py:2937} INFO - Setting next_dagrun for example_skip_dag to 2022-10-23T01:22:43.598389+00:00
[2022-10-24 01:22:43,612] {processor.py:171} INFO - Processing /home/airflow/.local/lib/python3.7/site-packages/airflow/example_dags/example_skip_dag.py took 0.102 seconds
[2022-10-24 01:23:14,239] {processor.py:163} INFO - Started process (PID=595) to work on /home/airflow/.local/lib/python3.7/site-packages/airflow/example_dags/example_skip_dag.py
[2022-10-24 01:23:14,241] {processor.py:642} INFO - Processing file /home/airflow/.local/lib/python3.7/site-packages/airflow/example_dags/example_skip_dag.py for tasks to queue
[2022-10-24 01:23:14,243] {logging_mixin.py:109} INFO - [2022-10-24 01:23:14,242] {dagbag.py:500} INFO - Filling up the DagBag from /home/airflow/.local/lib/python3.7/site-packages/airflow/example_dags/example_skip_dag.py
[2022-10-24 01:23:14,295] {processor.py:654} INFO - DAG(s) dict_keys(['example_skip_dag']) retrieved from /home/airflow/.local/lib/python3.7/site-packages/airflow/example_dags/example_skip_dag.py
[2022-10-24 01:23:14,314] {logging_mixin.py:109} INFO - [2022-10-24 01:23:14,314] {dag.py:2398} INFO - Sync 1 DAGs
[2022-10-24 01:23:14,335] {logging_mixin.py:109} INFO - [2022-10-24 01:23:14,335] {dag.py:2937} INFO - Setting next_dagrun for example_skip_dag to 2022-10-23T01:23:14.335355+00:00
[2022-10-24 01:23:14,352] {processor.py:171} INFO - Processing /home/airflow/.local/lib/python3.7/site-packages/airflow/example_dags/example_skip_dag.py took 0.118 seconds
[2022-10-24 01:23:45,266] {processor.py:163} INFO - Started process (PID=656) to work on /home/airflow/.local/lib/python3.7/site-packages/airflow/example_dags/example_skip_dag.py
[2022-10-24 01:23:45,269] {processor.py:642} INFO - Processing file /home/airflow/.local/lib/python3.7/site-packages/airflow/example_dags/example_skip_dag.py for tasks to queue
[2022-10-24 01:23:45,271] {logging_mixin.py:109} INFO - [2022-10-24 01:23:45,271] {dagbag.py:500} INFO - Filling up the DagBag from /home/airflow/.local/lib/python3.7/site-packages/airflow/example_dags/example_skip_dag.py
[2022-10-24 01:23:45,313] {processor.py:654} INFO - DAG(s) dict_keys(['example_skip_dag']) retrieved from /home/airflow/.local/lib/python3.7/site-packages/airflow/example_dags/example_skip_dag.py
[2022-10-24 01:23:45,329] {logging_mixin.py:109} INFO - [2022-10-24 01:23:45,329] {dag.py:2398} INFO - Sync 1 DAGs
[2022-10-24 01:23:45,350] {logging_mixin.py:109} INFO - [2022-10-24 01:23:45,349] {dag.py:2937} INFO - Setting next_dagrun for example_skip_dag to 2022-10-23T01:23:45.349523+00:00
[2022-10-24 01:23:45,364] {processor.py:171} INFO - Processing /home/airflow/.local/lib/python3.7/site-packages/airflow/example_dags/example_skip_dag.py took 0.101 seconds
[2022-10-24 01:24:16,302] {processor.py:163} INFO - Started process (PID=708) to work on /home/airflow/.local/lib/python3.7/site-packages/airflow/example_dags/example_skip_dag.py
[2022-10-24 01:24:16,305] {processor.py:642} INFO - Processing file /home/airflow/.local/lib/python3.7/site-packages/airflow/example_dags/example_skip_dag.py for tasks to queue
[2022-10-24 01:24:16,308] {logging_mixin.py:109} INFO - [2022-10-24 01:24:16,307] {dagbag.py:500} INFO - Filling up the DagBag from /home/airflow/.local/lib/python3.7/site-packages/airflow/example_dags/example_skip_dag.py
[2022-10-24 01:24:16,347] {processor.py:654} INFO - DAG(s) dict_keys(['example_skip_dag']) retrieved from /home/airflow/.local/lib/python3.7/site-packages/airflow/example_dags/example_skip_dag.py
[2022-10-24 01:24:16,362] {logging_mixin.py:109} INFO - [2022-10-24 01:24:16,362] {dag.py:2398} INFO - Sync 1 DAGs
[2022-10-24 01:24:16,384] {logging_mixin.py:109} INFO - [2022-10-24 01:24:16,384] {dag.py:2937} INFO - Setting next_dagrun for example_skip_dag to 2022-10-23T01:24:16.383714+00:00
[2022-10-24 01:24:16,396] {processor.py:171} INFO - Processing /home/airflow/.local/lib/python3.7/site-packages/airflow/example_dags/example_skip_dag.py took 0.100 seconds
[2022-10-24 01:24:47,414] {processor.py:163} INFO - Started process (PID=760) to work on /home/airflow/.local/lib/python3.7/site-packages/airflow/example_dags/example_skip_dag.py
[2022-10-24 01:24:47,429] {processor.py:642} INFO - Processing file /home/airflow/.local/lib/python3.7/site-packages/airflow/example_dags/example_skip_dag.py for tasks to queue
[2022-10-24 01:24:47,434] {logging_mixin.py:109} INFO - [2022-10-24 01:24:47,434] {dagbag.py:500} INFO - Filling up the DagBag from /home/airflow/.local/lib/python3.7/site-packages/airflow/example_dags/example_skip_dag.py
[2022-10-24 01:24:47,501] {processor.py:654} INFO - DAG(s) dict_keys(['example_skip_dag']) retrieved from /home/airflow/.local/lib/python3.7/site-packages/airflow/example_dags/example_skip_dag.py
[2022-10-24 01:24:47,541] {logging_mixin.py:109} INFO - [2022-10-24 01:24:47,541] {dag.py:2398} INFO - Sync 1 DAGs
[2022-10-24 01:24:47,591] {logging_mixin.py:109} INFO - [2022-10-24 01:24:47,591] {dag.py:2937} INFO - Setting next_dagrun for example_skip_dag to 2022-10-23T01:24:47.591028+00:00
[2022-10-24 01:24:47,618] {processor.py:171} INFO - Processing /home/airflow/.local/lib/python3.7/site-packages/airflow/example_dags/example_skip_dag.py took 0.211 seconds
[2022-10-24 01:25:17,920] {processor.py:163} INFO - Started process (PID=812) to work on /home/airflow/.local/lib/python3.7/site-packages/airflow/example_dags/example_skip_dag.py
[2022-10-24 01:25:17,923] {processor.py:642} INFO - Processing file /home/airflow/.local/lib/python3.7/site-packages/airflow/example_dags/example_skip_dag.py for tasks to queue
[2022-10-24 01:25:17,924] {logging_mixin.py:109} INFO - [2022-10-24 01:25:17,924] {dagbag.py:500} INFO - Filling up the DagBag from /home/airflow/.local/lib/python3.7/site-packages/airflow/example_dags/example_skip_dag.py
[2022-10-24 01:25:17,967] {processor.py:654} INFO - DAG(s) dict_keys(['example_skip_dag']) retrieved from /home/airflow/.local/lib/python3.7/site-packages/airflow/example_dags/example_skip_dag.py
[2022-10-24 01:25:17,985] {logging_mixin.py:109} INFO - [2022-10-24 01:25:17,985] {dag.py:2398} INFO - Sync 1 DAGs
[2022-10-24 01:25:18,007] {logging_mixin.py:109} INFO - [2022-10-24 01:25:18,007] {dag.py:2937} INFO - Setting next_dagrun for example_skip_dag to 2022-10-23T01:25:18.007208+00:00
[2022-10-24 01:25:18,025] {processor.py:171} INFO - Processing /home/airflow/.local/lib/python3.7/site-packages/airflow/example_dags/example_skip_dag.py took 0.110 seconds
[2022-10-24 01:25:48,531] {processor.py:163} INFO - Started process (PID=864) to work on /home/airflow/.local/lib/python3.7/site-packages/airflow/example_dags/example_skip_dag.py
[2022-10-24 01:25:48,535] {processor.py:642} INFO - Processing file /home/airflow/.local/lib/python3.7/site-packages/airflow/example_dags/example_skip_dag.py for tasks to queue
[2022-10-24 01:25:48,537] {logging_mixin.py:109} INFO - [2022-10-24 01:25:48,537] {dagbag.py:500} INFO - Filling up the DagBag from /home/airflow/.local/lib/python3.7/site-packages/airflow/example_dags/example_skip_dag.py
[2022-10-24 01:25:48,621] {processor.py:654} INFO - DAG(s) dict_keys(['example_skip_dag']) retrieved from /home/airflow/.local/lib/python3.7/site-packages/airflow/example_dags/example_skip_dag.py
[2022-10-24 01:25:48,640] {logging_mixin.py:109} INFO - [2022-10-24 01:25:48,640] {dag.py:2398} INFO - Sync 1 DAGs
[2022-10-24 01:25:48,684] {logging_mixin.py:109} INFO - [2022-10-24 01:25:48,682] {dag.py:2937} INFO - Setting next_dagrun for example_skip_dag to 2022-10-23T01:25:48.682009+00:00
[2022-10-24 01:25:48,705] {processor.py:171} INFO - Processing /home/airflow/.local/lib/python3.7/site-packages/airflow/example_dags/example_skip_dag.py took 0.182 seconds
[2022-10-24 01:26:19,304] {processor.py:163} INFO - Started process (PID=916) to work on /home/airflow/.local/lib/python3.7/site-packages/airflow/example_dags/example_skip_dag.py
[2022-10-24 01:26:19,311] {processor.py:642} INFO - Processing file /home/airflow/.local/lib/python3.7/site-packages/airflow/example_dags/example_skip_dag.py for tasks to queue
[2022-10-24 01:26:19,315] {logging_mixin.py:109} INFO - [2022-10-24 01:26:19,315] {dagbag.py:500} INFO - Filling up the DagBag from /home/airflow/.local/lib/python3.7/site-packages/airflow/example_dags/example_skip_dag.py
[2022-10-24 01:26:19,397] {processor.py:654} INFO - DAG(s) dict_keys(['example_skip_dag']) retrieved from /home/airflow/.local/lib/python3.7/site-packages/airflow/example_dags/example_skip_dag.py
[2022-10-24 01:26:19,423] {logging_mixin.py:109} INFO - [2022-10-24 01:26:19,423] {dag.py:2398} INFO - Sync 1 DAGs
[2022-10-24 01:26:19,471] {logging_mixin.py:109} INFO - [2022-10-24 01:26:19,471] {dag.py:2937} INFO - Setting next_dagrun for example_skip_dag to 2022-10-23T01:26:19.470540+00:00
[2022-10-24 01:26:19,498] {processor.py:171} INFO - Processing /home/airflow/.local/lib/python3.7/site-packages/airflow/example_dags/example_skip_dag.py took 0.203 seconds
[2022-10-24 01:26:50,261] {processor.py:163} INFO - Started process (PID=977) to work on /home/airflow/.local/lib/python3.7/site-packages/airflow/example_dags/example_skip_dag.py
[2022-10-24 01:26:50,263] {processor.py:642} INFO - Processing file /home/airflow/.local/lib/python3.7/site-packages/airflow/example_dags/example_skip_dag.py for tasks to queue
[2022-10-24 01:26:50,265] {logging_mixin.py:109} INFO - [2022-10-24 01:26:50,265] {dagbag.py:500} INFO - Filling up the DagBag from /home/airflow/.local/lib/python3.7/site-packages/airflow/example_dags/example_skip_dag.py
[2022-10-24 01:26:50,320] {processor.py:654} INFO - DAG(s) dict_keys(['example_skip_dag']) retrieved from /home/airflow/.local/lib/python3.7/site-packages/airflow/example_dags/example_skip_dag.py
[2022-10-24 01:26:50,335] {logging_mixin.py:109} INFO - [2022-10-24 01:26:50,334] {dag.py:2398} INFO - Sync 1 DAGs
[2022-10-24 01:26:50,380] {logging_mixin.py:109} INFO - [2022-10-24 01:26:50,380] {dag.py:2937} INFO - Setting next_dagrun for example_skip_dag to 2022-10-23T01:26:50.380151+00:00
[2022-10-24 01:26:50,396] {processor.py:171} INFO - Processing /home/airflow/.local/lib/python3.7/site-packages/airflow/example_dags/example_skip_dag.py took 0.141 seconds
[2022-10-24 01:27:22,026] {processor.py:163} INFO - Started process (PID=1031) to work on /home/airflow/.local/lib/python3.7/site-packages/airflow/example_dags/example_skip_dag.py
[2022-10-24 01:27:22,029] {processor.py:642} INFO - Processing file /home/airflow/.local/lib/python3.7/site-packages/airflow/example_dags/example_skip_dag.py for tasks to queue
[2022-10-24 01:27:22,032] {logging_mixin.py:109} INFO - [2022-10-24 01:27:22,031] {dagbag.py:500} INFO - Filling up the DagBag from /home/airflow/.local/lib/python3.7/site-packages/airflow/example_dags/example_skip_dag.py
[2022-10-24 01:27:22,085] {processor.py:654} INFO - DAG(s) dict_keys(['example_skip_dag']) retrieved from /home/airflow/.local/lib/python3.7/site-packages/airflow/example_dags/example_skip_dag.py
[2022-10-24 01:27:22,109] {logging_mixin.py:109} INFO - [2022-10-24 01:27:22,108] {dag.py:2398} INFO - Sync 1 DAGs
[2022-10-24 01:27:22,144] {logging_mixin.py:109} INFO - [2022-10-24 01:27:22,144] {dag.py:2937} INFO - Setting next_dagrun for example_skip_dag to 2022-10-23T01:27:22.143652+00:00
[2022-10-24 01:27:22,163] {processor.py:171} INFO - Processing /home/airflow/.local/lib/python3.7/site-packages/airflow/example_dags/example_skip_dag.py took 0.143 seconds
[2022-10-24 01:27:52,288] {processor.py:163} INFO - Started process (PID=1082) to work on /home/airflow/.local/lib/python3.7/site-packages/airflow/example_dags/example_skip_dag.py
[2022-10-24 01:27:52,291] {processor.py:642} INFO - Processing file /home/airflow/.local/lib/python3.7/site-packages/airflow/example_dags/example_skip_dag.py for tasks to queue
[2022-10-24 01:27:52,293] {logging_mixin.py:109} INFO - [2022-10-24 01:27:52,293] {dagbag.py:500} INFO - Filling up the DagBag from /home/airflow/.local/lib/python3.7/site-packages/airflow/example_dags/example_skip_dag.py
[2022-10-24 01:27:52,337] {processor.py:654} INFO - DAG(s) dict_keys(['example_skip_dag']) retrieved from /home/airflow/.local/lib/python3.7/site-packages/airflow/example_dags/example_skip_dag.py
[2022-10-24 01:27:52,352] {logging_mixin.py:109} INFO - [2022-10-24 01:27:52,352] {dag.py:2398} INFO - Sync 1 DAGs
[2022-10-24 01:27:52,375] {logging_mixin.py:109} INFO - [2022-10-24 01:27:52,375] {dag.py:2937} INFO - Setting next_dagrun for example_skip_dag to 2022-10-23T01:27:52.374646+00:00
[2022-10-24 01:27:52,393] {processor.py:171} INFO - Processing /home/airflow/.local/lib/python3.7/site-packages/airflow/example_dags/example_skip_dag.py took 0.109 seconds
[2022-10-24 01:28:23,424] {processor.py:163} INFO - Started process (PID=1134) to work on /home/airflow/.local/lib/python3.7/site-packages/airflow/example_dags/example_skip_dag.py
[2022-10-24 01:28:23,426] {processor.py:642} INFO - Processing file /home/airflow/.local/lib/python3.7/site-packages/airflow/example_dags/example_skip_dag.py for tasks to queue
[2022-10-24 01:28:23,428] {logging_mixin.py:109} INFO - [2022-10-24 01:28:23,428] {dagbag.py:500} INFO - Filling up the DagBag from /home/airflow/.local/lib/python3.7/site-packages/airflow/example_dags/example_skip_dag.py
[2022-10-24 01:28:23,475] {processor.py:654} INFO - DAG(s) dict_keys(['example_skip_dag']) retrieved from /home/airflow/.local/lib/python3.7/site-packages/airflow/example_dags/example_skip_dag.py
[2022-10-24 01:28:23,487] {logging_mixin.py:109} INFO - [2022-10-24 01:28:23,487] {dag.py:2398} INFO - Sync 1 DAGs
[2022-10-24 01:28:23,505] {logging_mixin.py:109} INFO - [2022-10-24 01:28:23,505] {dag.py:2937} INFO - Setting next_dagrun for example_skip_dag to 2022-10-23T01:28:23.505049+00:00
[2022-10-24 01:28:23,522] {processor.py:171} INFO - Processing /home/airflow/.local/lib/python3.7/site-packages/airflow/example_dags/example_skip_dag.py took 0.103 seconds
[2022-10-24 01:28:53,697] {processor.py:163} INFO - Started process (PID=1184) to work on /home/airflow/.local/lib/python3.7/site-packages/airflow/example_dags/example_skip_dag.py
[2022-10-24 01:28:53,700] {processor.py:642} INFO - Processing file /home/airflow/.local/lib/python3.7/site-packages/airflow/example_dags/example_skip_dag.py for tasks to queue
[2022-10-24 01:28:53,702] {logging_mixin.py:109} INFO - [2022-10-24 01:28:53,702] {dagbag.py:500} INFO - Filling up the DagBag from /home/airflow/.local/lib/python3.7/site-packages/airflow/example_dags/example_skip_dag.py
[2022-10-24 01:28:53,747] {processor.py:654} INFO - DAG(s) dict_keys(['example_skip_dag']) retrieved from /home/airflow/.local/lib/python3.7/site-packages/airflow/example_dags/example_skip_dag.py
[2022-10-24 01:28:53,759] {logging_mixin.py:109} INFO - [2022-10-24 01:28:53,759] {dag.py:2398} INFO - Sync 1 DAGs
[2022-10-24 01:28:53,780] {logging_mixin.py:109} INFO - [2022-10-24 01:28:53,780] {dag.py:2937} INFO - Setting next_dagrun for example_skip_dag to 2022-10-23T01:28:53.780083+00:00
[2022-10-24 01:28:53,805] {processor.py:171} INFO - Processing /home/airflow/.local/lib/python3.7/site-packages/airflow/example_dags/example_skip_dag.py took 0.114 seconds
[2022-10-24 01:29:24,240] {processor.py:163} INFO - Started process (PID=1245) to work on /home/airflow/.local/lib/python3.7/site-packages/airflow/example_dags/example_skip_dag.py
[2022-10-24 01:29:24,243] {processor.py:642} INFO - Processing file /home/airflow/.local/lib/python3.7/site-packages/airflow/example_dags/example_skip_dag.py for tasks to queue
[2022-10-24 01:29:24,248] {logging_mixin.py:109} INFO - [2022-10-24 01:29:24,247] {dagbag.py:500} INFO - Filling up the DagBag from /home/airflow/.local/lib/python3.7/site-packages/airflow/example_dags/example_skip_dag.py
[2022-10-24 01:29:24,324] {processor.py:654} INFO - DAG(s) dict_keys(['example_skip_dag']) retrieved from /home/airflow/.local/lib/python3.7/site-packages/airflow/example_dags/example_skip_dag.py
[2022-10-24 01:29:24,347] {logging_mixin.py:109} INFO - [2022-10-24 01:29:24,347] {dag.py:2398} INFO - Sync 1 DAGs
[2022-10-24 01:29:24,379] {logging_mixin.py:109} INFO - [2022-10-24 01:29:24,379] {dag.py:2937} INFO - Setting next_dagrun for example_skip_dag to 2022-10-23T01:29:24.379051+00:00
[2022-10-24 01:29:24,399] {processor.py:171} INFO - Processing /home/airflow/.local/lib/python3.7/site-packages/airflow/example_dags/example_skip_dag.py took 0.164 seconds
[2022-10-24 01:29:54,511] {processor.py:163} INFO - Started process (PID=1299) to work on /home/airflow/.local/lib/python3.7/site-packages/airflow/example_dags/example_skip_dag.py
[2022-10-24 01:29:54,515] {processor.py:642} INFO - Processing file /home/airflow/.local/lib/python3.7/site-packages/airflow/example_dags/example_skip_dag.py for tasks to queue
[2022-10-24 01:29:54,516] {logging_mixin.py:109} INFO - [2022-10-24 01:29:54,516] {dagbag.py:500} INFO - Filling up the DagBag from /home/airflow/.local/lib/python3.7/site-packages/airflow/example_dags/example_skip_dag.py
[2022-10-24 01:29:54,560] {processor.py:654} INFO - DAG(s) dict_keys(['example_skip_dag']) retrieved from /home/airflow/.local/lib/python3.7/site-packages/airflow/example_dags/example_skip_dag.py
[2022-10-24 01:29:54,585] {logging_mixin.py:109} INFO - [2022-10-24 01:29:54,585] {dag.py:2398} INFO - Sync 1 DAGs
[2022-10-24 01:29:54,619] {logging_mixin.py:109} INFO - [2022-10-24 01:29:54,619] {dag.py:2937} INFO - Setting next_dagrun for example_skip_dag to 2022-10-23T01:29:54.618715+00:00
[2022-10-24 01:29:54,641] {processor.py:171} INFO - Processing /home/airflow/.local/lib/python3.7/site-packages/airflow/example_dags/example_skip_dag.py took 0.136 seconds
[2022-10-24 01:30:25,196] {processor.py:163} INFO - Started process (PID=1352) to work on /home/airflow/.local/lib/python3.7/site-packages/airflow/example_dags/example_skip_dag.py
[2022-10-24 01:30:25,201] {processor.py:642} INFO - Processing file /home/airflow/.local/lib/python3.7/site-packages/airflow/example_dags/example_skip_dag.py for tasks to queue
[2022-10-24 01:30:25,205] {logging_mixin.py:109} INFO - [2022-10-24 01:30:25,205] {dagbag.py:500} INFO - Filling up the DagBag from /home/airflow/.local/lib/python3.7/site-packages/airflow/example_dags/example_skip_dag.py
[2022-10-24 01:30:25,249] {processor.py:654} INFO - DAG(s) dict_keys(['example_skip_dag']) retrieved from /home/airflow/.local/lib/python3.7/site-packages/airflow/example_dags/example_skip_dag.py
[2022-10-24 01:30:25,262] {logging_mixin.py:109} INFO - [2022-10-24 01:30:25,262] {dag.py:2398} INFO - Sync 1 DAGs
[2022-10-24 01:30:25,284] {logging_mixin.py:109} INFO - [2022-10-24 01:30:25,284] {dag.py:2937} INFO - Setting next_dagrun for example_skip_dag to 2022-10-23T01:30:25.283887+00:00
[2022-10-24 01:30:25,299] {processor.py:171} INFO - Processing /home/airflow/.local/lib/python3.7/site-packages/airflow/example_dags/example_skip_dag.py took 0.116 seconds
[2022-10-24 01:30:55,494] {processor.py:163} INFO - Started process (PID=1404) to work on /home/airflow/.local/lib/python3.7/site-packages/airflow/example_dags/example_skip_dag.py
[2022-10-24 01:30:55,496] {processor.py:642} INFO - Processing file /home/airflow/.local/lib/python3.7/site-packages/airflow/example_dags/example_skip_dag.py for tasks to queue
[2022-10-24 01:30:55,497] {logging_mixin.py:109} INFO - [2022-10-24 01:30:55,497] {dagbag.py:500} INFO - Filling up the DagBag from /home/airflow/.local/lib/python3.7/site-packages/airflow/example_dags/example_skip_dag.py
[2022-10-24 01:30:55,539] {processor.py:654} INFO - DAG(s) dict_keys(['example_skip_dag']) retrieved from /home/airflow/.local/lib/python3.7/site-packages/airflow/example_dags/example_skip_dag.py
[2022-10-24 01:30:55,559] {logging_mixin.py:109} INFO - [2022-10-24 01:30:55,559] {dag.py:2398} INFO - Sync 1 DAGs
[2022-10-24 01:30:55,579] {logging_mixin.py:109} INFO - [2022-10-24 01:30:55,579] {dag.py:2937} INFO - Setting next_dagrun for example_skip_dag to 2022-10-23T01:30:55.579581+00:00
[2022-10-24 01:30:55,596] {processor.py:171} INFO - Processing /home/airflow/.local/lib/python3.7/site-packages/airflow/example_dags/example_skip_dag.py took 0.106 seconds
[2022-10-24 01:31:26,058] {processor.py:163} INFO - Started process (PID=1464) to work on /home/airflow/.local/lib/python3.7/site-packages/airflow/example_dags/example_skip_dag.py
[2022-10-24 01:31:26,062] {processor.py:642} INFO - Processing file /home/airflow/.local/lib/python3.7/site-packages/airflow/example_dags/example_skip_dag.py for tasks to queue
[2022-10-24 01:31:26,065] {logging_mixin.py:109} INFO - [2022-10-24 01:31:26,064] {dagbag.py:500} INFO - Filling up the DagBag from /home/airflow/.local/lib/python3.7/site-packages/airflow/example_dags/example_skip_dag.py
[2022-10-24 01:31:26,137] {processor.py:654} INFO - DAG(s) dict_keys(['example_skip_dag']) retrieved from /home/airflow/.local/lib/python3.7/site-packages/airflow/example_dags/example_skip_dag.py
[2022-10-24 01:31:26,164] {logging_mixin.py:109} INFO - [2022-10-24 01:31:26,164] {dag.py:2398} INFO - Sync 1 DAGs
[2022-10-24 01:31:26,206] {logging_mixin.py:109} INFO - [2022-10-24 01:31:26,206] {dag.py:2937} INFO - Setting next_dagrun for example_skip_dag to 2022-10-23T01:31:26.206093+00:00
[2022-10-24 01:31:26,234] {processor.py:171} INFO - Processing /home/airflow/.local/lib/python3.7/site-packages/airflow/example_dags/example_skip_dag.py took 0.185 seconds
[2022-10-24 01:31:57,072] {processor.py:163} INFO - Started process (PID=1517) to work on /home/airflow/.local/lib/python3.7/site-packages/airflow/example_dags/example_skip_dag.py
[2022-10-24 01:31:57,074] {processor.py:642} INFO - Processing file /home/airflow/.local/lib/python3.7/site-packages/airflow/example_dags/example_skip_dag.py for tasks to queue
[2022-10-24 01:31:57,076] {logging_mixin.py:109} INFO - [2022-10-24 01:31:57,076] {dagbag.py:500} INFO - Filling up the DagBag from /home/airflow/.local/lib/python3.7/site-packages/airflow/example_dags/example_skip_dag.py
[2022-10-24 01:31:57,121] {processor.py:654} INFO - DAG(s) dict_keys(['example_skip_dag']) retrieved from /home/airflow/.local/lib/python3.7/site-packages/airflow/example_dags/example_skip_dag.py
[2022-10-24 01:31:57,132] {logging_mixin.py:109} INFO - [2022-10-24 01:31:57,132] {dag.py:2398} INFO - Sync 1 DAGs
[2022-10-24 01:31:57,151] {logging_mixin.py:109} INFO - [2022-10-24 01:31:57,150] {dag.py:2937} INFO - Setting next_dagrun for example_skip_dag to 2022-10-23T01:31:57.150486+00:00
[2022-10-24 01:31:57,168] {processor.py:171} INFO - Processing /home/airflow/.local/lib/python3.7/site-packages/airflow/example_dags/example_skip_dag.py took 0.100 seconds
[2022-10-24 01:32:27,570] {processor.py:163} INFO - Started process (PID=1571) to work on /home/airflow/.local/lib/python3.7/site-packages/airflow/example_dags/example_skip_dag.py
[2022-10-24 01:32:27,573] {processor.py:642} INFO - Processing file /home/airflow/.local/lib/python3.7/site-packages/airflow/example_dags/example_skip_dag.py for tasks to queue
[2022-10-24 01:32:27,574] {logging_mixin.py:109} INFO - [2022-10-24 01:32:27,574] {dagbag.py:500} INFO - Filling up the DagBag from /home/airflow/.local/lib/python3.7/site-packages/airflow/example_dags/example_skip_dag.py
[2022-10-24 01:32:27,609] {processor.py:654} INFO - DAG(s) dict_keys(['example_skip_dag']) retrieved from /home/airflow/.local/lib/python3.7/site-packages/airflow/example_dags/example_skip_dag.py
[2022-10-24 01:32:27,623] {logging_mixin.py:109} INFO - [2022-10-24 01:32:27,623] {dag.py:2398} INFO - Sync 1 DAGs
[2022-10-24 01:32:27,639] {logging_mixin.py:109} INFO - [2022-10-24 01:32:27,639] {dag.py:2937} INFO - Setting next_dagrun for example_skip_dag to 2022-10-23T01:32:27.638837+00:00
[2022-10-24 01:32:27,649] {processor.py:171} INFO - Processing /home/airflow/.local/lib/python3.7/site-packages/airflow/example_dags/example_skip_dag.py took 0.082 seconds
[2022-10-24 01:32:58,310] {processor.py:163} INFO - Started process (PID=1632) to work on /home/airflow/.local/lib/python3.7/site-packages/airflow/example_dags/example_skip_dag.py
[2022-10-24 01:32:58,313] {processor.py:642} INFO - Processing file /home/airflow/.local/lib/python3.7/site-packages/airflow/example_dags/example_skip_dag.py for tasks to queue
[2022-10-24 01:32:58,314] {logging_mixin.py:109} INFO - [2022-10-24 01:32:58,314] {dagbag.py:500} INFO - Filling up the DagBag from /home/airflow/.local/lib/python3.7/site-packages/airflow/example_dags/example_skip_dag.py
[2022-10-24 01:32:58,349] {processor.py:654} INFO - DAG(s) dict_keys(['example_skip_dag']) retrieved from /home/airflow/.local/lib/python3.7/site-packages/airflow/example_dags/example_skip_dag.py
[2022-10-24 01:32:58,361] {logging_mixin.py:109} INFO - [2022-10-24 01:32:58,361] {dag.py:2398} INFO - Sync 1 DAGs
[2022-10-24 01:32:58,380] {logging_mixin.py:109} INFO - [2022-10-24 01:32:58,380] {dag.py:2937} INFO - Setting next_dagrun for example_skip_dag to 2022-10-23T01:32:58.379565+00:00
[2022-10-24 01:32:58,396] {processor.py:171} INFO - Processing /home/airflow/.local/lib/python3.7/site-packages/airflow/example_dags/example_skip_dag.py took 0.089 seconds
[2022-10-24 01:33:29,063] {processor.py:163} INFO - Started process (PID=1684) to work on /home/airflow/.local/lib/python3.7/site-packages/airflow/example_dags/example_skip_dag.py
[2022-10-24 01:33:29,065] {processor.py:642} INFO - Processing file /home/airflow/.local/lib/python3.7/site-packages/airflow/example_dags/example_skip_dag.py for tasks to queue
[2022-10-24 01:33:29,066] {logging_mixin.py:109} INFO - [2022-10-24 01:33:29,066] {dagbag.py:500} INFO - Filling up the DagBag from /home/airflow/.local/lib/python3.7/site-packages/airflow/example_dags/example_skip_dag.py
[2022-10-24 01:33:29,121] {processor.py:654} INFO - DAG(s) dict_keys(['example_skip_dag']) retrieved from /home/airflow/.local/lib/python3.7/site-packages/airflow/example_dags/example_skip_dag.py
[2022-10-24 01:33:29,138] {logging_mixin.py:109} INFO - [2022-10-24 01:33:29,138] {dag.py:2398} INFO - Sync 1 DAGs
[2022-10-24 01:33:29,156] {logging_mixin.py:109} INFO - [2022-10-24 01:33:29,156] {dag.py:2937} INFO - Setting next_dagrun for example_skip_dag to 2022-10-23T01:33:29.156244+00:00
[2022-10-24 01:33:29,170] {processor.py:171} INFO - Processing /home/airflow/.local/lib/python3.7/site-packages/airflow/example_dags/example_skip_dag.py took 0.112 seconds
[2022-10-24 01:33:59,896] {processor.py:163} INFO - Started process (PID=1744) to work on /home/airflow/.local/lib/python3.7/site-packages/airflow/example_dags/example_skip_dag.py
[2022-10-24 01:33:59,899] {processor.py:642} INFO - Processing file /home/airflow/.local/lib/python3.7/site-packages/airflow/example_dags/example_skip_dag.py for tasks to queue
[2022-10-24 01:33:59,900] {logging_mixin.py:109} INFO - [2022-10-24 01:33:59,900] {dagbag.py:500} INFO - Filling up the DagBag from /home/airflow/.local/lib/python3.7/site-packages/airflow/example_dags/example_skip_dag.py
[2022-10-24 01:33:59,936] {processor.py:654} INFO - DAG(s) dict_keys(['example_skip_dag']) retrieved from /home/airflow/.local/lib/python3.7/site-packages/airflow/example_dags/example_skip_dag.py
[2022-10-24 01:33:59,955] {logging_mixin.py:109} INFO - [2022-10-24 01:33:59,954] {dag.py:2398} INFO - Sync 1 DAGs
[2022-10-24 01:33:59,977] {logging_mixin.py:109} INFO - [2022-10-24 01:33:59,977] {dag.py:2937} INFO - Setting next_dagrun for example_skip_dag to 2022-10-23T01:33:59.977313+00:00
[2022-10-24 01:33:59,987] {processor.py:171} INFO - Processing /home/airflow/.local/lib/python3.7/site-packages/airflow/example_dags/example_skip_dag.py took 0.095 seconds
[2022-10-24 01:34:30,804] {processor.py:163} INFO - Started process (PID=1795) to work on /home/airflow/.local/lib/python3.7/site-packages/airflow/example_dags/example_skip_dag.py
[2022-10-24 01:34:30,808] {processor.py:642} INFO - Processing file /home/airflow/.local/lib/python3.7/site-packages/airflow/example_dags/example_skip_dag.py for tasks to queue
[2022-10-24 01:34:30,812] {logging_mixin.py:109} INFO - [2022-10-24 01:34:30,812] {dagbag.py:500} INFO - Filling up the DagBag from /home/airflow/.local/lib/python3.7/site-packages/airflow/example_dags/example_skip_dag.py
[2022-10-24 01:34:30,850] {processor.py:654} INFO - DAG(s) dict_keys(['example_skip_dag']) retrieved from /home/airflow/.local/lib/python3.7/site-packages/airflow/example_dags/example_skip_dag.py
[2022-10-24 01:34:30,866] {logging_mixin.py:109} INFO - [2022-10-24 01:34:30,866] {dag.py:2398} INFO - Sync 1 DAGs
[2022-10-24 01:34:30,885] {logging_mixin.py:109} INFO - [2022-10-24 01:34:30,885] {dag.py:2937} INFO - Setting next_dagrun for example_skip_dag to 2022-10-23T01:34:30.885507+00:00
[2022-10-24 01:34:30,900] {processor.py:171} INFO - Processing /home/airflow/.local/lib/python3.7/site-packages/airflow/example_dags/example_skip_dag.py took 0.106 seconds
[2022-10-24 01:35:01,308] {processor.py:163} INFO - Started process (PID=1847) to work on /home/airflow/.local/lib/python3.7/site-packages/airflow/example_dags/example_skip_dag.py
[2022-10-24 01:35:01,310] {processor.py:642} INFO - Processing file /home/airflow/.local/lib/python3.7/site-packages/airflow/example_dags/example_skip_dag.py for tasks to queue
[2022-10-24 01:35:01,312] {logging_mixin.py:109} INFO - [2022-10-24 01:35:01,312] {dagbag.py:500} INFO - Filling up the DagBag from /home/airflow/.local/lib/python3.7/site-packages/airflow/example_dags/example_skip_dag.py
[2022-10-24 01:35:01,346] {processor.py:654} INFO - DAG(s) dict_keys(['example_skip_dag']) retrieved from /home/airflow/.local/lib/python3.7/site-packages/airflow/example_dags/example_skip_dag.py
[2022-10-24 01:35:01,357] {logging_mixin.py:109} INFO - [2022-10-24 01:35:01,356] {dag.py:2398} INFO - Sync 1 DAGs
[2022-10-24 01:35:01,374] {logging_mixin.py:109} INFO - [2022-10-24 01:35:01,373] {dag.py:2937} INFO - Setting next_dagrun for example_skip_dag to 2022-10-23T01:35:01.373604+00:00
[2022-10-24 01:35:01,385] {processor.py:171} INFO - Processing /home/airflow/.local/lib/python3.7/site-packages/airflow/example_dags/example_skip_dag.py took 0.081 seconds
[2022-10-24 01:35:31,849] {processor.py:163} INFO - Started process (PID=1909) to work on /home/airflow/.local/lib/python3.7/site-packages/airflow/example_dags/example_skip_dag.py
[2022-10-24 01:35:31,855] {processor.py:642} INFO - Processing file /home/airflow/.local/lib/python3.7/site-packages/airflow/example_dags/example_skip_dag.py for tasks to queue
[2022-10-24 01:35:31,858] {logging_mixin.py:109} INFO - [2022-10-24 01:35:31,858] {dagbag.py:500} INFO - Filling up the DagBag from /home/airflow/.local/lib/python3.7/site-packages/airflow/example_dags/example_skip_dag.py
[2022-10-24 01:35:31,913] {processor.py:654} INFO - DAG(s) dict_keys(['example_skip_dag']) retrieved from /home/airflow/.local/lib/python3.7/site-packages/airflow/example_dags/example_skip_dag.py
[2022-10-24 01:35:31,942] {logging_mixin.py:109} INFO - [2022-10-24 01:35:31,941] {dag.py:2398} INFO - Sync 1 DAGs
[2022-10-24 01:35:31,960] {logging_mixin.py:109} INFO - [2022-10-24 01:35:31,960] {dag.py:2937} INFO - Setting next_dagrun for example_skip_dag to 2022-10-23T01:35:31.960476+00:00
[2022-10-24 01:35:31,974] {processor.py:171} INFO - Processing /home/airflow/.local/lib/python3.7/site-packages/airflow/example_dags/example_skip_dag.py took 0.137 seconds
