[2022-10-24 01:18:05,162] {processor.py:163} INFO - Started process (PID=51) to work on /home/airflow/.local/lib/python3.7/site-packages/airflow/example_dags/example_dag_decorator.py
[2022-10-24 01:18:05,171] {processor.py:642} INFO - Processing file /home/airflow/.local/lib/python3.7/site-packages/airflow/example_dags/example_dag_decorator.py for tasks to queue
[2022-10-24 01:18:05,175] {logging_mixin.py:109} INFO - [2022-10-24 01:18:05,175] {dagbag.py:500} INFO - Filling up the DagBag from /home/airflow/.local/lib/python3.7/site-packages/airflow/example_dags/example_dag_decorator.py
[2022-10-24 01:18:05,409] {processor.py:654} INFO - DAG(s) dict_keys(['example_dag_decorator']) retrieved from /home/airflow/.local/lib/python3.7/site-packages/airflow/example_dags/example_dag_decorator.py
[2022-10-24 01:18:06,098] {logging_mixin.py:109} INFO - [2022-10-24 01:18:06,097] {dag.py:2398} INFO - Sync 1 DAGs
[2022-10-24 01:18:06,160] {logging_mixin.py:109} INFO - [2022-10-24 01:18:06,160] {dag.py:2937} INFO - Setting next_dagrun for example_dag_decorator to None
[2022-10-24 01:18:06,185] {processor.py:171} INFO - Processing /home/airflow/.local/lib/python3.7/site-packages/airflow/example_dags/example_dag_decorator.py took 1.038 seconds
[2022-10-24 01:18:36,733] {processor.py:163} INFO - Started process (PID=103) to work on /home/airflow/.local/lib/python3.7/site-packages/airflow/example_dags/example_dag_decorator.py
[2022-10-24 01:18:36,740] {processor.py:642} INFO - Processing file /home/airflow/.local/lib/python3.7/site-packages/airflow/example_dags/example_dag_decorator.py for tasks to queue
[2022-10-24 01:18:36,765] {logging_mixin.py:109} INFO - [2022-10-24 01:18:36,764] {dagbag.py:500} INFO - Filling up the DagBag from /home/airflow/.local/lib/python3.7/site-packages/airflow/example_dags/example_dag_decorator.py
[2022-10-24 01:18:37,101] {processor.py:654} INFO - DAG(s) dict_keys(['example_dag_decorator']) retrieved from /home/airflow/.local/lib/python3.7/site-packages/airflow/example_dags/example_dag_decorator.py
[2022-10-24 01:18:37,948] {logging_mixin.py:109} INFO - [2022-10-24 01:18:37,947] {dag.py:2398} INFO - Sync 1 DAGs
[2022-10-24 01:18:38,001] {logging_mixin.py:109} INFO - [2022-10-24 01:18:38,000] {dag.py:2937} INFO - Setting next_dagrun for example_dag_decorator to None
[2022-10-24 01:18:38,071] {processor.py:171} INFO - Processing /home/airflow/.local/lib/python3.7/site-packages/airflow/example_dags/example_dag_decorator.py took 1.343 seconds
[2022-10-24 01:19:08,866] {processor.py:163} INFO - Started process (PID=157) to work on /home/airflow/.local/lib/python3.7/site-packages/airflow/example_dags/example_dag_decorator.py
[2022-10-24 01:19:08,868] {processor.py:642} INFO - Processing file /home/airflow/.local/lib/python3.7/site-packages/airflow/example_dags/example_dag_decorator.py for tasks to queue
[2022-10-24 01:19:08,870] {logging_mixin.py:109} INFO - [2022-10-24 01:19:08,870] {dagbag.py:500} INFO - Filling up the DagBag from /home/airflow/.local/lib/python3.7/site-packages/airflow/example_dags/example_dag_decorator.py
[2022-10-24 01:19:08,946] {processor.py:654} INFO - DAG(s) dict_keys(['example_dag_decorator']) retrieved from /home/airflow/.local/lib/python3.7/site-packages/airflow/example_dags/example_dag_decorator.py
[2022-10-24 01:19:09,214] {logging_mixin.py:109} INFO - [2022-10-24 01:19:09,214] {dag.py:2398} INFO - Sync 1 DAGs
[2022-10-24 01:19:09,238] {logging_mixin.py:109} INFO - [2022-10-24 01:19:09,238] {dag.py:2937} INFO - Setting next_dagrun for example_dag_decorator to None
[2022-10-24 01:19:09,259] {processor.py:171} INFO - Processing /home/airflow/.local/lib/python3.7/site-packages/airflow/example_dags/example_dag_decorator.py took 0.398 seconds
[2022-10-24 01:19:39,858] {processor.py:163} INFO - Started process (PID=216) to work on /home/airflow/.local/lib/python3.7/site-packages/airflow/example_dags/example_dag_decorator.py
[2022-10-24 01:19:39,861] {processor.py:642} INFO - Processing file /home/airflow/.local/lib/python3.7/site-packages/airflow/example_dags/example_dag_decorator.py for tasks to queue
[2022-10-24 01:19:39,864] {logging_mixin.py:109} INFO - [2022-10-24 01:19:39,863] {dagbag.py:500} INFO - Filling up the DagBag from /home/airflow/.local/lib/python3.7/site-packages/airflow/example_dags/example_dag_decorator.py
[2022-10-24 01:19:39,934] {processor.py:654} INFO - DAG(s) dict_keys(['example_dag_decorator']) retrieved from /home/airflow/.local/lib/python3.7/site-packages/airflow/example_dags/example_dag_decorator.py
[2022-10-24 01:19:40,198] {logging_mixin.py:109} INFO - [2022-10-24 01:19:40,198] {dag.py:2398} INFO - Sync 1 DAGs
[2022-10-24 01:19:40,223] {logging_mixin.py:109} INFO - [2022-10-24 01:19:40,223] {dag.py:2937} INFO - Setting next_dagrun for example_dag_decorator to None
[2022-10-24 01:19:40,243] {processor.py:171} INFO - Processing /home/airflow/.local/lib/python3.7/site-packages/airflow/example_dags/example_dag_decorator.py took 0.390 seconds
[2022-10-24 01:20:10,802] {processor.py:163} INFO - Started process (PID=269) to work on /home/airflow/.local/lib/python3.7/site-packages/airflow/example_dags/example_dag_decorator.py
[2022-10-24 01:20:10,805] {processor.py:642} INFO - Processing file /home/airflow/.local/lib/python3.7/site-packages/airflow/example_dags/example_dag_decorator.py for tasks to queue
[2022-10-24 01:20:10,806] {logging_mixin.py:109} INFO - [2022-10-24 01:20:10,806] {dagbag.py:500} INFO - Filling up the DagBag from /home/airflow/.local/lib/python3.7/site-packages/airflow/example_dags/example_dag_decorator.py
[2022-10-24 01:20:10,865] {processor.py:654} INFO - DAG(s) dict_keys(['example_dag_decorator']) retrieved from /home/airflow/.local/lib/python3.7/site-packages/airflow/example_dags/example_dag_decorator.py
[2022-10-24 01:20:11,116] {logging_mixin.py:109} INFO - [2022-10-24 01:20:11,116] {dag.py:2398} INFO - Sync 1 DAGs
[2022-10-24 01:20:11,140] {logging_mixin.py:109} INFO - [2022-10-24 01:20:11,140] {dag.py:2937} INFO - Setting next_dagrun for example_dag_decorator to None
[2022-10-24 01:20:11,159] {processor.py:171} INFO - Processing /home/airflow/.local/lib/python3.7/site-packages/airflow/example_dags/example_dag_decorator.py took 0.361 seconds
[2022-10-24 01:20:41,252] {processor.py:163} INFO - Started process (PID=321) to work on /home/airflow/.local/lib/python3.7/site-packages/airflow/example_dags/example_dag_decorator.py
[2022-10-24 01:20:41,255] {processor.py:642} INFO - Processing file /home/airflow/.local/lib/python3.7/site-packages/airflow/example_dags/example_dag_decorator.py for tasks to queue
[2022-10-24 01:20:41,257] {logging_mixin.py:109} INFO - [2022-10-24 01:20:41,257] {dagbag.py:500} INFO - Filling up the DagBag from /home/airflow/.local/lib/python3.7/site-packages/airflow/example_dags/example_dag_decorator.py
[2022-10-24 01:20:41,314] {processor.py:654} INFO - DAG(s) dict_keys(['example_dag_decorator']) retrieved from /home/airflow/.local/lib/python3.7/site-packages/airflow/example_dags/example_dag_decorator.py
[2022-10-24 01:20:41,532] {logging_mixin.py:109} INFO - [2022-10-24 01:20:41,532] {dag.py:2398} INFO - Sync 1 DAGs
[2022-10-24 01:20:41,552] {logging_mixin.py:109} INFO - [2022-10-24 01:20:41,552] {dag.py:2937} INFO - Setting next_dagrun for example_dag_decorator to None
[2022-10-24 01:20:41,568] {processor.py:171} INFO - Processing /home/airflow/.local/lib/python3.7/site-packages/airflow/example_dags/example_dag_decorator.py took 0.321 seconds
[2022-10-24 01:21:11,618] {processor.py:163} INFO - Started process (PID=383) to work on /home/airflow/.local/lib/python3.7/site-packages/airflow/example_dags/example_dag_decorator.py
[2022-10-24 01:21:11,622] {processor.py:642} INFO - Processing file /home/airflow/.local/lib/python3.7/site-packages/airflow/example_dags/example_dag_decorator.py for tasks to queue
[2022-10-24 01:21:11,624] {logging_mixin.py:109} INFO - [2022-10-24 01:21:11,623] {dagbag.py:500} INFO - Filling up the DagBag from /home/airflow/.local/lib/python3.7/site-packages/airflow/example_dags/example_dag_decorator.py
[2022-10-24 01:21:11,676] {processor.py:654} INFO - DAG(s) dict_keys(['example_dag_decorator']) retrieved from /home/airflow/.local/lib/python3.7/site-packages/airflow/example_dags/example_dag_decorator.py
[2022-10-24 01:21:11,926] {logging_mixin.py:109} INFO - [2022-10-24 01:21:11,926] {dag.py:2398} INFO - Sync 1 DAGs
[2022-10-24 01:21:11,941] {logging_mixin.py:109} INFO - [2022-10-24 01:21:11,941] {dag.py:2937} INFO - Setting next_dagrun for example_dag_decorator to None
[2022-10-24 01:21:11,954] {processor.py:171} INFO - Processing /home/airflow/.local/lib/python3.7/site-packages/airflow/example_dags/example_dag_decorator.py took 0.344 seconds
[2022-10-24 01:21:42,272] {processor.py:163} INFO - Started process (PID=437) to work on /home/airflow/.local/lib/python3.7/site-packages/airflow/example_dags/example_dag_decorator.py
[2022-10-24 01:21:42,274] {processor.py:642} INFO - Processing file /home/airflow/.local/lib/python3.7/site-packages/airflow/example_dags/example_dag_decorator.py for tasks to queue
[2022-10-24 01:21:42,277] {logging_mixin.py:109} INFO - [2022-10-24 01:21:42,276] {dagbag.py:500} INFO - Filling up the DagBag from /home/airflow/.local/lib/python3.7/site-packages/airflow/example_dags/example_dag_decorator.py
[2022-10-24 01:21:42,329] {processor.py:654} INFO - DAG(s) dict_keys(['example_dag_decorator']) retrieved from /home/airflow/.local/lib/python3.7/site-packages/airflow/example_dags/example_dag_decorator.py
[2022-10-24 01:21:42,590] {logging_mixin.py:109} INFO - [2022-10-24 01:21:42,590] {dag.py:2398} INFO - Sync 1 DAGs
[2022-10-24 01:21:42,615] {logging_mixin.py:109} INFO - [2022-10-24 01:21:42,615] {dag.py:2937} INFO - Setting next_dagrun for example_dag_decorator to None
[2022-10-24 01:21:42,630] {processor.py:171} INFO - Processing /home/airflow/.local/lib/python3.7/site-packages/airflow/example_dags/example_dag_decorator.py took 0.362 seconds
[2022-10-24 01:22:13,083] {processor.py:163} INFO - Started process (PID=495) to work on /home/airflow/.local/lib/python3.7/site-packages/airflow/example_dags/example_dag_decorator.py
[2022-10-24 01:22:13,085] {processor.py:642} INFO - Processing file /home/airflow/.local/lib/python3.7/site-packages/airflow/example_dags/example_dag_decorator.py for tasks to queue
[2022-10-24 01:22:13,087] {logging_mixin.py:109} INFO - [2022-10-24 01:22:13,087] {dagbag.py:500} INFO - Filling up the DagBag from /home/airflow/.local/lib/python3.7/site-packages/airflow/example_dags/example_dag_decorator.py
[2022-10-24 01:22:13,149] {processor.py:654} INFO - DAG(s) dict_keys(['example_dag_decorator']) retrieved from /home/airflow/.local/lib/python3.7/site-packages/airflow/example_dags/example_dag_decorator.py
[2022-10-24 01:22:13,469] {logging_mixin.py:109} INFO - [2022-10-24 01:22:13,469] {dag.py:2398} INFO - Sync 1 DAGs
[2022-10-24 01:22:13,489] {logging_mixin.py:109} INFO - [2022-10-24 01:22:13,489] {dag.py:2937} INFO - Setting next_dagrun for example_dag_decorator to None
[2022-10-24 01:22:13,508] {processor.py:171} INFO - Processing /home/airflow/.local/lib/python3.7/site-packages/airflow/example_dags/example_dag_decorator.py took 0.429 seconds
[2022-10-24 01:22:43,849] {processor.py:163} INFO - Started process (PID=547) to work on /home/airflow/.local/lib/python3.7/site-packages/airflow/example_dags/example_dag_decorator.py
[2022-10-24 01:22:43,852] {processor.py:642} INFO - Processing file /home/airflow/.local/lib/python3.7/site-packages/airflow/example_dags/example_dag_decorator.py for tasks to queue
[2022-10-24 01:22:43,853] {logging_mixin.py:109} INFO - [2022-10-24 01:22:43,853] {dagbag.py:500} INFO - Filling up the DagBag from /home/airflow/.local/lib/python3.7/site-packages/airflow/example_dags/example_dag_decorator.py
[2022-10-24 01:22:43,907] {processor.py:654} INFO - DAG(s) dict_keys(['example_dag_decorator']) retrieved from /home/airflow/.local/lib/python3.7/site-packages/airflow/example_dags/example_dag_decorator.py
[2022-10-24 01:22:44,395] {logging_mixin.py:109} INFO - [2022-10-24 01:22:44,394] {dag.py:2398} INFO - Sync 1 DAGs
[2022-10-24 01:22:44,446] {logging_mixin.py:109} INFO - [2022-10-24 01:22:44,446] {dag.py:2937} INFO - Setting next_dagrun for example_dag_decorator to None
[2022-10-24 01:22:44,470] {processor.py:171} INFO - Processing /home/airflow/.local/lib/python3.7/site-packages/airflow/example_dags/example_dag_decorator.py took 0.625 seconds
[2022-10-24 01:23:14,812] {processor.py:163} INFO - Started process (PID=600) to work on /home/airflow/.local/lib/python3.7/site-packages/airflow/example_dags/example_dag_decorator.py
[2022-10-24 01:23:14,814] {processor.py:642} INFO - Processing file /home/airflow/.local/lib/python3.7/site-packages/airflow/example_dags/example_dag_decorator.py for tasks to queue
[2022-10-24 01:23:14,816] {logging_mixin.py:109} INFO - [2022-10-24 01:23:14,816] {dagbag.py:500} INFO - Filling up the DagBag from /home/airflow/.local/lib/python3.7/site-packages/airflow/example_dags/example_dag_decorator.py
[2022-10-24 01:23:14,868] {processor.py:654} INFO - DAG(s) dict_keys(['example_dag_decorator']) retrieved from /home/airflow/.local/lib/python3.7/site-packages/airflow/example_dags/example_dag_decorator.py
[2022-10-24 01:23:15,132] {logging_mixin.py:109} INFO - [2022-10-24 01:23:15,132] {dag.py:2398} INFO - Sync 1 DAGs
[2022-10-24 01:23:15,152] {logging_mixin.py:109} INFO - [2022-10-24 01:23:15,152] {dag.py:2937} INFO - Setting next_dagrun for example_dag_decorator to None
[2022-10-24 01:23:15,172] {processor.py:171} INFO - Processing /home/airflow/.local/lib/python3.7/site-packages/airflow/example_dags/example_dag_decorator.py took 0.365 seconds
[2022-10-24 01:23:45,989] {processor.py:163} INFO - Started process (PID=660) to work on /home/airflow/.local/lib/python3.7/site-packages/airflow/example_dags/example_dag_decorator.py
[2022-10-24 01:23:45,992] {processor.py:642} INFO - Processing file /home/airflow/.local/lib/python3.7/site-packages/airflow/example_dags/example_dag_decorator.py for tasks to queue
[2022-10-24 01:23:45,994] {logging_mixin.py:109} INFO - [2022-10-24 01:23:45,993] {dagbag.py:500} INFO - Filling up the DagBag from /home/airflow/.local/lib/python3.7/site-packages/airflow/example_dags/example_dag_decorator.py
[2022-10-24 01:23:46,072] {processor.py:654} INFO - DAG(s) dict_keys(['example_dag_decorator']) retrieved from /home/airflow/.local/lib/python3.7/site-packages/airflow/example_dags/example_dag_decorator.py
[2022-10-24 01:23:46,504] {logging_mixin.py:109} INFO - [2022-10-24 01:23:46,504] {dag.py:2398} INFO - Sync 1 DAGs
[2022-10-24 01:23:46,533] {logging_mixin.py:109} INFO - [2022-10-24 01:23:46,533] {dag.py:2937} INFO - Setting next_dagrun for example_dag_decorator to None
[2022-10-24 01:23:46,561] {processor.py:171} INFO - Processing /home/airflow/.local/lib/python3.7/site-packages/airflow/example_dags/example_dag_decorator.py took 0.576 seconds
[2022-10-24 01:24:16,795] {processor.py:163} INFO - Started process (PID=714) to work on /home/airflow/.local/lib/python3.7/site-packages/airflow/example_dags/example_dag_decorator.py
[2022-10-24 01:24:16,798] {processor.py:642} INFO - Processing file /home/airflow/.local/lib/python3.7/site-packages/airflow/example_dags/example_dag_decorator.py for tasks to queue
[2022-10-24 01:24:16,800] {logging_mixin.py:109} INFO - [2022-10-24 01:24:16,800] {dagbag.py:500} INFO - Filling up the DagBag from /home/airflow/.local/lib/python3.7/site-packages/airflow/example_dags/example_dag_decorator.py
[2022-10-24 01:24:16,856] {processor.py:654} INFO - DAG(s) dict_keys(['example_dag_decorator']) retrieved from /home/airflow/.local/lib/python3.7/site-packages/airflow/example_dags/example_dag_decorator.py
[2022-10-24 01:24:17,109] {logging_mixin.py:109} INFO - [2022-10-24 01:24:17,109] {dag.py:2398} INFO - Sync 1 DAGs
[2022-10-24 01:24:17,131] {logging_mixin.py:109} INFO - [2022-10-24 01:24:17,131] {dag.py:2937} INFO - Setting next_dagrun for example_dag_decorator to None
[2022-10-24 01:24:17,146] {processor.py:171} INFO - Processing /home/airflow/.local/lib/python3.7/site-packages/airflow/example_dags/example_dag_decorator.py took 0.355 seconds
[2022-10-24 01:24:47,897] {processor.py:163} INFO - Started process (PID=764) to work on /home/airflow/.local/lib/python3.7/site-packages/airflow/example_dags/example_dag_decorator.py
[2022-10-24 01:24:47,902] {processor.py:642} INFO - Processing file /home/airflow/.local/lib/python3.7/site-packages/airflow/example_dags/example_dag_decorator.py for tasks to queue
[2022-10-24 01:24:47,905] {logging_mixin.py:109} INFO - [2022-10-24 01:24:47,904] {dagbag.py:500} INFO - Filling up the DagBag from /home/airflow/.local/lib/python3.7/site-packages/airflow/example_dags/example_dag_decorator.py
[2022-10-24 01:24:48,002] {processor.py:654} INFO - DAG(s) dict_keys(['example_dag_decorator']) retrieved from /home/airflow/.local/lib/python3.7/site-packages/airflow/example_dags/example_dag_decorator.py
[2022-10-24 01:24:48,462] {logging_mixin.py:109} INFO - [2022-10-24 01:24:48,462] {dag.py:2398} INFO - Sync 1 DAGs
[2022-10-24 01:24:48,493] {logging_mixin.py:109} INFO - [2022-10-24 01:24:48,493] {dag.py:2937} INFO - Setting next_dagrun for example_dag_decorator to None
[2022-10-24 01:24:48,523] {processor.py:171} INFO - Processing /home/airflow/.local/lib/python3.7/site-packages/airflow/example_dags/example_dag_decorator.py took 0.633 seconds
[2022-10-24 01:25:19,225] {processor.py:163} INFO - Started process (PID=823) to work on /home/airflow/.local/lib/python3.7/site-packages/airflow/example_dags/example_dag_decorator.py
[2022-10-24 01:25:19,228] {processor.py:642} INFO - Processing file /home/airflow/.local/lib/python3.7/site-packages/airflow/example_dags/example_dag_decorator.py for tasks to queue
[2022-10-24 01:25:19,232] {logging_mixin.py:109} INFO - [2022-10-24 01:25:19,232] {dagbag.py:500} INFO - Filling up the DagBag from /home/airflow/.local/lib/python3.7/site-packages/airflow/example_dags/example_dag_decorator.py
[2022-10-24 01:25:19,313] {processor.py:654} INFO - DAG(s) dict_keys(['example_dag_decorator']) retrieved from /home/airflow/.local/lib/python3.7/site-packages/airflow/example_dags/example_dag_decorator.py
[2022-10-24 01:25:19,569] {logging_mixin.py:109} INFO - [2022-10-24 01:25:19,569] {dag.py:2398} INFO - Sync 1 DAGs
[2022-10-24 01:25:19,587] {logging_mixin.py:109} INFO - [2022-10-24 01:25:19,586] {dag.py:2937} INFO - Setting next_dagrun for example_dag_decorator to None
[2022-10-24 01:25:19,600] {processor.py:171} INFO - Processing /home/airflow/.local/lib/python3.7/site-packages/airflow/example_dags/example_dag_decorator.py took 0.382 seconds
[2022-10-24 01:25:50,131] {processor.py:163} INFO - Started process (PID=868) to work on /home/airflow/.local/lib/python3.7/site-packages/airflow/example_dags/example_dag_decorator.py
[2022-10-24 01:25:50,142] {processor.py:642} INFO - Processing file /home/airflow/.local/lib/python3.7/site-packages/airflow/example_dags/example_dag_decorator.py for tasks to queue
[2022-10-24 01:25:50,145] {logging_mixin.py:109} INFO - [2022-10-24 01:25:50,145] {dagbag.py:500} INFO - Filling up the DagBag from /home/airflow/.local/lib/python3.7/site-packages/airflow/example_dags/example_dag_decorator.py
[2022-10-24 01:25:50,326] {processor.py:654} INFO - DAG(s) dict_keys(['example_dag_decorator']) retrieved from /home/airflow/.local/lib/python3.7/site-packages/airflow/example_dags/example_dag_decorator.py
[2022-10-24 01:25:50,667] {logging_mixin.py:109} INFO - [2022-10-24 01:25:50,667] {dag.py:2398} INFO - Sync 1 DAGs
[2022-10-24 01:25:50,705] {logging_mixin.py:109} INFO - [2022-10-24 01:25:50,704] {dag.py:2937} INFO - Setting next_dagrun for example_dag_decorator to None
[2022-10-24 01:25:50,727] {processor.py:171} INFO - Processing /home/airflow/.local/lib/python3.7/site-packages/airflow/example_dags/example_dag_decorator.py took 0.605 seconds
[2022-10-24 01:26:20,872] {processor.py:163} INFO - Started process (PID=928) to work on /home/airflow/.local/lib/python3.7/site-packages/airflow/example_dags/example_dag_decorator.py
[2022-10-24 01:26:20,875] {processor.py:642} INFO - Processing file /home/airflow/.local/lib/python3.7/site-packages/airflow/example_dags/example_dag_decorator.py for tasks to queue
[2022-10-24 01:26:20,878] {logging_mixin.py:109} INFO - [2022-10-24 01:26:20,878] {dagbag.py:500} INFO - Filling up the DagBag from /home/airflow/.local/lib/python3.7/site-packages/airflow/example_dags/example_dag_decorator.py
[2022-10-24 01:26:20,973] {processor.py:654} INFO - DAG(s) dict_keys(['example_dag_decorator']) retrieved from /home/airflow/.local/lib/python3.7/site-packages/airflow/example_dags/example_dag_decorator.py
[2022-10-24 01:26:21,322] {logging_mixin.py:109} INFO - [2022-10-24 01:26:21,322] {dag.py:2398} INFO - Sync 1 DAGs
[2022-10-24 01:26:21,348] {logging_mixin.py:109} INFO - [2022-10-24 01:26:21,348] {dag.py:2937} INFO - Setting next_dagrun for example_dag_decorator to None
[2022-10-24 01:26:21,372] {processor.py:171} INFO - Processing /home/airflow/.local/lib/python3.7/site-packages/airflow/example_dags/example_dag_decorator.py took 0.510 seconds
[2022-10-24 01:26:51,474] {processor.py:163} INFO - Started process (PID=981) to work on /home/airflow/.local/lib/python3.7/site-packages/airflow/example_dags/example_dag_decorator.py
[2022-10-24 01:26:51,476] {processor.py:642} INFO - Processing file /home/airflow/.local/lib/python3.7/site-packages/airflow/example_dags/example_dag_decorator.py for tasks to queue
[2022-10-24 01:26:51,478] {logging_mixin.py:109} INFO - [2022-10-24 01:26:51,478] {dagbag.py:500} INFO - Filling up the DagBag from /home/airflow/.local/lib/python3.7/site-packages/airflow/example_dags/example_dag_decorator.py
[2022-10-24 01:26:51,532] {processor.py:654} INFO - DAG(s) dict_keys(['example_dag_decorator']) retrieved from /home/airflow/.local/lib/python3.7/site-packages/airflow/example_dags/example_dag_decorator.py
[2022-10-24 01:26:51,775] {logging_mixin.py:109} INFO - [2022-10-24 01:26:51,775] {dag.py:2398} INFO - Sync 1 DAGs
[2022-10-24 01:26:51,803] {logging_mixin.py:109} INFO - [2022-10-24 01:26:51,802] {dag.py:2937} INFO - Setting next_dagrun for example_dag_decorator to None
[2022-10-24 01:26:51,823] {processor.py:171} INFO - Processing /home/airflow/.local/lib/python3.7/site-packages/airflow/example_dags/example_dag_decorator.py took 0.355 seconds
[2022-10-24 01:27:22,379] {processor.py:163} INFO - Started process (PID=1035) to work on /home/airflow/.local/lib/python3.7/site-packages/airflow/example_dags/example_dag_decorator.py
[2022-10-24 01:27:22,382] {processor.py:642} INFO - Processing file /home/airflow/.local/lib/python3.7/site-packages/airflow/example_dags/example_dag_decorator.py for tasks to queue
[2022-10-24 01:27:22,384] {logging_mixin.py:109} INFO - [2022-10-24 01:27:22,384] {dagbag.py:500} INFO - Filling up the DagBag from /home/airflow/.local/lib/python3.7/site-packages/airflow/example_dags/example_dag_decorator.py
[2022-10-24 01:27:22,439] {processor.py:654} INFO - DAG(s) dict_keys(['example_dag_decorator']) retrieved from /home/airflow/.local/lib/python3.7/site-packages/airflow/example_dags/example_dag_decorator.py
[2022-10-24 01:27:22,769] {logging_mixin.py:109} INFO - [2022-10-24 01:27:22,769] {dag.py:2398} INFO - Sync 1 DAGs
[2022-10-24 01:27:22,805] {logging_mixin.py:109} INFO - [2022-10-24 01:27:22,804] {dag.py:2937} INFO - Setting next_dagrun for example_dag_decorator to None
[2022-10-24 01:27:22,830] {processor.py:171} INFO - Processing /home/airflow/.local/lib/python3.7/site-packages/airflow/example_dags/example_dag_decorator.py took 0.456 seconds
[2022-10-24 01:27:53,680] {processor.py:163} INFO - Started process (PID=1086) to work on /home/airflow/.local/lib/python3.7/site-packages/airflow/example_dags/example_dag_decorator.py
[2022-10-24 01:27:53,684] {processor.py:642} INFO - Processing file /home/airflow/.local/lib/python3.7/site-packages/airflow/example_dags/example_dag_decorator.py for tasks to queue
[2022-10-24 01:27:53,688] {logging_mixin.py:109} INFO - [2022-10-24 01:27:53,687] {dagbag.py:500} INFO - Filling up the DagBag from /home/airflow/.local/lib/python3.7/site-packages/airflow/example_dags/example_dag_decorator.py
[2022-10-24 01:27:53,740] {processor.py:654} INFO - DAG(s) dict_keys(['example_dag_decorator']) retrieved from /home/airflow/.local/lib/python3.7/site-packages/airflow/example_dags/example_dag_decorator.py
[2022-10-24 01:27:53,967] {logging_mixin.py:109} INFO - [2022-10-24 01:27:53,967] {dag.py:2398} INFO - Sync 1 DAGs
[2022-10-24 01:27:53,991] {logging_mixin.py:109} INFO - [2022-10-24 01:27:53,991] {dag.py:2937} INFO - Setting next_dagrun for example_dag_decorator to None
[2022-10-24 01:27:54,007] {processor.py:171} INFO - Processing /home/airflow/.local/lib/python3.7/site-packages/airflow/example_dags/example_dag_decorator.py took 0.331 seconds
[2022-10-24 01:28:24,762] {processor.py:163} INFO - Started process (PID=1138) to work on /home/airflow/.local/lib/python3.7/site-packages/airflow/example_dags/example_dag_decorator.py
[2022-10-24 01:28:24,765] {processor.py:642} INFO - Processing file /home/airflow/.local/lib/python3.7/site-packages/airflow/example_dags/example_dag_decorator.py for tasks to queue
[2022-10-24 01:28:24,767] {logging_mixin.py:109} INFO - [2022-10-24 01:28:24,767] {dagbag.py:500} INFO - Filling up the DagBag from /home/airflow/.local/lib/python3.7/site-packages/airflow/example_dags/example_dag_decorator.py
[2022-10-24 01:28:24,837] {processor.py:654} INFO - DAG(s) dict_keys(['example_dag_decorator']) retrieved from /home/airflow/.local/lib/python3.7/site-packages/airflow/example_dags/example_dag_decorator.py
[2022-10-24 01:28:25,098] {logging_mixin.py:109} INFO - [2022-10-24 01:28:25,098] {dag.py:2398} INFO - Sync 1 DAGs
[2022-10-24 01:28:25,146] {logging_mixin.py:109} INFO - [2022-10-24 01:28:25,146] {dag.py:2937} INFO - Setting next_dagrun for example_dag_decorator to None
[2022-10-24 01:28:25,190] {processor.py:171} INFO - Processing /home/airflow/.local/lib/python3.7/site-packages/airflow/example_dags/example_dag_decorator.py took 0.435 seconds
[2022-10-24 01:28:55,341] {processor.py:163} INFO - Started process (PID=1189) to work on /home/airflow/.local/lib/python3.7/site-packages/airflow/example_dags/example_dag_decorator.py
[2022-10-24 01:28:55,344] {processor.py:642} INFO - Processing file /home/airflow/.local/lib/python3.7/site-packages/airflow/example_dags/example_dag_decorator.py for tasks to queue
[2022-10-24 01:28:55,347] {logging_mixin.py:109} INFO - [2022-10-24 01:28:55,346] {dagbag.py:500} INFO - Filling up the DagBag from /home/airflow/.local/lib/python3.7/site-packages/airflow/example_dags/example_dag_decorator.py
[2022-10-24 01:28:55,413] {processor.py:654} INFO - DAG(s) dict_keys(['example_dag_decorator']) retrieved from /home/airflow/.local/lib/python3.7/site-packages/airflow/example_dags/example_dag_decorator.py
[2022-10-24 01:28:55,662] {logging_mixin.py:109} INFO - [2022-10-24 01:28:55,662] {dag.py:2398} INFO - Sync 1 DAGs
[2022-10-24 01:28:55,680] {logging_mixin.py:109} INFO - [2022-10-24 01:28:55,680] {dag.py:2937} INFO - Setting next_dagrun for example_dag_decorator to None
[2022-10-24 01:28:55,697] {processor.py:171} INFO - Processing /home/airflow/.local/lib/python3.7/site-packages/airflow/example_dags/example_dag_decorator.py took 0.361 seconds
[2022-10-24 01:29:26,047] {processor.py:163} INFO - Started process (PID=1250) to work on /home/airflow/.local/lib/python3.7/site-packages/airflow/example_dags/example_dag_decorator.py
[2022-10-24 01:29:26,051] {processor.py:642} INFO - Processing file /home/airflow/.local/lib/python3.7/site-packages/airflow/example_dags/example_dag_decorator.py for tasks to queue
[2022-10-24 01:29:26,053] {logging_mixin.py:109} INFO - [2022-10-24 01:29:26,052] {dagbag.py:500} INFO - Filling up the DagBag from /home/airflow/.local/lib/python3.7/site-packages/airflow/example_dags/example_dag_decorator.py
[2022-10-24 01:29:26,138] {processor.py:654} INFO - DAG(s) dict_keys(['example_dag_decorator']) retrieved from /home/airflow/.local/lib/python3.7/site-packages/airflow/example_dags/example_dag_decorator.py
[2022-10-24 01:29:26,427] {logging_mixin.py:109} INFO - [2022-10-24 01:29:26,427] {dag.py:2398} INFO - Sync 1 DAGs
[2022-10-24 01:29:26,449] {logging_mixin.py:109} INFO - [2022-10-24 01:29:26,449] {dag.py:2937} INFO - Setting next_dagrun for example_dag_decorator to None
[2022-10-24 01:29:26,473] {processor.py:171} INFO - Processing /home/airflow/.local/lib/python3.7/site-packages/airflow/example_dags/example_dag_decorator.py took 0.431 seconds
[2022-10-24 01:29:56,850] {processor.py:163} INFO - Started process (PID=1304) to work on /home/airflow/.local/lib/python3.7/site-packages/airflow/example_dags/example_dag_decorator.py
[2022-10-24 01:29:56,854] {processor.py:642} INFO - Processing file /home/airflow/.local/lib/python3.7/site-packages/airflow/example_dags/example_dag_decorator.py for tasks to queue
[2022-10-24 01:29:56,857] {logging_mixin.py:109} INFO - [2022-10-24 01:29:56,856] {dagbag.py:500} INFO - Filling up the DagBag from /home/airflow/.local/lib/python3.7/site-packages/airflow/example_dags/example_dag_decorator.py
[2022-10-24 01:29:56,951] {processor.py:654} INFO - DAG(s) dict_keys(['example_dag_decorator']) retrieved from /home/airflow/.local/lib/python3.7/site-packages/airflow/example_dags/example_dag_decorator.py
[2022-10-24 01:29:57,527] {logging_mixin.py:109} INFO - [2022-10-24 01:29:57,527] {dag.py:2398} INFO - Sync 1 DAGs
[2022-10-24 01:29:57,544] {logging_mixin.py:109} INFO - [2022-10-24 01:29:57,544] {dag.py:2937} INFO - Setting next_dagrun for example_dag_decorator to None
[2022-10-24 01:29:57,562] {processor.py:171} INFO - Processing /home/airflow/.local/lib/python3.7/site-packages/airflow/example_dags/example_dag_decorator.py took 0.718 seconds
[2022-10-24 01:30:27,725] {processor.py:163} INFO - Started process (PID=1357) to work on /home/airflow/.local/lib/python3.7/site-packages/airflow/example_dags/example_dag_decorator.py
[2022-10-24 01:30:27,728] {processor.py:642} INFO - Processing file /home/airflow/.local/lib/python3.7/site-packages/airflow/example_dags/example_dag_decorator.py for tasks to queue
[2022-10-24 01:30:27,730] {logging_mixin.py:109} INFO - [2022-10-24 01:30:27,730] {dagbag.py:500} INFO - Filling up the DagBag from /home/airflow/.local/lib/python3.7/site-packages/airflow/example_dags/example_dag_decorator.py
[2022-10-24 01:30:27,779] {processor.py:654} INFO - DAG(s) dict_keys(['example_dag_decorator']) retrieved from /home/airflow/.local/lib/python3.7/site-packages/airflow/example_dags/example_dag_decorator.py
[2022-10-24 01:30:28,013] {logging_mixin.py:109} INFO - [2022-10-24 01:30:28,013] {dag.py:2398} INFO - Sync 1 DAGs
[2022-10-24 01:30:28,028] {logging_mixin.py:109} INFO - [2022-10-24 01:30:28,028] {dag.py:2937} INFO - Setting next_dagrun for example_dag_decorator to None
[2022-10-24 01:30:28,041] {processor.py:171} INFO - Processing /home/airflow/.local/lib/python3.7/site-packages/airflow/example_dags/example_dag_decorator.py took 0.320 seconds
[2022-10-24 01:30:58,218] {processor.py:163} INFO - Started process (PID=1418) to work on /home/airflow/.local/lib/python3.7/site-packages/airflow/example_dags/example_dag_decorator.py
[2022-10-24 01:30:58,221] {processor.py:642} INFO - Processing file /home/airflow/.local/lib/python3.7/site-packages/airflow/example_dags/example_dag_decorator.py for tasks to queue
[2022-10-24 01:30:58,223] {logging_mixin.py:109} INFO - [2022-10-24 01:30:58,222] {dagbag.py:500} INFO - Filling up the DagBag from /home/airflow/.local/lib/python3.7/site-packages/airflow/example_dags/example_dag_decorator.py
[2022-10-24 01:30:58,299] {processor.py:654} INFO - DAG(s) dict_keys(['example_dag_decorator']) retrieved from /home/airflow/.local/lib/python3.7/site-packages/airflow/example_dags/example_dag_decorator.py
[2022-10-24 01:30:58,580] {logging_mixin.py:109} INFO - [2022-10-24 01:30:58,580] {dag.py:2398} INFO - Sync 1 DAGs
[2022-10-24 01:30:58,598] {logging_mixin.py:109} INFO - [2022-10-24 01:30:58,598] {dag.py:2937} INFO - Setting next_dagrun for example_dag_decorator to None
[2022-10-24 01:30:58,614] {processor.py:171} INFO - Processing /home/airflow/.local/lib/python3.7/site-packages/airflow/example_dags/example_dag_decorator.py took 0.402 seconds
[2022-10-24 01:31:28,879] {processor.py:163} INFO - Started process (PID=1469) to work on /home/airflow/.local/lib/python3.7/site-packages/airflow/example_dags/example_dag_decorator.py
[2022-10-24 01:31:28,882] {processor.py:642} INFO - Processing file /home/airflow/.local/lib/python3.7/site-packages/airflow/example_dags/example_dag_decorator.py for tasks to queue
[2022-10-24 01:31:28,885] {logging_mixin.py:109} INFO - [2022-10-24 01:31:28,884] {dagbag.py:500} INFO - Filling up the DagBag from /home/airflow/.local/lib/python3.7/site-packages/airflow/example_dags/example_dag_decorator.py
[2022-10-24 01:31:28,950] {processor.py:654} INFO - DAG(s) dict_keys(['example_dag_decorator']) retrieved from /home/airflow/.local/lib/python3.7/site-packages/airflow/example_dags/example_dag_decorator.py
[2022-10-24 01:31:29,272] {logging_mixin.py:109} INFO - [2022-10-24 01:31:29,272] {dag.py:2398} INFO - Sync 1 DAGs
[2022-10-24 01:31:29,297] {logging_mixin.py:109} INFO - [2022-10-24 01:31:29,297] {dag.py:2937} INFO - Setting next_dagrun for example_dag_decorator to None
[2022-10-24 01:31:29,320] {processor.py:171} INFO - Processing /home/airflow/.local/lib/python3.7/site-packages/airflow/example_dags/example_dag_decorator.py took 0.447 seconds
[2022-10-24 01:31:59,644] {processor.py:163} INFO - Started process (PID=1522) to work on /home/airflow/.local/lib/python3.7/site-packages/airflow/example_dags/example_dag_decorator.py
[2022-10-24 01:31:59,646] {processor.py:642} INFO - Processing file /home/airflow/.local/lib/python3.7/site-packages/airflow/example_dags/example_dag_decorator.py for tasks to queue
[2022-10-24 01:31:59,647] {logging_mixin.py:109} INFO - [2022-10-24 01:31:59,647] {dagbag.py:500} INFO - Filling up the DagBag from /home/airflow/.local/lib/python3.7/site-packages/airflow/example_dags/example_dag_decorator.py
[2022-10-24 01:31:59,696] {processor.py:654} INFO - DAG(s) dict_keys(['example_dag_decorator']) retrieved from /home/airflow/.local/lib/python3.7/site-packages/airflow/example_dags/example_dag_decorator.py
[2022-10-24 01:31:59,883] {logging_mixin.py:109} INFO - [2022-10-24 01:31:59,883] {dag.py:2398} INFO - Sync 1 DAGs
[2022-10-24 01:31:59,899] {logging_mixin.py:109} INFO - [2022-10-24 01:31:59,899] {dag.py:2937} INFO - Setting next_dagrun for example_dag_decorator to None
[2022-10-24 01:31:59,913] {processor.py:171} INFO - Processing /home/airflow/.local/lib/python3.7/site-packages/airflow/example_dags/example_dag_decorator.py took 0.272 seconds
[2022-10-24 01:32:30,128] {processor.py:163} INFO - Started process (PID=1576) to work on /home/airflow/.local/lib/python3.7/site-packages/airflow/example_dags/example_dag_decorator.py
[2022-10-24 01:32:30,130] {processor.py:642} INFO - Processing file /home/airflow/.local/lib/python3.7/site-packages/airflow/example_dags/example_dag_decorator.py for tasks to queue
[2022-10-24 01:32:30,136] {logging_mixin.py:109} INFO - [2022-10-24 01:32:30,136] {dagbag.py:500} INFO - Filling up the DagBag from /home/airflow/.local/lib/python3.7/site-packages/airflow/example_dags/example_dag_decorator.py
[2022-10-24 01:32:30,192] {processor.py:654} INFO - DAG(s) dict_keys(['example_dag_decorator']) retrieved from /home/airflow/.local/lib/python3.7/site-packages/airflow/example_dags/example_dag_decorator.py
[2022-10-24 01:32:30,420] {logging_mixin.py:109} INFO - [2022-10-24 01:32:30,420] {dag.py:2398} INFO - Sync 1 DAGs
[2022-10-24 01:32:30,437] {logging_mixin.py:109} INFO - [2022-10-24 01:32:30,437] {dag.py:2937} INFO - Setting next_dagrun for example_dag_decorator to None
[2022-10-24 01:32:30,451] {processor.py:171} INFO - Processing /home/airflow/.local/lib/python3.7/site-packages/airflow/example_dags/example_dag_decorator.py took 0.331 seconds
[2022-10-24 01:33:00,814] {processor.py:163} INFO - Started process (PID=1637) to work on /home/airflow/.local/lib/python3.7/site-packages/airflow/example_dags/example_dag_decorator.py
[2022-10-24 01:33:00,816] {processor.py:642} INFO - Processing file /home/airflow/.local/lib/python3.7/site-packages/airflow/example_dags/example_dag_decorator.py for tasks to queue
[2022-10-24 01:33:00,818] {logging_mixin.py:109} INFO - [2022-10-24 01:33:00,817] {dagbag.py:500} INFO - Filling up the DagBag from /home/airflow/.local/lib/python3.7/site-packages/airflow/example_dags/example_dag_decorator.py
[2022-10-24 01:33:00,861] {processor.py:654} INFO - DAG(s) dict_keys(['example_dag_decorator']) retrieved from /home/airflow/.local/lib/python3.7/site-packages/airflow/example_dags/example_dag_decorator.py
[2022-10-24 01:33:01,054] {logging_mixin.py:109} INFO - [2022-10-24 01:33:01,054] {dag.py:2398} INFO - Sync 1 DAGs
[2022-10-24 01:33:01,069] {logging_mixin.py:109} INFO - [2022-10-24 01:33:01,069] {dag.py:2937} INFO - Setting next_dagrun for example_dag_decorator to None
[2022-10-24 01:33:01,081] {processor.py:171} INFO - Processing /home/airflow/.local/lib/python3.7/site-packages/airflow/example_dags/example_dag_decorator.py took 0.270 seconds
[2022-10-24 01:33:31,608] {processor.py:163} INFO - Started process (PID=1689) to work on /home/airflow/.local/lib/python3.7/site-packages/airflow/example_dags/example_dag_decorator.py
[2022-10-24 01:33:31,611] {processor.py:642} INFO - Processing file /home/airflow/.local/lib/python3.7/site-packages/airflow/example_dags/example_dag_decorator.py for tasks to queue
[2022-10-24 01:33:31,613] {logging_mixin.py:109} INFO - [2022-10-24 01:33:31,613] {dagbag.py:500} INFO - Filling up the DagBag from /home/airflow/.local/lib/python3.7/site-packages/airflow/example_dags/example_dag_decorator.py
[2022-10-24 01:33:31,662] {processor.py:654} INFO - DAG(s) dict_keys(['example_dag_decorator']) retrieved from /home/airflow/.local/lib/python3.7/site-packages/airflow/example_dags/example_dag_decorator.py
[2022-10-24 01:33:31,858] {logging_mixin.py:109} INFO - [2022-10-24 01:33:31,858] {dag.py:2398} INFO - Sync 1 DAGs
[2022-10-24 01:33:31,873] {logging_mixin.py:109} INFO - [2022-10-24 01:33:31,873] {dag.py:2937} INFO - Setting next_dagrun for example_dag_decorator to None
[2022-10-24 01:33:31,887] {processor.py:171} INFO - Processing /home/airflow/.local/lib/python3.7/site-packages/airflow/example_dags/example_dag_decorator.py took 0.285 seconds
[2022-10-24 01:34:02,423] {processor.py:163} INFO - Started process (PID=1749) to work on /home/airflow/.local/lib/python3.7/site-packages/airflow/example_dags/example_dag_decorator.py
[2022-10-24 01:34:02,425] {processor.py:642} INFO - Processing file /home/airflow/.local/lib/python3.7/site-packages/airflow/example_dags/example_dag_decorator.py for tasks to queue
[2022-10-24 01:34:02,427] {logging_mixin.py:109} INFO - [2022-10-24 01:34:02,426] {dagbag.py:500} INFO - Filling up the DagBag from /home/airflow/.local/lib/python3.7/site-packages/airflow/example_dags/example_dag_decorator.py
[2022-10-24 01:34:02,468] {processor.py:654} INFO - DAG(s) dict_keys(['example_dag_decorator']) retrieved from /home/airflow/.local/lib/python3.7/site-packages/airflow/example_dags/example_dag_decorator.py
[2022-10-24 01:34:02,656] {logging_mixin.py:109} INFO - [2022-10-24 01:34:02,656] {dag.py:2398} INFO - Sync 1 DAGs
[2022-10-24 01:34:02,673] {logging_mixin.py:109} INFO - [2022-10-24 01:34:02,672] {dag.py:2937} INFO - Setting next_dagrun for example_dag_decorator to None
[2022-10-24 01:34:02,686] {processor.py:171} INFO - Processing /home/airflow/.local/lib/python3.7/site-packages/airflow/example_dags/example_dag_decorator.py took 0.267 seconds
[2022-10-24 01:34:33,321] {processor.py:163} INFO - Started process (PID=1800) to work on /home/airflow/.local/lib/python3.7/site-packages/airflow/example_dags/example_dag_decorator.py
[2022-10-24 01:34:33,323] {processor.py:642} INFO - Processing file /home/airflow/.local/lib/python3.7/site-packages/airflow/example_dags/example_dag_decorator.py for tasks to queue
[2022-10-24 01:34:33,325] {logging_mixin.py:109} INFO - [2022-10-24 01:34:33,325] {dagbag.py:500} INFO - Filling up the DagBag from /home/airflow/.local/lib/python3.7/site-packages/airflow/example_dags/example_dag_decorator.py
[2022-10-24 01:34:33,373] {processor.py:654} INFO - DAG(s) dict_keys(['example_dag_decorator']) retrieved from /home/airflow/.local/lib/python3.7/site-packages/airflow/example_dags/example_dag_decorator.py
[2022-10-24 01:34:33,666] {logging_mixin.py:109} INFO - [2022-10-24 01:34:33,666] {dag.py:2398} INFO - Sync 1 DAGs
[2022-10-24 01:34:33,683] {logging_mixin.py:109} INFO - [2022-10-24 01:34:33,683] {dag.py:2937} INFO - Setting next_dagrun for example_dag_decorator to None
[2022-10-24 01:34:33,698] {processor.py:171} INFO - Processing /home/airflow/.local/lib/python3.7/site-packages/airflow/example_dags/example_dag_decorator.py took 0.381 seconds
[2022-10-24 01:35:04,087] {processor.py:163} INFO - Started process (PID=1863) to work on /home/airflow/.local/lib/python3.7/site-packages/airflow/example_dags/example_dag_decorator.py
[2022-10-24 01:35:04,089] {processor.py:642} INFO - Processing file /home/airflow/.local/lib/python3.7/site-packages/airflow/example_dags/example_dag_decorator.py for tasks to queue
[2022-10-24 01:35:04,096] {logging_mixin.py:109} INFO - [2022-10-24 01:35:04,096] {dagbag.py:500} INFO - Filling up the DagBag from /home/airflow/.local/lib/python3.7/site-packages/airflow/example_dags/example_dag_decorator.py
[2022-10-24 01:35:04,194] {processor.py:654} INFO - DAG(s) dict_keys(['example_dag_decorator']) retrieved from /home/airflow/.local/lib/python3.7/site-packages/airflow/example_dags/example_dag_decorator.py
[2022-10-24 01:35:04,682] {logging_mixin.py:109} INFO - [2022-10-24 01:35:04,682] {dag.py:2398} INFO - Sync 1 DAGs
[2022-10-24 01:35:04,719] {logging_mixin.py:109} INFO - [2022-10-24 01:35:04,719] {dag.py:2937} INFO - Setting next_dagrun for example_dag_decorator to None
[2022-10-24 01:35:04,764] {processor.py:171} INFO - Processing /home/airflow/.local/lib/python3.7/site-packages/airflow/example_dags/example_dag_decorator.py took 0.681 seconds
[2022-10-24 01:35:34,866] {processor.py:163} INFO - Started process (PID=1917) to work on /home/airflow/.local/lib/python3.7/site-packages/airflow/example_dags/example_dag_decorator.py
[2022-10-24 01:35:34,871] {processor.py:642} INFO - Processing file /home/airflow/.local/lib/python3.7/site-packages/airflow/example_dags/example_dag_decorator.py for tasks to queue
[2022-10-24 01:35:34,875] {logging_mixin.py:109} INFO - [2022-10-24 01:35:34,875] {dagbag.py:500} INFO - Filling up the DagBag from /home/airflow/.local/lib/python3.7/site-packages/airflow/example_dags/example_dag_decorator.py
[2022-10-24 01:35:34,951] {processor.py:654} INFO - DAG(s) dict_keys(['example_dag_decorator']) retrieved from /home/airflow/.local/lib/python3.7/site-packages/airflow/example_dags/example_dag_decorator.py
[2022-10-24 01:35:35,303] {logging_mixin.py:109} INFO - [2022-10-24 01:35:35,303] {dag.py:2398} INFO - Sync 1 DAGs
[2022-10-24 01:35:35,333] {logging_mixin.py:109} INFO - [2022-10-24 01:35:35,333] {dag.py:2937} INFO - Setting next_dagrun for example_dag_decorator to None
[2022-10-24 01:35:35,352] {processor.py:171} INFO - Processing /home/airflow/.local/lib/python3.7/site-packages/airflow/example_dags/example_dag_decorator.py took 0.492 seconds
