[2022-10-24 01:18:04,201] {processor.py:163} INFO - Started process (PID=47) to work on /home/airflow/.local/lib/python3.7/site-packages/airflow/example_dags/tutorial_taskflow_api_etl.py
[2022-10-24 01:18:04,205] {processor.py:642} INFO - Processing file /home/airflow/.local/lib/python3.7/site-packages/airflow/example_dags/tutorial_taskflow_api_etl.py for tasks to queue
[2022-10-24 01:18:04,208] {logging_mixin.py:109} INFO - [2022-10-24 01:18:04,208] {dagbag.py:500} INFO - Filling up the DagBag from /home/airflow/.local/lib/python3.7/site-packages/airflow/example_dags/tutorial_taskflow_api_etl.py
[2022-10-24 01:18:04,289] {processor.py:654} INFO - DAG(s) dict_keys(['tutorial_taskflow_api_etl']) retrieved from /home/airflow/.local/lib/python3.7/site-packages/airflow/example_dags/tutorial_taskflow_api_etl.py
[2022-10-24 01:18:05,067] {logging_mixin.py:109} INFO - [2022-10-24 01:18:05,067] {dag.py:2398} INFO - Sync 1 DAGs
[2022-10-24 01:18:05,115] {logging_mixin.py:109} INFO - [2022-10-24 01:18:05,115] {dag.py:2937} INFO - Setting next_dagrun for tutorial_taskflow_api_etl to None
[2022-10-24 01:18:05,163] {processor.py:171} INFO - Processing /home/airflow/.local/lib/python3.7/site-packages/airflow/example_dags/tutorial_taskflow_api_etl.py took 0.971 seconds
[2022-10-24 01:18:35,922] {processor.py:163} INFO - Started process (PID=99) to work on /home/airflow/.local/lib/python3.7/site-packages/airflow/example_dags/tutorial_taskflow_api_etl.py
[2022-10-24 01:18:35,932] {processor.py:642} INFO - Processing file /home/airflow/.local/lib/python3.7/site-packages/airflow/example_dags/tutorial_taskflow_api_etl.py for tasks to queue
[2022-10-24 01:18:35,936] {logging_mixin.py:109} INFO - [2022-10-24 01:18:35,935] {dagbag.py:500} INFO - Filling up the DagBag from /home/airflow/.local/lib/python3.7/site-packages/airflow/example_dags/tutorial_taskflow_api_etl.py
[2022-10-24 01:18:36,001] {processor.py:654} INFO - DAG(s) dict_keys(['tutorial_taskflow_api_etl']) retrieved from /home/airflow/.local/lib/python3.7/site-packages/airflow/example_dags/tutorial_taskflow_api_etl.py
[2022-10-24 01:18:36,413] {logging_mixin.py:109} INFO - [2022-10-24 01:18:36,413] {dag.py:2398} INFO - Sync 1 DAGs
[2022-10-24 01:18:36,461] {logging_mixin.py:109} INFO - [2022-10-24 01:18:36,461] {dag.py:2937} INFO - Setting next_dagrun for tutorial_taskflow_api_etl to None
[2022-10-24 01:18:36,500] {processor.py:171} INFO - Processing /home/airflow/.local/lib/python3.7/site-packages/airflow/example_dags/tutorial_taskflow_api_etl.py took 0.582 seconds
[2022-10-24 01:19:08,138] {processor.py:163} INFO - Started process (PID=152) to work on /home/airflow/.local/lib/python3.7/site-packages/airflow/example_dags/tutorial_taskflow_api_etl.py
[2022-10-24 01:19:08,148] {processor.py:642} INFO - Processing file /home/airflow/.local/lib/python3.7/site-packages/airflow/example_dags/tutorial_taskflow_api_etl.py for tasks to queue
[2022-10-24 01:19:08,152] {logging_mixin.py:109} INFO - [2022-10-24 01:19:08,152] {dagbag.py:500} INFO - Filling up the DagBag from /home/airflow/.local/lib/python3.7/site-packages/airflow/example_dags/tutorial_taskflow_api_etl.py
[2022-10-24 01:19:08,252] {processor.py:654} INFO - DAG(s) dict_keys(['tutorial_taskflow_api_etl']) retrieved from /home/airflow/.local/lib/python3.7/site-packages/airflow/example_dags/tutorial_taskflow_api_etl.py
[2022-10-24 01:19:08,691] {logging_mixin.py:109} INFO - [2022-10-24 01:19:08,690] {dag.py:2398} INFO - Sync 1 DAGs
[2022-10-24 01:19:08,725] {logging_mixin.py:109} INFO - [2022-10-24 01:19:08,725] {dag.py:2937} INFO - Setting next_dagrun for tutorial_taskflow_api_etl to None
[2022-10-24 01:19:08,744] {processor.py:171} INFO - Processing /home/airflow/.local/lib/python3.7/site-packages/airflow/example_dags/tutorial_taskflow_api_etl.py took 0.636 seconds
[2022-10-24 01:19:39,531] {processor.py:163} INFO - Started process (PID=213) to work on /home/airflow/.local/lib/python3.7/site-packages/airflow/example_dags/tutorial_taskflow_api_etl.py
[2022-10-24 01:19:39,547] {processor.py:642} INFO - Processing file /home/airflow/.local/lib/python3.7/site-packages/airflow/example_dags/tutorial_taskflow_api_etl.py for tasks to queue
[2022-10-24 01:19:39,554] {logging_mixin.py:109} INFO - [2022-10-24 01:19:39,553] {dagbag.py:500} INFO - Filling up the DagBag from /home/airflow/.local/lib/python3.7/site-packages/airflow/example_dags/tutorial_taskflow_api_etl.py
[2022-10-24 01:19:39,627] {processor.py:654} INFO - DAG(s) dict_keys(['tutorial_taskflow_api_etl']) retrieved from /home/airflow/.local/lib/python3.7/site-packages/airflow/example_dags/tutorial_taskflow_api_etl.py
[2022-10-24 01:19:39,941] {logging_mixin.py:109} INFO - [2022-10-24 01:19:39,941] {dag.py:2398} INFO - Sync 1 DAGs
[2022-10-24 01:19:39,961] {logging_mixin.py:109} INFO - [2022-10-24 01:19:39,961] {dag.py:2937} INFO - Setting next_dagrun for tutorial_taskflow_api_etl to None
[2022-10-24 01:19:39,979] {processor.py:171} INFO - Processing /home/airflow/.local/lib/python3.7/site-packages/airflow/example_dags/tutorial_taskflow_api_etl.py took 0.454 seconds
[2022-10-24 01:20:10,213] {processor.py:163} INFO - Started process (PID=265) to work on /home/airflow/.local/lib/python3.7/site-packages/airflow/example_dags/tutorial_taskflow_api_etl.py
[2022-10-24 01:20:10,216] {processor.py:642} INFO - Processing file /home/airflow/.local/lib/python3.7/site-packages/airflow/example_dags/tutorial_taskflow_api_etl.py for tasks to queue
[2022-10-24 01:20:10,218] {logging_mixin.py:109} INFO - [2022-10-24 01:20:10,218] {dagbag.py:500} INFO - Filling up the DagBag from /home/airflow/.local/lib/python3.7/site-packages/airflow/example_dags/tutorial_taskflow_api_etl.py
[2022-10-24 01:20:10,275] {processor.py:654} INFO - DAG(s) dict_keys(['tutorial_taskflow_api_etl']) retrieved from /home/airflow/.local/lib/python3.7/site-packages/airflow/example_dags/tutorial_taskflow_api_etl.py
[2022-10-24 01:20:10,730] {logging_mixin.py:109} INFO - [2022-10-24 01:20:10,730] {dag.py:2398} INFO - Sync 1 DAGs
[2022-10-24 01:20:10,750] {logging_mixin.py:109} INFO - [2022-10-24 01:20:10,750] {dag.py:2937} INFO - Setting next_dagrun for tutorial_taskflow_api_etl to None
[2022-10-24 01:20:10,769] {processor.py:171} INFO - Processing /home/airflow/.local/lib/python3.7/site-packages/airflow/example_dags/tutorial_taskflow_api_etl.py took 0.562 seconds
[2022-10-24 01:20:40,935] {processor.py:163} INFO - Started process (PID=317) to work on /home/airflow/.local/lib/python3.7/site-packages/airflow/example_dags/tutorial_taskflow_api_etl.py
[2022-10-24 01:20:40,939] {processor.py:642} INFO - Processing file /home/airflow/.local/lib/python3.7/site-packages/airflow/example_dags/tutorial_taskflow_api_etl.py for tasks to queue
[2022-10-24 01:20:40,942] {logging_mixin.py:109} INFO - [2022-10-24 01:20:40,942] {dagbag.py:500} INFO - Filling up the DagBag from /home/airflow/.local/lib/python3.7/site-packages/airflow/example_dags/tutorial_taskflow_api_etl.py
[2022-10-24 01:20:40,994] {processor.py:654} INFO - DAG(s) dict_keys(['tutorial_taskflow_api_etl']) retrieved from /home/airflow/.local/lib/python3.7/site-packages/airflow/example_dags/tutorial_taskflow_api_etl.py
[2022-10-24 01:20:41,007] {logging_mixin.py:109} INFO - [2022-10-24 01:20:41,007] {dag.py:2398} INFO - Sync 1 DAGs
[2022-10-24 01:20:41,033] {logging_mixin.py:109} INFO - [2022-10-24 01:20:41,032] {dag.py:2937} INFO - Setting next_dagrun for tutorial_taskflow_api_etl to None
[2022-10-24 01:20:41,056] {processor.py:171} INFO - Processing /home/airflow/.local/lib/python3.7/site-packages/airflow/example_dags/tutorial_taskflow_api_etl.py took 0.129 seconds
[2022-10-24 01:21:11,140] {processor.py:163} INFO - Started process (PID=378) to work on /home/airflow/.local/lib/python3.7/site-packages/airflow/example_dags/tutorial_taskflow_api_etl.py
[2022-10-24 01:21:11,142] {processor.py:642} INFO - Processing file /home/airflow/.local/lib/python3.7/site-packages/airflow/example_dags/tutorial_taskflow_api_etl.py for tasks to queue
[2022-10-24 01:21:11,144] {logging_mixin.py:109} INFO - [2022-10-24 01:21:11,143] {dagbag.py:500} INFO - Filling up the DagBag from /home/airflow/.local/lib/python3.7/site-packages/airflow/example_dags/tutorial_taskflow_api_etl.py
[2022-10-24 01:21:11,186] {processor.py:654} INFO - DAG(s) dict_keys(['tutorial_taskflow_api_etl']) retrieved from /home/airflow/.local/lib/python3.7/site-packages/airflow/example_dags/tutorial_taskflow_api_etl.py
[2022-10-24 01:21:11,428] {logging_mixin.py:109} INFO - [2022-10-24 01:21:11,428] {dag.py:2398} INFO - Sync 1 DAGs
[2022-10-24 01:21:11,446] {logging_mixin.py:109} INFO - [2022-10-24 01:21:11,446] {dag.py:2937} INFO - Setting next_dagrun for tutorial_taskflow_api_etl to None
[2022-10-24 01:21:11,463] {processor.py:171} INFO - Processing /home/airflow/.local/lib/python3.7/site-packages/airflow/example_dags/tutorial_taskflow_api_etl.py took 0.328 seconds
[2022-10-24 01:21:41,518] {processor.py:163} INFO - Started process (PID=429) to work on /home/airflow/.local/lib/python3.7/site-packages/airflow/example_dags/tutorial_taskflow_api_etl.py
[2022-10-24 01:21:41,522] {processor.py:642} INFO - Processing file /home/airflow/.local/lib/python3.7/site-packages/airflow/example_dags/tutorial_taskflow_api_etl.py for tasks to queue
[2022-10-24 01:21:41,524] {logging_mixin.py:109} INFO - [2022-10-24 01:21:41,524] {dagbag.py:500} INFO - Filling up the DagBag from /home/airflow/.local/lib/python3.7/site-packages/airflow/example_dags/tutorial_taskflow_api_etl.py
[2022-10-24 01:21:41,577] {processor.py:654} INFO - DAG(s) dict_keys(['tutorial_taskflow_api_etl']) retrieved from /home/airflow/.local/lib/python3.7/site-packages/airflow/example_dags/tutorial_taskflow_api_etl.py
[2022-10-24 01:21:41,861] {logging_mixin.py:109} INFO - [2022-10-24 01:21:41,861] {dag.py:2398} INFO - Sync 1 DAGs
[2022-10-24 01:21:41,879] {logging_mixin.py:109} INFO - [2022-10-24 01:21:41,879] {dag.py:2937} INFO - Setting next_dagrun for tutorial_taskflow_api_etl to None
[2022-10-24 01:21:41,896] {processor.py:171} INFO - Processing /home/airflow/.local/lib/python3.7/site-packages/airflow/example_dags/tutorial_taskflow_api_etl.py took 0.383 seconds
[2022-10-24 01:22:12,424] {processor.py:163} INFO - Started process (PID=489) to work on /home/airflow/.local/lib/python3.7/site-packages/airflow/example_dags/tutorial_taskflow_api_etl.py
[2022-10-24 01:22:12,427] {processor.py:642} INFO - Processing file /home/airflow/.local/lib/python3.7/site-packages/airflow/example_dags/tutorial_taskflow_api_etl.py for tasks to queue
[2022-10-24 01:22:12,429] {logging_mixin.py:109} INFO - [2022-10-24 01:22:12,429] {dagbag.py:500} INFO - Filling up the DagBag from /home/airflow/.local/lib/python3.7/site-packages/airflow/example_dags/tutorial_taskflow_api_etl.py
[2022-10-24 01:22:12,483] {processor.py:654} INFO - DAG(s) dict_keys(['tutorial_taskflow_api_etl']) retrieved from /home/airflow/.local/lib/python3.7/site-packages/airflow/example_dags/tutorial_taskflow_api_etl.py
[2022-10-24 01:22:12,825] {logging_mixin.py:109} INFO - [2022-10-24 01:22:12,825] {dag.py:2398} INFO - Sync 1 DAGs
[2022-10-24 01:22:12,846] {logging_mixin.py:109} INFO - [2022-10-24 01:22:12,846] {dag.py:2937} INFO - Setting next_dagrun for tutorial_taskflow_api_etl to None
[2022-10-24 01:22:12,867] {processor.py:171} INFO - Processing /home/airflow/.local/lib/python3.7/site-packages/airflow/example_dags/tutorial_taskflow_api_etl.py took 0.447 seconds
[2022-10-24 01:22:43,490] {processor.py:163} INFO - Started process (PID=543) to work on /home/airflow/.local/lib/python3.7/site-packages/airflow/example_dags/tutorial_taskflow_api_etl.py
[2022-10-24 01:22:43,493] {processor.py:642} INFO - Processing file /home/airflow/.local/lib/python3.7/site-packages/airflow/example_dags/tutorial_taskflow_api_etl.py for tasks to queue
[2022-10-24 01:22:43,497] {logging_mixin.py:109} INFO - [2022-10-24 01:22:43,496] {dagbag.py:500} INFO - Filling up the DagBag from /home/airflow/.local/lib/python3.7/site-packages/airflow/example_dags/tutorial_taskflow_api_etl.py
[2022-10-24 01:22:43,546] {processor.py:654} INFO - DAG(s) dict_keys(['tutorial_taskflow_api_etl']) retrieved from /home/airflow/.local/lib/python3.7/site-packages/airflow/example_dags/tutorial_taskflow_api_etl.py
[2022-10-24 01:22:43,781] {logging_mixin.py:109} INFO - [2022-10-24 01:22:43,781] {dag.py:2398} INFO - Sync 1 DAGs
[2022-10-24 01:22:43,803] {logging_mixin.py:109} INFO - [2022-10-24 01:22:43,803] {dag.py:2937} INFO - Setting next_dagrun for tutorial_taskflow_api_etl to None
[2022-10-24 01:22:43,819] {processor.py:171} INFO - Processing /home/airflow/.local/lib/python3.7/site-packages/airflow/example_dags/tutorial_taskflow_api_etl.py took 0.333 seconds
[2022-10-24 01:23:14,390] {processor.py:163} INFO - Started process (PID=597) to work on /home/airflow/.local/lib/python3.7/site-packages/airflow/example_dags/tutorial_taskflow_api_etl.py
[2022-10-24 01:23:14,392] {processor.py:642} INFO - Processing file /home/airflow/.local/lib/python3.7/site-packages/airflow/example_dags/tutorial_taskflow_api_etl.py for tasks to queue
[2022-10-24 01:23:14,395] {logging_mixin.py:109} INFO - [2022-10-24 01:23:14,395] {dagbag.py:500} INFO - Filling up the DagBag from /home/airflow/.local/lib/python3.7/site-packages/airflow/example_dags/tutorial_taskflow_api_etl.py
[2022-10-24 01:23:14,461] {processor.py:654} INFO - DAG(s) dict_keys(['tutorial_taskflow_api_etl']) retrieved from /home/airflow/.local/lib/python3.7/site-packages/airflow/example_dags/tutorial_taskflow_api_etl.py
[2022-10-24 01:23:14,734] {logging_mixin.py:109} INFO - [2022-10-24 01:23:14,734] {dag.py:2398} INFO - Sync 1 DAGs
[2022-10-24 01:23:14,756] {logging_mixin.py:109} INFO - [2022-10-24 01:23:14,755] {dag.py:2937} INFO - Setting next_dagrun for tutorial_taskflow_api_etl to None
[2022-10-24 01:23:14,773] {processor.py:171} INFO - Processing /home/airflow/.local/lib/python3.7/site-packages/airflow/example_dags/tutorial_taskflow_api_etl.py took 0.389 seconds
[2022-10-24 01:23:45,588] {processor.py:163} INFO - Started process (PID=659) to work on /home/airflow/.local/lib/python3.7/site-packages/airflow/example_dags/tutorial_taskflow_api_etl.py
[2022-10-24 01:23:45,590] {processor.py:642} INFO - Processing file /home/airflow/.local/lib/python3.7/site-packages/airflow/example_dags/tutorial_taskflow_api_etl.py for tasks to queue
[2022-10-24 01:23:45,592] {logging_mixin.py:109} INFO - [2022-10-24 01:23:45,592] {dagbag.py:500} INFO - Filling up the DagBag from /home/airflow/.local/lib/python3.7/site-packages/airflow/example_dags/tutorial_taskflow_api_etl.py
[2022-10-24 01:23:45,644] {processor.py:654} INFO - DAG(s) dict_keys(['tutorial_taskflow_api_etl']) retrieved from /home/airflow/.local/lib/python3.7/site-packages/airflow/example_dags/tutorial_taskflow_api_etl.py
[2022-10-24 01:23:45,910] {logging_mixin.py:109} INFO - [2022-10-24 01:23:45,910] {dag.py:2398} INFO - Sync 1 DAGs
[2022-10-24 01:23:45,933] {logging_mixin.py:109} INFO - [2022-10-24 01:23:45,933] {dag.py:2937} INFO - Setting next_dagrun for tutorial_taskflow_api_etl to None
[2022-10-24 01:23:45,954] {processor.py:171} INFO - Processing /home/airflow/.local/lib/python3.7/site-packages/airflow/example_dags/tutorial_taskflow_api_etl.py took 0.370 seconds
[2022-10-24 01:24:16,440] {processor.py:163} INFO - Started process (PID=711) to work on /home/airflow/.local/lib/python3.7/site-packages/airflow/example_dags/tutorial_taskflow_api_etl.py
[2022-10-24 01:24:16,442] {processor.py:642} INFO - Processing file /home/airflow/.local/lib/python3.7/site-packages/airflow/example_dags/tutorial_taskflow_api_etl.py for tasks to queue
[2022-10-24 01:24:16,444] {logging_mixin.py:109} INFO - [2022-10-24 01:24:16,444] {dagbag.py:500} INFO - Filling up the DagBag from /home/airflow/.local/lib/python3.7/site-packages/airflow/example_dags/tutorial_taskflow_api_etl.py
[2022-10-24 01:24:16,493] {processor.py:654} INFO - DAG(s) dict_keys(['tutorial_taskflow_api_etl']) retrieved from /home/airflow/.local/lib/python3.7/site-packages/airflow/example_dags/tutorial_taskflow_api_etl.py
[2022-10-24 01:24:16,727] {logging_mixin.py:109} INFO - [2022-10-24 01:24:16,727] {dag.py:2398} INFO - Sync 1 DAGs
[2022-10-24 01:24:16,745] {logging_mixin.py:109} INFO - [2022-10-24 01:24:16,744] {dag.py:2937} INFO - Setting next_dagrun for tutorial_taskflow_api_etl to None
[2022-10-24 01:24:16,762] {processor.py:171} INFO - Processing /home/airflow/.local/lib/python3.7/site-packages/airflow/example_dags/tutorial_taskflow_api_etl.py took 0.326 seconds
[2022-10-24 01:24:47,887] {processor.py:163} INFO - Started process (PID=763) to work on /home/airflow/.local/lib/python3.7/site-packages/airflow/example_dags/tutorial_taskflow_api_etl.py
[2022-10-24 01:24:47,890] {processor.py:642} INFO - Processing file /home/airflow/.local/lib/python3.7/site-packages/airflow/example_dags/tutorial_taskflow_api_etl.py for tasks to queue
[2022-10-24 01:24:47,893] {logging_mixin.py:109} INFO - [2022-10-24 01:24:47,893] {dagbag.py:500} INFO - Filling up the DagBag from /home/airflow/.local/lib/python3.7/site-packages/airflow/example_dags/tutorial_taskflow_api_etl.py
[2022-10-24 01:24:47,986] {processor.py:654} INFO - DAG(s) dict_keys(['tutorial_taskflow_api_etl']) retrieved from /home/airflow/.local/lib/python3.7/site-packages/airflow/example_dags/tutorial_taskflow_api_etl.py
[2022-10-24 01:24:48,437] {logging_mixin.py:109} INFO - [2022-10-24 01:24:48,436] {dag.py:2398} INFO - Sync 1 DAGs
[2022-10-24 01:24:48,473] {logging_mixin.py:109} INFO - [2022-10-24 01:24:48,473] {dag.py:2937} INFO - Setting next_dagrun for tutorial_taskflow_api_etl to None
[2022-10-24 01:24:48,505] {processor.py:171} INFO - Processing /home/airflow/.local/lib/python3.7/site-packages/airflow/example_dags/tutorial_taskflow_api_etl.py took 0.626 seconds
[2022-10-24 01:25:19,235] {processor.py:163} INFO - Started process (PID=822) to work on /home/airflow/.local/lib/python3.7/site-packages/airflow/example_dags/tutorial_taskflow_api_etl.py
[2022-10-24 01:25:19,238] {processor.py:642} INFO - Processing file /home/airflow/.local/lib/python3.7/site-packages/airflow/example_dags/tutorial_taskflow_api_etl.py for tasks to queue
[2022-10-24 01:25:19,240] {logging_mixin.py:109} INFO - [2022-10-24 01:25:19,239] {dagbag.py:500} INFO - Filling up the DagBag from /home/airflow/.local/lib/python3.7/site-packages/airflow/example_dags/tutorial_taskflow_api_etl.py
[2022-10-24 01:25:19,313] {processor.py:654} INFO - DAG(s) dict_keys(['tutorial_taskflow_api_etl']) retrieved from /home/airflow/.local/lib/python3.7/site-packages/airflow/example_dags/tutorial_taskflow_api_etl.py
[2022-10-24 01:25:19,554] {logging_mixin.py:109} INFO - [2022-10-24 01:25:19,554] {dag.py:2398} INFO - Sync 1 DAGs
[2022-10-24 01:25:19,584] {logging_mixin.py:109} INFO - [2022-10-24 01:25:19,584] {dag.py:2937} INFO - Setting next_dagrun for tutorial_taskflow_api_etl to None
[2022-10-24 01:25:19,607] {processor.py:171} INFO - Processing /home/airflow/.local/lib/python3.7/site-packages/airflow/example_dags/tutorial_taskflow_api_etl.py took 0.388 seconds
[2022-10-24 01:25:50,117] {processor.py:163} INFO - Started process (PID=867) to work on /home/airflow/.local/lib/python3.7/site-packages/airflow/example_dags/tutorial_taskflow_api_etl.py
[2022-10-24 01:25:50,123] {processor.py:642} INFO - Processing file /home/airflow/.local/lib/python3.7/site-packages/airflow/example_dags/tutorial_taskflow_api_etl.py for tasks to queue
[2022-10-24 01:25:50,126] {logging_mixin.py:109} INFO - [2022-10-24 01:25:50,125] {dagbag.py:500} INFO - Filling up the DagBag from /home/airflow/.local/lib/python3.7/site-packages/airflow/example_dags/tutorial_taskflow_api_etl.py
[2022-10-24 01:25:50,287] {processor.py:654} INFO - DAG(s) dict_keys(['tutorial_taskflow_api_etl']) retrieved from /home/airflow/.local/lib/python3.7/site-packages/airflow/example_dags/tutorial_taskflow_api_etl.py
[2022-10-24 01:25:50,671] {logging_mixin.py:109} INFO - [2022-10-24 01:25:50,671] {dag.py:2398} INFO - Sync 1 DAGs
[2022-10-24 01:25:50,696] {logging_mixin.py:109} INFO - [2022-10-24 01:25:50,696] {dag.py:2937} INFO - Setting next_dagrun for tutorial_taskflow_api_etl to None
[2022-10-24 01:25:50,716] {processor.py:171} INFO - Processing /home/airflow/.local/lib/python3.7/site-packages/airflow/example_dags/tutorial_taskflow_api_etl.py took 0.681 seconds
[2022-10-24 01:26:20,851] {processor.py:163} INFO - Started process (PID=927) to work on /home/airflow/.local/lib/python3.7/site-packages/airflow/example_dags/tutorial_taskflow_api_etl.py
[2022-10-24 01:26:20,856] {processor.py:642} INFO - Processing file /home/airflow/.local/lib/python3.7/site-packages/airflow/example_dags/tutorial_taskflow_api_etl.py for tasks to queue
[2022-10-24 01:26:20,859] {logging_mixin.py:109} INFO - [2022-10-24 01:26:20,859] {dagbag.py:500} INFO - Filling up the DagBag from /home/airflow/.local/lib/python3.7/site-packages/airflow/example_dags/tutorial_taskflow_api_etl.py
[2022-10-24 01:26:20,928] {processor.py:654} INFO - DAG(s) dict_keys(['tutorial_taskflow_api_etl']) retrieved from /home/airflow/.local/lib/python3.7/site-packages/airflow/example_dags/tutorial_taskflow_api_etl.py
[2022-10-24 01:26:21,361] {logging_mixin.py:109} INFO - [2022-10-24 01:26:21,361] {dag.py:2398} INFO - Sync 1 DAGs
[2022-10-24 01:26:21,384] {logging_mixin.py:109} INFO - [2022-10-24 01:26:21,384] {dag.py:2937} INFO - Setting next_dagrun for tutorial_taskflow_api_etl to None
[2022-10-24 01:26:21,409] {processor.py:171} INFO - Processing /home/airflow/.local/lib/python3.7/site-packages/airflow/example_dags/tutorial_taskflow_api_etl.py took 0.563 seconds
[2022-10-24 01:26:51,468] {processor.py:163} INFO - Started process (PID=980) to work on /home/airflow/.local/lib/python3.7/site-packages/airflow/example_dags/tutorial_taskflow_api_etl.py
[2022-10-24 01:26:51,470] {processor.py:642} INFO - Processing file /home/airflow/.local/lib/python3.7/site-packages/airflow/example_dags/tutorial_taskflow_api_etl.py for tasks to queue
[2022-10-24 01:26:51,472] {logging_mixin.py:109} INFO - [2022-10-24 01:26:51,472] {dagbag.py:500} INFO - Filling up the DagBag from /home/airflow/.local/lib/python3.7/site-packages/airflow/example_dags/tutorial_taskflow_api_etl.py
[2022-10-24 01:26:51,517] {processor.py:654} INFO - DAG(s) dict_keys(['tutorial_taskflow_api_etl']) retrieved from /home/airflow/.local/lib/python3.7/site-packages/airflow/example_dags/tutorial_taskflow_api_etl.py
[2022-10-24 01:26:51,758] {logging_mixin.py:109} INFO - [2022-10-24 01:26:51,757] {dag.py:2398} INFO - Sync 1 DAGs
[2022-10-24 01:26:51,785] {logging_mixin.py:109} INFO - [2022-10-24 01:26:51,785] {dag.py:2937} INFO - Setting next_dagrun for tutorial_taskflow_api_etl to None
[2022-10-24 01:26:51,803] {processor.py:171} INFO - Processing /home/airflow/.local/lib/python3.7/site-packages/airflow/example_dags/tutorial_taskflow_api_etl.py took 0.340 seconds
[2022-10-24 01:27:22,303] {processor.py:163} INFO - Started process (PID=1034) to work on /home/airflow/.local/lib/python3.7/site-packages/airflow/example_dags/tutorial_taskflow_api_etl.py
[2022-10-24 01:27:22,306] {processor.py:642} INFO - Processing file /home/airflow/.local/lib/python3.7/site-packages/airflow/example_dags/tutorial_taskflow_api_etl.py for tasks to queue
[2022-10-24 01:27:22,309] {logging_mixin.py:109} INFO - [2022-10-24 01:27:22,309] {dagbag.py:500} INFO - Filling up the DagBag from /home/airflow/.local/lib/python3.7/site-packages/airflow/example_dags/tutorial_taskflow_api_etl.py
[2022-10-24 01:27:22,382] {processor.py:654} INFO - DAG(s) dict_keys(['tutorial_taskflow_api_etl']) retrieved from /home/airflow/.local/lib/python3.7/site-packages/airflow/example_dags/tutorial_taskflow_api_etl.py
[2022-10-24 01:27:22,661] {logging_mixin.py:109} INFO - [2022-10-24 01:27:22,661] {dag.py:2398} INFO - Sync 1 DAGs
[2022-10-24 01:27:22,699] {logging_mixin.py:109} INFO - [2022-10-24 01:27:22,699] {dag.py:2937} INFO - Setting next_dagrun for tutorial_taskflow_api_etl to None
[2022-10-24 01:27:22,725] {processor.py:171} INFO - Processing /home/airflow/.local/lib/python3.7/site-packages/airflow/example_dags/tutorial_taskflow_api_etl.py took 0.427 seconds
[2022-10-24 01:27:53,677] {processor.py:163} INFO - Started process (PID=1085) to work on /home/airflow/.local/lib/python3.7/site-packages/airflow/example_dags/tutorial_taskflow_api_etl.py
[2022-10-24 01:27:53,680] {processor.py:642} INFO - Processing file /home/airflow/.local/lib/python3.7/site-packages/airflow/example_dags/tutorial_taskflow_api_etl.py for tasks to queue
[2022-10-24 01:27:53,683] {logging_mixin.py:109} INFO - [2022-10-24 01:27:53,683] {dagbag.py:500} INFO - Filling up the DagBag from /home/airflow/.local/lib/python3.7/site-packages/airflow/example_dags/tutorial_taskflow_api_etl.py
[2022-10-24 01:27:53,736] {processor.py:654} INFO - DAG(s) dict_keys(['tutorial_taskflow_api_etl']) retrieved from /home/airflow/.local/lib/python3.7/site-packages/airflow/example_dags/tutorial_taskflow_api_etl.py
[2022-10-24 01:27:53,980] {logging_mixin.py:109} INFO - [2022-10-24 01:27:53,980] {dag.py:2398} INFO - Sync 1 DAGs
[2022-10-24 01:27:53,998] {logging_mixin.py:109} INFO - [2022-10-24 01:27:53,998] {dag.py:2937} INFO - Setting next_dagrun for tutorial_taskflow_api_etl to None
[2022-10-24 01:27:54,012] {processor.py:171} INFO - Processing /home/airflow/.local/lib/python3.7/site-packages/airflow/example_dags/tutorial_taskflow_api_etl.py took 0.342 seconds
[2022-10-24 01:28:24,755] {processor.py:163} INFO - Started process (PID=1137) to work on /home/airflow/.local/lib/python3.7/site-packages/airflow/example_dags/tutorial_taskflow_api_etl.py
[2022-10-24 01:28:24,759] {processor.py:642} INFO - Processing file /home/airflow/.local/lib/python3.7/site-packages/airflow/example_dags/tutorial_taskflow_api_etl.py for tasks to queue
[2022-10-24 01:28:24,761] {logging_mixin.py:109} INFO - [2022-10-24 01:28:24,761] {dagbag.py:500} INFO - Filling up the DagBag from /home/airflow/.local/lib/python3.7/site-packages/airflow/example_dags/tutorial_taskflow_api_etl.py
[2022-10-24 01:28:24,826] {processor.py:654} INFO - DAG(s) dict_keys(['tutorial_taskflow_api_etl']) retrieved from /home/airflow/.local/lib/python3.7/site-packages/airflow/example_dags/tutorial_taskflow_api_etl.py
[2022-10-24 01:28:25,089] {logging_mixin.py:109} INFO - [2022-10-24 01:28:25,089] {dag.py:2398} INFO - Sync 1 DAGs
[2022-10-24 01:28:25,134] {logging_mixin.py:109} INFO - [2022-10-24 01:28:25,133] {dag.py:2937} INFO - Setting next_dagrun for tutorial_taskflow_api_etl to None
[2022-10-24 01:28:25,177] {processor.py:171} INFO - Processing /home/airflow/.local/lib/python3.7/site-packages/airflow/example_dags/tutorial_taskflow_api_etl.py took 0.430 seconds
[2022-10-24 01:28:55,338] {processor.py:163} INFO - Started process (PID=1188) to work on /home/airflow/.local/lib/python3.7/site-packages/airflow/example_dags/tutorial_taskflow_api_etl.py
[2022-10-24 01:28:55,342] {processor.py:642} INFO - Processing file /home/airflow/.local/lib/python3.7/site-packages/airflow/example_dags/tutorial_taskflow_api_etl.py for tasks to queue
[2022-10-24 01:28:55,344] {logging_mixin.py:109} INFO - [2022-10-24 01:28:55,344] {dagbag.py:500} INFO - Filling up the DagBag from /home/airflow/.local/lib/python3.7/site-packages/airflow/example_dags/tutorial_taskflow_api_etl.py
[2022-10-24 01:28:55,403] {processor.py:654} INFO - DAG(s) dict_keys(['tutorial_taskflow_api_etl']) retrieved from /home/airflow/.local/lib/python3.7/site-packages/airflow/example_dags/tutorial_taskflow_api_etl.py
[2022-10-24 01:28:55,655] {logging_mixin.py:109} INFO - [2022-10-24 01:28:55,654] {dag.py:2398} INFO - Sync 1 DAGs
[2022-10-24 01:28:55,672] {logging_mixin.py:109} INFO - [2022-10-24 01:28:55,672] {dag.py:2937} INFO - Setting next_dagrun for tutorial_taskflow_api_etl to None
[2022-10-24 01:28:55,687] {processor.py:171} INFO - Processing /home/airflow/.local/lib/python3.7/site-packages/airflow/example_dags/tutorial_taskflow_api_etl.py took 0.355 seconds
[2022-10-24 01:29:26,047] {processor.py:163} INFO - Started process (PID=1249) to work on /home/airflow/.local/lib/python3.7/site-packages/airflow/example_dags/tutorial_taskflow_api_etl.py
[2022-10-24 01:29:26,053] {processor.py:642} INFO - Processing file /home/airflow/.local/lib/python3.7/site-packages/airflow/example_dags/tutorial_taskflow_api_etl.py for tasks to queue
[2022-10-24 01:29:26,056] {logging_mixin.py:109} INFO - [2022-10-24 01:29:26,056] {dagbag.py:500} INFO - Filling up the DagBag from /home/airflow/.local/lib/python3.7/site-packages/airflow/example_dags/tutorial_taskflow_api_etl.py
[2022-10-24 01:29:26,125] {processor.py:654} INFO - DAG(s) dict_keys(['tutorial_taskflow_api_etl']) retrieved from /home/airflow/.local/lib/python3.7/site-packages/airflow/example_dags/tutorial_taskflow_api_etl.py
[2022-10-24 01:29:26,443] {logging_mixin.py:109} INFO - [2022-10-24 01:29:26,443] {dag.py:2398} INFO - Sync 1 DAGs
[2022-10-24 01:29:26,464] {logging_mixin.py:109} INFO - [2022-10-24 01:29:26,463] {dag.py:2937} INFO - Setting next_dagrun for tutorial_taskflow_api_etl to None
[2022-10-24 01:29:26,485] {processor.py:171} INFO - Processing /home/airflow/.local/lib/python3.7/site-packages/airflow/example_dags/tutorial_taskflow_api_etl.py took 0.452 seconds
[2022-10-24 01:29:56,850] {processor.py:163} INFO - Started process (PID=1303) to work on /home/airflow/.local/lib/python3.7/site-packages/airflow/example_dags/tutorial_taskflow_api_etl.py
[2022-10-24 01:29:56,856] {processor.py:642} INFO - Processing file /home/airflow/.local/lib/python3.7/site-packages/airflow/example_dags/tutorial_taskflow_api_etl.py for tasks to queue
[2022-10-24 01:29:56,859] {logging_mixin.py:109} INFO - [2022-10-24 01:29:56,859] {dagbag.py:500} INFO - Filling up the DagBag from /home/airflow/.local/lib/python3.7/site-packages/airflow/example_dags/tutorial_taskflow_api_etl.py
[2022-10-24 01:29:56,950] {processor.py:654} INFO - DAG(s) dict_keys(['tutorial_taskflow_api_etl']) retrieved from /home/airflow/.local/lib/python3.7/site-packages/airflow/example_dags/tutorial_taskflow_api_etl.py
[2022-10-24 01:29:57,544] {logging_mixin.py:109} INFO - [2022-10-24 01:29:57,543] {dag.py:2398} INFO - Sync 1 DAGs
[2022-10-24 01:29:57,569] {logging_mixin.py:109} INFO - [2022-10-24 01:29:57,569] {dag.py:2937} INFO - Setting next_dagrun for tutorial_taskflow_api_etl to None
[2022-10-24 01:29:57,589] {processor.py:171} INFO - Processing /home/airflow/.local/lib/python3.7/site-packages/airflow/example_dags/tutorial_taskflow_api_etl.py took 0.749 seconds
[2022-10-24 01:30:27,722] {processor.py:163} INFO - Started process (PID=1356) to work on /home/airflow/.local/lib/python3.7/site-packages/airflow/example_dags/tutorial_taskflow_api_etl.py
[2022-10-24 01:30:27,725] {processor.py:642} INFO - Processing file /home/airflow/.local/lib/python3.7/site-packages/airflow/example_dags/tutorial_taskflow_api_etl.py for tasks to queue
[2022-10-24 01:30:27,727] {logging_mixin.py:109} INFO - [2022-10-24 01:30:27,726] {dagbag.py:500} INFO - Filling up the DagBag from /home/airflow/.local/lib/python3.7/site-packages/airflow/example_dags/tutorial_taskflow_api_etl.py
[2022-10-24 01:30:27,770] {processor.py:654} INFO - DAG(s) dict_keys(['tutorial_taskflow_api_etl']) retrieved from /home/airflow/.local/lib/python3.7/site-packages/airflow/example_dags/tutorial_taskflow_api_etl.py
[2022-10-24 01:30:28,008] {logging_mixin.py:109} INFO - [2022-10-24 01:30:28,008] {dag.py:2398} INFO - Sync 1 DAGs
[2022-10-24 01:30:28,029] {logging_mixin.py:109} INFO - [2022-10-24 01:30:28,028] {dag.py:2937} INFO - Setting next_dagrun for tutorial_taskflow_api_etl to None
[2022-10-24 01:30:28,044] {processor.py:171} INFO - Processing /home/airflow/.local/lib/python3.7/site-packages/airflow/example_dags/tutorial_taskflow_api_etl.py took 0.327 seconds
[2022-10-24 01:30:58,196] {processor.py:163} INFO - Started process (PID=1417) to work on /home/airflow/.local/lib/python3.7/site-packages/airflow/example_dags/tutorial_taskflow_api_etl.py
[2022-10-24 01:30:58,199] {processor.py:642} INFO - Processing file /home/airflow/.local/lib/python3.7/site-packages/airflow/example_dags/tutorial_taskflow_api_etl.py for tasks to queue
[2022-10-24 01:30:58,201] {logging_mixin.py:109} INFO - [2022-10-24 01:30:58,201] {dagbag.py:500} INFO - Filling up the DagBag from /home/airflow/.local/lib/python3.7/site-packages/airflow/example_dags/tutorial_taskflow_api_etl.py
[2022-10-24 01:30:58,256] {processor.py:654} INFO - DAG(s) dict_keys(['tutorial_taskflow_api_etl']) retrieved from /home/airflow/.local/lib/python3.7/site-packages/airflow/example_dags/tutorial_taskflow_api_etl.py
[2022-10-24 01:30:58,566] {logging_mixin.py:109} INFO - [2022-10-24 01:30:58,566] {dag.py:2398} INFO - Sync 1 DAGs
[2022-10-24 01:30:58,587] {logging_mixin.py:109} INFO - [2022-10-24 01:30:58,586] {dag.py:2937} INFO - Setting next_dagrun for tutorial_taskflow_api_etl to None
[2022-10-24 01:30:58,602] {processor.py:171} INFO - Processing /home/airflow/.local/lib/python3.7/site-packages/airflow/example_dags/tutorial_taskflow_api_etl.py took 0.411 seconds
[2022-10-24 01:31:28,877] {processor.py:163} INFO - Started process (PID=1468) to work on /home/airflow/.local/lib/python3.7/site-packages/airflow/example_dags/tutorial_taskflow_api_etl.py
[2022-10-24 01:31:28,883] {processor.py:642} INFO - Processing file /home/airflow/.local/lib/python3.7/site-packages/airflow/example_dags/tutorial_taskflow_api_etl.py for tasks to queue
[2022-10-24 01:31:28,887] {logging_mixin.py:109} INFO - [2022-10-24 01:31:28,887] {dagbag.py:500} INFO - Filling up the DagBag from /home/airflow/.local/lib/python3.7/site-packages/airflow/example_dags/tutorial_taskflow_api_etl.py
[2022-10-24 01:31:28,954] {processor.py:654} INFO - DAG(s) dict_keys(['tutorial_taskflow_api_etl']) retrieved from /home/airflow/.local/lib/python3.7/site-packages/airflow/example_dags/tutorial_taskflow_api_etl.py
[2022-10-24 01:31:29,292] {logging_mixin.py:109} INFO - [2022-10-24 01:31:29,292] {dag.py:2398} INFO - Sync 1 DAGs
[2022-10-24 01:31:29,317] {logging_mixin.py:109} INFO - [2022-10-24 01:31:29,317] {dag.py:2937} INFO - Setting next_dagrun for tutorial_taskflow_api_etl to None
[2022-10-24 01:31:29,351] {processor.py:171} INFO - Processing /home/airflow/.local/lib/python3.7/site-packages/airflow/example_dags/tutorial_taskflow_api_etl.py took 0.486 seconds
[2022-10-24 01:31:59,643] {processor.py:163} INFO - Started process (PID=1521) to work on /home/airflow/.local/lib/python3.7/site-packages/airflow/example_dags/tutorial_taskflow_api_etl.py
[2022-10-24 01:31:59,646] {processor.py:642} INFO - Processing file /home/airflow/.local/lib/python3.7/site-packages/airflow/example_dags/tutorial_taskflow_api_etl.py for tasks to queue
[2022-10-24 01:31:59,647] {logging_mixin.py:109} INFO - [2022-10-24 01:31:59,647] {dagbag.py:500} INFO - Filling up the DagBag from /home/airflow/.local/lib/python3.7/site-packages/airflow/example_dags/tutorial_taskflow_api_etl.py
[2022-10-24 01:31:59,706] {processor.py:654} INFO - DAG(s) dict_keys(['tutorial_taskflow_api_etl']) retrieved from /home/airflow/.local/lib/python3.7/site-packages/airflow/example_dags/tutorial_taskflow_api_etl.py
[2022-10-24 01:31:59,892] {logging_mixin.py:109} INFO - [2022-10-24 01:31:59,892] {dag.py:2398} INFO - Sync 1 DAGs
[2022-10-24 01:31:59,906] {logging_mixin.py:109} INFO - [2022-10-24 01:31:59,905] {dag.py:2937} INFO - Setting next_dagrun for tutorial_taskflow_api_etl to None
[2022-10-24 01:31:59,918] {processor.py:171} INFO - Processing /home/airflow/.local/lib/python3.7/site-packages/airflow/example_dags/tutorial_taskflow_api_etl.py took 0.281 seconds
[2022-10-24 01:32:30,121] {processor.py:163} INFO - Started process (PID=1575) to work on /home/airflow/.local/lib/python3.7/site-packages/airflow/example_dags/tutorial_taskflow_api_etl.py
[2022-10-24 01:32:30,126] {processor.py:642} INFO - Processing file /home/airflow/.local/lib/python3.7/site-packages/airflow/example_dags/tutorial_taskflow_api_etl.py for tasks to queue
[2022-10-24 01:32:30,128] {logging_mixin.py:109} INFO - [2022-10-24 01:32:30,128] {dagbag.py:500} INFO - Filling up the DagBag from /home/airflow/.local/lib/python3.7/site-packages/airflow/example_dags/tutorial_taskflow_api_etl.py
[2022-10-24 01:32:30,174] {processor.py:654} INFO - DAG(s) dict_keys(['tutorial_taskflow_api_etl']) retrieved from /home/airflow/.local/lib/python3.7/site-packages/airflow/example_dags/tutorial_taskflow_api_etl.py
[2022-10-24 01:32:30,426] {logging_mixin.py:109} INFO - [2022-10-24 01:32:30,426] {dag.py:2398} INFO - Sync 1 DAGs
[2022-10-24 01:32:30,451] {logging_mixin.py:109} INFO - [2022-10-24 01:32:30,450] {dag.py:2937} INFO - Setting next_dagrun for tutorial_taskflow_api_etl to None
[2022-10-24 01:32:30,465] {processor.py:171} INFO - Processing /home/airflow/.local/lib/python3.7/site-packages/airflow/example_dags/tutorial_taskflow_api_etl.py took 0.353 seconds
[2022-10-24 01:33:00,541] {processor.py:163} INFO - Started process (PID=1636) to work on /home/airflow/.local/lib/python3.7/site-packages/airflow/example_dags/tutorial_taskflow_api_etl.py
[2022-10-24 01:33:00,544] {processor.py:642} INFO - Processing file /home/airflow/.local/lib/python3.7/site-packages/airflow/example_dags/tutorial_taskflow_api_etl.py for tasks to queue
[2022-10-24 01:33:00,546] {logging_mixin.py:109} INFO - [2022-10-24 01:33:00,546] {dagbag.py:500} INFO - Filling up the DagBag from /home/airflow/.local/lib/python3.7/site-packages/airflow/example_dags/tutorial_taskflow_api_etl.py
[2022-10-24 01:33:00,583] {processor.py:654} INFO - DAG(s) dict_keys(['tutorial_taskflow_api_etl']) retrieved from /home/airflow/.local/lib/python3.7/site-packages/airflow/example_dags/tutorial_taskflow_api_etl.py
[2022-10-24 01:33:00,761] {logging_mixin.py:109} INFO - [2022-10-24 01:33:00,761] {dag.py:2398} INFO - Sync 1 DAGs
[2022-10-24 01:33:00,776] {logging_mixin.py:109} INFO - [2022-10-24 01:33:00,776] {dag.py:2937} INFO - Setting next_dagrun for tutorial_taskflow_api_etl to None
[2022-10-24 01:33:00,789] {processor.py:171} INFO - Processing /home/airflow/.local/lib/python3.7/site-packages/airflow/example_dags/tutorial_taskflow_api_etl.py took 0.252 seconds
[2022-10-24 01:33:31,255] {processor.py:163} INFO - Started process (PID=1688) to work on /home/airflow/.local/lib/python3.7/site-packages/airflow/example_dags/tutorial_taskflow_api_etl.py
[2022-10-24 01:33:31,258] {processor.py:642} INFO - Processing file /home/airflow/.local/lib/python3.7/site-packages/airflow/example_dags/tutorial_taskflow_api_etl.py for tasks to queue
[2022-10-24 01:33:31,260] {logging_mixin.py:109} INFO - [2022-10-24 01:33:31,260] {dagbag.py:500} INFO - Filling up the DagBag from /home/airflow/.local/lib/python3.7/site-packages/airflow/example_dags/tutorial_taskflow_api_etl.py
[2022-10-24 01:33:31,303] {processor.py:654} INFO - DAG(s) dict_keys(['tutorial_taskflow_api_etl']) retrieved from /home/airflow/.local/lib/python3.7/site-packages/airflow/example_dags/tutorial_taskflow_api_etl.py
[2022-10-24 01:33:31,529] {logging_mixin.py:109} INFO - [2022-10-24 01:33:31,529] {dag.py:2398} INFO - Sync 1 DAGs
[2022-10-24 01:33:31,550] {logging_mixin.py:109} INFO - [2022-10-24 01:33:31,550] {dag.py:2937} INFO - Setting next_dagrun for tutorial_taskflow_api_etl to None
[2022-10-24 01:33:31,565] {processor.py:171} INFO - Processing /home/airflow/.local/lib/python3.7/site-packages/airflow/example_dags/tutorial_taskflow_api_etl.py took 0.319 seconds
[2022-10-24 01:34:02,140] {processor.py:163} INFO - Started process (PID=1748) to work on /home/airflow/.local/lib/python3.7/site-packages/airflow/example_dags/tutorial_taskflow_api_etl.py
[2022-10-24 01:34:02,143] {processor.py:642} INFO - Processing file /home/airflow/.local/lib/python3.7/site-packages/airflow/example_dags/tutorial_taskflow_api_etl.py for tasks to queue
[2022-10-24 01:34:02,145] {logging_mixin.py:109} INFO - [2022-10-24 01:34:02,144] {dagbag.py:500} INFO - Filling up the DagBag from /home/airflow/.local/lib/python3.7/site-packages/airflow/example_dags/tutorial_taskflow_api_etl.py
[2022-10-24 01:34:02,185] {processor.py:654} INFO - DAG(s) dict_keys(['tutorial_taskflow_api_etl']) retrieved from /home/airflow/.local/lib/python3.7/site-packages/airflow/example_dags/tutorial_taskflow_api_etl.py
[2022-10-24 01:34:02,361] {logging_mixin.py:109} INFO - [2022-10-24 01:34:02,361] {dag.py:2398} INFO - Sync 1 DAGs
[2022-10-24 01:34:02,381] {logging_mixin.py:109} INFO - [2022-10-24 01:34:02,381] {dag.py:2937} INFO - Setting next_dagrun for tutorial_taskflow_api_etl to None
[2022-10-24 01:34:02,397] {processor.py:171} INFO - Processing /home/airflow/.local/lib/python3.7/site-packages/airflow/example_dags/tutorial_taskflow_api_etl.py took 0.264 seconds
[2022-10-24 01:34:32,966] {processor.py:163} INFO - Started process (PID=1799) to work on /home/airflow/.local/lib/python3.7/site-packages/airflow/example_dags/tutorial_taskflow_api_etl.py
[2022-10-24 01:34:32,969] {processor.py:642} INFO - Processing file /home/airflow/.local/lib/python3.7/site-packages/airflow/example_dags/tutorial_taskflow_api_etl.py for tasks to queue
[2022-10-24 01:34:32,971] {logging_mixin.py:109} INFO - [2022-10-24 01:34:32,971] {dagbag.py:500} INFO - Filling up the DagBag from /home/airflow/.local/lib/python3.7/site-packages/airflow/example_dags/tutorial_taskflow_api_etl.py
[2022-10-24 01:34:33,016] {processor.py:654} INFO - DAG(s) dict_keys(['tutorial_taskflow_api_etl']) retrieved from /home/airflow/.local/lib/python3.7/site-packages/airflow/example_dags/tutorial_taskflow_api_etl.py
[2022-10-24 01:34:33,259] {logging_mixin.py:109} INFO - [2022-10-24 01:34:33,259] {dag.py:2398} INFO - Sync 1 DAGs
[2022-10-24 01:34:33,277] {logging_mixin.py:109} INFO - [2022-10-24 01:34:33,276] {dag.py:2937} INFO - Setting next_dagrun for tutorial_taskflow_api_etl to None
[2022-10-24 01:34:33,293] {processor.py:171} INFO - Processing /home/airflow/.local/lib/python3.7/site-packages/airflow/example_dags/tutorial_taskflow_api_etl.py took 0.333 seconds
[2022-10-24 01:35:03,438] {processor.py:163} INFO - Started process (PID=1861) to work on /home/airflow/.local/lib/python3.7/site-packages/airflow/example_dags/tutorial_taskflow_api_etl.py
[2022-10-24 01:35:03,444] {processor.py:642} INFO - Processing file /home/airflow/.local/lib/python3.7/site-packages/airflow/example_dags/tutorial_taskflow_api_etl.py for tasks to queue
[2022-10-24 01:35:03,447] {logging_mixin.py:109} INFO - [2022-10-24 01:35:03,446] {dagbag.py:500} INFO - Filling up the DagBag from /home/airflow/.local/lib/python3.7/site-packages/airflow/example_dags/tutorial_taskflow_api_etl.py
[2022-10-24 01:35:03,511] {processor.py:654} INFO - DAG(s) dict_keys(['tutorial_taskflow_api_etl']) retrieved from /home/airflow/.local/lib/python3.7/site-packages/airflow/example_dags/tutorial_taskflow_api_etl.py
[2022-10-24 01:35:03,885] {logging_mixin.py:109} INFO - [2022-10-24 01:35:03,884] {dag.py:2398} INFO - Sync 1 DAGs
[2022-10-24 01:35:03,921] {logging_mixin.py:109} INFO - [2022-10-24 01:35:03,921] {dag.py:2937} INFO - Setting next_dagrun for tutorial_taskflow_api_etl to None
[2022-10-24 01:35:03,947] {processor.py:171} INFO - Processing /home/airflow/.local/lib/python3.7/site-packages/airflow/example_dags/tutorial_taskflow_api_etl.py took 0.513 seconds
[2022-10-24 01:35:34,104] {processor.py:163} INFO - Started process (PID=1913) to work on /home/airflow/.local/lib/python3.7/site-packages/airflow/example_dags/tutorial_taskflow_api_etl.py
[2022-10-24 01:35:34,108] {processor.py:642} INFO - Processing file /home/airflow/.local/lib/python3.7/site-packages/airflow/example_dags/tutorial_taskflow_api_etl.py for tasks to queue
[2022-10-24 01:35:34,110] {logging_mixin.py:109} INFO - [2022-10-24 01:35:34,110] {dagbag.py:500} INFO - Filling up the DagBag from /home/airflow/.local/lib/python3.7/site-packages/airflow/example_dags/tutorial_taskflow_api_etl.py
[2022-10-24 01:35:34,190] {processor.py:654} INFO - DAG(s) dict_keys(['tutorial_taskflow_api_etl']) retrieved from /home/airflow/.local/lib/python3.7/site-packages/airflow/example_dags/tutorial_taskflow_api_etl.py
[2022-10-24 01:35:34,481] {logging_mixin.py:109} INFO - [2022-10-24 01:35:34,481] {dag.py:2398} INFO - Sync 1 DAGs
[2022-10-24 01:35:34,500] {logging_mixin.py:109} INFO - [2022-10-24 01:35:34,500] {dag.py:2937} INFO - Setting next_dagrun for tutorial_taskflow_api_etl to None
[2022-10-24 01:35:34,532] {processor.py:171} INFO - Processing /home/airflow/.local/lib/python3.7/site-packages/airflow/example_dags/tutorial_taskflow_api_etl.py took 0.433 seconds
