[2022-10-24 01:18:05,633] {processor.py:163} INFO - Started process (PID=53) to work on /home/airflow/.local/lib/python3.7/site-packages/airflow/example_dags/tutorial.py
[2022-10-24 01:18:05,644] {processor.py:642} INFO - Processing file /home/airflow/.local/lib/python3.7/site-packages/airflow/example_dags/tutorial.py for tasks to queue
[2022-10-24 01:18:05,650] {logging_mixin.py:109} INFO - [2022-10-24 01:18:05,648] {dagbag.py:500} INFO - Filling up the DagBag from /home/airflow/.local/lib/python3.7/site-packages/airflow/example_dags/tutorial.py
[2022-10-24 01:18:05,788] {processor.py:654} INFO - DAG(s) dict_keys(['tutorial']) retrieved from /home/airflow/.local/lib/python3.7/site-packages/airflow/example_dags/tutorial.py
[2022-10-24 01:18:05,818] {logging_mixin.py:109} INFO - [2022-10-24 01:18:05,818] {dag.py:2398} INFO - Sync 1 DAGs
[2022-10-24 01:18:05,864] {logging_mixin.py:109} INFO - [2022-10-24 01:18:05,863] {dag.py:2937} INFO - Setting next_dagrun for tutorial to 2022-10-23T01:18:05.863404+00:00
[2022-10-24 01:18:05,906] {processor.py:171} INFO - Processing /home/airflow/.local/lib/python3.7/site-packages/airflow/example_dags/tutorial.py took 0.283 seconds
[2022-10-24 01:18:37,558] {processor.py:163} INFO - Started process (PID=105) to work on /home/airflow/.local/lib/python3.7/site-packages/airflow/example_dags/tutorial.py
[2022-10-24 01:18:37,562] {processor.py:642} INFO - Processing file /home/airflow/.local/lib/python3.7/site-packages/airflow/example_dags/tutorial.py for tasks to queue
[2022-10-24 01:18:37,567] {logging_mixin.py:109} INFO - [2022-10-24 01:18:37,566] {dagbag.py:500} INFO - Filling up the DagBag from /home/airflow/.local/lib/python3.7/site-packages/airflow/example_dags/tutorial.py
[2022-10-24 01:18:37,654] {processor.py:654} INFO - DAG(s) dict_keys(['tutorial']) retrieved from /home/airflow/.local/lib/python3.7/site-packages/airflow/example_dags/tutorial.py
[2022-10-24 01:18:37,684] {logging_mixin.py:109} INFO - [2022-10-24 01:18:37,684] {dag.py:2398} INFO - Sync 1 DAGs
[2022-10-24 01:18:37,757] {logging_mixin.py:109} INFO - [2022-10-24 01:18:37,757] {dag.py:2937} INFO - Setting next_dagrun for tutorial to 2022-10-23T01:18:37.754379+00:00
[2022-10-24 01:18:37,799] {processor.py:171} INFO - Processing /home/airflow/.local/lib/python3.7/site-packages/airflow/example_dags/tutorial.py took 0.253 seconds
[2022-10-24 01:19:08,788] {processor.py:163} INFO - Started process (PID=156) to work on /home/airflow/.local/lib/python3.7/site-packages/airflow/example_dags/tutorial.py
[2022-10-24 01:19:08,792] {processor.py:642} INFO - Processing file /home/airflow/.local/lib/python3.7/site-packages/airflow/example_dags/tutorial.py for tasks to queue
[2022-10-24 01:19:08,795] {logging_mixin.py:109} INFO - [2022-10-24 01:19:08,794] {dagbag.py:500} INFO - Filling up the DagBag from /home/airflow/.local/lib/python3.7/site-packages/airflow/example_dags/tutorial.py
[2022-10-24 01:19:08,855] {processor.py:654} INFO - DAG(s) dict_keys(['tutorial']) retrieved from /home/airflow/.local/lib/python3.7/site-packages/airflow/example_dags/tutorial.py
[2022-10-24 01:19:08,876] {logging_mixin.py:109} INFO - [2022-10-24 01:19:08,876] {dag.py:2398} INFO - Sync 1 DAGs
[2022-10-24 01:19:08,900] {logging_mixin.py:109} INFO - [2022-10-24 01:19:08,900] {dag.py:2937} INFO - Setting next_dagrun for tutorial to 2022-10-23T01:19:08.899599+00:00
[2022-10-24 01:19:08,923] {processor.py:171} INFO - Processing /home/airflow/.local/lib/python3.7/site-packages/airflow/example_dags/tutorial.py took 0.142 seconds
[2022-10-24 01:19:40,153] {processor.py:163} INFO - Started process (PID=218) to work on /home/airflow/.local/lib/python3.7/site-packages/airflow/example_dags/tutorial.py
[2022-10-24 01:19:40,156] {processor.py:642} INFO - Processing file /home/airflow/.local/lib/python3.7/site-packages/airflow/example_dags/tutorial.py for tasks to queue
[2022-10-24 01:19:40,158] {logging_mixin.py:109} INFO - [2022-10-24 01:19:40,158] {dagbag.py:500} INFO - Filling up the DagBag from /home/airflow/.local/lib/python3.7/site-packages/airflow/example_dags/tutorial.py
[2022-10-24 01:19:40,211] {processor.py:654} INFO - DAG(s) dict_keys(['tutorial']) retrieved from /home/airflow/.local/lib/python3.7/site-packages/airflow/example_dags/tutorial.py
[2022-10-24 01:19:40,230] {logging_mixin.py:109} INFO - [2022-10-24 01:19:40,230] {dag.py:2398} INFO - Sync 1 DAGs
[2022-10-24 01:19:40,260] {logging_mixin.py:109} INFO - [2022-10-24 01:19:40,260] {dag.py:2937} INFO - Setting next_dagrun for tutorial to 2022-10-23T01:19:40.260074+00:00
[2022-10-24 01:19:40,282] {processor.py:171} INFO - Processing /home/airflow/.local/lib/python3.7/site-packages/airflow/example_dags/tutorial.py took 0.133 seconds
[2022-10-24 01:20:10,833] {processor.py:163} INFO - Started process (PID=270) to work on /home/airflow/.local/lib/python3.7/site-packages/airflow/example_dags/tutorial.py
[2022-10-24 01:20:10,836] {processor.py:642} INFO - Processing file /home/airflow/.local/lib/python3.7/site-packages/airflow/example_dags/tutorial.py for tasks to queue
[2022-10-24 01:20:10,837] {logging_mixin.py:109} INFO - [2022-10-24 01:20:10,837] {dagbag.py:500} INFO - Filling up the DagBag from /home/airflow/.local/lib/python3.7/site-packages/airflow/example_dags/tutorial.py
[2022-10-24 01:20:10,888] {processor.py:654} INFO - DAG(s) dict_keys(['tutorial']) retrieved from /home/airflow/.local/lib/python3.7/site-packages/airflow/example_dags/tutorial.py
[2022-10-24 01:20:10,933] {logging_mixin.py:109} INFO - [2022-10-24 01:20:10,933] {dag.py:2398} INFO - Sync 1 DAGs
[2022-10-24 01:20:10,961] {logging_mixin.py:109} INFO - [2022-10-24 01:20:10,961] {dag.py:2937} INFO - Setting next_dagrun for tutorial to 2022-10-23T01:20:10.960769+00:00
[2022-10-24 01:20:10,980] {processor.py:171} INFO - Processing /home/airflow/.local/lib/python3.7/site-packages/airflow/example_dags/tutorial.py took 0.151 seconds
[2022-10-24 01:20:41,299] {processor.py:163} INFO - Started process (PID=322) to work on /home/airflow/.local/lib/python3.7/site-packages/airflow/example_dags/tutorial.py
[2022-10-24 01:20:41,303] {processor.py:642} INFO - Processing file /home/airflow/.local/lib/python3.7/site-packages/airflow/example_dags/tutorial.py for tasks to queue
[2022-10-24 01:20:41,305] {logging_mixin.py:109} INFO - [2022-10-24 01:20:41,305] {dagbag.py:500} INFO - Filling up the DagBag from /home/airflow/.local/lib/python3.7/site-packages/airflow/example_dags/tutorial.py
[2022-10-24 01:20:41,352] {processor.py:654} INFO - DAG(s) dict_keys(['tutorial']) retrieved from /home/airflow/.local/lib/python3.7/site-packages/airflow/example_dags/tutorial.py
[2022-10-24 01:20:41,368] {logging_mixin.py:109} INFO - [2022-10-24 01:20:41,367] {dag.py:2398} INFO - Sync 1 DAGs
[2022-10-24 01:20:41,392] {logging_mixin.py:109} INFO - [2022-10-24 01:20:41,392] {dag.py:2937} INFO - Setting next_dagrun for tutorial to 2022-10-23T01:20:41.392451+00:00
[2022-10-24 01:20:41,410] {processor.py:171} INFO - Processing /home/airflow/.local/lib/python3.7/site-packages/airflow/example_dags/tutorial.py took 0.119 seconds
[2022-10-24 01:21:11,493] {processor.py:163} INFO - Started process (PID=382) to work on /home/airflow/.local/lib/python3.7/site-packages/airflow/example_dags/tutorial.py
[2022-10-24 01:21:11,497] {processor.py:642} INFO - Processing file /home/airflow/.local/lib/python3.7/site-packages/airflow/example_dags/tutorial.py for tasks to queue
[2022-10-24 01:21:11,499] {logging_mixin.py:109} INFO - [2022-10-24 01:21:11,498] {dagbag.py:500} INFO - Filling up the DagBag from /home/airflow/.local/lib/python3.7/site-packages/airflow/example_dags/tutorial.py
[2022-10-24 01:21:11,543] {processor.py:654} INFO - DAG(s) dict_keys(['tutorial']) retrieved from /home/airflow/.local/lib/python3.7/site-packages/airflow/example_dags/tutorial.py
[2022-10-24 01:21:11,557] {logging_mixin.py:109} INFO - [2022-10-24 01:21:11,557] {dag.py:2398} INFO - Sync 1 DAGs
[2022-10-24 01:21:11,574] {logging_mixin.py:109} INFO - [2022-10-24 01:21:11,574] {dag.py:2937} INFO - Setting next_dagrun for tutorial to 2022-10-23T01:21:11.574094+00:00
[2022-10-24 01:21:11,588] {processor.py:171} INFO - Processing /home/airflow/.local/lib/python3.7/site-packages/airflow/example_dags/tutorial.py took 0.098 seconds
[2022-10-24 01:21:42,031] {processor.py:163} INFO - Started process (PID=434) to work on /home/airflow/.local/lib/python3.7/site-packages/airflow/example_dags/tutorial.py
[2022-10-24 01:21:42,035] {processor.py:642} INFO - Processing file /home/airflow/.local/lib/python3.7/site-packages/airflow/example_dags/tutorial.py for tasks to queue
[2022-10-24 01:21:42,038] {logging_mixin.py:109} INFO - [2022-10-24 01:21:42,038] {dagbag.py:500} INFO - Filling up the DagBag from /home/airflow/.local/lib/python3.7/site-packages/airflow/example_dags/tutorial.py
[2022-10-24 01:21:42,087] {processor.py:654} INFO - DAG(s) dict_keys(['tutorial']) retrieved from /home/airflow/.local/lib/python3.7/site-packages/airflow/example_dags/tutorial.py
[2022-10-24 01:21:42,098] {logging_mixin.py:109} INFO - [2022-10-24 01:21:42,098] {dag.py:2398} INFO - Sync 1 DAGs
[2022-10-24 01:21:42,116] {logging_mixin.py:109} INFO - [2022-10-24 01:21:42,115] {dag.py:2937} INFO - Setting next_dagrun for tutorial to 2022-10-23T01:21:42.115531+00:00
[2022-10-24 01:21:42,129] {processor.py:171} INFO - Processing /home/airflow/.local/lib/python3.7/site-packages/airflow/example_dags/tutorial.py took 0.103 seconds
[2022-10-24 01:22:13,286] {processor.py:163} INFO - Started process (PID=497) to work on /home/airflow/.local/lib/python3.7/site-packages/airflow/example_dags/tutorial.py
[2022-10-24 01:22:13,290] {processor.py:642} INFO - Processing file /home/airflow/.local/lib/python3.7/site-packages/airflow/example_dags/tutorial.py for tasks to queue
[2022-10-24 01:22:13,293] {logging_mixin.py:109} INFO - [2022-10-24 01:22:13,292] {dagbag.py:500} INFO - Filling up the DagBag from /home/airflow/.local/lib/python3.7/site-packages/airflow/example_dags/tutorial.py
[2022-10-24 01:22:13,345] {processor.py:654} INFO - DAG(s) dict_keys(['tutorial']) retrieved from /home/airflow/.local/lib/python3.7/site-packages/airflow/example_dags/tutorial.py
[2022-10-24 01:22:13,367] {logging_mixin.py:109} INFO - [2022-10-24 01:22:13,367] {dag.py:2398} INFO - Sync 1 DAGs
[2022-10-24 01:22:13,395] {logging_mixin.py:109} INFO - [2022-10-24 01:22:13,395] {dag.py:2937} INFO - Setting next_dagrun for tutorial to 2022-10-23T01:22:13.395065+00:00
[2022-10-24 01:22:13,413] {processor.py:171} INFO - Processing /home/airflow/.local/lib/python3.7/site-packages/airflow/example_dags/tutorial.py took 0.134 seconds
[2022-10-24 01:22:44,040] {processor.py:163} INFO - Started process (PID=549) to work on /home/airflow/.local/lib/python3.7/site-packages/airflow/example_dags/tutorial.py
[2022-10-24 01:22:44,042] {processor.py:642} INFO - Processing file /home/airflow/.local/lib/python3.7/site-packages/airflow/example_dags/tutorial.py for tasks to queue
[2022-10-24 01:22:44,044] {logging_mixin.py:109} INFO - [2022-10-24 01:22:44,044] {dagbag.py:500} INFO - Filling up the DagBag from /home/airflow/.local/lib/python3.7/site-packages/airflow/example_dags/tutorial.py
[2022-10-24 01:22:44,166] {processor.py:654} INFO - DAG(s) dict_keys(['tutorial']) retrieved from /home/airflow/.local/lib/python3.7/site-packages/airflow/example_dags/tutorial.py
[2022-10-24 01:22:44,248] {logging_mixin.py:109} INFO - [2022-10-24 01:22:44,248] {dag.py:2398} INFO - Sync 1 DAGs
[2022-10-24 01:22:44,295] {logging_mixin.py:109} INFO - [2022-10-24 01:22:44,295] {dag.py:2937} INFO - Setting next_dagrun for tutorial to 2022-10-23T01:22:44.294618+00:00
[2022-10-24 01:22:44,364] {processor.py:171} INFO - Processing /home/airflow/.local/lib/python3.7/site-packages/airflow/example_dags/tutorial.py took 0.329 seconds
[2022-10-24 01:23:14,828] {processor.py:163} INFO - Started process (PID=601) to work on /home/airflow/.local/lib/python3.7/site-packages/airflow/example_dags/tutorial.py
[2022-10-24 01:23:14,830] {processor.py:642} INFO - Processing file /home/airflow/.local/lib/python3.7/site-packages/airflow/example_dags/tutorial.py for tasks to queue
[2022-10-24 01:23:14,832] {logging_mixin.py:109} INFO - [2022-10-24 01:23:14,831] {dagbag.py:500} INFO - Filling up the DagBag from /home/airflow/.local/lib/python3.7/site-packages/airflow/example_dags/tutorial.py
[2022-10-24 01:23:14,889] {processor.py:654} INFO - DAG(s) dict_keys(['tutorial']) retrieved from /home/airflow/.local/lib/python3.7/site-packages/airflow/example_dags/tutorial.py
[2022-10-24 01:23:14,908] {logging_mixin.py:109} INFO - [2022-10-24 01:23:14,907] {dag.py:2398} INFO - Sync 1 DAGs
[2022-10-24 01:23:14,933] {logging_mixin.py:109} INFO - [2022-10-24 01:23:14,933] {dag.py:2937} INFO - Setting next_dagrun for tutorial to 2022-10-23T01:23:14.933238+00:00
[2022-10-24 01:23:14,947] {processor.py:171} INFO - Processing /home/airflow/.local/lib/python3.7/site-packages/airflow/example_dags/tutorial.py took 0.124 seconds
[2022-10-24 01:23:46,189] {processor.py:163} INFO - Started process (PID=662) to work on /home/airflow/.local/lib/python3.7/site-packages/airflow/example_dags/tutorial.py
[2022-10-24 01:23:46,193] {processor.py:642} INFO - Processing file /home/airflow/.local/lib/python3.7/site-packages/airflow/example_dags/tutorial.py for tasks to queue
[2022-10-24 01:23:46,196] {logging_mixin.py:109} INFO - [2022-10-24 01:23:46,195] {dagbag.py:500} INFO - Filling up the DagBag from /home/airflow/.local/lib/python3.7/site-packages/airflow/example_dags/tutorial.py
[2022-10-24 01:23:46,274] {processor.py:654} INFO - DAG(s) dict_keys(['tutorial']) retrieved from /home/airflow/.local/lib/python3.7/site-packages/airflow/example_dags/tutorial.py
[2022-10-24 01:23:46,314] {logging_mixin.py:109} INFO - [2022-10-24 01:23:46,314] {dag.py:2398} INFO - Sync 1 DAGs
[2022-10-24 01:23:46,343] {logging_mixin.py:109} INFO - [2022-10-24 01:23:46,343] {dag.py:2937} INFO - Setting next_dagrun for tutorial to 2022-10-23T01:23:46.343410+00:00
[2022-10-24 01:23:46,376] {processor.py:171} INFO - Processing /home/airflow/.local/lib/python3.7/site-packages/airflow/example_dags/tutorial.py took 0.192 seconds
[2022-10-24 01:24:16,687] {processor.py:163} INFO - Started process (PID=713) to work on /home/airflow/.local/lib/python3.7/site-packages/airflow/example_dags/tutorial.py
[2022-10-24 01:24:16,690] {processor.py:642} INFO - Processing file /home/airflow/.local/lib/python3.7/site-packages/airflow/example_dags/tutorial.py for tasks to queue
[2022-10-24 01:24:16,691] {logging_mixin.py:109} INFO - [2022-10-24 01:24:16,691] {dagbag.py:500} INFO - Filling up the DagBag from /home/airflow/.local/lib/python3.7/site-packages/airflow/example_dags/tutorial.py
[2022-10-24 01:24:16,741] {processor.py:654} INFO - DAG(s) dict_keys(['tutorial']) retrieved from /home/airflow/.local/lib/python3.7/site-packages/airflow/example_dags/tutorial.py
[2022-10-24 01:24:16,756] {logging_mixin.py:109} INFO - [2022-10-24 01:24:16,756] {dag.py:2398} INFO - Sync 1 DAGs
[2022-10-24 01:24:16,781] {logging_mixin.py:109} INFO - [2022-10-24 01:24:16,780] {dag.py:2937} INFO - Setting next_dagrun for tutorial to 2022-10-23T01:24:16.780561+00:00
[2022-10-24 01:24:16,794] {processor.py:171} INFO - Processing /home/airflow/.local/lib/python3.7/site-packages/airflow/example_dags/tutorial.py took 0.111 seconds
[2022-10-24 01:24:48,579] {processor.py:163} INFO - Started process (PID=766) to work on /home/airflow/.local/lib/python3.7/site-packages/airflow/example_dags/tutorial.py
[2022-10-24 01:24:48,582] {processor.py:642} INFO - Processing file /home/airflow/.local/lib/python3.7/site-packages/airflow/example_dags/tutorial.py for tasks to queue
[2022-10-24 01:24:48,585] {logging_mixin.py:109} INFO - [2022-10-24 01:24:48,584] {dagbag.py:500} INFO - Filling up the DagBag from /home/airflow/.local/lib/python3.7/site-packages/airflow/example_dags/tutorial.py
[2022-10-24 01:24:48,649] {processor.py:654} INFO - DAG(s) dict_keys(['tutorial']) retrieved from /home/airflow/.local/lib/python3.7/site-packages/airflow/example_dags/tutorial.py
[2022-10-24 01:24:48,672] {logging_mixin.py:109} INFO - [2022-10-24 01:24:48,672] {dag.py:2398} INFO - Sync 1 DAGs
[2022-10-24 01:24:48,706] {logging_mixin.py:109} INFO - [2022-10-24 01:24:48,706] {dag.py:2937} INFO - Setting next_dagrun for tutorial to 2022-10-23T01:24:48.705830+00:00
[2022-10-24 01:24:48,731] {processor.py:171} INFO - Processing /home/airflow/.local/lib/python3.7/site-packages/airflow/example_dags/tutorial.py took 0.159 seconds
[2022-10-24 01:25:19,768] {processor.py:163} INFO - Started process (PID=827) to work on /home/airflow/.local/lib/python3.7/site-packages/airflow/example_dags/tutorial.py
[2022-10-24 01:25:19,770] {processor.py:642} INFO - Processing file /home/airflow/.local/lib/python3.7/site-packages/airflow/example_dags/tutorial.py for tasks to queue
[2022-10-24 01:25:19,772] {logging_mixin.py:109} INFO - [2022-10-24 01:25:19,772] {dagbag.py:500} INFO - Filling up the DagBag from /home/airflow/.local/lib/python3.7/site-packages/airflow/example_dags/tutorial.py
[2022-10-24 01:25:19,820] {processor.py:654} INFO - DAG(s) dict_keys(['tutorial']) retrieved from /home/airflow/.local/lib/python3.7/site-packages/airflow/example_dags/tutorial.py
[2022-10-24 01:25:19,838] {logging_mixin.py:109} INFO - [2022-10-24 01:25:19,838] {dag.py:2398} INFO - Sync 1 DAGs
[2022-10-24 01:25:19,863] {logging_mixin.py:109} INFO - [2022-10-24 01:25:19,862] {dag.py:2937} INFO - Setting next_dagrun for tutorial to 2022-10-23T01:25:19.862633+00:00
[2022-10-24 01:25:19,911] {processor.py:171} INFO - Processing /home/airflow/.local/lib/python3.7/site-packages/airflow/example_dags/tutorial.py took 0.146 seconds
[2022-10-24 01:25:50,765] {processor.py:163} INFO - Started process (PID=870) to work on /home/airflow/.local/lib/python3.7/site-packages/airflow/example_dags/tutorial.py
[2022-10-24 01:25:50,769] {processor.py:642} INFO - Processing file /home/airflow/.local/lib/python3.7/site-packages/airflow/example_dags/tutorial.py for tasks to queue
[2022-10-24 01:25:50,773] {logging_mixin.py:109} INFO - [2022-10-24 01:25:50,772] {dagbag.py:500} INFO - Filling up the DagBag from /home/airflow/.local/lib/python3.7/site-packages/airflow/example_dags/tutorial.py
[2022-10-24 01:25:50,827] {processor.py:654} INFO - DAG(s) dict_keys(['tutorial']) retrieved from /home/airflow/.local/lib/python3.7/site-packages/airflow/example_dags/tutorial.py
[2022-10-24 01:25:50,842] {logging_mixin.py:109} INFO - [2022-10-24 01:25:50,842] {dag.py:2398} INFO - Sync 1 DAGs
[2022-10-24 01:25:50,872] {logging_mixin.py:109} INFO - [2022-10-24 01:25:50,872] {dag.py:2937} INFO - Setting next_dagrun for tutorial to 2022-10-23T01:25:50.870005+00:00
[2022-10-24 01:25:50,888] {processor.py:171} INFO - Processing /home/airflow/.local/lib/python3.7/site-packages/airflow/example_dags/tutorial.py took 0.128 seconds
[2022-10-24 01:26:21,448] {processor.py:163} INFO - Started process (PID=930) to work on /home/airflow/.local/lib/python3.7/site-packages/airflow/example_dags/tutorial.py
[2022-10-24 01:26:21,451] {processor.py:642} INFO - Processing file /home/airflow/.local/lib/python3.7/site-packages/airflow/example_dags/tutorial.py for tasks to queue
[2022-10-24 01:26:21,452] {logging_mixin.py:109} INFO - [2022-10-24 01:26:21,452] {dagbag.py:500} INFO - Filling up the DagBag from /home/airflow/.local/lib/python3.7/site-packages/airflow/example_dags/tutorial.py
[2022-10-24 01:26:21,523] {processor.py:654} INFO - DAG(s) dict_keys(['tutorial']) retrieved from /home/airflow/.local/lib/python3.7/site-packages/airflow/example_dags/tutorial.py
[2022-10-24 01:26:21,544] {logging_mixin.py:109} INFO - [2022-10-24 01:26:21,544] {dag.py:2398} INFO - Sync 1 DAGs
[2022-10-24 01:26:21,579] {logging_mixin.py:109} INFO - [2022-10-24 01:26:21,579] {dag.py:2937} INFO - Setting next_dagrun for tutorial to 2022-10-23T01:26:21.578731+00:00
[2022-10-24 01:26:21,608] {processor.py:171} INFO - Processing /home/airflow/.local/lib/python3.7/site-packages/airflow/example_dags/tutorial.py took 0.165 seconds
[2022-10-24 01:26:51,857] {processor.py:163} INFO - Started process (PID=983) to work on /home/airflow/.local/lib/python3.7/site-packages/airflow/example_dags/tutorial.py
[2022-10-24 01:26:51,860] {processor.py:642} INFO - Processing file /home/airflow/.local/lib/python3.7/site-packages/airflow/example_dags/tutorial.py for tasks to queue
[2022-10-24 01:26:51,863] {logging_mixin.py:109} INFO - [2022-10-24 01:26:51,863] {dagbag.py:500} INFO - Filling up the DagBag from /home/airflow/.local/lib/python3.7/site-packages/airflow/example_dags/tutorial.py
[2022-10-24 01:26:51,921] {processor.py:654} INFO - DAG(s) dict_keys(['tutorial']) retrieved from /home/airflow/.local/lib/python3.7/site-packages/airflow/example_dags/tutorial.py
[2022-10-24 01:26:51,935] {logging_mixin.py:109} INFO - [2022-10-24 01:26:51,935] {dag.py:2398} INFO - Sync 1 DAGs
[2022-10-24 01:26:51,960] {logging_mixin.py:109} INFO - [2022-10-24 01:26:51,960] {dag.py:2937} INFO - Setting next_dagrun for tutorial to 2022-10-23T01:26:51.959382+00:00
[2022-10-24 01:26:51,977] {processor.py:171} INFO - Processing /home/airflow/.local/lib/python3.7/site-packages/airflow/example_dags/tutorial.py took 0.126 seconds
[2022-10-24 01:27:22,874] {processor.py:163} INFO - Started process (PID=1037) to work on /home/airflow/.local/lib/python3.7/site-packages/airflow/example_dags/tutorial.py
[2022-10-24 01:27:22,878] {processor.py:642} INFO - Processing file /home/airflow/.local/lib/python3.7/site-packages/airflow/example_dags/tutorial.py for tasks to queue
[2022-10-24 01:27:22,880] {logging_mixin.py:109} INFO - [2022-10-24 01:27:22,880] {dagbag.py:500} INFO - Filling up the DagBag from /home/airflow/.local/lib/python3.7/site-packages/airflow/example_dags/tutorial.py
[2022-10-24 01:27:22,928] {processor.py:654} INFO - DAG(s) dict_keys(['tutorial']) retrieved from /home/airflow/.local/lib/python3.7/site-packages/airflow/example_dags/tutorial.py
[2022-10-24 01:27:22,950] {logging_mixin.py:109} INFO - [2022-10-24 01:27:22,949] {dag.py:2398} INFO - Sync 1 DAGs
[2022-10-24 01:27:22,983] {logging_mixin.py:109} INFO - [2022-10-24 01:27:22,983] {dag.py:2937} INFO - Setting next_dagrun for tutorial to 2022-10-23T01:27:22.982606+00:00
[2022-10-24 01:27:22,998] {processor.py:171} INFO - Processing /home/airflow/.local/lib/python3.7/site-packages/airflow/example_dags/tutorial.py took 0.131 seconds
[2022-10-24 01:27:54,056] {processor.py:163} INFO - Started process (PID=1088) to work on /home/airflow/.local/lib/python3.7/site-packages/airflow/example_dags/tutorial.py
[2022-10-24 01:27:54,059] {processor.py:642} INFO - Processing file /home/airflow/.local/lib/python3.7/site-packages/airflow/example_dags/tutorial.py for tasks to queue
[2022-10-24 01:27:54,061] {logging_mixin.py:109} INFO - [2022-10-24 01:27:54,061] {dagbag.py:500} INFO - Filling up the DagBag from /home/airflow/.local/lib/python3.7/site-packages/airflow/example_dags/tutorial.py
[2022-10-24 01:27:54,114] {processor.py:654} INFO - DAG(s) dict_keys(['tutorial']) retrieved from /home/airflow/.local/lib/python3.7/site-packages/airflow/example_dags/tutorial.py
[2022-10-24 01:27:54,127] {logging_mixin.py:109} INFO - [2022-10-24 01:27:54,127] {dag.py:2398} INFO - Sync 1 DAGs
[2022-10-24 01:27:54,148] {logging_mixin.py:109} INFO - [2022-10-24 01:27:54,147] {dag.py:2937} INFO - Setting next_dagrun for tutorial to 2022-10-23T01:27:54.147479+00:00
[2022-10-24 01:27:54,161] {processor.py:171} INFO - Processing /home/airflow/.local/lib/python3.7/site-packages/airflow/example_dags/tutorial.py took 0.110 seconds
[2022-10-24 01:28:25,243] {processor.py:163} INFO - Started process (PID=1140) to work on /home/airflow/.local/lib/python3.7/site-packages/airflow/example_dags/tutorial.py
[2022-10-24 01:28:25,246] {processor.py:642} INFO - Processing file /home/airflow/.local/lib/python3.7/site-packages/airflow/example_dags/tutorial.py for tasks to queue
[2022-10-24 01:28:25,248] {logging_mixin.py:109} INFO - [2022-10-24 01:28:25,248] {dagbag.py:500} INFO - Filling up the DagBag from /home/airflow/.local/lib/python3.7/site-packages/airflow/example_dags/tutorial.py
[2022-10-24 01:28:25,322] {processor.py:654} INFO - DAG(s) dict_keys(['tutorial']) retrieved from /home/airflow/.local/lib/python3.7/site-packages/airflow/example_dags/tutorial.py
[2022-10-24 01:28:25,351] {logging_mixin.py:109} INFO - [2022-10-24 01:28:25,351] {dag.py:2398} INFO - Sync 1 DAGs
[2022-10-24 01:28:25,375] {logging_mixin.py:109} INFO - [2022-10-24 01:28:25,374] {dag.py:2937} INFO - Setting next_dagrun for tutorial to 2022-10-23T01:28:25.374326+00:00
[2022-10-24 01:28:25,388] {processor.py:171} INFO - Processing /home/airflow/.local/lib/python3.7/site-packages/airflow/example_dags/tutorial.py took 0.150 seconds
[2022-10-24 01:28:55,734] {processor.py:163} INFO - Started process (PID=1191) to work on /home/airflow/.local/lib/python3.7/site-packages/airflow/example_dags/tutorial.py
[2022-10-24 01:28:55,737] {processor.py:642} INFO - Processing file /home/airflow/.local/lib/python3.7/site-packages/airflow/example_dags/tutorial.py for tasks to queue
[2022-10-24 01:28:55,740] {logging_mixin.py:109} INFO - [2022-10-24 01:28:55,740] {dagbag.py:500} INFO - Filling up the DagBag from /home/airflow/.local/lib/python3.7/site-packages/airflow/example_dags/tutorial.py
[2022-10-24 01:28:55,798] {processor.py:654} INFO - DAG(s) dict_keys(['tutorial']) retrieved from /home/airflow/.local/lib/python3.7/site-packages/airflow/example_dags/tutorial.py
[2022-10-24 01:28:55,815] {logging_mixin.py:109} INFO - [2022-10-24 01:28:55,815] {dag.py:2398} INFO - Sync 1 DAGs
[2022-10-24 01:28:55,852] {logging_mixin.py:109} INFO - [2022-10-24 01:28:55,852] {dag.py:2937} INFO - Setting next_dagrun for tutorial to 2022-10-23T01:28:55.851894+00:00
[2022-10-24 01:28:55,872] {processor.py:171} INFO - Processing /home/airflow/.local/lib/python3.7/site-packages/airflow/example_dags/tutorial.py took 0.143 seconds
[2022-10-24 01:29:26,522] {processor.py:163} INFO - Started process (PID=1252) to work on /home/airflow/.local/lib/python3.7/site-packages/airflow/example_dags/tutorial.py
[2022-10-24 01:29:26,525] {processor.py:642} INFO - Processing file /home/airflow/.local/lib/python3.7/site-packages/airflow/example_dags/tutorial.py for tasks to queue
[2022-10-24 01:29:26,526] {logging_mixin.py:109} INFO - [2022-10-24 01:29:26,526] {dagbag.py:500} INFO - Filling up the DagBag from /home/airflow/.local/lib/python3.7/site-packages/airflow/example_dags/tutorial.py
[2022-10-24 01:29:26,567] {processor.py:654} INFO - DAG(s) dict_keys(['tutorial']) retrieved from /home/airflow/.local/lib/python3.7/site-packages/airflow/example_dags/tutorial.py
[2022-10-24 01:29:26,580] {logging_mixin.py:109} INFO - [2022-10-24 01:29:26,580] {dag.py:2398} INFO - Sync 1 DAGs
[2022-10-24 01:29:26,601] {logging_mixin.py:109} INFO - [2022-10-24 01:29:26,601] {dag.py:2937} INFO - Setting next_dagrun for tutorial to 2022-10-23T01:29:26.600925+00:00
[2022-10-24 01:29:26,614] {processor.py:171} INFO - Processing /home/airflow/.local/lib/python3.7/site-packages/airflow/example_dags/tutorial.py took 0.096 seconds
[2022-10-24 01:29:57,625] {processor.py:163} INFO - Started process (PID=1306) to work on /home/airflow/.local/lib/python3.7/site-packages/airflow/example_dags/tutorial.py
[2022-10-24 01:29:57,628] {processor.py:642} INFO - Processing file /home/airflow/.local/lib/python3.7/site-packages/airflow/example_dags/tutorial.py for tasks to queue
[2022-10-24 01:29:57,630] {logging_mixin.py:109} INFO - [2022-10-24 01:29:57,630] {dagbag.py:500} INFO - Filling up the DagBag from /home/airflow/.local/lib/python3.7/site-packages/airflow/example_dags/tutorial.py
[2022-10-24 01:29:57,679] {processor.py:654} INFO - DAG(s) dict_keys(['tutorial']) retrieved from /home/airflow/.local/lib/python3.7/site-packages/airflow/example_dags/tutorial.py
[2022-10-24 01:29:57,697] {logging_mixin.py:109} INFO - [2022-10-24 01:29:57,697] {dag.py:2398} INFO - Sync 1 DAGs
[2022-10-24 01:29:57,725] {logging_mixin.py:109} INFO - [2022-10-24 01:29:57,725] {dag.py:2937} INFO - Setting next_dagrun for tutorial to 2022-10-23T01:29:57.725047+00:00
[2022-10-24 01:29:57,741] {processor.py:171} INFO - Processing /home/airflow/.local/lib/python3.7/site-packages/airflow/example_dags/tutorial.py took 0.121 seconds
[2022-10-24 01:30:28,081] {processor.py:163} INFO - Started process (PID=1359) to work on /home/airflow/.local/lib/python3.7/site-packages/airflow/example_dags/tutorial.py
[2022-10-24 01:30:28,083] {processor.py:642} INFO - Processing file /home/airflow/.local/lib/python3.7/site-packages/airflow/example_dags/tutorial.py for tasks to queue
[2022-10-24 01:30:28,086] {logging_mixin.py:109} INFO - [2022-10-24 01:30:28,086] {dagbag.py:500} INFO - Filling up the DagBag from /home/airflow/.local/lib/python3.7/site-packages/airflow/example_dags/tutorial.py
[2022-10-24 01:30:28,125] {processor.py:654} INFO - DAG(s) dict_keys(['tutorial']) retrieved from /home/airflow/.local/lib/python3.7/site-packages/airflow/example_dags/tutorial.py
[2022-10-24 01:30:28,138] {logging_mixin.py:109} INFO - [2022-10-24 01:30:28,137] {dag.py:2398} INFO - Sync 1 DAGs
[2022-10-24 01:30:28,159] {logging_mixin.py:109} INFO - [2022-10-24 01:30:28,159] {dag.py:2937} INFO - Setting next_dagrun for tutorial to 2022-10-23T01:30:28.158718+00:00
[2022-10-24 01:30:28,176] {processor.py:171} INFO - Processing /home/airflow/.local/lib/python3.7/site-packages/airflow/example_dags/tutorial.py took 0.100 seconds
[2022-10-24 01:30:58,651] {processor.py:163} INFO - Started process (PID=1420) to work on /home/airflow/.local/lib/python3.7/site-packages/airflow/example_dags/tutorial.py
[2022-10-24 01:30:58,654] {processor.py:642} INFO - Processing file /home/airflow/.local/lib/python3.7/site-packages/airflow/example_dags/tutorial.py for tasks to queue
[2022-10-24 01:30:58,656] {logging_mixin.py:109} INFO - [2022-10-24 01:30:58,656] {dagbag.py:500} INFO - Filling up the DagBag from /home/airflow/.local/lib/python3.7/site-packages/airflow/example_dags/tutorial.py
[2022-10-24 01:30:58,696] {processor.py:654} INFO - DAG(s) dict_keys(['tutorial']) retrieved from /home/airflow/.local/lib/python3.7/site-packages/airflow/example_dags/tutorial.py
[2022-10-24 01:30:58,710] {logging_mixin.py:109} INFO - [2022-10-24 01:30:58,709] {dag.py:2398} INFO - Sync 1 DAGs
[2022-10-24 01:30:58,732] {logging_mixin.py:109} INFO - [2022-10-24 01:30:58,732] {dag.py:2937} INFO - Setting next_dagrun for tutorial to 2022-10-23T01:30:58.731745+00:00
[2022-10-24 01:30:58,748] {processor.py:171} INFO - Processing /home/airflow/.local/lib/python3.7/site-packages/airflow/example_dags/tutorial.py took 0.101 seconds
[2022-10-24 01:31:29,389] {processor.py:163} INFO - Started process (PID=1471) to work on /home/airflow/.local/lib/python3.7/site-packages/airflow/example_dags/tutorial.py
[2022-10-24 01:31:29,393] {processor.py:642} INFO - Processing file /home/airflow/.local/lib/python3.7/site-packages/airflow/example_dags/tutorial.py for tasks to queue
[2022-10-24 01:31:29,395] {logging_mixin.py:109} INFO - [2022-10-24 01:31:29,395] {dagbag.py:500} INFO - Filling up the DagBag from /home/airflow/.local/lib/python3.7/site-packages/airflow/example_dags/tutorial.py
[2022-10-24 01:31:29,454] {processor.py:654} INFO - DAG(s) dict_keys(['tutorial']) retrieved from /home/airflow/.local/lib/python3.7/site-packages/airflow/example_dags/tutorial.py
[2022-10-24 01:31:29,473] {logging_mixin.py:109} INFO - [2022-10-24 01:31:29,472] {dag.py:2398} INFO - Sync 1 DAGs
[2022-10-24 01:31:29,500] {logging_mixin.py:109} INFO - [2022-10-24 01:31:29,500] {dag.py:2937} INFO - Setting next_dagrun for tutorial to 2022-10-23T01:31:29.499561+00:00
[2022-10-24 01:31:29,517] {processor.py:171} INFO - Processing /home/airflow/.local/lib/python3.7/site-packages/airflow/example_dags/tutorial.py took 0.134 seconds
[2022-10-24 01:31:59,947] {processor.py:163} INFO - Started process (PID=1524) to work on /home/airflow/.local/lib/python3.7/site-packages/airflow/example_dags/tutorial.py
[2022-10-24 01:31:59,949] {processor.py:642} INFO - Processing file /home/airflow/.local/lib/python3.7/site-packages/airflow/example_dags/tutorial.py for tasks to queue
[2022-10-24 01:31:59,951] {logging_mixin.py:109} INFO - [2022-10-24 01:31:59,951] {dagbag.py:500} INFO - Filling up the DagBag from /home/airflow/.local/lib/python3.7/site-packages/airflow/example_dags/tutorial.py
[2022-10-24 01:31:59,986] {processor.py:654} INFO - DAG(s) dict_keys(['tutorial']) retrieved from /home/airflow/.local/lib/python3.7/site-packages/airflow/example_dags/tutorial.py
[2022-10-24 01:32:00,006] {logging_mixin.py:109} INFO - [2022-10-24 01:32:00,006] {dag.py:2398} INFO - Sync 1 DAGs
[2022-10-24 01:32:00,032] {logging_mixin.py:109} INFO - [2022-10-24 01:32:00,032] {dag.py:2937} INFO - Setting next_dagrun for tutorial to 2022-10-23T01:32:00.031262+00:00
[2022-10-24 01:32:00,054] {processor.py:171} INFO - Processing /home/airflow/.local/lib/python3.7/site-packages/airflow/example_dags/tutorial.py took 0.111 seconds
[2022-10-24 01:32:30,607] {processor.py:163} INFO - Started process (PID=1587) to work on /home/airflow/.local/lib/python3.7/site-packages/airflow/example_dags/tutorial.py
[2022-10-24 01:32:30,609] {processor.py:642} INFO - Processing file /home/airflow/.local/lib/python3.7/site-packages/airflow/example_dags/tutorial.py for tasks to queue
[2022-10-24 01:32:30,611] {logging_mixin.py:109} INFO - [2022-10-24 01:32:30,611] {dagbag.py:500} INFO - Filling up the DagBag from /home/airflow/.local/lib/python3.7/site-packages/airflow/example_dags/tutorial.py
[2022-10-24 01:32:30,650] {processor.py:654} INFO - DAG(s) dict_keys(['tutorial']) retrieved from /home/airflow/.local/lib/python3.7/site-packages/airflow/example_dags/tutorial.py
[2022-10-24 01:32:30,668] {logging_mixin.py:109} INFO - [2022-10-24 01:32:30,668] {dag.py:2398} INFO - Sync 1 DAGs
[2022-10-24 01:32:30,686] {logging_mixin.py:109} INFO - [2022-10-24 01:32:30,685] {dag.py:2937} INFO - Setting next_dagrun for tutorial to 2022-10-23T01:32:30.685621+00:00
[2022-10-24 01:32:30,699] {processor.py:171} INFO - Processing /home/airflow/.local/lib/python3.7/site-packages/airflow/example_dags/tutorial.py took 0.095 seconds
[2022-10-24 01:33:00,920] {processor.py:163} INFO - Started process (PID=1639) to work on /home/airflow/.local/lib/python3.7/site-packages/airflow/example_dags/tutorial.py
[2022-10-24 01:33:00,922] {processor.py:642} INFO - Processing file /home/airflow/.local/lib/python3.7/site-packages/airflow/example_dags/tutorial.py for tasks to queue
[2022-10-24 01:33:00,923] {logging_mixin.py:109} INFO - [2022-10-24 01:33:00,923] {dagbag.py:500} INFO - Filling up the DagBag from /home/airflow/.local/lib/python3.7/site-packages/airflow/example_dags/tutorial.py
[2022-10-24 01:33:00,953] {processor.py:654} INFO - DAG(s) dict_keys(['tutorial']) retrieved from /home/airflow/.local/lib/python3.7/site-packages/airflow/example_dags/tutorial.py
[2022-10-24 01:33:00,964] {logging_mixin.py:109} INFO - [2022-10-24 01:33:00,964] {dag.py:2398} INFO - Sync 1 DAGs
[2022-10-24 01:33:00,983] {logging_mixin.py:109} INFO - [2022-10-24 01:33:00,983] {dag.py:2937} INFO - Setting next_dagrun for tutorial to 2022-10-23T01:33:00.982854+00:00
[2022-10-24 01:33:00,997] {processor.py:171} INFO - Processing /home/airflow/.local/lib/python3.7/site-packages/airflow/example_dags/tutorial.py took 0.081 seconds
[2022-10-24 01:33:31,732] {processor.py:163} INFO - Started process (PID=1691) to work on /home/airflow/.local/lib/python3.7/site-packages/airflow/example_dags/tutorial.py
[2022-10-24 01:33:31,734] {processor.py:642} INFO - Processing file /home/airflow/.local/lib/python3.7/site-packages/airflow/example_dags/tutorial.py for tasks to queue
[2022-10-24 01:33:31,736] {logging_mixin.py:109} INFO - [2022-10-24 01:33:31,736] {dagbag.py:500} INFO - Filling up the DagBag from /home/airflow/.local/lib/python3.7/site-packages/airflow/example_dags/tutorial.py
[2022-10-24 01:33:31,770] {processor.py:654} INFO - DAG(s) dict_keys(['tutorial']) retrieved from /home/airflow/.local/lib/python3.7/site-packages/airflow/example_dags/tutorial.py
[2022-10-24 01:33:31,783] {logging_mixin.py:109} INFO - [2022-10-24 01:33:31,783] {dag.py:2398} INFO - Sync 1 DAGs
[2022-10-24 01:33:31,799] {logging_mixin.py:109} INFO - [2022-10-24 01:33:31,799] {dag.py:2937} INFO - Setting next_dagrun for tutorial to 2022-10-23T01:33:31.799043+00:00
[2022-10-24 01:33:31,811] {processor.py:171} INFO - Processing /home/airflow/.local/lib/python3.7/site-packages/airflow/example_dags/tutorial.py took 0.082 seconds
[2022-10-24 01:34:02,526] {processor.py:163} INFO - Started process (PID=1751) to work on /home/airflow/.local/lib/python3.7/site-packages/airflow/example_dags/tutorial.py
[2022-10-24 01:34:02,529] {processor.py:642} INFO - Processing file /home/airflow/.local/lib/python3.7/site-packages/airflow/example_dags/tutorial.py for tasks to queue
[2022-10-24 01:34:02,530] {logging_mixin.py:109} INFO - [2022-10-24 01:34:02,530] {dagbag.py:500} INFO - Filling up the DagBag from /home/airflow/.local/lib/python3.7/site-packages/airflow/example_dags/tutorial.py
[2022-10-24 01:34:02,560] {processor.py:654} INFO - DAG(s) dict_keys(['tutorial']) retrieved from /home/airflow/.local/lib/python3.7/site-packages/airflow/example_dags/tutorial.py
[2022-10-24 01:34:02,571] {logging_mixin.py:109} INFO - [2022-10-24 01:34:02,571] {dag.py:2398} INFO - Sync 1 DAGs
[2022-10-24 01:34:02,587] {logging_mixin.py:109} INFO - [2022-10-24 01:34:02,587] {dag.py:2937} INFO - Setting next_dagrun for tutorial to 2022-10-23T01:34:02.586818+00:00
[2022-10-24 01:34:02,598] {processor.py:171} INFO - Processing /home/airflow/.local/lib/python3.7/site-packages/airflow/example_dags/tutorial.py took 0.075 seconds
[2022-10-24 01:34:33,459] {processor.py:163} INFO - Started process (PID=1802) to work on /home/airflow/.local/lib/python3.7/site-packages/airflow/example_dags/tutorial.py
[2022-10-24 01:34:33,462] {processor.py:642} INFO - Processing file /home/airflow/.local/lib/python3.7/site-packages/airflow/example_dags/tutorial.py for tasks to queue
[2022-10-24 01:34:33,466] {logging_mixin.py:109} INFO - [2022-10-24 01:34:33,466] {dagbag.py:500} INFO - Filling up the DagBag from /home/airflow/.local/lib/python3.7/site-packages/airflow/example_dags/tutorial.py
[2022-10-24 01:34:33,517] {processor.py:654} INFO - DAG(s) dict_keys(['tutorial']) retrieved from /home/airflow/.local/lib/python3.7/site-packages/airflow/example_dags/tutorial.py
[2022-10-24 01:34:33,533] {logging_mixin.py:109} INFO - [2022-10-24 01:34:33,532] {dag.py:2398} INFO - Sync 1 DAGs
[2022-10-24 01:34:33,561] {logging_mixin.py:109} INFO - [2022-10-24 01:34:33,561] {dag.py:2937} INFO - Setting next_dagrun for tutorial to 2022-10-23T01:34:33.561341+00:00
[2022-10-24 01:34:33,577] {processor.py:171} INFO - Processing /home/airflow/.local/lib/python3.7/site-packages/airflow/example_dags/tutorial.py took 0.124 seconds
[2022-10-24 01:35:04,141] {processor.py:163} INFO - Started process (PID=1864) to work on /home/airflow/.local/lib/python3.7/site-packages/airflow/example_dags/tutorial.py
[2022-10-24 01:35:04,143] {processor.py:642} INFO - Processing file /home/airflow/.local/lib/python3.7/site-packages/airflow/example_dags/tutorial.py for tasks to queue
[2022-10-24 01:35:04,145] {logging_mixin.py:109} INFO - [2022-10-24 01:35:04,145] {dagbag.py:500} INFO - Filling up the DagBag from /home/airflow/.local/lib/python3.7/site-packages/airflow/example_dags/tutorial.py
[2022-10-24 01:35:04,179] {processor.py:654} INFO - DAG(s) dict_keys(['tutorial']) retrieved from /home/airflow/.local/lib/python3.7/site-packages/airflow/example_dags/tutorial.py
[2022-10-24 01:35:04,191] {logging_mixin.py:109} INFO - [2022-10-24 01:35:04,190] {dag.py:2398} INFO - Sync 1 DAGs
[2022-10-24 01:35:04,230] {logging_mixin.py:109} INFO - [2022-10-24 01:35:04,230] {dag.py:2937} INFO - Setting next_dagrun for tutorial to 2022-10-23T01:35:04.230047+00:00
[2022-10-24 01:35:04,255] {processor.py:171} INFO - Processing /home/airflow/.local/lib/python3.7/site-packages/airflow/example_dags/tutorial.py took 0.118 seconds
[2022-10-24 01:35:34,644] {processor.py:163} INFO - Started process (PID=1915) to work on /home/airflow/.local/lib/python3.7/site-packages/airflow/example_dags/tutorial.py
[2022-10-24 01:35:34,646] {processor.py:642} INFO - Processing file /home/airflow/.local/lib/python3.7/site-packages/airflow/example_dags/tutorial.py for tasks to queue
[2022-10-24 01:35:34,649] {logging_mixin.py:109} INFO - [2022-10-24 01:35:34,648] {dagbag.py:500} INFO - Filling up the DagBag from /home/airflow/.local/lib/python3.7/site-packages/airflow/example_dags/tutorial.py
[2022-10-24 01:35:34,735] {processor.py:654} INFO - DAG(s) dict_keys(['tutorial']) retrieved from /home/airflow/.local/lib/python3.7/site-packages/airflow/example_dags/tutorial.py
[2022-10-24 01:35:34,768] {logging_mixin.py:109} INFO - [2022-10-24 01:35:34,768] {dag.py:2398} INFO - Sync 1 DAGs
[2022-10-24 01:35:34,798] {logging_mixin.py:109} INFO - [2022-10-24 01:35:34,798] {dag.py:2937} INFO - Setting next_dagrun for tutorial to 2022-10-23T01:35:34.798056+00:00
[2022-10-24 01:35:34,820] {processor.py:171} INFO - Processing /home/airflow/.local/lib/python3.7/site-packages/airflow/example_dags/tutorial.py took 0.182 seconds
