[2022-10-24 01:18:02,441] {processor.py:163} INFO - Started process (PID=38) to work on /opt/airflow/dags/dag_combustive.py
[2022-10-24 01:18:02,444] {processor.py:642} INFO - Processing file /opt/airflow/dags/dag_combustive.py for tasks to queue
[2022-10-24 01:18:02,446] {logging_mixin.py:109} INFO - [2022-10-24 01:18:02,445] {dagbag.py:500} INFO - Filling up the DagBag from /opt/airflow/dags/dag_combustive.py
[2022-10-24 01:18:03,060] {processor.py:654} INFO - DAG(s) dict_keys(['dag_combustivel']) retrieved from /opt/airflow/dags/dag_combustive.py
[2022-10-24 01:18:03,072] {logging_mixin.py:109} INFO - [2022-10-24 01:18:03,071] {dag.py:2398} INFO - Sync 1 DAGs
[2022-10-24 01:18:03,098] {logging_mixin.py:109} INFO - [2022-10-24 01:18:03,098] {dag.py:2937} INFO - Setting next_dagrun for dag_combustivel to 2022-07-01T00:00:00+00:00
[2022-10-24 01:18:03,111] {processor.py:171} INFO - Processing /opt/airflow/dags/dag_combustive.py took 0.674 seconds
[2022-10-24 01:18:33,988] {processor.py:163} INFO - Started process (PID=90) to work on /opt/airflow/dags/dag_combustive.py
[2022-10-24 01:18:33,992] {processor.py:642} INFO - Processing file /opt/airflow/dags/dag_combustive.py for tasks to queue
[2022-10-24 01:18:33,998] {logging_mixin.py:109} INFO - [2022-10-24 01:18:33,997] {dagbag.py:500} INFO - Filling up the DagBag from /opt/airflow/dags/dag_combustive.py
[2022-10-24 01:18:34,765] {processor.py:654} INFO - DAG(s) dict_keys(['dag_combustivel']) retrieved from /opt/airflow/dags/dag_combustive.py
[2022-10-24 01:18:34,810] {logging_mixin.py:109} INFO - [2022-10-24 01:18:34,809] {dag.py:2398} INFO - Sync 1 DAGs
[2022-10-24 01:18:34,854] {logging_mixin.py:109} INFO - [2022-10-24 01:18:34,853] {dag.py:2937} INFO - Setting next_dagrun for dag_combustivel to 2022-07-01T00:00:00+00:00
[2022-10-24 01:18:34,914] {processor.py:171} INFO - Processing /opt/airflow/dags/dag_combustive.py took 0.941 seconds
[2022-10-24 01:19:04,997] {processor.py:163} INFO - Started process (PID=143) to work on /opt/airflow/dags/dag_combustive.py
[2022-10-24 01:19:04,999] {processor.py:642} INFO - Processing file /opt/airflow/dags/dag_combustive.py for tasks to queue
[2022-10-24 01:19:05,001] {logging_mixin.py:109} INFO - [2022-10-24 01:19:05,001] {dagbag.py:500} INFO - Filling up the DagBag from /opt/airflow/dags/dag_combustive.py
[2022-10-24 01:19:05,296] {processor.py:654} INFO - DAG(s) dict_keys(['dag_combustivel']) retrieved from /opt/airflow/dags/dag_combustive.py
[2022-10-24 01:19:05,310] {logging_mixin.py:109} INFO - [2022-10-24 01:19:05,309] {dag.py:2398} INFO - Sync 1 DAGs
[2022-10-24 01:19:05,333] {logging_mixin.py:109} INFO - [2022-10-24 01:19:05,333] {dag.py:2937} INFO - Setting next_dagrun for dag_combustivel to 2022-07-01T00:00:00+00:00
[2022-10-24 01:19:05,345] {processor.py:171} INFO - Processing /opt/airflow/dags/dag_combustive.py took 0.352 seconds
[2022-10-24 01:19:35,492] {processor.py:163} INFO - Started process (PID=195) to work on /opt/airflow/dags/dag_combustive.py
[2022-10-24 01:19:35,494] {processor.py:642} INFO - Processing file /opt/airflow/dags/dag_combustive.py for tasks to queue
[2022-10-24 01:19:35,496] {logging_mixin.py:109} INFO - [2022-10-24 01:19:35,496] {dagbag.py:500} INFO - Filling up the DagBag from /opt/airflow/dags/dag_combustive.py
[2022-10-24 01:19:35,811] {processor.py:654} INFO - DAG(s) dict_keys(['dag_combustivel']) retrieved from /opt/airflow/dags/dag_combustive.py
[2022-10-24 01:19:35,825] {logging_mixin.py:109} INFO - [2022-10-24 01:19:35,825] {dag.py:2398} INFO - Sync 1 DAGs
[2022-10-24 01:19:35,854] {logging_mixin.py:109} INFO - [2022-10-24 01:19:35,854] {dag.py:2937} INFO - Setting next_dagrun for dag_combustivel to 2022-07-01T00:00:00+00:00
[2022-10-24 01:19:35,871] {processor.py:171} INFO - Processing /opt/airflow/dags/dag_combustive.py took 0.382 seconds
[2022-10-24 01:20:06,282] {processor.py:163} INFO - Started process (PID=255) to work on /opt/airflow/dags/dag_combustive.py
[2022-10-24 01:20:06,286] {processor.py:642} INFO - Processing file /opt/airflow/dags/dag_combustive.py for tasks to queue
[2022-10-24 01:20:06,288] {logging_mixin.py:109} INFO - [2022-10-24 01:20:06,288] {dagbag.py:500} INFO - Filling up the DagBag from /opt/airflow/dags/dag_combustive.py
[2022-10-24 01:20:06,626] {processor.py:654} INFO - DAG(s) dict_keys(['dag_combustivel']) retrieved from /opt/airflow/dags/dag_combustive.py
[2022-10-24 01:20:06,644] {logging_mixin.py:109} INFO - [2022-10-24 01:20:06,644] {dag.py:2398} INFO - Sync 1 DAGs
[2022-10-24 01:20:06,671] {logging_mixin.py:109} INFO - [2022-10-24 01:20:06,671] {dag.py:2937} INFO - Setting next_dagrun for dag_combustivel to 2022-07-01T00:00:00+00:00
[2022-10-24 01:20:06,694] {processor.py:171} INFO - Processing /opt/airflow/dags/dag_combustive.py took 0.440 seconds
[2022-10-24 01:20:36,879] {processor.py:163} INFO - Started process (PID=307) to work on /opt/airflow/dags/dag_combustive.py
[2022-10-24 01:20:36,882] {processor.py:642} INFO - Processing file /opt/airflow/dags/dag_combustive.py for tasks to queue
[2022-10-24 01:20:36,885] {logging_mixin.py:109} INFO - [2022-10-24 01:20:36,884] {dagbag.py:500} INFO - Filling up the DagBag from /opt/airflow/dags/dag_combustive.py
[2022-10-24 01:20:37,247] {processor.py:654} INFO - DAG(s) dict_keys(['dag_combustivel']) retrieved from /opt/airflow/dags/dag_combustive.py
[2022-10-24 01:20:37,268] {logging_mixin.py:109} INFO - [2022-10-24 01:20:37,268] {dag.py:2398} INFO - Sync 1 DAGs
[2022-10-24 01:20:37,297] {logging_mixin.py:109} INFO - [2022-10-24 01:20:37,296] {dag.py:2937} INFO - Setting next_dagrun for dag_combustivel to 2022-07-01T00:00:00+00:00
[2022-10-24 01:20:37,316] {processor.py:171} INFO - Processing /opt/airflow/dags/dag_combustive.py took 0.447 seconds
[2022-10-24 01:21:08,036] {processor.py:163} INFO - Started process (PID=365) to work on /opt/airflow/dags/dag_combustive.py
[2022-10-24 01:21:08,040] {processor.py:642} INFO - Processing file /opt/airflow/dags/dag_combustive.py for tasks to queue
[2022-10-24 01:21:08,044] {logging_mixin.py:109} INFO - [2022-10-24 01:21:08,044] {dagbag.py:500} INFO - Filling up the DagBag from /opt/airflow/dags/dag_combustive.py
[2022-10-24 01:21:08,350] {processor.py:654} INFO - DAG(s) dict_keys(['dag_combustivel']) retrieved from /opt/airflow/dags/dag_combustive.py
[2022-10-24 01:21:08,368] {logging_mixin.py:109} INFO - [2022-10-24 01:21:08,367] {dag.py:2398} INFO - Sync 1 DAGs
[2022-10-24 01:21:08,390] {logging_mixin.py:109} INFO - [2022-10-24 01:21:08,390] {dag.py:2937} INFO - Setting next_dagrun for dag_combustivel to 2022-07-01T00:00:00+00:00
[2022-10-24 01:21:08,405] {processor.py:171} INFO - Processing /opt/airflow/dags/dag_combustive.py took 0.375 seconds
[2022-10-24 01:21:38,601] {processor.py:163} INFO - Started process (PID=420) to work on /opt/airflow/dags/dag_combustive.py
[2022-10-24 01:21:38,604] {processor.py:642} INFO - Processing file /opt/airflow/dags/dag_combustive.py for tasks to queue
[2022-10-24 01:21:38,606] {logging_mixin.py:109} INFO - [2022-10-24 01:21:38,606] {dagbag.py:500} INFO - Filling up the DagBag from /opt/airflow/dags/dag_combustive.py
[2022-10-24 01:21:38,905] {processor.py:654} INFO - DAG(s) dict_keys(['dag_combustivel']) retrieved from /opt/airflow/dags/dag_combustive.py
[2022-10-24 01:21:38,920] {logging_mixin.py:109} INFO - [2022-10-24 01:21:38,919] {dag.py:2398} INFO - Sync 1 DAGs
[2022-10-24 01:21:38,940] {logging_mixin.py:109} INFO - [2022-10-24 01:21:38,939] {dag.py:2937} INFO - Setting next_dagrun for dag_combustivel to 2022-07-01T00:00:00+00:00
[2022-10-24 01:21:38,954] {processor.py:171} INFO - Processing /opt/airflow/dags/dag_combustive.py took 0.357 seconds
[2022-10-24 01:22:09,432] {processor.py:163} INFO - Started process (PID=473) to work on /opt/airflow/dags/dag_combustive.py
[2022-10-24 01:22:09,439] {processor.py:642} INFO - Processing file /opt/airflow/dags/dag_combustive.py for tasks to queue
[2022-10-24 01:22:09,442] {logging_mixin.py:109} INFO - [2022-10-24 01:22:09,442] {dagbag.py:500} INFO - Filling up the DagBag from /opt/airflow/dags/dag_combustive.py
[2022-10-24 01:22:09,745] {processor.py:654} INFO - DAG(s) dict_keys(['dag_combustivel']) retrieved from /opt/airflow/dags/dag_combustive.py
[2022-10-24 01:22:09,759] {logging_mixin.py:109} INFO - [2022-10-24 01:22:09,758] {dag.py:2398} INFO - Sync 1 DAGs
[2022-10-24 01:22:09,779] {logging_mixin.py:109} INFO - [2022-10-24 01:22:09,779] {dag.py:2937} INFO - Setting next_dagrun for dag_combustivel to 2022-07-01T00:00:00+00:00
[2022-10-24 01:22:09,794] {processor.py:171} INFO - Processing /opt/airflow/dags/dag_combustive.py took 0.374 seconds
[2022-10-24 01:22:40,397] {processor.py:163} INFO - Started process (PID=534) to work on /opt/airflow/dags/dag_combustive.py
[2022-10-24 01:22:40,401] {processor.py:642} INFO - Processing file /opt/airflow/dags/dag_combustive.py for tasks to queue
[2022-10-24 01:22:40,403] {logging_mixin.py:109} INFO - [2022-10-24 01:22:40,403] {dagbag.py:500} INFO - Filling up the DagBag from /opt/airflow/dags/dag_combustive.py
[2022-10-24 01:22:40,771] {processor.py:654} INFO - DAG(s) dict_keys(['dag_combustivel']) retrieved from /opt/airflow/dags/dag_combustive.py
[2022-10-24 01:22:40,789] {logging_mixin.py:109} INFO - [2022-10-24 01:22:40,788] {dag.py:2398} INFO - Sync 1 DAGs
[2022-10-24 01:22:40,814] {logging_mixin.py:109} INFO - [2022-10-24 01:22:40,813] {dag.py:2937} INFO - Setting next_dagrun for dag_combustivel to 2022-07-01T00:00:00+00:00
[2022-10-24 01:22:40,831] {processor.py:171} INFO - Processing /opt/airflow/dags/dag_combustive.py took 0.438 seconds
[2022-10-24 01:23:11,418] {processor.py:163} INFO - Started process (PID=586) to work on /opt/airflow/dags/dag_combustive.py
[2022-10-24 01:23:11,421] {processor.py:642} INFO - Processing file /opt/airflow/dags/dag_combustive.py for tasks to queue
[2022-10-24 01:23:11,423] {logging_mixin.py:109} INFO - [2022-10-24 01:23:11,422] {dagbag.py:500} INFO - Filling up the DagBag from /opt/airflow/dags/dag_combustive.py
[2022-10-24 01:23:11,705] {processor.py:654} INFO - DAG(s) dict_keys(['dag_combustivel']) retrieved from /opt/airflow/dags/dag_combustive.py
[2022-10-24 01:23:11,718] {logging_mixin.py:109} INFO - [2022-10-24 01:23:11,718] {dag.py:2398} INFO - Sync 1 DAGs
[2022-10-24 01:23:11,736] {logging_mixin.py:109} INFO - [2022-10-24 01:23:11,736] {dag.py:2937} INFO - Setting next_dagrun for dag_combustivel to 2022-07-01T00:00:00+00:00
[2022-10-24 01:23:11,748] {processor.py:171} INFO - Processing /opt/airflow/dags/dag_combustive.py took 0.335 seconds
[2022-10-24 01:23:42,228] {processor.py:163} INFO - Started process (PID=638) to work on /opt/airflow/dags/dag_combustive.py
[2022-10-24 01:23:42,231] {processor.py:642} INFO - Processing file /opt/airflow/dags/dag_combustive.py for tasks to queue
[2022-10-24 01:23:42,233] {logging_mixin.py:109} INFO - [2022-10-24 01:23:42,233] {dagbag.py:500} INFO - Filling up the DagBag from /opt/airflow/dags/dag_combustive.py
[2022-10-24 01:23:42,530] {processor.py:654} INFO - DAG(s) dict_keys(['dag_combustivel']) retrieved from /opt/airflow/dags/dag_combustive.py
[2022-10-24 01:23:42,544] {logging_mixin.py:109} INFO - [2022-10-24 01:23:42,543] {dag.py:2398} INFO - Sync 1 DAGs
[2022-10-24 01:23:42,564] {logging_mixin.py:109} INFO - [2022-10-24 01:23:42,564] {dag.py:2937} INFO - Setting next_dagrun for dag_combustivel to 2022-07-01T00:00:00+00:00
[2022-10-24 01:23:42,578] {processor.py:171} INFO - Processing /opt/airflow/dags/dag_combustive.py took 0.354 seconds
[2022-10-24 01:24:13,304] {processor.py:163} INFO - Started process (PID=699) to work on /opt/airflow/dags/dag_combustive.py
[2022-10-24 01:24:13,307] {processor.py:642} INFO - Processing file /opt/airflow/dags/dag_combustive.py for tasks to queue
[2022-10-24 01:24:13,309] {logging_mixin.py:109} INFO - [2022-10-24 01:24:13,309] {dagbag.py:500} INFO - Filling up the DagBag from /opt/airflow/dags/dag_combustive.py
[2022-10-24 01:24:13,638] {processor.py:654} INFO - DAG(s) dict_keys(['dag_combustivel']) retrieved from /opt/airflow/dags/dag_combustive.py
[2022-10-24 01:24:13,656] {logging_mixin.py:109} INFO - [2022-10-24 01:24:13,655] {dag.py:2398} INFO - Sync 1 DAGs
[2022-10-24 01:24:13,678] {logging_mixin.py:109} INFO - [2022-10-24 01:24:13,678] {dag.py:2937} INFO - Setting next_dagrun for dag_combustivel to 2022-07-01T00:00:00+00:00
[2022-10-24 01:24:13,694] {processor.py:171} INFO - Processing /opt/airflow/dags/dag_combustive.py took 0.397 seconds
[2022-10-24 01:24:43,958] {processor.py:163} INFO - Started process (PID=751) to work on /opt/airflow/dags/dag_combustive.py
[2022-10-24 01:24:43,962] {processor.py:642} INFO - Processing file /opt/airflow/dags/dag_combustive.py for tasks to queue
[2022-10-24 01:24:43,964] {logging_mixin.py:109} INFO - [2022-10-24 01:24:43,964] {dagbag.py:500} INFO - Filling up the DagBag from /opt/airflow/dags/dag_combustive.py
[2022-10-24 01:24:44,314] {processor.py:654} INFO - DAG(s) dict_keys(['dag_combustivel']) retrieved from /opt/airflow/dags/dag_combustive.py
[2022-10-24 01:24:44,331] {logging_mixin.py:109} INFO - [2022-10-24 01:24:44,331] {dag.py:2398} INFO - Sync 1 DAGs
[2022-10-24 01:24:44,356] {logging_mixin.py:109} INFO - [2022-10-24 01:24:44,356] {dag.py:2937} INFO - Setting next_dagrun for dag_combustivel to 2022-07-01T00:00:00+00:00
[2022-10-24 01:24:44,376] {processor.py:171} INFO - Processing /opt/airflow/dags/dag_combustive.py took 0.423 seconds
[2022-10-24 01:25:14,861] {processor.py:163} INFO - Started process (PID=804) to work on /opt/airflow/dags/dag_combustive.py
[2022-10-24 01:25:14,865] {processor.py:642} INFO - Processing file /opt/airflow/dags/dag_combustive.py for tasks to queue
[2022-10-24 01:25:14,868] {logging_mixin.py:109} INFO - [2022-10-24 01:25:14,867] {dagbag.py:500} INFO - Filling up the DagBag from /opt/airflow/dags/dag_combustive.py
[2022-10-24 01:25:15,322] {processor.py:654} INFO - DAG(s) dict_keys(['dag_combustivel']) retrieved from /opt/airflow/dags/dag_combustive.py
[2022-10-24 01:25:15,349] {logging_mixin.py:109} INFO - [2022-10-24 01:25:15,348] {dag.py:2398} INFO - Sync 1 DAGs
[2022-10-24 01:25:15,386] {logging_mixin.py:109} INFO - [2022-10-24 01:25:15,385] {dag.py:2937} INFO - Setting next_dagrun for dag_combustivel to 2022-07-01T00:00:00+00:00
[2022-10-24 01:25:15,403] {processor.py:171} INFO - Processing /opt/airflow/dags/dag_combustive.py took 0.548 seconds
[2022-10-24 01:25:45,562] {processor.py:163} INFO - Started process (PID=858) to work on /opt/airflow/dags/dag_combustive.py
[2022-10-24 01:25:45,566] {processor.py:642} INFO - Processing file /opt/airflow/dags/dag_combustive.py for tasks to queue
[2022-10-24 01:25:45,568] {logging_mixin.py:109} INFO - [2022-10-24 01:25:45,567] {dagbag.py:500} INFO - Filling up the DagBag from /opt/airflow/dags/dag_combustive.py
[2022-10-24 01:25:45,961] {processor.py:654} INFO - DAG(s) dict_keys(['dag_combustivel']) retrieved from /opt/airflow/dags/dag_combustive.py
[2022-10-24 01:25:45,977] {logging_mixin.py:109} INFO - [2022-10-24 01:25:45,977] {dag.py:2398} INFO - Sync 1 DAGs
[2022-10-24 01:25:46,005] {logging_mixin.py:109} INFO - [2022-10-24 01:25:46,004] {dag.py:2937} INFO - Setting next_dagrun for dag_combustivel to 2022-07-01T00:00:00+00:00
[2022-10-24 01:25:46,022] {processor.py:171} INFO - Processing /opt/airflow/dags/dag_combustive.py took 0.465 seconds
[2022-10-24 01:26:16,161] {processor.py:163} INFO - Started process (PID=907) to work on /opt/airflow/dags/dag_combustive.py
[2022-10-24 01:26:16,164] {processor.py:642} INFO - Processing file /opt/airflow/dags/dag_combustive.py for tasks to queue
[2022-10-24 01:26:16,166] {logging_mixin.py:109} INFO - [2022-10-24 01:26:16,166] {dagbag.py:500} INFO - Filling up the DagBag from /opt/airflow/dags/dag_combustive.py
[2022-10-24 01:26:16,521] {processor.py:654} INFO - DAG(s) dict_keys(['dag_combustivel']) retrieved from /opt/airflow/dags/dag_combustive.py
[2022-10-24 01:26:16,549] {logging_mixin.py:109} INFO - [2022-10-24 01:26:16,548] {dag.py:2398} INFO - Sync 1 DAGs
[2022-10-24 01:26:16,576] {logging_mixin.py:109} INFO - [2022-10-24 01:26:16,576] {dag.py:2937} INFO - Setting next_dagrun for dag_combustivel to 2022-07-01T00:00:00+00:00
[2022-10-24 01:26:16,592] {processor.py:171} INFO - Processing /opt/airflow/dags/dag_combustive.py took 0.437 seconds
[2022-10-24 01:26:46,773] {processor.py:163} INFO - Started process (PID=965) to work on /opt/airflow/dags/dag_combustive.py
[2022-10-24 01:26:46,778] {processor.py:642} INFO - Processing file /opt/airflow/dags/dag_combustive.py for tasks to queue
[2022-10-24 01:26:46,780] {logging_mixin.py:109} INFO - [2022-10-24 01:26:46,780] {dagbag.py:500} INFO - Filling up the DagBag from /opt/airflow/dags/dag_combustive.py
[2022-10-24 01:26:47,168] {processor.py:654} INFO - DAG(s) dict_keys(['dag_combustivel']) retrieved from /opt/airflow/dags/dag_combustive.py
[2022-10-24 01:26:47,187] {logging_mixin.py:109} INFO - [2022-10-24 01:26:47,187] {dag.py:2398} INFO - Sync 1 DAGs
[2022-10-24 01:26:47,214] {logging_mixin.py:109} INFO - [2022-10-24 01:26:47,213] {dag.py:2937} INFO - Setting next_dagrun for dag_combustivel to 2022-07-01T00:00:00+00:00
[2022-10-24 01:26:47,228] {processor.py:171} INFO - Processing /opt/airflow/dags/dag_combustive.py took 0.462 seconds
[2022-10-24 01:27:18,016] {processor.py:163} INFO - Started process (PID=1022) to work on /opt/airflow/dags/dag_combustive.py
[2022-10-24 01:27:18,019] {processor.py:642} INFO - Processing file /opt/airflow/dags/dag_combustive.py for tasks to queue
[2022-10-24 01:27:18,023] {logging_mixin.py:109} INFO - [2022-10-24 01:27:18,023] {dagbag.py:500} INFO - Filling up the DagBag from /opt/airflow/dags/dag_combustive.py
[2022-10-24 01:27:19,953] {processor.py:654} INFO - DAG(s) dict_keys(['dag_combustivel']) retrieved from /opt/airflow/dags/dag_combustive.py
[2022-10-24 01:27:20,071] {logging_mixin.py:109} INFO - [2022-10-24 01:27:20,070] {dag.py:2398} INFO - Sync 1 DAGs
[2022-10-24 01:27:20,143] {logging_mixin.py:109} INFO - [2022-10-24 01:27:20,142] {dag.py:2937} INFO - Setting next_dagrun for dag_combustivel to 2022-07-01T00:00:00+00:00
[2022-10-24 01:27:20,182] {processor.py:171} INFO - Processing /opt/airflow/dags/dag_combustive.py took 2.176 seconds
[2022-10-24 01:27:50,542] {processor.py:163} INFO - Started process (PID=1074) to work on /opt/airflow/dags/dag_combustive.py
[2022-10-24 01:27:50,545] {processor.py:642} INFO - Processing file /opt/airflow/dags/dag_combustive.py for tasks to queue
[2022-10-24 01:27:50,547] {logging_mixin.py:109} INFO - [2022-10-24 01:27:50,547] {dagbag.py:500} INFO - Filling up the DagBag from /opt/airflow/dags/dag_combustive.py
[2022-10-24 01:27:50,888] {processor.py:654} INFO - DAG(s) dict_keys(['dag_combustivel']) retrieved from /opt/airflow/dags/dag_combustive.py
[2022-10-24 01:27:50,904] {logging_mixin.py:109} INFO - [2022-10-24 01:27:50,904] {dag.py:2398} INFO - Sync 1 DAGs
[2022-10-24 01:27:50,936] {logging_mixin.py:109} INFO - [2022-10-24 01:27:50,936] {dag.py:2937} INFO - Setting next_dagrun for dag_combustivel to 2022-07-01T00:00:00+00:00
[2022-10-24 01:27:50,957] {processor.py:171} INFO - Processing /opt/airflow/dags/dag_combustive.py took 0.419 seconds
[2022-10-24 01:28:21,399] {processor.py:163} INFO - Started process (PID=1125) to work on /opt/airflow/dags/dag_combustive.py
[2022-10-24 01:28:21,404] {processor.py:642} INFO - Processing file /opt/airflow/dags/dag_combustive.py for tasks to queue
[2022-10-24 01:28:21,407] {logging_mixin.py:109} INFO - [2022-10-24 01:28:21,406] {dagbag.py:500} INFO - Filling up the DagBag from /opt/airflow/dags/dag_combustive.py
[2022-10-24 01:28:21,814] {processor.py:654} INFO - DAG(s) dict_keys(['dag_combustivel']) retrieved from /opt/airflow/dags/dag_combustive.py
[2022-10-24 01:28:21,829] {logging_mixin.py:109} INFO - [2022-10-24 01:28:21,828] {dag.py:2398} INFO - Sync 1 DAGs
[2022-10-24 01:28:21,854] {logging_mixin.py:109} INFO - [2022-10-24 01:28:21,854] {dag.py:2937} INFO - Setting next_dagrun for dag_combustivel to 2022-07-01T00:00:00+00:00
[2022-10-24 01:28:21,871] {processor.py:171} INFO - Processing /opt/airflow/dags/dag_combustive.py took 0.478 seconds
[2022-10-24 01:28:52,153] {processor.py:163} INFO - Started process (PID=1177) to work on /opt/airflow/dags/dag_combustive.py
[2022-10-24 01:28:52,155] {processor.py:642} INFO - Processing file /opt/airflow/dags/dag_combustive.py for tasks to queue
[2022-10-24 01:28:52,157] {logging_mixin.py:109} INFO - [2022-10-24 01:28:52,157] {dagbag.py:500} INFO - Filling up the DagBag from /opt/airflow/dags/dag_combustive.py
[2022-10-24 01:28:52,469] {processor.py:654} INFO - DAG(s) dict_keys(['dag_combustivel']) retrieved from /opt/airflow/dags/dag_combustive.py
[2022-10-24 01:28:52,484] {logging_mixin.py:109} INFO - [2022-10-24 01:28:52,484] {dag.py:2398} INFO - Sync 1 DAGs
[2022-10-24 01:28:52,504] {logging_mixin.py:109} INFO - [2022-10-24 01:28:52,504] {dag.py:2937} INFO - Setting next_dagrun for dag_combustivel to 2022-07-01T00:00:00+00:00
[2022-10-24 01:28:52,518] {processor.py:171} INFO - Processing /opt/airflow/dags/dag_combustive.py took 0.369 seconds
[2022-10-24 01:29:23,090] {processor.py:163} INFO - Started process (PID=1235) to work on /opt/airflow/dags/dag_combustive.py
[2022-10-24 01:29:23,095] {processor.py:642} INFO - Processing file /opt/airflow/dags/dag_combustive.py for tasks to queue
[2022-10-24 01:29:23,104] {logging_mixin.py:109} INFO - [2022-10-24 01:29:23,104] {dagbag.py:500} INFO - Filling up the DagBag from /opt/airflow/dags/dag_combustive.py
[2022-10-24 01:29:23,572] {processor.py:654} INFO - DAG(s) dict_keys(['dag_combustivel']) retrieved from /opt/airflow/dags/dag_combustive.py
[2022-10-24 01:29:23,604] {logging_mixin.py:109} INFO - [2022-10-24 01:29:23,604] {dag.py:2398} INFO - Sync 1 DAGs
[2022-10-24 01:29:23,641] {logging_mixin.py:109} INFO - [2022-10-24 01:29:23,640] {dag.py:2937} INFO - Setting next_dagrun for dag_combustivel to 2022-07-01T00:00:00+00:00
[2022-10-24 01:29:23,678] {processor.py:171} INFO - Processing /opt/airflow/dags/dag_combustive.py took 0.597 seconds
[2022-10-24 01:29:53,802] {processor.py:163} INFO - Started process (PID=1292) to work on /opt/airflow/dags/dag_combustive.py
[2022-10-24 01:29:53,805] {processor.py:642} INFO - Processing file /opt/airflow/dags/dag_combustive.py for tasks to queue
[2022-10-24 01:29:53,807] {logging_mixin.py:109} INFO - [2022-10-24 01:29:53,807] {dagbag.py:500} INFO - Filling up the DagBag from /opt/airflow/dags/dag_combustive.py
[2022-10-24 01:29:54,138] {processor.py:654} INFO - DAG(s) dict_keys(['dag_combustivel']) retrieved from /opt/airflow/dags/dag_combustive.py
[2022-10-24 01:29:54,157] {logging_mixin.py:109} INFO - [2022-10-24 01:29:54,156] {dag.py:2398} INFO - Sync 1 DAGs
[2022-10-24 01:29:54,183] {logging_mixin.py:109} INFO - [2022-10-24 01:29:54,183] {dag.py:2937} INFO - Setting next_dagrun for dag_combustivel to 2022-07-01T00:00:00+00:00
[2022-10-24 01:29:54,199] {processor.py:171} INFO - Processing /opt/airflow/dags/dag_combustive.py took 0.402 seconds
[2022-10-24 01:30:24,270] {processor.py:163} INFO - Started process (PID=1347) to work on /opt/airflow/dags/dag_combustive.py
[2022-10-24 01:30:24,273] {processor.py:642} INFO - Processing file /opt/airflow/dags/dag_combustive.py for tasks to queue
[2022-10-24 01:30:24,282] {logging_mixin.py:109} INFO - [2022-10-24 01:30:24,282] {dagbag.py:500} INFO - Filling up the DagBag from /opt/airflow/dags/dag_combustive.py
[2022-10-24 01:30:24,634] {processor.py:654} INFO - DAG(s) dict_keys(['dag_combustivel']) retrieved from /opt/airflow/dags/dag_combustive.py
[2022-10-24 01:30:24,650] {logging_mixin.py:109} INFO - [2022-10-24 01:30:24,650] {dag.py:2398} INFO - Sync 1 DAGs
[2022-10-24 01:30:24,671] {logging_mixin.py:109} INFO - [2022-10-24 01:30:24,671] {dag.py:2937} INFO - Setting next_dagrun for dag_combustivel to 2022-07-01T00:00:00+00:00
[2022-10-24 01:30:24,683] {processor.py:171} INFO - Processing /opt/airflow/dags/dag_combustive.py took 0.417 seconds
[2022-10-24 01:30:54,775] {processor.py:163} INFO - Started process (PID=1399) to work on /opt/airflow/dags/dag_combustive.py
[2022-10-24 01:30:54,777] {processor.py:642} INFO - Processing file /opt/airflow/dags/dag_combustive.py for tasks to queue
[2022-10-24 01:30:54,779] {logging_mixin.py:109} INFO - [2022-10-24 01:30:54,779] {dagbag.py:500} INFO - Filling up the DagBag from /opt/airflow/dags/dag_combustive.py
[2022-10-24 01:30:55,049] {processor.py:654} INFO - DAG(s) dict_keys(['dag_combustivel']) retrieved from /opt/airflow/dags/dag_combustive.py
[2022-10-24 01:30:55,063] {logging_mixin.py:109} INFO - [2022-10-24 01:30:55,062] {dag.py:2398} INFO - Sync 1 DAGs
[2022-10-24 01:30:55,086] {logging_mixin.py:109} INFO - [2022-10-24 01:30:55,086] {dag.py:2937} INFO - Setting next_dagrun for dag_combustivel to 2022-07-01T00:00:00+00:00
[2022-10-24 01:30:55,099] {processor.py:171} INFO - Processing /opt/airflow/dags/dag_combustive.py took 0.330 seconds
[2022-10-24 01:31:25,319] {processor.py:163} INFO - Started process (PID=1459) to work on /opt/airflow/dags/dag_combustive.py
[2022-10-24 01:31:25,322] {processor.py:642} INFO - Processing file /opt/airflow/dags/dag_combustive.py for tasks to queue
[2022-10-24 01:31:25,324] {logging_mixin.py:109} INFO - [2022-10-24 01:31:25,324] {dagbag.py:500} INFO - Filling up the DagBag from /opt/airflow/dags/dag_combustive.py
[2022-10-24 01:31:25,656] {processor.py:654} INFO - DAG(s) dict_keys(['dag_combustivel']) retrieved from /opt/airflow/dags/dag_combustive.py
[2022-10-24 01:31:25,674] {logging_mixin.py:109} INFO - [2022-10-24 01:31:25,674] {dag.py:2398} INFO - Sync 1 DAGs
[2022-10-24 01:31:25,697] {logging_mixin.py:109} INFO - [2022-10-24 01:31:25,697] {dag.py:2937} INFO - Setting next_dagrun for dag_combustivel to 2022-07-01T00:00:00+00:00
[2022-10-24 01:31:25,711] {processor.py:171} INFO - Processing /opt/airflow/dags/dag_combustive.py took 0.397 seconds
[2022-10-24 01:31:56,638] {processor.py:163} INFO - Started process (PID=1512) to work on /opt/airflow/dags/dag_combustive.py
[2022-10-24 01:31:56,641] {processor.py:642} INFO - Processing file /opt/airflow/dags/dag_combustive.py for tasks to queue
[2022-10-24 01:31:56,642] {logging_mixin.py:109} INFO - [2022-10-24 01:31:56,642] {dagbag.py:500} INFO - Filling up the DagBag from /opt/airflow/dags/dag_combustive.py
[2022-10-24 01:31:56,985] {processor.py:654} INFO - DAG(s) dict_keys(['dag_combustivel']) retrieved from /opt/airflow/dags/dag_combustive.py
[2022-10-24 01:31:57,001] {logging_mixin.py:109} INFO - [2022-10-24 01:31:57,000] {dag.py:2398} INFO - Sync 1 DAGs
[2022-10-24 01:31:57,022] {logging_mixin.py:109} INFO - [2022-10-24 01:31:57,021] {dag.py:2937} INFO - Setting next_dagrun for dag_combustivel to 2022-07-01T00:00:00+00:00
[2022-10-24 01:31:57,035] {processor.py:171} INFO - Processing /opt/airflow/dags/dag_combustive.py took 0.401 seconds
[2022-10-24 01:32:27,227] {processor.py:163} INFO - Started process (PID=1566) to work on /opt/airflow/dags/dag_combustive.py
[2022-10-24 01:32:27,229] {processor.py:642} INFO - Processing file /opt/airflow/dags/dag_combustive.py for tasks to queue
[2022-10-24 01:32:27,231] {logging_mixin.py:109} INFO - [2022-10-24 01:32:27,230] {dagbag.py:500} INFO - Filling up the DagBag from /opt/airflow/dags/dag_combustive.py
[2022-10-24 01:32:27,480] {processor.py:654} INFO - DAG(s) dict_keys(['dag_combustivel']) retrieved from /opt/airflow/dags/dag_combustive.py
[2022-10-24 01:32:27,494] {logging_mixin.py:109} INFO - [2022-10-24 01:32:27,493] {dag.py:2398} INFO - Sync 1 DAGs
[2022-10-24 01:32:27,516] {logging_mixin.py:109} INFO - [2022-10-24 01:32:27,516] {dag.py:2937} INFO - Setting next_dagrun for dag_combustivel to 2022-07-01T00:00:00+00:00
[2022-10-24 01:32:27,527] {processor.py:171} INFO - Processing /opt/airflow/dags/dag_combustive.py took 0.304 seconds
[2022-10-24 01:32:57,951] {processor.py:163} INFO - Started process (PID=1627) to work on /opt/airflow/dags/dag_combustive.py
[2022-10-24 01:32:57,955] {processor.py:642} INFO - Processing file /opt/airflow/dags/dag_combustive.py for tasks to queue
[2022-10-24 01:32:57,957] {logging_mixin.py:109} INFO - [2022-10-24 01:32:57,957] {dagbag.py:500} INFO - Filling up the DagBag from /opt/airflow/dags/dag_combustive.py
[2022-10-24 01:32:58,210] {processor.py:654} INFO - DAG(s) dict_keys(['dag_combustivel']) retrieved from /opt/airflow/dags/dag_combustive.py
[2022-10-24 01:32:58,226] {logging_mixin.py:109} INFO - [2022-10-24 01:32:58,226] {dag.py:2398} INFO - Sync 1 DAGs
[2022-10-24 01:32:58,257] {logging_mixin.py:109} INFO - [2022-10-24 01:32:58,256] {dag.py:2937} INFO - Setting next_dagrun for dag_combustivel to 2022-07-01T00:00:00+00:00
[2022-10-24 01:32:58,268] {processor.py:171} INFO - Processing /opt/airflow/dags/dag_combustive.py took 0.323 seconds
[2022-10-24 01:33:28,696] {processor.py:163} INFO - Started process (PID=1679) to work on /opt/airflow/dags/dag_combustive.py
[2022-10-24 01:33:28,698] {processor.py:642} INFO - Processing file /opt/airflow/dags/dag_combustive.py for tasks to queue
[2022-10-24 01:33:28,699] {logging_mixin.py:109} INFO - [2022-10-24 01:33:28,699] {dagbag.py:500} INFO - Filling up the DagBag from /opt/airflow/dags/dag_combustive.py
[2022-10-24 01:33:28,945] {processor.py:654} INFO - DAG(s) dict_keys(['dag_combustivel']) retrieved from /opt/airflow/dags/dag_combustive.py
[2022-10-24 01:33:28,959] {logging_mixin.py:109} INFO - [2022-10-24 01:33:28,958] {dag.py:2398} INFO - Sync 1 DAGs
[2022-10-24 01:33:28,977] {logging_mixin.py:109} INFO - [2022-10-24 01:33:28,977] {dag.py:2937} INFO - Setting next_dagrun for dag_combustivel to 2022-07-01T00:00:00+00:00
[2022-10-24 01:33:28,989] {processor.py:171} INFO - Processing /opt/airflow/dags/dag_combustive.py took 0.296 seconds
[2022-10-24 01:33:59,443] {processor.py:163} INFO - Started process (PID=1739) to work on /opt/airflow/dags/dag_combustive.py
[2022-10-24 01:33:59,447] {processor.py:642} INFO - Processing file /opt/airflow/dags/dag_combustive.py for tasks to queue
[2022-10-24 01:33:59,449] {logging_mixin.py:109} INFO - [2022-10-24 01:33:59,449] {dagbag.py:500} INFO - Filling up the DagBag from /opt/airflow/dags/dag_combustive.py
[2022-10-24 01:33:59,762] {processor.py:654} INFO - DAG(s) dict_keys(['dag_combustivel']) retrieved from /opt/airflow/dags/dag_combustive.py
[2022-10-24 01:33:59,785] {logging_mixin.py:109} INFO - [2022-10-24 01:33:59,785] {dag.py:2398} INFO - Sync 1 DAGs
[2022-10-24 01:33:59,803] {logging_mixin.py:109} INFO - [2022-10-24 01:33:59,802] {dag.py:2937} INFO - Setting next_dagrun for dag_combustivel to 2022-07-01T00:00:00+00:00
[2022-10-24 01:33:59,812] {processor.py:171} INFO - Processing /opt/airflow/dags/dag_combustive.py took 0.372 seconds
[2022-10-24 01:34:30,235] {processor.py:163} INFO - Started process (PID=1790) to work on /opt/airflow/dags/dag_combustive.py
[2022-10-24 01:34:30,239] {processor.py:642} INFO - Processing file /opt/airflow/dags/dag_combustive.py for tasks to queue
[2022-10-24 01:34:30,241] {logging_mixin.py:109} INFO - [2022-10-24 01:34:30,241] {dagbag.py:500} INFO - Filling up the DagBag from /opt/airflow/dags/dag_combustive.py
[2022-10-24 01:34:30,589] {processor.py:654} INFO - DAG(s) dict_keys(['dag_combustivel']) retrieved from /opt/airflow/dags/dag_combustive.py
[2022-10-24 01:34:30,605] {logging_mixin.py:109} INFO - [2022-10-24 01:34:30,605] {dag.py:2398} INFO - Sync 1 DAGs
[2022-10-24 01:34:30,627] {logging_mixin.py:109} INFO - [2022-10-24 01:34:30,627] {dag.py:2937} INFO - Setting next_dagrun for dag_combustivel to 2022-07-01T00:00:00+00:00
[2022-10-24 01:34:30,642] {processor.py:171} INFO - Processing /opt/airflow/dags/dag_combustive.py took 0.416 seconds
[2022-10-24 01:35:00,825] {processor.py:163} INFO - Started process (PID=1842) to work on /opt/airflow/dags/dag_combustive.py
[2022-10-24 01:35:00,827] {processor.py:642} INFO - Processing file /opt/airflow/dags/dag_combustive.py for tasks to queue
[2022-10-24 01:35:00,829] {logging_mixin.py:109} INFO - [2022-10-24 01:35:00,828] {dagbag.py:500} INFO - Filling up the DagBag from /opt/airflow/dags/dag_combustive.py
[2022-10-24 01:35:01,075] {processor.py:654} INFO - DAG(s) dict_keys(['dag_combustivel']) retrieved from /opt/airflow/dags/dag_combustive.py
[2022-10-24 01:35:01,104] {logging_mixin.py:109} INFO - [2022-10-24 01:35:01,103] {dag.py:2398} INFO - Sync 1 DAGs
[2022-10-24 01:35:01,134] {logging_mixin.py:109} INFO - [2022-10-24 01:35:01,134] {dag.py:2937} INFO - Setting next_dagrun for dag_combustivel to 2022-07-01T00:00:00+00:00
[2022-10-24 01:35:01,148] {processor.py:171} INFO - Processing /opt/airflow/dags/dag_combustive.py took 0.327 seconds
[2022-10-24 01:35:31,290] {processor.py:163} INFO - Started process (PID=1906) to work on /opt/airflow/dags/dag_combustive.py
[2022-10-24 01:35:31,293] {processor.py:642} INFO - Processing file /opt/airflow/dags/dag_combustive.py for tasks to queue
[2022-10-24 01:35:31,295] {logging_mixin.py:109} INFO - [2022-10-24 01:35:31,295] {dagbag.py:500} INFO - Filling up the DagBag from /opt/airflow/dags/dag_combustive.py
[2022-10-24 01:35:31,765] {processor.py:654} INFO - DAG(s) dict_keys(['dag_combustivel']) retrieved from /opt/airflow/dags/dag_combustive.py
[2022-10-24 01:35:31,789] {logging_mixin.py:109} INFO - [2022-10-24 01:35:31,788] {dag.py:2398} INFO - Sync 1 DAGs
[2022-10-24 01:35:31,829] {logging_mixin.py:109} INFO - [2022-10-24 01:35:31,829] {dag.py:2937} INFO - Setting next_dagrun for dag_combustivel to 2022-07-01T00:00:00+00:00
[2022-10-24 01:35:31,870] {processor.py:171} INFO - Processing /opt/airflow/dags/dag_combustive.py took 0.584 seconds
