[2022-10-05 17:26:33,028] {taskinstance.py:1037} INFO - Dependencies all met for <TaskInstance: dag_combustivel.create_cluster scheduled__2018-07-01T00:00:00+00:00 [queued]>
[2022-10-05 17:26:33,045] {taskinstance.py:1037} INFO - Dependencies all met for <TaskInstance: dag_combustivel.create_cluster scheduled__2018-07-01T00:00:00+00:00 [queued]>
[2022-10-05 17:26:33,047] {taskinstance.py:1243} INFO - 
--------------------------------------------------------------------------------
[2022-10-05 17:26:33,049] {taskinstance.py:1244} INFO - Starting attempt 1 of 1
[2022-10-05 17:26:33,051] {taskinstance.py:1245} INFO - 
--------------------------------------------------------------------------------
[2022-10-05 17:26:33,071] {taskinstance.py:1264} INFO - Executing <Task(DataprocCreateClusterOperator): create_cluster> on 2018-07-01 00:00:00+00:00
[2022-10-05 17:26:33,079] {standard_task_runner.py:52} INFO - Started process 21665 to run task
[2022-10-05 17:26:33,087] {standard_task_runner.py:76} INFO - Running: ['***', 'tasks', 'run', 'dag_combustivel', 'create_cluster', 'scheduled__2018-07-01T00:00:00+00:00', '--job-id', '91', '--raw', '--subdir', 'DAGS_FOLDER/dag_combustive.py', '--cfg-path', '/tmp/tmppzrxpy2t', '--error-file', '/tmp/tmpu0efu1be']
[2022-10-05 17:26:33,089] {standard_task_runner.py:77} INFO - Job 91: Subtask create_cluster
[2022-10-05 17:26:33,168] {logging_mixin.py:109} INFO - Running <TaskInstance: dag_combustivel.create_cluster scheduled__2018-07-01T00:00:00+00:00 [running]> on host 1445d51ba90b
[2022-10-05 17:26:33,247] {taskinstance.py:1431} INFO - Exporting the following env vars:
AIRFLOW_CTX_DAG_OWNER=***
AIRFLOW_CTX_DAG_ID=dag_combustivel
AIRFLOW_CTX_TASK_ID=create_cluster
AIRFLOW_CTX_EXECUTION_DATE=2018-07-01T00:00:00+00:00
AIRFLOW_CTX_DAG_RUN_ID=scheduled__2018-07-01T00:00:00+00:00
[2022-10-05 17:26:33,249] {dataproc.py:625} INFO - Creating cluster: dataproc-cluster-stack-data-pipeline01
[2022-10-05 17:29:35,098] {dataproc.py:569} INFO - Cluster created.
[2022-10-05 17:29:35,154] {taskinstance.py:1282} INFO - Marking task as SUCCESS. dag_id=dag_combustivel, task_id=create_cluster, execution_date=20180701T000000, start_date=20221005T172633, end_date=20221005T172935
[2022-10-05 17:29:35,209] {local_task_job.py:154} INFO - Task exited with return code 0
[2022-10-05 17:29:35,272] {local_task_job.py:264} INFO - 1 downstream tasks scheduled from follow-on schedule check
