[2022-10-06 00:07:30,251] {taskinstance.py:1037} INFO - Dependencies all met for <TaskInstance: dag_combustivel.create_cluster scheduled__2018-07-01T00:00:00+00:00 [queued]>
[2022-10-06 00:07:30,268] {taskinstance.py:1037} INFO - Dependencies all met for <TaskInstance: dag_combustivel.create_cluster scheduled__2018-07-01T00:00:00+00:00 [queued]>
[2022-10-06 00:07:30,269] {taskinstance.py:1243} INFO - 
--------------------------------------------------------------------------------
[2022-10-06 00:07:30,270] {taskinstance.py:1244} INFO - Starting attempt 4 of 4
[2022-10-06 00:07:30,271] {taskinstance.py:1245} INFO - 
--------------------------------------------------------------------------------
[2022-10-06 00:07:30,285] {taskinstance.py:1264} INFO - Executing <Task(DataprocCreateClusterOperator): create_cluster> on 2018-07-01 00:00:00+00:00
[2022-10-06 00:07:30,290] {standard_task_runner.py:52} INFO - Started process 8004 to run task
[2022-10-06 00:07:30,294] {standard_task_runner.py:76} INFO - Running: ['***', 'tasks', 'run', 'dag_combustivel', 'create_cluster', 'scheduled__2018-07-01T00:00:00+00:00', '--job-id', '166', '--raw', '--subdir', 'DAGS_FOLDER/dag_combustive.py', '--cfg-path', '/tmp/tmp9v112_g1', '--error-file', '/tmp/tmp1h167w86']
[2022-10-06 00:07:30,296] {standard_task_runner.py:77} INFO - Job 166: Subtask create_cluster
[2022-10-06 00:07:30,377] {logging_mixin.py:109} INFO - Running <TaskInstance: dag_combustivel.create_cluster scheduled__2018-07-01T00:00:00+00:00 [running]> on host 1445d51ba90b
[2022-10-06 00:07:30,452] {taskinstance.py:1431} INFO - Exporting the following env vars:
AIRFLOW_CTX_DAG_OWNER=***
AIRFLOW_CTX_DAG_ID=dag_combustivel
AIRFLOW_CTX_TASK_ID=create_cluster
AIRFLOW_CTX_EXECUTION_DATE=2018-07-01T00:00:00+00:00
AIRFLOW_CTX_DAG_RUN_ID=scheduled__2018-07-01T00:00:00+00:00
[2022-10-06 00:07:30,454] {dataproc.py:625} INFO - Creating cluster: stack-data-pipeline
[2022-10-06 00:10:15,970] {dataproc.py:569} INFO - Cluster created.
[2022-10-06 00:10:16,037] {taskinstance.py:1282} INFO - Marking task as SUCCESS. dag_id=dag_combustivel, task_id=create_cluster, execution_date=20180701T000000, start_date=20221006T000730, end_date=20221006T001016
[2022-10-06 00:10:16,106] {local_task_job.py:154} INFO - Task exited with return code 0
[2022-10-06 00:10:16,188] {local_task_job.py:264} INFO - 1 downstream tasks scheduled from follow-on schedule check
