[2022-11-16 22:27:20,618] {taskinstance.py:1037} INFO - Dependencies all met for <TaskInstance: dag_combustivel.pyspark_task scheduled__2018-01-01T00:00:00+00:00 [queued]>
[2022-11-16 22:27:20,646] {taskinstance.py:1037} INFO - Dependencies all met for <TaskInstance: dag_combustivel.pyspark_task scheduled__2018-01-01T00:00:00+00:00 [queued]>
[2022-11-16 22:27:20,647] {taskinstance.py:1243} INFO - 
--------------------------------------------------------------------------------
[2022-11-16 22:27:20,647] {taskinstance.py:1244} INFO - Starting attempt 1 of 1
[2022-11-16 22:27:20,648] {taskinstance.py:1245} INFO - 
--------------------------------------------------------------------------------
[2022-11-16 22:27:20,675] {taskinstance.py:1264} INFO - Executing <Task(DataprocSubmitJobOperator): pyspark_task> on 2018-01-01 00:00:00+00:00
[2022-11-16 22:27:20,684] {standard_task_runner.py:52} INFO - Started process 3694 to run task
[2022-11-16 22:27:20,691] {standard_task_runner.py:76} INFO - Running: ['***', 'tasks', 'run', 'dag_combustivel', 'pyspark_task', 'scheduled__2018-01-01T00:00:00+00:00', '--job-id', '62', '--raw', '--subdir', 'DAGS_FOLDER/dag_combustivel.py', '--cfg-path', '/tmp/tmpfb0yw1hx', '--error-file', '/tmp/tmpy2knj4s0']
[2022-11-16 22:27:20,694] {standard_task_runner.py:77} INFO - Job 62: Subtask pyspark_task
[2022-11-16 22:27:20,807] {logging_mixin.py:109} INFO - Running <TaskInstance: dag_combustivel.pyspark_task scheduled__2018-01-01T00:00:00+00:00 [running]> on host b2a62e76b908
[2022-11-16 22:27:20,909] {taskinstance.py:1431} INFO - Exporting the following env vars:
AIRFLOW_CTX_DAG_OWNER=***
AIRFLOW_CTX_DAG_ID=dag_combustivel
AIRFLOW_CTX_TASK_ID=pyspark_task
AIRFLOW_CTX_EXECUTION_DATE=2018-01-01T00:00:00+00:00
AIRFLOW_CTX_DAG_RUN_ID=scheduled__2018-01-01T00:00:00+00:00
[2022-11-16 22:27:20,910] {dataproc.py:1878} INFO - Submitting job
[2022-11-16 22:27:22,311] {dataproc.py:1890} INFO - Job babfe6ae-0d67-4efb-b4e8-418fbf7a3929 submitted successfully.
[2022-11-16 22:27:22,326] {dataproc.py:1903} INFO - Waiting for job babfe6ae-0d67-4efb-b4e8-418fbf7a3929 to complete
[2022-11-16 22:28:31,209] {dataproc.py:1907} INFO - Job babfe6ae-0d67-4efb-b4e8-418fbf7a3929 completed successfully.
[2022-11-16 22:28:31,293] {taskinstance.py:1282} INFO - Marking task as SUCCESS. dag_id=dag_combustivel, task_id=pyspark_task, execution_date=20180101T000000, start_date=20221116T222720, end_date=20221116T222831
[2022-11-16 22:28:31,421] {local_task_job.py:154} INFO - Task exited with return code 0
[2022-11-16 22:28:31,846] {local_task_job.py:264} INFO - 0 downstream tasks scheduled from follow-on schedule check
