[2022-10-05 17:48:23,623] {taskinstance.py:1037} INFO - Dependencies all met for <TaskInstance: dag_combustivel.delete_cluster scheduled__2020-01-01T00:00:00+00:00 [queued]>
[2022-10-05 17:48:23,766] {taskinstance.py:1037} INFO - Dependencies all met for <TaskInstance: dag_combustivel.delete_cluster scheduled__2020-01-01T00:00:00+00:00 [queued]>
[2022-10-05 17:48:23,770] {taskinstance.py:1243} INFO - 
--------------------------------------------------------------------------------
[2022-10-05 17:48:23,772] {taskinstance.py:1244} INFO - Starting attempt 1 of 1
[2022-10-05 17:48:23,774] {taskinstance.py:1245} INFO - 
--------------------------------------------------------------------------------
[2022-10-05 17:48:23,895] {taskinstance.py:1264} INFO - Executing <Task(DataprocDeleteClusterOperator): delete_cluster> on 2020-01-01 00:00:00+00:00
[2022-10-05 17:48:23,913] {standard_task_runner.py:52} INFO - Started process 22632 to run task
[2022-10-05 17:48:23,940] {standard_task_runner.py:76} INFO - Running: ['***', 'tasks', 'run', 'dag_combustivel', 'delete_cluster', 'scheduled__2020-01-01T00:00:00+00:00', '--job-id', '105', '--raw', '--subdir', 'DAGS_FOLDER/dag_combustive.py', '--cfg-path', '/tmp/tmprmofrjun', '--error-file', '/tmp/tmpi4n2aihj']
[2022-10-05 17:48:23,961] {standard_task_runner.py:77} INFO - Job 105: Subtask delete_cluster
[2022-10-05 17:48:24,542] {logging_mixin.py:109} INFO - Running <TaskInstance: dag_combustivel.delete_cluster scheduled__2020-01-01T00:00:00+00:00 [running]> on host 1445d51ba90b
[2022-10-05 17:48:24,792] {taskinstance.py:1431} INFO - Exporting the following env vars:
AIRFLOW_CTX_DAG_OWNER=***
AIRFLOW_CTX_DAG_ID=dag_combustivel
AIRFLOW_CTX_TASK_ID=delete_cluster
AIRFLOW_CTX_EXECUTION_DATE=2020-01-01T00:00:00+00:00
AIRFLOW_CTX_DAG_RUN_ID=scheduled__2020-01-01T00:00:00+00:00
[2022-10-05 17:48:24,828] {dataproc.py:863} INFO - Deleting cluster: dataproc-cluster-stack-data-pipeline01
[2022-10-05 17:49:06,933] {dataproc.py:875} INFO - Cluster deleted.
[2022-10-05 17:49:06,957] {taskinstance.py:1282} INFO - Marking task as SUCCESS. dag_id=dag_combustivel, task_id=delete_cluster, execution_date=20200101T000000, start_date=20221005T174823, end_date=20221005T174906
[2022-10-05 17:49:07,027] {local_task_job.py:154} INFO - Task exited with return code 0
[2022-10-05 17:49:07,110] {local_task_job.py:264} INFO - 1 downstream tasks scheduled from follow-on schedule check
