[2022-10-06 00:28:57,861] {taskinstance.py:1037} INFO - Dependencies all met for <TaskInstance: dag_combustivel.delete_cluster scheduled__2020-01-01T00:00:00+00:00 [queued]>
[2022-10-06 00:28:57,870] {taskinstance.py:1037} INFO - Dependencies all met for <TaskInstance: dag_combustivel.delete_cluster scheduled__2020-01-01T00:00:00+00:00 [queued]>
[2022-10-06 00:28:57,871] {taskinstance.py:1243} INFO - 
--------------------------------------------------------------------------------
[2022-10-06 00:28:57,872] {taskinstance.py:1244} INFO - Starting attempt 2 of 2
[2022-10-06 00:28:57,872] {taskinstance.py:1245} INFO - 
--------------------------------------------------------------------------------
[2022-10-06 00:28:57,884] {taskinstance.py:1264} INFO - Executing <Task(DataprocDeleteClusterOperator): delete_cluster> on 2020-01-01 00:00:00+00:00
[2022-10-06 00:28:57,889] {standard_task_runner.py:52} INFO - Started process 9143 to run task
[2022-10-06 00:28:57,893] {standard_task_runner.py:76} INFO - Running: ['***', 'tasks', 'run', 'dag_combustivel', 'delete_cluster', 'scheduled__2020-01-01T00:00:00+00:00', '--job-id', '180', '--raw', '--subdir', 'DAGS_FOLDER/dag_combustive.py', '--cfg-path', '/tmp/tmp2armhuqw', '--error-file', '/tmp/tmpu18bxg48']
[2022-10-06 00:28:57,894] {standard_task_runner.py:77} INFO - Job 180: Subtask delete_cluster
[2022-10-06 00:28:57,962] {logging_mixin.py:109} INFO - Running <TaskInstance: dag_combustivel.delete_cluster scheduled__2020-01-01T00:00:00+00:00 [running]> on host 1445d51ba90b
[2022-10-06 00:28:58,028] {taskinstance.py:1431} INFO - Exporting the following env vars:
AIRFLOW_CTX_DAG_OWNER=***
AIRFLOW_CTX_DAG_ID=dag_combustivel
AIRFLOW_CTX_TASK_ID=delete_cluster
AIRFLOW_CTX_EXECUTION_DATE=2020-01-01T00:00:00+00:00
AIRFLOW_CTX_DAG_RUN_ID=scheduled__2020-01-01T00:00:00+00:00
[2022-10-06 00:28:58,044] {dataproc.py:863} INFO - Deleting cluster: stack-data-pipeline
[2022-10-06 00:29:34,148] {dataproc.py:875} INFO - Cluster deleted.
[2022-10-06 00:29:34,174] {taskinstance.py:1282} INFO - Marking task as SUCCESS. dag_id=dag_combustivel, task_id=delete_cluster, execution_date=20200101T000000, start_date=20221006T002857, end_date=20221006T002934
[2022-10-06 00:29:34,247] {local_task_job.py:154} INFO - Task exited with return code 0
[2022-10-06 00:29:34,273] {local_task_job.py:264} INFO - 0 downstream tasks scheduled from follow-on schedule check
