[2022-09-30 12:32:45,775] {processor.py:163} INFO - Started process (PID=97) to work on /home/airflow/.local/lib/python3.7/site-packages/airflow/example_dags/example_sla_dag.py
[2022-09-30 12:32:45,778] {processor.py:642} INFO - Processing file /home/airflow/.local/lib/python3.7/site-packages/airflow/example_dags/example_sla_dag.py for tasks to queue
[2022-09-30 12:32:45,779] {logging_mixin.py:109} INFO - [2022-09-30 12:32:45,779] {dagbag.py:500} INFO - Filling up the DagBag from /home/airflow/.local/lib/python3.7/site-packages/airflow/example_dags/example_sla_dag.py
[2022-09-30 12:32:45,823] {processor.py:654} INFO - DAG(s) dict_keys(['example_sla_dag']) retrieved from /home/airflow/.local/lib/python3.7/site-packages/airflow/example_dags/example_sla_dag.py
[2022-09-30 12:32:49,037] {logging_mixin.py:109} INFO - [2022-09-30 12:32:49,037] {manager.py:496} INFO - Created Permission View: can edit on DAG:example_sla_dag
[2022-09-30 12:32:49,050] {logging_mixin.py:109} INFO - [2022-09-30 12:32:49,050] {manager.py:496} INFO - Created Permission View: can read on DAG:example_sla_dag
[2022-09-30 12:32:49,051] {logging_mixin.py:109} INFO - [2022-09-30 12:32:49,051] {dag.py:2398} INFO - Sync 1 DAGs
[2022-09-30 12:32:49,061] {logging_mixin.py:109} INFO - [2022-09-30 12:32:49,061] {dag.py:2417} INFO - Creating ORM DAG for example_sla_dag
[2022-09-30 12:32:49,081] {logging_mixin.py:109} INFO - [2022-09-30 12:32:49,081] {dag.py:2937} INFO - Setting next_dagrun for example_sla_dag to 2022-09-30T12:30:00+00:00
[2022-09-30 12:32:49,098] {processor.py:171} INFO - Processing /home/airflow/.local/lib/python3.7/site-packages/airflow/example_dags/example_sla_dag.py took 3.326 seconds
[2022-09-30 12:33:19,524] {processor.py:163} INFO - Started process (PID=241) to work on /home/airflow/.local/lib/python3.7/site-packages/airflow/example_dags/example_sla_dag.py
[2022-09-30 12:33:19,526] {processor.py:642} INFO - Processing file /home/airflow/.local/lib/python3.7/site-packages/airflow/example_dags/example_sla_dag.py for tasks to queue
[2022-09-30 12:33:19,528] {logging_mixin.py:109} INFO - [2022-09-30 12:33:19,528] {dagbag.py:500} INFO - Filling up the DagBag from /home/airflow/.local/lib/python3.7/site-packages/airflow/example_dags/example_sla_dag.py
[2022-09-30 12:33:19,570] {processor.py:654} INFO - DAG(s) dict_keys(['example_sla_dag']) retrieved from /home/airflow/.local/lib/python3.7/site-packages/airflow/example_dags/example_sla_dag.py
[2022-09-30 12:33:19,581] {logging_mixin.py:109} INFO - [2022-09-30 12:33:19,581] {dag.py:2398} INFO - Sync 1 DAGs
[2022-09-30 12:33:19,604] {logging_mixin.py:109} INFO - [2022-09-30 12:33:19,604] {dag.py:2937} INFO - Setting next_dagrun for example_sla_dag to 2022-09-30T12:30:00+00:00
[2022-09-30 12:33:19,616] {processor.py:171} INFO - Processing /home/airflow/.local/lib/python3.7/site-packages/airflow/example_dags/example_sla_dag.py took 0.095 seconds
[2022-09-30 12:33:50,099] {processor.py:163} INFO - Started process (PID=292) to work on /home/airflow/.local/lib/python3.7/site-packages/airflow/example_dags/example_sla_dag.py
[2022-09-30 12:33:50,120] {processor.py:642} INFO - Processing file /home/airflow/.local/lib/python3.7/site-packages/airflow/example_dags/example_sla_dag.py for tasks to queue
[2022-09-30 12:33:50,141] {logging_mixin.py:109} INFO - [2022-09-30 12:33:50,141] {dagbag.py:500} INFO - Filling up the DagBag from /home/airflow/.local/lib/python3.7/site-packages/airflow/example_dags/example_sla_dag.py
[2022-09-30 12:33:50,537] {processor.py:654} INFO - DAG(s) dict_keys(['example_sla_dag']) retrieved from /home/airflow/.local/lib/python3.7/site-packages/airflow/example_dags/example_sla_dag.py
[2022-09-30 12:33:50,576] {logging_mixin.py:109} INFO - [2022-09-30 12:33:50,576] {dag.py:2398} INFO - Sync 1 DAGs
[2022-09-30 12:33:51,087] {logging_mixin.py:109} INFO - [2022-09-30 12:33:51,086] {dag.py:2937} INFO - Setting next_dagrun for example_sla_dag to 2022-09-30T12:30:00+00:00
[2022-09-30 12:33:51,105] {processor.py:171} INFO - Processing /home/airflow/.local/lib/python3.7/site-packages/airflow/example_dags/example_sla_dag.py took 1.040 seconds
[2022-09-30 12:34:21,631] {processor.py:163} INFO - Started process (PID=343) to work on /home/airflow/.local/lib/python3.7/site-packages/airflow/example_dags/example_sla_dag.py
[2022-09-30 12:34:21,637] {processor.py:642} INFO - Processing file /home/airflow/.local/lib/python3.7/site-packages/airflow/example_dags/example_sla_dag.py for tasks to queue
[2022-09-30 12:34:21,640] {logging_mixin.py:109} INFO - [2022-09-30 12:34:21,639] {dagbag.py:500} INFO - Filling up the DagBag from /home/airflow/.local/lib/python3.7/site-packages/airflow/example_dags/example_sla_dag.py
[2022-09-30 12:34:21,724] {processor.py:654} INFO - DAG(s) dict_keys(['example_sla_dag']) retrieved from /home/airflow/.local/lib/python3.7/site-packages/airflow/example_dags/example_sla_dag.py
[2022-09-30 12:34:21,778] {logging_mixin.py:109} INFO - [2022-09-30 12:34:21,777] {dag.py:2398} INFO - Sync 1 DAGs
[2022-09-30 12:34:21,947] {logging_mixin.py:109} INFO - [2022-09-30 12:34:21,947] {dag.py:2937} INFO - Setting next_dagrun for example_sla_dag to 2022-09-30T12:32:00+00:00
[2022-09-30 12:34:21,972] {processor.py:171} INFO - Processing /home/airflow/.local/lib/python3.7/site-packages/airflow/example_dags/example_sla_dag.py took 0.347 seconds
[2022-09-30 12:34:52,142] {processor.py:163} INFO - Started process (PID=394) to work on /home/airflow/.local/lib/python3.7/site-packages/airflow/example_dags/example_sla_dag.py
[2022-09-30 12:34:52,145] {processor.py:642} INFO - Processing file /home/airflow/.local/lib/python3.7/site-packages/airflow/example_dags/example_sla_dag.py for tasks to queue
[2022-09-30 12:34:52,147] {logging_mixin.py:109} INFO - [2022-09-30 12:34:52,147] {dagbag.py:500} INFO - Filling up the DagBag from /home/airflow/.local/lib/python3.7/site-packages/airflow/example_dags/example_sla_dag.py
[2022-09-30 12:34:52,187] {processor.py:654} INFO - DAG(s) dict_keys(['example_sla_dag']) retrieved from /home/airflow/.local/lib/python3.7/site-packages/airflow/example_dags/example_sla_dag.py
[2022-09-30 12:34:52,200] {logging_mixin.py:109} INFO - [2022-09-30 12:34:52,200] {dag.py:2398} INFO - Sync 1 DAGs
[2022-09-30 12:34:52,221] {logging_mixin.py:109} INFO - [2022-09-30 12:34:52,221] {dag.py:2937} INFO - Setting next_dagrun for example_sla_dag to 2022-09-30T12:32:00+00:00
[2022-09-30 12:34:52,233] {processor.py:171} INFO - Processing /home/airflow/.local/lib/python3.7/site-packages/airflow/example_dags/example_sla_dag.py took 0.099 seconds
[2022-09-30 12:35:22,662] {processor.py:163} INFO - Started process (PID=445) to work on /home/airflow/.local/lib/python3.7/site-packages/airflow/example_dags/example_sla_dag.py
[2022-09-30 12:35:22,667] {processor.py:642} INFO - Processing file /home/airflow/.local/lib/python3.7/site-packages/airflow/example_dags/example_sla_dag.py for tasks to queue
[2022-09-30 12:35:22,670] {logging_mixin.py:109} INFO - [2022-09-30 12:35:22,670] {dagbag.py:500} INFO - Filling up the DagBag from /home/airflow/.local/lib/python3.7/site-packages/airflow/example_dags/example_sla_dag.py
[2022-09-30 12:35:22,728] {processor.py:654} INFO - DAG(s) dict_keys(['example_sla_dag']) retrieved from /home/airflow/.local/lib/python3.7/site-packages/airflow/example_dags/example_sla_dag.py
[2022-09-30 12:35:22,746] {logging_mixin.py:109} INFO - [2022-09-30 12:35:22,746] {dag.py:2398} INFO - Sync 1 DAGs
[2022-09-30 12:35:22,784] {logging_mixin.py:109} INFO - [2022-09-30 12:35:22,784] {dag.py:2937} INFO - Setting next_dagrun for example_sla_dag to 2022-09-30T12:32:00+00:00
[2022-09-30 12:35:22,800] {processor.py:171} INFO - Processing /home/airflow/.local/lib/python3.7/site-packages/airflow/example_dags/example_sla_dag.py took 0.144 seconds
[2022-09-30 12:35:52,923] {processor.py:163} INFO - Started process (PID=506) to work on /home/airflow/.local/lib/python3.7/site-packages/airflow/example_dags/example_sla_dag.py
[2022-09-30 12:35:52,925] {processor.py:642} INFO - Processing file /home/airflow/.local/lib/python3.7/site-packages/airflow/example_dags/example_sla_dag.py for tasks to queue
[2022-09-30 12:35:52,927] {logging_mixin.py:109} INFO - [2022-09-30 12:35:52,926] {dagbag.py:500} INFO - Filling up the DagBag from /home/airflow/.local/lib/python3.7/site-packages/airflow/example_dags/example_sla_dag.py
[2022-09-30 12:35:52,964] {processor.py:654} INFO - DAG(s) dict_keys(['example_sla_dag']) retrieved from /home/airflow/.local/lib/python3.7/site-packages/airflow/example_dags/example_sla_dag.py
[2022-09-30 12:35:52,975] {logging_mixin.py:109} INFO - [2022-09-30 12:35:52,975] {dag.py:2398} INFO - Sync 1 DAGs
[2022-09-30 12:35:52,997] {logging_mixin.py:109} INFO - [2022-09-30 12:35:52,997] {dag.py:2937} INFO - Setting next_dagrun for example_sla_dag to 2022-09-30T12:32:00+00:00
[2022-09-30 12:35:53,008] {processor.py:171} INFO - Processing /home/airflow/.local/lib/python3.7/site-packages/airflow/example_dags/example_sla_dag.py took 0.089 seconds
[2022-09-30 12:36:23,350] {processor.py:163} INFO - Started process (PID=558) to work on /home/airflow/.local/lib/python3.7/site-packages/airflow/example_dags/example_sla_dag.py
[2022-09-30 12:36:23,354] {processor.py:642} INFO - Processing file /home/airflow/.local/lib/python3.7/site-packages/airflow/example_dags/example_sla_dag.py for tasks to queue
[2022-09-30 12:36:23,357] {logging_mixin.py:109} INFO - [2022-09-30 12:36:23,356] {dagbag.py:500} INFO - Filling up the DagBag from /home/airflow/.local/lib/python3.7/site-packages/airflow/example_dags/example_sla_dag.py
[2022-09-30 12:36:23,398] {processor.py:654} INFO - DAG(s) dict_keys(['example_sla_dag']) retrieved from /home/airflow/.local/lib/python3.7/site-packages/airflow/example_dags/example_sla_dag.py
[2022-09-30 12:36:23,408] {logging_mixin.py:109} INFO - [2022-09-30 12:36:23,408] {dag.py:2398} INFO - Sync 1 DAGs
[2022-09-30 12:36:23,430] {logging_mixin.py:109} INFO - [2022-09-30 12:36:23,430] {dag.py:2937} INFO - Setting next_dagrun for example_sla_dag to 2022-09-30T12:34:00+00:00
[2022-09-30 12:36:23,442] {processor.py:171} INFO - Processing /home/airflow/.local/lib/python3.7/site-packages/airflow/example_dags/example_sla_dag.py took 0.097 seconds
[2022-09-30 12:36:54,335] {processor.py:163} INFO - Started process (PID=619) to work on /home/airflow/.local/lib/python3.7/site-packages/airflow/example_dags/example_sla_dag.py
[2022-09-30 12:36:54,338] {processor.py:642} INFO - Processing file /home/airflow/.local/lib/python3.7/site-packages/airflow/example_dags/example_sla_dag.py for tasks to queue
[2022-09-30 12:36:54,339] {logging_mixin.py:109} INFO - [2022-09-30 12:36:54,339] {dagbag.py:500} INFO - Filling up the DagBag from /home/airflow/.local/lib/python3.7/site-packages/airflow/example_dags/example_sla_dag.py
[2022-09-30 12:36:54,378] {processor.py:654} INFO - DAG(s) dict_keys(['example_sla_dag']) retrieved from /home/airflow/.local/lib/python3.7/site-packages/airflow/example_dags/example_sla_dag.py
[2022-09-30 12:36:54,392] {logging_mixin.py:109} INFO - [2022-09-30 12:36:54,392] {dag.py:2398} INFO - Sync 1 DAGs
[2022-09-30 12:36:54,416] {logging_mixin.py:109} INFO - [2022-09-30 12:36:54,415] {dag.py:2937} INFO - Setting next_dagrun for example_sla_dag to 2022-09-30T12:34:00+00:00
[2022-09-30 12:36:54,432] {processor.py:171} INFO - Processing /home/airflow/.local/lib/python3.7/site-packages/airflow/example_dags/example_sla_dag.py took 0.101 seconds
[2022-09-30 12:37:25,015] {processor.py:163} INFO - Started process (PID=670) to work on /home/airflow/.local/lib/python3.7/site-packages/airflow/example_dags/example_sla_dag.py
[2022-09-30 12:37:25,017] {processor.py:642} INFO - Processing file /home/airflow/.local/lib/python3.7/site-packages/airflow/example_dags/example_sla_dag.py for tasks to queue
[2022-09-30 12:37:25,019] {logging_mixin.py:109} INFO - [2022-09-30 12:37:25,018] {dagbag.py:500} INFO - Filling up the DagBag from /home/airflow/.local/lib/python3.7/site-packages/airflow/example_dags/example_sla_dag.py
[2022-09-30 12:37:25,062] {processor.py:654} INFO - DAG(s) dict_keys(['example_sla_dag']) retrieved from /home/airflow/.local/lib/python3.7/site-packages/airflow/example_dags/example_sla_dag.py
[2022-09-30 12:37:25,074] {logging_mixin.py:109} INFO - [2022-09-30 12:37:25,074] {dag.py:2398} INFO - Sync 1 DAGs
[2022-09-30 12:37:25,102] {logging_mixin.py:109} INFO - [2022-09-30 12:37:25,102] {dag.py:2937} INFO - Setting next_dagrun for example_sla_dag to 2022-09-30T12:34:00+00:00
[2022-09-30 12:37:25,115] {processor.py:171} INFO - Processing /home/airflow/.local/lib/python3.7/site-packages/airflow/example_dags/example_sla_dag.py took 0.104 seconds
[2022-09-30 12:37:55,430] {processor.py:163} INFO - Started process (PID=730) to work on /home/airflow/.local/lib/python3.7/site-packages/airflow/example_dags/example_sla_dag.py
[2022-09-30 12:37:55,433] {processor.py:642} INFO - Processing file /home/airflow/.local/lib/python3.7/site-packages/airflow/example_dags/example_sla_dag.py for tasks to queue
[2022-09-30 12:37:55,434] {logging_mixin.py:109} INFO - [2022-09-30 12:37:55,434] {dagbag.py:500} INFO - Filling up the DagBag from /home/airflow/.local/lib/python3.7/site-packages/airflow/example_dags/example_sla_dag.py
[2022-09-30 12:37:55,469] {processor.py:654} INFO - DAG(s) dict_keys(['example_sla_dag']) retrieved from /home/airflow/.local/lib/python3.7/site-packages/airflow/example_dags/example_sla_dag.py
[2022-09-30 12:37:55,485] {logging_mixin.py:109} INFO - [2022-09-30 12:37:55,485] {dag.py:2398} INFO - Sync 1 DAGs
[2022-09-30 12:37:55,516] {logging_mixin.py:109} INFO - [2022-09-30 12:37:55,516] {dag.py:2937} INFO - Setting next_dagrun for example_sla_dag to 2022-09-30T12:34:00+00:00
[2022-09-30 12:37:55,528] {processor.py:171} INFO - Processing /home/airflow/.local/lib/python3.7/site-packages/airflow/example_dags/example_sla_dag.py took 0.101 seconds
[2022-09-30 12:38:26,050] {processor.py:163} INFO - Started process (PID=781) to work on /home/airflow/.local/lib/python3.7/site-packages/airflow/example_dags/example_sla_dag.py
[2022-09-30 12:38:26,052] {processor.py:642} INFO - Processing file /home/airflow/.local/lib/python3.7/site-packages/airflow/example_dags/example_sla_dag.py for tasks to queue
[2022-09-30 12:38:26,054] {logging_mixin.py:109} INFO - [2022-09-30 12:38:26,053] {dagbag.py:500} INFO - Filling up the DagBag from /home/airflow/.local/lib/python3.7/site-packages/airflow/example_dags/example_sla_dag.py
[2022-09-30 12:38:26,090] {processor.py:654} INFO - DAG(s) dict_keys(['example_sla_dag']) retrieved from /home/airflow/.local/lib/python3.7/site-packages/airflow/example_dags/example_sla_dag.py
[2022-09-30 12:38:26,102] {logging_mixin.py:109} INFO - [2022-09-30 12:38:26,102] {dag.py:2398} INFO - Sync 1 DAGs
[2022-09-30 12:38:26,131] {logging_mixin.py:109} INFO - [2022-09-30 12:38:26,131] {dag.py:2937} INFO - Setting next_dagrun for example_sla_dag to 2022-09-30T12:36:00+00:00
[2022-09-30 12:38:26,153] {processor.py:171} INFO - Processing /home/airflow/.local/lib/python3.7/site-packages/airflow/example_dags/example_sla_dag.py took 0.107 seconds
[2022-09-30 12:38:56,701] {processor.py:163} INFO - Started process (PID=832) to work on /home/airflow/.local/lib/python3.7/site-packages/airflow/example_dags/example_sla_dag.py
[2022-09-30 12:38:56,703] {processor.py:642} INFO - Processing file /home/airflow/.local/lib/python3.7/site-packages/airflow/example_dags/example_sla_dag.py for tasks to queue
[2022-09-30 12:38:56,705] {logging_mixin.py:109} INFO - [2022-09-30 12:38:56,704] {dagbag.py:500} INFO - Filling up the DagBag from /home/airflow/.local/lib/python3.7/site-packages/airflow/example_dags/example_sla_dag.py
[2022-09-30 12:38:56,758] {processor.py:654} INFO - DAG(s) dict_keys(['example_sla_dag']) retrieved from /home/airflow/.local/lib/python3.7/site-packages/airflow/example_dags/example_sla_dag.py
[2022-09-30 12:38:56,774] {logging_mixin.py:109} INFO - [2022-09-30 12:38:56,774] {dag.py:2398} INFO - Sync 1 DAGs
[2022-09-30 12:38:56,807] {logging_mixin.py:109} INFO - [2022-09-30 12:38:56,807] {dag.py:2937} INFO - Setting next_dagrun for example_sla_dag to 2022-09-30T12:36:00+00:00
[2022-09-30 12:38:56,823] {processor.py:171} INFO - Processing /home/airflow/.local/lib/python3.7/site-packages/airflow/example_dags/example_sla_dag.py took 0.126 seconds
[2022-09-30 12:39:26,883] {processor.py:163} INFO - Started process (PID=892) to work on /home/airflow/.local/lib/python3.7/site-packages/airflow/example_dags/example_sla_dag.py
[2022-09-30 12:39:26,905] {processor.py:642} INFO - Processing file /home/airflow/.local/lib/python3.7/site-packages/airflow/example_dags/example_sla_dag.py for tasks to queue
[2022-09-30 12:39:26,907] {logging_mixin.py:109} INFO - [2022-09-30 12:39:26,907] {dagbag.py:500} INFO - Filling up the DagBag from /home/airflow/.local/lib/python3.7/site-packages/airflow/example_dags/example_sla_dag.py
[2022-09-30 12:39:26,950] {processor.py:654} INFO - DAG(s) dict_keys(['example_sla_dag']) retrieved from /home/airflow/.local/lib/python3.7/site-packages/airflow/example_dags/example_sla_dag.py
[2022-09-30 12:39:26,964] {logging_mixin.py:109} INFO - [2022-09-30 12:39:26,964] {dag.py:2398} INFO - Sync 1 DAGs
[2022-09-30 12:39:26,991] {logging_mixin.py:109} INFO - [2022-09-30 12:39:26,991] {dag.py:2937} INFO - Setting next_dagrun for example_sla_dag to 2022-09-30T12:36:00+00:00
[2022-09-30 12:39:27,008] {processor.py:171} INFO - Processing /home/airflow/.local/lib/python3.7/site-packages/airflow/example_dags/example_sla_dag.py took 0.133 seconds
[2022-09-30 12:39:57,131] {processor.py:163} INFO - Started process (PID=944) to work on /home/airflow/.local/lib/python3.7/site-packages/airflow/example_dags/example_sla_dag.py
[2022-09-30 12:39:57,134] {processor.py:642} INFO - Processing file /home/airflow/.local/lib/python3.7/site-packages/airflow/example_dags/example_sla_dag.py for tasks to queue
[2022-09-30 12:39:57,136] {logging_mixin.py:109} INFO - [2022-09-30 12:39:57,136] {dagbag.py:500} INFO - Filling up the DagBag from /home/airflow/.local/lib/python3.7/site-packages/airflow/example_dags/example_sla_dag.py
[2022-09-30 12:39:57,171] {processor.py:654} INFO - DAG(s) dict_keys(['example_sla_dag']) retrieved from /home/airflow/.local/lib/python3.7/site-packages/airflow/example_dags/example_sla_dag.py
[2022-09-30 12:39:57,183] {logging_mixin.py:109} INFO - [2022-09-30 12:39:57,183] {dag.py:2398} INFO - Sync 1 DAGs
[2022-09-30 12:39:57,208] {logging_mixin.py:109} INFO - [2022-09-30 12:39:57,208] {dag.py:2937} INFO - Setting next_dagrun for example_sla_dag to 2022-09-30T12:36:00+00:00
[2022-09-30 12:39:57,218] {processor.py:171} INFO - Processing /home/airflow/.local/lib/python3.7/site-packages/airflow/example_dags/example_sla_dag.py took 0.092 seconds
[2022-09-30 12:40:27,302] {processor.py:163} INFO - Started process (PID=1003) to work on /home/airflow/.local/lib/python3.7/site-packages/airflow/example_dags/example_sla_dag.py
[2022-09-30 12:40:27,304] {processor.py:642} INFO - Processing file /home/airflow/.local/lib/python3.7/site-packages/airflow/example_dags/example_sla_dag.py for tasks to queue
[2022-09-30 12:40:27,308] {logging_mixin.py:109} INFO - [2022-09-30 12:40:27,307] {dagbag.py:500} INFO - Filling up the DagBag from /home/airflow/.local/lib/python3.7/site-packages/airflow/example_dags/example_sla_dag.py
[2022-09-30 12:40:27,395] {processor.py:654} INFO - DAG(s) dict_keys(['example_sla_dag']) retrieved from /home/airflow/.local/lib/python3.7/site-packages/airflow/example_dags/example_sla_dag.py
[2022-09-30 12:40:27,442] {logging_mixin.py:109} INFO - [2022-09-30 12:40:27,442] {dag.py:2398} INFO - Sync 1 DAGs
[2022-09-30 12:40:27,509] {logging_mixin.py:109} INFO - [2022-09-30 12:40:27,509] {dag.py:2937} INFO - Setting next_dagrun for example_sla_dag to 2022-09-30T12:38:00+00:00
[2022-09-30 12:40:27,538] {processor.py:171} INFO - Processing /home/airflow/.local/lib/python3.7/site-packages/airflow/example_dags/example_sla_dag.py took 0.242 seconds
[2022-09-30 12:40:57,665] {processor.py:163} INFO - Started process (PID=1054) to work on /home/airflow/.local/lib/python3.7/site-packages/airflow/example_dags/example_sla_dag.py
[2022-09-30 12:40:57,668] {processor.py:642} INFO - Processing file /home/airflow/.local/lib/python3.7/site-packages/airflow/example_dags/example_sla_dag.py for tasks to queue
[2022-09-30 12:40:57,670] {logging_mixin.py:109} INFO - [2022-09-30 12:40:57,670] {dagbag.py:500} INFO - Filling up the DagBag from /home/airflow/.local/lib/python3.7/site-packages/airflow/example_dags/example_sla_dag.py
[2022-09-30 12:40:57,717] {processor.py:654} INFO - DAG(s) dict_keys(['example_sla_dag']) retrieved from /home/airflow/.local/lib/python3.7/site-packages/airflow/example_dags/example_sla_dag.py
[2022-09-30 12:40:57,729] {logging_mixin.py:109} INFO - [2022-09-30 12:40:57,729] {dag.py:2398} INFO - Sync 1 DAGs
[2022-09-30 12:40:57,751] {logging_mixin.py:109} INFO - [2022-09-30 12:40:57,751] {dag.py:2937} INFO - Setting next_dagrun for example_sla_dag to 2022-09-30T12:38:00+00:00
[2022-09-30 12:40:57,764] {processor.py:171} INFO - Processing /home/airflow/.local/lib/python3.7/site-packages/airflow/example_dags/example_sla_dag.py took 0.105 seconds
[2022-09-30 12:41:28,251] {processor.py:163} INFO - Started process (PID=1105) to work on /home/airflow/.local/lib/python3.7/site-packages/airflow/example_dags/example_sla_dag.py
[2022-09-30 12:41:28,253] {processor.py:642} INFO - Processing file /home/airflow/.local/lib/python3.7/site-packages/airflow/example_dags/example_sla_dag.py for tasks to queue
[2022-09-30 12:41:28,255] {logging_mixin.py:109} INFO - [2022-09-30 12:41:28,255] {dagbag.py:500} INFO - Filling up the DagBag from /home/airflow/.local/lib/python3.7/site-packages/airflow/example_dags/example_sla_dag.py
[2022-09-30 12:41:28,302] {processor.py:654} INFO - DAG(s) dict_keys(['example_sla_dag']) retrieved from /home/airflow/.local/lib/python3.7/site-packages/airflow/example_dags/example_sla_dag.py
[2022-09-30 12:41:28,312] {logging_mixin.py:109} INFO - [2022-09-30 12:41:28,312] {dag.py:2398} INFO - Sync 1 DAGs
[2022-09-30 12:41:28,342] {logging_mixin.py:109} INFO - [2022-09-30 12:41:28,341] {dag.py:2937} INFO - Setting next_dagrun for example_sla_dag to 2022-09-30T12:38:00+00:00
[2022-09-30 12:41:28,355] {processor.py:171} INFO - Processing /home/airflow/.local/lib/python3.7/site-packages/airflow/example_dags/example_sla_dag.py took 0.107 seconds
[2022-09-30 12:41:58,619] {processor.py:163} INFO - Started process (PID=1167) to work on /home/airflow/.local/lib/python3.7/site-packages/airflow/example_dags/example_sla_dag.py
[2022-09-30 12:41:58,621] {processor.py:642} INFO - Processing file /home/airflow/.local/lib/python3.7/site-packages/airflow/example_dags/example_sla_dag.py for tasks to queue
[2022-09-30 12:41:58,622] {logging_mixin.py:109} INFO - [2022-09-30 12:41:58,622] {dagbag.py:500} INFO - Filling up the DagBag from /home/airflow/.local/lib/python3.7/site-packages/airflow/example_dags/example_sla_dag.py
[2022-09-30 12:41:58,666] {processor.py:654} INFO - DAG(s) dict_keys(['example_sla_dag']) retrieved from /home/airflow/.local/lib/python3.7/site-packages/airflow/example_dags/example_sla_dag.py
[2022-09-30 12:41:58,686] {logging_mixin.py:109} INFO - [2022-09-30 12:41:58,686] {dag.py:2398} INFO - Sync 1 DAGs
[2022-09-30 12:41:58,705] {logging_mixin.py:109} INFO - [2022-09-30 12:41:58,705] {dag.py:2937} INFO - Setting next_dagrun for example_sla_dag to 2022-09-30T12:38:00+00:00
[2022-09-30 12:41:58,716] {processor.py:171} INFO - Processing /home/airflow/.local/lib/python3.7/site-packages/airflow/example_dags/example_sla_dag.py took 0.100 seconds
[2022-09-30 12:42:28,967] {processor.py:163} INFO - Started process (PID=1218) to work on /home/airflow/.local/lib/python3.7/site-packages/airflow/example_dags/example_sla_dag.py
[2022-09-30 12:42:28,970] {processor.py:642} INFO - Processing file /home/airflow/.local/lib/python3.7/site-packages/airflow/example_dags/example_sla_dag.py for tasks to queue
[2022-09-30 12:42:28,971] {logging_mixin.py:109} INFO - [2022-09-30 12:42:28,971] {dagbag.py:500} INFO - Filling up the DagBag from /home/airflow/.local/lib/python3.7/site-packages/airflow/example_dags/example_sla_dag.py
[2022-09-30 12:42:29,009] {processor.py:654} INFO - DAG(s) dict_keys(['example_sla_dag']) retrieved from /home/airflow/.local/lib/python3.7/site-packages/airflow/example_dags/example_sla_dag.py
[2022-09-30 12:42:29,021] {logging_mixin.py:109} INFO - [2022-09-30 12:42:29,021] {dag.py:2398} INFO - Sync 1 DAGs
[2022-09-30 12:42:29,041] {logging_mixin.py:109} INFO - [2022-09-30 12:42:29,041] {dag.py:2937} INFO - Setting next_dagrun for example_sla_dag to 2022-09-30T12:40:00+00:00
[2022-09-30 12:42:29,052] {processor.py:171} INFO - Processing /home/airflow/.local/lib/python3.7/site-packages/airflow/example_dags/example_sla_dag.py took 0.091 seconds
[2022-09-30 12:42:59,156] {processor.py:163} INFO - Started process (PID=1278) to work on /home/airflow/.local/lib/python3.7/site-packages/airflow/example_dags/example_sla_dag.py
[2022-09-30 12:42:59,159] {processor.py:642} INFO - Processing file /home/airflow/.local/lib/python3.7/site-packages/airflow/example_dags/example_sla_dag.py for tasks to queue
[2022-09-30 12:42:59,161] {logging_mixin.py:109} INFO - [2022-09-30 12:42:59,160] {dagbag.py:500} INFO - Filling up the DagBag from /home/airflow/.local/lib/python3.7/site-packages/airflow/example_dags/example_sla_dag.py
[2022-09-30 12:42:59,200] {processor.py:654} INFO - DAG(s) dict_keys(['example_sla_dag']) retrieved from /home/airflow/.local/lib/python3.7/site-packages/airflow/example_dags/example_sla_dag.py
[2022-09-30 12:42:59,213] {logging_mixin.py:109} INFO - [2022-09-30 12:42:59,213] {dag.py:2398} INFO - Sync 1 DAGs
[2022-09-30 12:42:59,241] {logging_mixin.py:109} INFO - [2022-09-30 12:42:59,240] {dag.py:2937} INFO - Setting next_dagrun for example_sla_dag to 2022-09-30T12:40:00+00:00
[2022-09-30 12:42:59,254] {processor.py:171} INFO - Processing /home/airflow/.local/lib/python3.7/site-packages/airflow/example_dags/example_sla_dag.py took 0.104 seconds
[2022-09-30 12:43:29,365] {processor.py:163} INFO - Started process (PID=1330) to work on /home/airflow/.local/lib/python3.7/site-packages/airflow/example_dags/example_sla_dag.py
[2022-09-30 12:43:29,367] {processor.py:642} INFO - Processing file /home/airflow/.local/lib/python3.7/site-packages/airflow/example_dags/example_sla_dag.py for tasks to queue
[2022-09-30 12:43:29,368] {logging_mixin.py:109} INFO - [2022-09-30 12:43:29,368] {dagbag.py:500} INFO - Filling up the DagBag from /home/airflow/.local/lib/python3.7/site-packages/airflow/example_dags/example_sla_dag.py
[2022-09-30 12:43:29,423] {processor.py:654} INFO - DAG(s) dict_keys(['example_sla_dag']) retrieved from /home/airflow/.local/lib/python3.7/site-packages/airflow/example_dags/example_sla_dag.py
[2022-09-30 12:43:29,437] {logging_mixin.py:109} INFO - [2022-09-30 12:43:29,437] {dag.py:2398} INFO - Sync 1 DAGs
[2022-09-30 12:43:29,460] {logging_mixin.py:109} INFO - [2022-09-30 12:43:29,460] {dag.py:2937} INFO - Setting next_dagrun for example_sla_dag to 2022-09-30T12:40:00+00:00
[2022-09-30 12:43:29,470] {processor.py:171} INFO - Processing /home/airflow/.local/lib/python3.7/site-packages/airflow/example_dags/example_sla_dag.py took 0.110 seconds
[2022-09-30 12:43:59,565] {processor.py:163} INFO - Started process (PID=1381) to work on /home/airflow/.local/lib/python3.7/site-packages/airflow/example_dags/example_sla_dag.py
[2022-09-30 12:43:59,568] {processor.py:642} INFO - Processing file /home/airflow/.local/lib/python3.7/site-packages/airflow/example_dags/example_sla_dag.py for tasks to queue
[2022-09-30 12:43:59,570] {logging_mixin.py:109} INFO - [2022-09-30 12:43:59,570] {dagbag.py:500} INFO - Filling up the DagBag from /home/airflow/.local/lib/python3.7/site-packages/airflow/example_dags/example_sla_dag.py
[2022-09-30 12:43:59,617] {processor.py:654} INFO - DAG(s) dict_keys(['example_sla_dag']) retrieved from /home/airflow/.local/lib/python3.7/site-packages/airflow/example_dags/example_sla_dag.py
[2022-09-30 12:43:59,631] {logging_mixin.py:109} INFO - [2022-09-30 12:43:59,631] {dag.py:2398} INFO - Sync 1 DAGs
[2022-09-30 12:43:59,662] {logging_mixin.py:109} INFO - [2022-09-30 12:43:59,662] {dag.py:2937} INFO - Setting next_dagrun for example_sla_dag to 2022-09-30T12:40:00+00:00
[2022-09-30 12:43:59,680] {processor.py:171} INFO - Processing /home/airflow/.local/lib/python3.7/site-packages/airflow/example_dags/example_sla_dag.py took 0.120 seconds
[2022-09-30 12:44:29,859] {processor.py:163} INFO - Started process (PID=1440) to work on /home/airflow/.local/lib/python3.7/site-packages/airflow/example_dags/example_sla_dag.py
[2022-09-30 12:44:29,861] {processor.py:642} INFO - Processing file /home/airflow/.local/lib/python3.7/site-packages/airflow/example_dags/example_sla_dag.py for tasks to queue
[2022-09-30 12:44:29,863] {logging_mixin.py:109} INFO - [2022-09-30 12:44:29,863] {dagbag.py:500} INFO - Filling up the DagBag from /home/airflow/.local/lib/python3.7/site-packages/airflow/example_dags/example_sla_dag.py
[2022-09-30 12:44:29,907] {processor.py:654} INFO - DAG(s) dict_keys(['example_sla_dag']) retrieved from /home/airflow/.local/lib/python3.7/site-packages/airflow/example_dags/example_sla_dag.py
[2022-09-30 12:44:29,921] {logging_mixin.py:109} INFO - [2022-09-30 12:44:29,921] {dag.py:2398} INFO - Sync 1 DAGs
[2022-09-30 12:44:29,942] {logging_mixin.py:109} INFO - [2022-09-30 12:44:29,942] {dag.py:2937} INFO - Setting next_dagrun for example_sla_dag to 2022-09-30T12:42:00+00:00
[2022-09-30 12:44:29,953] {processor.py:171} INFO - Processing /home/airflow/.local/lib/python3.7/site-packages/airflow/example_dags/example_sla_dag.py took 0.097 seconds
[2022-09-30 12:45:00,250] {processor.py:163} INFO - Started process (PID=1492) to work on /home/airflow/.local/lib/python3.7/site-packages/airflow/example_dags/example_sla_dag.py
[2022-09-30 12:45:00,261] {processor.py:642} INFO - Processing file /home/airflow/.local/lib/python3.7/site-packages/airflow/example_dags/example_sla_dag.py for tasks to queue
[2022-09-30 12:45:00,265] {logging_mixin.py:109} INFO - [2022-09-30 12:45:00,265] {dagbag.py:500} INFO - Filling up the DagBag from /home/airflow/.local/lib/python3.7/site-packages/airflow/example_dags/example_sla_dag.py
[2022-09-30 12:45:00,355] {processor.py:654} INFO - DAG(s) dict_keys(['example_sla_dag']) retrieved from /home/airflow/.local/lib/python3.7/site-packages/airflow/example_dags/example_sla_dag.py
[2022-09-30 12:45:00,373] {logging_mixin.py:109} INFO - [2022-09-30 12:45:00,372] {dag.py:2398} INFO - Sync 1 DAGs
[2022-09-30 12:45:00,394] {logging_mixin.py:109} INFO - [2022-09-30 12:45:00,394] {dag.py:2937} INFO - Setting next_dagrun for example_sla_dag to 2022-09-30T12:42:00+00:00
[2022-09-30 12:45:00,404] {processor.py:171} INFO - Processing /home/airflow/.local/lib/python3.7/site-packages/airflow/example_dags/example_sla_dag.py took 0.161 seconds
[2022-09-30 12:45:30,603] {processor.py:163} INFO - Started process (PID=1552) to work on /home/airflow/.local/lib/python3.7/site-packages/airflow/example_dags/example_sla_dag.py
[2022-09-30 12:45:30,604] {processor.py:642} INFO - Processing file /home/airflow/.local/lib/python3.7/site-packages/airflow/example_dags/example_sla_dag.py for tasks to queue
[2022-09-30 12:45:30,606] {logging_mixin.py:109} INFO - [2022-09-30 12:45:30,606] {dagbag.py:500} INFO - Filling up the DagBag from /home/airflow/.local/lib/python3.7/site-packages/airflow/example_dags/example_sla_dag.py
[2022-09-30 12:45:30,652] {processor.py:654} INFO - DAG(s) dict_keys(['example_sla_dag']) retrieved from /home/airflow/.local/lib/python3.7/site-packages/airflow/example_dags/example_sla_dag.py
[2022-09-30 12:45:30,664] {logging_mixin.py:109} INFO - [2022-09-30 12:45:30,664] {dag.py:2398} INFO - Sync 1 DAGs
[2022-09-30 12:45:30,687] {logging_mixin.py:109} INFO - [2022-09-30 12:45:30,686] {dag.py:2937} INFO - Setting next_dagrun for example_sla_dag to 2022-09-30T12:42:00+00:00
[2022-09-30 12:45:30,700] {processor.py:171} INFO - Processing /home/airflow/.local/lib/python3.7/site-packages/airflow/example_dags/example_sla_dag.py took 0.101 seconds
[2022-09-30 12:46:00,963] {processor.py:163} INFO - Started process (PID=1604) to work on /home/airflow/.local/lib/python3.7/site-packages/airflow/example_dags/example_sla_dag.py
[2022-09-30 12:46:00,966] {processor.py:642} INFO - Processing file /home/airflow/.local/lib/python3.7/site-packages/airflow/example_dags/example_sla_dag.py for tasks to queue
[2022-09-30 12:46:00,968] {logging_mixin.py:109} INFO - [2022-09-30 12:46:00,968] {dagbag.py:500} INFO - Filling up the DagBag from /home/airflow/.local/lib/python3.7/site-packages/airflow/example_dags/example_sla_dag.py
[2022-09-30 12:46:01,018] {processor.py:654} INFO - DAG(s) dict_keys(['example_sla_dag']) retrieved from /home/airflow/.local/lib/python3.7/site-packages/airflow/example_dags/example_sla_dag.py
[2022-09-30 12:46:01,034] {logging_mixin.py:109} INFO - [2022-09-30 12:46:01,034] {dag.py:2398} INFO - Sync 1 DAGs
[2022-09-30 12:46:01,060] {logging_mixin.py:109} INFO - [2022-09-30 12:46:01,060] {dag.py:2937} INFO - Setting next_dagrun for example_sla_dag to 2022-09-30T12:44:00+00:00
[2022-09-30 12:46:01,086] {processor.py:171} INFO - Processing /home/airflow/.local/lib/python3.7/site-packages/airflow/example_dags/example_sla_dag.py took 0.128 seconds
[2022-09-30 12:46:31,613] {processor.py:163} INFO - Started process (PID=1663) to work on /home/airflow/.local/lib/python3.7/site-packages/airflow/example_dags/example_sla_dag.py
[2022-09-30 12:46:31,616] {processor.py:642} INFO - Processing file /home/airflow/.local/lib/python3.7/site-packages/airflow/example_dags/example_sla_dag.py for tasks to queue
[2022-09-30 12:46:31,617] {logging_mixin.py:109} INFO - [2022-09-30 12:46:31,617] {dagbag.py:500} INFO - Filling up the DagBag from /home/airflow/.local/lib/python3.7/site-packages/airflow/example_dags/example_sla_dag.py
[2022-09-30 12:46:31,665] {processor.py:654} INFO - DAG(s) dict_keys(['example_sla_dag']) retrieved from /home/airflow/.local/lib/python3.7/site-packages/airflow/example_dags/example_sla_dag.py
[2022-09-30 12:46:31,677] {logging_mixin.py:109} INFO - [2022-09-30 12:46:31,677] {dag.py:2398} INFO - Sync 1 DAGs
[2022-09-30 12:46:31,700] {logging_mixin.py:109} INFO - [2022-09-30 12:46:31,700] {dag.py:2937} INFO - Setting next_dagrun for example_sla_dag to 2022-09-30T12:44:00+00:00
[2022-09-30 12:46:31,714] {processor.py:171} INFO - Processing /home/airflow/.local/lib/python3.7/site-packages/airflow/example_dags/example_sla_dag.py took 0.105 seconds
[2022-09-30 12:47:02,124] {processor.py:163} INFO - Started process (PID=1715) to work on /home/airflow/.local/lib/python3.7/site-packages/airflow/example_dags/example_sla_dag.py
[2022-09-30 12:47:02,126] {processor.py:642} INFO - Processing file /home/airflow/.local/lib/python3.7/site-packages/airflow/example_dags/example_sla_dag.py for tasks to queue
[2022-09-30 12:47:02,127] {logging_mixin.py:109} INFO - [2022-09-30 12:47:02,127] {dagbag.py:500} INFO - Filling up the DagBag from /home/airflow/.local/lib/python3.7/site-packages/airflow/example_dags/example_sla_dag.py
[2022-09-30 12:47:02,169] {processor.py:654} INFO - DAG(s) dict_keys(['example_sla_dag']) retrieved from /home/airflow/.local/lib/python3.7/site-packages/airflow/example_dags/example_sla_dag.py
[2022-09-30 12:47:02,181] {logging_mixin.py:109} INFO - [2022-09-30 12:47:02,181] {dag.py:2398} INFO - Sync 1 DAGs
[2022-09-30 12:47:02,202] {logging_mixin.py:109} INFO - [2022-09-30 12:47:02,202] {dag.py:2937} INFO - Setting next_dagrun for example_sla_dag to 2022-09-30T12:44:00+00:00
[2022-09-30 12:47:02,214] {processor.py:171} INFO - Processing /home/airflow/.local/lib/python3.7/site-packages/airflow/example_dags/example_sla_dag.py took 0.093 seconds
[2022-09-30 12:47:32,808] {processor.py:163} INFO - Started process (PID=1776) to work on /home/airflow/.local/lib/python3.7/site-packages/airflow/example_dags/example_sla_dag.py
[2022-09-30 12:47:32,811] {processor.py:642} INFO - Processing file /home/airflow/.local/lib/python3.7/site-packages/airflow/example_dags/example_sla_dag.py for tasks to queue
[2022-09-30 12:47:32,814] {logging_mixin.py:109} INFO - [2022-09-30 12:47:32,813] {dagbag.py:500} INFO - Filling up the DagBag from /home/airflow/.local/lib/python3.7/site-packages/airflow/example_dags/example_sla_dag.py
[2022-09-30 12:47:32,854] {processor.py:654} INFO - DAG(s) dict_keys(['example_sla_dag']) retrieved from /home/airflow/.local/lib/python3.7/site-packages/airflow/example_dags/example_sla_dag.py
[2022-09-30 12:47:32,864] {logging_mixin.py:109} INFO - [2022-09-30 12:47:32,864] {dag.py:2398} INFO - Sync 1 DAGs
[2022-09-30 12:47:32,883] {logging_mixin.py:109} INFO - [2022-09-30 12:47:32,883] {dag.py:2937} INFO - Setting next_dagrun for example_sla_dag to 2022-09-30T12:44:00+00:00
[2022-09-30 12:47:32,898] {processor.py:171} INFO - Processing /home/airflow/.local/lib/python3.7/site-packages/airflow/example_dags/example_sla_dag.py took 0.099 seconds
[2022-09-30 12:48:03,159] {processor.py:163} INFO - Started process (PID=1827) to work on /home/airflow/.local/lib/python3.7/site-packages/airflow/example_dags/example_sla_dag.py
[2022-09-30 12:48:03,162] {processor.py:642} INFO - Processing file /home/airflow/.local/lib/python3.7/site-packages/airflow/example_dags/example_sla_dag.py for tasks to queue
[2022-09-30 12:48:03,164] {logging_mixin.py:109} INFO - [2022-09-30 12:48:03,164] {dagbag.py:500} INFO - Filling up the DagBag from /home/airflow/.local/lib/python3.7/site-packages/airflow/example_dags/example_sla_dag.py
[2022-09-30 12:48:03,214] {processor.py:654} INFO - DAG(s) dict_keys(['example_sla_dag']) retrieved from /home/airflow/.local/lib/python3.7/site-packages/airflow/example_dags/example_sla_dag.py
[2022-09-30 12:48:03,226] {logging_mixin.py:109} INFO - [2022-09-30 12:48:03,226] {dag.py:2398} INFO - Sync 1 DAGs
[2022-09-30 12:48:03,248] {logging_mixin.py:109} INFO - [2022-09-30 12:48:03,248] {dag.py:2937} INFO - Setting next_dagrun for example_sla_dag to 2022-09-30T12:46:00+00:00
[2022-09-30 12:48:03,260] {processor.py:171} INFO - Processing /home/airflow/.local/lib/python3.7/site-packages/airflow/example_dags/example_sla_dag.py took 0.104 seconds
[2022-09-30 12:48:33,773] {processor.py:163} INFO - Started process (PID=1879) to work on /home/airflow/.local/lib/python3.7/site-packages/airflow/example_dags/example_sla_dag.py
[2022-09-30 12:48:33,776] {processor.py:642} INFO - Processing file /home/airflow/.local/lib/python3.7/site-packages/airflow/example_dags/example_sla_dag.py for tasks to queue
[2022-09-30 12:48:33,778] {logging_mixin.py:109} INFO - [2022-09-30 12:48:33,778] {dagbag.py:500} INFO - Filling up the DagBag from /home/airflow/.local/lib/python3.7/site-packages/airflow/example_dags/example_sla_dag.py
[2022-09-30 12:48:33,832] {processor.py:654} INFO - DAG(s) dict_keys(['example_sla_dag']) retrieved from /home/airflow/.local/lib/python3.7/site-packages/airflow/example_dags/example_sla_dag.py
[2022-09-30 12:48:33,846] {logging_mixin.py:109} INFO - [2022-09-30 12:48:33,845] {dag.py:2398} INFO - Sync 1 DAGs
[2022-09-30 12:48:33,866] {logging_mixin.py:109} INFO - [2022-09-30 12:48:33,866] {dag.py:2937} INFO - Setting next_dagrun for example_sla_dag to 2022-09-30T12:46:00+00:00
[2022-09-30 12:48:33,877] {processor.py:171} INFO - Processing /home/airflow/.local/lib/python3.7/site-packages/airflow/example_dags/example_sla_dag.py took 0.109 seconds
[2022-09-30 12:49:04,107] {processor.py:163} INFO - Started process (PID=1940) to work on /home/airflow/.local/lib/python3.7/site-packages/airflow/example_dags/example_sla_dag.py
[2022-09-30 12:49:04,109] {processor.py:642} INFO - Processing file /home/airflow/.local/lib/python3.7/site-packages/airflow/example_dags/example_sla_dag.py for tasks to queue
[2022-09-30 12:49:04,111] {logging_mixin.py:109} INFO - [2022-09-30 12:49:04,111] {dagbag.py:500} INFO - Filling up the DagBag from /home/airflow/.local/lib/python3.7/site-packages/airflow/example_dags/example_sla_dag.py
[2022-09-30 12:49:04,162] {processor.py:654} INFO - DAG(s) dict_keys(['example_sla_dag']) retrieved from /home/airflow/.local/lib/python3.7/site-packages/airflow/example_dags/example_sla_dag.py
[2022-09-30 12:49:04,178] {logging_mixin.py:109} INFO - [2022-09-30 12:49:04,178] {dag.py:2398} INFO - Sync 1 DAGs
[2022-09-30 12:49:04,209] {logging_mixin.py:109} INFO - [2022-09-30 12:49:04,209] {dag.py:2937} INFO - Setting next_dagrun for example_sla_dag to 2022-09-30T12:46:00+00:00
[2022-09-30 12:49:04,219] {processor.py:171} INFO - Processing /home/airflow/.local/lib/python3.7/site-packages/airflow/example_dags/example_sla_dag.py took 0.116 seconds
[2022-09-30 12:49:34,470] {processor.py:163} INFO - Started process (PID=1991) to work on /home/airflow/.local/lib/python3.7/site-packages/airflow/example_dags/example_sla_dag.py
[2022-09-30 12:49:34,473] {processor.py:642} INFO - Processing file /home/airflow/.local/lib/python3.7/site-packages/airflow/example_dags/example_sla_dag.py for tasks to queue
[2022-09-30 12:49:34,477] {logging_mixin.py:109} INFO - [2022-09-30 12:49:34,477] {dagbag.py:500} INFO - Filling up the DagBag from /home/airflow/.local/lib/python3.7/site-packages/airflow/example_dags/example_sla_dag.py
[2022-09-30 12:49:34,532] {processor.py:654} INFO - DAG(s) dict_keys(['example_sla_dag']) retrieved from /home/airflow/.local/lib/python3.7/site-packages/airflow/example_dags/example_sla_dag.py
[2022-09-30 12:49:34,546] {logging_mixin.py:109} INFO - [2022-09-30 12:49:34,546] {dag.py:2398} INFO - Sync 1 DAGs
[2022-09-30 12:49:34,576] {logging_mixin.py:109} INFO - [2022-09-30 12:49:34,576] {dag.py:2937} INFO - Setting next_dagrun for example_sla_dag to 2022-09-30T12:46:00+00:00
[2022-09-30 12:49:34,591] {processor.py:171} INFO - Processing /home/airflow/.local/lib/python3.7/site-packages/airflow/example_dags/example_sla_dag.py took 0.126 seconds
[2022-09-30 12:50:04,986] {processor.py:163} INFO - Started process (PID=2052) to work on /home/airflow/.local/lib/python3.7/site-packages/airflow/example_dags/example_sla_dag.py
[2022-09-30 12:50:04,995] {processor.py:642} INFO - Processing file /home/airflow/.local/lib/python3.7/site-packages/airflow/example_dags/example_sla_dag.py for tasks to queue
[2022-09-30 12:50:04,999] {logging_mixin.py:109} INFO - [2022-09-30 12:50:04,999] {dagbag.py:500} INFO - Filling up the DagBag from /home/airflow/.local/lib/python3.7/site-packages/airflow/example_dags/example_sla_dag.py
[2022-09-30 12:50:05,063] {processor.py:654} INFO - DAG(s) dict_keys(['example_sla_dag']) retrieved from /home/airflow/.local/lib/python3.7/site-packages/airflow/example_dags/example_sla_dag.py
[2022-09-30 12:50:05,074] {logging_mixin.py:109} INFO - [2022-09-30 12:50:05,074] {dag.py:2398} INFO - Sync 1 DAGs
[2022-09-30 12:50:05,093] {logging_mixin.py:109} INFO - [2022-09-30 12:50:05,093] {dag.py:2937} INFO - Setting next_dagrun for example_sla_dag to 2022-09-30T12:48:00+00:00
[2022-09-30 12:50:05,102] {processor.py:171} INFO - Processing /home/airflow/.local/lib/python3.7/site-packages/airflow/example_dags/example_sla_dag.py took 0.123 seconds
[2022-09-30 12:50:35,341] {processor.py:163} INFO - Started process (PID=2103) to work on /home/airflow/.local/lib/python3.7/site-packages/airflow/example_dags/example_sla_dag.py
[2022-09-30 12:50:35,343] {processor.py:642} INFO - Processing file /home/airflow/.local/lib/python3.7/site-packages/airflow/example_dags/example_sla_dag.py for tasks to queue
[2022-09-30 12:50:35,344] {logging_mixin.py:109} INFO - [2022-09-30 12:50:35,344] {dagbag.py:500} INFO - Filling up the DagBag from /home/airflow/.local/lib/python3.7/site-packages/airflow/example_dags/example_sla_dag.py
[2022-09-30 12:50:35,389] {processor.py:654} INFO - DAG(s) dict_keys(['example_sla_dag']) retrieved from /home/airflow/.local/lib/python3.7/site-packages/airflow/example_dags/example_sla_dag.py
[2022-09-30 12:50:35,402] {logging_mixin.py:109} INFO - [2022-09-30 12:50:35,402] {dag.py:2398} INFO - Sync 1 DAGs
[2022-09-30 12:50:35,423] {logging_mixin.py:109} INFO - [2022-09-30 12:50:35,422] {dag.py:2937} INFO - Setting next_dagrun for example_sla_dag to 2022-09-30T12:48:00+00:00
[2022-09-30 12:50:35,435] {processor.py:171} INFO - Processing /home/airflow/.local/lib/python3.7/site-packages/airflow/example_dags/example_sla_dag.py took 0.099 seconds
[2022-09-30 12:51:05,923] {processor.py:163} INFO - Started process (PID=2164) to work on /home/airflow/.local/lib/python3.7/site-packages/airflow/example_dags/example_sla_dag.py
[2022-09-30 12:51:05,926] {processor.py:642} INFO - Processing file /home/airflow/.local/lib/python3.7/site-packages/airflow/example_dags/example_sla_dag.py for tasks to queue
[2022-09-30 12:51:05,928] {logging_mixin.py:109} INFO - [2022-09-30 12:51:05,928] {dagbag.py:500} INFO - Filling up the DagBag from /home/airflow/.local/lib/python3.7/site-packages/airflow/example_dags/example_sla_dag.py
[2022-09-30 12:51:05,984] {processor.py:654} INFO - DAG(s) dict_keys(['example_sla_dag']) retrieved from /home/airflow/.local/lib/python3.7/site-packages/airflow/example_dags/example_sla_dag.py
[2022-09-30 12:51:06,000] {logging_mixin.py:109} INFO - [2022-09-30 12:51:06,000] {dag.py:2398} INFO - Sync 1 DAGs
[2022-09-30 12:51:06,025] {logging_mixin.py:109} INFO - [2022-09-30 12:51:06,025] {dag.py:2937} INFO - Setting next_dagrun for example_sla_dag to 2022-09-30T12:48:00+00:00
[2022-09-30 12:51:06,040] {processor.py:171} INFO - Processing /home/airflow/.local/lib/python3.7/site-packages/airflow/example_dags/example_sla_dag.py took 0.122 seconds
[2022-09-30 12:51:36,807] {processor.py:163} INFO - Started process (PID=2216) to work on /home/airflow/.local/lib/python3.7/site-packages/airflow/example_dags/example_sla_dag.py
[2022-09-30 12:51:36,810] {processor.py:642} INFO - Processing file /home/airflow/.local/lib/python3.7/site-packages/airflow/example_dags/example_sla_dag.py for tasks to queue
[2022-09-30 12:51:36,811] {logging_mixin.py:109} INFO - [2022-09-30 12:51:36,811] {dagbag.py:500} INFO - Filling up the DagBag from /home/airflow/.local/lib/python3.7/site-packages/airflow/example_dags/example_sla_dag.py
[2022-09-30 12:51:36,860] {processor.py:654} INFO - DAG(s) dict_keys(['example_sla_dag']) retrieved from /home/airflow/.local/lib/python3.7/site-packages/airflow/example_dags/example_sla_dag.py
[2022-09-30 12:51:36,872] {logging_mixin.py:109} INFO - [2022-09-30 12:51:36,872] {dag.py:2398} INFO - Sync 1 DAGs
[2022-09-30 12:51:36,894] {logging_mixin.py:109} INFO - [2022-09-30 12:51:36,894] {dag.py:2937} INFO - Setting next_dagrun for example_sla_dag to 2022-09-30T12:48:00+00:00
[2022-09-30 12:51:36,906] {processor.py:171} INFO - Processing /home/airflow/.local/lib/python3.7/site-packages/airflow/example_dags/example_sla_dag.py took 0.105 seconds
[2022-09-30 12:54:34,346] {processor.py:163} INFO - Started process (PID=2242) to work on /home/airflow/.local/lib/python3.7/site-packages/airflow/example_dags/example_sla_dag.py
[2022-09-30 12:54:34,358] {processor.py:642} INFO - Processing file /home/airflow/.local/lib/python3.7/site-packages/airflow/example_dags/example_sla_dag.py for tasks to queue
[2022-09-30 12:54:34,362] {logging_mixin.py:109} INFO - [2022-09-30 12:54:34,362] {dagbag.py:500} INFO - Filling up the DagBag from /home/airflow/.local/lib/python3.7/site-packages/airflow/example_dags/example_sla_dag.py
[2022-09-30 12:54:34,463] {processor.py:654} INFO - DAG(s) dict_keys(['example_sla_dag']) retrieved from /home/airflow/.local/lib/python3.7/site-packages/airflow/example_dags/example_sla_dag.py
[2022-09-30 12:54:34,487] {logging_mixin.py:109} INFO - [2022-09-30 12:54:34,487] {dag.py:2398} INFO - Sync 1 DAGs
[2022-09-30 12:54:34,531] {logging_mixin.py:109} INFO - [2022-09-30 12:54:34,531] {dag.py:2937} INFO - Setting next_dagrun for example_sla_dag to 2022-09-30T12:52:00+00:00
[2022-09-30 12:54:34,561] {processor.py:171} INFO - Processing /home/airflow/.local/lib/python3.7/site-packages/airflow/example_dags/example_sla_dag.py took 0.224 seconds
[2022-09-30 12:59:33,878] {processor.py:163} INFO - Started process (PID=2297) to work on /home/airflow/.local/lib/python3.7/site-packages/airflow/example_dags/example_sla_dag.py
[2022-09-30 12:59:33,888] {processor.py:642} INFO - Processing file /home/airflow/.local/lib/python3.7/site-packages/airflow/example_dags/example_sla_dag.py for tasks to queue
[2022-09-30 12:59:33,897] {logging_mixin.py:109} INFO - [2022-09-30 12:59:33,897] {dagbag.py:500} INFO - Filling up the DagBag from /home/airflow/.local/lib/python3.7/site-packages/airflow/example_dags/example_sla_dag.py
[2022-09-30 12:59:34,057] {processor.py:654} INFO - DAG(s) dict_keys(['example_sla_dag']) retrieved from /home/airflow/.local/lib/python3.7/site-packages/airflow/example_dags/example_sla_dag.py
[2022-09-30 12:59:34,125] {logging_mixin.py:109} INFO - [2022-09-30 12:59:34,125] {dag.py:2398} INFO - Sync 1 DAGs
[2022-09-30 12:59:34,213] {logging_mixin.py:109} INFO - [2022-09-30 12:59:34,213] {dag.py:2937} INFO - Setting next_dagrun for example_sla_dag to 2022-09-30T12:56:00+00:00
[2022-09-30 12:59:34,261] {processor.py:171} INFO - Processing /home/airflow/.local/lib/python3.7/site-packages/airflow/example_dags/example_sla_dag.py took 0.387 seconds
[2022-09-30 13:03:03,997] {processor.py:163} INFO - Started process (PID=2370) to work on /home/airflow/.local/lib/python3.7/site-packages/airflow/example_dags/example_sla_dag.py
[2022-09-30 13:03:04,000] {processor.py:642} INFO - Processing file /home/airflow/.local/lib/python3.7/site-packages/airflow/example_dags/example_sla_dag.py for tasks to queue
[2022-09-30 13:03:04,020] {logging_mixin.py:109} INFO - [2022-09-30 13:03:04,019] {dagbag.py:500} INFO - Filling up the DagBag from /home/airflow/.local/lib/python3.7/site-packages/airflow/example_dags/example_sla_dag.py
[2022-09-30 13:03:04,247] {processor.py:654} INFO - DAG(s) dict_keys(['example_sla_dag']) retrieved from /home/airflow/.local/lib/python3.7/site-packages/airflow/example_dags/example_sla_dag.py
[2022-09-30 13:03:04,311] {logging_mixin.py:109} INFO - [2022-09-30 13:03:04,311] {dag.py:2398} INFO - Sync 1 DAGs
[2022-09-30 13:03:04,448] {logging_mixin.py:109} INFO - [2022-09-30 13:03:04,448] {dag.py:2937} INFO - Setting next_dagrun for example_sla_dag to 2022-09-30T13:00:00+00:00
[2022-09-30 13:03:04,499] {processor.py:171} INFO - Processing /home/airflow/.local/lib/python3.7/site-packages/airflow/example_dags/example_sla_dag.py took 0.524 seconds
[2022-09-30 13:03:35,323] {processor.py:163} INFO - Started process (PID=2421) to work on /home/airflow/.local/lib/python3.7/site-packages/airflow/example_dags/example_sla_dag.py
[2022-09-30 13:03:35,326] {processor.py:642} INFO - Processing file /home/airflow/.local/lib/python3.7/site-packages/airflow/example_dags/example_sla_dag.py for tasks to queue
[2022-09-30 13:03:35,329] {logging_mixin.py:109} INFO - [2022-09-30 13:03:35,329] {dagbag.py:500} INFO - Filling up the DagBag from /home/airflow/.local/lib/python3.7/site-packages/airflow/example_dags/example_sla_dag.py
[2022-09-30 13:03:35,374] {processor.py:654} INFO - DAG(s) dict_keys(['example_sla_dag']) retrieved from /home/airflow/.local/lib/python3.7/site-packages/airflow/example_dags/example_sla_dag.py
[2022-09-30 13:03:35,389] {logging_mixin.py:109} INFO - [2022-09-30 13:03:35,389] {dag.py:2398} INFO - Sync 1 DAGs
[2022-09-30 13:03:35,413] {logging_mixin.py:109} INFO - [2022-09-30 13:03:35,413] {dag.py:2937} INFO - Setting next_dagrun for example_sla_dag to 2022-09-30T13:00:00+00:00
[2022-09-30 13:03:35,424] {processor.py:171} INFO - Processing /home/airflow/.local/lib/python3.7/site-packages/airflow/example_dags/example_sla_dag.py took 0.106 seconds
[2022-09-30 13:04:06,106] {processor.py:163} INFO - Started process (PID=2472) to work on /home/airflow/.local/lib/python3.7/site-packages/airflow/example_dags/example_sla_dag.py
[2022-09-30 13:04:06,109] {processor.py:642} INFO - Processing file /home/airflow/.local/lib/python3.7/site-packages/airflow/example_dags/example_sla_dag.py for tasks to queue
[2022-09-30 13:04:06,110] {logging_mixin.py:109} INFO - [2022-09-30 13:04:06,110] {dagbag.py:500} INFO - Filling up the DagBag from /home/airflow/.local/lib/python3.7/site-packages/airflow/example_dags/example_sla_dag.py
[2022-09-30 13:04:06,151] {processor.py:654} INFO - DAG(s) dict_keys(['example_sla_dag']) retrieved from /home/airflow/.local/lib/python3.7/site-packages/airflow/example_dags/example_sla_dag.py
[2022-09-30 13:04:06,162] {logging_mixin.py:109} INFO - [2022-09-30 13:04:06,162] {dag.py:2398} INFO - Sync 1 DAGs
[2022-09-30 13:04:06,185] {logging_mixin.py:109} INFO - [2022-09-30 13:04:06,185] {dag.py:2937} INFO - Setting next_dagrun for example_sla_dag to 2022-09-30T13:02:00+00:00
[2022-09-30 13:04:06,197] {processor.py:171} INFO - Processing /home/airflow/.local/lib/python3.7/site-packages/airflow/example_dags/example_sla_dag.py took 0.095 seconds
[2022-09-30 13:04:36,757] {processor.py:163} INFO - Started process (PID=2533) to work on /home/airflow/.local/lib/python3.7/site-packages/airflow/example_dags/example_sla_dag.py
[2022-09-30 13:04:36,761] {processor.py:642} INFO - Processing file /home/airflow/.local/lib/python3.7/site-packages/airflow/example_dags/example_sla_dag.py for tasks to queue
[2022-09-30 13:04:36,763] {logging_mixin.py:109} INFO - [2022-09-30 13:04:36,763] {dagbag.py:500} INFO - Filling up the DagBag from /home/airflow/.local/lib/python3.7/site-packages/airflow/example_dags/example_sla_dag.py
[2022-09-30 13:04:36,806] {processor.py:654} INFO - DAG(s) dict_keys(['example_sla_dag']) retrieved from /home/airflow/.local/lib/python3.7/site-packages/airflow/example_dags/example_sla_dag.py
[2022-09-30 13:04:36,818] {logging_mixin.py:109} INFO - [2022-09-30 13:04:36,818] {dag.py:2398} INFO - Sync 1 DAGs
[2022-09-30 13:04:36,836] {logging_mixin.py:109} INFO - [2022-09-30 13:04:36,836] {dag.py:2937} INFO - Setting next_dagrun for example_sla_dag to 2022-09-30T13:02:00+00:00
[2022-09-30 13:04:36,849] {processor.py:171} INFO - Processing /home/airflow/.local/lib/python3.7/site-packages/airflow/example_dags/example_sla_dag.py took 0.098 seconds
[2022-09-30 13:05:07,185] {processor.py:163} INFO - Started process (PID=2584) to work on /home/airflow/.local/lib/python3.7/site-packages/airflow/example_dags/example_sla_dag.py
[2022-09-30 13:05:07,188] {processor.py:642} INFO - Processing file /home/airflow/.local/lib/python3.7/site-packages/airflow/example_dags/example_sla_dag.py for tasks to queue
[2022-09-30 13:05:07,191] {logging_mixin.py:109} INFO - [2022-09-30 13:05:07,190] {dagbag.py:500} INFO - Filling up the DagBag from /home/airflow/.local/lib/python3.7/site-packages/airflow/example_dags/example_sla_dag.py
[2022-09-30 13:05:07,236] {processor.py:654} INFO - DAG(s) dict_keys(['example_sla_dag']) retrieved from /home/airflow/.local/lib/python3.7/site-packages/airflow/example_dags/example_sla_dag.py
[2022-09-30 13:05:07,249] {logging_mixin.py:109} INFO - [2022-09-30 13:05:07,248] {dag.py:2398} INFO - Sync 1 DAGs
[2022-09-30 13:05:07,269] {logging_mixin.py:109} INFO - [2022-09-30 13:05:07,268] {dag.py:2937} INFO - Setting next_dagrun for example_sla_dag to 2022-09-30T13:02:00+00:00
[2022-09-30 13:05:07,278] {processor.py:171} INFO - Processing /home/airflow/.local/lib/python3.7/site-packages/airflow/example_dags/example_sla_dag.py took 0.100 seconds
[2022-09-30 13:05:37,730] {processor.py:163} INFO - Started process (PID=2645) to work on /home/airflow/.local/lib/python3.7/site-packages/airflow/example_dags/example_sla_dag.py
[2022-09-30 13:05:37,734] {processor.py:642} INFO - Processing file /home/airflow/.local/lib/python3.7/site-packages/airflow/example_dags/example_sla_dag.py for tasks to queue
[2022-09-30 13:05:37,736] {logging_mixin.py:109} INFO - [2022-09-30 13:05:37,736] {dagbag.py:500} INFO - Filling up the DagBag from /home/airflow/.local/lib/python3.7/site-packages/airflow/example_dags/example_sla_dag.py
[2022-09-30 13:05:37,778] {processor.py:654} INFO - DAG(s) dict_keys(['example_sla_dag']) retrieved from /home/airflow/.local/lib/python3.7/site-packages/airflow/example_dags/example_sla_dag.py
[2022-09-30 13:05:37,792] {logging_mixin.py:109} INFO - [2022-09-30 13:05:37,792] {dag.py:2398} INFO - Sync 1 DAGs
[2022-09-30 13:05:37,817] {logging_mixin.py:109} INFO - [2022-09-30 13:05:37,816] {dag.py:2937} INFO - Setting next_dagrun for example_sla_dag to 2022-09-30T13:02:00+00:00
[2022-09-30 13:05:37,829] {processor.py:171} INFO - Processing /home/airflow/.local/lib/python3.7/site-packages/airflow/example_dags/example_sla_dag.py took 0.102 seconds
[2022-09-30 13:06:08,446] {processor.py:163} INFO - Started process (PID=2696) to work on /home/airflow/.local/lib/python3.7/site-packages/airflow/example_dags/example_sla_dag.py
[2022-09-30 13:06:08,450] {processor.py:642} INFO - Processing file /home/airflow/.local/lib/python3.7/site-packages/airflow/example_dags/example_sla_dag.py for tasks to queue
[2022-09-30 13:06:08,453] {logging_mixin.py:109} INFO - [2022-09-30 13:06:08,452] {dagbag.py:500} INFO - Filling up the DagBag from /home/airflow/.local/lib/python3.7/site-packages/airflow/example_dags/example_sla_dag.py
[2022-09-30 13:06:08,585] {processor.py:654} INFO - DAG(s) dict_keys(['example_sla_dag']) retrieved from /home/airflow/.local/lib/python3.7/site-packages/airflow/example_dags/example_sla_dag.py
[2022-09-30 13:06:08,649] {logging_mixin.py:109} INFO - [2022-09-30 13:06:08,649] {dag.py:2398} INFO - Sync 1 DAGs
[2022-09-30 13:06:08,776] {logging_mixin.py:109} INFO - [2022-09-30 13:06:08,776] {dag.py:2937} INFO - Setting next_dagrun for example_sla_dag to 2022-09-30T13:04:00+00:00
[2022-09-30 13:06:09,048] {processor.py:171} INFO - Processing /home/airflow/.local/lib/python3.7/site-packages/airflow/example_dags/example_sla_dag.py took 0.612 seconds
