[2022-09-30 12:32:55,572] {processor.py:163} INFO - Started process (PID=147) to work on /home/airflow/.local/lib/python3.7/site-packages/airflow/example_dags/example_time_delta_sensor_async.py
[2022-09-30 12:32:55,573] {processor.py:642} INFO - Processing file /home/airflow/.local/lib/python3.7/site-packages/airflow/example_dags/example_time_delta_sensor_async.py for tasks to queue
[2022-09-30 12:32:55,574] {logging_mixin.py:109} INFO - [2022-09-30 12:32:55,574] {dagbag.py:500} INFO - Filling up the DagBag from /home/airflow/.local/lib/python3.7/site-packages/airflow/example_dags/example_time_delta_sensor_async.py
[2022-09-30 12:32:55,611] {processor.py:654} INFO - DAG(s) dict_keys(['example_time_delta_sensor_async']) retrieved from /home/airflow/.local/lib/python3.7/site-packages/airflow/example_dags/example_time_delta_sensor_async.py
[2022-09-30 12:32:57,250] {logging_mixin.py:109} INFO - [2022-09-30 12:32:57,250] {manager.py:496} INFO - Created Permission View: can edit on DAG:example_time_delta_sensor_async
[2022-09-30 12:32:57,263] {logging_mixin.py:109} INFO - [2022-09-30 12:32:57,263] {manager.py:496} INFO - Created Permission View: can read on DAG:example_time_delta_sensor_async
[2022-09-30 12:32:57,264] {logging_mixin.py:109} INFO - [2022-09-30 12:32:57,264] {dag.py:2398} INFO - Sync 1 DAGs
[2022-09-30 12:32:57,279] {logging_mixin.py:109} INFO - [2022-09-30 12:32:57,279] {dag.py:2417} INFO - Creating ORM DAG for example_time_delta_sensor_async
[2022-09-30 12:32:57,296] {logging_mixin.py:109} INFO - [2022-09-30 12:32:57,296] {dag.py:2937} INFO - Setting next_dagrun for example_time_delta_sensor_async to None
[2022-09-30 12:32:57,313] {processor.py:171} INFO - Processing /home/airflow/.local/lib/python3.7/site-packages/airflow/example_dags/example_time_delta_sensor_async.py took 1.745 seconds
[2022-09-30 12:33:28,719] {processor.py:163} INFO - Started process (PID=250) to work on /home/airflow/.local/lib/python3.7/site-packages/airflow/example_dags/example_time_delta_sensor_async.py
[2022-09-30 12:33:28,734] {processor.py:642} INFO - Processing file /home/airflow/.local/lib/python3.7/site-packages/airflow/example_dags/example_time_delta_sensor_async.py for tasks to queue
[2022-09-30 12:33:28,737] {logging_mixin.py:109} INFO - [2022-09-30 12:33:28,737] {dagbag.py:500} INFO - Filling up the DagBag from /home/airflow/.local/lib/python3.7/site-packages/airflow/example_dags/example_time_delta_sensor_async.py
[2022-09-30 12:33:28,975] {processor.py:654} INFO - DAG(s) dict_keys(['example_time_delta_sensor_async']) retrieved from /home/airflow/.local/lib/python3.7/site-packages/airflow/example_dags/example_time_delta_sensor_async.py
[2022-09-30 12:33:29,047] {logging_mixin.py:109} INFO - [2022-09-30 12:33:29,046] {dag.py:2398} INFO - Sync 1 DAGs
[2022-09-30 12:33:29,096] {logging_mixin.py:109} INFO - [2022-09-30 12:33:29,096] {dag.py:2937} INFO - Setting next_dagrun for example_time_delta_sensor_async to None
[2022-09-30 12:33:29,134] {processor.py:171} INFO - Processing /home/airflow/.local/lib/python3.7/site-packages/airflow/example_dags/example_time_delta_sensor_async.py took 0.441 seconds
[2022-09-30 12:33:59,455] {processor.py:163} INFO - Started process (PID=301) to work on /home/airflow/.local/lib/python3.7/site-packages/airflow/example_dags/example_time_delta_sensor_async.py
[2022-09-30 12:33:59,485] {processor.py:642} INFO - Processing file /home/airflow/.local/lib/python3.7/site-packages/airflow/example_dags/example_time_delta_sensor_async.py for tasks to queue
[2022-09-30 12:33:59,487] {logging_mixin.py:109} INFO - [2022-09-30 12:33:59,487] {dagbag.py:500} INFO - Filling up the DagBag from /home/airflow/.local/lib/python3.7/site-packages/airflow/example_dags/example_time_delta_sensor_async.py
[2022-09-30 12:33:59,525] {processor.py:654} INFO - DAG(s) dict_keys(['example_time_delta_sensor_async']) retrieved from /home/airflow/.local/lib/python3.7/site-packages/airflow/example_dags/example_time_delta_sensor_async.py
[2022-09-30 12:33:59,535] {logging_mixin.py:109} INFO - [2022-09-30 12:33:59,535] {dag.py:2398} INFO - Sync 1 DAGs
[2022-09-30 12:33:59,554] {logging_mixin.py:109} INFO - [2022-09-30 12:33:59,554] {dag.py:2937} INFO - Setting next_dagrun for example_time_delta_sensor_async to None
[2022-09-30 12:33:59,569] {processor.py:171} INFO - Processing /home/airflow/.local/lib/python3.7/site-packages/airflow/example_dags/example_time_delta_sensor_async.py took 0.118 seconds
[2022-09-30 12:34:29,859] {processor.py:163} INFO - Started process (PID=352) to work on /home/airflow/.local/lib/python3.7/site-packages/airflow/example_dags/example_time_delta_sensor_async.py
[2022-09-30 12:34:29,867] {processor.py:642} INFO - Processing file /home/airflow/.local/lib/python3.7/site-packages/airflow/example_dags/example_time_delta_sensor_async.py for tasks to queue
[2022-09-30 12:34:29,870] {logging_mixin.py:109} INFO - [2022-09-30 12:34:29,869] {dagbag.py:500} INFO - Filling up the DagBag from /home/airflow/.local/lib/python3.7/site-packages/airflow/example_dags/example_time_delta_sensor_async.py
[2022-09-30 12:34:29,918] {processor.py:654} INFO - DAG(s) dict_keys(['example_time_delta_sensor_async']) retrieved from /home/airflow/.local/lib/python3.7/site-packages/airflow/example_dags/example_time_delta_sensor_async.py
[2022-09-30 12:34:29,932] {logging_mixin.py:109} INFO - [2022-09-30 12:34:29,932] {dag.py:2398} INFO - Sync 1 DAGs
[2022-09-30 12:34:29,954] {logging_mixin.py:109} INFO - [2022-09-30 12:34:29,954] {dag.py:2937} INFO - Setting next_dagrun for example_time_delta_sensor_async to None
[2022-09-30 12:34:29,971] {processor.py:171} INFO - Processing /home/airflow/.local/lib/python3.7/site-packages/airflow/example_dags/example_time_delta_sensor_async.py took 0.123 seconds
[2022-09-30 12:35:00,852] {processor.py:163} INFO - Started process (PID=412) to work on /home/airflow/.local/lib/python3.7/site-packages/airflow/example_dags/example_time_delta_sensor_async.py
[2022-09-30 12:35:00,855] {processor.py:642} INFO - Processing file /home/airflow/.local/lib/python3.7/site-packages/airflow/example_dags/example_time_delta_sensor_async.py for tasks to queue
[2022-09-30 12:35:00,857] {logging_mixin.py:109} INFO - [2022-09-30 12:35:00,857] {dagbag.py:500} INFO - Filling up the DagBag from /home/airflow/.local/lib/python3.7/site-packages/airflow/example_dags/example_time_delta_sensor_async.py
[2022-09-30 12:35:00,894] {processor.py:654} INFO - DAG(s) dict_keys(['example_time_delta_sensor_async']) retrieved from /home/airflow/.local/lib/python3.7/site-packages/airflow/example_dags/example_time_delta_sensor_async.py
[2022-09-30 12:35:00,906] {logging_mixin.py:109} INFO - [2022-09-30 12:35:00,906] {dag.py:2398} INFO - Sync 1 DAGs
[2022-09-30 12:35:00,923] {logging_mixin.py:109} INFO - [2022-09-30 12:35:00,923] {dag.py:2937} INFO - Setting next_dagrun for example_time_delta_sensor_async to None
[2022-09-30 12:35:00,942] {processor.py:171} INFO - Processing /home/airflow/.local/lib/python3.7/site-packages/airflow/example_dags/example_time_delta_sensor_async.py took 0.094 seconds
[2022-09-30 12:35:31,239] {processor.py:163} INFO - Started process (PID=462) to work on /home/airflow/.local/lib/python3.7/site-packages/airflow/example_dags/example_time_delta_sensor_async.py
[2022-09-30 12:35:31,241] {processor.py:642} INFO - Processing file /home/airflow/.local/lib/python3.7/site-packages/airflow/example_dags/example_time_delta_sensor_async.py for tasks to queue
[2022-09-30 12:35:31,243] {logging_mixin.py:109} INFO - [2022-09-30 12:35:31,242] {dagbag.py:500} INFO - Filling up the DagBag from /home/airflow/.local/lib/python3.7/site-packages/airflow/example_dags/example_time_delta_sensor_async.py
[2022-09-30 12:35:31,278] {processor.py:654} INFO - DAG(s) dict_keys(['example_time_delta_sensor_async']) retrieved from /home/airflow/.local/lib/python3.7/site-packages/airflow/example_dags/example_time_delta_sensor_async.py
[2022-09-30 12:35:31,290] {logging_mixin.py:109} INFO - [2022-09-30 12:35:31,290] {dag.py:2398} INFO - Sync 1 DAGs
[2022-09-30 12:35:31,306] {logging_mixin.py:109} INFO - [2022-09-30 12:35:31,306] {dag.py:2937} INFO - Setting next_dagrun for example_time_delta_sensor_async to None
[2022-09-30 12:35:31,317] {processor.py:171} INFO - Processing /home/airflow/.local/lib/python3.7/site-packages/airflow/example_dags/example_time_delta_sensor_async.py took 0.083 seconds
[2022-09-30 12:36:01,427] {processor.py:163} INFO - Started process (PID=524) to work on /home/airflow/.local/lib/python3.7/site-packages/airflow/example_dags/example_time_delta_sensor_async.py
[2022-09-30 12:36:01,429] {processor.py:642} INFO - Processing file /home/airflow/.local/lib/python3.7/site-packages/airflow/example_dags/example_time_delta_sensor_async.py for tasks to queue
[2022-09-30 12:36:01,431] {logging_mixin.py:109} INFO - [2022-09-30 12:36:01,431] {dagbag.py:500} INFO - Filling up the DagBag from /home/airflow/.local/lib/python3.7/site-packages/airflow/example_dags/example_time_delta_sensor_async.py
[2022-09-30 12:36:01,466] {processor.py:654} INFO - DAG(s) dict_keys(['example_time_delta_sensor_async']) retrieved from /home/airflow/.local/lib/python3.7/site-packages/airflow/example_dags/example_time_delta_sensor_async.py
[2022-09-30 12:36:01,480] {logging_mixin.py:109} INFO - [2022-09-30 12:36:01,480] {dag.py:2398} INFO - Sync 1 DAGs
[2022-09-30 12:36:01,498] {logging_mixin.py:109} INFO - [2022-09-30 12:36:01,498] {dag.py:2937} INFO - Setting next_dagrun for example_time_delta_sensor_async to None
[2022-09-30 12:36:01,513] {processor.py:171} INFO - Processing /home/airflow/.local/lib/python3.7/site-packages/airflow/example_dags/example_time_delta_sensor_async.py took 0.091 seconds
[2022-09-30 12:36:31,942] {processor.py:163} INFO - Started process (PID=577) to work on /home/airflow/.local/lib/python3.7/site-packages/airflow/example_dags/example_time_delta_sensor_async.py
[2022-09-30 12:36:31,945] {processor.py:642} INFO - Processing file /home/airflow/.local/lib/python3.7/site-packages/airflow/example_dags/example_time_delta_sensor_async.py for tasks to queue
[2022-09-30 12:36:31,947] {logging_mixin.py:109} INFO - [2022-09-30 12:36:31,947] {dagbag.py:500} INFO - Filling up the DagBag from /home/airflow/.local/lib/python3.7/site-packages/airflow/example_dags/example_time_delta_sensor_async.py
[2022-09-30 12:36:32,008] {processor.py:654} INFO - DAG(s) dict_keys(['example_time_delta_sensor_async']) retrieved from /home/airflow/.local/lib/python3.7/site-packages/airflow/example_dags/example_time_delta_sensor_async.py
[2022-09-30 12:36:32,035] {logging_mixin.py:109} INFO - [2022-09-30 12:36:32,035] {dag.py:2398} INFO - Sync 1 DAGs
[2022-09-30 12:36:32,066] {logging_mixin.py:109} INFO - [2022-09-30 12:36:32,066] {dag.py:2937} INFO - Setting next_dagrun for example_time_delta_sensor_async to None
[2022-09-30 12:36:32,086] {processor.py:171} INFO - Processing /home/airflow/.local/lib/python3.7/site-packages/airflow/example_dags/example_time_delta_sensor_async.py took 0.149 seconds
[2022-09-30 12:37:02,734] {processor.py:163} INFO - Started process (PID=627) to work on /home/airflow/.local/lib/python3.7/site-packages/airflow/example_dags/example_time_delta_sensor_async.py
[2022-09-30 12:37:02,736] {processor.py:642} INFO - Processing file /home/airflow/.local/lib/python3.7/site-packages/airflow/example_dags/example_time_delta_sensor_async.py for tasks to queue
[2022-09-30 12:37:02,738] {logging_mixin.py:109} INFO - [2022-09-30 12:37:02,738] {dagbag.py:500} INFO - Filling up the DagBag from /home/airflow/.local/lib/python3.7/site-packages/airflow/example_dags/example_time_delta_sensor_async.py
[2022-09-30 12:37:02,795] {processor.py:654} INFO - DAG(s) dict_keys(['example_time_delta_sensor_async']) retrieved from /home/airflow/.local/lib/python3.7/site-packages/airflow/example_dags/example_time_delta_sensor_async.py
[2022-09-30 12:37:02,808] {logging_mixin.py:109} INFO - [2022-09-30 12:37:02,808] {dag.py:2398} INFO - Sync 1 DAGs
[2022-09-30 12:37:02,827] {logging_mixin.py:109} INFO - [2022-09-30 12:37:02,827] {dag.py:2937} INFO - Setting next_dagrun for example_time_delta_sensor_async to None
[2022-09-30 12:37:02,841] {processor.py:171} INFO - Processing /home/airflow/.local/lib/python3.7/site-packages/airflow/example_dags/example_time_delta_sensor_async.py took 0.111 seconds
[2022-09-30 12:37:33,554] {processor.py:163} INFO - Started process (PID=687) to work on /home/airflow/.local/lib/python3.7/site-packages/airflow/example_dags/example_time_delta_sensor_async.py
[2022-09-30 12:37:33,557] {processor.py:642} INFO - Processing file /home/airflow/.local/lib/python3.7/site-packages/airflow/example_dags/example_time_delta_sensor_async.py for tasks to queue
[2022-09-30 12:37:33,559] {logging_mixin.py:109} INFO - [2022-09-30 12:37:33,559] {dagbag.py:500} INFO - Filling up the DagBag from /home/airflow/.local/lib/python3.7/site-packages/airflow/example_dags/example_time_delta_sensor_async.py
[2022-09-30 12:37:33,594] {processor.py:654} INFO - DAG(s) dict_keys(['example_time_delta_sensor_async']) retrieved from /home/airflow/.local/lib/python3.7/site-packages/airflow/example_dags/example_time_delta_sensor_async.py
[2022-09-30 12:37:33,604] {logging_mixin.py:109} INFO - [2022-09-30 12:37:33,604] {dag.py:2398} INFO - Sync 1 DAGs
[2022-09-30 12:37:33,618] {logging_mixin.py:109} INFO - [2022-09-30 12:37:33,618] {dag.py:2937} INFO - Setting next_dagrun for example_time_delta_sensor_async to None
[2022-09-30 12:37:33,630] {processor.py:171} INFO - Processing /home/airflow/.local/lib/python3.7/site-packages/airflow/example_dags/example_time_delta_sensor_async.py took 0.081 seconds
[2022-09-30 12:38:03,957] {processor.py:163} INFO - Started process (PID=738) to work on /home/airflow/.local/lib/python3.7/site-packages/airflow/example_dags/example_time_delta_sensor_async.py
[2022-09-30 12:38:03,959] {processor.py:642} INFO - Processing file /home/airflow/.local/lib/python3.7/site-packages/airflow/example_dags/example_time_delta_sensor_async.py for tasks to queue
[2022-09-30 12:38:03,960] {logging_mixin.py:109} INFO - [2022-09-30 12:38:03,960] {dagbag.py:500} INFO - Filling up the DagBag from /home/airflow/.local/lib/python3.7/site-packages/airflow/example_dags/example_time_delta_sensor_async.py
[2022-09-30 12:38:03,991] {processor.py:654} INFO - DAG(s) dict_keys(['example_time_delta_sensor_async']) retrieved from /home/airflow/.local/lib/python3.7/site-packages/airflow/example_dags/example_time_delta_sensor_async.py
[2022-09-30 12:38:04,003] {logging_mixin.py:109} INFO - [2022-09-30 12:38:04,002] {dag.py:2398} INFO - Sync 1 DAGs
[2022-09-30 12:38:04,035] {logging_mixin.py:109} INFO - [2022-09-30 12:38:04,035] {dag.py:2937} INFO - Setting next_dagrun for example_time_delta_sensor_async to None
[2022-09-30 12:38:04,044] {processor.py:171} INFO - Processing /home/airflow/.local/lib/python3.7/site-packages/airflow/example_dags/example_time_delta_sensor_async.py took 0.091 seconds
[2022-09-30 12:38:34,629] {processor.py:163} INFO - Started process (PID=798) to work on /home/airflow/.local/lib/python3.7/site-packages/airflow/example_dags/example_time_delta_sensor_async.py
[2022-09-30 12:38:34,632] {processor.py:642} INFO - Processing file /home/airflow/.local/lib/python3.7/site-packages/airflow/example_dags/example_time_delta_sensor_async.py for tasks to queue
[2022-09-30 12:38:34,633] {logging_mixin.py:109} INFO - [2022-09-30 12:38:34,633] {dagbag.py:500} INFO - Filling up the DagBag from /home/airflow/.local/lib/python3.7/site-packages/airflow/example_dags/example_time_delta_sensor_async.py
[2022-09-30 12:38:34,673] {processor.py:654} INFO - DAG(s) dict_keys(['example_time_delta_sensor_async']) retrieved from /home/airflow/.local/lib/python3.7/site-packages/airflow/example_dags/example_time_delta_sensor_async.py
[2022-09-30 12:38:34,686] {logging_mixin.py:109} INFO - [2022-09-30 12:38:34,685] {dag.py:2398} INFO - Sync 1 DAGs
[2022-09-30 12:38:34,705] {logging_mixin.py:109} INFO - [2022-09-30 12:38:34,705] {dag.py:2937} INFO - Setting next_dagrun for example_time_delta_sensor_async to None
[2022-09-30 12:38:34,718] {processor.py:171} INFO - Processing /home/airflow/.local/lib/python3.7/site-packages/airflow/example_dags/example_time_delta_sensor_async.py took 0.094 seconds
[2022-09-30 12:39:05,300] {processor.py:163} INFO - Started process (PID=849) to work on /home/airflow/.local/lib/python3.7/site-packages/airflow/example_dags/example_time_delta_sensor_async.py
[2022-09-30 12:39:05,303] {processor.py:642} INFO - Processing file /home/airflow/.local/lib/python3.7/site-packages/airflow/example_dags/example_time_delta_sensor_async.py for tasks to queue
[2022-09-30 12:39:05,304] {logging_mixin.py:109} INFO - [2022-09-30 12:39:05,304] {dagbag.py:500} INFO - Filling up the DagBag from /home/airflow/.local/lib/python3.7/site-packages/airflow/example_dags/example_time_delta_sensor_async.py
[2022-09-30 12:39:05,332] {processor.py:654} INFO - DAG(s) dict_keys(['example_time_delta_sensor_async']) retrieved from /home/airflow/.local/lib/python3.7/site-packages/airflow/example_dags/example_time_delta_sensor_async.py
[2022-09-30 12:39:05,342] {logging_mixin.py:109} INFO - [2022-09-30 12:39:05,342] {dag.py:2398} INFO - Sync 1 DAGs
[2022-09-30 12:39:05,357] {logging_mixin.py:109} INFO - [2022-09-30 12:39:05,357] {dag.py:2937} INFO - Setting next_dagrun for example_time_delta_sensor_async to None
[2022-09-30 12:39:05,370] {processor.py:171} INFO - Processing /home/airflow/.local/lib/python3.7/site-packages/airflow/example_dags/example_time_delta_sensor_async.py took 0.073 seconds
[2022-09-30 12:39:35,454] {processor.py:163} INFO - Started process (PID=909) to work on /home/airflow/.local/lib/python3.7/site-packages/airflow/example_dags/example_time_delta_sensor_async.py
[2022-09-30 12:39:35,457] {processor.py:642} INFO - Processing file /home/airflow/.local/lib/python3.7/site-packages/airflow/example_dags/example_time_delta_sensor_async.py for tasks to queue
[2022-09-30 12:39:35,458] {logging_mixin.py:109} INFO - [2022-09-30 12:39:35,458] {dagbag.py:500} INFO - Filling up the DagBag from /home/airflow/.local/lib/python3.7/site-packages/airflow/example_dags/example_time_delta_sensor_async.py
[2022-09-30 12:39:35,491] {processor.py:654} INFO - DAG(s) dict_keys(['example_time_delta_sensor_async']) retrieved from /home/airflow/.local/lib/python3.7/site-packages/airflow/example_dags/example_time_delta_sensor_async.py
[2022-09-30 12:39:35,503] {logging_mixin.py:109} INFO - [2022-09-30 12:39:35,503] {dag.py:2398} INFO - Sync 1 DAGs
[2022-09-30 12:39:35,520] {logging_mixin.py:109} INFO - [2022-09-30 12:39:35,520] {dag.py:2937} INFO - Setting next_dagrun for example_time_delta_sensor_async to None
[2022-09-30 12:39:35,533] {processor.py:171} INFO - Processing /home/airflow/.local/lib/python3.7/site-packages/airflow/example_dags/example_time_delta_sensor_async.py took 0.082 seconds
[2022-09-30 12:40:05,687] {processor.py:163} INFO - Started process (PID=960) to work on /home/airflow/.local/lib/python3.7/site-packages/airflow/example_dags/example_time_delta_sensor_async.py
[2022-09-30 12:40:05,689] {processor.py:642} INFO - Processing file /home/airflow/.local/lib/python3.7/site-packages/airflow/example_dags/example_time_delta_sensor_async.py for tasks to queue
[2022-09-30 12:40:05,691] {logging_mixin.py:109} INFO - [2022-09-30 12:40:05,691] {dagbag.py:500} INFO - Filling up the DagBag from /home/airflow/.local/lib/python3.7/site-packages/airflow/example_dags/example_time_delta_sensor_async.py
[2022-09-30 12:40:05,723] {processor.py:654} INFO - DAG(s) dict_keys(['example_time_delta_sensor_async']) retrieved from /home/airflow/.local/lib/python3.7/site-packages/airflow/example_dags/example_time_delta_sensor_async.py
[2022-09-30 12:40:05,732] {logging_mixin.py:109} INFO - [2022-09-30 12:40:05,732] {dag.py:2398} INFO - Sync 1 DAGs
[2022-09-30 12:40:05,747] {logging_mixin.py:109} INFO - [2022-09-30 12:40:05,747] {dag.py:2937} INFO - Setting next_dagrun for example_time_delta_sensor_async to None
[2022-09-30 12:40:05,757] {processor.py:171} INFO - Processing /home/airflow/.local/lib/python3.7/site-packages/airflow/example_dags/example_time_delta_sensor_async.py took 0.072 seconds
[2022-09-30 12:40:35,880] {processor.py:163} INFO - Started process (PID=1011) to work on /home/airflow/.local/lib/python3.7/site-packages/airflow/example_dags/example_time_delta_sensor_async.py
[2022-09-30 12:40:35,883] {processor.py:642} INFO - Processing file /home/airflow/.local/lib/python3.7/site-packages/airflow/example_dags/example_time_delta_sensor_async.py for tasks to queue
[2022-09-30 12:40:35,885] {logging_mixin.py:109} INFO - [2022-09-30 12:40:35,885] {dagbag.py:500} INFO - Filling up the DagBag from /home/airflow/.local/lib/python3.7/site-packages/airflow/example_dags/example_time_delta_sensor_async.py
[2022-09-30 12:40:35,914] {processor.py:654} INFO - DAG(s) dict_keys(['example_time_delta_sensor_async']) retrieved from /home/airflow/.local/lib/python3.7/site-packages/airflow/example_dags/example_time_delta_sensor_async.py
[2022-09-30 12:40:35,925] {logging_mixin.py:109} INFO - [2022-09-30 12:40:35,925] {dag.py:2398} INFO - Sync 1 DAGs
[2022-09-30 12:40:35,941] {logging_mixin.py:109} INFO - [2022-09-30 12:40:35,941] {dag.py:2937} INFO - Setting next_dagrun for example_time_delta_sensor_async to None
[2022-09-30 12:40:35,952] {processor.py:171} INFO - Processing /home/airflow/.local/lib/python3.7/site-packages/airflow/example_dags/example_time_delta_sensor_async.py took 0.076 seconds
[2022-09-30 12:41:06,414] {processor.py:163} INFO - Started process (PID=1071) to work on /home/airflow/.local/lib/python3.7/site-packages/airflow/example_dags/example_time_delta_sensor_async.py
[2022-09-30 12:41:06,417] {processor.py:642} INFO - Processing file /home/airflow/.local/lib/python3.7/site-packages/airflow/example_dags/example_time_delta_sensor_async.py for tasks to queue
[2022-09-30 12:41:06,418] {logging_mixin.py:109} INFO - [2022-09-30 12:41:06,418] {dagbag.py:500} INFO - Filling up the DagBag from /home/airflow/.local/lib/python3.7/site-packages/airflow/example_dags/example_time_delta_sensor_async.py
[2022-09-30 12:41:06,469] {processor.py:654} INFO - DAG(s) dict_keys(['example_time_delta_sensor_async']) retrieved from /home/airflow/.local/lib/python3.7/site-packages/airflow/example_dags/example_time_delta_sensor_async.py
[2022-09-30 12:41:06,481] {logging_mixin.py:109} INFO - [2022-09-30 12:41:06,481] {dag.py:2398} INFO - Sync 1 DAGs
[2022-09-30 12:41:06,501] {logging_mixin.py:109} INFO - [2022-09-30 12:41:06,501] {dag.py:2937} INFO - Setting next_dagrun for example_time_delta_sensor_async to None
[2022-09-30 12:41:06,513] {processor.py:171} INFO - Processing /home/airflow/.local/lib/python3.7/site-packages/airflow/example_dags/example_time_delta_sensor_async.py took 0.104 seconds
[2022-09-30 12:41:36,925] {processor.py:163} INFO - Started process (PID=1123) to work on /home/airflow/.local/lib/python3.7/site-packages/airflow/example_dags/example_time_delta_sensor_async.py
[2022-09-30 12:41:36,927] {processor.py:642} INFO - Processing file /home/airflow/.local/lib/python3.7/site-packages/airflow/example_dags/example_time_delta_sensor_async.py for tasks to queue
[2022-09-30 12:41:36,928] {logging_mixin.py:109} INFO - [2022-09-30 12:41:36,928] {dagbag.py:500} INFO - Filling up the DagBag from /home/airflow/.local/lib/python3.7/site-packages/airflow/example_dags/example_time_delta_sensor_async.py
[2022-09-30 12:41:36,961] {processor.py:654} INFO - DAG(s) dict_keys(['example_time_delta_sensor_async']) retrieved from /home/airflow/.local/lib/python3.7/site-packages/airflow/example_dags/example_time_delta_sensor_async.py
[2022-09-30 12:41:36,978] {logging_mixin.py:109} INFO - [2022-09-30 12:41:36,978] {dag.py:2398} INFO - Sync 1 DAGs
[2022-09-30 12:41:36,995] {logging_mixin.py:109} INFO - [2022-09-30 12:41:36,995] {dag.py:2937} INFO - Setting next_dagrun for example_time_delta_sensor_async to None
[2022-09-30 12:41:37,004] {processor.py:171} INFO - Processing /home/airflow/.local/lib/python3.7/site-packages/airflow/example_dags/example_time_delta_sensor_async.py took 0.082 seconds
[2022-09-30 12:42:07,266] {processor.py:163} INFO - Started process (PID=1175) to work on /home/airflow/.local/lib/python3.7/site-packages/airflow/example_dags/example_time_delta_sensor_async.py
[2022-09-30 12:42:07,268] {processor.py:642} INFO - Processing file /home/airflow/.local/lib/python3.7/site-packages/airflow/example_dags/example_time_delta_sensor_async.py for tasks to queue
[2022-09-30 12:42:07,270] {logging_mixin.py:109} INFO - [2022-09-30 12:42:07,270] {dagbag.py:500} INFO - Filling up the DagBag from /home/airflow/.local/lib/python3.7/site-packages/airflow/example_dags/example_time_delta_sensor_async.py
[2022-09-30 12:42:07,306] {processor.py:654} INFO - DAG(s) dict_keys(['example_time_delta_sensor_async']) retrieved from /home/airflow/.local/lib/python3.7/site-packages/airflow/example_dags/example_time_delta_sensor_async.py
[2022-09-30 12:42:07,318] {logging_mixin.py:109} INFO - [2022-09-30 12:42:07,317] {dag.py:2398} INFO - Sync 1 DAGs
[2022-09-30 12:42:07,332] {logging_mixin.py:109} INFO - [2022-09-30 12:42:07,331] {dag.py:2937} INFO - Setting next_dagrun for example_time_delta_sensor_async to None
[2022-09-30 12:42:07,341] {processor.py:171} INFO - Processing /home/airflow/.local/lib/python3.7/site-packages/airflow/example_dags/example_time_delta_sensor_async.py took 0.079 seconds
[2022-09-30 12:42:37,490] {processor.py:163} INFO - Started process (PID=1236) to work on /home/airflow/.local/lib/python3.7/site-packages/airflow/example_dags/example_time_delta_sensor_async.py
[2022-09-30 12:42:37,492] {processor.py:642} INFO - Processing file /home/airflow/.local/lib/python3.7/site-packages/airflow/example_dags/example_time_delta_sensor_async.py for tasks to queue
[2022-09-30 12:42:37,494] {logging_mixin.py:109} INFO - [2022-09-30 12:42:37,494] {dagbag.py:500} INFO - Filling up the DagBag from /home/airflow/.local/lib/python3.7/site-packages/airflow/example_dags/example_time_delta_sensor_async.py
[2022-09-30 12:42:37,542] {processor.py:654} INFO - DAG(s) dict_keys(['example_time_delta_sensor_async']) retrieved from /home/airflow/.local/lib/python3.7/site-packages/airflow/example_dags/example_time_delta_sensor_async.py
[2022-09-30 12:42:37,553] {logging_mixin.py:109} INFO - [2022-09-30 12:42:37,553] {dag.py:2398} INFO - Sync 1 DAGs
[2022-09-30 12:42:37,568] {logging_mixin.py:109} INFO - [2022-09-30 12:42:37,568] {dag.py:2937} INFO - Setting next_dagrun for example_time_delta_sensor_async to None
[2022-09-30 12:42:37,578] {processor.py:171} INFO - Processing /home/airflow/.local/lib/python3.7/site-packages/airflow/example_dags/example_time_delta_sensor_async.py took 0.092 seconds
[2022-09-30 12:43:07,681] {processor.py:163} INFO - Started process (PID=1287) to work on /home/airflow/.local/lib/python3.7/site-packages/airflow/example_dags/example_time_delta_sensor_async.py
[2022-09-30 12:43:07,682] {processor.py:642} INFO - Processing file /home/airflow/.local/lib/python3.7/site-packages/airflow/example_dags/example_time_delta_sensor_async.py for tasks to queue
[2022-09-30 12:43:07,684] {logging_mixin.py:109} INFO - [2022-09-30 12:43:07,683] {dagbag.py:500} INFO - Filling up the DagBag from /home/airflow/.local/lib/python3.7/site-packages/airflow/example_dags/example_time_delta_sensor_async.py
[2022-09-30 12:43:07,714] {processor.py:654} INFO - DAG(s) dict_keys(['example_time_delta_sensor_async']) retrieved from /home/airflow/.local/lib/python3.7/site-packages/airflow/example_dags/example_time_delta_sensor_async.py
[2022-09-30 12:43:07,724] {logging_mixin.py:109} INFO - [2022-09-30 12:43:07,724] {dag.py:2398} INFO - Sync 1 DAGs
[2022-09-30 12:43:07,739] {logging_mixin.py:109} INFO - [2022-09-30 12:43:07,739] {dag.py:2937} INFO - Setting next_dagrun for example_time_delta_sensor_async to None
[2022-09-30 12:43:07,751] {processor.py:171} INFO - Processing /home/airflow/.local/lib/python3.7/site-packages/airflow/example_dags/example_time_delta_sensor_async.py took 0.074 seconds
[2022-09-30 12:43:38,030] {processor.py:163} INFO - Started process (PID=1348) to work on /home/airflow/.local/lib/python3.7/site-packages/airflow/example_dags/example_time_delta_sensor_async.py
[2022-09-30 12:43:38,033] {processor.py:642} INFO - Processing file /home/airflow/.local/lib/python3.7/site-packages/airflow/example_dags/example_time_delta_sensor_async.py for tasks to queue
[2022-09-30 12:43:38,035] {logging_mixin.py:109} INFO - [2022-09-30 12:43:38,034] {dagbag.py:500} INFO - Filling up the DagBag from /home/airflow/.local/lib/python3.7/site-packages/airflow/example_dags/example_time_delta_sensor_async.py
[2022-09-30 12:43:38,066] {processor.py:654} INFO - DAG(s) dict_keys(['example_time_delta_sensor_async']) retrieved from /home/airflow/.local/lib/python3.7/site-packages/airflow/example_dags/example_time_delta_sensor_async.py
[2022-09-30 12:43:38,076] {logging_mixin.py:109} INFO - [2022-09-30 12:43:38,076] {dag.py:2398} INFO - Sync 1 DAGs
[2022-09-30 12:43:38,090] {logging_mixin.py:109} INFO - [2022-09-30 12:43:38,090] {dag.py:2937} INFO - Setting next_dagrun for example_time_delta_sensor_async to None
[2022-09-30 12:43:38,099] {processor.py:171} INFO - Processing /home/airflow/.local/lib/python3.7/site-packages/airflow/example_dags/example_time_delta_sensor_async.py took 0.074 seconds
[2022-09-30 12:44:08,273] {processor.py:163} INFO - Started process (PID=1399) to work on /home/airflow/.local/lib/python3.7/site-packages/airflow/example_dags/example_time_delta_sensor_async.py
[2022-09-30 12:44:08,276] {processor.py:642} INFO - Processing file /home/airflow/.local/lib/python3.7/site-packages/airflow/example_dags/example_time_delta_sensor_async.py for tasks to queue
[2022-09-30 12:44:08,277] {logging_mixin.py:109} INFO - [2022-09-30 12:44:08,277] {dagbag.py:500} INFO - Filling up the DagBag from /home/airflow/.local/lib/python3.7/site-packages/airflow/example_dags/example_time_delta_sensor_async.py
[2022-09-30 12:44:08,312] {processor.py:654} INFO - DAG(s) dict_keys(['example_time_delta_sensor_async']) retrieved from /home/airflow/.local/lib/python3.7/site-packages/airflow/example_dags/example_time_delta_sensor_async.py
[2022-09-30 12:44:08,324] {logging_mixin.py:109} INFO - [2022-09-30 12:44:08,324] {dag.py:2398} INFO - Sync 1 DAGs
[2022-09-30 12:44:08,342] {logging_mixin.py:109} INFO - [2022-09-30 12:44:08,341] {dag.py:2937} INFO - Setting next_dagrun for example_time_delta_sensor_async to None
[2022-09-30 12:44:08,356] {processor.py:171} INFO - Processing /home/airflow/.local/lib/python3.7/site-packages/airflow/example_dags/example_time_delta_sensor_async.py took 0.093 seconds
[2022-09-30 12:44:38,410] {processor.py:163} INFO - Started process (PID=1460) to work on /home/airflow/.local/lib/python3.7/site-packages/airflow/example_dags/example_time_delta_sensor_async.py
[2022-09-30 12:44:38,412] {processor.py:642} INFO - Processing file /home/airflow/.local/lib/python3.7/site-packages/airflow/example_dags/example_time_delta_sensor_async.py for tasks to queue
[2022-09-30 12:44:38,414] {logging_mixin.py:109} INFO - [2022-09-30 12:44:38,414] {dagbag.py:500} INFO - Filling up the DagBag from /home/airflow/.local/lib/python3.7/site-packages/airflow/example_dags/example_time_delta_sensor_async.py
[2022-09-30 12:44:38,443] {processor.py:654} INFO - DAG(s) dict_keys(['example_time_delta_sensor_async']) retrieved from /home/airflow/.local/lib/python3.7/site-packages/airflow/example_dags/example_time_delta_sensor_async.py
[2022-09-30 12:44:38,453] {logging_mixin.py:109} INFO - [2022-09-30 12:44:38,453] {dag.py:2398} INFO - Sync 1 DAGs
[2022-09-30 12:44:38,467] {logging_mixin.py:109} INFO - [2022-09-30 12:44:38,467] {dag.py:2937} INFO - Setting next_dagrun for example_time_delta_sensor_async to None
[2022-09-30 12:44:38,476] {processor.py:171} INFO - Processing /home/airflow/.local/lib/python3.7/site-packages/airflow/example_dags/example_time_delta_sensor_async.py took 0.070 seconds
[2022-09-30 12:45:09,035] {processor.py:163} INFO - Started process (PID=1511) to work on /home/airflow/.local/lib/python3.7/site-packages/airflow/example_dags/example_time_delta_sensor_async.py
[2022-09-30 12:45:09,038] {processor.py:642} INFO - Processing file /home/airflow/.local/lib/python3.7/site-packages/airflow/example_dags/example_time_delta_sensor_async.py for tasks to queue
[2022-09-30 12:45:09,057] {logging_mixin.py:109} INFO - [2022-09-30 12:45:09,056] {dagbag.py:500} INFO - Filling up the DagBag from /home/airflow/.local/lib/python3.7/site-packages/airflow/example_dags/example_time_delta_sensor_async.py
[2022-09-30 12:45:09,090] {processor.py:654} INFO - DAG(s) dict_keys(['example_time_delta_sensor_async']) retrieved from /home/airflow/.local/lib/python3.7/site-packages/airflow/example_dags/example_time_delta_sensor_async.py
[2022-09-30 12:45:09,100] {logging_mixin.py:109} INFO - [2022-09-30 12:45:09,100] {dag.py:2398} INFO - Sync 1 DAGs
[2022-09-30 12:45:09,117] {logging_mixin.py:109} INFO - [2022-09-30 12:45:09,117] {dag.py:2937} INFO - Setting next_dagrun for example_time_delta_sensor_async to None
[2022-09-30 12:45:09,127] {processor.py:171} INFO - Processing /home/airflow/.local/lib/python3.7/site-packages/airflow/example_dags/example_time_delta_sensor_async.py took 0.098 seconds
[2022-09-30 12:45:39,212] {processor.py:163} INFO - Started process (PID=1562) to work on /home/airflow/.local/lib/python3.7/site-packages/airflow/example_dags/example_time_delta_sensor_async.py
[2022-09-30 12:45:39,214] {processor.py:642} INFO - Processing file /home/airflow/.local/lib/python3.7/site-packages/airflow/example_dags/example_time_delta_sensor_async.py for tasks to queue
[2022-09-30 12:45:39,215] {logging_mixin.py:109} INFO - [2022-09-30 12:45:39,215] {dagbag.py:500} INFO - Filling up the DagBag from /home/airflow/.local/lib/python3.7/site-packages/airflow/example_dags/example_time_delta_sensor_async.py
[2022-09-30 12:45:39,250] {processor.py:654} INFO - DAG(s) dict_keys(['example_time_delta_sensor_async']) retrieved from /home/airflow/.local/lib/python3.7/site-packages/airflow/example_dags/example_time_delta_sensor_async.py
[2022-09-30 12:45:39,262] {logging_mixin.py:109} INFO - [2022-09-30 12:45:39,261] {dag.py:2398} INFO - Sync 1 DAGs
[2022-09-30 12:45:39,280] {logging_mixin.py:109} INFO - [2022-09-30 12:45:39,280] {dag.py:2937} INFO - Setting next_dagrun for example_time_delta_sensor_async to None
[2022-09-30 12:45:39,291] {processor.py:171} INFO - Processing /home/airflow/.local/lib/python3.7/site-packages/airflow/example_dags/example_time_delta_sensor_async.py took 0.082 seconds
[2022-09-30 12:46:09,809] {processor.py:163} INFO - Started process (PID=1623) to work on /home/airflow/.local/lib/python3.7/site-packages/airflow/example_dags/example_time_delta_sensor_async.py
[2022-09-30 12:46:09,811] {processor.py:642} INFO - Processing file /home/airflow/.local/lib/python3.7/site-packages/airflow/example_dags/example_time_delta_sensor_async.py for tasks to queue
[2022-09-30 12:46:09,812] {logging_mixin.py:109} INFO - [2022-09-30 12:46:09,812] {dagbag.py:500} INFO - Filling up the DagBag from /home/airflow/.local/lib/python3.7/site-packages/airflow/example_dags/example_time_delta_sensor_async.py
[2022-09-30 12:46:09,840] {processor.py:654} INFO - DAG(s) dict_keys(['example_time_delta_sensor_async']) retrieved from /home/airflow/.local/lib/python3.7/site-packages/airflow/example_dags/example_time_delta_sensor_async.py
[2022-09-30 12:46:09,849] {logging_mixin.py:109} INFO - [2022-09-30 12:46:09,849] {dag.py:2398} INFO - Sync 1 DAGs
[2022-09-30 12:46:09,864] {logging_mixin.py:109} INFO - [2022-09-30 12:46:09,864] {dag.py:2937} INFO - Setting next_dagrun for example_time_delta_sensor_async to None
[2022-09-30 12:46:09,874] {processor.py:171} INFO - Processing /home/airflow/.local/lib/python3.7/site-packages/airflow/example_dags/example_time_delta_sensor_async.py took 0.068 seconds
[2022-09-30 12:46:40,197] {processor.py:163} INFO - Started process (PID=1673) to work on /home/airflow/.local/lib/python3.7/site-packages/airflow/example_dags/example_time_delta_sensor_async.py
[2022-09-30 12:46:40,201] {processor.py:642} INFO - Processing file /home/airflow/.local/lib/python3.7/site-packages/airflow/example_dags/example_time_delta_sensor_async.py for tasks to queue
[2022-09-30 12:46:40,213] {logging_mixin.py:109} INFO - [2022-09-30 12:46:40,212] {dagbag.py:500} INFO - Filling up the DagBag from /home/airflow/.local/lib/python3.7/site-packages/airflow/example_dags/example_time_delta_sensor_async.py
[2022-09-30 12:46:40,259] {processor.py:654} INFO - DAG(s) dict_keys(['example_time_delta_sensor_async']) retrieved from /home/airflow/.local/lib/python3.7/site-packages/airflow/example_dags/example_time_delta_sensor_async.py
[2022-09-30 12:46:40,276] {logging_mixin.py:109} INFO - [2022-09-30 12:46:40,276] {dag.py:2398} INFO - Sync 1 DAGs
[2022-09-30 12:46:40,310] {logging_mixin.py:109} INFO - [2022-09-30 12:46:40,310] {dag.py:2937} INFO - Setting next_dagrun for example_time_delta_sensor_async to None
[2022-09-30 12:46:40,331] {processor.py:171} INFO - Processing /home/airflow/.local/lib/python3.7/site-packages/airflow/example_dags/example_time_delta_sensor_async.py took 0.138 seconds
[2022-09-30 12:47:10,889] {processor.py:163} INFO - Started process (PID=1735) to work on /home/airflow/.local/lib/python3.7/site-packages/airflow/example_dags/example_time_delta_sensor_async.py
[2022-09-30 12:47:10,894] {processor.py:642} INFO - Processing file /home/airflow/.local/lib/python3.7/site-packages/airflow/example_dags/example_time_delta_sensor_async.py for tasks to queue
[2022-09-30 12:47:10,895] {logging_mixin.py:109} INFO - [2022-09-30 12:47:10,895] {dagbag.py:500} INFO - Filling up the DagBag from /home/airflow/.local/lib/python3.7/site-packages/airflow/example_dags/example_time_delta_sensor_async.py
[2022-09-30 12:47:10,930] {processor.py:654} INFO - DAG(s) dict_keys(['example_time_delta_sensor_async']) retrieved from /home/airflow/.local/lib/python3.7/site-packages/airflow/example_dags/example_time_delta_sensor_async.py
[2022-09-30 12:47:10,939] {logging_mixin.py:109} INFO - [2022-09-30 12:47:10,939] {dag.py:2398} INFO - Sync 1 DAGs
[2022-09-30 12:47:10,953] {logging_mixin.py:109} INFO - [2022-09-30 12:47:10,953] {dag.py:2937} INFO - Setting next_dagrun for example_time_delta_sensor_async to None
[2022-09-30 12:47:10,962] {processor.py:171} INFO - Processing /home/airflow/.local/lib/python3.7/site-packages/airflow/example_dags/example_time_delta_sensor_async.py took 0.076 seconds
[2022-09-30 12:47:41,548] {processor.py:163} INFO - Started process (PID=1786) to work on /home/airflow/.local/lib/python3.7/site-packages/airflow/example_dags/example_time_delta_sensor_async.py
[2022-09-30 12:47:41,551] {processor.py:642} INFO - Processing file /home/airflow/.local/lib/python3.7/site-packages/airflow/example_dags/example_time_delta_sensor_async.py for tasks to queue
[2022-09-30 12:47:41,552] {logging_mixin.py:109} INFO - [2022-09-30 12:47:41,552] {dagbag.py:500} INFO - Filling up the DagBag from /home/airflow/.local/lib/python3.7/site-packages/airflow/example_dags/example_time_delta_sensor_async.py
[2022-09-30 12:47:41,580] {processor.py:654} INFO - DAG(s) dict_keys(['example_time_delta_sensor_async']) retrieved from /home/airflow/.local/lib/python3.7/site-packages/airflow/example_dags/example_time_delta_sensor_async.py
[2022-09-30 12:47:41,589] {logging_mixin.py:109} INFO - [2022-09-30 12:47:41,589] {dag.py:2398} INFO - Sync 1 DAGs
[2022-09-30 12:47:41,603] {logging_mixin.py:109} INFO - [2022-09-30 12:47:41,603] {dag.py:2937} INFO - Setting next_dagrun for example_time_delta_sensor_async to None
[2022-09-30 12:47:41,614] {processor.py:171} INFO - Processing /home/airflow/.local/lib/python3.7/site-packages/airflow/example_dags/example_time_delta_sensor_async.py took 0.069 seconds
[2022-09-30 12:48:11,769] {processor.py:163} INFO - Started process (PID=1846) to work on /home/airflow/.local/lib/python3.7/site-packages/airflow/example_dags/example_time_delta_sensor_async.py
[2022-09-30 12:48:11,771] {processor.py:642} INFO - Processing file /home/airflow/.local/lib/python3.7/site-packages/airflow/example_dags/example_time_delta_sensor_async.py for tasks to queue
[2022-09-30 12:48:11,772] {logging_mixin.py:109} INFO - [2022-09-30 12:48:11,772] {dagbag.py:500} INFO - Filling up the DagBag from /home/airflow/.local/lib/python3.7/site-packages/airflow/example_dags/example_time_delta_sensor_async.py
[2022-09-30 12:48:11,804] {processor.py:654} INFO - DAG(s) dict_keys(['example_time_delta_sensor_async']) retrieved from /home/airflow/.local/lib/python3.7/site-packages/airflow/example_dags/example_time_delta_sensor_async.py
[2022-09-30 12:48:11,813] {logging_mixin.py:109} INFO - [2022-09-30 12:48:11,813] {dag.py:2398} INFO - Sync 1 DAGs
[2022-09-30 12:48:11,829] {logging_mixin.py:109} INFO - [2022-09-30 12:48:11,829] {dag.py:2937} INFO - Setting next_dagrun for example_time_delta_sensor_async to None
[2022-09-30 12:48:11,840] {processor.py:171} INFO - Processing /home/airflow/.local/lib/python3.7/site-packages/airflow/example_dags/example_time_delta_sensor_async.py took 0.074 seconds
[2022-09-30 12:48:42,382] {processor.py:163} INFO - Started process (PID=1899) to work on /home/airflow/.local/lib/python3.7/site-packages/airflow/example_dags/example_time_delta_sensor_async.py
[2022-09-30 12:48:42,385] {processor.py:642} INFO - Processing file /home/airflow/.local/lib/python3.7/site-packages/airflow/example_dags/example_time_delta_sensor_async.py for tasks to queue
[2022-09-30 12:48:42,386] {logging_mixin.py:109} INFO - [2022-09-30 12:48:42,386] {dagbag.py:500} INFO - Filling up the DagBag from /home/airflow/.local/lib/python3.7/site-packages/airflow/example_dags/example_time_delta_sensor_async.py
[2022-09-30 12:48:42,419] {processor.py:654} INFO - DAG(s) dict_keys(['example_time_delta_sensor_async']) retrieved from /home/airflow/.local/lib/python3.7/site-packages/airflow/example_dags/example_time_delta_sensor_async.py
[2022-09-30 12:48:42,429] {logging_mixin.py:109} INFO - [2022-09-30 12:48:42,429] {dag.py:2398} INFO - Sync 1 DAGs
[2022-09-30 12:48:42,443] {logging_mixin.py:109} INFO - [2022-09-30 12:48:42,443] {dag.py:2937} INFO - Setting next_dagrun for example_time_delta_sensor_async to None
[2022-09-30 12:48:42,453] {processor.py:171} INFO - Processing /home/airflow/.local/lib/python3.7/site-packages/airflow/example_dags/example_time_delta_sensor_async.py took 0.076 seconds
[2022-09-30 12:49:12,796] {processor.py:163} INFO - Started process (PID=1959) to work on /home/airflow/.local/lib/python3.7/site-packages/airflow/example_dags/example_time_delta_sensor_async.py
[2022-09-30 12:49:12,798] {processor.py:642} INFO - Processing file /home/airflow/.local/lib/python3.7/site-packages/airflow/example_dags/example_time_delta_sensor_async.py for tasks to queue
[2022-09-30 12:49:12,799] {logging_mixin.py:109} INFO - [2022-09-30 12:49:12,799] {dagbag.py:500} INFO - Filling up the DagBag from /home/airflow/.local/lib/python3.7/site-packages/airflow/example_dags/example_time_delta_sensor_async.py
[2022-09-30 12:49:12,829] {processor.py:654} INFO - DAG(s) dict_keys(['example_time_delta_sensor_async']) retrieved from /home/airflow/.local/lib/python3.7/site-packages/airflow/example_dags/example_time_delta_sensor_async.py
[2022-09-30 12:49:12,839] {logging_mixin.py:109} INFO - [2022-09-30 12:49:12,839] {dag.py:2398} INFO - Sync 1 DAGs
[2022-09-30 12:49:12,855] {logging_mixin.py:109} INFO - [2022-09-30 12:49:12,855] {dag.py:2937} INFO - Setting next_dagrun for example_time_delta_sensor_async to None
[2022-09-30 12:49:12,865] {processor.py:171} INFO - Processing /home/airflow/.local/lib/python3.7/site-packages/airflow/example_dags/example_time_delta_sensor_async.py took 0.072 seconds
[2022-09-30 12:49:43,216] {processor.py:163} INFO - Started process (PID=2011) to work on /home/airflow/.local/lib/python3.7/site-packages/airflow/example_dags/example_time_delta_sensor_async.py
[2022-09-30 12:49:43,218] {processor.py:642} INFO - Processing file /home/airflow/.local/lib/python3.7/site-packages/airflow/example_dags/example_time_delta_sensor_async.py for tasks to queue
[2022-09-30 12:49:43,220] {logging_mixin.py:109} INFO - [2022-09-30 12:49:43,220] {dagbag.py:500} INFO - Filling up the DagBag from /home/airflow/.local/lib/python3.7/site-packages/airflow/example_dags/example_time_delta_sensor_async.py
[2022-09-30 12:49:43,254] {processor.py:654} INFO - DAG(s) dict_keys(['example_time_delta_sensor_async']) retrieved from /home/airflow/.local/lib/python3.7/site-packages/airflow/example_dags/example_time_delta_sensor_async.py
[2022-09-30 12:49:43,265] {logging_mixin.py:109} INFO - [2022-09-30 12:49:43,264] {dag.py:2398} INFO - Sync 1 DAGs
[2022-09-30 12:49:43,280] {logging_mixin.py:109} INFO - [2022-09-30 12:49:43,280] {dag.py:2937} INFO - Setting next_dagrun for example_time_delta_sensor_async to None
[2022-09-30 12:49:43,290] {processor.py:171} INFO - Processing /home/airflow/.local/lib/python3.7/site-packages/airflow/example_dags/example_time_delta_sensor_async.py took 0.080 seconds
[2022-09-30 12:50:13,676] {processor.py:163} INFO - Started process (PID=2068) to work on /home/airflow/.local/lib/python3.7/site-packages/airflow/example_dags/example_time_delta_sensor_async.py
[2022-09-30 12:50:13,680] {processor.py:642} INFO - Processing file /home/airflow/.local/lib/python3.7/site-packages/airflow/example_dags/example_time_delta_sensor_async.py for tasks to queue
[2022-09-30 12:50:13,681] {logging_mixin.py:109} INFO - [2022-09-30 12:50:13,681] {dagbag.py:500} INFO - Filling up the DagBag from /home/airflow/.local/lib/python3.7/site-packages/airflow/example_dags/example_time_delta_sensor_async.py
[2022-09-30 12:50:13,719] {processor.py:654} INFO - DAG(s) dict_keys(['example_time_delta_sensor_async']) retrieved from /home/airflow/.local/lib/python3.7/site-packages/airflow/example_dags/example_time_delta_sensor_async.py
[2022-09-30 12:50:13,733] {logging_mixin.py:109} INFO - [2022-09-30 12:50:13,733] {dag.py:2398} INFO - Sync 1 DAGs
[2022-09-30 12:50:13,755] {logging_mixin.py:109} INFO - [2022-09-30 12:50:13,755] {dag.py:2937} INFO - Setting next_dagrun for example_time_delta_sensor_async to None
[2022-09-30 12:50:13,769] {processor.py:171} INFO - Processing /home/airflow/.local/lib/python3.7/site-packages/airflow/example_dags/example_time_delta_sensor_async.py took 0.097 seconds
[2022-09-30 12:50:43,905] {processor.py:163} INFO - Started process (PID=2122) to work on /home/airflow/.local/lib/python3.7/site-packages/airflow/example_dags/example_time_delta_sensor_async.py
[2022-09-30 12:50:43,908] {processor.py:642} INFO - Processing file /home/airflow/.local/lib/python3.7/site-packages/airflow/example_dags/example_time_delta_sensor_async.py for tasks to queue
[2022-09-30 12:50:43,910] {logging_mixin.py:109} INFO - [2022-09-30 12:50:43,910] {dagbag.py:500} INFO - Filling up the DagBag from /home/airflow/.local/lib/python3.7/site-packages/airflow/example_dags/example_time_delta_sensor_async.py
[2022-09-30 12:50:43,942] {processor.py:654} INFO - DAG(s) dict_keys(['example_time_delta_sensor_async']) retrieved from /home/airflow/.local/lib/python3.7/site-packages/airflow/example_dags/example_time_delta_sensor_async.py
[2022-09-30 12:50:43,952] {logging_mixin.py:109} INFO - [2022-09-30 12:50:43,952] {dag.py:2398} INFO - Sync 1 DAGs
[2022-09-30 12:50:43,971] {logging_mixin.py:109} INFO - [2022-09-30 12:50:43,971] {dag.py:2937} INFO - Setting next_dagrun for example_time_delta_sensor_async to None
[2022-09-30 12:50:43,984] {processor.py:171} INFO - Processing /home/airflow/.local/lib/python3.7/site-packages/airflow/example_dags/example_time_delta_sensor_async.py took 0.083 seconds
[2022-09-30 12:51:14,604] {processor.py:163} INFO - Started process (PID=2174) to work on /home/airflow/.local/lib/python3.7/site-packages/airflow/example_dags/example_time_delta_sensor_async.py
[2022-09-30 12:51:14,607] {processor.py:642} INFO - Processing file /home/airflow/.local/lib/python3.7/site-packages/airflow/example_dags/example_time_delta_sensor_async.py for tasks to queue
[2022-09-30 12:51:14,609] {logging_mixin.py:109} INFO - [2022-09-30 12:51:14,608] {dagbag.py:500} INFO - Filling up the DagBag from /home/airflow/.local/lib/python3.7/site-packages/airflow/example_dags/example_time_delta_sensor_async.py
[2022-09-30 12:51:14,645] {processor.py:654} INFO - DAG(s) dict_keys(['example_time_delta_sensor_async']) retrieved from /home/airflow/.local/lib/python3.7/site-packages/airflow/example_dags/example_time_delta_sensor_async.py
[2022-09-30 12:51:14,658] {logging_mixin.py:109} INFO - [2022-09-30 12:51:14,658] {dag.py:2398} INFO - Sync 1 DAGs
[2022-09-30 12:51:14,676] {logging_mixin.py:109} INFO - [2022-09-30 12:51:14,676] {dag.py:2937} INFO - Setting next_dagrun for example_time_delta_sensor_async to None
[2022-09-30 12:51:14,688] {processor.py:171} INFO - Processing /home/airflow/.local/lib/python3.7/site-packages/airflow/example_dags/example_time_delta_sensor_async.py took 0.089 seconds
[2022-09-30 12:54:36,060] {processor.py:163} INFO - Started process (PID=2251) to work on /home/airflow/.local/lib/python3.7/site-packages/airflow/example_dags/example_time_delta_sensor_async.py
[2022-09-30 12:54:36,065] {processor.py:642} INFO - Processing file /home/airflow/.local/lib/python3.7/site-packages/airflow/example_dags/example_time_delta_sensor_async.py for tasks to queue
[2022-09-30 12:54:36,067] {logging_mixin.py:109} INFO - [2022-09-30 12:54:36,067] {dagbag.py:500} INFO - Filling up the DagBag from /home/airflow/.local/lib/python3.7/site-packages/airflow/example_dags/example_time_delta_sensor_async.py
[2022-09-30 12:54:36,130] {processor.py:654} INFO - DAG(s) dict_keys(['example_time_delta_sensor_async']) retrieved from /home/airflow/.local/lib/python3.7/site-packages/airflow/example_dags/example_time_delta_sensor_async.py
[2022-09-30 12:54:36,145] {logging_mixin.py:109} INFO - [2022-09-30 12:54:36,145] {dag.py:2398} INFO - Sync 1 DAGs
[2022-09-30 12:54:36,164] {logging_mixin.py:109} INFO - [2022-09-30 12:54:36,164] {dag.py:2937} INFO - Setting next_dagrun for example_time_delta_sensor_async to None
[2022-09-30 12:54:36,186] {processor.py:171} INFO - Processing /home/airflow/.local/lib/python3.7/site-packages/airflow/example_dags/example_time_delta_sensor_async.py took 0.138 seconds
[2022-09-30 12:59:36,905] {processor.py:163} INFO - Started process (PID=2306) to work on /home/airflow/.local/lib/python3.7/site-packages/airflow/example_dags/example_time_delta_sensor_async.py
[2022-09-30 12:59:36,910] {processor.py:642} INFO - Processing file /home/airflow/.local/lib/python3.7/site-packages/airflow/example_dags/example_time_delta_sensor_async.py for tasks to queue
[2022-09-30 12:59:36,914] {logging_mixin.py:109} INFO - [2022-09-30 12:59:36,914] {dagbag.py:500} INFO - Filling up the DagBag from /home/airflow/.local/lib/python3.7/site-packages/airflow/example_dags/example_time_delta_sensor_async.py
[2022-09-30 12:59:37,103] {processor.py:654} INFO - DAG(s) dict_keys(['example_time_delta_sensor_async']) retrieved from /home/airflow/.local/lib/python3.7/site-packages/airflow/example_dags/example_time_delta_sensor_async.py
[2022-09-30 12:59:37,138] {logging_mixin.py:109} INFO - [2022-09-30 12:59:37,138] {dag.py:2398} INFO - Sync 1 DAGs
[2022-09-30 12:59:37,205] {logging_mixin.py:109} INFO - [2022-09-30 12:59:37,204] {dag.py:2937} INFO - Setting next_dagrun for example_time_delta_sensor_async to None
[2022-09-30 12:59:37,242] {processor.py:171} INFO - Processing /home/airflow/.local/lib/python3.7/site-packages/airflow/example_dags/example_time_delta_sensor_async.py took 0.349 seconds
[2022-09-30 13:03:09,294] {processor.py:163} INFO - Started process (PID=2379) to work on /home/airflow/.local/lib/python3.7/site-packages/airflow/example_dags/example_time_delta_sensor_async.py
[2022-09-30 13:03:09,297] {processor.py:642} INFO - Processing file /home/airflow/.local/lib/python3.7/site-packages/airflow/example_dags/example_time_delta_sensor_async.py for tasks to queue
[2022-09-30 13:03:09,302] {logging_mixin.py:109} INFO - [2022-09-30 13:03:09,301] {dagbag.py:500} INFO - Filling up the DagBag from /home/airflow/.local/lib/python3.7/site-packages/airflow/example_dags/example_time_delta_sensor_async.py
[2022-09-30 13:03:09,390] {processor.py:654} INFO - DAG(s) dict_keys(['example_time_delta_sensor_async']) retrieved from /home/airflow/.local/lib/python3.7/site-packages/airflow/example_dags/example_time_delta_sensor_async.py
[2022-09-30 13:03:09,422] {logging_mixin.py:109} INFO - [2022-09-30 13:03:09,421] {dag.py:2398} INFO - Sync 1 DAGs
[2022-09-30 13:03:09,480] {logging_mixin.py:109} INFO - [2022-09-30 13:03:09,479] {dag.py:2937} INFO - Setting next_dagrun for example_time_delta_sensor_async to None
[2022-09-30 13:03:09,495] {processor.py:171} INFO - Processing /home/airflow/.local/lib/python3.7/site-packages/airflow/example_dags/example_time_delta_sensor_async.py took 0.211 seconds
[2022-09-30 13:03:40,017] {processor.py:163} INFO - Started process (PID=2431) to work on /home/airflow/.local/lib/python3.7/site-packages/airflow/example_dags/example_time_delta_sensor_async.py
[2022-09-30 13:03:40,020] {processor.py:642} INFO - Processing file /home/airflow/.local/lib/python3.7/site-packages/airflow/example_dags/example_time_delta_sensor_async.py for tasks to queue
[2022-09-30 13:03:40,023] {logging_mixin.py:109} INFO - [2022-09-30 13:03:40,022] {dagbag.py:500} INFO - Filling up the DagBag from /home/airflow/.local/lib/python3.7/site-packages/airflow/example_dags/example_time_delta_sensor_async.py
[2022-09-30 13:03:40,068] {processor.py:654} INFO - DAG(s) dict_keys(['example_time_delta_sensor_async']) retrieved from /home/airflow/.local/lib/python3.7/site-packages/airflow/example_dags/example_time_delta_sensor_async.py
[2022-09-30 13:03:40,081] {logging_mixin.py:109} INFO - [2022-09-30 13:03:40,081] {dag.py:2398} INFO - Sync 1 DAGs
[2022-09-30 13:03:40,097] {logging_mixin.py:109} INFO - [2022-09-30 13:03:40,096] {dag.py:2937} INFO - Setting next_dagrun for example_time_delta_sensor_async to None
[2022-09-30 13:03:40,110] {processor.py:171} INFO - Processing /home/airflow/.local/lib/python3.7/site-packages/airflow/example_dags/example_time_delta_sensor_async.py took 0.097 seconds
[2022-09-30 13:04:10,842] {processor.py:163} INFO - Started process (PID=2492) to work on /home/airflow/.local/lib/python3.7/site-packages/airflow/example_dags/example_time_delta_sensor_async.py
[2022-09-30 13:04:10,844] {processor.py:642} INFO - Processing file /home/airflow/.local/lib/python3.7/site-packages/airflow/example_dags/example_time_delta_sensor_async.py for tasks to queue
[2022-09-30 13:04:10,846] {logging_mixin.py:109} INFO - [2022-09-30 13:04:10,846] {dagbag.py:500} INFO - Filling up the DagBag from /home/airflow/.local/lib/python3.7/site-packages/airflow/example_dags/example_time_delta_sensor_async.py
[2022-09-30 13:04:10,879] {processor.py:654} INFO - DAG(s) dict_keys(['example_time_delta_sensor_async']) retrieved from /home/airflow/.local/lib/python3.7/site-packages/airflow/example_dags/example_time_delta_sensor_async.py
[2022-09-30 13:04:10,893] {logging_mixin.py:109} INFO - [2022-09-30 13:04:10,892] {dag.py:2398} INFO - Sync 1 DAGs
[2022-09-30 13:04:10,909] {logging_mixin.py:109} INFO - [2022-09-30 13:04:10,909] {dag.py:2937} INFO - Setting next_dagrun for example_time_delta_sensor_async to None
[2022-09-30 13:04:10,920] {processor.py:171} INFO - Processing /home/airflow/.local/lib/python3.7/site-packages/airflow/example_dags/example_time_delta_sensor_async.py took 0.081 seconds
[2022-09-30 13:04:41,468] {processor.py:163} INFO - Started process (PID=2543) to work on /home/airflow/.local/lib/python3.7/site-packages/airflow/example_dags/example_time_delta_sensor_async.py
[2022-09-30 13:04:41,470] {processor.py:642} INFO - Processing file /home/airflow/.local/lib/python3.7/site-packages/airflow/example_dags/example_time_delta_sensor_async.py for tasks to queue
[2022-09-30 13:04:41,472] {logging_mixin.py:109} INFO - [2022-09-30 13:04:41,471] {dagbag.py:500} INFO - Filling up the DagBag from /home/airflow/.local/lib/python3.7/site-packages/airflow/example_dags/example_time_delta_sensor_async.py
[2022-09-30 13:04:41,510] {processor.py:654} INFO - DAG(s) dict_keys(['example_time_delta_sensor_async']) retrieved from /home/airflow/.local/lib/python3.7/site-packages/airflow/example_dags/example_time_delta_sensor_async.py
[2022-09-30 13:04:41,523] {logging_mixin.py:109} INFO - [2022-09-30 13:04:41,523] {dag.py:2398} INFO - Sync 1 DAGs
[2022-09-30 13:04:41,542] {logging_mixin.py:109} INFO - [2022-09-30 13:04:41,541] {dag.py:2937} INFO - Setting next_dagrun for example_time_delta_sensor_async to None
[2022-09-30 13:04:41,558] {processor.py:171} INFO - Processing /home/airflow/.local/lib/python3.7/site-packages/airflow/example_dags/example_time_delta_sensor_async.py took 0.095 seconds
[2022-09-30 13:05:11,655] {processor.py:163} INFO - Started process (PID=2593) to work on /home/airflow/.local/lib/python3.7/site-packages/airflow/example_dags/example_time_delta_sensor_async.py
[2022-09-30 13:05:11,659] {processor.py:642} INFO - Processing file /home/airflow/.local/lib/python3.7/site-packages/airflow/example_dags/example_time_delta_sensor_async.py for tasks to queue
[2022-09-30 13:05:11,660] {logging_mixin.py:109} INFO - [2022-09-30 13:05:11,660] {dagbag.py:500} INFO - Filling up the DagBag from /home/airflow/.local/lib/python3.7/site-packages/airflow/example_dags/example_time_delta_sensor_async.py
[2022-09-30 13:05:11,714] {processor.py:654} INFO - DAG(s) dict_keys(['example_time_delta_sensor_async']) retrieved from /home/airflow/.local/lib/python3.7/site-packages/airflow/example_dags/example_time_delta_sensor_async.py
[2022-09-30 13:05:11,731] {logging_mixin.py:109} INFO - [2022-09-30 13:05:11,731] {dag.py:2398} INFO - Sync 1 DAGs
[2022-09-30 13:05:11,746] {logging_mixin.py:109} INFO - [2022-09-30 13:05:11,745] {dag.py:2937} INFO - Setting next_dagrun for example_time_delta_sensor_async to None
[2022-09-30 13:05:11,757] {processor.py:171} INFO - Processing /home/airflow/.local/lib/python3.7/site-packages/airflow/example_dags/example_time_delta_sensor_async.py took 0.108 seconds
[2022-09-30 13:05:42,438] {processor.py:163} INFO - Started process (PID=2655) to work on /home/airflow/.local/lib/python3.7/site-packages/airflow/example_dags/example_time_delta_sensor_async.py
[2022-09-30 13:05:42,440] {processor.py:642} INFO - Processing file /home/airflow/.local/lib/python3.7/site-packages/airflow/example_dags/example_time_delta_sensor_async.py for tasks to queue
[2022-09-30 13:05:42,441] {logging_mixin.py:109} INFO - [2022-09-30 13:05:42,441] {dagbag.py:500} INFO - Filling up the DagBag from /home/airflow/.local/lib/python3.7/site-packages/airflow/example_dags/example_time_delta_sensor_async.py
[2022-09-30 13:05:42,479] {processor.py:654} INFO - DAG(s) dict_keys(['example_time_delta_sensor_async']) retrieved from /home/airflow/.local/lib/python3.7/site-packages/airflow/example_dags/example_time_delta_sensor_async.py
[2022-09-30 13:05:42,494] {logging_mixin.py:109} INFO - [2022-09-30 13:05:42,494] {dag.py:2398} INFO - Sync 1 DAGs
[2022-09-30 13:05:42,514] {logging_mixin.py:109} INFO - [2022-09-30 13:05:42,513] {dag.py:2937} INFO - Setting next_dagrun for example_time_delta_sensor_async to None
[2022-09-30 13:05:42,526] {processor.py:171} INFO - Processing /home/airflow/.local/lib/python3.7/site-packages/airflow/example_dags/example_time_delta_sensor_async.py took 0.092 seconds
[2022-09-30 13:06:13,622] {processor.py:163} INFO - Started process (PID=2706) to work on /home/airflow/.local/lib/python3.7/site-packages/airflow/example_dags/example_time_delta_sensor_async.py
[2022-09-30 13:06:13,629] {processor.py:642} INFO - Processing file /home/airflow/.local/lib/python3.7/site-packages/airflow/example_dags/example_time_delta_sensor_async.py for tasks to queue
[2022-09-30 13:06:13,631] {logging_mixin.py:109} INFO - [2022-09-30 13:06:13,631] {dagbag.py:500} INFO - Filling up the DagBag from /home/airflow/.local/lib/python3.7/site-packages/airflow/example_dags/example_time_delta_sensor_async.py
[2022-09-30 13:06:17,255] {logging_mixin.py:109} INFO - [2022-09-30 13:06:17,255] {process_utils.py:237} INFO - Waiting up to 5 seconds for processes to exit...
