[2022-09-30 12:32:55,491] {processor.py:163} INFO - Started process (PID=146) to work on /home/airflow/.local/lib/python3.7/site-packages/airflow/example_dags/example_subdag_operator.py
[2022-09-30 12:32:55,493] {processor.py:642} INFO - Processing file /home/airflow/.local/lib/python3.7/site-packages/airflow/example_dags/example_subdag_operator.py for tasks to queue
[2022-09-30 12:32:55,495] {logging_mixin.py:109} INFO - [2022-09-30 12:32:55,495] {dagbag.py:500} INFO - Filling up the DagBag from /home/airflow/.local/lib/python3.7/site-packages/airflow/example_dags/example_subdag_operator.py
[2022-09-30 12:32:55,541] {processor.py:654} INFO - DAG(s) dict_keys(['example_subdag_operator.section-1', 'example_subdag_operator.section-2', 'example_subdag_operator']) retrieved from /home/airflow/.local/lib/python3.7/site-packages/airflow/example_dags/example_subdag_operator.py
[2022-09-30 12:32:57,170] {logging_mixin.py:109} INFO - [2022-09-30 12:32:57,170] {manager.py:496} INFO - Created Permission View: can edit on DAG:example_subdag_operator
[2022-09-30 12:32:57,182] {logging_mixin.py:109} INFO - [2022-09-30 12:32:57,182] {manager.py:496} INFO - Created Permission View: can read on DAG:example_subdag_operator
[2022-09-30 12:32:57,183] {logging_mixin.py:109} INFO - [2022-09-30 12:32:57,183] {dag.py:2398} INFO - Sync 3 DAGs
[2022-09-30 12:32:57,190] {logging_mixin.py:109} INFO - [2022-09-30 12:32:57,190] {dag.py:2417} INFO - Creating ORM DAG for example_subdag_operator.section-1
[2022-09-30 12:32:57,192] {logging_mixin.py:109} INFO - [2022-09-30 12:32:57,192] {dag.py:2417} INFO - Creating ORM DAG for example_subdag_operator
[2022-09-30 12:32:57,193] {logging_mixin.py:109} INFO - [2022-09-30 12:32:57,193] {dag.py:2417} INFO - Creating ORM DAG for example_subdag_operator.section-2
[2022-09-30 12:32:57,200] {logging_mixin.py:109} INFO - [2022-09-30 12:32:57,200] {dag.py:2937} INFO - Setting next_dagrun for example_subdag_operator to 2022-09-28T00:00:00+00:00
[2022-09-30 12:32:57,201] {logging_mixin.py:109} INFO - [2022-09-30 12:32:57,201] {dag.py:2937} INFO - Setting next_dagrun for example_subdag_operator.section-1 to None
[2022-09-30 12:32:57,203] {logging_mixin.py:109} INFO - [2022-09-30 12:32:57,202] {dag.py:2937} INFO - Setting next_dagrun for example_subdag_operator.section-2 to None
[2022-09-30 12:32:57,211] {logging_mixin.py:109} INFO - [2022-09-30 12:32:57,211] {dag.py:2398} INFO - Sync 2 DAGs
[2022-09-30 12:32:57,221] {logging_mixin.py:109} INFO - [2022-09-30 12:32:57,221] {dag.py:2937} INFO - Setting next_dagrun for example_subdag_operator.section-1 to None
[2022-09-30 12:32:57,223] {logging_mixin.py:109} INFO - [2022-09-30 12:32:57,222] {dag.py:2937} INFO - Setting next_dagrun for example_subdag_operator.section-2 to None
[2022-09-30 12:32:57,235] {processor.py:171} INFO - Processing /home/airflow/.local/lib/python3.7/site-packages/airflow/example_dags/example_subdag_operator.py took 1.749 seconds
[2022-09-30 12:33:27,783] {processor.py:163} INFO - Started process (PID=249) to work on /home/airflow/.local/lib/python3.7/site-packages/airflow/example_dags/example_subdag_operator.py
[2022-09-30 12:33:27,823] {processor.py:642} INFO - Processing file /home/airflow/.local/lib/python3.7/site-packages/airflow/example_dags/example_subdag_operator.py for tasks to queue
[2022-09-30 12:33:27,832] {logging_mixin.py:109} INFO - [2022-09-30 12:33:27,831] {dagbag.py:500} INFO - Filling up the DagBag from /home/airflow/.local/lib/python3.7/site-packages/airflow/example_dags/example_subdag_operator.py
[2022-09-30 12:33:28,194] {processor.py:654} INFO - DAG(s) dict_keys(['example_subdag_operator.section-1', 'example_subdag_operator.section-2', 'example_subdag_operator']) retrieved from /home/airflow/.local/lib/python3.7/site-packages/airflow/example_dags/example_subdag_operator.py
[2022-09-30 12:33:28,416] {logging_mixin.py:109} INFO - [2022-09-30 12:33:28,416] {dag.py:2398} INFO - Sync 3 DAGs
[2022-09-30 12:33:28,517] {logging_mixin.py:109} INFO - [2022-09-30 12:33:28,516] {dag.py:2937} INFO - Setting next_dagrun for example_subdag_operator to 2022-09-28T00:00:00+00:00
[2022-09-30 12:33:28,522] {logging_mixin.py:109} INFO - [2022-09-30 12:33:28,521] {dag.py:2937} INFO - Setting next_dagrun for example_subdag_operator.section-1 to None
[2022-09-30 12:33:28,526] {logging_mixin.py:109} INFO - [2022-09-30 12:33:28,525] {dag.py:2937} INFO - Setting next_dagrun for example_subdag_operator.section-2 to None
[2022-09-30 12:33:28,547] {logging_mixin.py:109} INFO - [2022-09-30 12:33:28,547] {dag.py:2398} INFO - Sync 2 DAGs
[2022-09-30 12:33:28,581] {logging_mixin.py:109} INFO - [2022-09-30 12:33:28,581] {dag.py:2937} INFO - Setting next_dagrun for example_subdag_operator.section-1 to None
[2022-09-30 12:33:28,584] {logging_mixin.py:109} INFO - [2022-09-30 12:33:28,584] {dag.py:2937} INFO - Setting next_dagrun for example_subdag_operator.section-2 to None
[2022-09-30 12:33:28,622] {processor.py:171} INFO - Processing /home/airflow/.local/lib/python3.7/site-packages/airflow/example_dags/example_subdag_operator.py took 0.962 seconds
[2022-09-30 12:33:59,004] {processor.py:163} INFO - Started process (PID=299) to work on /home/airflow/.local/lib/python3.7/site-packages/airflow/example_dags/example_subdag_operator.py
[2022-09-30 12:33:59,008] {processor.py:642} INFO - Processing file /home/airflow/.local/lib/python3.7/site-packages/airflow/example_dags/example_subdag_operator.py for tasks to queue
[2022-09-30 12:33:59,013] {logging_mixin.py:109} INFO - [2022-09-30 12:33:59,013] {dagbag.py:500} INFO - Filling up the DagBag from /home/airflow/.local/lib/python3.7/site-packages/airflow/example_dags/example_subdag_operator.py
[2022-09-30 12:33:59,063] {processor.py:654} INFO - DAG(s) dict_keys(['example_subdag_operator.section-1', 'example_subdag_operator.section-2', 'example_subdag_operator']) retrieved from /home/airflow/.local/lib/python3.7/site-packages/airflow/example_dags/example_subdag_operator.py
[2022-09-30 12:33:59,078] {logging_mixin.py:109} INFO - [2022-09-30 12:33:59,078] {dag.py:2398} INFO - Sync 3 DAGs
[2022-09-30 12:33:59,096] {logging_mixin.py:109} INFO - [2022-09-30 12:33:59,096] {dag.py:2937} INFO - Setting next_dagrun for example_subdag_operator to 2022-09-28T00:00:00+00:00
[2022-09-30 12:33:59,098] {logging_mixin.py:109} INFO - [2022-09-30 12:33:59,098] {dag.py:2937} INFO - Setting next_dagrun for example_subdag_operator.section-1 to None
[2022-09-30 12:33:59,100] {logging_mixin.py:109} INFO - [2022-09-30 12:33:59,099] {dag.py:2937} INFO - Setting next_dagrun for example_subdag_operator.section-2 to None
[2022-09-30 12:33:59,108] {logging_mixin.py:109} INFO - [2022-09-30 12:33:59,108] {dag.py:2398} INFO - Sync 2 DAGs
[2022-09-30 12:33:59,118] {logging_mixin.py:109} INFO - [2022-09-30 12:33:59,118] {dag.py:2937} INFO - Setting next_dagrun for example_subdag_operator.section-1 to None
[2022-09-30 12:33:59,120] {logging_mixin.py:109} INFO - [2022-09-30 12:33:59,120] {dag.py:2937} INFO - Setting next_dagrun for example_subdag_operator.section-2 to None
[2022-09-30 12:33:59,129] {processor.py:171} INFO - Processing /home/airflow/.local/lib/python3.7/site-packages/airflow/example_dags/example_subdag_operator.py took 0.131 seconds
[2022-09-30 12:34:29,512] {processor.py:163} INFO - Started process (PID=351) to work on /home/airflow/.local/lib/python3.7/site-packages/airflow/example_dags/example_subdag_operator.py
[2022-09-30 12:34:29,517] {processor.py:642} INFO - Processing file /home/airflow/.local/lib/python3.7/site-packages/airflow/example_dags/example_subdag_operator.py for tasks to queue
[2022-09-30 12:34:29,522] {logging_mixin.py:109} INFO - [2022-09-30 12:34:29,522] {dagbag.py:500} INFO - Filling up the DagBag from /home/airflow/.local/lib/python3.7/site-packages/airflow/example_dags/example_subdag_operator.py
[2022-09-30 12:34:29,676] {processor.py:654} INFO - DAG(s) dict_keys(['example_subdag_operator.section-1', 'example_subdag_operator.section-2', 'example_subdag_operator']) retrieved from /home/airflow/.local/lib/python3.7/site-packages/airflow/example_dags/example_subdag_operator.py
[2022-09-30 12:34:29,696] {logging_mixin.py:109} INFO - [2022-09-30 12:34:29,696] {dag.py:2398} INFO - Sync 3 DAGs
[2022-09-30 12:34:29,726] {logging_mixin.py:109} INFO - [2022-09-30 12:34:29,726] {dag.py:2937} INFO - Setting next_dagrun for example_subdag_operator to 2022-09-28T00:00:00+00:00
[2022-09-30 12:34:29,728] {logging_mixin.py:109} INFO - [2022-09-30 12:34:29,727] {dag.py:2937} INFO - Setting next_dagrun for example_subdag_operator.section-1 to None
[2022-09-30 12:34:29,729] {logging_mixin.py:109} INFO - [2022-09-30 12:34:29,729] {dag.py:2937} INFO - Setting next_dagrun for example_subdag_operator.section-2 to None
[2022-09-30 12:34:29,742] {logging_mixin.py:109} INFO - [2022-09-30 12:34:29,741] {dag.py:2398} INFO - Sync 2 DAGs
[2022-09-30 12:34:29,754] {logging_mixin.py:109} INFO - [2022-09-30 12:34:29,754] {dag.py:2937} INFO - Setting next_dagrun for example_subdag_operator.section-1 to None
[2022-09-30 12:34:29,756] {logging_mixin.py:109} INFO - [2022-09-30 12:34:29,756] {dag.py:2937} INFO - Setting next_dagrun for example_subdag_operator.section-2 to None
[2022-09-30 12:34:29,772] {processor.py:171} INFO - Processing /home/airflow/.local/lib/python3.7/site-packages/airflow/example_dags/example_subdag_operator.py took 0.271 seconds
[2022-09-30 12:34:59,825] {processor.py:163} INFO - Started process (PID=410) to work on /home/airflow/.local/lib/python3.7/site-packages/airflow/example_dags/example_subdag_operator.py
[2022-09-30 12:34:59,827] {processor.py:642} INFO - Processing file /home/airflow/.local/lib/python3.7/site-packages/airflow/example_dags/example_subdag_operator.py for tasks to queue
[2022-09-30 12:34:59,828] {logging_mixin.py:109} INFO - [2022-09-30 12:34:59,828] {dagbag.py:500} INFO - Filling up the DagBag from /home/airflow/.local/lib/python3.7/site-packages/airflow/example_dags/example_subdag_operator.py
[2022-09-30 12:34:59,876] {processor.py:654} INFO - DAG(s) dict_keys(['example_subdag_operator.section-1', 'example_subdag_operator.section-2', 'example_subdag_operator']) retrieved from /home/airflow/.local/lib/python3.7/site-packages/airflow/example_dags/example_subdag_operator.py
[2022-09-30 12:34:59,889] {logging_mixin.py:109} INFO - [2022-09-30 12:34:59,888] {dag.py:2398} INFO - Sync 3 DAGs
[2022-09-30 12:34:59,906] {logging_mixin.py:109} INFO - [2022-09-30 12:34:59,906] {dag.py:2937} INFO - Setting next_dagrun for example_subdag_operator to 2022-09-28T00:00:00+00:00
[2022-09-30 12:34:59,908] {logging_mixin.py:109} INFO - [2022-09-30 12:34:59,908] {dag.py:2937} INFO - Setting next_dagrun for example_subdag_operator.section-1 to None
[2022-09-30 12:34:59,910] {logging_mixin.py:109} INFO - [2022-09-30 12:34:59,910] {dag.py:2937} INFO - Setting next_dagrun for example_subdag_operator.section-2 to None
[2022-09-30 12:34:59,916] {logging_mixin.py:109} INFO - [2022-09-30 12:34:59,916] {dag.py:2398} INFO - Sync 2 DAGs
[2022-09-30 12:34:59,930] {logging_mixin.py:109} INFO - [2022-09-30 12:34:59,930] {dag.py:2937} INFO - Setting next_dagrun for example_subdag_operator.section-1 to None
[2022-09-30 12:34:59,931] {logging_mixin.py:109} INFO - [2022-09-30 12:34:59,931] {dag.py:2937} INFO - Setting next_dagrun for example_subdag_operator.section-2 to None
[2022-09-30 12:34:59,939] {processor.py:171} INFO - Processing /home/airflow/.local/lib/python3.7/site-packages/airflow/example_dags/example_subdag_operator.py took 0.118 seconds
[2022-09-30 12:35:30,086] {processor.py:163} INFO - Started process (PID=460) to work on /home/airflow/.local/lib/python3.7/site-packages/airflow/example_dags/example_subdag_operator.py
[2022-09-30 12:35:30,097] {processor.py:642} INFO - Processing file /home/airflow/.local/lib/python3.7/site-packages/airflow/example_dags/example_subdag_operator.py for tasks to queue
[2022-09-30 12:35:30,099] {logging_mixin.py:109} INFO - [2022-09-30 12:35:30,099] {dagbag.py:500} INFO - Filling up the DagBag from /home/airflow/.local/lib/python3.7/site-packages/airflow/example_dags/example_subdag_operator.py
[2022-09-30 12:35:30,148] {processor.py:654} INFO - DAG(s) dict_keys(['example_subdag_operator.section-1', 'example_subdag_operator.section-2', 'example_subdag_operator']) retrieved from /home/airflow/.local/lib/python3.7/site-packages/airflow/example_dags/example_subdag_operator.py
[2022-09-30 12:35:30,164] {logging_mixin.py:109} INFO - [2022-09-30 12:35:30,163] {dag.py:2398} INFO - Sync 3 DAGs
[2022-09-30 12:35:30,192] {logging_mixin.py:109} INFO - [2022-09-30 12:35:30,192] {dag.py:2937} INFO - Setting next_dagrun for example_subdag_operator to 2022-09-28T00:00:00+00:00
[2022-09-30 12:35:30,194] {logging_mixin.py:109} INFO - [2022-09-30 12:35:30,194] {dag.py:2937} INFO - Setting next_dagrun for example_subdag_operator.section-1 to None
[2022-09-30 12:35:30,195] {logging_mixin.py:109} INFO - [2022-09-30 12:35:30,195] {dag.py:2937} INFO - Setting next_dagrun for example_subdag_operator.section-2 to None
[2022-09-30 12:35:30,206] {logging_mixin.py:109} INFO - [2022-09-30 12:35:30,206] {dag.py:2398} INFO - Sync 2 DAGs
[2022-09-30 12:35:30,215] {logging_mixin.py:109} INFO - [2022-09-30 12:35:30,215] {dag.py:2937} INFO - Setting next_dagrun for example_subdag_operator.section-1 to None
[2022-09-30 12:35:30,216] {logging_mixin.py:109} INFO - [2022-09-30 12:35:30,216] {dag.py:2937} INFO - Setting next_dagrun for example_subdag_operator.section-2 to None
[2022-09-30 12:35:30,231] {processor.py:171} INFO - Processing /home/airflow/.local/lib/python3.7/site-packages/airflow/example_dags/example_subdag_operator.py took 0.149 seconds
[2022-09-30 12:36:00,305] {processor.py:163} INFO - Started process (PID=513) to work on /home/airflow/.local/lib/python3.7/site-packages/airflow/example_dags/example_subdag_operator.py
[2022-09-30 12:36:00,308] {processor.py:642} INFO - Processing file /home/airflow/.local/lib/python3.7/site-packages/airflow/example_dags/example_subdag_operator.py for tasks to queue
[2022-09-30 12:36:00,310] {logging_mixin.py:109} INFO - [2022-09-30 12:36:00,309] {dagbag.py:500} INFO - Filling up the DagBag from /home/airflow/.local/lib/python3.7/site-packages/airflow/example_dags/example_subdag_operator.py
[2022-09-30 12:36:00,360] {processor.py:654} INFO - DAG(s) dict_keys(['example_subdag_operator.section-1', 'example_subdag_operator.section-2', 'example_subdag_operator']) retrieved from /home/airflow/.local/lib/python3.7/site-packages/airflow/example_dags/example_subdag_operator.py
[2022-09-30 12:36:00,379] {logging_mixin.py:109} INFO - [2022-09-30 12:36:00,379] {dag.py:2398} INFO - Sync 3 DAGs
[2022-09-30 12:36:00,404] {logging_mixin.py:109} INFO - [2022-09-30 12:36:00,404] {dag.py:2937} INFO - Setting next_dagrun for example_subdag_operator to 2022-09-28T00:00:00+00:00
[2022-09-30 12:36:00,405] {logging_mixin.py:109} INFO - [2022-09-30 12:36:00,405] {dag.py:2937} INFO - Setting next_dagrun for example_subdag_operator.section-1 to None
[2022-09-30 12:36:00,406] {logging_mixin.py:109} INFO - [2022-09-30 12:36:00,406] {dag.py:2937} INFO - Setting next_dagrun for example_subdag_operator.section-2 to None
[2022-09-30 12:36:00,415] {logging_mixin.py:109} INFO - [2022-09-30 12:36:00,414] {dag.py:2398} INFO - Sync 2 DAGs
[2022-09-30 12:36:00,424] {logging_mixin.py:109} INFO - [2022-09-30 12:36:00,424] {dag.py:2937} INFO - Setting next_dagrun for example_subdag_operator.section-1 to None
[2022-09-30 12:36:00,425] {logging_mixin.py:109} INFO - [2022-09-30 12:36:00,425] {dag.py:2937} INFO - Setting next_dagrun for example_subdag_operator.section-2 to None
[2022-09-30 12:36:00,435] {processor.py:171} INFO - Processing /home/airflow/.local/lib/python3.7/site-packages/airflow/example_dags/example_subdag_operator.py took 0.138 seconds
[2022-09-30 12:36:30,814] {processor.py:163} INFO - Started process (PID=575) to work on /home/airflow/.local/lib/python3.7/site-packages/airflow/example_dags/example_subdag_operator.py
[2022-09-30 12:36:30,817] {processor.py:642} INFO - Processing file /home/airflow/.local/lib/python3.7/site-packages/airflow/example_dags/example_subdag_operator.py for tasks to queue
[2022-09-30 12:36:30,818] {logging_mixin.py:109} INFO - [2022-09-30 12:36:30,818] {dagbag.py:500} INFO - Filling up the DagBag from /home/airflow/.local/lib/python3.7/site-packages/airflow/example_dags/example_subdag_operator.py
[2022-09-30 12:36:30,866] {processor.py:654} INFO - DAG(s) dict_keys(['example_subdag_operator.section-1', 'example_subdag_operator.section-2', 'example_subdag_operator']) retrieved from /home/airflow/.local/lib/python3.7/site-packages/airflow/example_dags/example_subdag_operator.py
[2022-09-30 12:36:30,879] {logging_mixin.py:109} INFO - [2022-09-30 12:36:30,878] {dag.py:2398} INFO - Sync 3 DAGs
[2022-09-30 12:36:30,901] {logging_mixin.py:109} INFO - [2022-09-30 12:36:30,901] {dag.py:2937} INFO - Setting next_dagrun for example_subdag_operator to 2022-09-28T00:00:00+00:00
[2022-09-30 12:36:30,903] {logging_mixin.py:109} INFO - [2022-09-30 12:36:30,903] {dag.py:2937} INFO - Setting next_dagrun for example_subdag_operator.section-1 to None
[2022-09-30 12:36:30,905] {logging_mixin.py:109} INFO - [2022-09-30 12:36:30,905] {dag.py:2937} INFO - Setting next_dagrun for example_subdag_operator.section-2 to None
[2022-09-30 12:36:30,917] {logging_mixin.py:109} INFO - [2022-09-30 12:36:30,917] {dag.py:2398} INFO - Sync 2 DAGs
[2022-09-30 12:36:30,926] {logging_mixin.py:109} INFO - [2022-09-30 12:36:30,926] {dag.py:2937} INFO - Setting next_dagrun for example_subdag_operator.section-1 to None
[2022-09-30 12:36:30,927] {logging_mixin.py:109} INFO - [2022-09-30 12:36:30,927] {dag.py:2937} INFO - Setting next_dagrun for example_subdag_operator.section-2 to None
[2022-09-30 12:36:30,936] {processor.py:171} INFO - Processing /home/airflow/.local/lib/python3.7/site-packages/airflow/example_dags/example_subdag_operator.py took 0.125 seconds
[2022-09-30 12:37:01,613] {processor.py:163} INFO - Started process (PID=626) to work on /home/airflow/.local/lib/python3.7/site-packages/airflow/example_dags/example_subdag_operator.py
[2022-09-30 12:37:01,615] {processor.py:642} INFO - Processing file /home/airflow/.local/lib/python3.7/site-packages/airflow/example_dags/example_subdag_operator.py for tasks to queue
[2022-09-30 12:37:01,616] {logging_mixin.py:109} INFO - [2022-09-30 12:37:01,616] {dagbag.py:500} INFO - Filling up the DagBag from /home/airflow/.local/lib/python3.7/site-packages/airflow/example_dags/example_subdag_operator.py
[2022-09-30 12:37:01,657] {processor.py:654} INFO - DAG(s) dict_keys(['example_subdag_operator.section-1', 'example_subdag_operator.section-2', 'example_subdag_operator']) retrieved from /home/airflow/.local/lib/python3.7/site-packages/airflow/example_dags/example_subdag_operator.py
[2022-09-30 12:37:01,669] {logging_mixin.py:109} INFO - [2022-09-30 12:37:01,668] {dag.py:2398} INFO - Sync 3 DAGs
[2022-09-30 12:37:01,685] {logging_mixin.py:109} INFO - [2022-09-30 12:37:01,685] {dag.py:2937} INFO - Setting next_dagrun for example_subdag_operator to 2022-09-28T00:00:00+00:00
[2022-09-30 12:37:01,687] {logging_mixin.py:109} INFO - [2022-09-30 12:37:01,687] {dag.py:2937} INFO - Setting next_dagrun for example_subdag_operator.section-1 to None
[2022-09-30 12:37:01,688] {logging_mixin.py:109} INFO - [2022-09-30 12:37:01,688] {dag.py:2937} INFO - Setting next_dagrun for example_subdag_operator.section-2 to None
[2022-09-30 12:37:01,697] {logging_mixin.py:109} INFO - [2022-09-30 12:37:01,697] {dag.py:2398} INFO - Sync 2 DAGs
[2022-09-30 12:37:01,706] {logging_mixin.py:109} INFO - [2022-09-30 12:37:01,706] {dag.py:2937} INFO - Setting next_dagrun for example_subdag_operator.section-1 to None
[2022-09-30 12:37:01,707] {logging_mixin.py:109} INFO - [2022-09-30 12:37:01,707] {dag.py:2937} INFO - Setting next_dagrun for example_subdag_operator.section-2 to None
[2022-09-30 12:37:01,716] {processor.py:171} INFO - Processing /home/airflow/.local/lib/python3.7/site-packages/airflow/example_dags/example_subdag_operator.py took 0.108 seconds
[2022-09-30 12:37:32,447] {processor.py:163} INFO - Started process (PID=686) to work on /home/airflow/.local/lib/python3.7/site-packages/airflow/example_dags/example_subdag_operator.py
[2022-09-30 12:37:32,450] {processor.py:642} INFO - Processing file /home/airflow/.local/lib/python3.7/site-packages/airflow/example_dags/example_subdag_operator.py for tasks to queue
[2022-09-30 12:37:32,452] {logging_mixin.py:109} INFO - [2022-09-30 12:37:32,452] {dagbag.py:500} INFO - Filling up the DagBag from /home/airflow/.local/lib/python3.7/site-packages/airflow/example_dags/example_subdag_operator.py
[2022-09-30 12:37:32,497] {processor.py:654} INFO - DAG(s) dict_keys(['example_subdag_operator.section-1', 'example_subdag_operator.section-2', 'example_subdag_operator']) retrieved from /home/airflow/.local/lib/python3.7/site-packages/airflow/example_dags/example_subdag_operator.py
[2022-09-30 12:37:32,508] {logging_mixin.py:109} INFO - [2022-09-30 12:37:32,508] {dag.py:2398} INFO - Sync 3 DAGs
[2022-09-30 12:37:32,525] {logging_mixin.py:109} INFO - [2022-09-30 12:37:32,525] {dag.py:2937} INFO - Setting next_dagrun for example_subdag_operator to 2022-09-28T00:00:00+00:00
[2022-09-30 12:37:32,526] {logging_mixin.py:109} INFO - [2022-09-30 12:37:32,526] {dag.py:2937} INFO - Setting next_dagrun for example_subdag_operator.section-1 to None
[2022-09-30 12:37:32,527] {logging_mixin.py:109} INFO - [2022-09-30 12:37:32,527] {dag.py:2937} INFO - Setting next_dagrun for example_subdag_operator.section-2 to None
[2022-09-30 12:37:32,534] {logging_mixin.py:109} INFO - [2022-09-30 12:37:32,534] {dag.py:2398} INFO - Sync 2 DAGs
[2022-09-30 12:37:32,542] {logging_mixin.py:109} INFO - [2022-09-30 12:37:32,542] {dag.py:2937} INFO - Setting next_dagrun for example_subdag_operator.section-1 to None
[2022-09-30 12:37:32,543] {logging_mixin.py:109} INFO - [2022-09-30 12:37:32,543] {dag.py:2937} INFO - Setting next_dagrun for example_subdag_operator.section-2 to None
[2022-09-30 12:37:32,551] {processor.py:171} INFO - Processing /home/airflow/.local/lib/python3.7/site-packages/airflow/example_dags/example_subdag_operator.py took 0.112 seconds
[2022-09-30 12:38:02,837] {processor.py:163} INFO - Started process (PID=737) to work on /home/airflow/.local/lib/python3.7/site-packages/airflow/example_dags/example_subdag_operator.py
[2022-09-30 12:38:02,839] {processor.py:642} INFO - Processing file /home/airflow/.local/lib/python3.7/site-packages/airflow/example_dags/example_subdag_operator.py for tasks to queue
[2022-09-30 12:38:02,840] {logging_mixin.py:109} INFO - [2022-09-30 12:38:02,840] {dagbag.py:500} INFO - Filling up the DagBag from /home/airflow/.local/lib/python3.7/site-packages/airflow/example_dags/example_subdag_operator.py
[2022-09-30 12:38:02,887] {processor.py:654} INFO - DAG(s) dict_keys(['example_subdag_operator.section-1', 'example_subdag_operator.section-2', 'example_subdag_operator']) retrieved from /home/airflow/.local/lib/python3.7/site-packages/airflow/example_dags/example_subdag_operator.py
[2022-09-30 12:38:02,907] {logging_mixin.py:109} INFO - [2022-09-30 12:38:02,907] {dag.py:2398} INFO - Sync 3 DAGs
[2022-09-30 12:38:02,932] {logging_mixin.py:109} INFO - [2022-09-30 12:38:02,931] {dag.py:2937} INFO - Setting next_dagrun for example_subdag_operator to 2022-09-28T00:00:00+00:00
[2022-09-30 12:38:02,933] {logging_mixin.py:109} INFO - [2022-09-30 12:38:02,933] {dag.py:2937} INFO - Setting next_dagrun for example_subdag_operator.section-1 to None
[2022-09-30 12:38:02,935] {logging_mixin.py:109} INFO - [2022-09-30 12:38:02,934] {dag.py:2937} INFO - Setting next_dagrun for example_subdag_operator.section-2 to None
[2022-09-30 12:38:02,947] {logging_mixin.py:109} INFO - [2022-09-30 12:38:02,946] {dag.py:2398} INFO - Sync 2 DAGs
[2022-09-30 12:38:02,958] {logging_mixin.py:109} INFO - [2022-09-30 12:38:02,958] {dag.py:2937} INFO - Setting next_dagrun for example_subdag_operator.section-1 to None
[2022-09-30 12:38:02,959] {logging_mixin.py:109} INFO - [2022-09-30 12:38:02,959] {dag.py:2937} INFO - Setting next_dagrun for example_subdag_operator.section-2 to None
[2022-09-30 12:38:02,969] {processor.py:171} INFO - Processing /home/airflow/.local/lib/python3.7/site-packages/airflow/example_dags/example_subdag_operator.py took 0.137 seconds
[2022-09-30 12:38:33,515] {processor.py:163} INFO - Started process (PID=797) to work on /home/airflow/.local/lib/python3.7/site-packages/airflow/example_dags/example_subdag_operator.py
[2022-09-30 12:38:33,518] {processor.py:642} INFO - Processing file /home/airflow/.local/lib/python3.7/site-packages/airflow/example_dags/example_subdag_operator.py for tasks to queue
[2022-09-30 12:38:33,519] {logging_mixin.py:109} INFO - [2022-09-30 12:38:33,519] {dagbag.py:500} INFO - Filling up the DagBag from /home/airflow/.local/lib/python3.7/site-packages/airflow/example_dags/example_subdag_operator.py
[2022-09-30 12:38:33,557] {processor.py:654} INFO - DAG(s) dict_keys(['example_subdag_operator.section-1', 'example_subdag_operator.section-2', 'example_subdag_operator']) retrieved from /home/airflow/.local/lib/python3.7/site-packages/airflow/example_dags/example_subdag_operator.py
[2022-09-30 12:38:33,568] {logging_mixin.py:109} INFO - [2022-09-30 12:38:33,568] {dag.py:2398} INFO - Sync 3 DAGs
[2022-09-30 12:38:33,589] {logging_mixin.py:109} INFO - [2022-09-30 12:38:33,589] {dag.py:2937} INFO - Setting next_dagrun for example_subdag_operator to 2022-09-28T00:00:00+00:00
[2022-09-30 12:38:33,590] {logging_mixin.py:109} INFO - [2022-09-30 12:38:33,590] {dag.py:2937} INFO - Setting next_dagrun for example_subdag_operator.section-1 to None
[2022-09-30 12:38:33,592] {logging_mixin.py:109} INFO - [2022-09-30 12:38:33,591] {dag.py:2937} INFO - Setting next_dagrun for example_subdag_operator.section-2 to None
[2022-09-30 12:38:33,605] {logging_mixin.py:109} INFO - [2022-09-30 12:38:33,605] {dag.py:2398} INFO - Sync 2 DAGs
[2022-09-30 12:38:33,615] {logging_mixin.py:109} INFO - [2022-09-30 12:38:33,615] {dag.py:2937} INFO - Setting next_dagrun for example_subdag_operator.section-1 to None
[2022-09-30 12:38:33,616] {logging_mixin.py:109} INFO - [2022-09-30 12:38:33,616] {dag.py:2937} INFO - Setting next_dagrun for example_subdag_operator.section-2 to None
[2022-09-30 12:38:33,625] {processor.py:171} INFO - Processing /home/airflow/.local/lib/python3.7/site-packages/airflow/example_dags/example_subdag_operator.py took 0.113 seconds
[2022-09-30 12:39:04,166] {processor.py:163} INFO - Started process (PID=848) to work on /home/airflow/.local/lib/python3.7/site-packages/airflow/example_dags/example_subdag_operator.py
[2022-09-30 12:39:04,169] {processor.py:642} INFO - Processing file /home/airflow/.local/lib/python3.7/site-packages/airflow/example_dags/example_subdag_operator.py for tasks to queue
[2022-09-30 12:39:04,172] {logging_mixin.py:109} INFO - [2022-09-30 12:39:04,171] {dagbag.py:500} INFO - Filling up the DagBag from /home/airflow/.local/lib/python3.7/site-packages/airflow/example_dags/example_subdag_operator.py
[2022-09-30 12:39:04,219] {processor.py:654} INFO - DAG(s) dict_keys(['example_subdag_operator.section-1', 'example_subdag_operator.section-2', 'example_subdag_operator']) retrieved from /home/airflow/.local/lib/python3.7/site-packages/airflow/example_dags/example_subdag_operator.py
[2022-09-30 12:39:04,235] {logging_mixin.py:109} INFO - [2022-09-30 12:39:04,234] {dag.py:2398} INFO - Sync 3 DAGs
[2022-09-30 12:39:04,256] {logging_mixin.py:109} INFO - [2022-09-30 12:39:04,256] {dag.py:2937} INFO - Setting next_dagrun for example_subdag_operator to 2022-09-28T00:00:00+00:00
[2022-09-30 12:39:04,258] {logging_mixin.py:109} INFO - [2022-09-30 12:39:04,257] {dag.py:2937} INFO - Setting next_dagrun for example_subdag_operator.section-1 to None
[2022-09-30 12:39:04,259] {logging_mixin.py:109} INFO - [2022-09-30 12:39:04,259] {dag.py:2937} INFO - Setting next_dagrun for example_subdag_operator.section-2 to None
[2022-09-30 12:39:04,269] {logging_mixin.py:109} INFO - [2022-09-30 12:39:04,269] {dag.py:2398} INFO - Sync 2 DAGs
[2022-09-30 12:39:04,280] {logging_mixin.py:109} INFO - [2022-09-30 12:39:04,280] {dag.py:2937} INFO - Setting next_dagrun for example_subdag_operator.section-1 to None
[2022-09-30 12:39:04,281] {logging_mixin.py:109} INFO - [2022-09-30 12:39:04,281] {dag.py:2937} INFO - Setting next_dagrun for example_subdag_operator.section-2 to None
[2022-09-30 12:39:04,290] {processor.py:171} INFO - Processing /home/airflow/.local/lib/python3.7/site-packages/airflow/example_dags/example_subdag_operator.py took 0.131 seconds
[2022-09-30 12:39:34,342] {processor.py:163} INFO - Started process (PID=899) to work on /home/airflow/.local/lib/python3.7/site-packages/airflow/example_dags/example_subdag_operator.py
[2022-09-30 12:39:34,344] {processor.py:642} INFO - Processing file /home/airflow/.local/lib/python3.7/site-packages/airflow/example_dags/example_subdag_operator.py for tasks to queue
[2022-09-30 12:39:34,346] {logging_mixin.py:109} INFO - [2022-09-30 12:39:34,346] {dagbag.py:500} INFO - Filling up the DagBag from /home/airflow/.local/lib/python3.7/site-packages/airflow/example_dags/example_subdag_operator.py
[2022-09-30 12:39:34,406] {processor.py:654} INFO - DAG(s) dict_keys(['example_subdag_operator.section-1', 'example_subdag_operator.section-2', 'example_subdag_operator']) retrieved from /home/airflow/.local/lib/python3.7/site-packages/airflow/example_dags/example_subdag_operator.py
[2022-09-30 12:39:34,422] {logging_mixin.py:109} INFO - [2022-09-30 12:39:34,422] {dag.py:2398} INFO - Sync 3 DAGs
[2022-09-30 12:39:34,441] {logging_mixin.py:109} INFO - [2022-09-30 12:39:34,441] {dag.py:2937} INFO - Setting next_dagrun for example_subdag_operator to 2022-09-28T00:00:00+00:00
[2022-09-30 12:39:34,443] {logging_mixin.py:109} INFO - [2022-09-30 12:39:34,443] {dag.py:2937} INFO - Setting next_dagrun for example_subdag_operator.section-1 to None
[2022-09-30 12:39:34,444] {logging_mixin.py:109} INFO - [2022-09-30 12:39:34,444] {dag.py:2937} INFO - Setting next_dagrun for example_subdag_operator.section-2 to None
[2022-09-30 12:39:34,452] {logging_mixin.py:109} INFO - [2022-09-30 12:39:34,452] {dag.py:2398} INFO - Sync 2 DAGs
[2022-09-30 12:39:34,461] {logging_mixin.py:109} INFO - [2022-09-30 12:39:34,461] {dag.py:2937} INFO - Setting next_dagrun for example_subdag_operator.section-1 to None
[2022-09-30 12:39:34,462] {logging_mixin.py:109} INFO - [2022-09-30 12:39:34,462] {dag.py:2937} INFO - Setting next_dagrun for example_subdag_operator.section-2 to None
[2022-09-30 12:39:34,473] {processor.py:171} INFO - Processing /home/airflow/.local/lib/python3.7/site-packages/airflow/example_dags/example_subdag_operator.py took 0.134 seconds
[2022-09-30 12:40:04,576] {processor.py:163} INFO - Started process (PID=959) to work on /home/airflow/.local/lib/python3.7/site-packages/airflow/example_dags/example_subdag_operator.py
[2022-09-30 12:40:04,579] {processor.py:642} INFO - Processing file /home/airflow/.local/lib/python3.7/site-packages/airflow/example_dags/example_subdag_operator.py for tasks to queue
[2022-09-30 12:40:04,580] {logging_mixin.py:109} INFO - [2022-09-30 12:40:04,580] {dagbag.py:500} INFO - Filling up the DagBag from /home/airflow/.local/lib/python3.7/site-packages/airflow/example_dags/example_subdag_operator.py
[2022-09-30 12:40:04,628] {processor.py:654} INFO - DAG(s) dict_keys(['example_subdag_operator.section-1', 'example_subdag_operator.section-2', 'example_subdag_operator']) retrieved from /home/airflow/.local/lib/python3.7/site-packages/airflow/example_dags/example_subdag_operator.py
[2022-09-30 12:40:04,642] {logging_mixin.py:109} INFO - [2022-09-30 12:40:04,642] {dag.py:2398} INFO - Sync 3 DAGs
[2022-09-30 12:40:04,664] {logging_mixin.py:109} INFO - [2022-09-30 12:40:04,664] {dag.py:2937} INFO - Setting next_dagrun for example_subdag_operator to 2022-09-28T00:00:00+00:00
[2022-09-30 12:40:04,665] {logging_mixin.py:109} INFO - [2022-09-30 12:40:04,665] {dag.py:2937} INFO - Setting next_dagrun for example_subdag_operator.section-1 to None
[2022-09-30 12:40:04,666] {logging_mixin.py:109} INFO - [2022-09-30 12:40:04,666] {dag.py:2937} INFO - Setting next_dagrun for example_subdag_operator.section-2 to None
[2022-09-30 12:40:04,673] {logging_mixin.py:109} INFO - [2022-09-30 12:40:04,673] {dag.py:2398} INFO - Sync 2 DAGs
[2022-09-30 12:40:04,683] {logging_mixin.py:109} INFO - [2022-09-30 12:40:04,683] {dag.py:2937} INFO - Setting next_dagrun for example_subdag_operator.section-1 to None
[2022-09-30 12:40:04,685] {logging_mixin.py:109} INFO - [2022-09-30 12:40:04,684] {dag.py:2937} INFO - Setting next_dagrun for example_subdag_operator.section-2 to None
[2022-09-30 12:40:04,694] {processor.py:171} INFO - Processing /home/airflow/.local/lib/python3.7/site-packages/airflow/example_dags/example_subdag_operator.py took 0.121 seconds
[2022-09-30 12:40:34,735] {processor.py:163} INFO - Started process (PID=1010) to work on /home/airflow/.local/lib/python3.7/site-packages/airflow/example_dags/example_subdag_operator.py
[2022-09-30 12:40:34,737] {processor.py:642} INFO - Processing file /home/airflow/.local/lib/python3.7/site-packages/airflow/example_dags/example_subdag_operator.py for tasks to queue
[2022-09-30 12:40:34,739] {logging_mixin.py:109} INFO - [2022-09-30 12:40:34,739] {dagbag.py:500} INFO - Filling up the DagBag from /home/airflow/.local/lib/python3.7/site-packages/airflow/example_dags/example_subdag_operator.py
[2022-09-30 12:40:34,783] {processor.py:654} INFO - DAG(s) dict_keys(['example_subdag_operator.section-1', 'example_subdag_operator.section-2', 'example_subdag_operator']) retrieved from /home/airflow/.local/lib/python3.7/site-packages/airflow/example_dags/example_subdag_operator.py
[2022-09-30 12:40:34,798] {logging_mixin.py:109} INFO - [2022-09-30 12:40:34,798] {dag.py:2398} INFO - Sync 3 DAGs
[2022-09-30 12:40:34,817] {logging_mixin.py:109} INFO - [2022-09-30 12:40:34,816] {dag.py:2937} INFO - Setting next_dagrun for example_subdag_operator to 2022-09-28T00:00:00+00:00
[2022-09-30 12:40:34,818] {logging_mixin.py:109} INFO - [2022-09-30 12:40:34,818] {dag.py:2937} INFO - Setting next_dagrun for example_subdag_operator.section-1 to None
[2022-09-30 12:40:34,820] {logging_mixin.py:109} INFO - [2022-09-30 12:40:34,820] {dag.py:2937} INFO - Setting next_dagrun for example_subdag_operator.section-2 to None
[2022-09-30 12:40:34,828] {logging_mixin.py:109} INFO - [2022-09-30 12:40:34,828] {dag.py:2398} INFO - Sync 2 DAGs
[2022-09-30 12:40:34,837] {logging_mixin.py:109} INFO - [2022-09-30 12:40:34,837] {dag.py:2937} INFO - Setting next_dagrun for example_subdag_operator.section-1 to None
[2022-09-30 12:40:34,838] {logging_mixin.py:109} INFO - [2022-09-30 12:40:34,838] {dag.py:2937} INFO - Setting next_dagrun for example_subdag_operator.section-2 to None
[2022-09-30 12:40:34,853] {processor.py:171} INFO - Processing /home/airflow/.local/lib/python3.7/site-packages/airflow/example_dags/example_subdag_operator.py took 0.121 seconds
[2022-09-30 12:41:05,149] {processor.py:163} INFO - Started process (PID=1068) to work on /home/airflow/.local/lib/python3.7/site-packages/airflow/example_dags/example_subdag_operator.py
[2022-09-30 12:41:05,164] {processor.py:642} INFO - Processing file /home/airflow/.local/lib/python3.7/site-packages/airflow/example_dags/example_subdag_operator.py for tasks to queue
[2022-09-30 12:41:05,169] {logging_mixin.py:109} INFO - [2022-09-30 12:41:05,168] {dagbag.py:500} INFO - Filling up the DagBag from /home/airflow/.local/lib/python3.7/site-packages/airflow/example_dags/example_subdag_operator.py
[2022-09-30 12:41:05,333] {processor.py:654} INFO - DAG(s) dict_keys(['example_subdag_operator.section-1', 'example_subdag_operator.section-2', 'example_subdag_operator']) retrieved from /home/airflow/.local/lib/python3.7/site-packages/airflow/example_dags/example_subdag_operator.py
[2022-09-30 12:41:05,350] {logging_mixin.py:109} INFO - [2022-09-30 12:41:05,350] {dag.py:2398} INFO - Sync 3 DAGs
[2022-09-30 12:41:05,400] {logging_mixin.py:109} INFO - [2022-09-30 12:41:05,399] {dag.py:2937} INFO - Setting next_dagrun for example_subdag_operator to 2022-09-28T00:00:00+00:00
[2022-09-30 12:41:05,402] {logging_mixin.py:109} INFO - [2022-09-30 12:41:05,402] {dag.py:2937} INFO - Setting next_dagrun for example_subdag_operator.section-1 to None
[2022-09-30 12:41:05,404] {logging_mixin.py:109} INFO - [2022-09-30 12:41:05,404] {dag.py:2937} INFO - Setting next_dagrun for example_subdag_operator.section-2 to None
[2022-09-30 12:41:05,412] {logging_mixin.py:109} INFO - [2022-09-30 12:41:05,412] {dag.py:2398} INFO - Sync 2 DAGs
[2022-09-30 12:41:05,422] {logging_mixin.py:109} INFO - [2022-09-30 12:41:05,422] {dag.py:2937} INFO - Setting next_dagrun for example_subdag_operator.section-1 to None
[2022-09-30 12:41:05,424] {logging_mixin.py:109} INFO - [2022-09-30 12:41:05,423] {dag.py:2937} INFO - Setting next_dagrun for example_subdag_operator.section-2 to None
[2022-09-30 12:41:05,435] {processor.py:171} INFO - Processing /home/airflow/.local/lib/python3.7/site-packages/airflow/example_dags/example_subdag_operator.py took 0.292 seconds
[2022-09-30 12:41:35,786] {processor.py:163} INFO - Started process (PID=1122) to work on /home/airflow/.local/lib/python3.7/site-packages/airflow/example_dags/example_subdag_operator.py
[2022-09-30 12:41:35,789] {processor.py:642} INFO - Processing file /home/airflow/.local/lib/python3.7/site-packages/airflow/example_dags/example_subdag_operator.py for tasks to queue
[2022-09-30 12:41:35,791] {logging_mixin.py:109} INFO - [2022-09-30 12:41:35,790] {dagbag.py:500} INFO - Filling up the DagBag from /home/airflow/.local/lib/python3.7/site-packages/airflow/example_dags/example_subdag_operator.py
[2022-09-30 12:41:35,847] {processor.py:654} INFO - DAG(s) dict_keys(['example_subdag_operator.section-1', 'example_subdag_operator.section-2', 'example_subdag_operator']) retrieved from /home/airflow/.local/lib/python3.7/site-packages/airflow/example_dags/example_subdag_operator.py
[2022-09-30 12:41:35,864] {logging_mixin.py:109} INFO - [2022-09-30 12:41:35,863] {dag.py:2398} INFO - Sync 3 DAGs
[2022-09-30 12:41:35,881] {logging_mixin.py:109} INFO - [2022-09-30 12:41:35,881] {dag.py:2937} INFO - Setting next_dagrun for example_subdag_operator to 2022-09-28T00:00:00+00:00
[2022-09-30 12:41:35,882] {logging_mixin.py:109} INFO - [2022-09-30 12:41:35,882] {dag.py:2937} INFO - Setting next_dagrun for example_subdag_operator.section-1 to None
[2022-09-30 12:41:35,883] {logging_mixin.py:109} INFO - [2022-09-30 12:41:35,883] {dag.py:2937} INFO - Setting next_dagrun for example_subdag_operator.section-2 to None
[2022-09-30 12:41:35,889] {logging_mixin.py:109} INFO - [2022-09-30 12:41:35,889] {dag.py:2398} INFO - Sync 2 DAGs
[2022-09-30 12:41:35,897] {logging_mixin.py:109} INFO - [2022-09-30 12:41:35,897] {dag.py:2937} INFO - Setting next_dagrun for example_subdag_operator.section-1 to None
[2022-09-30 12:41:35,898] {logging_mixin.py:109} INFO - [2022-09-30 12:41:35,898] {dag.py:2937} INFO - Setting next_dagrun for example_subdag_operator.section-2 to None
[2022-09-30 12:41:35,906] {processor.py:171} INFO - Processing /home/airflow/.local/lib/python3.7/site-packages/airflow/example_dags/example_subdag_operator.py took 0.126 seconds
[2022-09-30 12:42:06,175] {processor.py:163} INFO - Started process (PID=1174) to work on /home/airflow/.local/lib/python3.7/site-packages/airflow/example_dags/example_subdag_operator.py
[2022-09-30 12:42:06,177] {processor.py:642} INFO - Processing file /home/airflow/.local/lib/python3.7/site-packages/airflow/example_dags/example_subdag_operator.py for tasks to queue
[2022-09-30 12:42:06,179] {logging_mixin.py:109} INFO - [2022-09-30 12:42:06,179] {dagbag.py:500} INFO - Filling up the DagBag from /home/airflow/.local/lib/python3.7/site-packages/airflow/example_dags/example_subdag_operator.py
[2022-09-30 12:42:06,227] {processor.py:654} INFO - DAG(s) dict_keys(['example_subdag_operator.section-1', 'example_subdag_operator.section-2', 'example_subdag_operator']) retrieved from /home/airflow/.local/lib/python3.7/site-packages/airflow/example_dags/example_subdag_operator.py
[2022-09-30 12:42:06,242] {logging_mixin.py:109} INFO - [2022-09-30 12:42:06,242] {dag.py:2398} INFO - Sync 3 DAGs
[2022-09-30 12:42:06,265] {logging_mixin.py:109} INFO - [2022-09-30 12:42:06,265] {dag.py:2937} INFO - Setting next_dagrun for example_subdag_operator to 2022-09-28T00:00:00+00:00
[2022-09-30 12:42:06,267] {logging_mixin.py:109} INFO - [2022-09-30 12:42:06,267] {dag.py:2937} INFO - Setting next_dagrun for example_subdag_operator.section-1 to None
[2022-09-30 12:42:06,268] {logging_mixin.py:109} INFO - [2022-09-30 12:42:06,268] {dag.py:2937} INFO - Setting next_dagrun for example_subdag_operator.section-2 to None
[2022-09-30 12:42:06,277] {logging_mixin.py:109} INFO - [2022-09-30 12:42:06,277] {dag.py:2398} INFO - Sync 2 DAGs
[2022-09-30 12:42:06,287] {logging_mixin.py:109} INFO - [2022-09-30 12:42:06,286] {dag.py:2937} INFO - Setting next_dagrun for example_subdag_operator.section-1 to None
[2022-09-30 12:42:06,288] {logging_mixin.py:109} INFO - [2022-09-30 12:42:06,288] {dag.py:2937} INFO - Setting next_dagrun for example_subdag_operator.section-2 to None
[2022-09-30 12:42:06,295] {processor.py:171} INFO - Processing /home/airflow/.local/lib/python3.7/site-packages/airflow/example_dags/example_subdag_operator.py took 0.127 seconds
[2022-09-30 12:42:36,402] {processor.py:163} INFO - Started process (PID=1235) to work on /home/airflow/.local/lib/python3.7/site-packages/airflow/example_dags/example_subdag_operator.py
[2022-09-30 12:42:36,404] {processor.py:642} INFO - Processing file /home/airflow/.local/lib/python3.7/site-packages/airflow/example_dags/example_subdag_operator.py for tasks to queue
[2022-09-30 12:42:36,406] {logging_mixin.py:109} INFO - [2022-09-30 12:42:36,406] {dagbag.py:500} INFO - Filling up the DagBag from /home/airflow/.local/lib/python3.7/site-packages/airflow/example_dags/example_subdag_operator.py
[2022-09-30 12:42:36,455] {processor.py:654} INFO - DAG(s) dict_keys(['example_subdag_operator.section-1', 'example_subdag_operator.section-2', 'example_subdag_operator']) retrieved from /home/airflow/.local/lib/python3.7/site-packages/airflow/example_dags/example_subdag_operator.py
[2022-09-30 12:42:36,474] {logging_mixin.py:109} INFO - [2022-09-30 12:42:36,474] {dag.py:2398} INFO - Sync 3 DAGs
[2022-09-30 12:42:36,491] {logging_mixin.py:109} INFO - [2022-09-30 12:42:36,491] {dag.py:2937} INFO - Setting next_dagrun for example_subdag_operator to 2022-09-28T00:00:00+00:00
[2022-09-30 12:42:36,492] {logging_mixin.py:109} INFO - [2022-09-30 12:42:36,492] {dag.py:2937} INFO - Setting next_dagrun for example_subdag_operator.section-1 to None
[2022-09-30 12:42:36,493] {logging_mixin.py:109} INFO - [2022-09-30 12:42:36,493] {dag.py:2937} INFO - Setting next_dagrun for example_subdag_operator.section-2 to None
[2022-09-30 12:42:36,500] {logging_mixin.py:109} INFO - [2022-09-30 12:42:36,500] {dag.py:2398} INFO - Sync 2 DAGs
[2022-09-30 12:42:36,509] {logging_mixin.py:109} INFO - [2022-09-30 12:42:36,508] {dag.py:2937} INFO - Setting next_dagrun for example_subdag_operator.section-1 to None
[2022-09-30 12:42:36,510] {logging_mixin.py:109} INFO - [2022-09-30 12:42:36,510] {dag.py:2937} INFO - Setting next_dagrun for example_subdag_operator.section-2 to None
[2022-09-30 12:42:36,518] {processor.py:171} INFO - Processing /home/airflow/.local/lib/python3.7/site-packages/airflow/example_dags/example_subdag_operator.py took 0.120 seconds
[2022-09-30 12:43:06,583] {processor.py:163} INFO - Started process (PID=1286) to work on /home/airflow/.local/lib/python3.7/site-packages/airflow/example_dags/example_subdag_operator.py
[2022-09-30 12:43:06,584] {processor.py:642} INFO - Processing file /home/airflow/.local/lib/python3.7/site-packages/airflow/example_dags/example_subdag_operator.py for tasks to queue
[2022-09-30 12:43:06,586] {logging_mixin.py:109} INFO - [2022-09-30 12:43:06,585] {dagbag.py:500} INFO - Filling up the DagBag from /home/airflow/.local/lib/python3.7/site-packages/airflow/example_dags/example_subdag_operator.py
[2022-09-30 12:43:06,626] {processor.py:654} INFO - DAG(s) dict_keys(['example_subdag_operator.section-1', 'example_subdag_operator.section-2', 'example_subdag_operator']) retrieved from /home/airflow/.local/lib/python3.7/site-packages/airflow/example_dags/example_subdag_operator.py
[2022-09-30 12:43:06,638] {logging_mixin.py:109} INFO - [2022-09-30 12:43:06,638] {dag.py:2398} INFO - Sync 3 DAGs
[2022-09-30 12:43:06,655] {logging_mixin.py:109} INFO - [2022-09-30 12:43:06,655] {dag.py:2937} INFO - Setting next_dagrun for example_subdag_operator to 2022-09-28T00:00:00+00:00
[2022-09-30 12:43:06,656] {logging_mixin.py:109} INFO - [2022-09-30 12:43:06,656] {dag.py:2937} INFO - Setting next_dagrun for example_subdag_operator.section-1 to None
[2022-09-30 12:43:06,658] {logging_mixin.py:109} INFO - [2022-09-30 12:43:06,658] {dag.py:2937} INFO - Setting next_dagrun for example_subdag_operator.section-2 to None
[2022-09-30 12:43:06,665] {logging_mixin.py:109} INFO - [2022-09-30 12:43:06,665] {dag.py:2398} INFO - Sync 2 DAGs
[2022-09-30 12:43:06,674] {logging_mixin.py:109} INFO - [2022-09-30 12:43:06,674] {dag.py:2937} INFO - Setting next_dagrun for example_subdag_operator.section-1 to None
[2022-09-30 12:43:06,675] {logging_mixin.py:109} INFO - [2022-09-30 12:43:06,675] {dag.py:2937} INFO - Setting next_dagrun for example_subdag_operator.section-2 to None
[2022-09-30 12:43:06,682] {processor.py:171} INFO - Processing /home/airflow/.local/lib/python3.7/site-packages/airflow/example_dags/example_subdag_operator.py took 0.105 seconds
[2022-09-30 12:43:36,885] {processor.py:163} INFO - Started process (PID=1347) to work on /home/airflow/.local/lib/python3.7/site-packages/airflow/example_dags/example_subdag_operator.py
[2022-09-30 12:43:36,887] {processor.py:642} INFO - Processing file /home/airflow/.local/lib/python3.7/site-packages/airflow/example_dags/example_subdag_operator.py for tasks to queue
[2022-09-30 12:43:36,888] {logging_mixin.py:109} INFO - [2022-09-30 12:43:36,888] {dagbag.py:500} INFO - Filling up the DagBag from /home/airflow/.local/lib/python3.7/site-packages/airflow/example_dags/example_subdag_operator.py
[2022-09-30 12:43:36,930] {processor.py:654} INFO - DAG(s) dict_keys(['example_subdag_operator.section-1', 'example_subdag_operator.section-2', 'example_subdag_operator']) retrieved from /home/airflow/.local/lib/python3.7/site-packages/airflow/example_dags/example_subdag_operator.py
[2022-09-30 12:43:36,942] {logging_mixin.py:109} INFO - [2022-09-30 12:43:36,942] {dag.py:2398} INFO - Sync 3 DAGs
[2022-09-30 12:43:36,958] {logging_mixin.py:109} INFO - [2022-09-30 12:43:36,958] {dag.py:2937} INFO - Setting next_dagrun for example_subdag_operator to 2022-09-28T00:00:00+00:00
[2022-09-30 12:43:36,959] {logging_mixin.py:109} INFO - [2022-09-30 12:43:36,959] {dag.py:2937} INFO - Setting next_dagrun for example_subdag_operator.section-1 to None
[2022-09-30 12:43:36,960] {logging_mixin.py:109} INFO - [2022-09-30 12:43:36,960] {dag.py:2937} INFO - Setting next_dagrun for example_subdag_operator.section-2 to None
[2022-09-30 12:43:36,966] {logging_mixin.py:109} INFO - [2022-09-30 12:43:36,966] {dag.py:2398} INFO - Sync 2 DAGs
[2022-09-30 12:43:36,978] {logging_mixin.py:109} INFO - [2022-09-30 12:43:36,978] {dag.py:2937} INFO - Setting next_dagrun for example_subdag_operator.section-1 to None
[2022-09-30 12:43:36,979] {logging_mixin.py:109} INFO - [2022-09-30 12:43:36,979] {dag.py:2937} INFO - Setting next_dagrun for example_subdag_operator.section-2 to None
[2022-09-30 12:43:36,990] {processor.py:171} INFO - Processing /home/airflow/.local/lib/python3.7/site-packages/airflow/example_dags/example_subdag_operator.py took 0.109 seconds
[2022-09-30 12:44:07,089] {processor.py:163} INFO - Started process (PID=1398) to work on /home/airflow/.local/lib/python3.7/site-packages/airflow/example_dags/example_subdag_operator.py
[2022-09-30 12:44:07,092] {processor.py:642} INFO - Processing file /home/airflow/.local/lib/python3.7/site-packages/airflow/example_dags/example_subdag_operator.py for tasks to queue
[2022-09-30 12:44:07,094] {logging_mixin.py:109} INFO - [2022-09-30 12:44:07,094] {dagbag.py:500} INFO - Filling up the DagBag from /home/airflow/.local/lib/python3.7/site-packages/airflow/example_dags/example_subdag_operator.py
[2022-09-30 12:44:07,147] {processor.py:654} INFO - DAG(s) dict_keys(['example_subdag_operator.section-1', 'example_subdag_operator.section-2', 'example_subdag_operator']) retrieved from /home/airflow/.local/lib/python3.7/site-packages/airflow/example_dags/example_subdag_operator.py
[2022-09-30 12:44:07,162] {logging_mixin.py:109} INFO - [2022-09-30 12:44:07,162] {dag.py:2398} INFO - Sync 3 DAGs
[2022-09-30 12:44:07,181] {logging_mixin.py:109} INFO - [2022-09-30 12:44:07,181] {dag.py:2937} INFO - Setting next_dagrun for example_subdag_operator to 2022-09-28T00:00:00+00:00
[2022-09-30 12:44:07,184] {logging_mixin.py:109} INFO - [2022-09-30 12:44:07,184] {dag.py:2937} INFO - Setting next_dagrun for example_subdag_operator.section-1 to None
[2022-09-30 12:44:07,185] {logging_mixin.py:109} INFO - [2022-09-30 12:44:07,185] {dag.py:2937} INFO - Setting next_dagrun for example_subdag_operator.section-2 to None
[2022-09-30 12:44:07,194] {logging_mixin.py:109} INFO - [2022-09-30 12:44:07,193] {dag.py:2398} INFO - Sync 2 DAGs
[2022-09-30 12:44:07,204] {logging_mixin.py:109} INFO - [2022-09-30 12:44:07,204] {dag.py:2937} INFO - Setting next_dagrun for example_subdag_operator.section-1 to None
[2022-09-30 12:44:07,206] {logging_mixin.py:109} INFO - [2022-09-30 12:44:07,206] {dag.py:2937} INFO - Setting next_dagrun for example_subdag_operator.section-2 to None
[2022-09-30 12:44:07,219] {processor.py:171} INFO - Processing /home/airflow/.local/lib/python3.7/site-packages/airflow/example_dags/example_subdag_operator.py took 0.136 seconds
[2022-09-30 12:44:37,272] {processor.py:163} INFO - Started process (PID=1456) to work on /home/airflow/.local/lib/python3.7/site-packages/airflow/example_dags/example_subdag_operator.py
[2022-09-30 12:44:37,275] {processor.py:642} INFO - Processing file /home/airflow/.local/lib/python3.7/site-packages/airflow/example_dags/example_subdag_operator.py for tasks to queue
[2022-09-30 12:44:37,277] {logging_mixin.py:109} INFO - [2022-09-30 12:44:37,276] {dagbag.py:500} INFO - Filling up the DagBag from /home/airflow/.local/lib/python3.7/site-packages/airflow/example_dags/example_subdag_operator.py
[2022-09-30 12:44:37,318] {processor.py:654} INFO - DAG(s) dict_keys(['example_subdag_operator.section-1', 'example_subdag_operator.section-2', 'example_subdag_operator']) retrieved from /home/airflow/.local/lib/python3.7/site-packages/airflow/example_dags/example_subdag_operator.py
[2022-09-30 12:44:37,329] {logging_mixin.py:109} INFO - [2022-09-30 12:44:37,329] {dag.py:2398} INFO - Sync 3 DAGs
[2022-09-30 12:44:37,347] {logging_mixin.py:109} INFO - [2022-09-30 12:44:37,346] {dag.py:2937} INFO - Setting next_dagrun for example_subdag_operator to 2022-09-28T00:00:00+00:00
[2022-09-30 12:44:37,348] {logging_mixin.py:109} INFO - [2022-09-30 12:44:37,348] {dag.py:2937} INFO - Setting next_dagrun for example_subdag_operator.section-1 to None
[2022-09-30 12:44:37,349] {logging_mixin.py:109} INFO - [2022-09-30 12:44:37,349] {dag.py:2937} INFO - Setting next_dagrun for example_subdag_operator.section-2 to None
[2022-09-30 12:44:37,360] {logging_mixin.py:109} INFO - [2022-09-30 12:44:37,360] {dag.py:2398} INFO - Sync 2 DAGs
[2022-09-30 12:44:37,371] {logging_mixin.py:109} INFO - [2022-09-30 12:44:37,371] {dag.py:2937} INFO - Setting next_dagrun for example_subdag_operator.section-1 to None
[2022-09-30 12:44:37,373] {logging_mixin.py:109} INFO - [2022-09-30 12:44:37,372] {dag.py:2937} INFO - Setting next_dagrun for example_subdag_operator.section-2 to None
[2022-09-30 12:44:37,382] {processor.py:171} INFO - Processing /home/airflow/.local/lib/python3.7/site-packages/airflow/example_dags/example_subdag_operator.py took 0.113 seconds
[2022-09-30 12:45:07,898] {processor.py:163} INFO - Started process (PID=1510) to work on /home/airflow/.local/lib/python3.7/site-packages/airflow/example_dags/example_subdag_operator.py
[2022-09-30 12:45:07,900] {processor.py:642} INFO - Processing file /home/airflow/.local/lib/python3.7/site-packages/airflow/example_dags/example_subdag_operator.py for tasks to queue
[2022-09-30 12:45:07,901] {logging_mixin.py:109} INFO - [2022-09-30 12:45:07,901] {dagbag.py:500} INFO - Filling up the DagBag from /home/airflow/.local/lib/python3.7/site-packages/airflow/example_dags/example_subdag_operator.py
[2022-09-30 12:45:07,941] {processor.py:654} INFO - DAG(s) dict_keys(['example_subdag_operator.section-1', 'example_subdag_operator.section-2', 'example_subdag_operator']) retrieved from /home/airflow/.local/lib/python3.7/site-packages/airflow/example_dags/example_subdag_operator.py
[2022-09-30 12:45:07,954] {logging_mixin.py:109} INFO - [2022-09-30 12:45:07,953] {dag.py:2398} INFO - Sync 3 DAGs
[2022-09-30 12:45:07,969] {logging_mixin.py:109} INFO - [2022-09-30 12:45:07,968] {dag.py:2937} INFO - Setting next_dagrun for example_subdag_operator to 2022-09-28T00:00:00+00:00
[2022-09-30 12:45:07,970] {logging_mixin.py:109} INFO - [2022-09-30 12:45:07,970] {dag.py:2937} INFO - Setting next_dagrun for example_subdag_operator.section-1 to None
[2022-09-30 12:45:07,970] {logging_mixin.py:109} INFO - [2022-09-30 12:45:07,970] {dag.py:2937} INFO - Setting next_dagrun for example_subdag_operator.section-2 to None
[2022-09-30 12:45:07,977] {logging_mixin.py:109} INFO - [2022-09-30 12:45:07,977] {dag.py:2398} INFO - Sync 2 DAGs
[2022-09-30 12:45:07,985] {logging_mixin.py:109} INFO - [2022-09-30 12:45:07,985] {dag.py:2937} INFO - Setting next_dagrun for example_subdag_operator.section-1 to None
[2022-09-30 12:45:07,986] {logging_mixin.py:109} INFO - [2022-09-30 12:45:07,986] {dag.py:2937} INFO - Setting next_dagrun for example_subdag_operator.section-2 to None
[2022-09-30 12:45:07,995] {processor.py:171} INFO - Processing /home/airflow/.local/lib/python3.7/site-packages/airflow/example_dags/example_subdag_operator.py took 0.101 seconds
[2022-09-30 12:45:38,100] {processor.py:163} INFO - Started process (PID=1561) to work on /home/airflow/.local/lib/python3.7/site-packages/airflow/example_dags/example_subdag_operator.py
[2022-09-30 12:45:38,102] {processor.py:642} INFO - Processing file /home/airflow/.local/lib/python3.7/site-packages/airflow/example_dags/example_subdag_operator.py for tasks to queue
[2022-09-30 12:45:38,103] {logging_mixin.py:109} INFO - [2022-09-30 12:45:38,103] {dagbag.py:500} INFO - Filling up the DagBag from /home/airflow/.local/lib/python3.7/site-packages/airflow/example_dags/example_subdag_operator.py
[2022-09-30 12:45:38,157] {processor.py:654} INFO - DAG(s) dict_keys(['example_subdag_operator.section-1', 'example_subdag_operator.section-2', 'example_subdag_operator']) retrieved from /home/airflow/.local/lib/python3.7/site-packages/airflow/example_dags/example_subdag_operator.py
[2022-09-30 12:45:38,171] {logging_mixin.py:109} INFO - [2022-09-30 12:45:38,171] {dag.py:2398} INFO - Sync 3 DAGs
[2022-09-30 12:45:38,189] {logging_mixin.py:109} INFO - [2022-09-30 12:45:38,189] {dag.py:2937} INFO - Setting next_dagrun for example_subdag_operator to 2022-09-28T00:00:00+00:00
[2022-09-30 12:45:38,190] {logging_mixin.py:109} INFO - [2022-09-30 12:45:38,190] {dag.py:2937} INFO - Setting next_dagrun for example_subdag_operator.section-1 to None
[2022-09-30 12:45:38,191] {logging_mixin.py:109} INFO - [2022-09-30 12:45:38,191] {dag.py:2937} INFO - Setting next_dagrun for example_subdag_operator.section-2 to None
[2022-09-30 12:45:38,197] {logging_mixin.py:109} INFO - [2022-09-30 12:45:38,197] {dag.py:2398} INFO - Sync 2 DAGs
[2022-09-30 12:45:38,206] {logging_mixin.py:109} INFO - [2022-09-30 12:45:38,206] {dag.py:2937} INFO - Setting next_dagrun for example_subdag_operator.section-1 to None
[2022-09-30 12:45:38,207] {logging_mixin.py:109} INFO - [2022-09-30 12:45:38,207] {dag.py:2937} INFO - Setting next_dagrun for example_subdag_operator.section-2 to None
[2022-09-30 12:45:38,215] {processor.py:171} INFO - Processing /home/airflow/.local/lib/python3.7/site-packages/airflow/example_dags/example_subdag_operator.py took 0.121 seconds
[2022-09-30 12:46:08,641] {processor.py:163} INFO - Started process (PID=1622) to work on /home/airflow/.local/lib/python3.7/site-packages/airflow/example_dags/example_subdag_operator.py
[2022-09-30 12:46:08,643] {processor.py:642} INFO - Processing file /home/airflow/.local/lib/python3.7/site-packages/airflow/example_dags/example_subdag_operator.py for tasks to queue
[2022-09-30 12:46:08,644] {logging_mixin.py:109} INFO - [2022-09-30 12:46:08,644] {dagbag.py:500} INFO - Filling up the DagBag from /home/airflow/.local/lib/python3.7/site-packages/airflow/example_dags/example_subdag_operator.py
[2022-09-30 12:46:08,683] {processor.py:654} INFO - DAG(s) dict_keys(['example_subdag_operator.section-1', 'example_subdag_operator.section-2', 'example_subdag_operator']) retrieved from /home/airflow/.local/lib/python3.7/site-packages/airflow/example_dags/example_subdag_operator.py
[2022-09-30 12:46:08,696] {logging_mixin.py:109} INFO - [2022-09-30 12:46:08,696] {dag.py:2398} INFO - Sync 3 DAGs
[2022-09-30 12:46:08,712] {logging_mixin.py:109} INFO - [2022-09-30 12:46:08,712] {dag.py:2937} INFO - Setting next_dagrun for example_subdag_operator to 2022-09-28T00:00:00+00:00
[2022-09-30 12:46:08,713] {logging_mixin.py:109} INFO - [2022-09-30 12:46:08,713] {dag.py:2937} INFO - Setting next_dagrun for example_subdag_operator.section-1 to None
[2022-09-30 12:46:08,714] {logging_mixin.py:109} INFO - [2022-09-30 12:46:08,714] {dag.py:2937} INFO - Setting next_dagrun for example_subdag_operator.section-2 to None
[2022-09-30 12:46:08,721] {logging_mixin.py:109} INFO - [2022-09-30 12:46:08,721] {dag.py:2398} INFO - Sync 2 DAGs
[2022-09-30 12:46:08,729] {logging_mixin.py:109} INFO - [2022-09-30 12:46:08,729] {dag.py:2937} INFO - Setting next_dagrun for example_subdag_operator.section-1 to None
[2022-09-30 12:46:08,730] {logging_mixin.py:109} INFO - [2022-09-30 12:46:08,730] {dag.py:2937} INFO - Setting next_dagrun for example_subdag_operator.section-2 to None
[2022-09-30 12:46:08,739] {processor.py:171} INFO - Processing /home/airflow/.local/lib/python3.7/site-packages/airflow/example_dags/example_subdag_operator.py took 0.102 seconds
[2022-09-30 12:46:39,062] {processor.py:163} INFO - Started process (PID=1672) to work on /home/airflow/.local/lib/python3.7/site-packages/airflow/example_dags/example_subdag_operator.py
[2022-09-30 12:46:39,065] {processor.py:642} INFO - Processing file /home/airflow/.local/lib/python3.7/site-packages/airflow/example_dags/example_subdag_operator.py for tasks to queue
[2022-09-30 12:46:39,067] {logging_mixin.py:109} INFO - [2022-09-30 12:46:39,067] {dagbag.py:500} INFO - Filling up the DagBag from /home/airflow/.local/lib/python3.7/site-packages/airflow/example_dags/example_subdag_operator.py
[2022-09-30 12:46:39,110] {processor.py:654} INFO - DAG(s) dict_keys(['example_subdag_operator.section-1', 'example_subdag_operator.section-2', 'example_subdag_operator']) retrieved from /home/airflow/.local/lib/python3.7/site-packages/airflow/example_dags/example_subdag_operator.py
[2022-09-30 12:46:39,126] {logging_mixin.py:109} INFO - [2022-09-30 12:46:39,125] {dag.py:2398} INFO - Sync 3 DAGs
[2022-09-30 12:46:39,145] {logging_mixin.py:109} INFO - [2022-09-30 12:46:39,144] {dag.py:2937} INFO - Setting next_dagrun for example_subdag_operator to 2022-09-28T00:00:00+00:00
[2022-09-30 12:46:39,146] {logging_mixin.py:109} INFO - [2022-09-30 12:46:39,146] {dag.py:2937} INFO - Setting next_dagrun for example_subdag_operator.section-1 to None
[2022-09-30 12:46:39,147] {logging_mixin.py:109} INFO - [2022-09-30 12:46:39,147] {dag.py:2937} INFO - Setting next_dagrun for example_subdag_operator.section-2 to None
[2022-09-30 12:46:39,155] {logging_mixin.py:109} INFO - [2022-09-30 12:46:39,155] {dag.py:2398} INFO - Sync 2 DAGs
[2022-09-30 12:46:39,172] {logging_mixin.py:109} INFO - [2022-09-30 12:46:39,172] {dag.py:2937} INFO - Setting next_dagrun for example_subdag_operator.section-1 to None
[2022-09-30 12:46:39,173] {logging_mixin.py:109} INFO - [2022-09-30 12:46:39,173] {dag.py:2937} INFO - Setting next_dagrun for example_subdag_operator.section-2 to None
[2022-09-30 12:46:39,183] {processor.py:171} INFO - Processing /home/airflow/.local/lib/python3.7/site-packages/airflow/example_dags/example_subdag_operator.py took 0.125 seconds
[2022-09-30 12:47:09,767] {processor.py:163} INFO - Started process (PID=1734) to work on /home/airflow/.local/lib/python3.7/site-packages/airflow/example_dags/example_subdag_operator.py
[2022-09-30 12:47:09,769] {processor.py:642} INFO - Processing file /home/airflow/.local/lib/python3.7/site-packages/airflow/example_dags/example_subdag_operator.py for tasks to queue
[2022-09-30 12:47:09,770] {logging_mixin.py:109} INFO - [2022-09-30 12:47:09,770] {dagbag.py:500} INFO - Filling up the DagBag from /home/airflow/.local/lib/python3.7/site-packages/airflow/example_dags/example_subdag_operator.py
[2022-09-30 12:47:09,821] {processor.py:654} INFO - DAG(s) dict_keys(['example_subdag_operator.section-1', 'example_subdag_operator.section-2', 'example_subdag_operator']) retrieved from /home/airflow/.local/lib/python3.7/site-packages/airflow/example_dags/example_subdag_operator.py
[2022-09-30 12:47:09,832] {logging_mixin.py:109} INFO - [2022-09-30 12:47:09,832] {dag.py:2398} INFO - Sync 3 DAGs
[2022-09-30 12:47:09,847] {logging_mixin.py:109} INFO - [2022-09-30 12:47:09,847] {dag.py:2937} INFO - Setting next_dagrun for example_subdag_operator to 2022-09-28T00:00:00+00:00
[2022-09-30 12:47:09,849] {logging_mixin.py:109} INFO - [2022-09-30 12:47:09,849] {dag.py:2937} INFO - Setting next_dagrun for example_subdag_operator.section-1 to None
[2022-09-30 12:47:09,850] {logging_mixin.py:109} INFO - [2022-09-30 12:47:09,850] {dag.py:2937} INFO - Setting next_dagrun for example_subdag_operator.section-2 to None
[2022-09-30 12:47:09,857] {logging_mixin.py:109} INFO - [2022-09-30 12:47:09,856] {dag.py:2398} INFO - Sync 2 DAGs
[2022-09-30 12:47:09,866] {logging_mixin.py:109} INFO - [2022-09-30 12:47:09,865] {dag.py:2937} INFO - Setting next_dagrun for example_subdag_operator.section-1 to None
[2022-09-30 12:47:09,867] {logging_mixin.py:109} INFO - [2022-09-30 12:47:09,867] {dag.py:2937} INFO - Setting next_dagrun for example_subdag_operator.section-2 to None
[2022-09-30 12:47:09,875] {processor.py:171} INFO - Processing /home/airflow/.local/lib/python3.7/site-packages/airflow/example_dags/example_subdag_operator.py took 0.112 seconds
[2022-09-30 12:47:40,388] {processor.py:163} INFO - Started process (PID=1785) to work on /home/airflow/.local/lib/python3.7/site-packages/airflow/example_dags/example_subdag_operator.py
[2022-09-30 12:47:40,391] {processor.py:642} INFO - Processing file /home/airflow/.local/lib/python3.7/site-packages/airflow/example_dags/example_subdag_operator.py for tasks to queue
[2022-09-30 12:47:40,392] {logging_mixin.py:109} INFO - [2022-09-30 12:47:40,392] {dagbag.py:500} INFO - Filling up the DagBag from /home/airflow/.local/lib/python3.7/site-packages/airflow/example_dags/example_subdag_operator.py
[2022-09-30 12:47:40,437] {processor.py:654} INFO - DAG(s) dict_keys(['example_subdag_operator.section-1', 'example_subdag_operator.section-2', 'example_subdag_operator']) retrieved from /home/airflow/.local/lib/python3.7/site-packages/airflow/example_dags/example_subdag_operator.py
[2022-09-30 12:47:40,450] {logging_mixin.py:109} INFO - [2022-09-30 12:47:40,450] {dag.py:2398} INFO - Sync 3 DAGs
[2022-09-30 12:47:40,467] {logging_mixin.py:109} INFO - [2022-09-30 12:47:40,467] {dag.py:2937} INFO - Setting next_dagrun for example_subdag_operator to 2022-09-28T00:00:00+00:00
[2022-09-30 12:47:40,469] {logging_mixin.py:109} INFO - [2022-09-30 12:47:40,469] {dag.py:2937} INFO - Setting next_dagrun for example_subdag_operator.section-1 to None
[2022-09-30 12:47:40,470] {logging_mixin.py:109} INFO - [2022-09-30 12:47:40,470] {dag.py:2937} INFO - Setting next_dagrun for example_subdag_operator.section-2 to None
[2022-09-30 12:47:40,478] {logging_mixin.py:109} INFO - [2022-09-30 12:47:40,478] {dag.py:2398} INFO - Sync 2 DAGs
[2022-09-30 12:47:40,487] {logging_mixin.py:109} INFO - [2022-09-30 12:47:40,487] {dag.py:2937} INFO - Setting next_dagrun for example_subdag_operator.section-1 to None
[2022-09-30 12:47:40,488] {logging_mixin.py:109} INFO - [2022-09-30 12:47:40,487] {dag.py:2937} INFO - Setting next_dagrun for example_subdag_operator.section-2 to None
[2022-09-30 12:47:40,496] {processor.py:171} INFO - Processing /home/airflow/.local/lib/python3.7/site-packages/airflow/example_dags/example_subdag_operator.py took 0.111 seconds
[2022-09-30 12:48:10,767] {processor.py:163} INFO - Started process (PID=1845) to work on /home/airflow/.local/lib/python3.7/site-packages/airflow/example_dags/example_subdag_operator.py
[2022-09-30 12:48:10,770] {processor.py:642} INFO - Processing file /home/airflow/.local/lib/python3.7/site-packages/airflow/example_dags/example_subdag_operator.py for tasks to queue
[2022-09-30 12:48:10,773] {logging_mixin.py:109} INFO - [2022-09-30 12:48:10,773] {dagbag.py:500} INFO - Filling up the DagBag from /home/airflow/.local/lib/python3.7/site-packages/airflow/example_dags/example_subdag_operator.py
[2022-09-30 12:48:10,814] {processor.py:654} INFO - DAG(s) dict_keys(['example_subdag_operator.section-1', 'example_subdag_operator.section-2', 'example_subdag_operator']) retrieved from /home/airflow/.local/lib/python3.7/site-packages/airflow/example_dags/example_subdag_operator.py
[2022-09-30 12:48:10,829] {logging_mixin.py:109} INFO - [2022-09-30 12:48:10,829] {dag.py:2398} INFO - Sync 3 DAGs
[2022-09-30 12:48:10,848] {logging_mixin.py:109} INFO - [2022-09-30 12:48:10,848] {dag.py:2937} INFO - Setting next_dagrun for example_subdag_operator to 2022-09-28T00:00:00+00:00
[2022-09-30 12:48:10,850] {logging_mixin.py:109} INFO - [2022-09-30 12:48:10,850] {dag.py:2937} INFO - Setting next_dagrun for example_subdag_operator.section-1 to None
[2022-09-30 12:48:10,852] {logging_mixin.py:109} INFO - [2022-09-30 12:48:10,851] {dag.py:2937} INFO - Setting next_dagrun for example_subdag_operator.section-2 to None
[2022-09-30 12:48:10,862] {logging_mixin.py:109} INFO - [2022-09-30 12:48:10,862] {dag.py:2398} INFO - Sync 2 DAGs
[2022-09-30 12:48:10,884] {logging_mixin.py:109} INFO - [2022-09-30 12:48:10,884] {dag.py:2937} INFO - Setting next_dagrun for example_subdag_operator.section-1 to None
[2022-09-30 12:48:10,886] {logging_mixin.py:109} INFO - [2022-09-30 12:48:10,886] {dag.py:2937} INFO - Setting next_dagrun for example_subdag_operator.section-2 to None
[2022-09-30 12:48:10,898] {processor.py:171} INFO - Processing /home/airflow/.local/lib/python3.7/site-packages/airflow/example_dags/example_subdag_operator.py took 0.136 seconds
[2022-09-30 12:48:41,240] {processor.py:163} INFO - Started process (PID=1898) to work on /home/airflow/.local/lib/python3.7/site-packages/airflow/example_dags/example_subdag_operator.py
[2022-09-30 12:48:41,242] {processor.py:642} INFO - Processing file /home/airflow/.local/lib/python3.7/site-packages/airflow/example_dags/example_subdag_operator.py for tasks to queue
[2022-09-30 12:48:41,243] {logging_mixin.py:109} INFO - [2022-09-30 12:48:41,243] {dagbag.py:500} INFO - Filling up the DagBag from /home/airflow/.local/lib/python3.7/site-packages/airflow/example_dags/example_subdag_operator.py
[2022-09-30 12:48:41,288] {processor.py:654} INFO - DAG(s) dict_keys(['example_subdag_operator.section-1', 'example_subdag_operator.section-2', 'example_subdag_operator']) retrieved from /home/airflow/.local/lib/python3.7/site-packages/airflow/example_dags/example_subdag_operator.py
[2022-09-30 12:48:41,300] {logging_mixin.py:109} INFO - [2022-09-30 12:48:41,299] {dag.py:2398} INFO - Sync 3 DAGs
[2022-09-30 12:48:41,315] {logging_mixin.py:109} INFO - [2022-09-30 12:48:41,315] {dag.py:2937} INFO - Setting next_dagrun for example_subdag_operator to 2022-09-28T00:00:00+00:00
[2022-09-30 12:48:41,316] {logging_mixin.py:109} INFO - [2022-09-30 12:48:41,316] {dag.py:2937} INFO - Setting next_dagrun for example_subdag_operator.section-1 to None
[2022-09-30 12:48:41,317] {logging_mixin.py:109} INFO - [2022-09-30 12:48:41,317] {dag.py:2937} INFO - Setting next_dagrun for example_subdag_operator.section-2 to None
[2022-09-30 12:48:41,325] {logging_mixin.py:109} INFO - [2022-09-30 12:48:41,325] {dag.py:2398} INFO - Sync 2 DAGs
[2022-09-30 12:48:41,334] {logging_mixin.py:109} INFO - [2022-09-30 12:48:41,334] {dag.py:2937} INFO - Setting next_dagrun for example_subdag_operator.section-1 to None
[2022-09-30 12:48:41,336] {logging_mixin.py:109} INFO - [2022-09-30 12:48:41,335] {dag.py:2937} INFO - Setting next_dagrun for example_subdag_operator.section-2 to None
[2022-09-30 12:48:41,344] {processor.py:171} INFO - Processing /home/airflow/.local/lib/python3.7/site-packages/airflow/example_dags/example_subdag_operator.py took 0.108 seconds
[2022-09-30 12:49:11,660] {processor.py:163} INFO - Started process (PID=1955) to work on /home/airflow/.local/lib/python3.7/site-packages/airflow/example_dags/example_subdag_operator.py
[2022-09-30 12:49:11,662] {processor.py:642} INFO - Processing file /home/airflow/.local/lib/python3.7/site-packages/airflow/example_dags/example_subdag_operator.py for tasks to queue
[2022-09-30 12:49:11,664] {logging_mixin.py:109} INFO - [2022-09-30 12:49:11,663] {dagbag.py:500} INFO - Filling up the DagBag from /home/airflow/.local/lib/python3.7/site-packages/airflow/example_dags/example_subdag_operator.py
[2022-09-30 12:49:11,704] {processor.py:654} INFO - DAG(s) dict_keys(['example_subdag_operator.section-1', 'example_subdag_operator.section-2', 'example_subdag_operator']) retrieved from /home/airflow/.local/lib/python3.7/site-packages/airflow/example_dags/example_subdag_operator.py
[2022-09-30 12:49:11,716] {logging_mixin.py:109} INFO - [2022-09-30 12:49:11,716] {dag.py:2398} INFO - Sync 3 DAGs
[2022-09-30 12:49:11,733] {logging_mixin.py:109} INFO - [2022-09-30 12:49:11,733] {dag.py:2937} INFO - Setting next_dagrun for example_subdag_operator to 2022-09-28T00:00:00+00:00
[2022-09-30 12:49:11,735] {logging_mixin.py:109} INFO - [2022-09-30 12:49:11,734] {dag.py:2937} INFO - Setting next_dagrun for example_subdag_operator.section-1 to None
[2022-09-30 12:49:11,736] {logging_mixin.py:109} INFO - [2022-09-30 12:49:11,735] {dag.py:2937} INFO - Setting next_dagrun for example_subdag_operator.section-2 to None
[2022-09-30 12:49:11,745] {logging_mixin.py:109} INFO - [2022-09-30 12:49:11,744] {dag.py:2398} INFO - Sync 2 DAGs
[2022-09-30 12:49:11,758] {logging_mixin.py:109} INFO - [2022-09-30 12:49:11,758] {dag.py:2937} INFO - Setting next_dagrun for example_subdag_operator.section-1 to None
[2022-09-30 12:49:11,759] {logging_mixin.py:109} INFO - [2022-09-30 12:49:11,759] {dag.py:2937} INFO - Setting next_dagrun for example_subdag_operator.section-2 to None
[2022-09-30 12:49:11,769] {processor.py:171} INFO - Processing /home/airflow/.local/lib/python3.7/site-packages/airflow/example_dags/example_subdag_operator.py took 0.113 seconds
[2022-09-30 12:49:42,038] {processor.py:163} INFO - Started process (PID=2010) to work on /home/airflow/.local/lib/python3.7/site-packages/airflow/example_dags/example_subdag_operator.py
[2022-09-30 12:49:42,040] {processor.py:642} INFO - Processing file /home/airflow/.local/lib/python3.7/site-packages/airflow/example_dags/example_subdag_operator.py for tasks to queue
[2022-09-30 12:49:42,041] {logging_mixin.py:109} INFO - [2022-09-30 12:49:42,041] {dagbag.py:500} INFO - Filling up the DagBag from /home/airflow/.local/lib/python3.7/site-packages/airflow/example_dags/example_subdag_operator.py
[2022-09-30 12:49:42,085] {processor.py:654} INFO - DAG(s) dict_keys(['example_subdag_operator.section-1', 'example_subdag_operator.section-2', 'example_subdag_operator']) retrieved from /home/airflow/.local/lib/python3.7/site-packages/airflow/example_dags/example_subdag_operator.py
[2022-09-30 12:49:42,101] {logging_mixin.py:109} INFO - [2022-09-30 12:49:42,100] {dag.py:2398} INFO - Sync 3 DAGs
[2022-09-30 12:49:42,123] {logging_mixin.py:109} INFO - [2022-09-30 12:49:42,123] {dag.py:2937} INFO - Setting next_dagrun for example_subdag_operator to 2022-09-28T00:00:00+00:00
[2022-09-30 12:49:42,125] {logging_mixin.py:109} INFO - [2022-09-30 12:49:42,125] {dag.py:2937} INFO - Setting next_dagrun for example_subdag_operator.section-1 to None
[2022-09-30 12:49:42,127] {logging_mixin.py:109} INFO - [2022-09-30 12:49:42,127] {dag.py:2937} INFO - Setting next_dagrun for example_subdag_operator.section-2 to None
[2022-09-30 12:49:42,137] {logging_mixin.py:109} INFO - [2022-09-30 12:49:42,137] {dag.py:2398} INFO - Sync 2 DAGs
[2022-09-30 12:49:42,147] {logging_mixin.py:109} INFO - [2022-09-30 12:49:42,147] {dag.py:2937} INFO - Setting next_dagrun for example_subdag_operator.section-1 to None
[2022-09-30 12:49:42,149] {logging_mixin.py:109} INFO - [2022-09-30 12:49:42,149] {dag.py:2937} INFO - Setting next_dagrun for example_subdag_operator.section-2 to None
[2022-09-30 12:49:42,160] {processor.py:171} INFO - Processing /home/airflow/.local/lib/python3.7/site-packages/airflow/example_dags/example_subdag_operator.py took 0.125 seconds
[2022-09-30 12:50:12,535] {processor.py:163} INFO - Started process (PID=2061) to work on /home/airflow/.local/lib/python3.7/site-packages/airflow/example_dags/example_subdag_operator.py
[2022-09-30 12:50:12,538] {processor.py:642} INFO - Processing file /home/airflow/.local/lib/python3.7/site-packages/airflow/example_dags/example_subdag_operator.py for tasks to queue
[2022-09-30 12:50:12,540] {logging_mixin.py:109} INFO - [2022-09-30 12:50:12,539] {dagbag.py:500} INFO - Filling up the DagBag from /home/airflow/.local/lib/python3.7/site-packages/airflow/example_dags/example_subdag_operator.py
[2022-09-30 12:50:12,587] {processor.py:654} INFO - DAG(s) dict_keys(['example_subdag_operator.section-1', 'example_subdag_operator.section-2', 'example_subdag_operator']) retrieved from /home/airflow/.local/lib/python3.7/site-packages/airflow/example_dags/example_subdag_operator.py
[2022-09-30 12:50:12,601] {logging_mixin.py:109} INFO - [2022-09-30 12:50:12,601] {dag.py:2398} INFO - Sync 3 DAGs
[2022-09-30 12:50:12,617] {logging_mixin.py:109} INFO - [2022-09-30 12:50:12,617] {dag.py:2937} INFO - Setting next_dagrun for example_subdag_operator to 2022-09-28T00:00:00+00:00
[2022-09-30 12:50:12,618] {logging_mixin.py:109} INFO - [2022-09-30 12:50:12,618] {dag.py:2937} INFO - Setting next_dagrun for example_subdag_operator.section-1 to None
[2022-09-30 12:50:12,620] {logging_mixin.py:109} INFO - [2022-09-30 12:50:12,620] {dag.py:2937} INFO - Setting next_dagrun for example_subdag_operator.section-2 to None
[2022-09-30 12:50:12,627] {logging_mixin.py:109} INFO - [2022-09-30 12:50:12,627] {dag.py:2398} INFO - Sync 2 DAGs
[2022-09-30 12:50:12,636] {logging_mixin.py:109} INFO - [2022-09-30 12:50:12,636] {dag.py:2937} INFO - Setting next_dagrun for example_subdag_operator.section-1 to None
[2022-09-30 12:50:12,637] {logging_mixin.py:109} INFO - [2022-09-30 12:50:12,637] {dag.py:2937} INFO - Setting next_dagrun for example_subdag_operator.section-2 to None
[2022-09-30 12:50:12,647] {processor.py:171} INFO - Processing /home/airflow/.local/lib/python3.7/site-packages/airflow/example_dags/example_subdag_operator.py took 0.116 seconds
[2022-09-30 12:50:42,759] {processor.py:163} INFO - Started process (PID=2121) to work on /home/airflow/.local/lib/python3.7/site-packages/airflow/example_dags/example_subdag_operator.py
[2022-09-30 12:50:42,761] {processor.py:642} INFO - Processing file /home/airflow/.local/lib/python3.7/site-packages/airflow/example_dags/example_subdag_operator.py for tasks to queue
[2022-09-30 12:50:42,762] {logging_mixin.py:109} INFO - [2022-09-30 12:50:42,762] {dagbag.py:500} INFO - Filling up the DagBag from /home/airflow/.local/lib/python3.7/site-packages/airflow/example_dags/example_subdag_operator.py
[2022-09-30 12:50:42,809] {processor.py:654} INFO - DAG(s) dict_keys(['example_subdag_operator.section-1', 'example_subdag_operator.section-2', 'example_subdag_operator']) retrieved from /home/airflow/.local/lib/python3.7/site-packages/airflow/example_dags/example_subdag_operator.py
[2022-09-30 12:50:42,822] {logging_mixin.py:109} INFO - [2022-09-30 12:50:42,822] {dag.py:2398} INFO - Sync 3 DAGs
[2022-09-30 12:50:42,837] {logging_mixin.py:109} INFO - [2022-09-30 12:50:42,837] {dag.py:2937} INFO - Setting next_dagrun for example_subdag_operator to 2022-09-28T00:00:00+00:00
[2022-09-30 12:50:42,838] {logging_mixin.py:109} INFO - [2022-09-30 12:50:42,838] {dag.py:2937} INFO - Setting next_dagrun for example_subdag_operator.section-1 to None
[2022-09-30 12:50:42,839] {logging_mixin.py:109} INFO - [2022-09-30 12:50:42,839] {dag.py:2937} INFO - Setting next_dagrun for example_subdag_operator.section-2 to None
[2022-09-30 12:50:42,845] {logging_mixin.py:109} INFO - [2022-09-30 12:50:42,845] {dag.py:2398} INFO - Sync 2 DAGs
[2022-09-30 12:50:42,854] {logging_mixin.py:109} INFO - [2022-09-30 12:50:42,854] {dag.py:2937} INFO - Setting next_dagrun for example_subdag_operator.section-1 to None
[2022-09-30 12:50:42,855] {logging_mixin.py:109} INFO - [2022-09-30 12:50:42,855] {dag.py:2937} INFO - Setting next_dagrun for example_subdag_operator.section-2 to None
[2022-09-30 12:50:42,864] {processor.py:171} INFO - Processing /home/airflow/.local/lib/python3.7/site-packages/airflow/example_dags/example_subdag_operator.py took 0.109 seconds
[2022-09-30 12:51:13,474] {processor.py:163} INFO - Started process (PID=2173) to work on /home/airflow/.local/lib/python3.7/site-packages/airflow/example_dags/example_subdag_operator.py
[2022-09-30 12:51:13,476] {processor.py:642} INFO - Processing file /home/airflow/.local/lib/python3.7/site-packages/airflow/example_dags/example_subdag_operator.py for tasks to queue
[2022-09-30 12:51:13,477] {logging_mixin.py:109} INFO - [2022-09-30 12:51:13,477] {dagbag.py:500} INFO - Filling up the DagBag from /home/airflow/.local/lib/python3.7/site-packages/airflow/example_dags/example_subdag_operator.py
[2022-09-30 12:51:13,517] {processor.py:654} INFO - DAG(s) dict_keys(['example_subdag_operator.section-1', 'example_subdag_operator.section-2', 'example_subdag_operator']) retrieved from /home/airflow/.local/lib/python3.7/site-packages/airflow/example_dags/example_subdag_operator.py
[2022-09-30 12:51:13,531] {logging_mixin.py:109} INFO - [2022-09-30 12:51:13,531] {dag.py:2398} INFO - Sync 3 DAGs
[2022-09-30 12:51:13,549] {logging_mixin.py:109} INFO - [2022-09-30 12:51:13,549] {dag.py:2937} INFO - Setting next_dagrun for example_subdag_operator to 2022-09-28T00:00:00+00:00
[2022-09-30 12:51:13,550] {logging_mixin.py:109} INFO - [2022-09-30 12:51:13,550] {dag.py:2937} INFO - Setting next_dagrun for example_subdag_operator.section-1 to None
[2022-09-30 12:51:13,551] {logging_mixin.py:109} INFO - [2022-09-30 12:51:13,551] {dag.py:2937} INFO - Setting next_dagrun for example_subdag_operator.section-2 to None
[2022-09-30 12:51:13,558] {logging_mixin.py:109} INFO - [2022-09-30 12:51:13,558] {dag.py:2398} INFO - Sync 2 DAGs
[2022-09-30 12:51:13,567] {logging_mixin.py:109} INFO - [2022-09-30 12:51:13,566] {dag.py:2937} INFO - Setting next_dagrun for example_subdag_operator.section-1 to None
[2022-09-30 12:51:13,568] {logging_mixin.py:109} INFO - [2022-09-30 12:51:13,568] {dag.py:2937} INFO - Setting next_dagrun for example_subdag_operator.section-2 to None
[2022-09-30 12:51:13,576] {processor.py:171} INFO - Processing /home/airflow/.local/lib/python3.7/site-packages/airflow/example_dags/example_subdag_operator.py took 0.105 seconds
[2022-09-30 12:54:35,832] {processor.py:163} INFO - Started process (PID=2250) to work on /home/airflow/.local/lib/python3.7/site-packages/airflow/example_dags/example_subdag_operator.py
[2022-09-30 12:54:35,834] {processor.py:642} INFO - Processing file /home/airflow/.local/lib/python3.7/site-packages/airflow/example_dags/example_subdag_operator.py for tasks to queue
[2022-09-30 12:54:35,836] {logging_mixin.py:109} INFO - [2022-09-30 12:54:35,836] {dagbag.py:500} INFO - Filling up the DagBag from /home/airflow/.local/lib/python3.7/site-packages/airflow/example_dags/example_subdag_operator.py
[2022-09-30 12:54:35,911] {processor.py:654} INFO - DAG(s) dict_keys(['example_subdag_operator.section-1', 'example_subdag_operator.section-2', 'example_subdag_operator']) retrieved from /home/airflow/.local/lib/python3.7/site-packages/airflow/example_dags/example_subdag_operator.py
[2022-09-30 12:54:35,940] {logging_mixin.py:109} INFO - [2022-09-30 12:54:35,940] {dag.py:2398} INFO - Sync 3 DAGs
[2022-09-30 12:54:35,968] {logging_mixin.py:109} INFO - [2022-09-30 12:54:35,968] {dag.py:2937} INFO - Setting next_dagrun for example_subdag_operator to 2022-09-28T00:00:00+00:00
[2022-09-30 12:54:35,969] {logging_mixin.py:109} INFO - [2022-09-30 12:54:35,969] {dag.py:2937} INFO - Setting next_dagrun for example_subdag_operator.section-1 to None
[2022-09-30 12:54:35,971] {logging_mixin.py:109} INFO - [2022-09-30 12:54:35,971] {dag.py:2937} INFO - Setting next_dagrun for example_subdag_operator.section-2 to None
[2022-09-30 12:54:35,981] {logging_mixin.py:109} INFO - [2022-09-30 12:54:35,981] {dag.py:2398} INFO - Sync 2 DAGs
[2022-09-30 12:54:35,996] {logging_mixin.py:109} INFO - [2022-09-30 12:54:35,996] {dag.py:2937} INFO - Setting next_dagrun for example_subdag_operator.section-1 to None
[2022-09-30 12:54:35,998] {logging_mixin.py:109} INFO - [2022-09-30 12:54:35,997] {dag.py:2937} INFO - Setting next_dagrun for example_subdag_operator.section-2 to None
[2022-09-30 12:54:36,018] {processor.py:171} INFO - Processing /home/airflow/.local/lib/python3.7/site-packages/airflow/example_dags/example_subdag_operator.py took 0.191 seconds
[2022-09-30 12:59:36,438] {processor.py:163} INFO - Started process (PID=2305) to work on /home/airflow/.local/lib/python3.7/site-packages/airflow/example_dags/example_subdag_operator.py
[2022-09-30 12:59:36,442] {processor.py:642} INFO - Processing file /home/airflow/.local/lib/python3.7/site-packages/airflow/example_dags/example_subdag_operator.py for tasks to queue
[2022-09-30 12:59:36,447] {logging_mixin.py:109} INFO - [2022-09-30 12:59:36,447] {dagbag.py:500} INFO - Filling up the DagBag from /home/airflow/.local/lib/python3.7/site-packages/airflow/example_dags/example_subdag_operator.py
[2022-09-30 12:59:36,611] {processor.py:654} INFO - DAG(s) dict_keys(['example_subdag_operator.section-1', 'example_subdag_operator.section-2', 'example_subdag_operator']) retrieved from /home/airflow/.local/lib/python3.7/site-packages/airflow/example_dags/example_subdag_operator.py
[2022-09-30 12:59:36,661] {logging_mixin.py:109} INFO - [2022-09-30 12:59:36,661] {dag.py:2398} INFO - Sync 3 DAGs
[2022-09-30 12:59:36,729] {logging_mixin.py:109} INFO - [2022-09-30 12:59:36,729] {dag.py:2937} INFO - Setting next_dagrun for example_subdag_operator to 2022-09-28T00:00:00+00:00
[2022-09-30 12:59:36,734] {logging_mixin.py:109} INFO - [2022-09-30 12:59:36,734] {dag.py:2937} INFO - Setting next_dagrun for example_subdag_operator.section-1 to None
[2022-09-30 12:59:36,737] {logging_mixin.py:109} INFO - [2022-09-30 12:59:36,737] {dag.py:2937} INFO - Setting next_dagrun for example_subdag_operator.section-2 to None
[2022-09-30 12:59:36,760] {logging_mixin.py:109} INFO - [2022-09-30 12:59:36,760] {dag.py:2398} INFO - Sync 2 DAGs
[2022-09-30 12:59:36,794] {logging_mixin.py:109} INFO - [2022-09-30 12:59:36,794] {dag.py:2937} INFO - Setting next_dagrun for example_subdag_operator.section-1 to None
[2022-09-30 12:59:36,799] {logging_mixin.py:109} INFO - [2022-09-30 12:59:36,799] {dag.py:2937} INFO - Setting next_dagrun for example_subdag_operator.section-2 to None
[2022-09-30 12:59:36,817] {processor.py:171} INFO - Processing /home/airflow/.local/lib/python3.7/site-packages/airflow/example_dags/example_subdag_operator.py took 0.396 seconds
[2022-09-30 13:03:08,729] {processor.py:163} INFO - Started process (PID=2378) to work on /home/airflow/.local/lib/python3.7/site-packages/airflow/example_dags/example_subdag_operator.py
[2022-09-30 13:03:08,739] {processor.py:642} INFO - Processing file /home/airflow/.local/lib/python3.7/site-packages/airflow/example_dags/example_subdag_operator.py for tasks to queue
[2022-09-30 13:03:08,742] {logging_mixin.py:109} INFO - [2022-09-30 13:03:08,741] {dagbag.py:500} INFO - Filling up the DagBag from /home/airflow/.local/lib/python3.7/site-packages/airflow/example_dags/example_subdag_operator.py
[2022-09-30 13:03:08,989] {processor.py:654} INFO - DAG(s) dict_keys(['example_subdag_operator.section-1', 'example_subdag_operator.section-2', 'example_subdag_operator']) retrieved from /home/airflow/.local/lib/python3.7/site-packages/airflow/example_dags/example_subdag_operator.py
[2022-09-30 13:03:09,052] {logging_mixin.py:109} INFO - [2022-09-30 13:03:09,052] {dag.py:2398} INFO - Sync 3 DAGs
[2022-09-30 13:03:09,102] {logging_mixin.py:109} INFO - [2022-09-30 13:03:09,102] {dag.py:2937} INFO - Setting next_dagrun for example_subdag_operator to 2022-09-28T00:00:00+00:00
[2022-09-30 13:03:09,104] {logging_mixin.py:109} INFO - [2022-09-30 13:03:09,104] {dag.py:2937} INFO - Setting next_dagrun for example_subdag_operator.section-1 to None
[2022-09-30 13:03:09,109] {logging_mixin.py:109} INFO - [2022-09-30 13:03:09,105] {dag.py:2937} INFO - Setting next_dagrun for example_subdag_operator.section-2 to None
[2022-09-30 13:03:09,129] {logging_mixin.py:109} INFO - [2022-09-30 13:03:09,129] {dag.py:2398} INFO - Sync 2 DAGs
[2022-09-30 13:03:09,162] {logging_mixin.py:109} INFO - [2022-09-30 13:03:09,162] {dag.py:2937} INFO - Setting next_dagrun for example_subdag_operator.section-1 to None
[2022-09-30 13:03:09,174] {logging_mixin.py:109} INFO - [2022-09-30 13:03:09,174] {dag.py:2937} INFO - Setting next_dagrun for example_subdag_operator.section-2 to None
[2022-09-30 13:03:09,228] {processor.py:171} INFO - Processing /home/airflow/.local/lib/python3.7/site-packages/airflow/example_dags/example_subdag_operator.py took 0.516 seconds
[2022-09-30 13:03:39,883] {processor.py:163} INFO - Started process (PID=2430) to work on /home/airflow/.local/lib/python3.7/site-packages/airflow/example_dags/example_subdag_operator.py
[2022-09-30 13:03:39,885] {processor.py:642} INFO - Processing file /home/airflow/.local/lib/python3.7/site-packages/airflow/example_dags/example_subdag_operator.py for tasks to queue
[2022-09-30 13:03:39,886] {logging_mixin.py:109} INFO - [2022-09-30 13:03:39,886] {dagbag.py:500} INFO - Filling up the DagBag from /home/airflow/.local/lib/python3.7/site-packages/airflow/example_dags/example_subdag_operator.py
[2022-09-30 13:03:39,934] {processor.py:654} INFO - DAG(s) dict_keys(['example_subdag_operator.section-1', 'example_subdag_operator.section-2', 'example_subdag_operator']) retrieved from /home/airflow/.local/lib/python3.7/site-packages/airflow/example_dags/example_subdag_operator.py
[2022-09-30 13:03:39,947] {logging_mixin.py:109} INFO - [2022-09-30 13:03:39,947] {dag.py:2398} INFO - Sync 3 DAGs
[2022-09-30 13:03:39,962] {logging_mixin.py:109} INFO - [2022-09-30 13:03:39,962] {dag.py:2937} INFO - Setting next_dagrun for example_subdag_operator to 2022-09-28T00:00:00+00:00
[2022-09-30 13:03:39,963] {logging_mixin.py:109} INFO - [2022-09-30 13:03:39,963] {dag.py:2937} INFO - Setting next_dagrun for example_subdag_operator.section-1 to None
[2022-09-30 13:03:39,964] {logging_mixin.py:109} INFO - [2022-09-30 13:03:39,964] {dag.py:2937} INFO - Setting next_dagrun for example_subdag_operator.section-2 to None
[2022-09-30 13:03:39,971] {logging_mixin.py:109} INFO - [2022-09-30 13:03:39,970] {dag.py:2398} INFO - Sync 2 DAGs
[2022-09-30 13:03:39,980] {logging_mixin.py:109} INFO - [2022-09-30 13:03:39,980] {dag.py:2937} INFO - Setting next_dagrun for example_subdag_operator.section-1 to None
[2022-09-30 13:03:39,981] {logging_mixin.py:109} INFO - [2022-09-30 13:03:39,981] {dag.py:2937} INFO - Setting next_dagrun for example_subdag_operator.section-2 to None
[2022-09-30 13:03:39,989] {processor.py:171} INFO - Processing /home/airflow/.local/lib/python3.7/site-packages/airflow/example_dags/example_subdag_operator.py took 0.110 seconds
[2022-09-30 13:04:10,724] {processor.py:163} INFO - Started process (PID=2491) to work on /home/airflow/.local/lib/python3.7/site-packages/airflow/example_dags/example_subdag_operator.py
[2022-09-30 13:04:10,726] {processor.py:642} INFO - Processing file /home/airflow/.local/lib/python3.7/site-packages/airflow/example_dags/example_subdag_operator.py for tasks to queue
[2022-09-30 13:04:10,728] {logging_mixin.py:109} INFO - [2022-09-30 13:04:10,728] {dagbag.py:500} INFO - Filling up the DagBag from /home/airflow/.local/lib/python3.7/site-packages/airflow/example_dags/example_subdag_operator.py
[2022-09-30 13:04:10,768] {processor.py:654} INFO - DAG(s) dict_keys(['example_subdag_operator.section-1', 'example_subdag_operator.section-2', 'example_subdag_operator']) retrieved from /home/airflow/.local/lib/python3.7/site-packages/airflow/example_dags/example_subdag_operator.py
[2022-09-30 13:04:10,780] {logging_mixin.py:109} INFO - [2022-09-30 13:04:10,780] {dag.py:2398} INFO - Sync 3 DAGs
[2022-09-30 13:04:10,794] {logging_mixin.py:109} INFO - [2022-09-30 13:04:10,794] {dag.py:2937} INFO - Setting next_dagrun for example_subdag_operator to 2022-09-28T00:00:00+00:00
[2022-09-30 13:04:10,795] {logging_mixin.py:109} INFO - [2022-09-30 13:04:10,795] {dag.py:2937} INFO - Setting next_dagrun for example_subdag_operator.section-1 to None
[2022-09-30 13:04:10,796] {logging_mixin.py:109} INFO - [2022-09-30 13:04:10,796] {dag.py:2937} INFO - Setting next_dagrun for example_subdag_operator.section-2 to None
[2022-09-30 13:04:10,803] {logging_mixin.py:109} INFO - [2022-09-30 13:04:10,803] {dag.py:2398} INFO - Sync 2 DAGs
[2022-09-30 13:04:10,811] {logging_mixin.py:109} INFO - [2022-09-30 13:04:10,811] {dag.py:2937} INFO - Setting next_dagrun for example_subdag_operator.section-1 to None
[2022-09-30 13:04:10,812] {logging_mixin.py:109} INFO - [2022-09-30 13:04:10,812] {dag.py:2937} INFO - Setting next_dagrun for example_subdag_operator.section-2 to None
[2022-09-30 13:04:10,820] {processor.py:171} INFO - Processing /home/airflow/.local/lib/python3.7/site-packages/airflow/example_dags/example_subdag_operator.py took 0.100 seconds
[2022-09-30 13:04:41,284] {processor.py:163} INFO - Started process (PID=2542) to work on /home/airflow/.local/lib/python3.7/site-packages/airflow/example_dags/example_subdag_operator.py
[2022-09-30 13:04:41,287] {processor.py:642} INFO - Processing file /home/airflow/.local/lib/python3.7/site-packages/airflow/example_dags/example_subdag_operator.py for tasks to queue
[2022-09-30 13:04:41,289] {logging_mixin.py:109} INFO - [2022-09-30 13:04:41,289] {dagbag.py:500} INFO - Filling up the DagBag from /home/airflow/.local/lib/python3.7/site-packages/airflow/example_dags/example_subdag_operator.py
[2022-09-30 13:04:41,356] {processor.py:654} INFO - DAG(s) dict_keys(['example_subdag_operator.section-1', 'example_subdag_operator.section-2', 'example_subdag_operator']) retrieved from /home/airflow/.local/lib/python3.7/site-packages/airflow/example_dags/example_subdag_operator.py
[2022-09-30 13:04:41,378] {logging_mixin.py:109} INFO - [2022-09-30 13:04:41,378] {dag.py:2398} INFO - Sync 3 DAGs
[2022-09-30 13:04:41,397] {logging_mixin.py:109} INFO - [2022-09-30 13:04:41,397] {dag.py:2937} INFO - Setting next_dagrun for example_subdag_operator to 2022-09-28T00:00:00+00:00
[2022-09-30 13:04:41,398] {logging_mixin.py:109} INFO - [2022-09-30 13:04:41,398] {dag.py:2937} INFO - Setting next_dagrun for example_subdag_operator.section-1 to None
[2022-09-30 13:04:41,399] {logging_mixin.py:109} INFO - [2022-09-30 13:04:41,399] {dag.py:2937} INFO - Setting next_dagrun for example_subdag_operator.section-2 to None
[2022-09-30 13:04:41,414] {logging_mixin.py:109} INFO - [2022-09-30 13:04:41,414] {dag.py:2398} INFO - Sync 2 DAGs
[2022-09-30 13:04:41,431] {logging_mixin.py:109} INFO - [2022-09-30 13:04:41,431] {dag.py:2937} INFO - Setting next_dagrun for example_subdag_operator.section-1 to None
[2022-09-30 13:04:41,433] {logging_mixin.py:109} INFO - [2022-09-30 13:04:41,432] {dag.py:2937} INFO - Setting next_dagrun for example_subdag_operator.section-2 to None
[2022-09-30 13:04:41,442] {processor.py:171} INFO - Processing /home/airflow/.local/lib/python3.7/site-packages/airflow/example_dags/example_subdag_operator.py took 0.171 seconds
[2022-09-30 13:05:11,641] {processor.py:163} INFO - Started process (PID=2592) to work on /home/airflow/.local/lib/python3.7/site-packages/airflow/example_dags/example_subdag_operator.py
[2022-09-30 13:05:11,644] {processor.py:642} INFO - Processing file /home/airflow/.local/lib/python3.7/site-packages/airflow/example_dags/example_subdag_operator.py for tasks to queue
[2022-09-30 13:05:11,649] {logging_mixin.py:109} INFO - [2022-09-30 13:05:11,649] {dagbag.py:500} INFO - Filling up the DagBag from /home/airflow/.local/lib/python3.7/site-packages/airflow/example_dags/example_subdag_operator.py
[2022-09-30 13:05:11,717] {processor.py:654} INFO - DAG(s) dict_keys(['example_subdag_operator.section-1', 'example_subdag_operator.section-2', 'example_subdag_operator']) retrieved from /home/airflow/.local/lib/python3.7/site-packages/airflow/example_dags/example_subdag_operator.py
[2022-09-30 13:05:11,736] {logging_mixin.py:109} INFO - [2022-09-30 13:05:11,736] {dag.py:2398} INFO - Sync 3 DAGs
[2022-09-30 13:05:11,766] {logging_mixin.py:109} INFO - [2022-09-30 13:05:11,766] {dag.py:2937} INFO - Setting next_dagrun for example_subdag_operator to 2022-09-28T00:00:00+00:00
[2022-09-30 13:05:11,768] {logging_mixin.py:109} INFO - [2022-09-30 13:05:11,768] {dag.py:2937} INFO - Setting next_dagrun for example_subdag_operator.section-1 to None
[2022-09-30 13:05:11,769] {logging_mixin.py:109} INFO - [2022-09-30 13:05:11,769] {dag.py:2937} INFO - Setting next_dagrun for example_subdag_operator.section-2 to None
[2022-09-30 13:05:11,776] {logging_mixin.py:109} INFO - [2022-09-30 13:05:11,776] {dag.py:2398} INFO - Sync 2 DAGs
[2022-09-30 13:05:11,789] {logging_mixin.py:109} INFO - [2022-09-30 13:05:11,789] {dag.py:2937} INFO - Setting next_dagrun for example_subdag_operator.section-1 to None
[2022-09-30 13:05:11,791] {logging_mixin.py:109} INFO - [2022-09-30 13:05:11,791] {dag.py:2937} INFO - Setting next_dagrun for example_subdag_operator.section-2 to None
[2022-09-30 13:05:11,802] {processor.py:171} INFO - Processing /home/airflow/.local/lib/python3.7/site-packages/airflow/example_dags/example_subdag_operator.py took 0.164 seconds
[2022-09-30 13:05:42,308] {processor.py:163} INFO - Started process (PID=2654) to work on /home/airflow/.local/lib/python3.7/site-packages/airflow/example_dags/example_subdag_operator.py
[2022-09-30 13:05:42,310] {processor.py:642} INFO - Processing file /home/airflow/.local/lib/python3.7/site-packages/airflow/example_dags/example_subdag_operator.py for tasks to queue
[2022-09-30 13:05:42,312] {logging_mixin.py:109} INFO - [2022-09-30 13:05:42,312] {dagbag.py:500} INFO - Filling up the DagBag from /home/airflow/.local/lib/python3.7/site-packages/airflow/example_dags/example_subdag_operator.py
[2022-09-30 13:05:42,363] {processor.py:654} INFO - DAG(s) dict_keys(['example_subdag_operator.section-1', 'example_subdag_operator.section-2', 'example_subdag_operator']) retrieved from /home/airflow/.local/lib/python3.7/site-packages/airflow/example_dags/example_subdag_operator.py
[2022-09-30 13:05:42,375] {logging_mixin.py:109} INFO - [2022-09-30 13:05:42,375] {dag.py:2398} INFO - Sync 3 DAGs
[2022-09-30 13:05:42,389] {logging_mixin.py:109} INFO - [2022-09-30 13:05:42,389] {dag.py:2937} INFO - Setting next_dagrun for example_subdag_operator to 2022-09-28T00:00:00+00:00
[2022-09-30 13:05:42,391] {logging_mixin.py:109} INFO - [2022-09-30 13:05:42,391] {dag.py:2937} INFO - Setting next_dagrun for example_subdag_operator.section-1 to None
[2022-09-30 13:05:42,391] {logging_mixin.py:109} INFO - [2022-09-30 13:05:42,391] {dag.py:2937} INFO - Setting next_dagrun for example_subdag_operator.section-2 to None
[2022-09-30 13:05:42,398] {logging_mixin.py:109} INFO - [2022-09-30 13:05:42,398] {dag.py:2398} INFO - Sync 2 DAGs
[2022-09-30 13:05:42,406] {logging_mixin.py:109} INFO - [2022-09-30 13:05:42,406] {dag.py:2937} INFO - Setting next_dagrun for example_subdag_operator.section-1 to None
[2022-09-30 13:05:42,407] {logging_mixin.py:109} INFO - [2022-09-30 13:05:42,407] {dag.py:2937} INFO - Setting next_dagrun for example_subdag_operator.section-2 to None
[2022-09-30 13:05:42,416] {processor.py:171} INFO - Processing /home/airflow/.local/lib/python3.7/site-packages/airflow/example_dags/example_subdag_operator.py took 0.112 seconds
[2022-09-30 13:06:13,135] {processor.py:163} INFO - Started process (PID=2705) to work on /home/airflow/.local/lib/python3.7/site-packages/airflow/example_dags/example_subdag_operator.py
[2022-09-30 13:06:13,141] {processor.py:642} INFO - Processing file /home/airflow/.local/lib/python3.7/site-packages/airflow/example_dags/example_subdag_operator.py for tasks to queue
[2022-09-30 13:06:13,147] {logging_mixin.py:109} INFO - [2022-09-30 13:06:13,147] {dagbag.py:500} INFO - Filling up the DagBag from /home/airflow/.local/lib/python3.7/site-packages/airflow/example_dags/example_subdag_operator.py
[2022-09-30 13:06:13,335] {processor.py:654} INFO - DAG(s) dict_keys(['example_subdag_operator.section-1', 'example_subdag_operator.section-2', 'example_subdag_operator']) retrieved from /home/airflow/.local/lib/python3.7/site-packages/airflow/example_dags/example_subdag_operator.py
[2022-09-30 13:06:13,398] {logging_mixin.py:109} INFO - [2022-09-30 13:06:13,398] {dag.py:2398} INFO - Sync 3 DAGs
[2022-09-30 13:06:13,457] {logging_mixin.py:109} INFO - [2022-09-30 13:06:13,457] {dag.py:2937} INFO - Setting next_dagrun for example_subdag_operator to 2022-09-28T00:00:00+00:00
[2022-09-30 13:06:13,460] {logging_mixin.py:109} INFO - [2022-09-30 13:06:13,460] {dag.py:2937} INFO - Setting next_dagrun for example_subdag_operator.section-1 to None
[2022-09-30 13:06:13,463] {logging_mixin.py:109} INFO - [2022-09-30 13:06:13,463] {dag.py:2937} INFO - Setting next_dagrun for example_subdag_operator.section-2 to None
[2022-09-30 13:06:13,487] {logging_mixin.py:109} INFO - [2022-09-30 13:06:13,487] {dag.py:2398} INFO - Sync 2 DAGs
[2022-09-30 13:06:13,526] {logging_mixin.py:109} INFO - [2022-09-30 13:06:13,525] {dag.py:2937} INFO - Setting next_dagrun for example_subdag_operator.section-1 to None
[2022-09-30 13:06:13,529] {logging_mixin.py:109} INFO - [2022-09-30 13:06:13,529] {dag.py:2937} INFO - Setting next_dagrun for example_subdag_operator.section-2 to None
[2022-09-30 13:06:13,566] {processor.py:171} INFO - Processing /home/airflow/.local/lib/python3.7/site-packages/airflow/example_dags/example_subdag_operator.py took 0.446 seconds
