[2022-09-30 12:33:01,622] {processor.py:163} INFO - Started process (PID=177) to work on /home/airflow/.local/lib/python3.7/site-packages/airflow/example_dags/example_task_group_decorator.py
[2022-09-30 12:33:01,627] {processor.py:642} INFO - Processing file /home/airflow/.local/lib/python3.7/site-packages/airflow/example_dags/example_task_group_decorator.py for tasks to queue
[2022-09-30 12:33:01,629] {logging_mixin.py:109} INFO - [2022-09-30 12:33:01,629] {dagbag.py:500} INFO - Filling up the DagBag from /home/airflow/.local/lib/python3.7/site-packages/airflow/example_dags/example_task_group_decorator.py
[2022-09-30 12:33:01,677] {processor.py:654} INFO - DAG(s) dict_keys(['example_task_group_decorator']) retrieved from /home/airflow/.local/lib/python3.7/site-packages/airflow/example_dags/example_task_group_decorator.py
[2022-09-30 12:33:03,600] {logging_mixin.py:109} INFO - [2022-09-30 12:33:03,600] {manager.py:496} INFO - Created Permission View: can edit on DAG:example_task_group_decorator
[2022-09-30 12:33:03,616] {logging_mixin.py:109} INFO - [2022-09-30 12:33:03,616] {manager.py:496} INFO - Created Permission View: can read on DAG:example_task_group_decorator
[2022-09-30 12:33:03,618] {logging_mixin.py:109} INFO - [2022-09-30 12:33:03,617] {dag.py:2398} INFO - Sync 1 DAGs
[2022-09-30 12:33:03,627] {logging_mixin.py:109} INFO - [2022-09-30 12:33:03,627] {dag.py:2417} INFO - Creating ORM DAG for example_task_group_decorator
[2022-09-30 12:33:03,637] {logging_mixin.py:109} INFO - [2022-09-30 12:33:03,637] {dag.py:2937} INFO - Setting next_dagrun for example_task_group_decorator to 2022-09-29T12:33:03.637167+00:00
[2022-09-30 12:33:03,658] {processor.py:171} INFO - Processing /home/airflow/.local/lib/python3.7/site-packages/airflow/example_dags/example_task_group_decorator.py took 2.041 seconds
[2022-09-30 12:33:34,026] {processor.py:163} INFO - Started process (PID=265) to work on /home/airflow/.local/lib/python3.7/site-packages/airflow/example_dags/example_task_group_decorator.py
[2022-09-30 12:33:34,032] {processor.py:642} INFO - Processing file /home/airflow/.local/lib/python3.7/site-packages/airflow/example_dags/example_task_group_decorator.py for tasks to queue
[2022-09-30 12:33:34,035] {logging_mixin.py:109} INFO - [2022-09-30 12:33:34,035] {dagbag.py:500} INFO - Filling up the DagBag from /home/airflow/.local/lib/python3.7/site-packages/airflow/example_dags/example_task_group_decorator.py
[2022-09-30 12:33:34,239] {processor.py:654} INFO - DAG(s) dict_keys(['example_task_group_decorator']) retrieved from /home/airflow/.local/lib/python3.7/site-packages/airflow/example_dags/example_task_group_decorator.py
[2022-09-30 12:33:34,697] {logging_mixin.py:109} INFO - [2022-09-30 12:33:34,697] {dag.py:2398} INFO - Sync 1 DAGs
[2022-09-30 12:33:34,714] {logging_mixin.py:109} INFO - [2022-09-30 12:33:34,714] {dag.py:2937} INFO - Setting next_dagrun for example_task_group_decorator to 2022-09-29T12:33:34.714573+00:00
[2022-09-30 12:33:34,734] {processor.py:171} INFO - Processing /home/airflow/.local/lib/python3.7/site-packages/airflow/example_dags/example_task_group_decorator.py took 0.768 seconds
[2022-09-30 12:34:04,885] {processor.py:163} INFO - Started process (PID=316) to work on /home/airflow/.local/lib/python3.7/site-packages/airflow/example_dags/example_task_group_decorator.py
[2022-09-30 12:34:04,887] {processor.py:642} INFO - Processing file /home/airflow/.local/lib/python3.7/site-packages/airflow/example_dags/example_task_group_decorator.py for tasks to queue
[2022-09-30 12:34:04,889] {logging_mixin.py:109} INFO - [2022-09-30 12:34:04,889] {dagbag.py:500} INFO - Filling up the DagBag from /home/airflow/.local/lib/python3.7/site-packages/airflow/example_dags/example_task_group_decorator.py
[2022-09-30 12:34:04,949] {processor.py:654} INFO - DAG(s) dict_keys(['example_task_group_decorator']) retrieved from /home/airflow/.local/lib/python3.7/site-packages/airflow/example_dags/example_task_group_decorator.py
[2022-09-30 12:34:05,146] {logging_mixin.py:109} INFO - [2022-09-30 12:34:05,146] {dag.py:2398} INFO - Sync 1 DAGs
[2022-09-30 12:34:05,170] {logging_mixin.py:109} INFO - [2022-09-30 12:34:05,170] {dag.py:2937} INFO - Setting next_dagrun for example_task_group_decorator to 2022-09-29T12:34:05.169923+00:00
[2022-09-30 12:34:05,193] {processor.py:171} INFO - Processing /home/airflow/.local/lib/python3.7/site-packages/airflow/example_dags/example_task_group_decorator.py took 0.311 seconds
[2022-09-30 12:34:35,341] {processor.py:163} INFO - Started process (PID=367) to work on /home/airflow/.local/lib/python3.7/site-packages/airflow/example_dags/example_task_group_decorator.py
[2022-09-30 12:34:35,343] {processor.py:642} INFO - Processing file /home/airflow/.local/lib/python3.7/site-packages/airflow/example_dags/example_task_group_decorator.py for tasks to queue
[2022-09-30 12:34:35,345] {logging_mixin.py:109} INFO - [2022-09-30 12:34:35,345] {dagbag.py:500} INFO - Filling up the DagBag from /home/airflow/.local/lib/python3.7/site-packages/airflow/example_dags/example_task_group_decorator.py
[2022-09-30 12:34:35,440] {processor.py:654} INFO - DAG(s) dict_keys(['example_task_group_decorator']) retrieved from /home/airflow/.local/lib/python3.7/site-packages/airflow/example_dags/example_task_group_decorator.py
[2022-09-30 12:34:35,677] {logging_mixin.py:109} INFO - [2022-09-30 12:34:35,677] {dag.py:2398} INFO - Sync 1 DAGs
[2022-09-30 12:34:35,698] {logging_mixin.py:109} INFO - [2022-09-30 12:34:35,698] {dag.py:2937} INFO - Setting next_dagrun for example_task_group_decorator to 2022-09-29T12:34:35.698240+00:00
[2022-09-30 12:34:35,714] {processor.py:171} INFO - Processing /home/airflow/.local/lib/python3.7/site-packages/airflow/example_dags/example_task_group_decorator.py took 0.378 seconds
[2022-09-30 12:35:06,167] {processor.py:163} INFO - Started process (PID=418) to work on /home/airflow/.local/lib/python3.7/site-packages/airflow/example_dags/example_task_group_decorator.py
[2022-09-30 12:35:06,169] {processor.py:642} INFO - Processing file /home/airflow/.local/lib/python3.7/site-packages/airflow/example_dags/example_task_group_decorator.py for tasks to queue
[2022-09-30 12:35:06,170] {logging_mixin.py:109} INFO - [2022-09-30 12:35:06,170] {dagbag.py:500} INFO - Filling up the DagBag from /home/airflow/.local/lib/python3.7/site-packages/airflow/example_dags/example_task_group_decorator.py
[2022-09-30 12:35:06,212] {processor.py:654} INFO - DAG(s) dict_keys(['example_task_group_decorator']) retrieved from /home/airflow/.local/lib/python3.7/site-packages/airflow/example_dags/example_task_group_decorator.py
[2022-09-30 12:35:06,395] {logging_mixin.py:109} INFO - [2022-09-30 12:35:06,395] {dag.py:2398} INFO - Sync 1 DAGs
[2022-09-30 12:35:06,411] {logging_mixin.py:109} INFO - [2022-09-30 12:35:06,411] {dag.py:2937} INFO - Setting next_dagrun for example_task_group_decorator to 2022-09-29T12:35:06.410943+00:00
[2022-09-30 12:35:06,424] {processor.py:171} INFO - Processing /home/airflow/.local/lib/python3.7/site-packages/airflow/example_dags/example_task_group_decorator.py took 0.263 seconds
[2022-09-30 12:35:36,733] {processor.py:163} INFO - Started process (PID=478) to work on /home/airflow/.local/lib/python3.7/site-packages/airflow/example_dags/example_task_group_decorator.py
[2022-09-30 12:35:36,736] {processor.py:642} INFO - Processing file /home/airflow/.local/lib/python3.7/site-packages/airflow/example_dags/example_task_group_decorator.py for tasks to queue
[2022-09-30 12:35:36,737] {logging_mixin.py:109} INFO - [2022-09-30 12:35:36,737] {dagbag.py:500} INFO - Filling up the DagBag from /home/airflow/.local/lib/python3.7/site-packages/airflow/example_dags/example_task_group_decorator.py
[2022-09-30 12:35:36,796] {processor.py:654} INFO - DAG(s) dict_keys(['example_task_group_decorator']) retrieved from /home/airflow/.local/lib/python3.7/site-packages/airflow/example_dags/example_task_group_decorator.py
[2022-09-30 12:35:36,985] {logging_mixin.py:109} INFO - [2022-09-30 12:35:36,985] {dag.py:2398} INFO - Sync 1 DAGs
[2022-09-30 12:35:36,999] {logging_mixin.py:109} INFO - [2022-09-30 12:35:36,999] {dag.py:2937} INFO - Setting next_dagrun for example_task_group_decorator to 2022-09-29T12:35:36.999484+00:00
[2022-09-30 12:35:37,013] {processor.py:171} INFO - Processing /home/airflow/.local/lib/python3.7/site-packages/airflow/example_dags/example_task_group_decorator.py took 0.283 seconds
[2022-09-30 12:36:07,800] {processor.py:163} INFO - Started process (PID=531) to work on /home/airflow/.local/lib/python3.7/site-packages/airflow/example_dags/example_task_group_decorator.py
[2022-09-30 12:36:07,803] {processor.py:642} INFO - Processing file /home/airflow/.local/lib/python3.7/site-packages/airflow/example_dags/example_task_group_decorator.py for tasks to queue
[2022-09-30 12:36:07,804] {logging_mixin.py:109} INFO - [2022-09-30 12:36:07,804] {dagbag.py:500} INFO - Filling up the DagBag from /home/airflow/.local/lib/python3.7/site-packages/airflow/example_dags/example_task_group_decorator.py
[2022-09-30 12:36:07,852] {processor.py:654} INFO - DAG(s) dict_keys(['example_task_group_decorator']) retrieved from /home/airflow/.local/lib/python3.7/site-packages/airflow/example_dags/example_task_group_decorator.py
[2022-09-30 12:36:08,041] {logging_mixin.py:109} INFO - [2022-09-30 12:36:08,040] {dag.py:2398} INFO - Sync 1 DAGs
[2022-09-30 12:36:08,055] {logging_mixin.py:109} INFO - [2022-09-30 12:36:08,055] {dag.py:2937} INFO - Setting next_dagrun for example_task_group_decorator to 2022-09-29T12:36:08.054882+00:00
[2022-09-30 12:36:08,066] {processor.py:171} INFO - Processing /home/airflow/.local/lib/python3.7/site-packages/airflow/example_dags/example_task_group_decorator.py took 0.270 seconds
[2022-09-30 12:36:38,474] {processor.py:163} INFO - Started process (PID=592) to work on /home/airflow/.local/lib/python3.7/site-packages/airflow/example_dags/example_task_group_decorator.py
[2022-09-30 12:36:38,476] {processor.py:642} INFO - Processing file /home/airflow/.local/lib/python3.7/site-packages/airflow/example_dags/example_task_group_decorator.py for tasks to queue
[2022-09-30 12:36:38,477] {logging_mixin.py:109} INFO - [2022-09-30 12:36:38,477] {dagbag.py:500} INFO - Filling up the DagBag from /home/airflow/.local/lib/python3.7/site-packages/airflow/example_dags/example_task_group_decorator.py
[2022-09-30 12:36:38,519] {processor.py:654} INFO - DAG(s) dict_keys(['example_task_group_decorator']) retrieved from /home/airflow/.local/lib/python3.7/site-packages/airflow/example_dags/example_task_group_decorator.py
[2022-09-30 12:36:38,720] {logging_mixin.py:109} INFO - [2022-09-30 12:36:38,720] {dag.py:2398} INFO - Sync 1 DAGs
[2022-09-30 12:36:38,736] {logging_mixin.py:109} INFO - [2022-09-30 12:36:38,735] {dag.py:2937} INFO - Setting next_dagrun for example_task_group_decorator to 2022-09-29T12:36:38.735601+00:00
[2022-09-30 12:36:38,748] {processor.py:171} INFO - Processing /home/airflow/.local/lib/python3.7/site-packages/airflow/example_dags/example_task_group_decorator.py took 0.279 seconds
[2022-09-30 12:37:09,214] {processor.py:163} INFO - Started process (PID=643) to work on /home/airflow/.local/lib/python3.7/site-packages/airflow/example_dags/example_task_group_decorator.py
[2022-09-30 12:37:09,216] {processor.py:642} INFO - Processing file /home/airflow/.local/lib/python3.7/site-packages/airflow/example_dags/example_task_group_decorator.py for tasks to queue
[2022-09-30 12:37:09,218] {logging_mixin.py:109} INFO - [2022-09-30 12:37:09,218] {dagbag.py:500} INFO - Filling up the DagBag from /home/airflow/.local/lib/python3.7/site-packages/airflow/example_dags/example_task_group_decorator.py
[2022-09-30 12:37:09,264] {processor.py:654} INFO - DAG(s) dict_keys(['example_task_group_decorator']) retrieved from /home/airflow/.local/lib/python3.7/site-packages/airflow/example_dags/example_task_group_decorator.py
[2022-09-30 12:37:09,488] {logging_mixin.py:109} INFO - [2022-09-30 12:37:09,488] {dag.py:2398} INFO - Sync 1 DAGs
[2022-09-30 12:37:09,512] {logging_mixin.py:109} INFO - [2022-09-30 12:37:09,512] {dag.py:2937} INFO - Setting next_dagrun for example_task_group_decorator to 2022-09-29T12:37:09.511878+00:00
[2022-09-30 12:37:09,532] {processor.py:171} INFO - Processing /home/airflow/.local/lib/python3.7/site-packages/airflow/example_dags/example_task_group_decorator.py took 0.323 seconds
[2022-09-30 12:37:39,879] {processor.py:163} INFO - Started process (PID=694) to work on /home/airflow/.local/lib/python3.7/site-packages/airflow/example_dags/example_task_group_decorator.py
[2022-09-30 12:37:39,881] {processor.py:642} INFO - Processing file /home/airflow/.local/lib/python3.7/site-packages/airflow/example_dags/example_task_group_decorator.py for tasks to queue
[2022-09-30 12:37:39,882] {logging_mixin.py:109} INFO - [2022-09-30 12:37:39,882] {dagbag.py:500} INFO - Filling up the DagBag from /home/airflow/.local/lib/python3.7/site-packages/airflow/example_dags/example_task_group_decorator.py
[2022-09-30 12:37:39,928] {processor.py:654} INFO - DAG(s) dict_keys(['example_task_group_decorator']) retrieved from /home/airflow/.local/lib/python3.7/site-packages/airflow/example_dags/example_task_group_decorator.py
[2022-09-30 12:37:40,117] {logging_mixin.py:109} INFO - [2022-09-30 12:37:40,117] {dag.py:2398} INFO - Sync 1 DAGs
[2022-09-30 12:37:40,133] {logging_mixin.py:109} INFO - [2022-09-30 12:37:40,132] {dag.py:2937} INFO - Setting next_dagrun for example_task_group_decorator to 2022-09-29T12:37:40.132727+00:00
[2022-09-30 12:37:40,174] {processor.py:171} INFO - Processing /home/airflow/.local/lib/python3.7/site-packages/airflow/example_dags/example_task_group_decorator.py took 0.300 seconds
[2022-09-30 12:38:10,272] {processor.py:163} INFO - Started process (PID=754) to work on /home/airflow/.local/lib/python3.7/site-packages/airflow/example_dags/example_task_group_decorator.py
[2022-09-30 12:38:10,273] {processor.py:642} INFO - Processing file /home/airflow/.local/lib/python3.7/site-packages/airflow/example_dags/example_task_group_decorator.py for tasks to queue
[2022-09-30 12:38:10,275] {logging_mixin.py:109} INFO - [2022-09-30 12:38:10,275] {dagbag.py:500} INFO - Filling up the DagBag from /home/airflow/.local/lib/python3.7/site-packages/airflow/example_dags/example_task_group_decorator.py
[2022-09-30 12:38:10,318] {processor.py:654} INFO - DAG(s) dict_keys(['example_task_group_decorator']) retrieved from /home/airflow/.local/lib/python3.7/site-packages/airflow/example_dags/example_task_group_decorator.py
[2022-09-30 12:38:10,517] {logging_mixin.py:109} INFO - [2022-09-30 12:38:10,517] {dag.py:2398} INFO - Sync 1 DAGs
[2022-09-30 12:38:10,543] {logging_mixin.py:109} INFO - [2022-09-30 12:38:10,543] {dag.py:2937} INFO - Setting next_dagrun for example_task_group_decorator to 2022-09-29T12:38:10.543204+00:00
[2022-09-30 12:38:10,558] {processor.py:171} INFO - Processing /home/airflow/.local/lib/python3.7/site-packages/airflow/example_dags/example_task_group_decorator.py took 0.290 seconds
[2022-09-30 12:38:40,934] {processor.py:163} INFO - Started process (PID=805) to work on /home/airflow/.local/lib/python3.7/site-packages/airflow/example_dags/example_task_group_decorator.py
[2022-09-30 12:38:40,939] {processor.py:642} INFO - Processing file /home/airflow/.local/lib/python3.7/site-packages/airflow/example_dags/example_task_group_decorator.py for tasks to queue
[2022-09-30 12:38:40,941] {logging_mixin.py:109} INFO - [2022-09-30 12:38:40,940] {dagbag.py:500} INFO - Filling up the DagBag from /home/airflow/.local/lib/python3.7/site-packages/airflow/example_dags/example_task_group_decorator.py
[2022-09-30 12:38:41,003] {processor.py:654} INFO - DAG(s) dict_keys(['example_task_group_decorator']) retrieved from /home/airflow/.local/lib/python3.7/site-packages/airflow/example_dags/example_task_group_decorator.py
[2022-09-30 12:38:41,197] {logging_mixin.py:109} INFO - [2022-09-30 12:38:41,196] {dag.py:2398} INFO - Sync 1 DAGs
[2022-09-30 12:38:41,213] {logging_mixin.py:109} INFO - [2022-09-30 12:38:41,213] {dag.py:2937} INFO - Setting next_dagrun for example_task_group_decorator to 2022-09-29T12:38:41.213559+00:00
[2022-09-30 12:38:41,228] {processor.py:171} INFO - Processing /home/airflow/.local/lib/python3.7/site-packages/airflow/example_dags/example_task_group_decorator.py took 0.298 seconds
[2022-09-30 12:39:11,614] {processor.py:163} INFO - Started process (PID=865) to work on /home/airflow/.local/lib/python3.7/site-packages/airflow/example_dags/example_task_group_decorator.py
[2022-09-30 12:39:11,616] {processor.py:642} INFO - Processing file /home/airflow/.local/lib/python3.7/site-packages/airflow/example_dags/example_task_group_decorator.py for tasks to queue
[2022-09-30 12:39:11,618] {logging_mixin.py:109} INFO - [2022-09-30 12:39:11,618] {dagbag.py:500} INFO - Filling up the DagBag from /home/airflow/.local/lib/python3.7/site-packages/airflow/example_dags/example_task_group_decorator.py
[2022-09-30 12:39:11,665] {processor.py:654} INFO - DAG(s) dict_keys(['example_task_group_decorator']) retrieved from /home/airflow/.local/lib/python3.7/site-packages/airflow/example_dags/example_task_group_decorator.py
[2022-09-30 12:39:11,910] {logging_mixin.py:109} INFO - [2022-09-30 12:39:11,909] {dag.py:2398} INFO - Sync 1 DAGs
[2022-09-30 12:39:11,929] {logging_mixin.py:109} INFO - [2022-09-30 12:39:11,929] {dag.py:2937} INFO - Setting next_dagrun for example_task_group_decorator to 2022-09-29T12:39:11.928948+00:00
[2022-09-30 12:39:11,945] {processor.py:171} INFO - Processing /home/airflow/.local/lib/python3.7/site-packages/airflow/example_dags/example_task_group_decorator.py took 0.335 seconds
[2022-09-30 12:39:42,012] {processor.py:163} INFO - Started process (PID=916) to work on /home/airflow/.local/lib/python3.7/site-packages/airflow/example_dags/example_task_group_decorator.py
[2022-09-30 12:39:42,014] {processor.py:642} INFO - Processing file /home/airflow/.local/lib/python3.7/site-packages/airflow/example_dags/example_task_group_decorator.py for tasks to queue
[2022-09-30 12:39:42,015] {logging_mixin.py:109} INFO - [2022-09-30 12:39:42,015] {dagbag.py:500} INFO - Filling up the DagBag from /home/airflow/.local/lib/python3.7/site-packages/airflow/example_dags/example_task_group_decorator.py
[2022-09-30 12:39:42,055] {processor.py:654} INFO - DAG(s) dict_keys(['example_task_group_decorator']) retrieved from /home/airflow/.local/lib/python3.7/site-packages/airflow/example_dags/example_task_group_decorator.py
[2022-09-30 12:39:42,241] {logging_mixin.py:109} INFO - [2022-09-30 12:39:42,241] {dag.py:2398} INFO - Sync 1 DAGs
[2022-09-30 12:39:42,258] {logging_mixin.py:109} INFO - [2022-09-30 12:39:42,258] {dag.py:2937} INFO - Setting next_dagrun for example_task_group_decorator to 2022-09-29T12:39:42.257966+00:00
[2022-09-30 12:39:42,274] {processor.py:171} INFO - Processing /home/airflow/.local/lib/python3.7/site-packages/airflow/example_dags/example_task_group_decorator.py took 0.266 seconds
[2022-09-30 12:40:13,171] {processor.py:163} INFO - Started process (PID=974) to work on /home/airflow/.local/lib/python3.7/site-packages/airflow/example_dags/example_task_group_decorator.py
[2022-09-30 12:40:13,187] {processor.py:642} INFO - Processing file /home/airflow/.local/lib/python3.7/site-packages/airflow/example_dags/example_task_group_decorator.py for tasks to queue
[2022-09-30 12:40:13,190] {logging_mixin.py:109} INFO - [2022-09-30 12:40:13,190] {dagbag.py:500} INFO - Filling up the DagBag from /home/airflow/.local/lib/python3.7/site-packages/airflow/example_dags/example_task_group_decorator.py
[2022-09-30 12:40:13,280] {processor.py:654} INFO - DAG(s) dict_keys(['example_task_group_decorator']) retrieved from /home/airflow/.local/lib/python3.7/site-packages/airflow/example_dags/example_task_group_decorator.py
[2022-09-30 12:40:13,712] {logging_mixin.py:109} INFO - [2022-09-30 12:40:13,712] {dag.py:2398} INFO - Sync 1 DAGs
[2022-09-30 12:40:13,735] {logging_mixin.py:109} INFO - [2022-09-30 12:40:13,734] {dag.py:2937} INFO - Setting next_dagrun for example_task_group_decorator to 2022-09-29T12:40:13.734498+00:00
[2022-09-30 12:40:13,779] {processor.py:171} INFO - Processing /home/airflow/.local/lib/python3.7/site-packages/airflow/example_dags/example_task_group_decorator.py took 0.611 seconds
[2022-09-30 12:40:44,319] {processor.py:163} INFO - Started process (PID=1027) to work on /home/airflow/.local/lib/python3.7/site-packages/airflow/example_dags/example_task_group_decorator.py
[2022-09-30 12:40:44,322] {processor.py:642} INFO - Processing file /home/airflow/.local/lib/python3.7/site-packages/airflow/example_dags/example_task_group_decorator.py for tasks to queue
[2022-09-30 12:40:44,323] {logging_mixin.py:109} INFO - [2022-09-30 12:40:44,323] {dagbag.py:500} INFO - Filling up the DagBag from /home/airflow/.local/lib/python3.7/site-packages/airflow/example_dags/example_task_group_decorator.py
[2022-09-30 12:40:44,371] {processor.py:654} INFO - DAG(s) dict_keys(['example_task_group_decorator']) retrieved from /home/airflow/.local/lib/python3.7/site-packages/airflow/example_dags/example_task_group_decorator.py
[2022-09-30 12:40:44,563] {logging_mixin.py:109} INFO - [2022-09-30 12:40:44,563] {dag.py:2398} INFO - Sync 1 DAGs
[2022-09-30 12:40:44,586] {logging_mixin.py:109} INFO - [2022-09-30 12:40:44,586] {dag.py:2937} INFO - Setting next_dagrun for example_task_group_decorator to 2022-09-29T12:40:44.586234+00:00
[2022-09-30 12:40:44,604] {processor.py:171} INFO - Processing /home/airflow/.local/lib/python3.7/site-packages/airflow/example_dags/example_task_group_decorator.py took 0.288 seconds
[2022-09-30 12:41:14,885] {processor.py:163} INFO - Started process (PID=1078) to work on /home/airflow/.local/lib/python3.7/site-packages/airflow/example_dags/example_task_group_decorator.py
[2022-09-30 12:41:14,888] {processor.py:642} INFO - Processing file /home/airflow/.local/lib/python3.7/site-packages/airflow/example_dags/example_task_group_decorator.py for tasks to queue
[2022-09-30 12:41:14,890] {logging_mixin.py:109} INFO - [2022-09-30 12:41:14,890] {dagbag.py:500} INFO - Filling up the DagBag from /home/airflow/.local/lib/python3.7/site-packages/airflow/example_dags/example_task_group_decorator.py
[2022-09-30 12:41:14,939] {processor.py:654} INFO - DAG(s) dict_keys(['example_task_group_decorator']) retrieved from /home/airflow/.local/lib/python3.7/site-packages/airflow/example_dags/example_task_group_decorator.py
[2022-09-30 12:41:15,121] {logging_mixin.py:109} INFO - [2022-09-30 12:41:15,121] {dag.py:2398} INFO - Sync 1 DAGs
[2022-09-30 12:41:15,137] {logging_mixin.py:109} INFO - [2022-09-30 12:41:15,137] {dag.py:2937} INFO - Setting next_dagrun for example_task_group_decorator to 2022-09-29T12:41:15.137381+00:00
[2022-09-30 12:41:15,152] {processor.py:171} INFO - Processing /home/airflow/.local/lib/python3.7/site-packages/airflow/example_dags/example_task_group_decorator.py took 0.273 seconds
[2022-09-30 12:41:45,285] {processor.py:163} INFO - Started process (PID=1139) to work on /home/airflow/.local/lib/python3.7/site-packages/airflow/example_dags/example_task_group_decorator.py
[2022-09-30 12:41:45,287] {processor.py:642} INFO - Processing file /home/airflow/.local/lib/python3.7/site-packages/airflow/example_dags/example_task_group_decorator.py for tasks to queue
[2022-09-30 12:41:45,289] {logging_mixin.py:109} INFO - [2022-09-30 12:41:45,289] {dagbag.py:500} INFO - Filling up the DagBag from /home/airflow/.local/lib/python3.7/site-packages/airflow/example_dags/example_task_group_decorator.py
[2022-09-30 12:41:45,334] {processor.py:654} INFO - DAG(s) dict_keys(['example_task_group_decorator']) retrieved from /home/airflow/.local/lib/python3.7/site-packages/airflow/example_dags/example_task_group_decorator.py
[2022-09-30 12:41:45,528] {logging_mixin.py:109} INFO - [2022-09-30 12:41:45,527] {dag.py:2398} INFO - Sync 1 DAGs
[2022-09-30 12:41:45,543] {logging_mixin.py:109} INFO - [2022-09-30 12:41:45,543] {dag.py:2937} INFO - Setting next_dagrun for example_task_group_decorator to 2022-09-29T12:41:45.543357+00:00
[2022-09-30 12:41:45,556] {processor.py:171} INFO - Processing /home/airflow/.local/lib/python3.7/site-packages/airflow/example_dags/example_task_group_decorator.py took 0.274 seconds
[2022-09-30 12:42:15,635] {processor.py:163} INFO - Started process (PID=1191) to work on /home/airflow/.local/lib/python3.7/site-packages/airflow/example_dags/example_task_group_decorator.py
[2022-09-30 12:42:15,639] {processor.py:642} INFO - Processing file /home/airflow/.local/lib/python3.7/site-packages/airflow/example_dags/example_task_group_decorator.py for tasks to queue
[2022-09-30 12:42:15,642] {logging_mixin.py:109} INFO - [2022-09-30 12:42:15,642] {dagbag.py:500} INFO - Filling up the DagBag from /home/airflow/.local/lib/python3.7/site-packages/airflow/example_dags/example_task_group_decorator.py
[2022-09-30 12:42:15,696] {processor.py:654} INFO - DAG(s) dict_keys(['example_task_group_decorator']) retrieved from /home/airflow/.local/lib/python3.7/site-packages/airflow/example_dags/example_task_group_decorator.py
[2022-09-30 12:42:15,883] {logging_mixin.py:109} INFO - [2022-09-30 12:42:15,883] {dag.py:2398} INFO - Sync 1 DAGs
[2022-09-30 12:42:15,901] {logging_mixin.py:109} INFO - [2022-09-30 12:42:15,901] {dag.py:2937} INFO - Setting next_dagrun for example_task_group_decorator to 2022-09-29T12:42:15.901399+00:00
[2022-09-30 12:42:15,919] {processor.py:171} INFO - Processing /home/airflow/.local/lib/python3.7/site-packages/airflow/example_dags/example_task_group_decorator.py took 0.289 seconds
[2022-09-30 12:42:45,985] {processor.py:163} INFO - Started process (PID=1252) to work on /home/airflow/.local/lib/python3.7/site-packages/airflow/example_dags/example_task_group_decorator.py
[2022-09-30 12:42:45,986] {processor.py:642} INFO - Processing file /home/airflow/.local/lib/python3.7/site-packages/airflow/example_dags/example_task_group_decorator.py for tasks to queue
[2022-09-30 12:42:45,988] {logging_mixin.py:109} INFO - [2022-09-30 12:42:45,988] {dagbag.py:500} INFO - Filling up the DagBag from /home/airflow/.local/lib/python3.7/site-packages/airflow/example_dags/example_task_group_decorator.py
[2022-09-30 12:42:46,040] {processor.py:654} INFO - DAG(s) dict_keys(['example_task_group_decorator']) retrieved from /home/airflow/.local/lib/python3.7/site-packages/airflow/example_dags/example_task_group_decorator.py
[2022-09-30 12:42:46,220] {logging_mixin.py:109} INFO - [2022-09-30 12:42:46,220] {dag.py:2398} INFO - Sync 1 DAGs
[2022-09-30 12:42:46,235] {logging_mixin.py:109} INFO - [2022-09-30 12:42:46,235] {dag.py:2937} INFO - Setting next_dagrun for example_task_group_decorator to 2022-09-29T12:42:46.234825+00:00
[2022-09-30 12:42:46,249] {processor.py:171} INFO - Processing /home/airflow/.local/lib/python3.7/site-packages/airflow/example_dags/example_task_group_decorator.py took 0.268 seconds
[2022-09-30 12:43:17,063] {processor.py:163} INFO - Started process (PID=1304) to work on /home/airflow/.local/lib/python3.7/site-packages/airflow/example_dags/example_task_group_decorator.py
[2022-09-30 12:43:17,066] {processor.py:642} INFO - Processing file /home/airflow/.local/lib/python3.7/site-packages/airflow/example_dags/example_task_group_decorator.py for tasks to queue
[2022-09-30 12:43:17,068] {logging_mixin.py:109} INFO - [2022-09-30 12:43:17,068] {dagbag.py:500} INFO - Filling up the DagBag from /home/airflow/.local/lib/python3.7/site-packages/airflow/example_dags/example_task_group_decorator.py
[2022-09-30 12:43:17,112] {processor.py:654} INFO - DAG(s) dict_keys(['example_task_group_decorator']) retrieved from /home/airflow/.local/lib/python3.7/site-packages/airflow/example_dags/example_task_group_decorator.py
[2022-09-30 12:43:17,296] {logging_mixin.py:109} INFO - [2022-09-30 12:43:17,296] {dag.py:2398} INFO - Sync 1 DAGs
[2022-09-30 12:43:17,311] {logging_mixin.py:109} INFO - [2022-09-30 12:43:17,311] {dag.py:2937} INFO - Setting next_dagrun for example_task_group_decorator to 2022-09-29T12:43:17.311094+00:00
[2022-09-30 12:43:17,327] {processor.py:171} INFO - Processing /home/airflow/.local/lib/python3.7/site-packages/airflow/example_dags/example_task_group_decorator.py took 0.275 seconds
[2022-09-30 12:43:47,433] {processor.py:163} INFO - Started process (PID=1355) to work on /home/airflow/.local/lib/python3.7/site-packages/airflow/example_dags/example_task_group_decorator.py
[2022-09-30 12:43:47,437] {processor.py:642} INFO - Processing file /home/airflow/.local/lib/python3.7/site-packages/airflow/example_dags/example_task_group_decorator.py for tasks to queue
[2022-09-30 12:43:47,439] {logging_mixin.py:109} INFO - [2022-09-30 12:43:47,439] {dagbag.py:500} INFO - Filling up the DagBag from /home/airflow/.local/lib/python3.7/site-packages/airflow/example_dags/example_task_group_decorator.py
[2022-09-30 12:43:47,491] {processor.py:654} INFO - DAG(s) dict_keys(['example_task_group_decorator']) retrieved from /home/airflow/.local/lib/python3.7/site-packages/airflow/example_dags/example_task_group_decorator.py
[2022-09-30 12:43:47,683] {logging_mixin.py:109} INFO - [2022-09-30 12:43:47,683] {dag.py:2398} INFO - Sync 1 DAGs
[2022-09-30 12:43:47,700] {logging_mixin.py:109} INFO - [2022-09-30 12:43:47,700] {dag.py:2937} INFO - Setting next_dagrun for example_task_group_decorator to 2022-09-29T12:43:47.699992+00:00
[2022-09-30 12:43:47,713] {processor.py:171} INFO - Processing /home/airflow/.local/lib/python3.7/site-packages/airflow/example_dags/example_task_group_decorator.py took 0.285 seconds
[2022-09-30 12:44:18,538] {processor.py:163} INFO - Started process (PID=1415) to work on /home/airflow/.local/lib/python3.7/site-packages/airflow/example_dags/example_task_group_decorator.py
[2022-09-30 12:44:18,541] {processor.py:642} INFO - Processing file /home/airflow/.local/lib/python3.7/site-packages/airflow/example_dags/example_task_group_decorator.py for tasks to queue
[2022-09-30 12:44:18,543] {logging_mixin.py:109} INFO - [2022-09-30 12:44:18,543] {dagbag.py:500} INFO - Filling up the DagBag from /home/airflow/.local/lib/python3.7/site-packages/airflow/example_dags/example_task_group_decorator.py
[2022-09-30 12:44:18,599] {processor.py:654} INFO - DAG(s) dict_keys(['example_task_group_decorator']) retrieved from /home/airflow/.local/lib/python3.7/site-packages/airflow/example_dags/example_task_group_decorator.py
[2022-09-30 12:44:18,789] {logging_mixin.py:109} INFO - [2022-09-30 12:44:18,789] {dag.py:2398} INFO - Sync 1 DAGs
[2022-09-30 12:44:18,804] {logging_mixin.py:109} INFO - [2022-09-30 12:44:18,804] {dag.py:2937} INFO - Setting next_dagrun for example_task_group_decorator to 2022-09-29T12:44:18.803863+00:00
[2022-09-30 12:44:18,816] {processor.py:171} INFO - Processing /home/airflow/.local/lib/python3.7/site-packages/airflow/example_dags/example_task_group_decorator.py took 0.282 seconds
[2022-09-30 12:44:48,967] {processor.py:163} INFO - Started process (PID=1467) to work on /home/airflow/.local/lib/python3.7/site-packages/airflow/example_dags/example_task_group_decorator.py
[2022-09-30 12:44:48,969] {processor.py:642} INFO - Processing file /home/airflow/.local/lib/python3.7/site-packages/airflow/example_dags/example_task_group_decorator.py for tasks to queue
[2022-09-30 12:44:48,970] {logging_mixin.py:109} INFO - [2022-09-30 12:44:48,970] {dagbag.py:500} INFO - Filling up the DagBag from /home/airflow/.local/lib/python3.7/site-packages/airflow/example_dags/example_task_group_decorator.py
[2022-09-30 12:44:49,016] {processor.py:654} INFO - DAG(s) dict_keys(['example_task_group_decorator']) retrieved from /home/airflow/.local/lib/python3.7/site-packages/airflow/example_dags/example_task_group_decorator.py
[2022-09-30 12:44:49,202] {logging_mixin.py:109} INFO - [2022-09-30 12:44:49,202] {dag.py:2398} INFO - Sync 1 DAGs
[2022-09-30 12:44:49,220] {logging_mixin.py:109} INFO - [2022-09-30 12:44:49,220] {dag.py:2937} INFO - Setting next_dagrun for example_task_group_decorator to 2022-09-29T12:44:49.219783+00:00
[2022-09-30 12:44:49,235] {processor.py:171} INFO - Processing /home/airflow/.local/lib/python3.7/site-packages/airflow/example_dags/example_task_group_decorator.py took 0.273 seconds
[2022-09-30 12:45:19,483] {processor.py:163} INFO - Started process (PID=1527) to work on /home/airflow/.local/lib/python3.7/site-packages/airflow/example_dags/example_task_group_decorator.py
[2022-09-30 12:45:19,486] {processor.py:642} INFO - Processing file /home/airflow/.local/lib/python3.7/site-packages/airflow/example_dags/example_task_group_decorator.py for tasks to queue
[2022-09-30 12:45:19,488] {logging_mixin.py:109} INFO - [2022-09-30 12:45:19,488] {dagbag.py:500} INFO - Filling up the DagBag from /home/airflow/.local/lib/python3.7/site-packages/airflow/example_dags/example_task_group_decorator.py
[2022-09-30 12:45:19,537] {processor.py:654} INFO - DAG(s) dict_keys(['example_task_group_decorator']) retrieved from /home/airflow/.local/lib/python3.7/site-packages/airflow/example_dags/example_task_group_decorator.py
[2022-09-30 12:45:19,714] {logging_mixin.py:109} INFO - [2022-09-30 12:45:19,714] {dag.py:2398} INFO - Sync 1 DAGs
[2022-09-30 12:45:19,730] {logging_mixin.py:109} INFO - [2022-09-30 12:45:19,730] {dag.py:2937} INFO - Setting next_dagrun for example_task_group_decorator to 2022-09-29T12:45:19.730457+00:00
[2022-09-30 12:45:19,745] {processor.py:171} INFO - Processing /home/airflow/.local/lib/python3.7/site-packages/airflow/example_dags/example_task_group_decorator.py took 0.268 seconds
[2022-09-30 12:45:49,785] {processor.py:163} INFO - Started process (PID=1578) to work on /home/airflow/.local/lib/python3.7/site-packages/airflow/example_dags/example_task_group_decorator.py
[2022-09-30 12:45:49,787] {processor.py:642} INFO - Processing file /home/airflow/.local/lib/python3.7/site-packages/airflow/example_dags/example_task_group_decorator.py for tasks to queue
[2022-09-30 12:45:49,789] {logging_mixin.py:109} INFO - [2022-09-30 12:45:49,788] {dagbag.py:500} INFO - Filling up the DagBag from /home/airflow/.local/lib/python3.7/site-packages/airflow/example_dags/example_task_group_decorator.py
[2022-09-30 12:45:49,840] {processor.py:654} INFO - DAG(s) dict_keys(['example_task_group_decorator']) retrieved from /home/airflow/.local/lib/python3.7/site-packages/airflow/example_dags/example_task_group_decorator.py
[2022-09-30 12:45:50,036] {logging_mixin.py:109} INFO - [2022-09-30 12:45:50,036] {dag.py:2398} INFO - Sync 1 DAGs
[2022-09-30 12:45:50,055] {logging_mixin.py:109} INFO - [2022-09-30 12:45:50,055] {dag.py:2937} INFO - Setting next_dagrun for example_task_group_decorator to 2022-09-29T12:45:50.054444+00:00
[2022-09-30 12:45:50,076] {processor.py:171} INFO - Processing /home/airflow/.local/lib/python3.7/site-packages/airflow/example_dags/example_task_group_decorator.py took 0.296 seconds
[2022-09-30 12:46:20,228] {processor.py:163} INFO - Started process (PID=1638) to work on /home/airflow/.local/lib/python3.7/site-packages/airflow/example_dags/example_task_group_decorator.py
[2022-09-30 12:46:20,230] {processor.py:642} INFO - Processing file /home/airflow/.local/lib/python3.7/site-packages/airflow/example_dags/example_task_group_decorator.py for tasks to queue
[2022-09-30 12:46:20,232] {logging_mixin.py:109} INFO - [2022-09-30 12:46:20,232] {dagbag.py:500} INFO - Filling up the DagBag from /home/airflow/.local/lib/python3.7/site-packages/airflow/example_dags/example_task_group_decorator.py
[2022-09-30 12:46:20,298] {processor.py:654} INFO - DAG(s) dict_keys(['example_task_group_decorator']) retrieved from /home/airflow/.local/lib/python3.7/site-packages/airflow/example_dags/example_task_group_decorator.py
[2022-09-30 12:46:20,546] {logging_mixin.py:109} INFO - [2022-09-30 12:46:20,546] {dag.py:2398} INFO - Sync 1 DAGs
[2022-09-30 12:46:20,564] {logging_mixin.py:109} INFO - [2022-09-30 12:46:20,564] {dag.py:2937} INFO - Setting next_dagrun for example_task_group_decorator to 2022-09-29T12:46:20.563682+00:00
[2022-09-30 12:46:20,580] {processor.py:171} INFO - Processing /home/airflow/.local/lib/python3.7/site-packages/airflow/example_dags/example_task_group_decorator.py took 0.357 seconds
[2022-09-30 12:46:50,702] {processor.py:163} INFO - Started process (PID=1690) to work on /home/airflow/.local/lib/python3.7/site-packages/airflow/example_dags/example_task_group_decorator.py
[2022-09-30 12:46:50,705] {processor.py:642} INFO - Processing file /home/airflow/.local/lib/python3.7/site-packages/airflow/example_dags/example_task_group_decorator.py for tasks to queue
[2022-09-30 12:46:50,706] {logging_mixin.py:109} INFO - [2022-09-30 12:46:50,706] {dagbag.py:500} INFO - Filling up the DagBag from /home/airflow/.local/lib/python3.7/site-packages/airflow/example_dags/example_task_group_decorator.py
[2022-09-30 12:46:50,776] {processor.py:654} INFO - DAG(s) dict_keys(['example_task_group_decorator']) retrieved from /home/airflow/.local/lib/python3.7/site-packages/airflow/example_dags/example_task_group_decorator.py
[2022-09-30 12:46:50,963] {logging_mixin.py:109} INFO - [2022-09-30 12:46:50,963] {dag.py:2398} INFO - Sync 1 DAGs
[2022-09-30 12:46:50,979] {logging_mixin.py:109} INFO - [2022-09-30 12:46:50,978] {dag.py:2937} INFO - Setting next_dagrun for example_task_group_decorator to 2022-09-29T12:46:50.978751+00:00
[2022-09-30 12:46:50,993] {processor.py:171} INFO - Processing /home/airflow/.local/lib/python3.7/site-packages/airflow/example_dags/example_task_group_decorator.py took 0.294 seconds
[2022-09-30 12:47:21,352] {processor.py:163} INFO - Started process (PID=1751) to work on /home/airflow/.local/lib/python3.7/site-packages/airflow/example_dags/example_task_group_decorator.py
[2022-09-30 12:47:21,355] {processor.py:642} INFO - Processing file /home/airflow/.local/lib/python3.7/site-packages/airflow/example_dags/example_task_group_decorator.py for tasks to queue
[2022-09-30 12:47:21,356] {logging_mixin.py:109} INFO - [2022-09-30 12:47:21,356] {dagbag.py:500} INFO - Filling up the DagBag from /home/airflow/.local/lib/python3.7/site-packages/airflow/example_dags/example_task_group_decorator.py
[2022-09-30 12:47:21,402] {processor.py:654} INFO - DAG(s) dict_keys(['example_task_group_decorator']) retrieved from /home/airflow/.local/lib/python3.7/site-packages/airflow/example_dags/example_task_group_decorator.py
[2022-09-30 12:47:21,583] {logging_mixin.py:109} INFO - [2022-09-30 12:47:21,583] {dag.py:2398} INFO - Sync 1 DAGs
[2022-09-30 12:47:21,599] {logging_mixin.py:109} INFO - [2022-09-30 12:47:21,599] {dag.py:2937} INFO - Setting next_dagrun for example_task_group_decorator to 2022-09-29T12:47:21.598900+00:00
[2022-09-30 12:47:21,612] {processor.py:171} INFO - Processing /home/airflow/.local/lib/python3.7/site-packages/airflow/example_dags/example_task_group_decorator.py took 0.265 seconds
[2022-09-30 12:47:51,960] {processor.py:163} INFO - Started process (PID=1802) to work on /home/airflow/.local/lib/python3.7/site-packages/airflow/example_dags/example_task_group_decorator.py
[2022-09-30 12:47:51,963] {processor.py:642} INFO - Processing file /home/airflow/.local/lib/python3.7/site-packages/airflow/example_dags/example_task_group_decorator.py for tasks to queue
[2022-09-30 12:47:51,965] {logging_mixin.py:109} INFO - [2022-09-30 12:47:51,964] {dagbag.py:500} INFO - Filling up the DagBag from /home/airflow/.local/lib/python3.7/site-packages/airflow/example_dags/example_task_group_decorator.py
[2022-09-30 12:47:52,006] {processor.py:654} INFO - DAG(s) dict_keys(['example_task_group_decorator']) retrieved from /home/airflow/.local/lib/python3.7/site-packages/airflow/example_dags/example_task_group_decorator.py
[2022-09-30 12:47:52,191] {logging_mixin.py:109} INFO - [2022-09-30 12:47:52,190] {dag.py:2398} INFO - Sync 1 DAGs
[2022-09-30 12:47:52,208] {logging_mixin.py:109} INFO - [2022-09-30 12:47:52,207] {dag.py:2937} INFO - Setting next_dagrun for example_task_group_decorator to 2022-09-29T12:47:52.207284+00:00
[2022-09-30 12:47:52,220] {processor.py:171} INFO - Processing /home/airflow/.local/lib/python3.7/site-packages/airflow/example_dags/example_task_group_decorator.py took 0.264 seconds
[2022-09-30 12:48:22,452] {processor.py:163} INFO - Started process (PID=1863) to work on /home/airflow/.local/lib/python3.7/site-packages/airflow/example_dags/example_task_group_decorator.py
[2022-09-30 12:48:22,457] {processor.py:642} INFO - Processing file /home/airflow/.local/lib/python3.7/site-packages/airflow/example_dags/example_task_group_decorator.py for tasks to queue
[2022-09-30 12:48:22,458] {logging_mixin.py:109} INFO - [2022-09-30 12:48:22,458] {dagbag.py:500} INFO - Filling up the DagBag from /home/airflow/.local/lib/python3.7/site-packages/airflow/example_dags/example_task_group_decorator.py
[2022-09-30 12:48:22,513] {processor.py:654} INFO - DAG(s) dict_keys(['example_task_group_decorator']) retrieved from /home/airflow/.local/lib/python3.7/site-packages/airflow/example_dags/example_task_group_decorator.py
[2022-09-30 12:48:22,725] {logging_mixin.py:109} INFO - [2022-09-30 12:48:22,725] {dag.py:2398} INFO - Sync 1 DAGs
[2022-09-30 12:48:22,743] {logging_mixin.py:109} INFO - [2022-09-30 12:48:22,743] {dag.py:2937} INFO - Setting next_dagrun for example_task_group_decorator to 2022-09-29T12:48:22.742935+00:00
[2022-09-30 12:48:22,763] {processor.py:171} INFO - Processing /home/airflow/.local/lib/python3.7/site-packages/airflow/example_dags/example_task_group_decorator.py took 0.317 seconds
[2022-09-30 12:48:52,907] {processor.py:163} INFO - Started process (PID=1915) to work on /home/airflow/.local/lib/python3.7/site-packages/airflow/example_dags/example_task_group_decorator.py
[2022-09-30 12:48:52,910] {processor.py:642} INFO - Processing file /home/airflow/.local/lib/python3.7/site-packages/airflow/example_dags/example_task_group_decorator.py for tasks to queue
[2022-09-30 12:48:52,911] {logging_mixin.py:109} INFO - [2022-09-30 12:48:52,911] {dagbag.py:500} INFO - Filling up the DagBag from /home/airflow/.local/lib/python3.7/site-packages/airflow/example_dags/example_task_group_decorator.py
[2022-09-30 12:48:52,956] {processor.py:654} INFO - DAG(s) dict_keys(['example_task_group_decorator']) retrieved from /home/airflow/.local/lib/python3.7/site-packages/airflow/example_dags/example_task_group_decorator.py
[2022-09-30 12:48:53,142] {logging_mixin.py:109} INFO - [2022-09-30 12:48:53,142] {dag.py:2398} INFO - Sync 1 DAGs
[2022-09-30 12:48:53,165] {logging_mixin.py:109} INFO - [2022-09-30 12:48:53,165] {dag.py:2937} INFO - Setting next_dagrun for example_task_group_decorator to 2022-09-29T12:48:53.165024+00:00
[2022-09-30 12:48:53,179] {processor.py:171} INFO - Processing /home/airflow/.local/lib/python3.7/site-packages/airflow/example_dags/example_task_group_decorator.py took 0.282 seconds
[2022-09-30 12:49:23,230] {processor.py:163} INFO - Started process (PID=1966) to work on /home/airflow/.local/lib/python3.7/site-packages/airflow/example_dags/example_task_group_decorator.py
[2022-09-30 12:49:23,232] {processor.py:642} INFO - Processing file /home/airflow/.local/lib/python3.7/site-packages/airflow/example_dags/example_task_group_decorator.py for tasks to queue
[2022-09-30 12:49:23,233] {logging_mixin.py:109} INFO - [2022-09-30 12:49:23,233] {dagbag.py:500} INFO - Filling up the DagBag from /home/airflow/.local/lib/python3.7/site-packages/airflow/example_dags/example_task_group_decorator.py
[2022-09-30 12:49:23,294] {processor.py:654} INFO - DAG(s) dict_keys(['example_task_group_decorator']) retrieved from /home/airflow/.local/lib/python3.7/site-packages/airflow/example_dags/example_task_group_decorator.py
[2022-09-30 12:49:23,483] {logging_mixin.py:109} INFO - [2022-09-30 12:49:23,483] {dag.py:2398} INFO - Sync 1 DAGs
[2022-09-30 12:49:23,504] {logging_mixin.py:109} INFO - [2022-09-30 12:49:23,503] {dag.py:2937} INFO - Setting next_dagrun for example_task_group_decorator to 2022-09-29T12:49:23.503674+00:00
[2022-09-30 12:49:23,518] {processor.py:171} INFO - Processing /home/airflow/.local/lib/python3.7/site-packages/airflow/example_dags/example_task_group_decorator.py took 0.291 seconds
[2022-09-30 12:49:53,637] {processor.py:163} INFO - Started process (PID=2027) to work on /home/airflow/.local/lib/python3.7/site-packages/airflow/example_dags/example_task_group_decorator.py
[2022-09-30 12:49:53,639] {processor.py:642} INFO - Processing file /home/airflow/.local/lib/python3.7/site-packages/airflow/example_dags/example_task_group_decorator.py for tasks to queue
[2022-09-30 12:49:53,640] {logging_mixin.py:109} INFO - [2022-09-30 12:49:53,640] {dagbag.py:500} INFO - Filling up the DagBag from /home/airflow/.local/lib/python3.7/site-packages/airflow/example_dags/example_task_group_decorator.py
[2022-09-30 12:49:53,687] {processor.py:654} INFO - DAG(s) dict_keys(['example_task_group_decorator']) retrieved from /home/airflow/.local/lib/python3.7/site-packages/airflow/example_dags/example_task_group_decorator.py
[2022-09-30 12:49:53,904] {logging_mixin.py:109} INFO - [2022-09-30 12:49:53,904] {dag.py:2398} INFO - Sync 1 DAGs
[2022-09-30 12:49:53,920] {logging_mixin.py:109} INFO - [2022-09-30 12:49:53,919] {dag.py:2937} INFO - Setting next_dagrun for example_task_group_decorator to 2022-09-29T12:49:53.919541+00:00
[2022-09-30 12:49:53,938] {processor.py:171} INFO - Processing /home/airflow/.local/lib/python3.7/site-packages/airflow/example_dags/example_task_group_decorator.py took 0.305 seconds
[2022-09-30 12:50:24,115] {processor.py:163} INFO - Started process (PID=2078) to work on /home/airflow/.local/lib/python3.7/site-packages/airflow/example_dags/example_task_group_decorator.py
[2022-09-30 12:50:24,118] {processor.py:642} INFO - Processing file /home/airflow/.local/lib/python3.7/site-packages/airflow/example_dags/example_task_group_decorator.py for tasks to queue
[2022-09-30 12:50:24,122] {logging_mixin.py:109} INFO - [2022-09-30 12:50:24,121] {dagbag.py:500} INFO - Filling up the DagBag from /home/airflow/.local/lib/python3.7/site-packages/airflow/example_dags/example_task_group_decorator.py
[2022-09-30 12:50:24,185] {processor.py:654} INFO - DAG(s) dict_keys(['example_task_group_decorator']) retrieved from /home/airflow/.local/lib/python3.7/site-packages/airflow/example_dags/example_task_group_decorator.py
[2022-09-30 12:50:24,379] {logging_mixin.py:109} INFO - [2022-09-30 12:50:24,379] {dag.py:2398} INFO - Sync 1 DAGs
[2022-09-30 12:50:24,396] {logging_mixin.py:109} INFO - [2022-09-30 12:50:24,396] {dag.py:2937} INFO - Setting next_dagrun for example_task_group_decorator to 2022-09-29T12:50:24.396538+00:00
[2022-09-30 12:50:24,413] {processor.py:171} INFO - Processing /home/airflow/.local/lib/python3.7/site-packages/airflow/example_dags/example_task_group_decorator.py took 0.303 seconds
[2022-09-30 12:50:54,618] {processor.py:163} INFO - Started process (PID=2139) to work on /home/airflow/.local/lib/python3.7/site-packages/airflow/example_dags/example_task_group_decorator.py
[2022-09-30 12:50:54,621] {processor.py:642} INFO - Processing file /home/airflow/.local/lib/python3.7/site-packages/airflow/example_dags/example_task_group_decorator.py for tasks to queue
[2022-09-30 12:50:54,623] {logging_mixin.py:109} INFO - [2022-09-30 12:50:54,623] {dagbag.py:500} INFO - Filling up the DagBag from /home/airflow/.local/lib/python3.7/site-packages/airflow/example_dags/example_task_group_decorator.py
[2022-09-30 12:50:54,683] {processor.py:654} INFO - DAG(s) dict_keys(['example_task_group_decorator']) retrieved from /home/airflow/.local/lib/python3.7/site-packages/airflow/example_dags/example_task_group_decorator.py
[2022-09-30 12:50:54,875] {logging_mixin.py:109} INFO - [2022-09-30 12:50:54,874] {dag.py:2398} INFO - Sync 1 DAGs
[2022-09-30 12:50:54,891] {logging_mixin.py:109} INFO - [2022-09-30 12:50:54,890] {dag.py:2937} INFO - Setting next_dagrun for example_task_group_decorator to 2022-09-29T12:50:54.890714+00:00
[2022-09-30 12:50:54,907] {processor.py:171} INFO - Processing /home/airflow/.local/lib/python3.7/site-packages/airflow/example_dags/example_task_group_decorator.py took 0.296 seconds
[2022-09-30 12:51:25,947] {processor.py:163} INFO - Started process (PID=2190) to work on /home/airflow/.local/lib/python3.7/site-packages/airflow/example_dags/example_task_group_decorator.py
[2022-09-30 12:51:25,953] {processor.py:642} INFO - Processing file /home/airflow/.local/lib/python3.7/site-packages/airflow/example_dags/example_task_group_decorator.py for tasks to queue
[2022-09-30 12:51:25,955] {logging_mixin.py:109} INFO - [2022-09-30 12:51:25,955] {dagbag.py:500} INFO - Filling up the DagBag from /home/airflow/.local/lib/python3.7/site-packages/airflow/example_dags/example_task_group_decorator.py
[2022-09-30 12:51:26,105] {processor.py:654} INFO - DAG(s) dict_keys(['example_task_group_decorator']) retrieved from /home/airflow/.local/lib/python3.7/site-packages/airflow/example_dags/example_task_group_decorator.py
[2022-09-30 12:51:26,803] {logging_mixin.py:109} INFO - [2022-09-30 12:51:26,803] {dag.py:2398} INFO - Sync 1 DAGs
[2022-09-30 12:51:26,840] {logging_mixin.py:109} INFO - [2022-09-30 12:51:26,840] {dag.py:2937} INFO - Setting next_dagrun for example_task_group_decorator to 2022-09-29T12:51:26.839546+00:00
[2022-09-30 12:51:26,865] {processor.py:171} INFO - Processing /home/airflow/.local/lib/python3.7/site-packages/airflow/example_dags/example_task_group_decorator.py took 0.935 seconds
[2022-09-30 12:54:36,465] {processor.py:163} INFO - Started process (PID=2257) to work on /home/airflow/.local/lib/python3.7/site-packages/airflow/example_dags/example_task_group_decorator.py
[2022-09-30 12:54:36,468] {processor.py:642} INFO - Processing file /home/airflow/.local/lib/python3.7/site-packages/airflow/example_dags/example_task_group_decorator.py for tasks to queue
[2022-09-30 12:54:36,470] {logging_mixin.py:109} INFO - [2022-09-30 12:54:36,470] {dagbag.py:500} INFO - Filling up the DagBag from /home/airflow/.local/lib/python3.7/site-packages/airflow/example_dags/example_task_group_decorator.py
[2022-09-30 12:54:36,521] {processor.py:654} INFO - DAG(s) dict_keys(['example_task_group_decorator']) retrieved from /home/airflow/.local/lib/python3.7/site-packages/airflow/example_dags/example_task_group_decorator.py
[2022-09-30 12:54:36,716] {logging_mixin.py:109} INFO - [2022-09-30 12:54:36,716] {dag.py:2398} INFO - Sync 1 DAGs
[2022-09-30 12:54:36,734] {logging_mixin.py:109} INFO - [2022-09-30 12:54:36,734] {dag.py:2937} INFO - Setting next_dagrun for example_task_group_decorator to 2022-09-29T12:54:36.734553+00:00
[2022-09-30 12:54:36,750] {processor.py:171} INFO - Processing /home/airflow/.local/lib/python3.7/site-packages/airflow/example_dags/example_task_group_decorator.py took 0.289 seconds
[2022-09-30 12:59:37,835] {processor.py:163} INFO - Started process (PID=2312) to work on /home/airflow/.local/lib/python3.7/site-packages/airflow/example_dags/example_task_group_decorator.py
[2022-09-30 12:59:37,840] {processor.py:642} INFO - Processing file /home/airflow/.local/lib/python3.7/site-packages/airflow/example_dags/example_task_group_decorator.py for tasks to queue
[2022-09-30 12:59:37,842] {logging_mixin.py:109} INFO - [2022-09-30 12:59:37,841] {dagbag.py:500} INFO - Filling up the DagBag from /home/airflow/.local/lib/python3.7/site-packages/airflow/example_dags/example_task_group_decorator.py
[2022-09-30 12:59:37,995] {processor.py:654} INFO - DAG(s) dict_keys(['example_task_group_decorator']) retrieved from /home/airflow/.local/lib/python3.7/site-packages/airflow/example_dags/example_task_group_decorator.py
[2022-09-30 12:59:38,509] {logging_mixin.py:109} INFO - [2022-09-30 12:59:38,509] {dag.py:2398} INFO - Sync 1 DAGs
[2022-09-30 12:59:38,533] {logging_mixin.py:109} INFO - [2022-09-30 12:59:38,533] {dag.py:2937} INFO - Setting next_dagrun for example_task_group_decorator to 2022-09-29T12:59:38.533356+00:00
[2022-09-30 12:59:38,560] {processor.py:171} INFO - Processing /home/airflow/.local/lib/python3.7/site-packages/airflow/example_dags/example_task_group_decorator.py took 0.733 seconds
[2022-09-30 13:03:11,124] {processor.py:163} INFO - Started process (PID=2385) to work on /home/airflow/.local/lib/python3.7/site-packages/airflow/example_dags/example_task_group_decorator.py
[2022-09-30 13:03:11,147] {processor.py:642} INFO - Processing file /home/airflow/.local/lib/python3.7/site-packages/airflow/example_dags/example_task_group_decorator.py for tasks to queue
[2022-09-30 13:03:11,156] {logging_mixin.py:109} INFO - [2022-09-30 13:03:11,156] {dagbag.py:500} INFO - Filling up the DagBag from /home/airflow/.local/lib/python3.7/site-packages/airflow/example_dags/example_task_group_decorator.py
[2022-09-30 13:03:11,722] {processor.py:654} INFO - DAG(s) dict_keys(['example_task_group_decorator']) retrieved from /home/airflow/.local/lib/python3.7/site-packages/airflow/example_dags/example_task_group_decorator.py
[2022-09-30 13:03:13,118] {logging_mixin.py:109} INFO - [2022-09-30 13:03:13,118] {dag.py:2398} INFO - Sync 1 DAGs
[2022-09-30 13:03:13,197] {logging_mixin.py:109} INFO - [2022-09-30 13:03:13,197] {dag.py:2937} INFO - Setting next_dagrun for example_task_group_decorator to 2022-09-29T13:03:13.196848+00:00
[2022-09-30 13:03:13,275] {processor.py:171} INFO - Processing /home/airflow/.local/lib/python3.7/site-packages/airflow/example_dags/example_task_group_decorator.py took 2.178 seconds
[2022-09-30 13:03:43,441] {processor.py:163} INFO - Started process (PID=2437) to work on /home/airflow/.local/lib/python3.7/site-packages/airflow/example_dags/example_task_group_decorator.py
[2022-09-30 13:03:43,444] {processor.py:642} INFO - Processing file /home/airflow/.local/lib/python3.7/site-packages/airflow/example_dags/example_task_group_decorator.py for tasks to queue
[2022-09-30 13:03:43,446] {logging_mixin.py:109} INFO - [2022-09-30 13:03:43,446] {dagbag.py:500} INFO - Filling up the DagBag from /home/airflow/.local/lib/python3.7/site-packages/airflow/example_dags/example_task_group_decorator.py
[2022-09-30 13:03:43,493] {processor.py:654} INFO - DAG(s) dict_keys(['example_task_group_decorator']) retrieved from /home/airflow/.local/lib/python3.7/site-packages/airflow/example_dags/example_task_group_decorator.py
[2022-09-30 13:03:43,694] {logging_mixin.py:109} INFO - [2022-09-30 13:03:43,694] {dag.py:2398} INFO - Sync 1 DAGs
[2022-09-30 13:03:43,709] {logging_mixin.py:109} INFO - [2022-09-30 13:03:43,709] {dag.py:2937} INFO - Setting next_dagrun for example_task_group_decorator to 2022-09-29T13:03:43.709382+00:00
[2022-09-30 13:03:43,728] {processor.py:171} INFO - Processing /home/airflow/.local/lib/python3.7/site-packages/airflow/example_dags/example_task_group_decorator.py took 0.292 seconds
[2022-09-30 13:04:14,300] {processor.py:163} INFO - Started process (PID=2498) to work on /home/airflow/.local/lib/python3.7/site-packages/airflow/example_dags/example_task_group_decorator.py
[2022-09-30 13:04:14,305] {processor.py:642} INFO - Processing file /home/airflow/.local/lib/python3.7/site-packages/airflow/example_dags/example_task_group_decorator.py for tasks to queue
[2022-09-30 13:04:14,308] {logging_mixin.py:109} INFO - [2022-09-30 13:04:14,307] {dagbag.py:500} INFO - Filling up the DagBag from /home/airflow/.local/lib/python3.7/site-packages/airflow/example_dags/example_task_group_decorator.py
[2022-09-30 13:04:14,363] {processor.py:654} INFO - DAG(s) dict_keys(['example_task_group_decorator']) retrieved from /home/airflow/.local/lib/python3.7/site-packages/airflow/example_dags/example_task_group_decorator.py
[2022-09-30 13:04:14,556] {logging_mixin.py:109} INFO - [2022-09-30 13:04:14,556] {dag.py:2398} INFO - Sync 1 DAGs
[2022-09-30 13:04:14,583] {logging_mixin.py:109} INFO - [2022-09-30 13:04:14,583] {dag.py:2937} INFO - Setting next_dagrun for example_task_group_decorator to 2022-09-29T13:04:14.582892+00:00
[2022-09-30 13:04:14,620] {processor.py:171} INFO - Processing /home/airflow/.local/lib/python3.7/site-packages/airflow/example_dags/example_task_group_decorator.py took 0.323 seconds
[2022-09-30 13:04:44,856] {processor.py:163} INFO - Started process (PID=2549) to work on /home/airflow/.local/lib/python3.7/site-packages/airflow/example_dags/example_task_group_decorator.py
[2022-09-30 13:04:44,859] {processor.py:642} INFO - Processing file /home/airflow/.local/lib/python3.7/site-packages/airflow/example_dags/example_task_group_decorator.py for tasks to queue
[2022-09-30 13:04:44,860] {logging_mixin.py:109} INFO - [2022-09-30 13:04:44,860] {dagbag.py:500} INFO - Filling up the DagBag from /home/airflow/.local/lib/python3.7/site-packages/airflow/example_dags/example_task_group_decorator.py
[2022-09-30 13:04:44,908] {processor.py:654} INFO - DAG(s) dict_keys(['example_task_group_decorator']) retrieved from /home/airflow/.local/lib/python3.7/site-packages/airflow/example_dags/example_task_group_decorator.py
[2022-09-30 13:04:45,096] {logging_mixin.py:109} INFO - [2022-09-30 13:04:45,095] {dag.py:2398} INFO - Sync 1 DAGs
[2022-09-30 13:04:45,113] {logging_mixin.py:109} INFO - [2022-09-30 13:04:45,112] {dag.py:2937} INFO - Setting next_dagrun for example_task_group_decorator to 2022-09-29T13:04:45.112588+00:00
[2022-09-30 13:04:45,128] {processor.py:171} INFO - Processing /home/airflow/.local/lib/python3.7/site-packages/airflow/example_dags/example_task_group_decorator.py took 0.278 seconds
[2022-09-30 13:05:15,293] {processor.py:163} INFO - Started process (PID=2609) to work on /home/airflow/.local/lib/python3.7/site-packages/airflow/example_dags/example_task_group_decorator.py
[2022-09-30 13:05:15,296] {processor.py:642} INFO - Processing file /home/airflow/.local/lib/python3.7/site-packages/airflow/example_dags/example_task_group_decorator.py for tasks to queue
[2022-09-30 13:05:15,297] {logging_mixin.py:109} INFO - [2022-09-30 13:05:15,297] {dagbag.py:500} INFO - Filling up the DagBag from /home/airflow/.local/lib/python3.7/site-packages/airflow/example_dags/example_task_group_decorator.py
[2022-09-30 13:05:15,345] {processor.py:654} INFO - DAG(s) dict_keys(['example_task_group_decorator']) retrieved from /home/airflow/.local/lib/python3.7/site-packages/airflow/example_dags/example_task_group_decorator.py
[2022-09-30 13:05:15,525] {logging_mixin.py:109} INFO - [2022-09-30 13:05:15,525] {dag.py:2398} INFO - Sync 1 DAGs
[2022-09-30 13:05:15,545] {logging_mixin.py:109} INFO - [2022-09-30 13:05:15,545] {dag.py:2937} INFO - Setting next_dagrun for example_task_group_decorator to 2022-09-29T13:05:15.544791+00:00
[2022-09-30 13:05:15,563] {processor.py:171} INFO - Processing /home/airflow/.local/lib/python3.7/site-packages/airflow/example_dags/example_task_group_decorator.py took 0.276 seconds
[2022-09-30 13:05:45,860] {processor.py:163} INFO - Started process (PID=2661) to work on /home/airflow/.local/lib/python3.7/site-packages/airflow/example_dags/example_task_group_decorator.py
[2022-09-30 13:05:45,863] {processor.py:642} INFO - Processing file /home/airflow/.local/lib/python3.7/site-packages/airflow/example_dags/example_task_group_decorator.py for tasks to queue
[2022-09-30 13:05:45,866] {logging_mixin.py:109} INFO - [2022-09-30 13:05:45,865] {dagbag.py:500} INFO - Filling up the DagBag from /home/airflow/.local/lib/python3.7/site-packages/airflow/example_dags/example_task_group_decorator.py
[2022-09-30 13:05:45,914] {processor.py:654} INFO - DAG(s) dict_keys(['example_task_group_decorator']) retrieved from /home/airflow/.local/lib/python3.7/site-packages/airflow/example_dags/example_task_group_decorator.py
[2022-09-30 13:05:46,099] {logging_mixin.py:109} INFO - [2022-09-30 13:05:46,099] {dag.py:2398} INFO - Sync 1 DAGs
[2022-09-30 13:05:46,112] {logging_mixin.py:109} INFO - [2022-09-30 13:05:46,112] {dag.py:2937} INFO - Setting next_dagrun for example_task_group_decorator to 2022-09-29T13:05:46.112521+00:00
[2022-09-30 13:05:46,127] {processor.py:171} INFO - Processing /home/airflow/.local/lib/python3.7/site-packages/airflow/example_dags/example_task_group_decorator.py took 0.270 seconds
