[2022-09-30 12:32:49,397] {processor.py:163} INFO - Started process (PID=117) to work on /home/airflow/.local/lib/python3.7/site-packages/airflow/example_dags/example_branch_datetime_operator.py
[2022-09-30 12:32:49,400] {processor.py:642} INFO - Processing file /home/airflow/.local/lib/python3.7/site-packages/airflow/example_dags/example_branch_datetime_operator.py for tasks to queue
[2022-09-30 12:32:49,402] {logging_mixin.py:109} INFO - [2022-09-30 12:32:49,402] {dagbag.py:500} INFO - Filling up the DagBag from /home/airflow/.local/lib/python3.7/site-packages/airflow/example_dags/example_branch_datetime_operator.py
[2022-09-30 12:32:49,456] {processor.py:654} INFO - DAG(s) dict_keys(['example_branch_datetime_operator_2']) retrieved from /home/airflow/.local/lib/python3.7/site-packages/airflow/example_dags/example_branch_datetime_operator.py
[2022-09-30 12:32:51,877] {logging_mixin.py:109} INFO - [2022-09-30 12:32:51,877] {manager.py:496} INFO - Created Permission View: can edit on DAG:example_branch_datetime_operator_2
[2022-09-30 12:32:51,885] {logging_mixin.py:109} INFO - [2022-09-30 12:32:51,885] {manager.py:496} INFO - Created Permission View: can read on DAG:example_branch_datetime_operator_2
[2022-09-30 12:32:51,886] {logging_mixin.py:109} INFO - [2022-09-30 12:32:51,886] {dag.py:2398} INFO - Sync 1 DAGs
[2022-09-30 12:32:51,893] {logging_mixin.py:109} INFO - [2022-09-30 12:32:51,892] {dag.py:2417} INFO - Creating ORM DAG for example_branch_datetime_operator_2
[2022-09-30 12:32:51,902] {logging_mixin.py:109} INFO - [2022-09-30 12:32:51,902] {dag.py:2937} INFO - Setting next_dagrun for example_branch_datetime_operator_2 to 2022-09-29 00:00:00+00:00
[2022-09-30 12:32:51,912] {processor.py:171} INFO - Processing /home/airflow/.local/lib/python3.7/site-packages/airflow/example_dags/example_branch_datetime_operator.py took 2.521 seconds
[2022-09-30 12:33:22,689] {processor.py:163} INFO - Started process (PID=244) to work on /home/airflow/.local/lib/python3.7/site-packages/airflow/example_dags/example_branch_datetime_operator.py
[2022-09-30 12:33:22,692] {processor.py:642} INFO - Processing file /home/airflow/.local/lib/python3.7/site-packages/airflow/example_dags/example_branch_datetime_operator.py for tasks to queue
[2022-09-30 12:33:22,694] {logging_mixin.py:109} INFO - [2022-09-30 12:33:22,694] {dagbag.py:500} INFO - Filling up the DagBag from /home/airflow/.local/lib/python3.7/site-packages/airflow/example_dags/example_branch_datetime_operator.py
[2022-09-30 12:33:22,736] {processor.py:654} INFO - DAG(s) dict_keys(['example_branch_datetime_operator_2']) retrieved from /home/airflow/.local/lib/python3.7/site-packages/airflow/example_dags/example_branch_datetime_operator.py
[2022-09-30 12:33:22,756] {logging_mixin.py:109} INFO - [2022-09-30 12:33:22,756] {dag.py:2398} INFO - Sync 1 DAGs
[2022-09-30 12:33:22,784] {logging_mixin.py:109} INFO - [2022-09-30 12:33:22,783] {dag.py:2937} INFO - Setting next_dagrun for example_branch_datetime_operator_2 to 2022-09-29 00:00:00+00:00
[2022-09-30 12:33:22,811] {processor.py:171} INFO - Processing /home/airflow/.local/lib/python3.7/site-packages/airflow/example_dags/example_branch_datetime_operator.py took 0.128 seconds
[2022-09-30 12:33:53,132] {processor.py:163} INFO - Started process (PID=295) to work on /home/airflow/.local/lib/python3.7/site-packages/airflow/example_dags/example_branch_datetime_operator.py
[2022-09-30 12:33:53,136] {processor.py:642} INFO - Processing file /home/airflow/.local/lib/python3.7/site-packages/airflow/example_dags/example_branch_datetime_operator.py for tasks to queue
[2022-09-30 12:33:53,138] {logging_mixin.py:109} INFO - [2022-09-30 12:33:53,138] {dagbag.py:500} INFO - Filling up the DagBag from /home/airflow/.local/lib/python3.7/site-packages/airflow/example_dags/example_branch_datetime_operator.py
[2022-09-30 12:33:53,209] {processor.py:654} INFO - DAG(s) dict_keys(['example_branch_datetime_operator_2']) retrieved from /home/airflow/.local/lib/python3.7/site-packages/airflow/example_dags/example_branch_datetime_operator.py
[2022-09-30 12:33:53,240] {logging_mixin.py:109} INFO - [2022-09-30 12:33:53,240] {dag.py:2398} INFO - Sync 1 DAGs
[2022-09-30 12:33:53,294] {logging_mixin.py:109} INFO - [2022-09-30 12:33:53,294] {dag.py:2937} INFO - Setting next_dagrun for example_branch_datetime_operator_2 to 2022-09-29 00:00:00+00:00
[2022-09-30 12:33:53,316] {processor.py:171} INFO - Processing /home/airflow/.local/lib/python3.7/site-packages/airflow/example_dags/example_branch_datetime_operator.py took 0.190 seconds
[2022-09-30 12:34:24,055] {processor.py:163} INFO - Started process (PID=346) to work on /home/airflow/.local/lib/python3.7/site-packages/airflow/example_dags/example_branch_datetime_operator.py
[2022-09-30 12:34:24,058] {processor.py:642} INFO - Processing file /home/airflow/.local/lib/python3.7/site-packages/airflow/example_dags/example_branch_datetime_operator.py for tasks to queue
[2022-09-30 12:34:24,060] {logging_mixin.py:109} INFO - [2022-09-30 12:34:24,060] {dagbag.py:500} INFO - Filling up the DagBag from /home/airflow/.local/lib/python3.7/site-packages/airflow/example_dags/example_branch_datetime_operator.py
[2022-09-30 12:34:24,128] {processor.py:654} INFO - DAG(s) dict_keys(['example_branch_datetime_operator_2']) retrieved from /home/airflow/.local/lib/python3.7/site-packages/airflow/example_dags/example_branch_datetime_operator.py
[2022-09-30 12:34:24,156] {logging_mixin.py:109} INFO - [2022-09-30 12:34:24,155] {dag.py:2398} INFO - Sync 1 DAGs
[2022-09-30 12:34:24,193] {logging_mixin.py:109} INFO - [2022-09-30 12:34:24,193] {dag.py:2937} INFO - Setting next_dagrun for example_branch_datetime_operator_2 to 2022-09-29 00:00:00+00:00
[2022-09-30 12:34:24,218] {processor.py:171} INFO - Processing /home/airflow/.local/lib/python3.7/site-packages/airflow/example_dags/example_branch_datetime_operator.py took 0.170 seconds
[2022-09-30 12:34:54,279] {processor.py:163} INFO - Started process (PID=396) to work on /home/airflow/.local/lib/python3.7/site-packages/airflow/example_dags/example_branch_datetime_operator.py
[2022-09-30 12:34:54,282] {processor.py:642} INFO - Processing file /home/airflow/.local/lib/python3.7/site-packages/airflow/example_dags/example_branch_datetime_operator.py for tasks to queue
[2022-09-30 12:34:54,283] {logging_mixin.py:109} INFO - [2022-09-30 12:34:54,283] {dagbag.py:500} INFO - Filling up the DagBag from /home/airflow/.local/lib/python3.7/site-packages/airflow/example_dags/example_branch_datetime_operator.py
[2022-09-30 12:34:54,316] {processor.py:654} INFO - DAG(s) dict_keys(['example_branch_datetime_operator_2']) retrieved from /home/airflow/.local/lib/python3.7/site-packages/airflow/example_dags/example_branch_datetime_operator.py
[2022-09-30 12:34:54,326] {logging_mixin.py:109} INFO - [2022-09-30 12:34:54,326] {dag.py:2398} INFO - Sync 1 DAGs
[2022-09-30 12:34:54,341] {logging_mixin.py:109} INFO - [2022-09-30 12:34:54,341] {dag.py:2937} INFO - Setting next_dagrun for example_branch_datetime_operator_2 to 2022-09-29 00:00:00+00:00
[2022-09-30 12:34:54,351] {processor.py:171} INFO - Processing /home/airflow/.local/lib/python3.7/site-packages/airflow/example_dags/example_branch_datetime_operator.py took 0.078 seconds
[2022-09-30 12:35:24,836] {processor.py:163} INFO - Started process (PID=455) to work on /home/airflow/.local/lib/python3.7/site-packages/airflow/example_dags/example_branch_datetime_operator.py
[2022-09-30 12:35:24,838] {processor.py:642} INFO - Processing file /home/airflow/.local/lib/python3.7/site-packages/airflow/example_dags/example_branch_datetime_operator.py for tasks to queue
[2022-09-30 12:35:24,840] {logging_mixin.py:109} INFO - [2022-09-30 12:35:24,840] {dagbag.py:500} INFO - Filling up the DagBag from /home/airflow/.local/lib/python3.7/site-packages/airflow/example_dags/example_branch_datetime_operator.py
[2022-09-30 12:35:24,871] {processor.py:654} INFO - DAG(s) dict_keys(['example_branch_datetime_operator_2']) retrieved from /home/airflow/.local/lib/python3.7/site-packages/airflow/example_dags/example_branch_datetime_operator.py
[2022-09-30 12:35:24,882] {logging_mixin.py:109} INFO - [2022-09-30 12:35:24,881] {dag.py:2398} INFO - Sync 1 DAGs
[2022-09-30 12:35:24,906] {logging_mixin.py:109} INFO - [2022-09-30 12:35:24,906] {dag.py:2937} INFO - Setting next_dagrun for example_branch_datetime_operator_2 to 2022-09-29 00:00:00+00:00
[2022-09-30 12:35:24,920] {processor.py:171} INFO - Processing /home/airflow/.local/lib/python3.7/site-packages/airflow/example_dags/example_branch_datetime_operator.py took 0.087 seconds
[2022-09-30 12:35:54,955] {processor.py:163} INFO - Started process (PID=508) to work on /home/airflow/.local/lib/python3.7/site-packages/airflow/example_dags/example_branch_datetime_operator.py
[2022-09-30 12:35:54,957] {processor.py:642} INFO - Processing file /home/airflow/.local/lib/python3.7/site-packages/airflow/example_dags/example_branch_datetime_operator.py for tasks to queue
[2022-09-30 12:35:54,958] {logging_mixin.py:109} INFO - [2022-09-30 12:35:54,958] {dagbag.py:500} INFO - Filling up the DagBag from /home/airflow/.local/lib/python3.7/site-packages/airflow/example_dags/example_branch_datetime_operator.py
[2022-09-30 12:35:54,991] {processor.py:654} INFO - DAG(s) dict_keys(['example_branch_datetime_operator_2']) retrieved from /home/airflow/.local/lib/python3.7/site-packages/airflow/example_dags/example_branch_datetime_operator.py
[2022-09-30 12:35:55,001] {logging_mixin.py:109} INFO - [2022-09-30 12:35:55,001] {dag.py:2398} INFO - Sync 1 DAGs
[2022-09-30 12:35:55,018] {logging_mixin.py:109} INFO - [2022-09-30 12:35:55,018] {dag.py:2937} INFO - Setting next_dagrun for example_branch_datetime_operator_2 to 2022-09-29 00:00:00+00:00
[2022-09-30 12:35:55,029] {processor.py:171} INFO - Processing /home/airflow/.local/lib/python3.7/site-packages/airflow/example_dags/example_branch_datetime_operator.py took 0.077 seconds
[2022-09-30 12:36:25,509] {processor.py:163} INFO - Started process (PID=567) to work on /home/airflow/.local/lib/python3.7/site-packages/airflow/example_dags/example_branch_datetime_operator.py
[2022-09-30 12:36:25,511] {processor.py:642} INFO - Processing file /home/airflow/.local/lib/python3.7/site-packages/airflow/example_dags/example_branch_datetime_operator.py for tasks to queue
[2022-09-30 12:36:25,514] {logging_mixin.py:109} INFO - [2022-09-30 12:36:25,514] {dagbag.py:500} INFO - Filling up the DagBag from /home/airflow/.local/lib/python3.7/site-packages/airflow/example_dags/example_branch_datetime_operator.py
[2022-09-30 12:36:25,549] {processor.py:654} INFO - DAG(s) dict_keys(['example_branch_datetime_operator_2']) retrieved from /home/airflow/.local/lib/python3.7/site-packages/airflow/example_dags/example_branch_datetime_operator.py
[2022-09-30 12:36:25,559] {logging_mixin.py:109} INFO - [2022-09-30 12:36:25,559] {dag.py:2398} INFO - Sync 1 DAGs
[2022-09-30 12:36:25,586] {logging_mixin.py:109} INFO - [2022-09-30 12:36:25,585] {dag.py:2937} INFO - Setting next_dagrun for example_branch_datetime_operator_2 to 2022-09-29 00:00:00+00:00
[2022-09-30 12:36:25,599] {processor.py:171} INFO - Processing /home/airflow/.local/lib/python3.7/site-packages/airflow/example_dags/example_branch_datetime_operator.py took 0.098 seconds
[2022-09-30 12:36:56,365] {processor.py:163} INFO - Started process (PID=621) to work on /home/airflow/.local/lib/python3.7/site-packages/airflow/example_dags/example_branch_datetime_operator.py
[2022-09-30 12:36:56,368] {processor.py:642} INFO - Processing file /home/airflow/.local/lib/python3.7/site-packages/airflow/example_dags/example_branch_datetime_operator.py for tasks to queue
[2022-09-30 12:36:56,370] {logging_mixin.py:109} INFO - [2022-09-30 12:36:56,369] {dagbag.py:500} INFO - Filling up the DagBag from /home/airflow/.local/lib/python3.7/site-packages/airflow/example_dags/example_branch_datetime_operator.py
[2022-09-30 12:36:56,402] {processor.py:654} INFO - DAG(s) dict_keys(['example_branch_datetime_operator_2']) retrieved from /home/airflow/.local/lib/python3.7/site-packages/airflow/example_dags/example_branch_datetime_operator.py
[2022-09-30 12:36:56,412] {logging_mixin.py:109} INFO - [2022-09-30 12:36:56,412] {dag.py:2398} INFO - Sync 1 DAGs
[2022-09-30 12:36:56,429] {logging_mixin.py:109} INFO - [2022-09-30 12:36:56,429] {dag.py:2937} INFO - Setting next_dagrun for example_branch_datetime_operator_2 to 2022-09-29 00:00:00+00:00
[2022-09-30 12:36:56,439] {processor.py:171} INFO - Processing /home/airflow/.local/lib/python3.7/site-packages/airflow/example_dags/example_branch_datetime_operator.py took 0.079 seconds
[2022-09-30 12:37:27,162] {processor.py:163} INFO - Started process (PID=672) to work on /home/airflow/.local/lib/python3.7/site-packages/airflow/example_dags/example_branch_datetime_operator.py
[2022-09-30 12:37:27,163] {processor.py:642} INFO - Processing file /home/airflow/.local/lib/python3.7/site-packages/airflow/example_dags/example_branch_datetime_operator.py for tasks to queue
[2022-09-30 12:37:27,165] {logging_mixin.py:109} INFO - [2022-09-30 12:37:27,164] {dagbag.py:500} INFO - Filling up the DagBag from /home/airflow/.local/lib/python3.7/site-packages/airflow/example_dags/example_branch_datetime_operator.py
[2022-09-30 12:37:27,193] {processor.py:654} INFO - DAG(s) dict_keys(['example_branch_datetime_operator_2']) retrieved from /home/airflow/.local/lib/python3.7/site-packages/airflow/example_dags/example_branch_datetime_operator.py
[2022-09-30 12:37:27,205] {logging_mixin.py:109} INFO - [2022-09-30 12:37:27,204] {dag.py:2398} INFO - Sync 1 DAGs
[2022-09-30 12:37:27,221] {logging_mixin.py:109} INFO - [2022-09-30 12:37:27,221] {dag.py:2937} INFO - Setting next_dagrun for example_branch_datetime_operator_2 to 2022-09-29 00:00:00+00:00
[2022-09-30 12:37:27,232] {processor.py:171} INFO - Processing /home/airflow/.local/lib/python3.7/site-packages/airflow/example_dags/example_branch_datetime_operator.py took 0.074 seconds
[2022-09-30 12:37:57,570] {processor.py:163} INFO - Started process (PID=732) to work on /home/airflow/.local/lib/python3.7/site-packages/airflow/example_dags/example_branch_datetime_operator.py
[2022-09-30 12:37:57,572] {processor.py:642} INFO - Processing file /home/airflow/.local/lib/python3.7/site-packages/airflow/example_dags/example_branch_datetime_operator.py for tasks to queue
[2022-09-30 12:37:57,574] {logging_mixin.py:109} INFO - [2022-09-30 12:37:57,574] {dagbag.py:500} INFO - Filling up the DagBag from /home/airflow/.local/lib/python3.7/site-packages/airflow/example_dags/example_branch_datetime_operator.py
[2022-09-30 12:37:57,606] {processor.py:654} INFO - DAG(s) dict_keys(['example_branch_datetime_operator_2']) retrieved from /home/airflow/.local/lib/python3.7/site-packages/airflow/example_dags/example_branch_datetime_operator.py
[2022-09-30 12:37:57,616] {logging_mixin.py:109} INFO - [2022-09-30 12:37:57,615] {dag.py:2398} INFO - Sync 1 DAGs
[2022-09-30 12:37:57,631] {logging_mixin.py:109} INFO - [2022-09-30 12:37:57,631] {dag.py:2937} INFO - Setting next_dagrun for example_branch_datetime_operator_2 to 2022-09-29 00:00:00+00:00
[2022-09-30 12:37:57,640] {processor.py:171} INFO - Processing /home/airflow/.local/lib/python3.7/site-packages/airflow/example_dags/example_branch_datetime_operator.py took 0.075 seconds
[2022-09-30 12:38:28,203] {processor.py:163} INFO - Started process (PID=783) to work on /home/airflow/.local/lib/python3.7/site-packages/airflow/example_dags/example_branch_datetime_operator.py
[2022-09-30 12:38:28,205] {processor.py:642} INFO - Processing file /home/airflow/.local/lib/python3.7/site-packages/airflow/example_dags/example_branch_datetime_operator.py for tasks to queue
[2022-09-30 12:38:28,207] {logging_mixin.py:109} INFO - [2022-09-30 12:38:28,206] {dagbag.py:500} INFO - Filling up the DagBag from /home/airflow/.local/lib/python3.7/site-packages/airflow/example_dags/example_branch_datetime_operator.py
[2022-09-30 12:38:28,243] {processor.py:654} INFO - DAG(s) dict_keys(['example_branch_datetime_operator_2']) retrieved from /home/airflow/.local/lib/python3.7/site-packages/airflow/example_dags/example_branch_datetime_operator.py
[2022-09-30 12:38:28,254] {logging_mixin.py:109} INFO - [2022-09-30 12:38:28,254] {dag.py:2398} INFO - Sync 1 DAGs
[2022-09-30 12:38:28,278] {logging_mixin.py:109} INFO - [2022-09-30 12:38:28,278] {dag.py:2937} INFO - Setting next_dagrun for example_branch_datetime_operator_2 to 2022-09-29 00:00:00+00:00
[2022-09-30 12:38:28,295] {processor.py:171} INFO - Processing /home/airflow/.local/lib/python3.7/site-packages/airflow/example_dags/example_branch_datetime_operator.py took 0.096 seconds
[2022-09-30 12:38:58,863] {processor.py:163} INFO - Started process (PID=843) to work on /home/airflow/.local/lib/python3.7/site-packages/airflow/example_dags/example_branch_datetime_operator.py
[2022-09-30 12:38:58,866] {processor.py:642} INFO - Processing file /home/airflow/.local/lib/python3.7/site-packages/airflow/example_dags/example_branch_datetime_operator.py for tasks to queue
[2022-09-30 12:38:58,867] {logging_mixin.py:109} INFO - [2022-09-30 12:38:58,867] {dagbag.py:500} INFO - Filling up the DagBag from /home/airflow/.local/lib/python3.7/site-packages/airflow/example_dags/example_branch_datetime_operator.py
[2022-09-30 12:38:58,900] {processor.py:654} INFO - DAG(s) dict_keys(['example_branch_datetime_operator_2']) retrieved from /home/airflow/.local/lib/python3.7/site-packages/airflow/example_dags/example_branch_datetime_operator.py
[2022-09-30 12:38:58,911] {logging_mixin.py:109} INFO - [2022-09-30 12:38:58,911] {dag.py:2398} INFO - Sync 1 DAGs
[2022-09-30 12:38:58,931] {logging_mixin.py:109} INFO - [2022-09-30 12:38:58,931] {dag.py:2937} INFO - Setting next_dagrun for example_branch_datetime_operator_2 to 2022-09-29 00:00:00+00:00
[2022-09-30 12:38:58,945] {processor.py:171} INFO - Processing /home/airflow/.local/lib/python3.7/site-packages/airflow/example_dags/example_branch_datetime_operator.py took 0.085 seconds
[2022-09-30 12:39:29,044] {processor.py:163} INFO - Started process (PID=894) to work on /home/airflow/.local/lib/python3.7/site-packages/airflow/example_dags/example_branch_datetime_operator.py
[2022-09-30 12:39:29,047] {processor.py:642} INFO - Processing file /home/airflow/.local/lib/python3.7/site-packages/airflow/example_dags/example_branch_datetime_operator.py for tasks to queue
[2022-09-30 12:39:29,048] {logging_mixin.py:109} INFO - [2022-09-30 12:39:29,048] {dagbag.py:500} INFO - Filling up the DagBag from /home/airflow/.local/lib/python3.7/site-packages/airflow/example_dags/example_branch_datetime_operator.py
[2022-09-30 12:39:29,088] {processor.py:654} INFO - DAG(s) dict_keys(['example_branch_datetime_operator_2']) retrieved from /home/airflow/.local/lib/python3.7/site-packages/airflow/example_dags/example_branch_datetime_operator.py
[2022-09-30 12:39:29,100] {logging_mixin.py:109} INFO - [2022-09-30 12:39:29,100] {dag.py:2398} INFO - Sync 1 DAGs
[2022-09-30 12:39:29,118] {logging_mixin.py:109} INFO - [2022-09-30 12:39:29,118] {dag.py:2937} INFO - Setting next_dagrun for example_branch_datetime_operator_2 to 2022-09-29 00:00:00+00:00
[2022-09-30 12:39:29,128] {processor.py:171} INFO - Processing /home/airflow/.local/lib/python3.7/site-packages/airflow/example_dags/example_branch_datetime_operator.py took 0.089 seconds
[2022-09-30 12:39:59,253] {processor.py:163} INFO - Started process (PID=946) to work on /home/airflow/.local/lib/python3.7/site-packages/airflow/example_dags/example_branch_datetime_operator.py
[2022-09-30 12:39:59,255] {processor.py:642} INFO - Processing file /home/airflow/.local/lib/python3.7/site-packages/airflow/example_dags/example_branch_datetime_operator.py for tasks to queue
[2022-09-30 12:39:59,257] {logging_mixin.py:109} INFO - [2022-09-30 12:39:59,257] {dagbag.py:500} INFO - Filling up the DagBag from /home/airflow/.local/lib/python3.7/site-packages/airflow/example_dags/example_branch_datetime_operator.py
[2022-09-30 12:39:59,299] {processor.py:654} INFO - DAG(s) dict_keys(['example_branch_datetime_operator_2']) retrieved from /home/airflow/.local/lib/python3.7/site-packages/airflow/example_dags/example_branch_datetime_operator.py
[2022-09-30 12:39:59,310] {logging_mixin.py:109} INFO - [2022-09-30 12:39:59,310] {dag.py:2398} INFO - Sync 1 DAGs
[2022-09-30 12:39:59,327] {logging_mixin.py:109} INFO - [2022-09-30 12:39:59,327] {dag.py:2937} INFO - Setting next_dagrun for example_branch_datetime_operator_2 to 2022-09-29 00:00:00+00:00
[2022-09-30 12:39:59,338] {processor.py:171} INFO - Processing /home/airflow/.local/lib/python3.7/site-packages/airflow/example_dags/example_branch_datetime_operator.py took 0.089 seconds
[2022-09-30 12:40:29,576] {processor.py:163} INFO - Started process (PID=1005) to work on /home/airflow/.local/lib/python3.7/site-packages/airflow/example_dags/example_branch_datetime_operator.py
[2022-09-30 12:40:29,578] {processor.py:642} INFO - Processing file /home/airflow/.local/lib/python3.7/site-packages/airflow/example_dags/example_branch_datetime_operator.py for tasks to queue
[2022-09-30 12:40:29,579] {logging_mixin.py:109} INFO - [2022-09-30 12:40:29,579] {dagbag.py:500} INFO - Filling up the DagBag from /home/airflow/.local/lib/python3.7/site-packages/airflow/example_dags/example_branch_datetime_operator.py
[2022-09-30 12:40:29,611] {processor.py:654} INFO - DAG(s) dict_keys(['example_branch_datetime_operator_2']) retrieved from /home/airflow/.local/lib/python3.7/site-packages/airflow/example_dags/example_branch_datetime_operator.py
[2022-09-30 12:40:29,622] {logging_mixin.py:109} INFO - [2022-09-30 12:40:29,622] {dag.py:2398} INFO - Sync 1 DAGs
[2022-09-30 12:40:29,640] {logging_mixin.py:109} INFO - [2022-09-30 12:40:29,640] {dag.py:2937} INFO - Setting next_dagrun for example_branch_datetime_operator_2 to 2022-09-29 00:00:00+00:00
[2022-09-30 12:40:29,650] {processor.py:171} INFO - Processing /home/airflow/.local/lib/python3.7/site-packages/airflow/example_dags/example_branch_datetime_operator.py took 0.077 seconds
[2022-09-30 12:40:59,693] {processor.py:163} INFO - Started process (PID=1056) to work on /home/airflow/.local/lib/python3.7/site-packages/airflow/example_dags/example_branch_datetime_operator.py
[2022-09-30 12:40:59,696] {processor.py:642} INFO - Processing file /home/airflow/.local/lib/python3.7/site-packages/airflow/example_dags/example_branch_datetime_operator.py for tasks to queue
[2022-09-30 12:40:59,698] {logging_mixin.py:109} INFO - [2022-09-30 12:40:59,698] {dagbag.py:500} INFO - Filling up the DagBag from /home/airflow/.local/lib/python3.7/site-packages/airflow/example_dags/example_branch_datetime_operator.py
[2022-09-30 12:40:59,741] {processor.py:654} INFO - DAG(s) dict_keys(['example_branch_datetime_operator_2']) retrieved from /home/airflow/.local/lib/python3.7/site-packages/airflow/example_dags/example_branch_datetime_operator.py
[2022-09-30 12:40:59,753] {logging_mixin.py:109} INFO - [2022-09-30 12:40:59,753] {dag.py:2398} INFO - Sync 1 DAGs
[2022-09-30 12:40:59,771] {logging_mixin.py:109} INFO - [2022-09-30 12:40:59,771] {dag.py:2937} INFO - Setting next_dagrun for example_branch_datetime_operator_2 to 2022-09-29 00:00:00+00:00
[2022-09-30 12:40:59,786] {processor.py:171} INFO - Processing /home/airflow/.local/lib/python3.7/site-packages/airflow/example_dags/example_branch_datetime_operator.py took 0.098 seconds
[2022-09-30 12:41:30,515] {processor.py:163} INFO - Started process (PID=1107) to work on /home/airflow/.local/lib/python3.7/site-packages/airflow/example_dags/example_branch_datetime_operator.py
[2022-09-30 12:41:30,517] {processor.py:642} INFO - Processing file /home/airflow/.local/lib/python3.7/site-packages/airflow/example_dags/example_branch_datetime_operator.py for tasks to queue
[2022-09-30 12:41:30,518] {logging_mixin.py:109} INFO - [2022-09-30 12:41:30,518] {dagbag.py:500} INFO - Filling up the DagBag from /home/airflow/.local/lib/python3.7/site-packages/airflow/example_dags/example_branch_datetime_operator.py
[2022-09-30 12:41:30,550] {processor.py:654} INFO - DAG(s) dict_keys(['example_branch_datetime_operator_2']) retrieved from /home/airflow/.local/lib/python3.7/site-packages/airflow/example_dags/example_branch_datetime_operator.py
[2022-09-30 12:41:30,566] {logging_mixin.py:109} INFO - [2022-09-30 12:41:30,566] {dag.py:2398} INFO - Sync 1 DAGs
[2022-09-30 12:41:30,583] {logging_mixin.py:109} INFO - [2022-09-30 12:41:30,583] {dag.py:2937} INFO - Setting next_dagrun for example_branch_datetime_operator_2 to 2022-09-29 00:00:00+00:00
[2022-09-30 12:41:30,599] {processor.py:171} INFO - Processing /home/airflow/.local/lib/python3.7/site-packages/airflow/example_dags/example_branch_datetime_operator.py took 0.087 seconds
[2022-09-30 12:42:00,876] {processor.py:163} INFO - Started process (PID=1169) to work on /home/airflow/.local/lib/python3.7/site-packages/airflow/example_dags/example_branch_datetime_operator.py
[2022-09-30 12:42:00,878] {processor.py:642} INFO - Processing file /home/airflow/.local/lib/python3.7/site-packages/airflow/example_dags/example_branch_datetime_operator.py for tasks to queue
[2022-09-30 12:42:00,880] {logging_mixin.py:109} INFO - [2022-09-30 12:42:00,880] {dagbag.py:500} INFO - Filling up the DagBag from /home/airflow/.local/lib/python3.7/site-packages/airflow/example_dags/example_branch_datetime_operator.py
[2022-09-30 12:42:00,915] {processor.py:654} INFO - DAG(s) dict_keys(['example_branch_datetime_operator_2']) retrieved from /home/airflow/.local/lib/python3.7/site-packages/airflow/example_dags/example_branch_datetime_operator.py
[2022-09-30 12:42:00,926] {logging_mixin.py:109} INFO - [2022-09-30 12:42:00,926] {dag.py:2398} INFO - Sync 1 DAGs
[2022-09-30 12:42:00,947] {logging_mixin.py:109} INFO - [2022-09-30 12:42:00,947] {dag.py:2937} INFO - Setting next_dagrun for example_branch_datetime_operator_2 to 2022-09-29 00:00:00+00:00
[2022-09-30 12:42:00,958] {processor.py:171} INFO - Processing /home/airflow/.local/lib/python3.7/site-packages/airflow/example_dags/example_branch_datetime_operator.py took 0.087 seconds
[2022-09-30 12:42:31,113] {processor.py:163} INFO - Started process (PID=1221) to work on /home/airflow/.local/lib/python3.7/site-packages/airflow/example_dags/example_branch_datetime_operator.py
[2022-09-30 12:42:31,121] {processor.py:642} INFO - Processing file /home/airflow/.local/lib/python3.7/site-packages/airflow/example_dags/example_branch_datetime_operator.py for tasks to queue
[2022-09-30 12:42:31,123] {logging_mixin.py:109} INFO - [2022-09-30 12:42:31,122] {dagbag.py:500} INFO - Filling up the DagBag from /home/airflow/.local/lib/python3.7/site-packages/airflow/example_dags/example_branch_datetime_operator.py
[2022-09-30 12:42:31,155] {processor.py:654} INFO - DAG(s) dict_keys(['example_branch_datetime_operator_2']) retrieved from /home/airflow/.local/lib/python3.7/site-packages/airflow/example_dags/example_branch_datetime_operator.py
[2022-09-30 12:42:31,170] {logging_mixin.py:109} INFO - [2022-09-30 12:42:31,170] {dag.py:2398} INFO - Sync 1 DAGs
[2022-09-30 12:42:31,187] {logging_mixin.py:109} INFO - [2022-09-30 12:42:31,187] {dag.py:2937} INFO - Setting next_dagrun for example_branch_datetime_operator_2 to 2022-09-29 00:00:00+00:00
[2022-09-30 12:42:31,198] {processor.py:171} INFO - Processing /home/airflow/.local/lib/python3.7/site-packages/airflow/example_dags/example_branch_datetime_operator.py took 0.095 seconds
[2022-09-30 12:43:01,292] {processor.py:163} INFO - Started process (PID=1281) to work on /home/airflow/.local/lib/python3.7/site-packages/airflow/example_dags/example_branch_datetime_operator.py
[2022-09-30 12:43:01,294] {processor.py:642} INFO - Processing file /home/airflow/.local/lib/python3.7/site-packages/airflow/example_dags/example_branch_datetime_operator.py for tasks to queue
[2022-09-30 12:43:01,295] {logging_mixin.py:109} INFO - [2022-09-30 12:43:01,295] {dagbag.py:500} INFO - Filling up the DagBag from /home/airflow/.local/lib/python3.7/site-packages/airflow/example_dags/example_branch_datetime_operator.py
[2022-09-30 12:43:01,331] {processor.py:654} INFO - DAG(s) dict_keys(['example_branch_datetime_operator_2']) retrieved from /home/airflow/.local/lib/python3.7/site-packages/airflow/example_dags/example_branch_datetime_operator.py
[2022-09-30 12:43:01,344] {logging_mixin.py:109} INFO - [2022-09-30 12:43:01,344] {dag.py:2398} INFO - Sync 1 DAGs
[2022-09-30 12:43:01,365] {logging_mixin.py:109} INFO - [2022-09-30 12:43:01,365] {dag.py:2937} INFO - Setting next_dagrun for example_branch_datetime_operator_2 to 2022-09-29 00:00:00+00:00
[2022-09-30 12:43:01,380] {processor.py:171} INFO - Processing /home/airflow/.local/lib/python3.7/site-packages/airflow/example_dags/example_branch_datetime_operator.py took 0.092 seconds
[2022-09-30 12:43:31,536] {processor.py:163} INFO - Started process (PID=1333) to work on /home/airflow/.local/lib/python3.7/site-packages/airflow/example_dags/example_branch_datetime_operator.py
[2022-09-30 12:43:31,538] {processor.py:642} INFO - Processing file /home/airflow/.local/lib/python3.7/site-packages/airflow/example_dags/example_branch_datetime_operator.py for tasks to queue
[2022-09-30 12:43:31,539] {logging_mixin.py:109} INFO - [2022-09-30 12:43:31,539] {dagbag.py:500} INFO - Filling up the DagBag from /home/airflow/.local/lib/python3.7/site-packages/airflow/example_dags/example_branch_datetime_operator.py
[2022-09-30 12:43:31,571] {processor.py:654} INFO - DAG(s) dict_keys(['example_branch_datetime_operator_2']) retrieved from /home/airflow/.local/lib/python3.7/site-packages/airflow/example_dags/example_branch_datetime_operator.py
[2022-09-30 12:43:31,582] {logging_mixin.py:109} INFO - [2022-09-30 12:43:31,582] {dag.py:2398} INFO - Sync 1 DAGs
[2022-09-30 12:43:31,598] {logging_mixin.py:109} INFO - [2022-09-30 12:43:31,598] {dag.py:2937} INFO - Setting next_dagrun for example_branch_datetime_operator_2 to 2022-09-29 00:00:00+00:00
[2022-09-30 12:43:31,608] {processor.py:171} INFO - Processing /home/airflow/.local/lib/python3.7/site-packages/airflow/example_dags/example_branch_datetime_operator.py took 0.076 seconds
[2022-09-30 12:44:01,713] {processor.py:163} INFO - Started process (PID=1392) to work on /home/airflow/.local/lib/python3.7/site-packages/airflow/example_dags/example_branch_datetime_operator.py
[2022-09-30 12:44:01,716] {processor.py:642} INFO - Processing file /home/airflow/.local/lib/python3.7/site-packages/airflow/example_dags/example_branch_datetime_operator.py for tasks to queue
[2022-09-30 12:44:01,717] {logging_mixin.py:109} INFO - [2022-09-30 12:44:01,717] {dagbag.py:500} INFO - Filling up the DagBag from /home/airflow/.local/lib/python3.7/site-packages/airflow/example_dags/example_branch_datetime_operator.py
[2022-09-30 12:44:01,753] {processor.py:654} INFO - DAG(s) dict_keys(['example_branch_datetime_operator_2']) retrieved from /home/airflow/.local/lib/python3.7/site-packages/airflow/example_dags/example_branch_datetime_operator.py
[2022-09-30 12:44:01,768] {logging_mixin.py:109} INFO - [2022-09-30 12:44:01,768] {dag.py:2398} INFO - Sync 1 DAGs
[2022-09-30 12:44:01,789] {logging_mixin.py:109} INFO - [2022-09-30 12:44:01,788] {dag.py:2937} INFO - Setting next_dagrun for example_branch_datetime_operator_2 to 2022-09-29 00:00:00+00:00
[2022-09-30 12:44:01,802] {processor.py:171} INFO - Processing /home/airflow/.local/lib/python3.7/site-packages/airflow/example_dags/example_branch_datetime_operator.py took 0.094 seconds
[2022-09-30 12:44:31,996] {processor.py:163} INFO - Started process (PID=1443) to work on /home/airflow/.local/lib/python3.7/site-packages/airflow/example_dags/example_branch_datetime_operator.py
[2022-09-30 12:44:32,000] {processor.py:642} INFO - Processing file /home/airflow/.local/lib/python3.7/site-packages/airflow/example_dags/example_branch_datetime_operator.py for tasks to queue
[2022-09-30 12:44:32,002] {logging_mixin.py:109} INFO - [2022-09-30 12:44:32,001] {dagbag.py:500} INFO - Filling up the DagBag from /home/airflow/.local/lib/python3.7/site-packages/airflow/example_dags/example_branch_datetime_operator.py
[2022-09-30 12:44:32,044] {processor.py:654} INFO - DAG(s) dict_keys(['example_branch_datetime_operator_2']) retrieved from /home/airflow/.local/lib/python3.7/site-packages/airflow/example_dags/example_branch_datetime_operator.py
[2022-09-30 12:44:32,058] {logging_mixin.py:109} INFO - [2022-09-30 12:44:32,058] {dag.py:2398} INFO - Sync 1 DAGs
[2022-09-30 12:44:32,078] {logging_mixin.py:109} INFO - [2022-09-30 12:44:32,078] {dag.py:2937} INFO - Setting next_dagrun for example_branch_datetime_operator_2 to 2022-09-29 00:00:00+00:00
[2022-09-30 12:44:32,091] {processor.py:171} INFO - Processing /home/airflow/.local/lib/python3.7/site-packages/airflow/example_dags/example_branch_datetime_operator.py took 0.101 seconds
[2022-09-30 12:45:02,499] {processor.py:163} INFO - Started process (PID=1503) to work on /home/airflow/.local/lib/python3.7/site-packages/airflow/example_dags/example_branch_datetime_operator.py
[2022-09-30 12:45:02,502] {processor.py:642} INFO - Processing file /home/airflow/.local/lib/python3.7/site-packages/airflow/example_dags/example_branch_datetime_operator.py for tasks to queue
[2022-09-30 12:45:02,504] {logging_mixin.py:109} INFO - [2022-09-30 12:45:02,504] {dagbag.py:500} INFO - Filling up the DagBag from /home/airflow/.local/lib/python3.7/site-packages/airflow/example_dags/example_branch_datetime_operator.py
[2022-09-30 12:45:02,552] {processor.py:654} INFO - DAG(s) dict_keys(['example_branch_datetime_operator_2']) retrieved from /home/airflow/.local/lib/python3.7/site-packages/airflow/example_dags/example_branch_datetime_operator.py
[2022-09-30 12:45:02,567] {logging_mixin.py:109} INFO - [2022-09-30 12:45:02,567] {dag.py:2398} INFO - Sync 1 DAGs
[2022-09-30 12:45:02,588] {logging_mixin.py:109} INFO - [2022-09-30 12:45:02,587] {dag.py:2937} INFO - Setting next_dagrun for example_branch_datetime_operator_2 to 2022-09-29 00:00:00+00:00
[2022-09-30 12:45:02,602] {processor.py:171} INFO - Processing /home/airflow/.local/lib/python3.7/site-packages/airflow/example_dags/example_branch_datetime_operator.py took 0.109 seconds
[2022-09-30 12:45:32,746] {processor.py:163} INFO - Started process (PID=1555) to work on /home/airflow/.local/lib/python3.7/site-packages/airflow/example_dags/example_branch_datetime_operator.py
[2022-09-30 12:45:32,749] {processor.py:642} INFO - Processing file /home/airflow/.local/lib/python3.7/site-packages/airflow/example_dags/example_branch_datetime_operator.py for tasks to queue
[2022-09-30 12:45:32,752] {logging_mixin.py:109} INFO - [2022-09-30 12:45:32,751] {dagbag.py:500} INFO - Filling up the DagBag from /home/airflow/.local/lib/python3.7/site-packages/airflow/example_dags/example_branch_datetime_operator.py
[2022-09-30 12:45:32,793] {processor.py:654} INFO - DAG(s) dict_keys(['example_branch_datetime_operator_2']) retrieved from /home/airflow/.local/lib/python3.7/site-packages/airflow/example_dags/example_branch_datetime_operator.py
[2022-09-30 12:45:32,804] {logging_mixin.py:109} INFO - [2022-09-30 12:45:32,804] {dag.py:2398} INFO - Sync 1 DAGs
[2022-09-30 12:45:32,820] {logging_mixin.py:109} INFO - [2022-09-30 12:45:32,820] {dag.py:2937} INFO - Setting next_dagrun for example_branch_datetime_operator_2 to 2022-09-29 00:00:00+00:00
[2022-09-30 12:45:32,831] {processor.py:171} INFO - Processing /home/airflow/.local/lib/python3.7/site-packages/airflow/example_dags/example_branch_datetime_operator.py took 0.091 seconds
[2022-09-30 12:46:03,155] {processor.py:163} INFO - Started process (PID=1608) to work on /home/airflow/.local/lib/python3.7/site-packages/airflow/example_dags/example_branch_datetime_operator.py
[2022-09-30 12:46:03,159] {processor.py:642} INFO - Processing file /home/airflow/.local/lib/python3.7/site-packages/airflow/example_dags/example_branch_datetime_operator.py for tasks to queue
[2022-09-30 12:46:03,162] {logging_mixin.py:109} INFO - [2022-09-30 12:46:03,161] {dagbag.py:500} INFO - Filling up the DagBag from /home/airflow/.local/lib/python3.7/site-packages/airflow/example_dags/example_branch_datetime_operator.py
[2022-09-30 12:46:03,252] {processor.py:654} INFO - DAG(s) dict_keys(['example_branch_datetime_operator_2']) retrieved from /home/airflow/.local/lib/python3.7/site-packages/airflow/example_dags/example_branch_datetime_operator.py
[2022-09-30 12:46:03,273] {logging_mixin.py:109} INFO - [2022-09-30 12:46:03,273] {dag.py:2398} INFO - Sync 1 DAGs
[2022-09-30 12:46:03,301] {logging_mixin.py:109} INFO - [2022-09-30 12:46:03,301] {dag.py:2937} INFO - Setting next_dagrun for example_branch_datetime_operator_2 to 2022-09-29 00:00:00+00:00
[2022-09-30 12:46:03,320] {processor.py:171} INFO - Processing /home/airflow/.local/lib/python3.7/site-packages/airflow/example_dags/example_branch_datetime_operator.py took 0.171 seconds
[2022-09-30 12:46:33,770] {processor.py:163} INFO - Started process (PID=1667) to work on /home/airflow/.local/lib/python3.7/site-packages/airflow/example_dags/example_branch_datetime_operator.py
[2022-09-30 12:46:33,773] {processor.py:642} INFO - Processing file /home/airflow/.local/lib/python3.7/site-packages/airflow/example_dags/example_branch_datetime_operator.py for tasks to queue
[2022-09-30 12:46:33,776] {logging_mixin.py:109} INFO - [2022-09-30 12:46:33,775] {dagbag.py:500} INFO - Filling up the DagBag from /home/airflow/.local/lib/python3.7/site-packages/airflow/example_dags/example_branch_datetime_operator.py
[2022-09-30 12:46:33,816] {processor.py:654} INFO - DAG(s) dict_keys(['example_branch_datetime_operator_2']) retrieved from /home/airflow/.local/lib/python3.7/site-packages/airflow/example_dags/example_branch_datetime_operator.py
[2022-09-30 12:46:33,828] {logging_mixin.py:109} INFO - [2022-09-30 12:46:33,828] {dag.py:2398} INFO - Sync 1 DAGs
[2022-09-30 12:46:33,848] {logging_mixin.py:109} INFO - [2022-09-30 12:46:33,848] {dag.py:2937} INFO - Setting next_dagrun for example_branch_datetime_operator_2 to 2022-09-29 00:00:00+00:00
[2022-09-30 12:46:33,859] {processor.py:171} INFO - Processing /home/airflow/.local/lib/python3.7/site-packages/airflow/example_dags/example_branch_datetime_operator.py took 0.094 seconds
[2022-09-30 12:47:04,380] {processor.py:163} INFO - Started process (PID=1719) to work on /home/airflow/.local/lib/python3.7/site-packages/airflow/example_dags/example_branch_datetime_operator.py
[2022-09-30 12:47:04,382] {processor.py:642} INFO - Processing file /home/airflow/.local/lib/python3.7/site-packages/airflow/example_dags/example_branch_datetime_operator.py for tasks to queue
[2022-09-30 12:47:04,383] {logging_mixin.py:109} INFO - [2022-09-30 12:47:04,383] {dagbag.py:500} INFO - Filling up the DagBag from /home/airflow/.local/lib/python3.7/site-packages/airflow/example_dags/example_branch_datetime_operator.py
[2022-09-30 12:47:04,425] {processor.py:654} INFO - DAG(s) dict_keys(['example_branch_datetime_operator_2']) retrieved from /home/airflow/.local/lib/python3.7/site-packages/airflow/example_dags/example_branch_datetime_operator.py
[2022-09-30 12:47:04,438] {logging_mixin.py:109} INFO - [2022-09-30 12:47:04,438] {dag.py:2398} INFO - Sync 1 DAGs
[2022-09-30 12:47:04,461] {logging_mixin.py:109} INFO - [2022-09-30 12:47:04,460] {dag.py:2937} INFO - Setting next_dagrun for example_branch_datetime_operator_2 to 2022-09-29 00:00:00+00:00
[2022-09-30 12:47:04,478] {processor.py:171} INFO - Processing /home/airflow/.local/lib/python3.7/site-packages/airflow/example_dags/example_branch_datetime_operator.py took 0.102 seconds
[2022-09-30 12:47:35,025] {processor.py:163} INFO - Started process (PID=1780) to work on /home/airflow/.local/lib/python3.7/site-packages/airflow/example_dags/example_branch_datetime_operator.py
[2022-09-30 12:47:35,027] {processor.py:642} INFO - Processing file /home/airflow/.local/lib/python3.7/site-packages/airflow/example_dags/example_branch_datetime_operator.py for tasks to queue
[2022-09-30 12:47:35,029] {logging_mixin.py:109} INFO - [2022-09-30 12:47:35,029] {dagbag.py:500} INFO - Filling up the DagBag from /home/airflow/.local/lib/python3.7/site-packages/airflow/example_dags/example_branch_datetime_operator.py
[2022-09-30 12:47:35,060] {processor.py:654} INFO - DAG(s) dict_keys(['example_branch_datetime_operator_2']) retrieved from /home/airflow/.local/lib/python3.7/site-packages/airflow/example_dags/example_branch_datetime_operator.py
[2022-09-30 12:47:35,071] {logging_mixin.py:109} INFO - [2022-09-30 12:47:35,071] {dag.py:2398} INFO - Sync 1 DAGs
[2022-09-30 12:47:35,087] {logging_mixin.py:109} INFO - [2022-09-30 12:47:35,087] {dag.py:2937} INFO - Setting next_dagrun for example_branch_datetime_operator_2 to 2022-09-29 00:00:00+00:00
[2022-09-30 12:47:35,098] {processor.py:171} INFO - Processing /home/airflow/.local/lib/python3.7/site-packages/airflow/example_dags/example_branch_datetime_operator.py took 0.078 seconds
[2022-09-30 12:48:05,333] {processor.py:163} INFO - Started process (PID=1830) to work on /home/airflow/.local/lib/python3.7/site-packages/airflow/example_dags/example_branch_datetime_operator.py
[2022-09-30 12:48:05,336] {processor.py:642} INFO - Processing file /home/airflow/.local/lib/python3.7/site-packages/airflow/example_dags/example_branch_datetime_operator.py for tasks to queue
[2022-09-30 12:48:05,338] {logging_mixin.py:109} INFO - [2022-09-30 12:48:05,338] {dagbag.py:500} INFO - Filling up the DagBag from /home/airflow/.local/lib/python3.7/site-packages/airflow/example_dags/example_branch_datetime_operator.py
[2022-09-30 12:48:05,373] {processor.py:654} INFO - DAG(s) dict_keys(['example_branch_datetime_operator_2']) retrieved from /home/airflow/.local/lib/python3.7/site-packages/airflow/example_dags/example_branch_datetime_operator.py
[2022-09-30 12:48:05,385] {logging_mixin.py:109} INFO - [2022-09-30 12:48:05,384] {dag.py:2398} INFO - Sync 1 DAGs
[2022-09-30 12:48:05,408] {logging_mixin.py:109} INFO - [2022-09-30 12:48:05,408] {dag.py:2937} INFO - Setting next_dagrun for example_branch_datetime_operator_2 to 2022-09-29 00:00:00+00:00
[2022-09-30 12:48:05,420] {processor.py:171} INFO - Processing /home/airflow/.local/lib/python3.7/site-packages/airflow/example_dags/example_branch_datetime_operator.py took 0.092 seconds
[2022-09-30 12:48:36,001] {processor.py:163} INFO - Started process (PID=1893) to work on /home/airflow/.local/lib/python3.7/site-packages/airflow/example_dags/example_branch_datetime_operator.py
[2022-09-30 12:48:36,003] {processor.py:642} INFO - Processing file /home/airflow/.local/lib/python3.7/site-packages/airflow/example_dags/example_branch_datetime_operator.py for tasks to queue
[2022-09-30 12:48:36,004] {logging_mixin.py:109} INFO - [2022-09-30 12:48:36,004] {dagbag.py:500} INFO - Filling up the DagBag from /home/airflow/.local/lib/python3.7/site-packages/airflow/example_dags/example_branch_datetime_operator.py
[2022-09-30 12:48:36,042] {processor.py:654} INFO - DAG(s) dict_keys(['example_branch_datetime_operator_2']) retrieved from /home/airflow/.local/lib/python3.7/site-packages/airflow/example_dags/example_branch_datetime_operator.py
[2022-09-30 12:48:36,053] {logging_mixin.py:109} INFO - [2022-09-30 12:48:36,053] {dag.py:2398} INFO - Sync 1 DAGs
[2022-09-30 12:48:36,071] {logging_mixin.py:109} INFO - [2022-09-30 12:48:36,071] {dag.py:2937} INFO - Setting next_dagrun for example_branch_datetime_operator_2 to 2022-09-29 00:00:00+00:00
[2022-09-30 12:48:36,081] {processor.py:171} INFO - Processing /home/airflow/.local/lib/python3.7/site-packages/airflow/example_dags/example_branch_datetime_operator.py took 0.084 seconds
[2022-09-30 12:49:06,290] {processor.py:163} INFO - Started process (PID=1944) to work on /home/airflow/.local/lib/python3.7/site-packages/airflow/example_dags/example_branch_datetime_operator.py
[2022-09-30 12:49:06,291] {processor.py:642} INFO - Processing file /home/airflow/.local/lib/python3.7/site-packages/airflow/example_dags/example_branch_datetime_operator.py for tasks to queue
[2022-09-30 12:49:06,293] {logging_mixin.py:109} INFO - [2022-09-30 12:49:06,293] {dagbag.py:500} INFO - Filling up the DagBag from /home/airflow/.local/lib/python3.7/site-packages/airflow/example_dags/example_branch_datetime_operator.py
[2022-09-30 12:49:06,326] {processor.py:654} INFO - DAG(s) dict_keys(['example_branch_datetime_operator_2']) retrieved from /home/airflow/.local/lib/python3.7/site-packages/airflow/example_dags/example_branch_datetime_operator.py
[2022-09-30 12:49:06,336] {logging_mixin.py:109} INFO - [2022-09-30 12:49:06,336] {dag.py:2398} INFO - Sync 1 DAGs
[2022-09-30 12:49:06,354] {logging_mixin.py:109} INFO - [2022-09-30 12:49:06,354] {dag.py:2937} INFO - Setting next_dagrun for example_branch_datetime_operator_2 to 2022-09-29 00:00:00+00:00
[2022-09-30 12:49:06,365] {processor.py:171} INFO - Processing /home/airflow/.local/lib/python3.7/site-packages/airflow/example_dags/example_branch_datetime_operator.py took 0.080 seconds
[2022-09-30 12:49:36,674] {processor.py:163} INFO - Started process (PID=2003) to work on /home/airflow/.local/lib/python3.7/site-packages/airflow/example_dags/example_branch_datetime_operator.py
[2022-09-30 12:49:36,675] {processor.py:642} INFO - Processing file /home/airflow/.local/lib/python3.7/site-packages/airflow/example_dags/example_branch_datetime_operator.py for tasks to queue
[2022-09-30 12:49:36,677] {logging_mixin.py:109} INFO - [2022-09-30 12:49:36,677] {dagbag.py:500} INFO - Filling up the DagBag from /home/airflow/.local/lib/python3.7/site-packages/airflow/example_dags/example_branch_datetime_operator.py
[2022-09-30 12:49:36,711] {processor.py:654} INFO - DAG(s) dict_keys(['example_branch_datetime_operator_2']) retrieved from /home/airflow/.local/lib/python3.7/site-packages/airflow/example_dags/example_branch_datetime_operator.py
[2022-09-30 12:49:36,722] {logging_mixin.py:109} INFO - [2022-09-30 12:49:36,721] {dag.py:2398} INFO - Sync 1 DAGs
[2022-09-30 12:49:36,744] {logging_mixin.py:109} INFO - [2022-09-30 12:49:36,744] {dag.py:2937} INFO - Setting next_dagrun for example_branch_datetime_operator_2 to 2022-09-29 00:00:00+00:00
[2022-09-30 12:49:36,767] {processor.py:171} INFO - Processing /home/airflow/.local/lib/python3.7/site-packages/airflow/example_dags/example_branch_datetime_operator.py took 0.097 seconds
[2022-09-30 12:50:07,152] {processor.py:163} INFO - Started process (PID=2056) to work on /home/airflow/.local/lib/python3.7/site-packages/airflow/example_dags/example_branch_datetime_operator.py
[2022-09-30 12:50:07,155] {processor.py:642} INFO - Processing file /home/airflow/.local/lib/python3.7/site-packages/airflow/example_dags/example_branch_datetime_operator.py for tasks to queue
[2022-09-30 12:50:07,156] {logging_mixin.py:109} INFO - [2022-09-30 12:50:07,156] {dagbag.py:500} INFO - Filling up the DagBag from /home/airflow/.local/lib/python3.7/site-packages/airflow/example_dags/example_branch_datetime_operator.py
[2022-09-30 12:50:07,187] {processor.py:654} INFO - DAG(s) dict_keys(['example_branch_datetime_operator_2']) retrieved from /home/airflow/.local/lib/python3.7/site-packages/airflow/example_dags/example_branch_datetime_operator.py
[2022-09-30 12:50:07,197] {logging_mixin.py:109} INFO - [2022-09-30 12:50:07,197] {dag.py:2398} INFO - Sync 1 DAGs
[2022-09-30 12:50:07,214] {logging_mixin.py:109} INFO - [2022-09-30 12:50:07,214] {dag.py:2937} INFO - Setting next_dagrun for example_branch_datetime_operator_2 to 2022-09-29 00:00:00+00:00
[2022-09-30 12:50:07,222] {processor.py:171} INFO - Processing /home/airflow/.local/lib/python3.7/site-packages/airflow/example_dags/example_branch_datetime_operator.py took 0.073 seconds
[2022-09-30 12:50:37,512] {processor.py:163} INFO - Started process (PID=2107) to work on /home/airflow/.local/lib/python3.7/site-packages/airflow/example_dags/example_branch_datetime_operator.py
[2022-09-30 12:50:37,515] {processor.py:642} INFO - Processing file /home/airflow/.local/lib/python3.7/site-packages/airflow/example_dags/example_branch_datetime_operator.py for tasks to queue
[2022-09-30 12:50:37,516] {logging_mixin.py:109} INFO - [2022-09-30 12:50:37,516] {dagbag.py:500} INFO - Filling up the DagBag from /home/airflow/.local/lib/python3.7/site-packages/airflow/example_dags/example_branch_datetime_operator.py
[2022-09-30 12:50:37,561] {processor.py:654} INFO - DAG(s) dict_keys(['example_branch_datetime_operator_2']) retrieved from /home/airflow/.local/lib/python3.7/site-packages/airflow/example_dags/example_branch_datetime_operator.py
[2022-09-30 12:50:37,579] {logging_mixin.py:109} INFO - [2022-09-30 12:50:37,579] {dag.py:2398} INFO - Sync 1 DAGs
[2022-09-30 12:50:37,605] {logging_mixin.py:109} INFO - [2022-09-30 12:50:37,605] {dag.py:2937} INFO - Setting next_dagrun for example_branch_datetime_operator_2 to 2022-09-29 00:00:00+00:00
[2022-09-30 12:50:37,620] {processor.py:171} INFO - Processing /home/airflow/.local/lib/python3.7/site-packages/airflow/example_dags/example_branch_datetime_operator.py took 0.113 seconds
[2022-09-30 12:51:08,104] {processor.py:163} INFO - Started process (PID=2168) to work on /home/airflow/.local/lib/python3.7/site-packages/airflow/example_dags/example_branch_datetime_operator.py
[2022-09-30 12:51:08,106] {processor.py:642} INFO - Processing file /home/airflow/.local/lib/python3.7/site-packages/airflow/example_dags/example_branch_datetime_operator.py for tasks to queue
[2022-09-30 12:51:08,108] {logging_mixin.py:109} INFO - [2022-09-30 12:51:08,107] {dagbag.py:500} INFO - Filling up the DagBag from /home/airflow/.local/lib/python3.7/site-packages/airflow/example_dags/example_branch_datetime_operator.py
[2022-09-30 12:51:08,142] {processor.py:654} INFO - DAG(s) dict_keys(['example_branch_datetime_operator_2']) retrieved from /home/airflow/.local/lib/python3.7/site-packages/airflow/example_dags/example_branch_datetime_operator.py
[2022-09-30 12:51:08,154] {logging_mixin.py:109} INFO - [2022-09-30 12:51:08,154] {dag.py:2398} INFO - Sync 1 DAGs
[2022-09-30 12:51:08,173] {logging_mixin.py:109} INFO - [2022-09-30 12:51:08,173] {dag.py:2937} INFO - Setting next_dagrun for example_branch_datetime_operator_2 to 2022-09-29 00:00:00+00:00
[2022-09-30 12:51:08,183] {processor.py:171} INFO - Processing /home/airflow/.local/lib/python3.7/site-packages/airflow/example_dags/example_branch_datetime_operator.py took 0.084 seconds
[2022-09-30 12:51:38,978] {processor.py:163} INFO - Started process (PID=2220) to work on /home/airflow/.local/lib/python3.7/site-packages/airflow/example_dags/example_branch_datetime_operator.py
[2022-09-30 12:51:38,980] {processor.py:642} INFO - Processing file /home/airflow/.local/lib/python3.7/site-packages/airflow/example_dags/example_branch_datetime_operator.py for tasks to queue
[2022-09-30 12:51:38,982] {logging_mixin.py:109} INFO - [2022-09-30 12:51:38,982] {dagbag.py:500} INFO - Filling up the DagBag from /home/airflow/.local/lib/python3.7/site-packages/airflow/example_dags/example_branch_datetime_operator.py
[2022-09-30 12:51:39,018] {processor.py:654} INFO - DAG(s) dict_keys(['example_branch_datetime_operator_2']) retrieved from /home/airflow/.local/lib/python3.7/site-packages/airflow/example_dags/example_branch_datetime_operator.py
[2022-09-30 12:51:39,029] {logging_mixin.py:109} INFO - [2022-09-30 12:51:39,029] {dag.py:2398} INFO - Sync 1 DAGs
[2022-09-30 12:51:39,047] {logging_mixin.py:109} INFO - [2022-09-30 12:51:39,047] {dag.py:2937} INFO - Setting next_dagrun for example_branch_datetime_operator_2 to 2022-09-29 00:00:00+00:00
[2022-09-30 12:51:39,058] {processor.py:171} INFO - Processing /home/airflow/.local/lib/python3.7/site-packages/airflow/example_dags/example_branch_datetime_operator.py took 0.084 seconds
[2022-09-30 12:54:34,981] {processor.py:163} INFO - Started process (PID=2245) to work on /home/airflow/.local/lib/python3.7/site-packages/airflow/example_dags/example_branch_datetime_operator.py
[2022-09-30 12:54:34,996] {processor.py:642} INFO - Processing file /home/airflow/.local/lib/python3.7/site-packages/airflow/example_dags/example_branch_datetime_operator.py for tasks to queue
[2022-09-30 12:54:35,004] {logging_mixin.py:109} INFO - [2022-09-30 12:54:35,004] {dagbag.py:500} INFO - Filling up the DagBag from /home/airflow/.local/lib/python3.7/site-packages/airflow/example_dags/example_branch_datetime_operator.py
[2022-09-30 12:54:35,146] {processor.py:654} INFO - DAG(s) dict_keys(['example_branch_datetime_operator_2']) retrieved from /home/airflow/.local/lib/python3.7/site-packages/airflow/example_dags/example_branch_datetime_operator.py
[2022-09-30 12:54:35,168] {logging_mixin.py:109} INFO - [2022-09-30 12:54:35,168] {dag.py:2398} INFO - Sync 1 DAGs
[2022-09-30 12:54:35,241] {logging_mixin.py:109} INFO - [2022-09-30 12:54:35,241] {dag.py:2937} INFO - Setting next_dagrun for example_branch_datetime_operator_2 to 2022-09-29 00:00:00+00:00
[2022-09-30 12:54:35,286] {processor.py:171} INFO - Processing /home/airflow/.local/lib/python3.7/site-packages/airflow/example_dags/example_branch_datetime_operator.py took 0.309 seconds
[2022-09-30 12:59:34,972] {processor.py:163} INFO - Started process (PID=2300) to work on /home/airflow/.local/lib/python3.7/site-packages/airflow/example_dags/example_branch_datetime_operator.py
[2022-09-30 12:59:34,981] {processor.py:642} INFO - Processing file /home/airflow/.local/lib/python3.7/site-packages/airflow/example_dags/example_branch_datetime_operator.py for tasks to queue
[2022-09-30 12:59:34,983] {logging_mixin.py:109} INFO - [2022-09-30 12:59:34,983] {dagbag.py:500} INFO - Filling up the DagBag from /home/airflow/.local/lib/python3.7/site-packages/airflow/example_dags/example_branch_datetime_operator.py
[2022-09-30 12:59:35,061] {processor.py:654} INFO - DAG(s) dict_keys(['example_branch_datetime_operator_2']) retrieved from /home/airflow/.local/lib/python3.7/site-packages/airflow/example_dags/example_branch_datetime_operator.py
[2022-09-30 12:59:35,079] {logging_mixin.py:109} INFO - [2022-09-30 12:59:35,079] {dag.py:2398} INFO - Sync 1 DAGs
[2022-09-30 12:59:35,128] {logging_mixin.py:109} INFO - [2022-09-30 12:59:35,128] {dag.py:2937} INFO - Setting next_dagrun for example_branch_datetime_operator_2 to 2022-09-29 00:00:00+00:00
[2022-09-30 12:59:35,161] {processor.py:171} INFO - Processing /home/airflow/.local/lib/python3.7/site-packages/airflow/example_dags/example_branch_datetime_operator.py took 0.193 seconds
[2022-09-30 13:03:05,605] {processor.py:163} INFO - Started process (PID=2373) to work on /home/airflow/.local/lib/python3.7/site-packages/airflow/example_dags/example_branch_datetime_operator.py
[2022-09-30 13:03:05,610] {processor.py:642} INFO - Processing file /home/airflow/.local/lib/python3.7/site-packages/airflow/example_dags/example_branch_datetime_operator.py for tasks to queue
[2022-09-30 13:03:05,615] {logging_mixin.py:109} INFO - [2022-09-30 13:03:05,615] {dagbag.py:500} INFO - Filling up the DagBag from /home/airflow/.local/lib/python3.7/site-packages/airflow/example_dags/example_branch_datetime_operator.py
[2022-09-30 13:03:05,815] {processor.py:654} INFO - DAG(s) dict_keys(['example_branch_datetime_operator_2']) retrieved from /home/airflow/.local/lib/python3.7/site-packages/airflow/example_dags/example_branch_datetime_operator.py
[2022-09-30 13:03:05,948] {logging_mixin.py:109} INFO - [2022-09-30 13:03:05,940] {dag.py:2398} INFO - Sync 1 DAGs
[2022-09-30 13:03:06,169] {logging_mixin.py:109} INFO - [2022-09-30 13:03:06,169] {dag.py:2937} INFO - Setting next_dagrun for example_branch_datetime_operator_2 to 2022-09-29 00:00:00+00:00
[2022-09-30 13:03:06,256] {processor.py:171} INFO - Processing /home/airflow/.local/lib/python3.7/site-packages/airflow/example_dags/example_branch_datetime_operator.py took 0.666 seconds
[2022-09-30 13:03:36,468] {processor.py:163} INFO - Started process (PID=2424) to work on /home/airflow/.local/lib/python3.7/site-packages/airflow/example_dags/example_branch_datetime_operator.py
[2022-09-30 13:03:36,471] {processor.py:642} INFO - Processing file /home/airflow/.local/lib/python3.7/site-packages/airflow/example_dags/example_branch_datetime_operator.py for tasks to queue
[2022-09-30 13:03:36,473] {logging_mixin.py:109} INFO - [2022-09-30 13:03:36,473] {dagbag.py:500} INFO - Filling up the DagBag from /home/airflow/.local/lib/python3.7/site-packages/airflow/example_dags/example_branch_datetime_operator.py
[2022-09-30 13:03:36,508] {processor.py:654} INFO - DAG(s) dict_keys(['example_branch_datetime_operator_2']) retrieved from /home/airflow/.local/lib/python3.7/site-packages/airflow/example_dags/example_branch_datetime_operator.py
[2022-09-30 13:03:36,519] {logging_mixin.py:109} INFO - [2022-09-30 13:03:36,519] {dag.py:2398} INFO - Sync 1 DAGs
[2022-09-30 13:03:36,542] {logging_mixin.py:109} INFO - [2022-09-30 13:03:36,542] {dag.py:2937} INFO - Setting next_dagrun for example_branch_datetime_operator_2 to 2022-09-29 00:00:00+00:00
[2022-09-30 13:03:36,563] {processor.py:171} INFO - Processing /home/airflow/.local/lib/python3.7/site-packages/airflow/example_dags/example_branch_datetime_operator.py took 0.099 seconds
[2022-09-30 13:04:07,251] {processor.py:163} INFO - Started process (PID=2475) to work on /home/airflow/.local/lib/python3.7/site-packages/airflow/example_dags/example_branch_datetime_operator.py
[2022-09-30 13:04:07,254] {processor.py:642} INFO - Processing file /home/airflow/.local/lib/python3.7/site-packages/airflow/example_dags/example_branch_datetime_operator.py for tasks to queue
[2022-09-30 13:04:07,255] {logging_mixin.py:109} INFO - [2022-09-30 13:04:07,255] {dagbag.py:500} INFO - Filling up the DagBag from /home/airflow/.local/lib/python3.7/site-packages/airflow/example_dags/example_branch_datetime_operator.py
[2022-09-30 13:04:07,289] {processor.py:654} INFO - DAG(s) dict_keys(['example_branch_datetime_operator_2']) retrieved from /home/airflow/.local/lib/python3.7/site-packages/airflow/example_dags/example_branch_datetime_operator.py
[2022-09-30 13:04:07,299] {logging_mixin.py:109} INFO - [2022-09-30 13:04:07,299] {dag.py:2398} INFO - Sync 1 DAGs
[2022-09-30 13:04:07,314] {logging_mixin.py:109} INFO - [2022-09-30 13:04:07,314] {dag.py:2937} INFO - Setting next_dagrun for example_branch_datetime_operator_2 to 2022-09-29 00:00:00+00:00
[2022-09-30 13:04:07,324] {processor.py:171} INFO - Processing /home/airflow/.local/lib/python3.7/site-packages/airflow/example_dags/example_branch_datetime_operator.py took 0.077 seconds
[2022-09-30 13:04:37,900] {processor.py:163} INFO - Started process (PID=2536) to work on /home/airflow/.local/lib/python3.7/site-packages/airflow/example_dags/example_branch_datetime_operator.py
[2022-09-30 13:04:37,903] {processor.py:642} INFO - Processing file /home/airflow/.local/lib/python3.7/site-packages/airflow/example_dags/example_branch_datetime_operator.py for tasks to queue
[2022-09-30 13:04:37,904] {logging_mixin.py:109} INFO - [2022-09-30 13:04:37,904] {dagbag.py:500} INFO - Filling up the DagBag from /home/airflow/.local/lib/python3.7/site-packages/airflow/example_dags/example_branch_datetime_operator.py
[2022-09-30 13:04:37,942] {processor.py:654} INFO - DAG(s) dict_keys(['example_branch_datetime_operator_2']) retrieved from /home/airflow/.local/lib/python3.7/site-packages/airflow/example_dags/example_branch_datetime_operator.py
[2022-09-30 13:04:37,952] {logging_mixin.py:109} INFO - [2022-09-30 13:04:37,952] {dag.py:2398} INFO - Sync 1 DAGs
[2022-09-30 13:04:37,968] {logging_mixin.py:109} INFO - [2022-09-30 13:04:37,968] {dag.py:2937} INFO - Setting next_dagrun for example_branch_datetime_operator_2 to 2022-09-29 00:00:00+00:00
[2022-09-30 13:04:37,978] {processor.py:171} INFO - Processing /home/airflow/.local/lib/python3.7/site-packages/airflow/example_dags/example_branch_datetime_operator.py took 0.085 seconds
[2022-09-30 13:05:08,310] {processor.py:163} INFO - Started process (PID=2587) to work on /home/airflow/.local/lib/python3.7/site-packages/airflow/example_dags/example_branch_datetime_operator.py
[2022-09-30 13:05:08,312] {processor.py:642} INFO - Processing file /home/airflow/.local/lib/python3.7/site-packages/airflow/example_dags/example_branch_datetime_operator.py for tasks to queue
[2022-09-30 13:05:08,314] {logging_mixin.py:109} INFO - [2022-09-30 13:05:08,314] {dagbag.py:500} INFO - Filling up the DagBag from /home/airflow/.local/lib/python3.7/site-packages/airflow/example_dags/example_branch_datetime_operator.py
[2022-09-30 13:05:08,350] {processor.py:654} INFO - DAG(s) dict_keys(['example_branch_datetime_operator_2']) retrieved from /home/airflow/.local/lib/python3.7/site-packages/airflow/example_dags/example_branch_datetime_operator.py
[2022-09-30 13:05:08,362] {logging_mixin.py:109} INFO - [2022-09-30 13:05:08,362] {dag.py:2398} INFO - Sync 1 DAGs
[2022-09-30 13:05:08,378] {logging_mixin.py:109} INFO - [2022-09-30 13:05:08,378] {dag.py:2937} INFO - Setting next_dagrun for example_branch_datetime_operator_2 to 2022-09-29 00:00:00+00:00
[2022-09-30 13:05:08,389] {processor.py:171} INFO - Processing /home/airflow/.local/lib/python3.7/site-packages/airflow/example_dags/example_branch_datetime_operator.py took 0.083 seconds
[2022-09-30 13:05:38,875] {processor.py:163} INFO - Started process (PID=2648) to work on /home/airflow/.local/lib/python3.7/site-packages/airflow/example_dags/example_branch_datetime_operator.py
[2022-09-30 13:05:38,878] {processor.py:642} INFO - Processing file /home/airflow/.local/lib/python3.7/site-packages/airflow/example_dags/example_branch_datetime_operator.py for tasks to queue
[2022-09-30 13:05:38,880] {logging_mixin.py:109} INFO - [2022-09-30 13:05:38,880] {dagbag.py:500} INFO - Filling up the DagBag from /home/airflow/.local/lib/python3.7/site-packages/airflow/example_dags/example_branch_datetime_operator.py
[2022-09-30 13:05:38,915] {processor.py:654} INFO - DAG(s) dict_keys(['example_branch_datetime_operator_2']) retrieved from /home/airflow/.local/lib/python3.7/site-packages/airflow/example_dags/example_branch_datetime_operator.py
[2022-09-30 13:05:38,925] {logging_mixin.py:109} INFO - [2022-09-30 13:05:38,925] {dag.py:2398} INFO - Sync 1 DAGs
[2022-09-30 13:05:38,942] {logging_mixin.py:109} INFO - [2022-09-30 13:05:38,942] {dag.py:2937} INFO - Setting next_dagrun for example_branch_datetime_operator_2 to 2022-09-29 00:00:00+00:00
[2022-09-30 13:05:38,953] {processor.py:171} INFO - Processing /home/airflow/.local/lib/python3.7/site-packages/airflow/example_dags/example_branch_datetime_operator.py took 0.091 seconds
[2022-09-30 13:06:09,345] {processor.py:163} INFO - Started process (PID=2699) to work on /home/airflow/.local/lib/python3.7/site-packages/airflow/example_dags/example_branch_datetime_operator.py
[2022-09-30 13:06:09,357] {processor.py:642} INFO - Processing file /home/airflow/.local/lib/python3.7/site-packages/airflow/example_dags/example_branch_datetime_operator.py for tasks to queue
[2022-09-30 13:06:09,360] {logging_mixin.py:109} INFO - [2022-09-30 13:06:09,359] {dagbag.py:500} INFO - Filling up the DagBag from /home/airflow/.local/lib/python3.7/site-packages/airflow/example_dags/example_branch_datetime_operator.py
[2022-09-30 13:06:09,747] {processor.py:654} INFO - DAG(s) dict_keys(['example_branch_datetime_operator_2']) retrieved from /home/airflow/.local/lib/python3.7/site-packages/airflow/example_dags/example_branch_datetime_operator.py
[2022-09-30 13:06:09,818] {logging_mixin.py:109} INFO - [2022-09-30 13:06:09,818] {dag.py:2398} INFO - Sync 1 DAGs
[2022-09-30 13:06:09,902] {logging_mixin.py:109} INFO - [2022-09-30 13:06:09,899] {dag.py:2937} INFO - Setting next_dagrun for example_branch_datetime_operator_2 to 2022-09-29 00:00:00+00:00
[2022-09-30 13:06:10,117] {processor.py:171} INFO - Processing /home/airflow/.local/lib/python3.7/site-packages/airflow/example_dags/example_branch_datetime_operator.py took 0.779 seconds
