[2022-09-30 12:32:53,721] {processor.py:163} INFO - Started process (PID=137) to work on /home/airflow/.local/lib/python3.7/site-packages/airflow/example_dags/example_task_group.py
[2022-09-30 12:32:53,723] {processor.py:642} INFO - Processing file /home/airflow/.local/lib/python3.7/site-packages/airflow/example_dags/example_task_group.py for tasks to queue
[2022-09-30 12:32:53,724] {logging_mixin.py:109} INFO - [2022-09-30 12:32:53,724] {dagbag.py:500} INFO - Filling up the DagBag from /home/airflow/.local/lib/python3.7/site-packages/airflow/example_dags/example_task_group.py
[2022-09-30 12:32:53,762] {processor.py:654} INFO - DAG(s) dict_keys(['example_task_group']) retrieved from /home/airflow/.local/lib/python3.7/site-packages/airflow/example_dags/example_task_group.py
[2022-09-30 12:32:55,474] {logging_mixin.py:109} INFO - [2022-09-30 12:32:55,474] {manager.py:496} INFO - Created Permission View: can edit on DAG:example_task_group
[2022-09-30 12:32:55,488] {logging_mixin.py:109} INFO - [2022-09-30 12:32:55,488] {manager.py:496} INFO - Created Permission View: can read on DAG:example_task_group
[2022-09-30 12:32:55,489] {logging_mixin.py:109} INFO - [2022-09-30 12:32:55,489] {dag.py:2398} INFO - Sync 1 DAGs
[2022-09-30 12:32:55,498] {logging_mixin.py:109} INFO - [2022-09-30 12:32:55,498] {dag.py:2417} INFO - Creating ORM DAG for example_task_group
[2022-09-30 12:32:55,507] {logging_mixin.py:109} INFO - [2022-09-30 12:32:55,507] {dag.py:2937} INFO - Setting next_dagrun for example_task_group to 2022-09-29T12:32:55.507300+00:00
[2022-09-30 12:32:55,522] {processor.py:171} INFO - Processing /home/airflow/.local/lib/python3.7/site-packages/airflow/example_dags/example_task_group.py took 1.805 seconds
[2022-09-30 12:33:26,726] {processor.py:163} INFO - Started process (PID=248) to work on /home/airflow/.local/lib/python3.7/site-packages/airflow/example_dags/example_task_group.py
[2022-09-30 12:33:26,736] {processor.py:642} INFO - Processing file /home/airflow/.local/lib/python3.7/site-packages/airflow/example_dags/example_task_group.py for tasks to queue
[2022-09-30 12:33:26,753] {logging_mixin.py:109} INFO - [2022-09-30 12:33:26,752] {dagbag.py:500} INFO - Filling up the DagBag from /home/airflow/.local/lib/python3.7/site-packages/airflow/example_dags/example_task_group.py
[2022-09-30 12:33:27,178] {processor.py:654} INFO - DAG(s) dict_keys(['example_task_group']) retrieved from /home/airflow/.local/lib/python3.7/site-packages/airflow/example_dags/example_task_group.py
[2022-09-30 12:33:27,218] {logging_mixin.py:109} INFO - [2022-09-30 12:33:27,218] {dag.py:2398} INFO - Sync 1 DAGs
[2022-09-30 12:33:27,389] {logging_mixin.py:109} INFO - [2022-09-30 12:33:27,389] {dag.py:2937} INFO - Setting next_dagrun for example_task_group to 2022-09-29T12:33:27.387997+00:00
[2022-09-30 12:33:27,430] {processor.py:171} INFO - Processing /home/airflow/.local/lib/python3.7/site-packages/airflow/example_dags/example_task_group.py took 0.725 seconds
[2022-09-30 12:33:57,841] {processor.py:163} INFO - Started process (PID=298) to work on /home/airflow/.local/lib/python3.7/site-packages/airflow/example_dags/example_task_group.py
[2022-09-30 12:33:57,845] {processor.py:642} INFO - Processing file /home/airflow/.local/lib/python3.7/site-packages/airflow/example_dags/example_task_group.py for tasks to queue
[2022-09-30 12:33:57,847] {logging_mixin.py:109} INFO - [2022-09-30 12:33:57,847] {dagbag.py:500} INFO - Filling up the DagBag from /home/airflow/.local/lib/python3.7/site-packages/airflow/example_dags/example_task_group.py
[2022-09-30 12:33:57,910] {processor.py:654} INFO - DAG(s) dict_keys(['example_task_group']) retrieved from /home/airflow/.local/lib/python3.7/site-packages/airflow/example_dags/example_task_group.py
[2022-09-30 12:33:57,932] {logging_mixin.py:109} INFO - [2022-09-30 12:33:57,932] {dag.py:2398} INFO - Sync 1 DAGs
[2022-09-30 12:33:57,966] {logging_mixin.py:109} INFO - [2022-09-30 12:33:57,966] {dag.py:2937} INFO - Setting next_dagrun for example_task_group to 2022-09-29T12:33:57.965268+00:00
[2022-09-30 12:33:57,989] {processor.py:171} INFO - Processing /home/airflow/.local/lib/python3.7/site-packages/airflow/example_dags/example_task_group.py took 0.153 seconds
[2022-09-30 12:34:28,433] {processor.py:163} INFO - Started process (PID=349) to work on /home/airflow/.local/lib/python3.7/site-packages/airflow/example_dags/example_task_group.py
[2022-09-30 12:34:28,436] {processor.py:642} INFO - Processing file /home/airflow/.local/lib/python3.7/site-packages/airflow/example_dags/example_task_group.py for tasks to queue
[2022-09-30 12:34:28,439] {logging_mixin.py:109} INFO - [2022-09-30 12:34:28,439] {dagbag.py:500} INFO - Filling up the DagBag from /home/airflow/.local/lib/python3.7/site-packages/airflow/example_dags/example_task_group.py
[2022-09-30 12:34:28,601] {processor.py:654} INFO - DAG(s) dict_keys(['example_task_group']) retrieved from /home/airflow/.local/lib/python3.7/site-packages/airflow/example_dags/example_task_group.py
[2022-09-30 12:34:28,665] {logging_mixin.py:109} INFO - [2022-09-30 12:34:28,664] {dag.py:2398} INFO - Sync 1 DAGs
[2022-09-30 12:34:28,756] {logging_mixin.py:109} INFO - [2022-09-30 12:34:28,753] {dag.py:2937} INFO - Setting next_dagrun for example_task_group to 2022-09-29T12:34:28.753436+00:00
[2022-09-30 12:34:28,811] {processor.py:171} INFO - Processing /home/airflow/.local/lib/python3.7/site-packages/airflow/example_dags/example_task_group.py took 0.385 seconds
[2022-09-30 12:34:59,712] {processor.py:163} INFO - Started process (PID=409) to work on /home/airflow/.local/lib/python3.7/site-packages/airflow/example_dags/example_task_group.py
[2022-09-30 12:34:59,714] {processor.py:642} INFO - Processing file /home/airflow/.local/lib/python3.7/site-packages/airflow/example_dags/example_task_group.py for tasks to queue
[2022-09-30 12:34:59,716] {logging_mixin.py:109} INFO - [2022-09-30 12:34:59,716] {dagbag.py:500} INFO - Filling up the DagBag from /home/airflow/.local/lib/python3.7/site-packages/airflow/example_dags/example_task_group.py
[2022-09-30 12:34:59,751] {processor.py:654} INFO - DAG(s) dict_keys(['example_task_group']) retrieved from /home/airflow/.local/lib/python3.7/site-packages/airflow/example_dags/example_task_group.py
[2022-09-30 12:34:59,762] {logging_mixin.py:109} INFO - [2022-09-30 12:34:59,762] {dag.py:2398} INFO - Sync 1 DAGs
[2022-09-30 12:34:59,780] {logging_mixin.py:109} INFO - [2022-09-30 12:34:59,780] {dag.py:2937} INFO - Setting next_dagrun for example_task_group to 2022-09-29T12:34:59.780379+00:00
[2022-09-30 12:34:59,791] {processor.py:171} INFO - Processing /home/airflow/.local/lib/python3.7/site-packages/airflow/example_dags/example_task_group.py took 0.084 seconds
[2022-09-30 12:35:30,082] {processor.py:163} INFO - Started process (PID=459) to work on /home/airflow/.local/lib/python3.7/site-packages/airflow/example_dags/example_task_group.py
[2022-09-30 12:35:30,097] {processor.py:642} INFO - Processing file /home/airflow/.local/lib/python3.7/site-packages/airflow/example_dags/example_task_group.py for tasks to queue
[2022-09-30 12:35:30,099] {logging_mixin.py:109} INFO - [2022-09-30 12:35:30,099] {dagbag.py:500} INFO - Filling up the DagBag from /home/airflow/.local/lib/python3.7/site-packages/airflow/example_dags/example_task_group.py
[2022-09-30 12:35:30,131] {processor.py:654} INFO - DAG(s) dict_keys(['example_task_group']) retrieved from /home/airflow/.local/lib/python3.7/site-packages/airflow/example_dags/example_task_group.py
[2022-09-30 12:35:30,144] {logging_mixin.py:109} INFO - [2022-09-30 12:35:30,144] {dag.py:2398} INFO - Sync 1 DAGs
[2022-09-30 12:35:30,163] {logging_mixin.py:109} INFO - [2022-09-30 12:35:30,163] {dag.py:2937} INFO - Setting next_dagrun for example_task_group to 2022-09-29T12:35:30.163105+00:00
[2022-09-30 12:35:30,191] {processor.py:171} INFO - Processing /home/airflow/.local/lib/python3.7/site-packages/airflow/example_dags/example_task_group.py took 0.114 seconds
[2022-09-30 12:36:00,295] {processor.py:163} INFO - Started process (PID=512) to work on /home/airflow/.local/lib/python3.7/site-packages/airflow/example_dags/example_task_group.py
[2022-09-30 12:36:00,298] {processor.py:642} INFO - Processing file /home/airflow/.local/lib/python3.7/site-packages/airflow/example_dags/example_task_group.py for tasks to queue
[2022-09-30 12:36:00,300] {logging_mixin.py:109} INFO - [2022-09-30 12:36:00,300] {dagbag.py:500} INFO - Filling up the DagBag from /home/airflow/.local/lib/python3.7/site-packages/airflow/example_dags/example_task_group.py
[2022-09-30 12:36:00,341] {processor.py:654} INFO - DAG(s) dict_keys(['example_task_group']) retrieved from /home/airflow/.local/lib/python3.7/site-packages/airflow/example_dags/example_task_group.py
[2022-09-30 12:36:00,355] {logging_mixin.py:109} INFO - [2022-09-30 12:36:00,355] {dag.py:2398} INFO - Sync 1 DAGs
[2022-09-30 12:36:00,376] {logging_mixin.py:109} INFO - [2022-09-30 12:36:00,376] {dag.py:2937} INFO - Setting next_dagrun for example_task_group to 2022-09-29T12:36:00.376082+00:00
[2022-09-30 12:36:00,397] {processor.py:171} INFO - Processing /home/airflow/.local/lib/python3.7/site-packages/airflow/example_dags/example_task_group.py took 0.107 seconds
[2022-09-30 12:36:30,809] {processor.py:163} INFO - Started process (PID=574) to work on /home/airflow/.local/lib/python3.7/site-packages/airflow/example_dags/example_task_group.py
[2022-09-30 12:36:30,812] {processor.py:642} INFO - Processing file /home/airflow/.local/lib/python3.7/site-packages/airflow/example_dags/example_task_group.py for tasks to queue
[2022-09-30 12:36:30,813] {logging_mixin.py:109} INFO - [2022-09-30 12:36:30,813] {dagbag.py:500} INFO - Filling up the DagBag from /home/airflow/.local/lib/python3.7/site-packages/airflow/example_dags/example_task_group.py
[2022-09-30 12:36:30,851] {processor.py:654} INFO - DAG(s) dict_keys(['example_task_group']) retrieved from /home/airflow/.local/lib/python3.7/site-packages/airflow/example_dags/example_task_group.py
[2022-09-30 12:36:30,870] {logging_mixin.py:109} INFO - [2022-09-30 12:36:30,869] {dag.py:2398} INFO - Sync 1 DAGs
[2022-09-30 12:36:30,888] {logging_mixin.py:109} INFO - [2022-09-30 12:36:30,888] {dag.py:2937} INFO - Setting next_dagrun for example_task_group to 2022-09-29T12:36:30.887737+00:00
[2022-09-30 12:36:30,898] {processor.py:171} INFO - Processing /home/airflow/.local/lib/python3.7/site-packages/airflow/example_dags/example_task_group.py took 0.092 seconds
[2022-09-30 12:37:01,602] {processor.py:163} INFO - Started process (PID=625) to work on /home/airflow/.local/lib/python3.7/site-packages/airflow/example_dags/example_task_group.py
[2022-09-30 12:37:01,605] {processor.py:642} INFO - Processing file /home/airflow/.local/lib/python3.7/site-packages/airflow/example_dags/example_task_group.py for tasks to queue
[2022-09-30 12:37:01,607] {logging_mixin.py:109} INFO - [2022-09-30 12:37:01,607] {dagbag.py:500} INFO - Filling up the DagBag from /home/airflow/.local/lib/python3.7/site-packages/airflow/example_dags/example_task_group.py
[2022-09-30 12:37:01,653] {processor.py:654} INFO - DAG(s) dict_keys(['example_task_group']) retrieved from /home/airflow/.local/lib/python3.7/site-packages/airflow/example_dags/example_task_group.py
[2022-09-30 12:37:01,666] {logging_mixin.py:109} INFO - [2022-09-30 12:37:01,666] {dag.py:2398} INFO - Sync 1 DAGs
[2022-09-30 12:37:01,686] {logging_mixin.py:109} INFO - [2022-09-30 12:37:01,686] {dag.py:2937} INFO - Setting next_dagrun for example_task_group to 2022-09-29T12:37:01.685600+00:00
[2022-09-30 12:37:01,703] {processor.py:171} INFO - Processing /home/airflow/.local/lib/python3.7/site-packages/airflow/example_dags/example_task_group.py took 0.107 seconds
[2022-09-30 12:37:32,437] {processor.py:163} INFO - Started process (PID=685) to work on /home/airflow/.local/lib/python3.7/site-packages/airflow/example_dags/example_task_group.py
[2022-09-30 12:37:32,440] {processor.py:642} INFO - Processing file /home/airflow/.local/lib/python3.7/site-packages/airflow/example_dags/example_task_group.py for tasks to queue
[2022-09-30 12:37:32,441] {logging_mixin.py:109} INFO - [2022-09-30 12:37:32,441] {dagbag.py:500} INFO - Filling up the DagBag from /home/airflow/.local/lib/python3.7/site-packages/airflow/example_dags/example_task_group.py
[2022-09-30 12:37:32,476] {processor.py:654} INFO - DAG(s) dict_keys(['example_task_group']) retrieved from /home/airflow/.local/lib/python3.7/site-packages/airflow/example_dags/example_task_group.py
[2022-09-30 12:37:32,487] {logging_mixin.py:109} INFO - [2022-09-30 12:37:32,487] {dag.py:2398} INFO - Sync 1 DAGs
[2022-09-30 12:37:32,502] {logging_mixin.py:109} INFO - [2022-09-30 12:37:32,502] {dag.py:2937} INFO - Setting next_dagrun for example_task_group to 2022-09-29T12:37:32.502440+00:00
[2022-09-30 12:37:32,513] {processor.py:171} INFO - Processing /home/airflow/.local/lib/python3.7/site-packages/airflow/example_dags/example_task_group.py took 0.081 seconds
[2022-09-30 12:38:02,832] {processor.py:163} INFO - Started process (PID=736) to work on /home/airflow/.local/lib/python3.7/site-packages/airflow/example_dags/example_task_group.py
[2022-09-30 12:38:02,835] {processor.py:642} INFO - Processing file /home/airflow/.local/lib/python3.7/site-packages/airflow/example_dags/example_task_group.py for tasks to queue
[2022-09-30 12:38:02,836] {logging_mixin.py:109} INFO - [2022-09-30 12:38:02,836] {dagbag.py:500} INFO - Filling up the DagBag from /home/airflow/.local/lib/python3.7/site-packages/airflow/example_dags/example_task_group.py
[2022-09-30 12:38:02,875] {processor.py:654} INFO - DAG(s) dict_keys(['example_task_group']) retrieved from /home/airflow/.local/lib/python3.7/site-packages/airflow/example_dags/example_task_group.py
[2022-09-30 12:38:02,890] {logging_mixin.py:109} INFO - [2022-09-30 12:38:02,890] {dag.py:2398} INFO - Sync 1 DAGs
[2022-09-30 12:38:02,914] {logging_mixin.py:109} INFO - [2022-09-30 12:38:02,914] {dag.py:2937} INFO - Setting next_dagrun for example_task_group to 2022-09-29T12:38:02.913692+00:00
[2022-09-30 12:38:02,929] {processor.py:171} INFO - Processing /home/airflow/.local/lib/python3.7/site-packages/airflow/example_dags/example_task_group.py took 0.101 seconds
[2022-09-30 12:38:33,513] {processor.py:163} INFO - Started process (PID=796) to work on /home/airflow/.local/lib/python3.7/site-packages/airflow/example_dags/example_task_group.py
[2022-09-30 12:38:33,516] {processor.py:642} INFO - Processing file /home/airflow/.local/lib/python3.7/site-packages/airflow/example_dags/example_task_group.py for tasks to queue
[2022-09-30 12:38:33,517] {logging_mixin.py:109} INFO - [2022-09-30 12:38:33,517] {dagbag.py:500} INFO - Filling up the DagBag from /home/airflow/.local/lib/python3.7/site-packages/airflow/example_dags/example_task_group.py
[2022-09-30 12:38:33,551] {processor.py:654} INFO - DAG(s) dict_keys(['example_task_group']) retrieved from /home/airflow/.local/lib/python3.7/site-packages/airflow/example_dags/example_task_group.py
[2022-09-30 12:38:33,562] {logging_mixin.py:109} INFO - [2022-09-30 12:38:33,562] {dag.py:2398} INFO - Sync 1 DAGs
[2022-09-30 12:38:33,584] {logging_mixin.py:109} INFO - [2022-09-30 12:38:33,584] {dag.py:2937} INFO - Setting next_dagrun for example_task_group to 2022-09-29T12:38:33.583915+00:00
[2022-09-30 12:38:33,599] {processor.py:171} INFO - Processing /home/airflow/.local/lib/python3.7/site-packages/airflow/example_dags/example_task_group.py took 0.090 seconds
[2022-09-30 12:39:04,151] {processor.py:163} INFO - Started process (PID=847) to work on /home/airflow/.local/lib/python3.7/site-packages/airflow/example_dags/example_task_group.py
[2022-09-30 12:39:04,154] {processor.py:642} INFO - Processing file /home/airflow/.local/lib/python3.7/site-packages/airflow/example_dags/example_task_group.py for tasks to queue
[2022-09-30 12:39:04,156] {logging_mixin.py:109} INFO - [2022-09-30 12:39:04,156] {dagbag.py:500} INFO - Filling up the DagBag from /home/airflow/.local/lib/python3.7/site-packages/airflow/example_dags/example_task_group.py
[2022-09-30 12:39:04,201] {processor.py:654} INFO - DAG(s) dict_keys(['example_task_group']) retrieved from /home/airflow/.local/lib/python3.7/site-packages/airflow/example_dags/example_task_group.py
[2022-09-30 12:39:04,214] {logging_mixin.py:109} INFO - [2022-09-30 12:39:04,214] {dag.py:2398} INFO - Sync 1 DAGs
[2022-09-30 12:39:04,243] {logging_mixin.py:109} INFO - [2022-09-30 12:39:04,243] {dag.py:2937} INFO - Setting next_dagrun for example_task_group to 2022-09-29T12:39:04.242683+00:00
[2022-09-30 12:39:04,262] {processor.py:171} INFO - Processing /home/airflow/.local/lib/python3.7/site-packages/airflow/example_dags/example_task_group.py took 0.115 seconds
[2022-09-30 12:39:34,337] {processor.py:163} INFO - Started process (PID=898) to work on /home/airflow/.local/lib/python3.7/site-packages/airflow/example_dags/example_task_group.py
[2022-09-30 12:39:34,340] {processor.py:642} INFO - Processing file /home/airflow/.local/lib/python3.7/site-packages/airflow/example_dags/example_task_group.py for tasks to queue
[2022-09-30 12:39:34,341] {logging_mixin.py:109} INFO - [2022-09-30 12:39:34,341] {dagbag.py:500} INFO - Filling up the DagBag from /home/airflow/.local/lib/python3.7/site-packages/airflow/example_dags/example_task_group.py
[2022-09-30 12:39:34,386] {processor.py:654} INFO - DAG(s) dict_keys(['example_task_group']) retrieved from /home/airflow/.local/lib/python3.7/site-packages/airflow/example_dags/example_task_group.py
[2022-09-30 12:39:34,397] {logging_mixin.py:109} INFO - [2022-09-30 12:39:34,396] {dag.py:2398} INFO - Sync 1 DAGs
[2022-09-30 12:39:34,413] {logging_mixin.py:109} INFO - [2022-09-30 12:39:34,413] {dag.py:2937} INFO - Setting next_dagrun for example_task_group to 2022-09-29T12:39:34.413548+00:00
[2022-09-30 12:39:34,425] {processor.py:171} INFO - Processing /home/airflow/.local/lib/python3.7/site-packages/airflow/example_dags/example_task_group.py took 0.091 seconds
[2022-09-30 12:40:04,566] {processor.py:163} INFO - Started process (PID=958) to work on /home/airflow/.local/lib/python3.7/site-packages/airflow/example_dags/example_task_group.py
[2022-09-30 12:40:04,569] {processor.py:642} INFO - Processing file /home/airflow/.local/lib/python3.7/site-packages/airflow/example_dags/example_task_group.py for tasks to queue
[2022-09-30 12:40:04,571] {logging_mixin.py:109} INFO - [2022-09-30 12:40:04,571] {dagbag.py:500} INFO - Filling up the DagBag from /home/airflow/.local/lib/python3.7/site-packages/airflow/example_dags/example_task_group.py
[2022-09-30 12:40:04,615] {processor.py:654} INFO - DAG(s) dict_keys(['example_task_group']) retrieved from /home/airflow/.local/lib/python3.7/site-packages/airflow/example_dags/example_task_group.py
[2022-09-30 12:40:04,627] {logging_mixin.py:109} INFO - [2022-09-30 12:40:04,627] {dag.py:2398} INFO - Sync 1 DAGs
[2022-09-30 12:40:04,650] {logging_mixin.py:109} INFO - [2022-09-30 12:40:04,650] {dag.py:2937} INFO - Setting next_dagrun for example_task_group to 2022-09-29T12:40:04.649770+00:00
[2022-09-30 12:40:04,660] {processor.py:171} INFO - Processing /home/airflow/.local/lib/python3.7/site-packages/airflow/example_dags/example_task_group.py took 0.100 seconds
[2022-09-30 12:40:34,734] {processor.py:163} INFO - Started process (PID=1009) to work on /home/airflow/.local/lib/python3.7/site-packages/airflow/example_dags/example_task_group.py
[2022-09-30 12:40:34,737] {processor.py:642} INFO - Processing file /home/airflow/.local/lib/python3.7/site-packages/airflow/example_dags/example_task_group.py for tasks to queue
[2022-09-30 12:40:34,739] {logging_mixin.py:109} INFO - [2022-09-30 12:40:34,739] {dagbag.py:500} INFO - Filling up the DagBag from /home/airflow/.local/lib/python3.7/site-packages/airflow/example_dags/example_task_group.py
[2022-09-30 12:40:34,778] {processor.py:654} INFO - DAG(s) dict_keys(['example_task_group']) retrieved from /home/airflow/.local/lib/python3.7/site-packages/airflow/example_dags/example_task_group.py
[2022-09-30 12:40:34,801] {logging_mixin.py:109} INFO - [2022-09-30 12:40:34,801] {dag.py:2398} INFO - Sync 1 DAGs
[2022-09-30 12:40:34,824] {logging_mixin.py:109} INFO - [2022-09-30 12:40:34,824] {dag.py:2937} INFO - Setting next_dagrun for example_task_group to 2022-09-29T12:40:34.824285+00:00
[2022-09-30 12:40:34,839] {processor.py:171} INFO - Processing /home/airflow/.local/lib/python3.7/site-packages/airflow/example_dags/example_task_group.py took 0.110 seconds
[2022-09-30 12:41:05,134] {processor.py:163} INFO - Started process (PID=1067) to work on /home/airflow/.local/lib/python3.7/site-packages/airflow/example_dags/example_task_group.py
[2022-09-30 12:41:05,139] {processor.py:642} INFO - Processing file /home/airflow/.local/lib/python3.7/site-packages/airflow/example_dags/example_task_group.py for tasks to queue
[2022-09-30 12:41:05,150] {logging_mixin.py:109} INFO - [2022-09-30 12:41:05,150] {dagbag.py:500} INFO - Filling up the DagBag from /home/airflow/.local/lib/python3.7/site-packages/airflow/example_dags/example_task_group.py
[2022-09-30 12:41:05,249] {processor.py:654} INFO - DAG(s) dict_keys(['example_task_group']) retrieved from /home/airflow/.local/lib/python3.7/site-packages/airflow/example_dags/example_task_group.py
[2022-09-30 12:41:05,290] {logging_mixin.py:109} INFO - [2022-09-30 12:41:05,289] {dag.py:2398} INFO - Sync 1 DAGs
[2022-09-30 12:41:05,349] {logging_mixin.py:109} INFO - [2022-09-30 12:41:05,349] {dag.py:2937} INFO - Setting next_dagrun for example_task_group to 2022-09-29T12:41:05.349258+00:00
[2022-09-30 12:41:05,369] {processor.py:171} INFO - Processing /home/airflow/.local/lib/python3.7/site-packages/airflow/example_dags/example_task_group.py took 0.240 seconds
[2022-09-30 12:41:35,775] {processor.py:163} INFO - Started process (PID=1121) to work on /home/airflow/.local/lib/python3.7/site-packages/airflow/example_dags/example_task_group.py
[2022-09-30 12:41:35,777] {processor.py:642} INFO - Processing file /home/airflow/.local/lib/python3.7/site-packages/airflow/example_dags/example_task_group.py for tasks to queue
[2022-09-30 12:41:35,779] {logging_mixin.py:109} INFO - [2022-09-30 12:41:35,779] {dagbag.py:500} INFO - Filling up the DagBag from /home/airflow/.local/lib/python3.7/site-packages/airflow/example_dags/example_task_group.py
[2022-09-30 12:41:35,827] {processor.py:654} INFO - DAG(s) dict_keys(['example_task_group']) retrieved from /home/airflow/.local/lib/python3.7/site-packages/airflow/example_dags/example_task_group.py
[2022-09-30 12:41:35,840] {logging_mixin.py:109} INFO - [2022-09-30 12:41:35,840] {dag.py:2398} INFO - Sync 1 DAGs
[2022-09-30 12:41:35,859] {logging_mixin.py:109} INFO - [2022-09-30 12:41:35,859] {dag.py:2937} INFO - Setting next_dagrun for example_task_group to 2022-09-29T12:41:35.859481+00:00
[2022-09-30 12:41:35,872] {processor.py:171} INFO - Processing /home/airflow/.local/lib/python3.7/site-packages/airflow/example_dags/example_task_group.py took 0.101 seconds
[2022-09-30 12:42:06,163] {processor.py:163} INFO - Started process (PID=1173) to work on /home/airflow/.local/lib/python3.7/site-packages/airflow/example_dags/example_task_group.py
[2022-09-30 12:42:06,166] {processor.py:642} INFO - Processing file /home/airflow/.local/lib/python3.7/site-packages/airflow/example_dags/example_task_group.py for tasks to queue
[2022-09-30 12:42:06,168] {logging_mixin.py:109} INFO - [2022-09-30 12:42:06,168] {dagbag.py:500} INFO - Filling up the DagBag from /home/airflow/.local/lib/python3.7/site-packages/airflow/example_dags/example_task_group.py
[2022-09-30 12:42:06,203] {processor.py:654} INFO - DAG(s) dict_keys(['example_task_group']) retrieved from /home/airflow/.local/lib/python3.7/site-packages/airflow/example_dags/example_task_group.py
[2022-09-30 12:42:06,214] {logging_mixin.py:109} INFO - [2022-09-30 12:42:06,214] {dag.py:2398} INFO - Sync 1 DAGs
[2022-09-30 12:42:06,230] {logging_mixin.py:109} INFO - [2022-09-30 12:42:06,230] {dag.py:2937} INFO - Setting next_dagrun for example_task_group to 2022-09-29T12:42:06.230366+00:00
[2022-09-30 12:42:06,240] {processor.py:171} INFO - Processing /home/airflow/.local/lib/python3.7/site-packages/airflow/example_dags/example_task_group.py took 0.083 seconds
[2022-09-30 12:42:36,380] {processor.py:163} INFO - Started process (PID=1234) to work on /home/airflow/.local/lib/python3.7/site-packages/airflow/example_dags/example_task_group.py
[2022-09-30 12:42:36,382] {processor.py:642} INFO - Processing file /home/airflow/.local/lib/python3.7/site-packages/airflow/example_dags/example_task_group.py for tasks to queue
[2022-09-30 12:42:36,384] {logging_mixin.py:109} INFO - [2022-09-30 12:42:36,383] {dagbag.py:500} INFO - Filling up the DagBag from /home/airflow/.local/lib/python3.7/site-packages/airflow/example_dags/example_task_group.py
[2022-09-30 12:42:36,424] {processor.py:654} INFO - DAG(s) dict_keys(['example_task_group']) retrieved from /home/airflow/.local/lib/python3.7/site-packages/airflow/example_dags/example_task_group.py
[2022-09-30 12:42:36,435] {logging_mixin.py:109} INFO - [2022-09-30 12:42:36,435] {dag.py:2398} INFO - Sync 1 DAGs
[2022-09-30 12:42:36,451] {logging_mixin.py:109} INFO - [2022-09-30 12:42:36,451] {dag.py:2937} INFO - Setting next_dagrun for example_task_group to 2022-09-29T12:42:36.450985+00:00
[2022-09-30 12:42:36,464] {processor.py:171} INFO - Processing /home/airflow/.local/lib/python3.7/site-packages/airflow/example_dags/example_task_group.py took 0.088 seconds
[2022-09-30 12:43:06,578] {processor.py:163} INFO - Started process (PID=1285) to work on /home/airflow/.local/lib/python3.7/site-packages/airflow/example_dags/example_task_group.py
[2022-09-30 12:43:06,580] {processor.py:642} INFO - Processing file /home/airflow/.local/lib/python3.7/site-packages/airflow/example_dags/example_task_group.py for tasks to queue
[2022-09-30 12:43:06,581] {logging_mixin.py:109} INFO - [2022-09-30 12:43:06,581] {dagbag.py:500} INFO - Filling up the DagBag from /home/airflow/.local/lib/python3.7/site-packages/airflow/example_dags/example_task_group.py
[2022-09-30 12:43:06,617] {processor.py:654} INFO - DAG(s) dict_keys(['example_task_group']) retrieved from /home/airflow/.local/lib/python3.7/site-packages/airflow/example_dags/example_task_group.py
[2022-09-30 12:43:06,628] {logging_mixin.py:109} INFO - [2022-09-30 12:43:06,628] {dag.py:2398} INFO - Sync 1 DAGs
[2022-09-30 12:43:06,643] {logging_mixin.py:109} INFO - [2022-09-30 12:43:06,643] {dag.py:2937} INFO - Setting next_dagrun for example_task_group to 2022-09-29T12:43:06.643307+00:00
[2022-09-30 12:43:06,653] {processor.py:171} INFO - Processing /home/airflow/.local/lib/python3.7/site-packages/airflow/example_dags/example_task_group.py took 0.082 seconds
[2022-09-30 12:43:36,784] {processor.py:163} INFO - Started process (PID=1346) to work on /home/airflow/.local/lib/python3.7/site-packages/airflow/example_dags/example_task_group.py
[2022-09-30 12:43:36,786] {processor.py:642} INFO - Processing file /home/airflow/.local/lib/python3.7/site-packages/airflow/example_dags/example_task_group.py for tasks to queue
[2022-09-30 12:43:36,787] {logging_mixin.py:109} INFO - [2022-09-30 12:43:36,787] {dagbag.py:500} INFO - Filling up the DagBag from /home/airflow/.local/lib/python3.7/site-packages/airflow/example_dags/example_task_group.py
[2022-09-30 12:43:36,825] {processor.py:654} INFO - DAG(s) dict_keys(['example_task_group']) retrieved from /home/airflow/.local/lib/python3.7/site-packages/airflow/example_dags/example_task_group.py
[2022-09-30 12:43:36,837] {logging_mixin.py:109} INFO - [2022-09-30 12:43:36,837] {dag.py:2398} INFO - Sync 1 DAGs
[2022-09-30 12:43:36,852] {logging_mixin.py:109} INFO - [2022-09-30 12:43:36,852] {dag.py:2937} INFO - Setting next_dagrun for example_task_group to 2022-09-29T12:43:36.851920+00:00
[2022-09-30 12:43:36,863] {processor.py:171} INFO - Processing /home/airflow/.local/lib/python3.7/site-packages/airflow/example_dags/example_task_group.py took 0.083 seconds
[2022-09-30 12:44:06,971] {processor.py:163} INFO - Started process (PID=1396) to work on /home/airflow/.local/lib/python3.7/site-packages/airflow/example_dags/example_task_group.py
[2022-09-30 12:44:06,973] {processor.py:642} INFO - Processing file /home/airflow/.local/lib/python3.7/site-packages/airflow/example_dags/example_task_group.py for tasks to queue
[2022-09-30 12:44:06,975] {logging_mixin.py:109} INFO - [2022-09-30 12:44:06,975] {dagbag.py:500} INFO - Filling up the DagBag from /home/airflow/.local/lib/python3.7/site-packages/airflow/example_dags/example_task_group.py
[2022-09-30 12:44:07,018] {processor.py:654} INFO - DAG(s) dict_keys(['example_task_group']) retrieved from /home/airflow/.local/lib/python3.7/site-packages/airflow/example_dags/example_task_group.py
[2022-09-30 12:44:07,031] {logging_mixin.py:109} INFO - [2022-09-30 12:44:07,031] {dag.py:2398} INFO - Sync 1 DAGs
[2022-09-30 12:44:07,046] {logging_mixin.py:109} INFO - [2022-09-30 12:44:07,046] {dag.py:2937} INFO - Setting next_dagrun for example_task_group to 2022-09-29T12:44:07.046456+00:00
[2022-09-30 12:44:07,058] {processor.py:171} INFO - Processing /home/airflow/.local/lib/python3.7/site-packages/airflow/example_dags/example_task_group.py took 0.090 seconds
[2022-09-30 12:44:37,262] {processor.py:163} INFO - Started process (PID=1455) to work on /home/airflow/.local/lib/python3.7/site-packages/airflow/example_dags/example_task_group.py
[2022-09-30 12:44:37,266] {processor.py:642} INFO - Processing file /home/airflow/.local/lib/python3.7/site-packages/airflow/example_dags/example_task_group.py for tasks to queue
[2022-09-30 12:44:37,269] {logging_mixin.py:109} INFO - [2022-09-30 12:44:37,269] {dagbag.py:500} INFO - Filling up the DagBag from /home/airflow/.local/lib/python3.7/site-packages/airflow/example_dags/example_task_group.py
[2022-09-30 12:44:37,308] {processor.py:654} INFO - DAG(s) dict_keys(['example_task_group']) retrieved from /home/airflow/.local/lib/python3.7/site-packages/airflow/example_dags/example_task_group.py
[2022-09-30 12:44:37,320] {logging_mixin.py:109} INFO - [2022-09-30 12:44:37,320] {dag.py:2398} INFO - Sync 1 DAGs
[2022-09-30 12:44:37,336] {logging_mixin.py:109} INFO - [2022-09-30 12:44:37,336] {dag.py:2937} INFO - Setting next_dagrun for example_task_group to 2022-09-29T12:44:37.336102+00:00
[2022-09-30 12:44:37,352] {processor.py:171} INFO - Processing /home/airflow/.local/lib/python3.7/site-packages/airflow/example_dags/example_task_group.py took 0.093 seconds
[2022-09-30 12:45:07,800] {processor.py:163} INFO - Started process (PID=1509) to work on /home/airflow/.local/lib/python3.7/site-packages/airflow/example_dags/example_task_group.py
[2022-09-30 12:45:07,802] {processor.py:642} INFO - Processing file /home/airflow/.local/lib/python3.7/site-packages/airflow/example_dags/example_task_group.py for tasks to queue
[2022-09-30 12:45:07,803] {logging_mixin.py:109} INFO - [2022-09-30 12:45:07,803] {dagbag.py:500} INFO - Filling up the DagBag from /home/airflow/.local/lib/python3.7/site-packages/airflow/example_dags/example_task_group.py
[2022-09-30 12:45:07,836] {processor.py:654} INFO - DAG(s) dict_keys(['example_task_group']) retrieved from /home/airflow/.local/lib/python3.7/site-packages/airflow/example_dags/example_task_group.py
[2022-09-30 12:45:07,848] {logging_mixin.py:109} INFO - [2022-09-30 12:45:07,848] {dag.py:2398} INFO - Sync 1 DAGs
[2022-09-30 12:45:07,865] {logging_mixin.py:109} INFO - [2022-09-30 12:45:07,865] {dag.py:2937} INFO - Setting next_dagrun for example_task_group to 2022-09-29T12:45:07.865302+00:00
[2022-09-30 12:45:07,875] {processor.py:171} INFO - Processing /home/airflow/.local/lib/python3.7/site-packages/airflow/example_dags/example_task_group.py took 0.079 seconds
[2022-09-30 12:45:37,976] {processor.py:163} INFO - Started process (PID=1559) to work on /home/airflow/.local/lib/python3.7/site-packages/airflow/example_dags/example_task_group.py
[2022-09-30 12:45:37,977] {processor.py:642} INFO - Processing file /home/airflow/.local/lib/python3.7/site-packages/airflow/example_dags/example_task_group.py for tasks to queue
[2022-09-30 12:45:37,979] {logging_mixin.py:109} INFO - [2022-09-30 12:45:37,979] {dagbag.py:500} INFO - Filling up the DagBag from /home/airflow/.local/lib/python3.7/site-packages/airflow/example_dags/example_task_group.py
[2022-09-30 12:45:38,019] {processor.py:654} INFO - DAG(s) dict_keys(['example_task_group']) retrieved from /home/airflow/.local/lib/python3.7/site-packages/airflow/example_dags/example_task_group.py
[2022-09-30 12:45:38,034] {logging_mixin.py:109} INFO - [2022-09-30 12:45:38,033] {dag.py:2398} INFO - Sync 1 DAGs
[2022-09-30 12:45:38,053] {logging_mixin.py:109} INFO - [2022-09-30 12:45:38,053] {dag.py:2937} INFO - Setting next_dagrun for example_task_group to 2022-09-29T12:45:38.053048+00:00
[2022-09-30 12:45:38,067] {processor.py:171} INFO - Processing /home/airflow/.local/lib/python3.7/site-packages/airflow/example_dags/example_task_group.py took 0.096 seconds
[2022-09-30 12:46:08,526] {processor.py:163} INFO - Started process (PID=1621) to work on /home/airflow/.local/lib/python3.7/site-packages/airflow/example_dags/example_task_group.py
[2022-09-30 12:46:08,529] {processor.py:642} INFO - Processing file /home/airflow/.local/lib/python3.7/site-packages/airflow/example_dags/example_task_group.py for tasks to queue
[2022-09-30 12:46:08,530] {logging_mixin.py:109} INFO - [2022-09-30 12:46:08,530] {dagbag.py:500} INFO - Filling up the DagBag from /home/airflow/.local/lib/python3.7/site-packages/airflow/example_dags/example_task_group.py
[2022-09-30 12:46:08,572] {processor.py:654} INFO - DAG(s) dict_keys(['example_task_group']) retrieved from /home/airflow/.local/lib/python3.7/site-packages/airflow/example_dags/example_task_group.py
[2022-09-30 12:46:08,590] {logging_mixin.py:109} INFO - [2022-09-30 12:46:08,590] {dag.py:2398} INFO - Sync 1 DAGs
[2022-09-30 12:46:08,609] {logging_mixin.py:109} INFO - [2022-09-30 12:46:08,609] {dag.py:2937} INFO - Setting next_dagrun for example_task_group to 2022-09-29T12:46:08.608713+00:00
[2022-09-30 12:46:08,620] {processor.py:171} INFO - Processing /home/airflow/.local/lib/python3.7/site-packages/airflow/example_dags/example_task_group.py took 0.098 seconds
[2022-09-30 12:46:38,952] {processor.py:163} INFO - Started process (PID=1671) to work on /home/airflow/.local/lib/python3.7/site-packages/airflow/example_dags/example_task_group.py
[2022-09-30 12:46:38,954] {processor.py:642} INFO - Processing file /home/airflow/.local/lib/python3.7/site-packages/airflow/example_dags/example_task_group.py for tasks to queue
[2022-09-30 12:46:38,956] {logging_mixin.py:109} INFO - [2022-09-30 12:46:38,955] {dagbag.py:500} INFO - Filling up the DagBag from /home/airflow/.local/lib/python3.7/site-packages/airflow/example_dags/example_task_group.py
[2022-09-30 12:46:38,992] {processor.py:654} INFO - DAG(s) dict_keys(['example_task_group']) retrieved from /home/airflow/.local/lib/python3.7/site-packages/airflow/example_dags/example_task_group.py
[2022-09-30 12:46:39,007] {logging_mixin.py:109} INFO - [2022-09-30 12:46:39,007] {dag.py:2398} INFO - Sync 1 DAGs
[2022-09-30 12:46:39,026] {logging_mixin.py:109} INFO - [2022-09-30 12:46:39,026] {dag.py:2937} INFO - Setting next_dagrun for example_task_group to 2022-09-29T12:46:39.026260+00:00
[2022-09-30 12:46:39,038] {processor.py:171} INFO - Processing /home/airflow/.local/lib/python3.7/site-packages/airflow/example_dags/example_task_group.py took 0.090 seconds
[2022-09-30 12:47:09,649] {processor.py:163} INFO - Started process (PID=1733) to work on /home/airflow/.local/lib/python3.7/site-packages/airflow/example_dags/example_task_group.py
[2022-09-30 12:47:09,652] {processor.py:642} INFO - Processing file /home/airflow/.local/lib/python3.7/site-packages/airflow/example_dags/example_task_group.py for tasks to queue
[2022-09-30 12:47:09,653] {logging_mixin.py:109} INFO - [2022-09-30 12:47:09,653] {dagbag.py:500} INFO - Filling up the DagBag from /home/airflow/.local/lib/python3.7/site-packages/airflow/example_dags/example_task_group.py
[2022-09-30 12:47:09,690] {processor.py:654} INFO - DAG(s) dict_keys(['example_task_group']) retrieved from /home/airflow/.local/lib/python3.7/site-packages/airflow/example_dags/example_task_group.py
[2022-09-30 12:47:09,704] {logging_mixin.py:109} INFO - [2022-09-30 12:47:09,704] {dag.py:2398} INFO - Sync 1 DAGs
[2022-09-30 12:47:09,725] {logging_mixin.py:109} INFO - [2022-09-30 12:47:09,725] {dag.py:2937} INFO - Setting next_dagrun for example_task_group to 2022-09-29T12:47:09.725100+00:00
[2022-09-30 12:47:09,739] {processor.py:171} INFO - Processing /home/airflow/.local/lib/python3.7/site-packages/airflow/example_dags/example_task_group.py took 0.096 seconds
[2022-09-30 12:47:40,273] {processor.py:163} INFO - Started process (PID=1784) to work on /home/airflow/.local/lib/python3.7/site-packages/airflow/example_dags/example_task_group.py
[2022-09-30 12:47:40,275] {processor.py:642} INFO - Processing file /home/airflow/.local/lib/python3.7/site-packages/airflow/example_dags/example_task_group.py for tasks to queue
[2022-09-30 12:47:40,277] {logging_mixin.py:109} INFO - [2022-09-30 12:47:40,277] {dagbag.py:500} INFO - Filling up the DagBag from /home/airflow/.local/lib/python3.7/site-packages/airflow/example_dags/example_task_group.py
[2022-09-30 12:47:40,319] {processor.py:654} INFO - DAG(s) dict_keys(['example_task_group']) retrieved from /home/airflow/.local/lib/python3.7/site-packages/airflow/example_dags/example_task_group.py
[2022-09-30 12:47:40,333] {logging_mixin.py:109} INFO - [2022-09-30 12:47:40,333] {dag.py:2398} INFO - Sync 1 DAGs
[2022-09-30 12:47:40,352] {logging_mixin.py:109} INFO - [2022-09-30 12:47:40,352] {dag.py:2937} INFO - Setting next_dagrun for example_task_group to 2022-09-29T12:47:40.352306+00:00
[2022-09-30 12:47:40,367] {processor.py:171} INFO - Processing /home/airflow/.local/lib/python3.7/site-packages/airflow/example_dags/example_task_group.py took 0.101 seconds
[2022-09-30 12:48:10,582] {processor.py:163} INFO - Started process (PID=1844) to work on /home/airflow/.local/lib/python3.7/site-packages/airflow/example_dags/example_task_group.py
[2022-09-30 12:48:10,598] {processor.py:642} INFO - Processing file /home/airflow/.local/lib/python3.7/site-packages/airflow/example_dags/example_task_group.py for tasks to queue
[2022-09-30 12:48:10,616] {logging_mixin.py:109} INFO - [2022-09-30 12:48:10,616] {dagbag.py:500} INFO - Filling up the DagBag from /home/airflow/.local/lib/python3.7/site-packages/airflow/example_dags/example_task_group.py
[2022-09-30 12:48:10,678] {processor.py:654} INFO - DAG(s) dict_keys(['example_task_group']) retrieved from /home/airflow/.local/lib/python3.7/site-packages/airflow/example_dags/example_task_group.py
[2022-09-30 12:48:10,695] {logging_mixin.py:109} INFO - [2022-09-30 12:48:10,694] {dag.py:2398} INFO - Sync 1 DAGs
[2022-09-30 12:48:10,715] {logging_mixin.py:109} INFO - [2022-09-30 12:48:10,715] {dag.py:2937} INFO - Setting next_dagrun for example_task_group to 2022-09-29T12:48:10.714855+00:00
[2022-09-30 12:48:10,728] {processor.py:171} INFO - Processing /home/airflow/.local/lib/python3.7/site-packages/airflow/example_dags/example_task_group.py took 0.152 seconds
[2022-09-30 12:48:41,132] {processor.py:163} INFO - Started process (PID=1897) to work on /home/airflow/.local/lib/python3.7/site-packages/airflow/example_dags/example_task_group.py
[2022-09-30 12:48:41,134] {processor.py:642} INFO - Processing file /home/airflow/.local/lib/python3.7/site-packages/airflow/example_dags/example_task_group.py for tasks to queue
[2022-09-30 12:48:41,136] {logging_mixin.py:109} INFO - [2022-09-30 12:48:41,135] {dagbag.py:500} INFO - Filling up the DagBag from /home/airflow/.local/lib/python3.7/site-packages/airflow/example_dags/example_task_group.py
[2022-09-30 12:48:41,171] {processor.py:654} INFO - DAG(s) dict_keys(['example_task_group']) retrieved from /home/airflow/.local/lib/python3.7/site-packages/airflow/example_dags/example_task_group.py
[2022-09-30 12:48:41,185] {logging_mixin.py:109} INFO - [2022-09-30 12:48:41,185] {dag.py:2398} INFO - Sync 1 DAGs
[2022-09-30 12:48:41,205] {logging_mixin.py:109} INFO - [2022-09-30 12:48:41,205] {dag.py:2937} INFO - Setting next_dagrun for example_task_group to 2022-09-29T12:48:41.205529+00:00
[2022-09-30 12:48:41,217] {processor.py:171} INFO - Processing /home/airflow/.local/lib/python3.7/site-packages/airflow/example_dags/example_task_group.py took 0.090 seconds
[2022-09-30 12:49:11,539] {processor.py:163} INFO - Started process (PID=1948) to work on /home/airflow/.local/lib/python3.7/site-packages/airflow/example_dags/example_task_group.py
[2022-09-30 12:49:11,541] {processor.py:642} INFO - Processing file /home/airflow/.local/lib/python3.7/site-packages/airflow/example_dags/example_task_group.py for tasks to queue
[2022-09-30 12:49:11,543] {logging_mixin.py:109} INFO - [2022-09-30 12:49:11,543] {dagbag.py:500} INFO - Filling up the DagBag from /home/airflow/.local/lib/python3.7/site-packages/airflow/example_dags/example_task_group.py
[2022-09-30 12:49:11,579] {processor.py:654} INFO - DAG(s) dict_keys(['example_task_group']) retrieved from /home/airflow/.local/lib/python3.7/site-packages/airflow/example_dags/example_task_group.py
[2022-09-30 12:49:11,590] {logging_mixin.py:109} INFO - [2022-09-30 12:49:11,590] {dag.py:2398} INFO - Sync 1 DAGs
[2022-09-30 12:49:11,612] {logging_mixin.py:109} INFO - [2022-09-30 12:49:11,612] {dag.py:2937} INFO - Setting next_dagrun for example_task_group to 2022-09-29T12:49:11.612461+00:00
[2022-09-30 12:49:11,626] {processor.py:171} INFO - Processing /home/airflow/.local/lib/python3.7/site-packages/airflow/example_dags/example_task_group.py took 0.091 seconds
[2022-09-30 12:49:41,924] {processor.py:163} INFO - Started process (PID=2009) to work on /home/airflow/.local/lib/python3.7/site-packages/airflow/example_dags/example_task_group.py
[2022-09-30 12:49:41,926] {processor.py:642} INFO - Processing file /home/airflow/.local/lib/python3.7/site-packages/airflow/example_dags/example_task_group.py for tasks to queue
[2022-09-30 12:49:41,928] {logging_mixin.py:109} INFO - [2022-09-30 12:49:41,928] {dagbag.py:500} INFO - Filling up the DagBag from /home/airflow/.local/lib/python3.7/site-packages/airflow/example_dags/example_task_group.py
[2022-09-30 12:49:41,969] {processor.py:654} INFO - DAG(s) dict_keys(['example_task_group']) retrieved from /home/airflow/.local/lib/python3.7/site-packages/airflow/example_dags/example_task_group.py
[2022-09-30 12:49:41,987] {logging_mixin.py:109} INFO - [2022-09-30 12:49:41,987] {dag.py:2398} INFO - Sync 1 DAGs
[2022-09-30 12:49:42,003] {logging_mixin.py:109} INFO - [2022-09-30 12:49:42,003] {dag.py:2937} INFO - Setting next_dagrun for example_task_group to 2022-09-29T12:49:42.002994+00:00
[2022-09-30 12:49:42,014] {processor.py:171} INFO - Processing /home/airflow/.local/lib/python3.7/site-packages/airflow/example_dags/example_task_group.py took 0.094 seconds
[2022-09-30 12:50:12,429] {processor.py:163} INFO - Started process (PID=2060) to work on /home/airflow/.local/lib/python3.7/site-packages/airflow/example_dags/example_task_group.py
[2022-09-30 12:50:12,431] {processor.py:642} INFO - Processing file /home/airflow/.local/lib/python3.7/site-packages/airflow/example_dags/example_task_group.py for tasks to queue
[2022-09-30 12:50:12,432] {logging_mixin.py:109} INFO - [2022-09-30 12:50:12,432] {dagbag.py:500} INFO - Filling up the DagBag from /home/airflow/.local/lib/python3.7/site-packages/airflow/example_dags/example_task_group.py
[2022-09-30 12:50:12,468] {processor.py:654} INFO - DAG(s) dict_keys(['example_task_group']) retrieved from /home/airflow/.local/lib/python3.7/site-packages/airflow/example_dags/example_task_group.py
[2022-09-30 12:50:12,480] {logging_mixin.py:109} INFO - [2022-09-30 12:50:12,480] {dag.py:2398} INFO - Sync 1 DAGs
[2022-09-30 12:50:12,497] {logging_mixin.py:109} INFO - [2022-09-30 12:50:12,497] {dag.py:2937} INFO - Setting next_dagrun for example_task_group to 2022-09-29T12:50:12.497520+00:00
[2022-09-30 12:50:12,510] {processor.py:171} INFO - Processing /home/airflow/.local/lib/python3.7/site-packages/airflow/example_dags/example_task_group.py took 0.092 seconds
[2022-09-30 12:50:42,652] {processor.py:163} INFO - Started process (PID=2119) to work on /home/airflow/.local/lib/python3.7/site-packages/airflow/example_dags/example_task_group.py
[2022-09-30 12:50:42,654] {processor.py:642} INFO - Processing file /home/airflow/.local/lib/python3.7/site-packages/airflow/example_dags/example_task_group.py for tasks to queue
[2022-09-30 12:50:42,655] {logging_mixin.py:109} INFO - [2022-09-30 12:50:42,655] {dagbag.py:500} INFO - Filling up the DagBag from /home/airflow/.local/lib/python3.7/site-packages/airflow/example_dags/example_task_group.py
[2022-09-30 12:50:42,691] {processor.py:654} INFO - DAG(s) dict_keys(['example_task_group']) retrieved from /home/airflow/.local/lib/python3.7/site-packages/airflow/example_dags/example_task_group.py
[2022-09-30 12:50:42,703] {logging_mixin.py:109} INFO - [2022-09-30 12:50:42,703] {dag.py:2398} INFO - Sync 1 DAGs
[2022-09-30 12:50:42,718] {logging_mixin.py:109} INFO - [2022-09-30 12:50:42,718] {dag.py:2937} INFO - Setting next_dagrun for example_task_group to 2022-09-29T12:50:42.717786+00:00
[2022-09-30 12:50:42,731] {processor.py:171} INFO - Processing /home/airflow/.local/lib/python3.7/site-packages/airflow/example_dags/example_task_group.py took 0.082 seconds
[2022-09-30 12:51:13,362] {processor.py:163} INFO - Started process (PID=2172) to work on /home/airflow/.local/lib/python3.7/site-packages/airflow/example_dags/example_task_group.py
[2022-09-30 12:51:13,365] {processor.py:642} INFO - Processing file /home/airflow/.local/lib/python3.7/site-packages/airflow/example_dags/example_task_group.py for tasks to queue
[2022-09-30 12:51:13,366] {logging_mixin.py:109} INFO - [2022-09-30 12:51:13,366] {dagbag.py:500} INFO - Filling up the DagBag from /home/airflow/.local/lib/python3.7/site-packages/airflow/example_dags/example_task_group.py
[2022-09-30 12:51:13,406] {processor.py:654} INFO - DAG(s) dict_keys(['example_task_group']) retrieved from /home/airflow/.local/lib/python3.7/site-packages/airflow/example_dags/example_task_group.py
[2022-09-30 12:51:13,419] {logging_mixin.py:109} INFO - [2022-09-30 12:51:13,419] {dag.py:2398} INFO - Sync 1 DAGs
[2022-09-30 12:51:13,436] {logging_mixin.py:109} INFO - [2022-09-30 12:51:13,436] {dag.py:2937} INFO - Setting next_dagrun for example_task_group to 2022-09-29T12:51:13.436353+00:00
[2022-09-30 12:51:13,449] {processor.py:171} INFO - Processing /home/airflow/.local/lib/python3.7/site-packages/airflow/example_dags/example_task_group.py took 0.092 seconds
[2022-09-30 12:54:35,672] {processor.py:163} INFO - Started process (PID=2249) to work on /home/airflow/.local/lib/python3.7/site-packages/airflow/example_dags/example_task_group.py
[2022-09-30 12:54:35,675] {processor.py:642} INFO - Processing file /home/airflow/.local/lib/python3.7/site-packages/airflow/example_dags/example_task_group.py for tasks to queue
[2022-09-30 12:54:35,676] {logging_mixin.py:109} INFO - [2022-09-30 12:54:35,676] {dagbag.py:500} INFO - Filling up the DagBag from /home/airflow/.local/lib/python3.7/site-packages/airflow/example_dags/example_task_group.py
[2022-09-30 12:54:35,748] {processor.py:654} INFO - DAG(s) dict_keys(['example_task_group']) retrieved from /home/airflow/.local/lib/python3.7/site-packages/airflow/example_dags/example_task_group.py
[2022-09-30 12:54:35,770] {logging_mixin.py:109} INFO - [2022-09-30 12:54:35,769] {dag.py:2398} INFO - Sync 1 DAGs
[2022-09-30 12:54:35,794] {logging_mixin.py:109} INFO - [2022-09-30 12:54:35,794] {dag.py:2937} INFO - Setting next_dagrun for example_task_group to 2022-09-29T12:54:35.793884+00:00
[2022-09-30 12:54:35,807] {processor.py:171} INFO - Processing /home/airflow/.local/lib/python3.7/site-packages/airflow/example_dags/example_task_group.py took 0.141 seconds
[2022-09-30 12:59:36,019] {processor.py:163} INFO - Started process (PID=2304) to work on /home/airflow/.local/lib/python3.7/site-packages/airflow/example_dags/example_task_group.py
[2022-09-30 12:59:36,028] {processor.py:642} INFO - Processing file /home/airflow/.local/lib/python3.7/site-packages/airflow/example_dags/example_task_group.py for tasks to queue
[2022-09-30 12:59:36,037] {logging_mixin.py:109} INFO - [2022-09-30 12:59:36,037] {dagbag.py:500} INFO - Filling up the DagBag from /home/airflow/.local/lib/python3.7/site-packages/airflow/example_dags/example_task_group.py
[2022-09-30 12:59:36,208] {processor.py:654} INFO - DAG(s) dict_keys(['example_task_group']) retrieved from /home/airflow/.local/lib/python3.7/site-packages/airflow/example_dags/example_task_group.py
[2022-09-30 12:59:36,276] {logging_mixin.py:109} INFO - [2022-09-30 12:59:36,276] {dag.py:2398} INFO - Sync 1 DAGs
[2022-09-30 12:59:36,314] {logging_mixin.py:109} INFO - [2022-09-30 12:59:36,314] {dag.py:2937} INFO - Setting next_dagrun for example_task_group to 2022-09-29T12:59:36.314019+00:00
[2022-09-30 12:59:36,366] {processor.py:171} INFO - Processing /home/airflow/.local/lib/python3.7/site-packages/airflow/example_dags/example_task_group.py took 0.357 seconds
[2022-09-30 13:03:08,205] {processor.py:163} INFO - Started process (PID=2377) to work on /home/airflow/.local/lib/python3.7/site-packages/airflow/example_dags/example_task_group.py
[2022-09-30 13:03:08,224] {processor.py:642} INFO - Processing file /home/airflow/.local/lib/python3.7/site-packages/airflow/example_dags/example_task_group.py for tasks to queue
[2022-09-30 13:03:08,229] {logging_mixin.py:109} INFO - [2022-09-30 13:03:08,229] {dagbag.py:500} INFO - Filling up the DagBag from /home/airflow/.local/lib/python3.7/site-packages/airflow/example_dags/example_task_group.py
[2022-09-30 13:03:08,425] {processor.py:654} INFO - DAG(s) dict_keys(['example_task_group']) retrieved from /home/airflow/.local/lib/python3.7/site-packages/airflow/example_dags/example_task_group.py
[2022-09-30 13:03:08,471] {logging_mixin.py:109} INFO - [2022-09-30 13:03:08,471] {dag.py:2398} INFO - Sync 1 DAGs
[2022-09-30 13:03:08,536] {logging_mixin.py:109} INFO - [2022-09-30 13:03:08,536] {dag.py:2937} INFO - Setting next_dagrun for example_task_group to 2022-09-29T13:03:08.535975+00:00
[2022-09-30 13:03:08,583] {processor.py:171} INFO - Processing /home/airflow/.local/lib/python3.7/site-packages/airflow/example_dags/example_task_group.py took 0.405 seconds
[2022-09-30 13:03:38,739] {processor.py:163} INFO - Started process (PID=2428) to work on /home/airflow/.local/lib/python3.7/site-packages/airflow/example_dags/example_task_group.py
[2022-09-30 13:03:38,742] {processor.py:642} INFO - Processing file /home/airflow/.local/lib/python3.7/site-packages/airflow/example_dags/example_task_group.py for tasks to queue
[2022-09-30 13:03:38,744] {logging_mixin.py:109} INFO - [2022-09-30 13:03:38,744] {dagbag.py:500} INFO - Filling up the DagBag from /home/airflow/.local/lib/python3.7/site-packages/airflow/example_dags/example_task_group.py
[2022-09-30 13:03:38,792] {processor.py:654} INFO - DAG(s) dict_keys(['example_task_group']) retrieved from /home/airflow/.local/lib/python3.7/site-packages/airflow/example_dags/example_task_group.py
[2022-09-30 13:03:38,805] {logging_mixin.py:109} INFO - [2022-09-30 13:03:38,805] {dag.py:2398} INFO - Sync 1 DAGs
[2022-09-30 13:03:38,822] {logging_mixin.py:109} INFO - [2022-09-30 13:03:38,822] {dag.py:2937} INFO - Setting next_dagrun for example_task_group to 2022-09-29T13:03:38.821788+00:00
[2022-09-30 13:03:38,834] {processor.py:171} INFO - Processing /home/airflow/.local/lib/python3.7/site-packages/airflow/example_dags/example_task_group.py took 0.099 seconds
[2022-09-30 13:04:09,591] {processor.py:163} INFO - Started process (PID=2479) to work on /home/airflow/.local/lib/python3.7/site-packages/airflow/example_dags/example_task_group.py
[2022-09-30 13:04:09,594] {processor.py:642} INFO - Processing file /home/airflow/.local/lib/python3.7/site-packages/airflow/example_dags/example_task_group.py for tasks to queue
[2022-09-30 13:04:09,596] {logging_mixin.py:109} INFO - [2022-09-30 13:04:09,596] {dagbag.py:500} INFO - Filling up the DagBag from /home/airflow/.local/lib/python3.7/site-packages/airflow/example_dags/example_task_group.py
[2022-09-30 13:04:09,656] {processor.py:654} INFO - DAG(s) dict_keys(['example_task_group']) retrieved from /home/airflow/.local/lib/python3.7/site-packages/airflow/example_dags/example_task_group.py
[2022-09-30 13:04:09,668] {logging_mixin.py:109} INFO - [2022-09-30 13:04:09,667] {dag.py:2398} INFO - Sync 1 DAGs
[2022-09-30 13:04:09,682] {logging_mixin.py:109} INFO - [2022-09-30 13:04:09,681] {dag.py:2937} INFO - Setting next_dagrun for example_task_group to 2022-09-29T13:04:09.681565+00:00
[2022-09-30 13:04:09,693] {processor.py:171} INFO - Processing /home/airflow/.local/lib/python3.7/site-packages/airflow/example_dags/example_task_group.py took 0.106 seconds
[2022-09-30 13:04:40,151] {processor.py:163} INFO - Started process (PID=2540) to work on /home/airflow/.local/lib/python3.7/site-packages/airflow/example_dags/example_task_group.py
[2022-09-30 13:04:40,154] {processor.py:642} INFO - Processing file /home/airflow/.local/lib/python3.7/site-packages/airflow/example_dags/example_task_group.py for tasks to queue
[2022-09-30 13:04:40,155] {logging_mixin.py:109} INFO - [2022-09-30 13:04:40,155] {dagbag.py:500} INFO - Filling up the DagBag from /home/airflow/.local/lib/python3.7/site-packages/airflow/example_dags/example_task_group.py
[2022-09-30 13:04:40,194] {processor.py:654} INFO - DAG(s) dict_keys(['example_task_group']) retrieved from /home/airflow/.local/lib/python3.7/site-packages/airflow/example_dags/example_task_group.py
[2022-09-30 13:04:40,209] {logging_mixin.py:109} INFO - [2022-09-30 13:04:40,209] {dag.py:2398} INFO - Sync 1 DAGs
[2022-09-30 13:04:40,226] {logging_mixin.py:109} INFO - [2022-09-30 13:04:40,226] {dag.py:2937} INFO - Setting next_dagrun for example_task_group to 2022-09-29T13:04:40.225927+00:00
[2022-09-30 13:04:40,240] {processor.py:171} INFO - Processing /home/airflow/.local/lib/python3.7/site-packages/airflow/example_dags/example_task_group.py took 0.092 seconds
[2022-09-30 13:05:10,530] {processor.py:163} INFO - Started process (PID=2591) to work on /home/airflow/.local/lib/python3.7/site-packages/airflow/example_dags/example_task_group.py
[2022-09-30 13:05:10,533] {processor.py:642} INFO - Processing file /home/airflow/.local/lib/python3.7/site-packages/airflow/example_dags/example_task_group.py for tasks to queue
[2022-09-30 13:05:10,534] {logging_mixin.py:109} INFO - [2022-09-30 13:05:10,534] {dagbag.py:500} INFO - Filling up the DagBag from /home/airflow/.local/lib/python3.7/site-packages/airflow/example_dags/example_task_group.py
[2022-09-30 13:05:10,574] {processor.py:654} INFO - DAG(s) dict_keys(['example_task_group']) retrieved from /home/airflow/.local/lib/python3.7/site-packages/airflow/example_dags/example_task_group.py
[2022-09-30 13:05:10,587] {logging_mixin.py:109} INFO - [2022-09-30 13:05:10,587] {dag.py:2398} INFO - Sync 1 DAGs
[2022-09-30 13:05:10,602] {logging_mixin.py:109} INFO - [2022-09-30 13:05:10,602] {dag.py:2937} INFO - Setting next_dagrun for example_task_group to 2022-09-29T13:05:10.601927+00:00
[2022-09-30 13:05:10,612] {processor.py:171} INFO - Processing /home/airflow/.local/lib/python3.7/site-packages/airflow/example_dags/example_task_group.py took 0.086 seconds
[2022-09-30 13:05:41,166] {processor.py:163} INFO - Started process (PID=2652) to work on /home/airflow/.local/lib/python3.7/site-packages/airflow/example_dags/example_task_group.py
[2022-09-30 13:05:41,168] {processor.py:642} INFO - Processing file /home/airflow/.local/lib/python3.7/site-packages/airflow/example_dags/example_task_group.py for tasks to queue
[2022-09-30 13:05:41,170] {logging_mixin.py:109} INFO - [2022-09-30 13:05:41,170] {dagbag.py:500} INFO - Filling up the DagBag from /home/airflow/.local/lib/python3.7/site-packages/airflow/example_dags/example_task_group.py
[2022-09-30 13:05:41,228] {processor.py:654} INFO - DAG(s) dict_keys(['example_task_group']) retrieved from /home/airflow/.local/lib/python3.7/site-packages/airflow/example_dags/example_task_group.py
[2022-09-30 13:05:41,243] {logging_mixin.py:109} INFO - [2022-09-30 13:05:41,243] {dag.py:2398} INFO - Sync 1 DAGs
[2022-09-30 13:05:41,260] {logging_mixin.py:109} INFO - [2022-09-30 13:05:41,260] {dag.py:2937} INFO - Setting next_dagrun for example_task_group to 2022-09-29T13:05:41.260355+00:00
[2022-09-30 13:05:41,275] {processor.py:171} INFO - Processing /home/airflow/.local/lib/python3.7/site-packages/airflow/example_dags/example_task_group.py took 0.114 seconds
[2022-09-30 13:06:11,872] {processor.py:163} INFO - Started process (PID=2703) to work on /home/airflow/.local/lib/python3.7/site-packages/airflow/example_dags/example_task_group.py
[2022-09-30 13:06:11,875] {processor.py:642} INFO - Processing file /home/airflow/.local/lib/python3.7/site-packages/airflow/example_dags/example_task_group.py for tasks to queue
[2022-09-30 13:06:11,877] {logging_mixin.py:109} INFO - [2022-09-30 13:06:11,876] {dagbag.py:500} INFO - Filling up the DagBag from /home/airflow/.local/lib/python3.7/site-packages/airflow/example_dags/example_task_group.py
[2022-09-30 13:06:11,948] {processor.py:654} INFO - DAG(s) dict_keys(['example_task_group']) retrieved from /home/airflow/.local/lib/python3.7/site-packages/airflow/example_dags/example_task_group.py
[2022-09-30 13:06:11,972] {logging_mixin.py:109} INFO - [2022-09-30 13:06:11,972] {dag.py:2398} INFO - Sync 1 DAGs
[2022-09-30 13:06:12,003] {logging_mixin.py:109} INFO - [2022-09-30 13:06:12,003] {dag.py:2937} INFO - Setting next_dagrun for example_task_group to 2022-09-29T13:06:12.000691+00:00
[2022-09-30 13:06:12,036] {processor.py:171} INFO - Processing /home/airflow/.local/lib/python3.7/site-packages/airflow/example_dags/example_task_group.py took 0.168 seconds
