[2022-09-30 12:32:51,960] {processor.py:163} INFO - Started process (PID=127) to work on /home/airflow/.local/lib/python3.7/site-packages/airflow/example_dags/example_branch_labels.py
[2022-09-30 12:32:51,962] {processor.py:642} INFO - Processing file /home/airflow/.local/lib/python3.7/site-packages/airflow/example_dags/example_branch_labels.py for tasks to queue
[2022-09-30 12:32:51,963] {logging_mixin.py:109} INFO - [2022-09-30 12:32:51,963] {dagbag.py:500} INFO - Filling up the DagBag from /home/airflow/.local/lib/python3.7/site-packages/airflow/example_dags/example_branch_labels.py
[2022-09-30 12:32:51,996] {processor.py:654} INFO - DAG(s) dict_keys(['example_branch_labels']) retrieved from /home/airflow/.local/lib/python3.7/site-packages/airflow/example_dags/example_branch_labels.py
[2022-09-30 12:32:53,628] {logging_mixin.py:109} INFO - [2022-09-30 12:32:53,628] {manager.py:496} INFO - Created Permission View: can edit on DAG:example_branch_labels
[2022-09-30 12:32:53,639] {logging_mixin.py:109} INFO - [2022-09-30 12:32:53,639] {manager.py:496} INFO - Created Permission View: can read on DAG:example_branch_labels
[2022-09-30 12:32:53,640] {logging_mixin.py:109} INFO - [2022-09-30 12:32:53,640] {dag.py:2398} INFO - Sync 1 DAGs
[2022-09-30 12:32:53,647] {logging_mixin.py:109} INFO - [2022-09-30 12:32:53,647] {dag.py:2417} INFO - Creating ORM DAG for example_branch_labels
[2022-09-30 12:32:53,662] {logging_mixin.py:109} INFO - [2022-09-30 12:32:53,661] {dag.py:2937} INFO - Setting next_dagrun for example_branch_labels to 2022-09-29 00:00:00+00:00
[2022-09-30 12:32:53,672] {processor.py:171} INFO - Processing /home/airflow/.local/lib/python3.7/site-packages/airflow/example_dags/example_branch_labels.py took 1.715 seconds
[2022-09-30 12:33:24,032] {processor.py:163} INFO - Started process (PID=246) to work on /home/airflow/.local/lib/python3.7/site-packages/airflow/example_dags/example_branch_labels.py
[2022-09-30 12:33:24,069] {processor.py:642} INFO - Processing file /home/airflow/.local/lib/python3.7/site-packages/airflow/example_dags/example_branch_labels.py for tasks to queue
[2022-09-30 12:33:24,080] {logging_mixin.py:109} INFO - [2022-09-30 12:33:24,079] {dagbag.py:500} INFO - Filling up the DagBag from /home/airflow/.local/lib/python3.7/site-packages/airflow/example_dags/example_branch_labels.py
[2022-09-30 12:33:24,296] {processor.py:654} INFO - DAG(s) dict_keys(['example_branch_labels']) retrieved from /home/airflow/.local/lib/python3.7/site-packages/airflow/example_dags/example_branch_labels.py
[2022-09-30 12:33:24,354] {logging_mixin.py:109} INFO - [2022-09-30 12:33:24,353] {dag.py:2398} INFO - Sync 1 DAGs
[2022-09-30 12:33:24,399] {logging_mixin.py:109} INFO - [2022-09-30 12:33:24,399] {dag.py:2937} INFO - Setting next_dagrun for example_branch_labels to 2022-09-29 00:00:00+00:00
[2022-09-30 12:33:24,445] {processor.py:171} INFO - Processing /home/airflow/.local/lib/python3.7/site-packages/airflow/example_dags/example_branch_labels.py took 0.452 seconds
[2022-09-30 12:33:54,813] {processor.py:163} INFO - Started process (PID=297) to work on /home/airflow/.local/lib/python3.7/site-packages/airflow/example_dags/example_branch_labels.py
[2022-09-30 12:33:54,815] {processor.py:642} INFO - Processing file /home/airflow/.local/lib/python3.7/site-packages/airflow/example_dags/example_branch_labels.py for tasks to queue
[2022-09-30 12:33:54,817] {logging_mixin.py:109} INFO - [2022-09-30 12:33:54,817] {dagbag.py:500} INFO - Filling up the DagBag from /home/airflow/.local/lib/python3.7/site-packages/airflow/example_dags/example_branch_labels.py
[2022-09-30 12:33:54,864] {processor.py:654} INFO - DAG(s) dict_keys(['example_branch_labels']) retrieved from /home/airflow/.local/lib/python3.7/site-packages/airflow/example_dags/example_branch_labels.py
[2022-09-30 12:33:54,883] {logging_mixin.py:109} INFO - [2022-09-30 12:33:54,882] {dag.py:2398} INFO - Sync 1 DAGs
[2022-09-30 12:33:54,917] {logging_mixin.py:109} INFO - [2022-09-30 12:33:54,917] {dag.py:2937} INFO - Setting next_dagrun for example_branch_labels to 2022-09-29 00:00:00+00:00
[2022-09-30 12:33:54,937] {processor.py:171} INFO - Processing /home/airflow/.local/lib/python3.7/site-packages/airflow/example_dags/example_branch_labels.py took 0.130 seconds
[2022-09-30 12:34:25,273] {processor.py:163} INFO - Started process (PID=348) to work on /home/airflow/.local/lib/python3.7/site-packages/airflow/example_dags/example_branch_labels.py
[2022-09-30 12:34:25,276] {processor.py:642} INFO - Processing file /home/airflow/.local/lib/python3.7/site-packages/airflow/example_dags/example_branch_labels.py for tasks to queue
[2022-09-30 12:34:25,278] {logging_mixin.py:109} INFO - [2022-09-30 12:34:25,278] {dagbag.py:500} INFO - Filling up the DagBag from /home/airflow/.local/lib/python3.7/site-packages/airflow/example_dags/example_branch_labels.py
[2022-09-30 12:34:25,333] {processor.py:654} INFO - DAG(s) dict_keys(['example_branch_labels']) retrieved from /home/airflow/.local/lib/python3.7/site-packages/airflow/example_dags/example_branch_labels.py
[2022-09-30 12:34:25,343] {logging_mixin.py:109} INFO - [2022-09-30 12:34:25,343] {dag.py:2398} INFO - Sync 1 DAGs
[2022-09-30 12:34:25,360] {logging_mixin.py:109} INFO - [2022-09-30 12:34:25,360] {dag.py:2937} INFO - Setting next_dagrun for example_branch_labels to 2022-09-29 00:00:00+00:00
[2022-09-30 12:34:25,369] {processor.py:171} INFO - Processing /home/airflow/.local/lib/python3.7/site-packages/airflow/example_dags/example_branch_labels.py took 0.101 seconds
[2022-09-30 12:34:55,602] {processor.py:163} INFO - Started process (PID=399) to work on /home/airflow/.local/lib/python3.7/site-packages/airflow/example_dags/example_branch_labels.py
[2022-09-30 12:34:55,604] {processor.py:642} INFO - Processing file /home/airflow/.local/lib/python3.7/site-packages/airflow/example_dags/example_branch_labels.py for tasks to queue
[2022-09-30 12:34:55,606] {logging_mixin.py:109} INFO - [2022-09-30 12:34:55,606] {dagbag.py:500} INFO - Filling up the DagBag from /home/airflow/.local/lib/python3.7/site-packages/airflow/example_dags/example_branch_labels.py
[2022-09-30 12:34:55,648] {processor.py:654} INFO - DAG(s) dict_keys(['example_branch_labels']) retrieved from /home/airflow/.local/lib/python3.7/site-packages/airflow/example_dags/example_branch_labels.py
[2022-09-30 12:34:55,661] {logging_mixin.py:109} INFO - [2022-09-30 12:34:55,661] {dag.py:2398} INFO - Sync 1 DAGs
[2022-09-30 12:34:55,682] {logging_mixin.py:109} INFO - [2022-09-30 12:34:55,682] {dag.py:2937} INFO - Setting next_dagrun for example_branch_labels to 2022-09-29 00:00:00+00:00
[2022-09-30 12:34:55,694] {processor.py:171} INFO - Processing /home/airflow/.local/lib/python3.7/site-packages/airflow/example_dags/example_branch_labels.py took 0.097 seconds
[2022-09-30 12:35:25,968] {processor.py:163} INFO - Started process (PID=458) to work on /home/airflow/.local/lib/python3.7/site-packages/airflow/example_dags/example_branch_labels.py
[2022-09-30 12:35:25,971] {processor.py:642} INFO - Processing file /home/airflow/.local/lib/python3.7/site-packages/airflow/example_dags/example_branch_labels.py for tasks to queue
[2022-09-30 12:35:25,972] {logging_mixin.py:109} INFO - [2022-09-30 12:35:25,972] {dagbag.py:500} INFO - Filling up the DagBag from /home/airflow/.local/lib/python3.7/site-packages/airflow/example_dags/example_branch_labels.py
[2022-09-30 12:35:26,002] {processor.py:654} INFO - DAG(s) dict_keys(['example_branch_labels']) retrieved from /home/airflow/.local/lib/python3.7/site-packages/airflow/example_dags/example_branch_labels.py
[2022-09-30 12:35:26,012] {logging_mixin.py:109} INFO - [2022-09-30 12:35:26,012] {dag.py:2398} INFO - Sync 1 DAGs
[2022-09-30 12:35:26,028] {logging_mixin.py:109} INFO - [2022-09-30 12:35:26,028] {dag.py:2937} INFO - Setting next_dagrun for example_branch_labels to 2022-09-29 00:00:00+00:00
[2022-09-30 12:35:26,038] {processor.py:171} INFO - Processing /home/airflow/.local/lib/python3.7/site-packages/airflow/example_dags/example_branch_labels.py took 0.074 seconds
[2022-09-30 12:35:56,155] {processor.py:163} INFO - Started process (PID=511) to work on /home/airflow/.local/lib/python3.7/site-packages/airflow/example_dags/example_branch_labels.py
[2022-09-30 12:35:56,157] {processor.py:642} INFO - Processing file /home/airflow/.local/lib/python3.7/site-packages/airflow/example_dags/example_branch_labels.py for tasks to queue
[2022-09-30 12:35:56,159] {logging_mixin.py:109} INFO - [2022-09-30 12:35:56,158] {dagbag.py:500} INFO - Filling up the DagBag from /home/airflow/.local/lib/python3.7/site-packages/airflow/example_dags/example_branch_labels.py
[2022-09-30 12:35:56,186] {processor.py:654} INFO - DAG(s) dict_keys(['example_branch_labels']) retrieved from /home/airflow/.local/lib/python3.7/site-packages/airflow/example_dags/example_branch_labels.py
[2022-09-30 12:35:56,197] {logging_mixin.py:109} INFO - [2022-09-30 12:35:56,196] {dag.py:2398} INFO - Sync 1 DAGs
[2022-09-30 12:35:56,212] {logging_mixin.py:109} INFO - [2022-09-30 12:35:56,212] {dag.py:2937} INFO - Setting next_dagrun for example_branch_labels to 2022-09-29 00:00:00+00:00
[2022-09-30 12:35:56,225] {processor.py:171} INFO - Processing /home/airflow/.local/lib/python3.7/site-packages/airflow/example_dags/example_branch_labels.py took 0.073 seconds
[2022-09-30 12:36:26,650] {processor.py:163} INFO - Started process (PID=573) to work on /home/airflow/.local/lib/python3.7/site-packages/airflow/example_dags/example_branch_labels.py
[2022-09-30 12:36:26,652] {processor.py:642} INFO - Processing file /home/airflow/.local/lib/python3.7/site-packages/airflow/example_dags/example_branch_labels.py for tasks to queue
[2022-09-30 12:36:26,653] {logging_mixin.py:109} INFO - [2022-09-30 12:36:26,653] {dagbag.py:500} INFO - Filling up the DagBag from /home/airflow/.local/lib/python3.7/site-packages/airflow/example_dags/example_branch_labels.py
[2022-09-30 12:36:26,713] {processor.py:654} INFO - DAG(s) dict_keys(['example_branch_labels']) retrieved from /home/airflow/.local/lib/python3.7/site-packages/airflow/example_dags/example_branch_labels.py
[2022-09-30 12:36:26,729] {logging_mixin.py:109} INFO - [2022-09-30 12:36:26,728] {dag.py:2398} INFO - Sync 1 DAGs
[2022-09-30 12:36:26,751] {logging_mixin.py:109} INFO - [2022-09-30 12:36:26,751] {dag.py:2937} INFO - Setting next_dagrun for example_branch_labels to 2022-09-29 00:00:00+00:00
[2022-09-30 12:36:26,761] {processor.py:171} INFO - Processing /home/airflow/.local/lib/python3.7/site-packages/airflow/example_dags/example_branch_labels.py took 0.117 seconds
[2022-09-30 12:36:57,480] {processor.py:163} INFO - Started process (PID=624) to work on /home/airflow/.local/lib/python3.7/site-packages/airflow/example_dags/example_branch_labels.py
[2022-09-30 12:36:57,481] {processor.py:642} INFO - Processing file /home/airflow/.local/lib/python3.7/site-packages/airflow/example_dags/example_branch_labels.py for tasks to queue
[2022-09-30 12:36:57,483] {logging_mixin.py:109} INFO - [2022-09-30 12:36:57,482] {dagbag.py:500} INFO - Filling up the DagBag from /home/airflow/.local/lib/python3.7/site-packages/airflow/example_dags/example_branch_labels.py
[2022-09-30 12:36:57,512] {processor.py:654} INFO - DAG(s) dict_keys(['example_branch_labels']) retrieved from /home/airflow/.local/lib/python3.7/site-packages/airflow/example_dags/example_branch_labels.py
[2022-09-30 12:36:57,523] {logging_mixin.py:109} INFO - [2022-09-30 12:36:57,523] {dag.py:2398} INFO - Sync 1 DAGs
[2022-09-30 12:36:57,539] {logging_mixin.py:109} INFO - [2022-09-30 12:36:57,539] {dag.py:2937} INFO - Setting next_dagrun for example_branch_labels to 2022-09-29 00:00:00+00:00
[2022-09-30 12:36:57,550] {processor.py:171} INFO - Processing /home/airflow/.local/lib/python3.7/site-packages/airflow/example_dags/example_branch_labels.py took 0.073 seconds
[2022-09-30 12:37:28,303] {processor.py:163} INFO - Started process (PID=675) to work on /home/airflow/.local/lib/python3.7/site-packages/airflow/example_dags/example_branch_labels.py
[2022-09-30 12:37:28,305] {processor.py:642} INFO - Processing file /home/airflow/.local/lib/python3.7/site-packages/airflow/example_dags/example_branch_labels.py for tasks to queue
[2022-09-30 12:37:28,307] {logging_mixin.py:109} INFO - [2022-09-30 12:37:28,307] {dagbag.py:500} INFO - Filling up the DagBag from /home/airflow/.local/lib/python3.7/site-packages/airflow/example_dags/example_branch_labels.py
[2022-09-30 12:37:28,338] {processor.py:654} INFO - DAG(s) dict_keys(['example_branch_labels']) retrieved from /home/airflow/.local/lib/python3.7/site-packages/airflow/example_dags/example_branch_labels.py
[2022-09-30 12:37:28,348] {logging_mixin.py:109} INFO - [2022-09-30 12:37:28,348] {dag.py:2398} INFO - Sync 1 DAGs
[2022-09-30 12:37:28,367] {logging_mixin.py:109} INFO - [2022-09-30 12:37:28,367] {dag.py:2937} INFO - Setting next_dagrun for example_branch_labels to 2022-09-29 00:00:00+00:00
[2022-09-30 12:37:28,378] {processor.py:171} INFO - Processing /home/airflow/.local/lib/python3.7/site-packages/airflow/example_dags/example_branch_labels.py took 0.078 seconds
[2022-09-30 12:37:58,702] {processor.py:163} INFO - Started process (PID=735) to work on /home/airflow/.local/lib/python3.7/site-packages/airflow/example_dags/example_branch_labels.py
[2022-09-30 12:37:58,704] {processor.py:642} INFO - Processing file /home/airflow/.local/lib/python3.7/site-packages/airflow/example_dags/example_branch_labels.py for tasks to queue
[2022-09-30 12:37:58,706] {logging_mixin.py:109} INFO - [2022-09-30 12:37:58,705] {dagbag.py:500} INFO - Filling up the DagBag from /home/airflow/.local/lib/python3.7/site-packages/airflow/example_dags/example_branch_labels.py
[2022-09-30 12:37:58,736] {processor.py:654} INFO - DAG(s) dict_keys(['example_branch_labels']) retrieved from /home/airflow/.local/lib/python3.7/site-packages/airflow/example_dags/example_branch_labels.py
[2022-09-30 12:37:58,748] {logging_mixin.py:109} INFO - [2022-09-30 12:37:58,747] {dag.py:2398} INFO - Sync 1 DAGs
[2022-09-30 12:37:58,767] {logging_mixin.py:109} INFO - [2022-09-30 12:37:58,767] {dag.py:2937} INFO - Setting next_dagrun for example_branch_labels to 2022-09-29 00:00:00+00:00
[2022-09-30 12:37:58,780] {processor.py:171} INFO - Processing /home/airflow/.local/lib/python3.7/site-packages/airflow/example_dags/example_branch_labels.py took 0.081 seconds
[2022-09-30 12:38:29,387] {processor.py:163} INFO - Started process (PID=786) to work on /home/airflow/.local/lib/python3.7/site-packages/airflow/example_dags/example_branch_labels.py
[2022-09-30 12:38:29,389] {processor.py:642} INFO - Processing file /home/airflow/.local/lib/python3.7/site-packages/airflow/example_dags/example_branch_labels.py for tasks to queue
[2022-09-30 12:38:29,391] {logging_mixin.py:109} INFO - [2022-09-30 12:38:29,391] {dagbag.py:500} INFO - Filling up the DagBag from /home/airflow/.local/lib/python3.7/site-packages/airflow/example_dags/example_branch_labels.py
[2022-09-30 12:38:29,424] {processor.py:654} INFO - DAG(s) dict_keys(['example_branch_labels']) retrieved from /home/airflow/.local/lib/python3.7/site-packages/airflow/example_dags/example_branch_labels.py
[2022-09-30 12:38:29,437] {logging_mixin.py:109} INFO - [2022-09-30 12:38:29,437] {dag.py:2398} INFO - Sync 1 DAGs
[2022-09-30 12:38:29,455] {logging_mixin.py:109} INFO - [2022-09-30 12:38:29,454] {dag.py:2937} INFO - Setting next_dagrun for example_branch_labels to 2022-09-29 00:00:00+00:00
[2022-09-30 12:38:29,466] {processor.py:171} INFO - Processing /home/airflow/.local/lib/python3.7/site-packages/airflow/example_dags/example_branch_labels.py took 0.082 seconds
[2022-09-30 12:38:59,996] {processor.py:163} INFO - Started process (PID=846) to work on /home/airflow/.local/lib/python3.7/site-packages/airflow/example_dags/example_branch_labels.py
[2022-09-30 12:38:59,999] {processor.py:642} INFO - Processing file /home/airflow/.local/lib/python3.7/site-packages/airflow/example_dags/example_branch_labels.py for tasks to queue
[2022-09-30 12:39:00,000] {logging_mixin.py:109} INFO - [2022-09-30 12:39:00,000] {dagbag.py:500} INFO - Filling up the DagBag from /home/airflow/.local/lib/python3.7/site-packages/airflow/example_dags/example_branch_labels.py
[2022-09-30 12:39:00,038] {processor.py:654} INFO - DAG(s) dict_keys(['example_branch_labels']) retrieved from /home/airflow/.local/lib/python3.7/site-packages/airflow/example_dags/example_branch_labels.py
[2022-09-30 12:39:00,052] {logging_mixin.py:109} INFO - [2022-09-30 12:39:00,052] {dag.py:2398} INFO - Sync 1 DAGs
[2022-09-30 12:39:00,069] {logging_mixin.py:109} INFO - [2022-09-30 12:39:00,069] {dag.py:2937} INFO - Setting next_dagrun for example_branch_labels to 2022-09-29 00:00:00+00:00
[2022-09-30 12:39:00,084] {processor.py:171} INFO - Processing /home/airflow/.local/lib/python3.7/site-packages/airflow/example_dags/example_branch_labels.py took 0.091 seconds
[2022-09-30 12:39:30,164] {processor.py:163} INFO - Started process (PID=896) to work on /home/airflow/.local/lib/python3.7/site-packages/airflow/example_dags/example_branch_labels.py
[2022-09-30 12:39:30,167] {processor.py:642} INFO - Processing file /home/airflow/.local/lib/python3.7/site-packages/airflow/example_dags/example_branch_labels.py for tasks to queue
[2022-09-30 12:39:30,168] {logging_mixin.py:109} INFO - [2022-09-30 12:39:30,168] {dagbag.py:500} INFO - Filling up the DagBag from /home/airflow/.local/lib/python3.7/site-packages/airflow/example_dags/example_branch_labels.py
[2022-09-30 12:39:30,209] {processor.py:654} INFO - DAG(s) dict_keys(['example_branch_labels']) retrieved from /home/airflow/.local/lib/python3.7/site-packages/airflow/example_dags/example_branch_labels.py
[2022-09-30 12:39:30,228] {logging_mixin.py:109} INFO - [2022-09-30 12:39:30,228] {dag.py:2398} INFO - Sync 1 DAGs
[2022-09-30 12:39:30,253] {logging_mixin.py:109} INFO - [2022-09-30 12:39:30,253] {dag.py:2937} INFO - Setting next_dagrun for example_branch_labels to 2022-09-29 00:00:00+00:00
[2022-09-30 12:39:30,269] {processor.py:171} INFO - Processing /home/airflow/.local/lib/python3.7/site-packages/airflow/example_dags/example_branch_labels.py took 0.108 seconds
[2022-09-30 12:40:00,391] {processor.py:163} INFO - Started process (PID=948) to work on /home/airflow/.local/lib/python3.7/site-packages/airflow/example_dags/example_branch_labels.py
[2022-09-30 12:40:00,395] {processor.py:642} INFO - Processing file /home/airflow/.local/lib/python3.7/site-packages/airflow/example_dags/example_branch_labels.py for tasks to queue
[2022-09-30 12:40:00,397] {logging_mixin.py:109} INFO - [2022-09-30 12:40:00,397] {dagbag.py:500} INFO - Filling up the DagBag from /home/airflow/.local/lib/python3.7/site-packages/airflow/example_dags/example_branch_labels.py
[2022-09-30 12:40:00,442] {processor.py:654} INFO - DAG(s) dict_keys(['example_branch_labels']) retrieved from /home/airflow/.local/lib/python3.7/site-packages/airflow/example_dags/example_branch_labels.py
[2022-09-30 12:40:00,464] {logging_mixin.py:109} INFO - [2022-09-30 12:40:00,463] {dag.py:2398} INFO - Sync 1 DAGs
[2022-09-30 12:40:00,486] {logging_mixin.py:109} INFO - [2022-09-30 12:40:00,486] {dag.py:2937} INFO - Setting next_dagrun for example_branch_labels to 2022-09-29 00:00:00+00:00
[2022-09-30 12:40:00,501] {processor.py:171} INFO - Processing /home/airflow/.local/lib/python3.7/site-packages/airflow/example_dags/example_branch_labels.py took 0.118 seconds
[2022-09-30 12:40:30,590] {processor.py:163} INFO - Started process (PID=1007) to work on /home/airflow/.local/lib/python3.7/site-packages/airflow/example_dags/example_branch_labels.py
[2022-09-30 12:40:30,592] {processor.py:642} INFO - Processing file /home/airflow/.local/lib/python3.7/site-packages/airflow/example_dags/example_branch_labels.py for tasks to queue
[2022-09-30 12:40:30,594] {logging_mixin.py:109} INFO - [2022-09-30 12:40:30,594] {dagbag.py:500} INFO - Filling up the DagBag from /home/airflow/.local/lib/python3.7/site-packages/airflow/example_dags/example_branch_labels.py
[2022-09-30 12:40:30,626] {processor.py:654} INFO - DAG(s) dict_keys(['example_branch_labels']) retrieved from /home/airflow/.local/lib/python3.7/site-packages/airflow/example_dags/example_branch_labels.py
[2022-09-30 12:40:30,637] {logging_mixin.py:109} INFO - [2022-09-30 12:40:30,637] {dag.py:2398} INFO - Sync 1 DAGs
[2022-09-30 12:40:30,655] {logging_mixin.py:109} INFO - [2022-09-30 12:40:30,655] {dag.py:2937} INFO - Setting next_dagrun for example_branch_labels to 2022-09-29 00:00:00+00:00
[2022-09-30 12:40:30,667] {processor.py:171} INFO - Processing /home/airflow/.local/lib/python3.7/site-packages/airflow/example_dags/example_branch_labels.py took 0.080 seconds
[2022-09-30 12:41:00,858] {processor.py:163} INFO - Started process (PID=1058) to work on /home/airflow/.local/lib/python3.7/site-packages/airflow/example_dags/example_branch_labels.py
[2022-09-30 12:41:00,865] {processor.py:642} INFO - Processing file /home/airflow/.local/lib/python3.7/site-packages/airflow/example_dags/example_branch_labels.py for tasks to queue
[2022-09-30 12:41:00,869] {logging_mixin.py:109} INFO - [2022-09-30 12:41:00,869] {dagbag.py:500} INFO - Filling up the DagBag from /home/airflow/.local/lib/python3.7/site-packages/airflow/example_dags/example_branch_labels.py
[2022-09-30 12:41:00,963] {processor.py:654} INFO - DAG(s) dict_keys(['example_branch_labels']) retrieved from /home/airflow/.local/lib/python3.7/site-packages/airflow/example_dags/example_branch_labels.py
[2022-09-30 12:41:00,993] {logging_mixin.py:109} INFO - [2022-09-30 12:41:00,993] {dag.py:2398} INFO - Sync 1 DAGs
[2022-09-30 12:41:01,025] {logging_mixin.py:109} INFO - [2022-09-30 12:41:01,025] {dag.py:2937} INFO - Setting next_dagrun for example_branch_labels to 2022-09-29 00:00:00+00:00
[2022-09-30 12:41:01,043] {processor.py:171} INFO - Processing /home/airflow/.local/lib/python3.7/site-packages/airflow/example_dags/example_branch_labels.py took 0.197 seconds
[2022-09-30 12:41:31,594] {processor.py:163} INFO - Started process (PID=1119) to work on /home/airflow/.local/lib/python3.7/site-packages/airflow/example_dags/example_branch_labels.py
[2022-09-30 12:41:31,596] {processor.py:642} INFO - Processing file /home/airflow/.local/lib/python3.7/site-packages/airflow/example_dags/example_branch_labels.py for tasks to queue
[2022-09-30 12:41:31,598] {logging_mixin.py:109} INFO - [2022-09-30 12:41:31,597] {dagbag.py:500} INFO - Filling up the DagBag from /home/airflow/.local/lib/python3.7/site-packages/airflow/example_dags/example_branch_labels.py
[2022-09-30 12:41:31,636] {processor.py:654} INFO - DAG(s) dict_keys(['example_branch_labels']) retrieved from /home/airflow/.local/lib/python3.7/site-packages/airflow/example_dags/example_branch_labels.py
[2022-09-30 12:41:31,648] {logging_mixin.py:109} INFO - [2022-09-30 12:41:31,648] {dag.py:2398} INFO - Sync 1 DAGs
[2022-09-30 12:41:31,673] {logging_mixin.py:109} INFO - [2022-09-30 12:41:31,673] {dag.py:2937} INFO - Setting next_dagrun for example_branch_labels to 2022-09-29 00:00:00+00:00
[2022-09-30 12:41:31,692] {processor.py:171} INFO - Processing /home/airflow/.local/lib/python3.7/site-packages/airflow/example_dags/example_branch_labels.py took 0.101 seconds
[2022-09-30 12:42:02,000] {processor.py:163} INFO - Started process (PID=1171) to work on /home/airflow/.local/lib/python3.7/site-packages/airflow/example_dags/example_branch_labels.py
[2022-09-30 12:42:02,002] {processor.py:642} INFO - Processing file /home/airflow/.local/lib/python3.7/site-packages/airflow/example_dags/example_branch_labels.py for tasks to queue
[2022-09-30 12:42:02,004] {logging_mixin.py:109} INFO - [2022-09-30 12:42:02,004] {dagbag.py:500} INFO - Filling up the DagBag from /home/airflow/.local/lib/python3.7/site-packages/airflow/example_dags/example_branch_labels.py
[2022-09-30 12:42:02,047] {processor.py:654} INFO - DAG(s) dict_keys(['example_branch_labels']) retrieved from /home/airflow/.local/lib/python3.7/site-packages/airflow/example_dags/example_branch_labels.py
[2022-09-30 12:42:02,060] {logging_mixin.py:109} INFO - [2022-09-30 12:42:02,060] {dag.py:2398} INFO - Sync 1 DAGs
[2022-09-30 12:42:02,080] {logging_mixin.py:109} INFO - [2022-09-30 12:42:02,080] {dag.py:2937} INFO - Setting next_dagrun for example_branch_labels to 2022-09-29 00:00:00+00:00
[2022-09-30 12:42:02,089] {processor.py:171} INFO - Processing /home/airflow/.local/lib/python3.7/site-packages/airflow/example_dags/example_branch_labels.py took 0.094 seconds
[2022-09-30 12:42:32,233] {processor.py:163} INFO - Started process (PID=1223) to work on /home/airflow/.local/lib/python3.7/site-packages/airflow/example_dags/example_branch_labels.py
[2022-09-30 12:42:32,235] {processor.py:642} INFO - Processing file /home/airflow/.local/lib/python3.7/site-packages/airflow/example_dags/example_branch_labels.py for tasks to queue
[2022-09-30 12:42:32,237] {logging_mixin.py:109} INFO - [2022-09-30 12:42:32,236] {dagbag.py:500} INFO - Filling up the DagBag from /home/airflow/.local/lib/python3.7/site-packages/airflow/example_dags/example_branch_labels.py
[2022-09-30 12:42:32,279] {processor.py:654} INFO - DAG(s) dict_keys(['example_branch_labels']) retrieved from /home/airflow/.local/lib/python3.7/site-packages/airflow/example_dags/example_branch_labels.py
[2022-09-30 12:42:32,291] {logging_mixin.py:109} INFO - [2022-09-30 12:42:32,291] {dag.py:2398} INFO - Sync 1 DAGs
[2022-09-30 12:42:32,324] {logging_mixin.py:109} INFO - [2022-09-30 12:42:32,324] {dag.py:2937} INFO - Setting next_dagrun for example_branch_labels to 2022-09-29 00:00:00+00:00
[2022-09-30 12:42:32,341] {processor.py:171} INFO - Processing /home/airflow/.local/lib/python3.7/site-packages/airflow/example_dags/example_branch_labels.py took 0.112 seconds
[2022-09-30 12:43:02,427] {processor.py:163} INFO - Started process (PID=1283) to work on /home/airflow/.local/lib/python3.7/site-packages/airflow/example_dags/example_branch_labels.py
[2022-09-30 12:43:02,429] {processor.py:642} INFO - Processing file /home/airflow/.local/lib/python3.7/site-packages/airflow/example_dags/example_branch_labels.py for tasks to queue
[2022-09-30 12:43:02,431] {logging_mixin.py:109} INFO - [2022-09-30 12:43:02,430] {dagbag.py:500} INFO - Filling up the DagBag from /home/airflow/.local/lib/python3.7/site-packages/airflow/example_dags/example_branch_labels.py
[2022-09-30 12:43:02,464] {processor.py:654} INFO - DAG(s) dict_keys(['example_branch_labels']) retrieved from /home/airflow/.local/lib/python3.7/site-packages/airflow/example_dags/example_branch_labels.py
[2022-09-30 12:43:02,474] {logging_mixin.py:109} INFO - [2022-09-30 12:43:02,474] {dag.py:2398} INFO - Sync 1 DAGs
[2022-09-30 12:43:02,492] {logging_mixin.py:109} INFO - [2022-09-30 12:43:02,492] {dag.py:2937} INFO - Setting next_dagrun for example_branch_labels to 2022-09-29 00:00:00+00:00
[2022-09-30 12:43:02,502] {processor.py:171} INFO - Processing /home/airflow/.local/lib/python3.7/site-packages/airflow/example_dags/example_branch_labels.py took 0.078 seconds
[2022-09-30 12:43:32,652] {processor.py:163} INFO - Started process (PID=1335) to work on /home/airflow/.local/lib/python3.7/site-packages/airflow/example_dags/example_branch_labels.py
[2022-09-30 12:43:32,654] {processor.py:642} INFO - Processing file /home/airflow/.local/lib/python3.7/site-packages/airflow/example_dags/example_branch_labels.py for tasks to queue
[2022-09-30 12:43:32,656] {logging_mixin.py:109} INFO - [2022-09-30 12:43:32,656] {dagbag.py:500} INFO - Filling up the DagBag from /home/airflow/.local/lib/python3.7/site-packages/airflow/example_dags/example_branch_labels.py
[2022-09-30 12:43:32,688] {processor.py:654} INFO - DAG(s) dict_keys(['example_branch_labels']) retrieved from /home/airflow/.local/lib/python3.7/site-packages/airflow/example_dags/example_branch_labels.py
[2022-09-30 12:43:32,698] {logging_mixin.py:109} INFO - [2022-09-30 12:43:32,698] {dag.py:2398} INFO - Sync 1 DAGs
[2022-09-30 12:43:32,715] {logging_mixin.py:109} INFO - [2022-09-30 12:43:32,715] {dag.py:2937} INFO - Setting next_dagrun for example_branch_labels to 2022-09-29 00:00:00+00:00
[2022-09-30 12:43:32,725] {processor.py:171} INFO - Processing /home/airflow/.local/lib/python3.7/site-packages/airflow/example_dags/example_branch_labels.py took 0.079 seconds
[2022-09-30 12:44:02,844] {processor.py:163} INFO - Started process (PID=1395) to work on /home/airflow/.local/lib/python3.7/site-packages/airflow/example_dags/example_branch_labels.py
[2022-09-30 12:44:02,846] {processor.py:642} INFO - Processing file /home/airflow/.local/lib/python3.7/site-packages/airflow/example_dags/example_branch_labels.py for tasks to queue
[2022-09-30 12:44:02,848] {logging_mixin.py:109} INFO - [2022-09-30 12:44:02,847] {dagbag.py:500} INFO - Filling up the DagBag from /home/airflow/.local/lib/python3.7/site-packages/airflow/example_dags/example_branch_labels.py
[2022-09-30 12:44:02,880] {processor.py:654} INFO - DAG(s) dict_keys(['example_branch_labels']) retrieved from /home/airflow/.local/lib/python3.7/site-packages/airflow/example_dags/example_branch_labels.py
[2022-09-30 12:44:02,891] {logging_mixin.py:109} INFO - [2022-09-30 12:44:02,891] {dag.py:2398} INFO - Sync 1 DAGs
[2022-09-30 12:44:02,907] {logging_mixin.py:109} INFO - [2022-09-30 12:44:02,907] {dag.py:2937} INFO - Setting next_dagrun for example_branch_labels to 2022-09-29 00:00:00+00:00
[2022-09-30 12:44:02,919] {processor.py:171} INFO - Processing /home/airflow/.local/lib/python3.7/site-packages/airflow/example_dags/example_branch_labels.py took 0.078 seconds
[2022-09-30 12:44:33,127] {processor.py:163} INFO - Started process (PID=1446) to work on /home/airflow/.local/lib/python3.7/site-packages/airflow/example_dags/example_branch_labels.py
[2022-09-30 12:44:33,128] {processor.py:642} INFO - Processing file /home/airflow/.local/lib/python3.7/site-packages/airflow/example_dags/example_branch_labels.py for tasks to queue
[2022-09-30 12:44:33,130] {logging_mixin.py:109} INFO - [2022-09-30 12:44:33,130] {dagbag.py:500} INFO - Filling up the DagBag from /home/airflow/.local/lib/python3.7/site-packages/airflow/example_dags/example_branch_labels.py
[2022-09-30 12:44:33,166] {processor.py:654} INFO - DAG(s) dict_keys(['example_branch_labels']) retrieved from /home/airflow/.local/lib/python3.7/site-packages/airflow/example_dags/example_branch_labels.py
[2022-09-30 12:44:33,177] {logging_mixin.py:109} INFO - [2022-09-30 12:44:33,177] {dag.py:2398} INFO - Sync 1 DAGs
[2022-09-30 12:44:33,199] {logging_mixin.py:109} INFO - [2022-09-30 12:44:33,198] {dag.py:2937} INFO - Setting next_dagrun for example_branch_labels to 2022-09-29 00:00:00+00:00
[2022-09-30 12:44:33,213] {processor.py:171} INFO - Processing /home/airflow/.local/lib/python3.7/site-packages/airflow/example_dags/example_branch_labels.py took 0.090 seconds
[2022-09-30 12:45:03,650] {processor.py:163} INFO - Started process (PID=1507) to work on /home/airflow/.local/lib/python3.7/site-packages/airflow/example_dags/example_branch_labels.py
[2022-09-30 12:45:03,652] {processor.py:642} INFO - Processing file /home/airflow/.local/lib/python3.7/site-packages/airflow/example_dags/example_branch_labels.py for tasks to queue
[2022-09-30 12:45:03,654] {logging_mixin.py:109} INFO - [2022-09-30 12:45:03,654] {dagbag.py:500} INFO - Filling up the DagBag from /home/airflow/.local/lib/python3.7/site-packages/airflow/example_dags/example_branch_labels.py
[2022-09-30 12:45:03,691] {processor.py:654} INFO - DAG(s) dict_keys(['example_branch_labels']) retrieved from /home/airflow/.local/lib/python3.7/site-packages/airflow/example_dags/example_branch_labels.py
[2022-09-30 12:45:03,705] {logging_mixin.py:109} INFO - [2022-09-30 12:45:03,705] {dag.py:2398} INFO - Sync 1 DAGs
[2022-09-30 12:45:03,730] {logging_mixin.py:109} INFO - [2022-09-30 12:45:03,730] {dag.py:2937} INFO - Setting next_dagrun for example_branch_labels to 2022-09-29 00:00:00+00:00
[2022-09-30 12:45:03,740] {processor.py:171} INFO - Processing /home/airflow/.local/lib/python3.7/site-packages/airflow/example_dags/example_branch_labels.py took 0.093 seconds
[2022-09-30 12:45:33,866] {processor.py:163} INFO - Started process (PID=1558) to work on /home/airflow/.local/lib/python3.7/site-packages/airflow/example_dags/example_branch_labels.py
[2022-09-30 12:45:33,867] {processor.py:642} INFO - Processing file /home/airflow/.local/lib/python3.7/site-packages/airflow/example_dags/example_branch_labels.py for tasks to queue
[2022-09-30 12:45:33,869] {logging_mixin.py:109} INFO - [2022-09-30 12:45:33,869] {dagbag.py:500} INFO - Filling up the DagBag from /home/airflow/.local/lib/python3.7/site-packages/airflow/example_dags/example_branch_labels.py
[2022-09-30 12:45:33,903] {processor.py:654} INFO - DAG(s) dict_keys(['example_branch_labels']) retrieved from /home/airflow/.local/lib/python3.7/site-packages/airflow/example_dags/example_branch_labels.py
[2022-09-30 12:45:33,915] {logging_mixin.py:109} INFO - [2022-09-30 12:45:33,914] {dag.py:2398} INFO - Sync 1 DAGs
[2022-09-30 12:45:33,933] {logging_mixin.py:109} INFO - [2022-09-30 12:45:33,933] {dag.py:2937} INFO - Setting next_dagrun for example_branch_labels to 2022-09-29 00:00:00+00:00
[2022-09-30 12:45:33,943] {processor.py:171} INFO - Processing /home/airflow/.local/lib/python3.7/site-packages/airflow/example_dags/example_branch_labels.py took 0.080 seconds
[2022-09-30 12:46:04,368] {processor.py:163} INFO - Started process (PID=1617) to work on /home/airflow/.local/lib/python3.7/site-packages/airflow/example_dags/example_branch_labels.py
[2022-09-30 12:46:04,375] {processor.py:642} INFO - Processing file /home/airflow/.local/lib/python3.7/site-packages/airflow/example_dags/example_branch_labels.py for tasks to queue
[2022-09-30 12:46:04,380] {logging_mixin.py:109} INFO - [2022-09-30 12:46:04,379] {dagbag.py:500} INFO - Filling up the DagBag from /home/airflow/.local/lib/python3.7/site-packages/airflow/example_dags/example_branch_labels.py
[2022-09-30 12:46:04,440] {processor.py:654} INFO - DAG(s) dict_keys(['example_branch_labels']) retrieved from /home/airflow/.local/lib/python3.7/site-packages/airflow/example_dags/example_branch_labels.py
[2022-09-30 12:46:04,454] {logging_mixin.py:109} INFO - [2022-09-30 12:46:04,454] {dag.py:2398} INFO - Sync 1 DAGs
[2022-09-30 12:46:04,475] {logging_mixin.py:109} INFO - [2022-09-30 12:46:04,475] {dag.py:2937} INFO - Setting next_dagrun for example_branch_labels to 2022-09-29 00:00:00+00:00
[2022-09-30 12:46:04,487] {processor.py:171} INFO - Processing /home/airflow/.local/lib/python3.7/site-packages/airflow/example_dags/example_branch_labels.py took 0.123 seconds
[2022-09-30 12:46:34,902] {processor.py:163} INFO - Started process (PID=1669) to work on /home/airflow/.local/lib/python3.7/site-packages/airflow/example_dags/example_branch_labels.py
[2022-09-30 12:46:34,904] {processor.py:642} INFO - Processing file /home/airflow/.local/lib/python3.7/site-packages/airflow/example_dags/example_branch_labels.py for tasks to queue
[2022-09-30 12:46:34,906] {logging_mixin.py:109} INFO - [2022-09-30 12:46:34,906] {dagbag.py:500} INFO - Filling up the DagBag from /home/airflow/.local/lib/python3.7/site-packages/airflow/example_dags/example_branch_labels.py
[2022-09-30 12:46:34,940] {processor.py:654} INFO - DAG(s) dict_keys(['example_branch_labels']) retrieved from /home/airflow/.local/lib/python3.7/site-packages/airflow/example_dags/example_branch_labels.py
[2022-09-30 12:46:34,951] {logging_mixin.py:109} INFO - [2022-09-30 12:46:34,950] {dag.py:2398} INFO - Sync 1 DAGs
[2022-09-30 12:46:34,967] {logging_mixin.py:109} INFO - [2022-09-30 12:46:34,966] {dag.py:2937} INFO - Setting next_dagrun for example_branch_labels to 2022-09-29 00:00:00+00:00
[2022-09-30 12:46:34,980] {processor.py:171} INFO - Processing /home/airflow/.local/lib/python3.7/site-packages/airflow/example_dags/example_branch_labels.py took 0.083 seconds
[2022-09-30 12:47:05,521] {processor.py:163} INFO - Started process (PID=1721) to work on /home/airflow/.local/lib/python3.7/site-packages/airflow/example_dags/example_branch_labels.py
[2022-09-30 12:47:05,524] {processor.py:642} INFO - Processing file /home/airflow/.local/lib/python3.7/site-packages/airflow/example_dags/example_branch_labels.py for tasks to queue
[2022-09-30 12:47:05,525] {logging_mixin.py:109} INFO - [2022-09-30 12:47:05,525] {dagbag.py:500} INFO - Filling up the DagBag from /home/airflow/.local/lib/python3.7/site-packages/airflow/example_dags/example_branch_labels.py
[2022-09-30 12:47:05,569] {processor.py:654} INFO - DAG(s) dict_keys(['example_branch_labels']) retrieved from /home/airflow/.local/lib/python3.7/site-packages/airflow/example_dags/example_branch_labels.py
[2022-09-30 12:47:05,585] {logging_mixin.py:109} INFO - [2022-09-30 12:47:05,585] {dag.py:2398} INFO - Sync 1 DAGs
[2022-09-30 12:47:05,608] {logging_mixin.py:109} INFO - [2022-09-30 12:47:05,608] {dag.py:2937} INFO - Setting next_dagrun for example_branch_labels to 2022-09-29 00:00:00+00:00
[2022-09-30 12:47:05,621] {processor.py:171} INFO - Processing /home/airflow/.local/lib/python3.7/site-packages/airflow/example_dags/example_branch_labels.py took 0.105 seconds
[2022-09-30 12:47:36,143] {processor.py:163} INFO - Started process (PID=1782) to work on /home/airflow/.local/lib/python3.7/site-packages/airflow/example_dags/example_branch_labels.py
[2022-09-30 12:47:36,145] {processor.py:642} INFO - Processing file /home/airflow/.local/lib/python3.7/site-packages/airflow/example_dags/example_branch_labels.py for tasks to queue
[2022-09-30 12:47:36,147] {logging_mixin.py:109} INFO - [2022-09-30 12:47:36,146] {dagbag.py:500} INFO - Filling up the DagBag from /home/airflow/.local/lib/python3.7/site-packages/airflow/example_dags/example_branch_labels.py
[2022-09-30 12:47:36,179] {processor.py:654} INFO - DAG(s) dict_keys(['example_branch_labels']) retrieved from /home/airflow/.local/lib/python3.7/site-packages/airflow/example_dags/example_branch_labels.py
[2022-09-30 12:47:36,189] {logging_mixin.py:109} INFO - [2022-09-30 12:47:36,189] {dag.py:2398} INFO - Sync 1 DAGs
[2022-09-30 12:47:36,206] {logging_mixin.py:109} INFO - [2022-09-30 12:47:36,206] {dag.py:2937} INFO - Setting next_dagrun for example_branch_labels to 2022-09-29 00:00:00+00:00
[2022-09-30 12:47:36,217] {processor.py:171} INFO - Processing /home/airflow/.local/lib/python3.7/site-packages/airflow/example_dags/example_branch_labels.py took 0.080 seconds
[2022-09-30 12:48:06,468] {processor.py:163} INFO - Started process (PID=1833) to work on /home/airflow/.local/lib/python3.7/site-packages/airflow/example_dags/example_branch_labels.py
[2022-09-30 12:48:06,470] {processor.py:642} INFO - Processing file /home/airflow/.local/lib/python3.7/site-packages/airflow/example_dags/example_branch_labels.py for tasks to queue
[2022-09-30 12:48:06,472] {logging_mixin.py:109} INFO - [2022-09-30 12:48:06,472] {dagbag.py:500} INFO - Filling up the DagBag from /home/airflow/.local/lib/python3.7/site-packages/airflow/example_dags/example_branch_labels.py
[2022-09-30 12:48:06,507] {processor.py:654} INFO - DAG(s) dict_keys(['example_branch_labels']) retrieved from /home/airflow/.local/lib/python3.7/site-packages/airflow/example_dags/example_branch_labels.py
[2022-09-30 12:48:06,518] {logging_mixin.py:109} INFO - [2022-09-30 12:48:06,518] {dag.py:2398} INFO - Sync 1 DAGs
[2022-09-30 12:48:06,537] {logging_mixin.py:109} INFO - [2022-09-30 12:48:06,536] {dag.py:2937} INFO - Setting next_dagrun for example_branch_labels to 2022-09-29 00:00:00+00:00
[2022-09-30 12:48:06,545] {processor.py:171} INFO - Processing /home/airflow/.local/lib/python3.7/site-packages/airflow/example_dags/example_branch_labels.py took 0.088 seconds
[2022-09-30 12:48:37,128] {processor.py:163} INFO - Started process (PID=1895) to work on /home/airflow/.local/lib/python3.7/site-packages/airflow/example_dags/example_branch_labels.py
[2022-09-30 12:48:37,130] {processor.py:642} INFO - Processing file /home/airflow/.local/lib/python3.7/site-packages/airflow/example_dags/example_branch_labels.py for tasks to queue
[2022-09-30 12:48:37,131] {logging_mixin.py:109} INFO - [2022-09-30 12:48:37,131] {dagbag.py:500} INFO - Filling up the DagBag from /home/airflow/.local/lib/python3.7/site-packages/airflow/example_dags/example_branch_labels.py
[2022-09-30 12:48:37,164] {processor.py:654} INFO - DAG(s) dict_keys(['example_branch_labels']) retrieved from /home/airflow/.local/lib/python3.7/site-packages/airflow/example_dags/example_branch_labels.py
[2022-09-30 12:48:37,176] {logging_mixin.py:109} INFO - [2022-09-30 12:48:37,176] {dag.py:2398} INFO - Sync 1 DAGs
[2022-09-30 12:48:37,194] {logging_mixin.py:109} INFO - [2022-09-30 12:48:37,194] {dag.py:2937} INFO - Setting next_dagrun for example_branch_labels to 2022-09-29 00:00:00+00:00
[2022-09-30 12:48:37,216] {processor.py:171} INFO - Processing /home/airflow/.local/lib/python3.7/site-packages/airflow/example_dags/example_branch_labels.py took 0.092 seconds
[2022-09-30 12:49:07,418] {processor.py:163} INFO - Started process (PID=1946) to work on /home/airflow/.local/lib/python3.7/site-packages/airflow/example_dags/example_branch_labels.py
[2022-09-30 12:49:07,420] {processor.py:642} INFO - Processing file /home/airflow/.local/lib/python3.7/site-packages/airflow/example_dags/example_branch_labels.py for tasks to queue
[2022-09-30 12:49:07,422] {logging_mixin.py:109} INFO - [2022-09-30 12:49:07,422] {dagbag.py:500} INFO - Filling up the DagBag from /home/airflow/.local/lib/python3.7/site-packages/airflow/example_dags/example_branch_labels.py
[2022-09-30 12:49:07,459] {processor.py:654} INFO - DAG(s) dict_keys(['example_branch_labels']) retrieved from /home/airflow/.local/lib/python3.7/site-packages/airflow/example_dags/example_branch_labels.py
[2022-09-30 12:49:07,473] {logging_mixin.py:109} INFO - [2022-09-30 12:49:07,473] {dag.py:2398} INFO - Sync 1 DAGs
[2022-09-30 12:49:07,493] {logging_mixin.py:109} INFO - [2022-09-30 12:49:07,493] {dag.py:2937} INFO - Setting next_dagrun for example_branch_labels to 2022-09-29 00:00:00+00:00
[2022-09-30 12:49:07,503] {processor.py:171} INFO - Processing /home/airflow/.local/lib/python3.7/site-packages/airflow/example_dags/example_branch_labels.py took 0.091 seconds
[2022-09-30 12:49:37,803] {processor.py:163} INFO - Started process (PID=2007) to work on /home/airflow/.local/lib/python3.7/site-packages/airflow/example_dags/example_branch_labels.py
[2022-09-30 12:49:37,805] {processor.py:642} INFO - Processing file /home/airflow/.local/lib/python3.7/site-packages/airflow/example_dags/example_branch_labels.py for tasks to queue
[2022-09-30 12:49:37,806] {logging_mixin.py:109} INFO - [2022-09-30 12:49:37,806] {dagbag.py:500} INFO - Filling up the DagBag from /home/airflow/.local/lib/python3.7/site-packages/airflow/example_dags/example_branch_labels.py
[2022-09-30 12:49:37,841] {processor.py:654} INFO - DAG(s) dict_keys(['example_branch_labels']) retrieved from /home/airflow/.local/lib/python3.7/site-packages/airflow/example_dags/example_branch_labels.py
[2022-09-30 12:49:37,852] {logging_mixin.py:109} INFO - [2022-09-30 12:49:37,852] {dag.py:2398} INFO - Sync 1 DAGs
[2022-09-30 12:49:37,869] {logging_mixin.py:109} INFO - [2022-09-30 12:49:37,869] {dag.py:2937} INFO - Setting next_dagrun for example_branch_labels to 2022-09-29 00:00:00+00:00
[2022-09-30 12:49:37,882] {processor.py:171} INFO - Processing /home/airflow/.local/lib/python3.7/site-packages/airflow/example_dags/example_branch_labels.py took 0.084 seconds
[2022-09-30 12:50:08,277] {processor.py:163} INFO - Started process (PID=2058) to work on /home/airflow/.local/lib/python3.7/site-packages/airflow/example_dags/example_branch_labels.py
[2022-09-30 12:50:08,289] {processor.py:642} INFO - Processing file /home/airflow/.local/lib/python3.7/site-packages/airflow/example_dags/example_branch_labels.py for tasks to queue
[2022-09-30 12:50:08,290] {logging_mixin.py:109} INFO - [2022-09-30 12:50:08,290] {dagbag.py:500} INFO - Filling up the DagBag from /home/airflow/.local/lib/python3.7/site-packages/airflow/example_dags/example_branch_labels.py
[2022-09-30 12:50:08,326] {processor.py:654} INFO - DAG(s) dict_keys(['example_branch_labels']) retrieved from /home/airflow/.local/lib/python3.7/site-packages/airflow/example_dags/example_branch_labels.py
[2022-09-30 12:50:08,337] {logging_mixin.py:109} INFO - [2022-09-30 12:50:08,337] {dag.py:2398} INFO - Sync 1 DAGs
[2022-09-30 12:50:08,357] {logging_mixin.py:109} INFO - [2022-09-30 12:50:08,357] {dag.py:2937} INFO - Setting next_dagrun for example_branch_labels to 2022-09-29 00:00:00+00:00
[2022-09-30 12:50:08,368] {processor.py:171} INFO - Processing /home/airflow/.local/lib/python3.7/site-packages/airflow/example_dags/example_branch_labels.py took 0.094 seconds
[2022-09-30 12:50:38,657] {processor.py:163} INFO - Started process (PID=2109) to work on /home/airflow/.local/lib/python3.7/site-packages/airflow/example_dags/example_branch_labels.py
[2022-09-30 12:50:38,660] {processor.py:642} INFO - Processing file /home/airflow/.local/lib/python3.7/site-packages/airflow/example_dags/example_branch_labels.py for tasks to queue
[2022-09-30 12:50:38,662] {logging_mixin.py:109} INFO - [2022-09-30 12:50:38,662] {dagbag.py:500} INFO - Filling up the DagBag from /home/airflow/.local/lib/python3.7/site-packages/airflow/example_dags/example_branch_labels.py
[2022-09-30 12:50:38,700] {processor.py:654} INFO - DAG(s) dict_keys(['example_branch_labels']) retrieved from /home/airflow/.local/lib/python3.7/site-packages/airflow/example_dags/example_branch_labels.py
[2022-09-30 12:50:38,713] {logging_mixin.py:109} INFO - [2022-09-30 12:50:38,712] {dag.py:2398} INFO - Sync 1 DAGs
[2022-09-30 12:50:38,731] {logging_mixin.py:109} INFO - [2022-09-30 12:50:38,731] {dag.py:2937} INFO - Setting next_dagrun for example_branch_labels to 2022-09-29 00:00:00+00:00
[2022-09-30 12:50:38,741] {processor.py:171} INFO - Processing /home/airflow/.local/lib/python3.7/site-packages/airflow/example_dags/example_branch_labels.py took 0.089 seconds
[2022-09-30 12:51:09,235] {processor.py:163} INFO - Started process (PID=2170) to work on /home/airflow/.local/lib/python3.7/site-packages/airflow/example_dags/example_branch_labels.py
[2022-09-30 12:51:09,238] {processor.py:642} INFO - Processing file /home/airflow/.local/lib/python3.7/site-packages/airflow/example_dags/example_branch_labels.py for tasks to queue
[2022-09-30 12:51:09,239] {logging_mixin.py:109} INFO - [2022-09-30 12:51:09,239] {dagbag.py:500} INFO - Filling up the DagBag from /home/airflow/.local/lib/python3.7/site-packages/airflow/example_dags/example_branch_labels.py
[2022-09-30 12:51:09,283] {processor.py:654} INFO - DAG(s) dict_keys(['example_branch_labels']) retrieved from /home/airflow/.local/lib/python3.7/site-packages/airflow/example_dags/example_branch_labels.py
[2022-09-30 12:51:09,293] {logging_mixin.py:109} INFO - [2022-09-30 12:51:09,293] {dag.py:2398} INFO - Sync 1 DAGs
[2022-09-30 12:51:09,316] {logging_mixin.py:109} INFO - [2022-09-30 12:51:09,315] {dag.py:2937} INFO - Setting next_dagrun for example_branch_labels to 2022-09-29 00:00:00+00:00
[2022-09-30 12:51:09,325] {processor.py:171} INFO - Processing /home/airflow/.local/lib/python3.7/site-packages/airflow/example_dags/example_branch_labels.py took 0.094 seconds
[2022-09-30 12:51:40,085] {processor.py:163} INFO - Started process (PID=2222) to work on /home/airflow/.local/lib/python3.7/site-packages/airflow/example_dags/example_branch_labels.py
[2022-09-30 12:51:40,087] {processor.py:642} INFO - Processing file /home/airflow/.local/lib/python3.7/site-packages/airflow/example_dags/example_branch_labels.py for tasks to queue
[2022-09-30 12:51:40,089] {logging_mixin.py:109} INFO - [2022-09-30 12:51:40,089] {dagbag.py:500} INFO - Filling up the DagBag from /home/airflow/.local/lib/python3.7/site-packages/airflow/example_dags/example_branch_labels.py
[2022-09-30 12:51:40,125] {processor.py:654} INFO - DAG(s) dict_keys(['example_branch_labels']) retrieved from /home/airflow/.local/lib/python3.7/site-packages/airflow/example_dags/example_branch_labels.py
[2022-09-30 12:51:40,140] {logging_mixin.py:109} INFO - [2022-09-30 12:51:40,140] {dag.py:2398} INFO - Sync 1 DAGs
[2022-09-30 12:51:40,160] {logging_mixin.py:109} INFO - [2022-09-30 12:51:40,160] {dag.py:2937} INFO - Setting next_dagrun for example_branch_labels to 2022-09-29 00:00:00+00:00
[2022-09-30 12:51:40,193] {processor.py:171} INFO - Processing /home/airflow/.local/lib/python3.7/site-packages/airflow/example_dags/example_branch_labels.py took 0.111 seconds
[2022-09-30 12:54:35,514] {processor.py:163} INFO - Started process (PID=2247) to work on /home/airflow/.local/lib/python3.7/site-packages/airflow/example_dags/example_branch_labels.py
[2022-09-30 12:54:35,516] {processor.py:642} INFO - Processing file /home/airflow/.local/lib/python3.7/site-packages/airflow/example_dags/example_branch_labels.py for tasks to queue
[2022-09-30 12:54:35,517] {logging_mixin.py:109} INFO - [2022-09-30 12:54:35,517] {dagbag.py:500} INFO - Filling up the DagBag from /home/airflow/.local/lib/python3.7/site-packages/airflow/example_dags/example_branch_labels.py
[2022-09-30 12:54:35,575] {processor.py:654} INFO - DAG(s) dict_keys(['example_branch_labels']) retrieved from /home/airflow/.local/lib/python3.7/site-packages/airflow/example_dags/example_branch_labels.py
[2022-09-30 12:54:35,587] {logging_mixin.py:109} INFO - [2022-09-30 12:54:35,587] {dag.py:2398} INFO - Sync 1 DAGs
[2022-09-30 12:54:35,608] {logging_mixin.py:109} INFO - [2022-09-30 12:54:35,608] {dag.py:2937} INFO - Setting next_dagrun for example_branch_labels to 2022-09-29 00:00:00+00:00
[2022-09-30 12:54:35,620] {processor.py:171} INFO - Processing /home/airflow/.local/lib/python3.7/site-packages/airflow/example_dags/example_branch_labels.py took 0.110 seconds
[2022-09-30 12:59:35,664] {processor.py:163} INFO - Started process (PID=2302) to work on /home/airflow/.local/lib/python3.7/site-packages/airflow/example_dags/example_branch_labels.py
[2022-09-30 12:59:35,667] {processor.py:642} INFO - Processing file /home/airflow/.local/lib/python3.7/site-packages/airflow/example_dags/example_branch_labels.py for tasks to queue
[2022-09-30 12:59:35,669] {logging_mixin.py:109} INFO - [2022-09-30 12:59:35,669] {dagbag.py:500} INFO - Filling up the DagBag from /home/airflow/.local/lib/python3.7/site-packages/airflow/example_dags/example_branch_labels.py
[2022-09-30 12:59:35,750] {processor.py:654} INFO - DAG(s) dict_keys(['example_branch_labels']) retrieved from /home/airflow/.local/lib/python3.7/site-packages/airflow/example_dags/example_branch_labels.py
[2022-09-30 12:59:35,812] {logging_mixin.py:109} INFO - [2022-09-30 12:59:35,805] {dag.py:2398} INFO - Sync 1 DAGs
[2022-09-30 12:59:35,891] {logging_mixin.py:109} INFO - [2022-09-30 12:59:35,891] {dag.py:2937} INFO - Setting next_dagrun for example_branch_labels to 2022-09-29 00:00:00+00:00
[2022-09-30 12:59:35,917] {processor.py:171} INFO - Processing /home/airflow/.local/lib/python3.7/site-packages/airflow/example_dags/example_branch_labels.py took 0.265 seconds
[2022-09-30 13:03:07,264] {processor.py:163} INFO - Started process (PID=2375) to work on /home/airflow/.local/lib/python3.7/site-packages/airflow/example_dags/example_branch_labels.py
[2022-09-30 13:03:07,279] {processor.py:642} INFO - Processing file /home/airflow/.local/lib/python3.7/site-packages/airflow/example_dags/example_branch_labels.py for tasks to queue
[2022-09-30 13:03:07,287] {logging_mixin.py:109} INFO - [2022-09-30 13:03:07,284] {dagbag.py:500} INFO - Filling up the DagBag from /home/airflow/.local/lib/python3.7/site-packages/airflow/example_dags/example_branch_labels.py
[2022-09-30 13:03:07,583] {processor.py:654} INFO - DAG(s) dict_keys(['example_branch_labels']) retrieved from /home/airflow/.local/lib/python3.7/site-packages/airflow/example_dags/example_branch_labels.py
[2022-09-30 13:03:07,730] {logging_mixin.py:109} INFO - [2022-09-30 13:03:07,727] {dag.py:2398} INFO - Sync 1 DAGs
[2022-09-30 13:03:07,877] {logging_mixin.py:109} INFO - [2022-09-30 13:03:07,876] {dag.py:2937} INFO - Setting next_dagrun for example_branch_labels to 2022-09-29 00:00:00+00:00
[2022-09-30 13:03:07,958] {processor.py:171} INFO - Processing /home/airflow/.local/lib/python3.7/site-packages/airflow/example_dags/example_branch_labels.py took 0.720 seconds
[2022-09-30 13:03:38,617] {processor.py:163} INFO - Started process (PID=2427) to work on /home/airflow/.local/lib/python3.7/site-packages/airflow/example_dags/example_branch_labels.py
[2022-09-30 13:03:38,620] {processor.py:642} INFO - Processing file /home/airflow/.local/lib/python3.7/site-packages/airflow/example_dags/example_branch_labels.py for tasks to queue
[2022-09-30 13:03:38,621] {logging_mixin.py:109} INFO - [2022-09-30 13:03:38,621] {dagbag.py:500} INFO - Filling up the DagBag from /home/airflow/.local/lib/python3.7/site-packages/airflow/example_dags/example_branch_labels.py
[2022-09-30 13:03:38,658] {processor.py:654} INFO - DAG(s) dict_keys(['example_branch_labels']) retrieved from /home/airflow/.local/lib/python3.7/site-packages/airflow/example_dags/example_branch_labels.py
[2022-09-30 13:03:38,674] {logging_mixin.py:109} INFO - [2022-09-30 13:03:38,674] {dag.py:2398} INFO - Sync 1 DAGs
[2022-09-30 13:03:38,699] {logging_mixin.py:109} INFO - [2022-09-30 13:03:38,699] {dag.py:2937} INFO - Setting next_dagrun for example_branch_labels to 2022-09-29 00:00:00+00:00
[2022-09-30 13:03:38,711] {processor.py:171} INFO - Processing /home/airflow/.local/lib/python3.7/site-packages/airflow/example_dags/example_branch_labels.py took 0.098 seconds
[2022-09-30 13:04:09,460] {processor.py:163} INFO - Started process (PID=2478) to work on /home/airflow/.local/lib/python3.7/site-packages/airflow/example_dags/example_branch_labels.py
[2022-09-30 13:04:09,464] {processor.py:642} INFO - Processing file /home/airflow/.local/lib/python3.7/site-packages/airflow/example_dags/example_branch_labels.py for tasks to queue
[2022-09-30 13:04:09,466] {logging_mixin.py:109} INFO - [2022-09-30 13:04:09,466] {dagbag.py:500} INFO - Filling up the DagBag from /home/airflow/.local/lib/python3.7/site-packages/airflow/example_dags/example_branch_labels.py
[2022-09-30 13:04:09,523] {processor.py:654} INFO - DAG(s) dict_keys(['example_branch_labels']) retrieved from /home/airflow/.local/lib/python3.7/site-packages/airflow/example_dags/example_branch_labels.py
[2022-09-30 13:04:09,537] {logging_mixin.py:109} INFO - [2022-09-30 13:04:09,537] {dag.py:2398} INFO - Sync 1 DAGs
[2022-09-30 13:04:09,555] {logging_mixin.py:109} INFO - [2022-09-30 13:04:09,555] {dag.py:2937} INFO - Setting next_dagrun for example_branch_labels to 2022-09-29 00:00:00+00:00
[2022-09-30 13:04:09,565] {processor.py:171} INFO - Processing /home/airflow/.local/lib/python3.7/site-packages/airflow/example_dags/example_branch_labels.py took 0.111 seconds
[2022-09-30 13:04:40,039] {processor.py:163} INFO - Started process (PID=2539) to work on /home/airflow/.local/lib/python3.7/site-packages/airflow/example_dags/example_branch_labels.py
[2022-09-30 13:04:40,041] {processor.py:642} INFO - Processing file /home/airflow/.local/lib/python3.7/site-packages/airflow/example_dags/example_branch_labels.py for tasks to queue
[2022-09-30 13:04:40,044] {logging_mixin.py:109} INFO - [2022-09-30 13:04:40,044] {dagbag.py:500} INFO - Filling up the DagBag from /home/airflow/.local/lib/python3.7/site-packages/airflow/example_dags/example_branch_labels.py
[2022-09-30 13:04:40,083] {processor.py:654} INFO - DAG(s) dict_keys(['example_branch_labels']) retrieved from /home/airflow/.local/lib/python3.7/site-packages/airflow/example_dags/example_branch_labels.py
[2022-09-30 13:04:40,095] {logging_mixin.py:109} INFO - [2022-09-30 13:04:40,095] {dag.py:2398} INFO - Sync 1 DAGs
[2022-09-30 13:04:40,112] {logging_mixin.py:109} INFO - [2022-09-30 13:04:40,112] {dag.py:2937} INFO - Setting next_dagrun for example_branch_labels to 2022-09-29 00:00:00+00:00
[2022-09-30 13:04:40,124] {processor.py:171} INFO - Processing /home/airflow/.local/lib/python3.7/site-packages/airflow/example_dags/example_branch_labels.py took 0.089 seconds
[2022-09-30 13:05:10,432] {processor.py:163} INFO - Started process (PID=2590) to work on /home/airflow/.local/lib/python3.7/site-packages/airflow/example_dags/example_branch_labels.py
[2022-09-30 13:05:10,436] {processor.py:642} INFO - Processing file /home/airflow/.local/lib/python3.7/site-packages/airflow/example_dags/example_branch_labels.py for tasks to queue
[2022-09-30 13:05:10,438] {logging_mixin.py:109} INFO - [2022-09-30 13:05:10,437] {dagbag.py:500} INFO - Filling up the DagBag from /home/airflow/.local/lib/python3.7/site-packages/airflow/example_dags/example_branch_labels.py
[2022-09-30 13:05:10,470] {processor.py:654} INFO - DAG(s) dict_keys(['example_branch_labels']) retrieved from /home/airflow/.local/lib/python3.7/site-packages/airflow/example_dags/example_branch_labels.py
[2022-09-30 13:05:10,482] {logging_mixin.py:109} INFO - [2022-09-30 13:05:10,481] {dag.py:2398} INFO - Sync 1 DAGs
[2022-09-30 13:05:10,496] {logging_mixin.py:109} INFO - [2022-09-30 13:05:10,496] {dag.py:2937} INFO - Setting next_dagrun for example_branch_labels to 2022-09-29 00:00:00+00:00
[2022-09-30 13:05:10,507] {processor.py:171} INFO - Processing /home/airflow/.local/lib/python3.7/site-packages/airflow/example_dags/example_branch_labels.py took 0.079 seconds
[2022-09-30 13:05:41,037] {processor.py:163} INFO - Started process (PID=2651) to work on /home/airflow/.local/lib/python3.7/site-packages/airflow/example_dags/example_branch_labels.py
[2022-09-30 13:05:41,042] {processor.py:642} INFO - Processing file /home/airflow/.local/lib/python3.7/site-packages/airflow/example_dags/example_branch_labels.py for tasks to queue
[2022-09-30 13:05:41,044] {logging_mixin.py:109} INFO - [2022-09-30 13:05:41,044] {dagbag.py:500} INFO - Filling up the DagBag from /home/airflow/.local/lib/python3.7/site-packages/airflow/example_dags/example_branch_labels.py
[2022-09-30 13:05:41,091] {processor.py:654} INFO - DAG(s) dict_keys(['example_branch_labels']) retrieved from /home/airflow/.local/lib/python3.7/site-packages/airflow/example_dags/example_branch_labels.py
[2022-09-30 13:05:41,105] {logging_mixin.py:109} INFO - [2022-09-30 13:05:41,105] {dag.py:2398} INFO - Sync 1 DAGs
[2022-09-30 13:05:41,126] {logging_mixin.py:109} INFO - [2022-09-30 13:05:41,126] {dag.py:2937} INFO - Setting next_dagrun for example_branch_labels to 2022-09-29 00:00:00+00:00
[2022-09-30 13:05:41,140] {processor.py:171} INFO - Processing /home/airflow/.local/lib/python3.7/site-packages/airflow/example_dags/example_branch_labels.py took 0.107 seconds
[2022-09-30 13:06:11,673] {processor.py:163} INFO - Started process (PID=2702) to work on /home/airflow/.local/lib/python3.7/site-packages/airflow/example_dags/example_branch_labels.py
[2022-09-30 13:06:11,676] {processor.py:642} INFO - Processing file /home/airflow/.local/lib/python3.7/site-packages/airflow/example_dags/example_branch_labels.py for tasks to queue
[2022-09-30 13:06:11,678] {logging_mixin.py:109} INFO - [2022-09-30 13:06:11,678] {dagbag.py:500} INFO - Filling up the DagBag from /home/airflow/.local/lib/python3.7/site-packages/airflow/example_dags/example_branch_labels.py
[2022-09-30 13:06:11,753] {processor.py:654} INFO - DAG(s) dict_keys(['example_branch_labels']) retrieved from /home/airflow/.local/lib/python3.7/site-packages/airflow/example_dags/example_branch_labels.py
[2022-09-30 13:06:11,770] {logging_mixin.py:109} INFO - [2022-09-30 13:06:11,770] {dag.py:2398} INFO - Sync 1 DAGs
[2022-09-30 13:06:11,793] {logging_mixin.py:109} INFO - [2022-09-30 13:06:11,793] {dag.py:2937} INFO - Setting next_dagrun for example_branch_labels to 2022-09-29 00:00:00+00:00
[2022-09-30 13:06:11,811] {processor.py:171} INFO - Processing /home/airflow/.local/lib/python3.7/site-packages/airflow/example_dags/example_branch_labels.py took 0.143 seconds
