[2022-09-30 12:32:59,397] {processor.py:163} INFO - Started process (PID=167) to work on /home/airflow/.local/lib/python3.7/site-packages/airflow/example_dags/example_short_circuit_operator.py
[2022-09-30 12:32:59,400] {processor.py:642} INFO - Processing file /home/airflow/.local/lib/python3.7/site-packages/airflow/example_dags/example_short_circuit_operator.py for tasks to queue
[2022-09-30 12:32:59,402] {logging_mixin.py:109} INFO - [2022-09-30 12:32:59,402] {dagbag.py:500} INFO - Filling up the DagBag from /home/airflow/.local/lib/python3.7/site-packages/airflow/example_dags/example_short_circuit_operator.py
[2022-09-30 12:32:59,454] {processor.py:654} INFO - DAG(s) dict_keys(['example_short_circuit_operator']) retrieved from /home/airflow/.local/lib/python3.7/site-packages/airflow/example_dags/example_short_circuit_operator.py
[2022-09-30 12:33:01,430] {logging_mixin.py:109} INFO - [2022-09-30 12:33:01,429] {manager.py:496} INFO - Created Permission View: can edit on DAG:example_short_circuit_operator
[2022-09-30 12:33:01,440] {logging_mixin.py:109} INFO - [2022-09-30 12:33:01,440] {manager.py:496} INFO - Created Permission View: can read on DAG:example_short_circuit_operator
[2022-09-30 12:33:01,443] {logging_mixin.py:109} INFO - [2022-09-30 12:33:01,443] {dag.py:2398} INFO - Sync 1 DAGs
[2022-09-30 12:33:01,452] {logging_mixin.py:109} INFO - [2022-09-30 12:33:01,452] {dag.py:2417} INFO - Creating ORM DAG for example_short_circuit_operator
[2022-09-30 12:33:01,460] {logging_mixin.py:109} INFO - [2022-09-30 12:33:01,460] {dag.py:2937} INFO - Setting next_dagrun for example_short_circuit_operator to 2022-09-29T12:33:01.460645+00:00
[2022-09-30 12:33:01,475] {processor.py:171} INFO - Processing /home/airflow/.local/lib/python3.7/site-packages/airflow/example_dags/example_short_circuit_operator.py took 2.082 seconds
[2022-09-30 12:33:31,589] {processor.py:163} INFO - Started process (PID=262) to work on /home/airflow/.local/lib/python3.7/site-packages/airflow/example_dags/example_short_circuit_operator.py
[2022-09-30 12:33:31,593] {processor.py:642} INFO - Processing file /home/airflow/.local/lib/python3.7/site-packages/airflow/example_dags/example_short_circuit_operator.py for tasks to queue
[2022-09-30 12:33:31,596] {logging_mixin.py:109} INFO - [2022-09-30 12:33:31,596] {dagbag.py:500} INFO - Filling up the DagBag from /home/airflow/.local/lib/python3.7/site-packages/airflow/example_dags/example_short_circuit_operator.py
[2022-09-30 12:33:31,670] {processor.py:654} INFO - DAG(s) dict_keys(['example_short_circuit_operator']) retrieved from /home/airflow/.local/lib/python3.7/site-packages/airflow/example_dags/example_short_circuit_operator.py
[2022-09-30 12:33:31,693] {logging_mixin.py:109} INFO - [2022-09-30 12:33:31,693] {dag.py:2398} INFO - Sync 1 DAGs
[2022-09-30 12:33:31,736] {logging_mixin.py:109} INFO - [2022-09-30 12:33:31,736] {dag.py:2937} INFO - Setting next_dagrun for example_short_circuit_operator to 2022-09-29T12:33:31.736198+00:00
[2022-09-30 12:33:31,761] {processor.py:171} INFO - Processing /home/airflow/.local/lib/python3.7/site-packages/airflow/example_dags/example_short_circuit_operator.py took 0.178 seconds
[2022-09-30 12:34:02,741] {processor.py:163} INFO - Started process (PID=305) to work on /home/airflow/.local/lib/python3.7/site-packages/airflow/example_dags/example_short_circuit_operator.py
[2022-09-30 12:34:02,744] {processor.py:642} INFO - Processing file /home/airflow/.local/lib/python3.7/site-packages/airflow/example_dags/example_short_circuit_operator.py for tasks to queue
[2022-09-30 12:34:02,746] {logging_mixin.py:109} INFO - [2022-09-30 12:34:02,746] {dagbag.py:500} INFO - Filling up the DagBag from /home/airflow/.local/lib/python3.7/site-packages/airflow/example_dags/example_short_circuit_operator.py
[2022-09-30 12:34:02,792] {processor.py:654} INFO - DAG(s) dict_keys(['example_short_circuit_operator']) retrieved from /home/airflow/.local/lib/python3.7/site-packages/airflow/example_dags/example_short_circuit_operator.py
[2022-09-30 12:34:02,805] {logging_mixin.py:109} INFO - [2022-09-30 12:34:02,805] {dag.py:2398} INFO - Sync 1 DAGs
[2022-09-30 12:34:02,831] {logging_mixin.py:109} INFO - [2022-09-30 12:34:02,831] {dag.py:2937} INFO - Setting next_dagrun for example_short_circuit_operator to 2022-09-29T12:34:02.830841+00:00
[2022-09-30 12:34:02,848] {processor.py:171} INFO - Processing /home/airflow/.local/lib/python3.7/site-packages/airflow/example_dags/example_short_circuit_operator.py took 0.111 seconds
[2022-09-30 12:34:33,127] {processor.py:163} INFO - Started process (PID=365) to work on /home/airflow/.local/lib/python3.7/site-packages/airflow/example_dags/example_short_circuit_operator.py
[2022-09-30 12:34:33,129] {processor.py:642} INFO - Processing file /home/airflow/.local/lib/python3.7/site-packages/airflow/example_dags/example_short_circuit_operator.py for tasks to queue
[2022-09-30 12:34:33,131] {logging_mixin.py:109} INFO - [2022-09-30 12:34:33,131] {dagbag.py:500} INFO - Filling up the DagBag from /home/airflow/.local/lib/python3.7/site-packages/airflow/example_dags/example_short_circuit_operator.py
[2022-09-30 12:34:33,208] {processor.py:654} INFO - DAG(s) dict_keys(['example_short_circuit_operator']) retrieved from /home/airflow/.local/lib/python3.7/site-packages/airflow/example_dags/example_short_circuit_operator.py
[2022-09-30 12:34:33,234] {logging_mixin.py:109} INFO - [2022-09-30 12:34:33,234] {dag.py:2398} INFO - Sync 1 DAGs
[2022-09-30 12:34:33,262] {logging_mixin.py:109} INFO - [2022-09-30 12:34:33,262] {dag.py:2937} INFO - Setting next_dagrun for example_short_circuit_operator to 2022-09-29T12:34:33.261146+00:00
[2022-09-30 12:34:33,282] {processor.py:171} INFO - Processing /home/airflow/.local/lib/python3.7/site-packages/airflow/example_dags/example_short_circuit_operator.py took 0.160 seconds
[2022-09-30 12:35:04,038] {processor.py:163} INFO - Started process (PID=416) to work on /home/airflow/.local/lib/python3.7/site-packages/airflow/example_dags/example_short_circuit_operator.py
[2022-09-30 12:35:04,041] {processor.py:642} INFO - Processing file /home/airflow/.local/lib/python3.7/site-packages/airflow/example_dags/example_short_circuit_operator.py for tasks to queue
[2022-09-30 12:35:04,042] {logging_mixin.py:109} INFO - [2022-09-30 12:35:04,042] {dagbag.py:500} INFO - Filling up the DagBag from /home/airflow/.local/lib/python3.7/site-packages/airflow/example_dags/example_short_circuit_operator.py
[2022-09-30 12:35:04,078] {processor.py:654} INFO - DAG(s) dict_keys(['example_short_circuit_operator']) retrieved from /home/airflow/.local/lib/python3.7/site-packages/airflow/example_dags/example_short_circuit_operator.py
[2022-09-30 12:35:04,089] {logging_mixin.py:109} INFO - [2022-09-30 12:35:04,088] {dag.py:2398} INFO - Sync 1 DAGs
[2022-09-30 12:35:04,105] {logging_mixin.py:109} INFO - [2022-09-30 12:35:04,104] {dag.py:2937} INFO - Setting next_dagrun for example_short_circuit_operator to 2022-09-29T12:35:04.104649+00:00
[2022-09-30 12:35:04,149] {processor.py:171} INFO - Processing /home/airflow/.local/lib/python3.7/site-packages/airflow/example_dags/example_short_circuit_operator.py took 0.116 seconds
[2022-09-30 12:35:34,492] {processor.py:163} INFO - Started process (PID=466) to work on /home/airflow/.local/lib/python3.7/site-packages/airflow/example_dags/example_short_circuit_operator.py
[2022-09-30 12:35:34,494] {processor.py:642} INFO - Processing file /home/airflow/.local/lib/python3.7/site-packages/airflow/example_dags/example_short_circuit_operator.py for tasks to queue
[2022-09-30 12:35:34,495] {logging_mixin.py:109} INFO - [2022-09-30 12:35:34,495] {dagbag.py:500} INFO - Filling up the DagBag from /home/airflow/.local/lib/python3.7/site-packages/airflow/example_dags/example_short_circuit_operator.py
[2022-09-30 12:35:34,559] {processor.py:654} INFO - DAG(s) dict_keys(['example_short_circuit_operator']) retrieved from /home/airflow/.local/lib/python3.7/site-packages/airflow/example_dags/example_short_circuit_operator.py
[2022-09-30 12:35:34,595] {logging_mixin.py:109} INFO - [2022-09-30 12:35:34,595] {dag.py:2398} INFO - Sync 1 DAGs
[2022-09-30 12:35:34,670] {logging_mixin.py:109} INFO - [2022-09-30 12:35:34,670] {dag.py:2937} INFO - Setting next_dagrun for example_short_circuit_operator to 2022-09-29T12:35:34.670124+00:00
[2022-09-30 12:35:34,687] {processor.py:171} INFO - Processing /home/airflow/.local/lib/python3.7/site-packages/airflow/example_dags/example_short_circuit_operator.py took 0.199 seconds
[2022-09-30 12:36:05,688] {processor.py:163} INFO - Started process (PID=529) to work on /home/airflow/.local/lib/python3.7/site-packages/airflow/example_dags/example_short_circuit_operator.py
[2022-09-30 12:36:05,690] {processor.py:642} INFO - Processing file /home/airflow/.local/lib/python3.7/site-packages/airflow/example_dags/example_short_circuit_operator.py for tasks to queue
[2022-09-30 12:36:05,692] {logging_mixin.py:109} INFO - [2022-09-30 12:36:05,692] {dagbag.py:500} INFO - Filling up the DagBag from /home/airflow/.local/lib/python3.7/site-packages/airflow/example_dags/example_short_circuit_operator.py
[2022-09-30 12:36:05,737] {processor.py:654} INFO - DAG(s) dict_keys(['example_short_circuit_operator']) retrieved from /home/airflow/.local/lib/python3.7/site-packages/airflow/example_dags/example_short_circuit_operator.py
[2022-09-30 12:36:05,756] {logging_mixin.py:109} INFO - [2022-09-30 12:36:05,756] {dag.py:2398} INFO - Sync 1 DAGs
[2022-09-30 12:36:05,785] {logging_mixin.py:109} INFO - [2022-09-30 12:36:05,785] {dag.py:2937} INFO - Setting next_dagrun for example_short_circuit_operator to 2022-09-29T12:36:05.785260+00:00
[2022-09-30 12:36:05,800] {processor.py:171} INFO - Processing /home/airflow/.local/lib/python3.7/site-packages/airflow/example_dags/example_short_circuit_operator.py took 0.118 seconds
[2022-09-30 12:36:36,356] {processor.py:163} INFO - Started process (PID=581) to work on /home/airflow/.local/lib/python3.7/site-packages/airflow/example_dags/example_short_circuit_operator.py
[2022-09-30 12:36:36,359] {processor.py:642} INFO - Processing file /home/airflow/.local/lib/python3.7/site-packages/airflow/example_dags/example_short_circuit_operator.py for tasks to queue
[2022-09-30 12:36:36,362] {logging_mixin.py:109} INFO - [2022-09-30 12:36:36,362] {dagbag.py:500} INFO - Filling up the DagBag from /home/airflow/.local/lib/python3.7/site-packages/airflow/example_dags/example_short_circuit_operator.py
[2022-09-30 12:36:36,397] {processor.py:654} INFO - DAG(s) dict_keys(['example_short_circuit_operator']) retrieved from /home/airflow/.local/lib/python3.7/site-packages/airflow/example_dags/example_short_circuit_operator.py
[2022-09-30 12:36:36,408] {logging_mixin.py:109} INFO - [2022-09-30 12:36:36,408] {dag.py:2398} INFO - Sync 1 DAGs
[2022-09-30 12:36:36,423] {logging_mixin.py:109} INFO - [2022-09-30 12:36:36,423] {dag.py:2937} INFO - Setting next_dagrun for example_short_circuit_operator to 2022-09-29T12:36:36.423470+00:00
[2022-09-30 12:36:36,435] {processor.py:171} INFO - Processing /home/airflow/.local/lib/python3.7/site-packages/airflow/example_dags/example_short_circuit_operator.py took 0.083 seconds
[2022-09-30 12:37:07,065] {processor.py:163} INFO - Started process (PID=641) to work on /home/airflow/.local/lib/python3.7/site-packages/airflow/example_dags/example_short_circuit_operator.py
[2022-09-30 12:37:07,067] {processor.py:642} INFO - Processing file /home/airflow/.local/lib/python3.7/site-packages/airflow/example_dags/example_short_circuit_operator.py for tasks to queue
[2022-09-30 12:37:07,068] {logging_mixin.py:109} INFO - [2022-09-30 12:37:07,068] {dagbag.py:500} INFO - Filling up the DagBag from /home/airflow/.local/lib/python3.7/site-packages/airflow/example_dags/example_short_circuit_operator.py
[2022-09-30 12:37:07,104] {processor.py:654} INFO - DAG(s) dict_keys(['example_short_circuit_operator']) retrieved from /home/airflow/.local/lib/python3.7/site-packages/airflow/example_dags/example_short_circuit_operator.py
[2022-09-30 12:37:07,122] {logging_mixin.py:109} INFO - [2022-09-30 12:37:07,121] {dag.py:2398} INFO - Sync 1 DAGs
[2022-09-30 12:37:07,143] {logging_mixin.py:109} INFO - [2022-09-30 12:37:07,143] {dag.py:2937} INFO - Setting next_dagrun for example_short_circuit_operator to 2022-09-29T12:37:07.142836+00:00
[2022-09-30 12:37:07,156] {processor.py:171} INFO - Processing /home/airflow/.local/lib/python3.7/site-packages/airflow/example_dags/example_short_circuit_operator.py took 0.096 seconds
[2022-09-30 12:37:37,745] {processor.py:163} INFO - Started process (PID=692) to work on /home/airflow/.local/lib/python3.7/site-packages/airflow/example_dags/example_short_circuit_operator.py
[2022-09-30 12:37:37,747] {processor.py:642} INFO - Processing file /home/airflow/.local/lib/python3.7/site-packages/airflow/example_dags/example_short_circuit_operator.py for tasks to queue
[2022-09-30 12:37:37,748] {logging_mixin.py:109} INFO - [2022-09-30 12:37:37,748] {dagbag.py:500} INFO - Filling up the DagBag from /home/airflow/.local/lib/python3.7/site-packages/airflow/example_dags/example_short_circuit_operator.py
[2022-09-30 12:37:37,790] {processor.py:654} INFO - DAG(s) dict_keys(['example_short_circuit_operator']) retrieved from /home/airflow/.local/lib/python3.7/site-packages/airflow/example_dags/example_short_circuit_operator.py
[2022-09-30 12:37:37,803] {logging_mixin.py:109} INFO - [2022-09-30 12:37:37,803] {dag.py:2398} INFO - Sync 1 DAGs
[2022-09-30 12:37:37,820] {logging_mixin.py:109} INFO - [2022-09-30 12:37:37,819] {dag.py:2937} INFO - Setting next_dagrun for example_short_circuit_operator to 2022-09-29T12:37:37.819446+00:00
[2022-09-30 12:37:37,832] {processor.py:171} INFO - Processing /home/airflow/.local/lib/python3.7/site-packages/airflow/example_dags/example_short_circuit_operator.py took 0.090 seconds
[2022-09-30 12:38:08,165] {processor.py:163} INFO - Started process (PID=752) to work on /home/airflow/.local/lib/python3.7/site-packages/airflow/example_dags/example_short_circuit_operator.py
[2022-09-30 12:38:08,167] {processor.py:642} INFO - Processing file /home/airflow/.local/lib/python3.7/site-packages/airflow/example_dags/example_short_circuit_operator.py for tasks to queue
[2022-09-30 12:38:08,169] {logging_mixin.py:109} INFO - [2022-09-30 12:38:08,168] {dagbag.py:500} INFO - Filling up the DagBag from /home/airflow/.local/lib/python3.7/site-packages/airflow/example_dags/example_short_circuit_operator.py
[2022-09-30 12:38:08,202] {processor.py:654} INFO - DAG(s) dict_keys(['example_short_circuit_operator']) retrieved from /home/airflow/.local/lib/python3.7/site-packages/airflow/example_dags/example_short_circuit_operator.py
[2022-09-30 12:38:08,214] {logging_mixin.py:109} INFO - [2022-09-30 12:38:08,213] {dag.py:2398} INFO - Sync 1 DAGs
[2022-09-30 12:38:08,228] {logging_mixin.py:109} INFO - [2022-09-30 12:38:08,228] {dag.py:2937} INFO - Setting next_dagrun for example_short_circuit_operator to 2022-09-29T12:38:08.228488+00:00
[2022-09-30 12:38:08,240] {processor.py:171} INFO - Processing /home/airflow/.local/lib/python3.7/site-packages/airflow/example_dags/example_short_circuit_operator.py took 0.078 seconds
[2022-09-30 12:38:38,819] {processor.py:163} INFO - Started process (PID=803) to work on /home/airflow/.local/lib/python3.7/site-packages/airflow/example_dags/example_short_circuit_operator.py
[2022-09-30 12:38:38,821] {processor.py:642} INFO - Processing file /home/airflow/.local/lib/python3.7/site-packages/airflow/example_dags/example_short_circuit_operator.py for tasks to queue
[2022-09-30 12:38:38,822] {logging_mixin.py:109} INFO - [2022-09-30 12:38:38,822] {dagbag.py:500} INFO - Filling up the DagBag from /home/airflow/.local/lib/python3.7/site-packages/airflow/example_dags/example_short_circuit_operator.py
[2022-09-30 12:38:38,856] {processor.py:654} INFO - DAG(s) dict_keys(['example_short_circuit_operator']) retrieved from /home/airflow/.local/lib/python3.7/site-packages/airflow/example_dags/example_short_circuit_operator.py
[2022-09-30 12:38:38,867] {logging_mixin.py:109} INFO - [2022-09-30 12:38:38,867] {dag.py:2398} INFO - Sync 1 DAGs
[2022-09-30 12:38:38,885] {logging_mixin.py:109} INFO - [2022-09-30 12:38:38,885] {dag.py:2937} INFO - Setting next_dagrun for example_short_circuit_operator to 2022-09-29T12:38:38.884734+00:00
[2022-09-30 12:38:38,897] {processor.py:171} INFO - Processing /home/airflow/.local/lib/python3.7/site-packages/airflow/example_dags/example_short_circuit_operator.py took 0.082 seconds
[2022-09-30 12:39:09,473] {processor.py:163} INFO - Started process (PID=854) to work on /home/airflow/.local/lib/python3.7/site-packages/airflow/example_dags/example_short_circuit_operator.py
[2022-09-30 12:39:09,475] {processor.py:642} INFO - Processing file /home/airflow/.local/lib/python3.7/site-packages/airflow/example_dags/example_short_circuit_operator.py for tasks to queue
[2022-09-30 12:39:09,476] {logging_mixin.py:109} INFO - [2022-09-30 12:39:09,476] {dagbag.py:500} INFO - Filling up the DagBag from /home/airflow/.local/lib/python3.7/site-packages/airflow/example_dags/example_short_circuit_operator.py
[2022-09-30 12:39:09,522] {processor.py:654} INFO - DAG(s) dict_keys(['example_short_circuit_operator']) retrieved from /home/airflow/.local/lib/python3.7/site-packages/airflow/example_dags/example_short_circuit_operator.py
[2022-09-30 12:39:09,533] {logging_mixin.py:109} INFO - [2022-09-30 12:39:09,533] {dag.py:2398} INFO - Sync 1 DAGs
[2022-09-30 12:39:09,558] {logging_mixin.py:109} INFO - [2022-09-30 12:39:09,558] {dag.py:2937} INFO - Setting next_dagrun for example_short_circuit_operator to 2022-09-29T12:39:09.558370+00:00
[2022-09-30 12:39:09,580] {processor.py:171} INFO - Processing /home/airflow/.local/lib/python3.7/site-packages/airflow/example_dags/example_short_circuit_operator.py took 0.111 seconds
[2022-09-30 12:39:39,776] {processor.py:163} INFO - Started process (PID=914) to work on /home/airflow/.local/lib/python3.7/site-packages/airflow/example_dags/example_short_circuit_operator.py
[2022-09-30 12:39:39,778] {processor.py:642} INFO - Processing file /home/airflow/.local/lib/python3.7/site-packages/airflow/example_dags/example_short_circuit_operator.py for tasks to queue
[2022-09-30 12:39:39,779] {logging_mixin.py:109} INFO - [2022-09-30 12:39:39,779] {dagbag.py:500} INFO - Filling up the DagBag from /home/airflow/.local/lib/python3.7/site-packages/airflow/example_dags/example_short_circuit_operator.py
[2022-09-30 12:39:39,814] {processor.py:654} INFO - DAG(s) dict_keys(['example_short_circuit_operator']) retrieved from /home/airflow/.local/lib/python3.7/site-packages/airflow/example_dags/example_short_circuit_operator.py
[2022-09-30 12:39:39,827] {logging_mixin.py:109} INFO - [2022-09-30 12:39:39,827] {dag.py:2398} INFO - Sync 1 DAGs
[2022-09-30 12:39:39,844] {logging_mixin.py:109} INFO - [2022-09-30 12:39:39,844] {dag.py:2937} INFO - Setting next_dagrun for example_short_circuit_operator to 2022-09-29T12:39:39.844100+00:00
[2022-09-30 12:39:39,858] {processor.py:171} INFO - Processing /home/airflow/.local/lib/python3.7/site-packages/airflow/example_dags/example_short_circuit_operator.py took 0.088 seconds
[2022-09-30 12:40:10,022] {processor.py:163} INFO - Started process (PID=965) to work on /home/airflow/.local/lib/python3.7/site-packages/airflow/example_dags/example_short_circuit_operator.py
[2022-09-30 12:40:10,025] {processor.py:642} INFO - Processing file /home/airflow/.local/lib/python3.7/site-packages/airflow/example_dags/example_short_circuit_operator.py for tasks to queue
[2022-09-30 12:40:10,026] {logging_mixin.py:109} INFO - [2022-09-30 12:40:10,026] {dagbag.py:500} INFO - Filling up the DagBag from /home/airflow/.local/lib/python3.7/site-packages/airflow/example_dags/example_short_circuit_operator.py
[2022-09-30 12:40:10,060] {processor.py:654} INFO - DAG(s) dict_keys(['example_short_circuit_operator']) retrieved from /home/airflow/.local/lib/python3.7/site-packages/airflow/example_dags/example_short_circuit_operator.py
[2022-09-30 12:40:10,071] {logging_mixin.py:109} INFO - [2022-09-30 12:40:10,071] {dag.py:2398} INFO - Sync 1 DAGs
[2022-09-30 12:40:10,088] {logging_mixin.py:109} INFO - [2022-09-30 12:40:10,088] {dag.py:2937} INFO - Setting next_dagrun for example_short_circuit_operator to 2022-09-29T12:40:10.087815+00:00
[2022-09-30 12:40:10,099] {processor.py:171} INFO - Processing /home/airflow/.local/lib/python3.7/site-packages/airflow/example_dags/example_short_circuit_operator.py took 0.082 seconds
[2022-09-30 12:40:40,125] {processor.py:163} INFO - Started process (PID=1024) to work on /home/airflow/.local/lib/python3.7/site-packages/airflow/example_dags/example_short_circuit_operator.py
[2022-09-30 12:40:40,127] {processor.py:642} INFO - Processing file /home/airflow/.local/lib/python3.7/site-packages/airflow/example_dags/example_short_circuit_operator.py for tasks to queue
[2022-09-30 12:40:40,129] {logging_mixin.py:109} INFO - [2022-09-30 12:40:40,129] {dagbag.py:500} INFO - Filling up the DagBag from /home/airflow/.local/lib/python3.7/site-packages/airflow/example_dags/example_short_circuit_operator.py
[2022-09-30 12:40:40,170] {processor.py:654} INFO - DAG(s) dict_keys(['example_short_circuit_operator']) retrieved from /home/airflow/.local/lib/python3.7/site-packages/airflow/example_dags/example_short_circuit_operator.py
[2022-09-30 12:40:40,186] {logging_mixin.py:109} INFO - [2022-09-30 12:40:40,186] {dag.py:2398} INFO - Sync 1 DAGs
[2022-09-30 12:40:40,213] {logging_mixin.py:109} INFO - [2022-09-30 12:40:40,213] {dag.py:2937} INFO - Setting next_dagrun for example_short_circuit_operator to 2022-09-29T12:40:40.212862+00:00
[2022-09-30 12:40:40,230] {processor.py:171} INFO - Processing /home/airflow/.local/lib/python3.7/site-packages/airflow/example_dags/example_short_circuit_operator.py took 0.125 seconds
[2022-09-30 12:41:10,711] {processor.py:163} INFO - Started process (PID=1076) to work on /home/airflow/.local/lib/python3.7/site-packages/airflow/example_dags/example_short_circuit_operator.py
[2022-09-30 12:41:10,714] {processor.py:642} INFO - Processing file /home/airflow/.local/lib/python3.7/site-packages/airflow/example_dags/example_short_circuit_operator.py for tasks to queue
[2022-09-30 12:41:10,716] {logging_mixin.py:109} INFO - [2022-09-30 12:41:10,715] {dagbag.py:500} INFO - Filling up the DagBag from /home/airflow/.local/lib/python3.7/site-packages/airflow/example_dags/example_short_circuit_operator.py
[2022-09-30 12:41:10,772] {processor.py:654} INFO - DAG(s) dict_keys(['example_short_circuit_operator']) retrieved from /home/airflow/.local/lib/python3.7/site-packages/airflow/example_dags/example_short_circuit_operator.py
[2022-09-30 12:41:10,785] {logging_mixin.py:109} INFO - [2022-09-30 12:41:10,785] {dag.py:2398} INFO - Sync 1 DAGs
[2022-09-30 12:41:10,802] {logging_mixin.py:109} INFO - [2022-09-30 12:41:10,802] {dag.py:2937} INFO - Setting next_dagrun for example_short_circuit_operator to 2022-09-29T12:41:10.801745+00:00
[2022-09-30 12:41:10,814] {processor.py:171} INFO - Processing /home/airflow/.local/lib/python3.7/site-packages/airflow/example_dags/example_short_circuit_operator.py took 0.106 seconds
[2022-09-30 12:41:41,166] {processor.py:163} INFO - Started process (PID=1128) to work on /home/airflow/.local/lib/python3.7/site-packages/airflow/example_dags/example_short_circuit_operator.py
[2022-09-30 12:41:41,168] {processor.py:642} INFO - Processing file /home/airflow/.local/lib/python3.7/site-packages/airflow/example_dags/example_short_circuit_operator.py for tasks to queue
[2022-09-30 12:41:41,170] {logging_mixin.py:109} INFO - [2022-09-30 12:41:41,169] {dagbag.py:500} INFO - Filling up the DagBag from /home/airflow/.local/lib/python3.7/site-packages/airflow/example_dags/example_short_circuit_operator.py
[2022-09-30 12:41:41,205] {processor.py:654} INFO - DAG(s) dict_keys(['example_short_circuit_operator']) retrieved from /home/airflow/.local/lib/python3.7/site-packages/airflow/example_dags/example_short_circuit_operator.py
[2022-09-30 12:41:41,219] {logging_mixin.py:109} INFO - [2022-09-30 12:41:41,219] {dag.py:2398} INFO - Sync 1 DAGs
[2022-09-30 12:41:41,234] {logging_mixin.py:109} INFO - [2022-09-30 12:41:41,234] {dag.py:2937} INFO - Setting next_dagrun for example_short_circuit_operator to 2022-09-29T12:41:41.234284+00:00
[2022-09-30 12:41:41,248] {processor.py:171} INFO - Processing /home/airflow/.local/lib/python3.7/site-packages/airflow/example_dags/example_short_circuit_operator.py took 0.087 seconds
[2022-09-30 12:42:11,476] {processor.py:163} INFO - Started process (PID=1189) to work on /home/airflow/.local/lib/python3.7/site-packages/airflow/example_dags/example_short_circuit_operator.py
[2022-09-30 12:42:11,479] {processor.py:642} INFO - Processing file /home/airflow/.local/lib/python3.7/site-packages/airflow/example_dags/example_short_circuit_operator.py for tasks to queue
[2022-09-30 12:42:11,481] {logging_mixin.py:109} INFO - [2022-09-30 12:42:11,480] {dagbag.py:500} INFO - Filling up the DagBag from /home/airflow/.local/lib/python3.7/site-packages/airflow/example_dags/example_short_circuit_operator.py
[2022-09-30 12:42:11,520] {processor.py:654} INFO - DAG(s) dict_keys(['example_short_circuit_operator']) retrieved from /home/airflow/.local/lib/python3.7/site-packages/airflow/example_dags/example_short_circuit_operator.py
[2022-09-30 12:42:11,537] {logging_mixin.py:109} INFO - [2022-09-30 12:42:11,537] {dag.py:2398} INFO - Sync 1 DAGs
[2022-09-30 12:42:11,554] {logging_mixin.py:109} INFO - [2022-09-30 12:42:11,554] {dag.py:2937} INFO - Setting next_dagrun for example_short_circuit_operator to 2022-09-29T12:42:11.554485+00:00
[2022-09-30 12:42:11,573] {processor.py:171} INFO - Processing /home/airflow/.local/lib/python3.7/site-packages/airflow/example_dags/example_short_circuit_operator.py took 0.102 seconds
[2022-09-30 12:42:41,759] {processor.py:163} INFO - Started process (PID=1241) to work on /home/airflow/.local/lib/python3.7/site-packages/airflow/example_dags/example_short_circuit_operator.py
[2022-09-30 12:42:41,761] {processor.py:642} INFO - Processing file /home/airflow/.local/lib/python3.7/site-packages/airflow/example_dags/example_short_circuit_operator.py for tasks to queue
[2022-09-30 12:42:41,763] {logging_mixin.py:109} INFO - [2022-09-30 12:42:41,763] {dagbag.py:500} INFO - Filling up the DagBag from /home/airflow/.local/lib/python3.7/site-packages/airflow/example_dags/example_short_circuit_operator.py
[2022-09-30 12:42:41,806] {processor.py:654} INFO - DAG(s) dict_keys(['example_short_circuit_operator']) retrieved from /home/airflow/.local/lib/python3.7/site-packages/airflow/example_dags/example_short_circuit_operator.py
[2022-09-30 12:42:41,818] {logging_mixin.py:109} INFO - [2022-09-30 12:42:41,818] {dag.py:2398} INFO - Sync 1 DAGs
[2022-09-30 12:42:41,834] {logging_mixin.py:109} INFO - [2022-09-30 12:42:41,834] {dag.py:2937} INFO - Setting next_dagrun for example_short_circuit_operator to 2022-09-29T12:42:41.833678+00:00
[2022-09-30 12:42:41,846] {processor.py:171} INFO - Processing /home/airflow/.local/lib/python3.7/site-packages/airflow/example_dags/example_short_circuit_operator.py took 0.093 seconds
[2022-09-30 12:43:11,892] {processor.py:163} INFO - Started process (PID=1301) to work on /home/airflow/.local/lib/python3.7/site-packages/airflow/example_dags/example_short_circuit_operator.py
[2022-09-30 12:43:11,895] {processor.py:642} INFO - Processing file /home/airflow/.local/lib/python3.7/site-packages/airflow/example_dags/example_short_circuit_operator.py for tasks to queue
[2022-09-30 12:43:11,897] {logging_mixin.py:109} INFO - [2022-09-30 12:43:11,897] {dagbag.py:500} INFO - Filling up the DagBag from /home/airflow/.local/lib/python3.7/site-packages/airflow/example_dags/example_short_circuit_operator.py
[2022-09-30 12:43:11,951] {processor.py:654} INFO - DAG(s) dict_keys(['example_short_circuit_operator']) retrieved from /home/airflow/.local/lib/python3.7/site-packages/airflow/example_dags/example_short_circuit_operator.py
[2022-09-30 12:43:11,966] {logging_mixin.py:109} INFO - [2022-09-30 12:43:11,966] {dag.py:2398} INFO - Sync 1 DAGs
[2022-09-30 12:43:11,986] {logging_mixin.py:109} INFO - [2022-09-30 12:43:11,986] {dag.py:2937} INFO - Setting next_dagrun for example_short_circuit_operator to 2022-09-29T12:43:11.986560+00:00
[2022-09-30 12:43:12,001] {processor.py:171} INFO - Processing /home/airflow/.local/lib/python3.7/site-packages/airflow/example_dags/example_short_circuit_operator.py took 0.114 seconds
[2022-09-30 12:43:42,193] {processor.py:163} INFO - Started process (PID=1352) to work on /home/airflow/.local/lib/python3.7/site-packages/airflow/example_dags/example_short_circuit_operator.py
[2022-09-30 12:43:42,196] {processor.py:642} INFO - Processing file /home/airflow/.local/lib/python3.7/site-packages/airflow/example_dags/example_short_circuit_operator.py for tasks to queue
[2022-09-30 12:43:42,197] {logging_mixin.py:109} INFO - [2022-09-30 12:43:42,197] {dagbag.py:500} INFO - Filling up the DagBag from /home/airflow/.local/lib/python3.7/site-packages/airflow/example_dags/example_short_circuit_operator.py
[2022-09-30 12:43:42,229] {processor.py:654} INFO - DAG(s) dict_keys(['example_short_circuit_operator']) retrieved from /home/airflow/.local/lib/python3.7/site-packages/airflow/example_dags/example_short_circuit_operator.py
[2022-09-30 12:43:42,239] {logging_mixin.py:109} INFO - [2022-09-30 12:43:42,239] {dag.py:2398} INFO - Sync 1 DAGs
[2022-09-30 12:43:42,259] {logging_mixin.py:109} INFO - [2022-09-30 12:43:42,259] {dag.py:2937} INFO - Setting next_dagrun for example_short_circuit_operator to 2022-09-29T12:43:42.258958+00:00
[2022-09-30 12:43:42,272] {processor.py:171} INFO - Processing /home/airflow/.local/lib/python3.7/site-packages/airflow/example_dags/example_short_circuit_operator.py took 0.082 seconds
[2022-09-30 12:44:12,367] {processor.py:163} INFO - Started process (PID=1410) to work on /home/airflow/.local/lib/python3.7/site-packages/airflow/example_dags/example_short_circuit_operator.py
[2022-09-30 12:44:12,370] {processor.py:642} INFO - Processing file /home/airflow/.local/lib/python3.7/site-packages/airflow/example_dags/example_short_circuit_operator.py for tasks to queue
[2022-09-30 12:44:12,373] {logging_mixin.py:109} INFO - [2022-09-30 12:44:12,372] {dagbag.py:500} INFO - Filling up the DagBag from /home/airflow/.local/lib/python3.7/site-packages/airflow/example_dags/example_short_circuit_operator.py
[2022-09-30 12:44:12,421] {processor.py:654} INFO - DAG(s) dict_keys(['example_short_circuit_operator']) retrieved from /home/airflow/.local/lib/python3.7/site-packages/airflow/example_dags/example_short_circuit_operator.py
[2022-09-30 12:44:12,439] {logging_mixin.py:109} INFO - [2022-09-30 12:44:12,439] {dag.py:2398} INFO - Sync 1 DAGs
[2022-09-30 12:44:12,461] {logging_mixin.py:109} INFO - [2022-09-30 12:44:12,461] {dag.py:2937} INFO - Setting next_dagrun for example_short_circuit_operator to 2022-09-29T12:44:12.460843+00:00
[2022-09-30 12:44:12,472] {processor.py:171} INFO - Processing /home/airflow/.local/lib/python3.7/site-packages/airflow/example_dags/example_short_circuit_operator.py took 0.109 seconds
[2022-09-30 12:44:42,529] {processor.py:163} INFO - Started process (PID=1464) to work on /home/airflow/.local/lib/python3.7/site-packages/airflow/example_dags/example_short_circuit_operator.py
[2022-09-30 12:44:42,532] {processor.py:642} INFO - Processing file /home/airflow/.local/lib/python3.7/site-packages/airflow/example_dags/example_short_circuit_operator.py for tasks to queue
[2022-09-30 12:44:42,534] {logging_mixin.py:109} INFO - [2022-09-30 12:44:42,533] {dagbag.py:500} INFO - Filling up the DagBag from /home/airflow/.local/lib/python3.7/site-packages/airflow/example_dags/example_short_circuit_operator.py
[2022-09-30 12:44:42,568] {processor.py:654} INFO - DAG(s) dict_keys(['example_short_circuit_operator']) retrieved from /home/airflow/.local/lib/python3.7/site-packages/airflow/example_dags/example_short_circuit_operator.py
[2022-09-30 12:44:42,579] {logging_mixin.py:109} INFO - [2022-09-30 12:44:42,579] {dag.py:2398} INFO - Sync 1 DAGs
[2022-09-30 12:44:42,600] {logging_mixin.py:109} INFO - [2022-09-30 12:44:42,599] {dag.py:2937} INFO - Setting next_dagrun for example_short_circuit_operator to 2022-09-29T12:44:42.599491+00:00
[2022-09-30 12:44:42,613] {processor.py:171} INFO - Processing /home/airflow/.local/lib/python3.7/site-packages/airflow/example_dags/example_short_circuit_operator.py took 0.090 seconds
[2022-09-30 12:45:13,170] {processor.py:163} INFO - Started process (PID=1515) to work on /home/airflow/.local/lib/python3.7/site-packages/airflow/example_dags/example_short_circuit_operator.py
[2022-09-30 12:45:13,173] {processor.py:642} INFO - Processing file /home/airflow/.local/lib/python3.7/site-packages/airflow/example_dags/example_short_circuit_operator.py for tasks to queue
[2022-09-30 12:45:13,174] {logging_mixin.py:109} INFO - [2022-09-30 12:45:13,174] {dagbag.py:500} INFO - Filling up the DagBag from /home/airflow/.local/lib/python3.7/site-packages/airflow/example_dags/example_short_circuit_operator.py
[2022-09-30 12:45:13,213] {processor.py:654} INFO - DAG(s) dict_keys(['example_short_circuit_operator']) retrieved from /home/airflow/.local/lib/python3.7/site-packages/airflow/example_dags/example_short_circuit_operator.py
[2022-09-30 12:45:13,227] {logging_mixin.py:109} INFO - [2022-09-30 12:45:13,227] {dag.py:2398} INFO - Sync 1 DAGs
[2022-09-30 12:45:13,250] {logging_mixin.py:109} INFO - [2022-09-30 12:45:13,250] {dag.py:2937} INFO - Setting next_dagrun for example_short_circuit_operator to 2022-09-29T12:45:13.250427+00:00
[2022-09-30 12:45:13,265] {processor.py:171} INFO - Processing /home/airflow/.local/lib/python3.7/site-packages/airflow/example_dags/example_short_circuit_operator.py took 0.099 seconds
[2022-09-30 12:45:43,361] {processor.py:163} INFO - Started process (PID=1575) to work on /home/airflow/.local/lib/python3.7/site-packages/airflow/example_dags/example_short_circuit_operator.py
[2022-09-30 12:45:43,363] {processor.py:642} INFO - Processing file /home/airflow/.local/lib/python3.7/site-packages/airflow/example_dags/example_short_circuit_operator.py for tasks to queue
[2022-09-30 12:45:43,364] {logging_mixin.py:109} INFO - [2022-09-30 12:45:43,364] {dagbag.py:500} INFO - Filling up the DagBag from /home/airflow/.local/lib/python3.7/site-packages/airflow/example_dags/example_short_circuit_operator.py
[2022-09-30 12:45:43,405] {processor.py:654} INFO - DAG(s) dict_keys(['example_short_circuit_operator']) retrieved from /home/airflow/.local/lib/python3.7/site-packages/airflow/example_dags/example_short_circuit_operator.py
[2022-09-30 12:45:43,416] {logging_mixin.py:109} INFO - [2022-09-30 12:45:43,415] {dag.py:2398} INFO - Sync 1 DAGs
[2022-09-30 12:45:43,431] {logging_mixin.py:109} INFO - [2022-09-30 12:45:43,431] {dag.py:2937} INFO - Setting next_dagrun for example_short_circuit_operator to 2022-09-29T12:45:43.431353+00:00
[2022-09-30 12:45:43,446] {processor.py:171} INFO - Processing /home/airflow/.local/lib/python3.7/site-packages/airflow/example_dags/example_short_circuit_operator.py took 0.089 seconds
[2022-09-30 12:46:13,928] {processor.py:163} INFO - Started process (PID=1627) to work on /home/airflow/.local/lib/python3.7/site-packages/airflow/example_dags/example_short_circuit_operator.py
[2022-09-30 12:46:13,931] {processor.py:642} INFO - Processing file /home/airflow/.local/lib/python3.7/site-packages/airflow/example_dags/example_short_circuit_operator.py for tasks to queue
[2022-09-30 12:46:13,932] {logging_mixin.py:109} INFO - [2022-09-30 12:46:13,932] {dagbag.py:500} INFO - Filling up the DagBag from /home/airflow/.local/lib/python3.7/site-packages/airflow/example_dags/example_short_circuit_operator.py
[2022-09-30 12:46:13,972] {processor.py:654} INFO - DAG(s) dict_keys(['example_short_circuit_operator']) retrieved from /home/airflow/.local/lib/python3.7/site-packages/airflow/example_dags/example_short_circuit_operator.py
[2022-09-30 12:46:13,985] {logging_mixin.py:109} INFO - [2022-09-30 12:46:13,985] {dag.py:2398} INFO - Sync 1 DAGs
[2022-09-30 12:46:14,005] {logging_mixin.py:109} INFO - [2022-09-30 12:46:14,005] {dag.py:2937} INFO - Setting next_dagrun for example_short_circuit_operator to 2022-09-29T12:46:14.004924+00:00
[2022-09-30 12:46:14,020] {processor.py:171} INFO - Processing /home/airflow/.local/lib/python3.7/site-packages/airflow/example_dags/example_short_circuit_operator.py took 0.096 seconds
[2022-09-30 12:46:44,421] {processor.py:163} INFO - Started process (PID=1687) to work on /home/airflow/.local/lib/python3.7/site-packages/airflow/example_dags/example_short_circuit_operator.py
[2022-09-30 12:46:44,425] {processor.py:642} INFO - Processing file /home/airflow/.local/lib/python3.7/site-packages/airflow/example_dags/example_short_circuit_operator.py for tasks to queue
[2022-09-30 12:46:44,427] {logging_mixin.py:109} INFO - [2022-09-30 12:46:44,427] {dagbag.py:500} INFO - Filling up the DagBag from /home/airflow/.local/lib/python3.7/site-packages/airflow/example_dags/example_short_circuit_operator.py
[2022-09-30 12:46:44,468] {processor.py:654} INFO - DAG(s) dict_keys(['example_short_circuit_operator']) retrieved from /home/airflow/.local/lib/python3.7/site-packages/airflow/example_dags/example_short_circuit_operator.py
[2022-09-30 12:46:44,482] {logging_mixin.py:109} INFO - [2022-09-30 12:46:44,482] {dag.py:2398} INFO - Sync 1 DAGs
[2022-09-30 12:46:44,509] {logging_mixin.py:109} INFO - [2022-09-30 12:46:44,509] {dag.py:2937} INFO - Setting next_dagrun for example_short_circuit_operator to 2022-09-29T12:46:44.508646+00:00
[2022-09-30 12:46:44,522] {processor.py:171} INFO - Processing /home/airflow/.local/lib/python3.7/site-packages/airflow/example_dags/example_short_circuit_operator.py took 0.106 seconds
[2022-09-30 12:47:15,066] {processor.py:163} INFO - Started process (PID=1739) to work on /home/airflow/.local/lib/python3.7/site-packages/airflow/example_dags/example_short_circuit_operator.py
[2022-09-30 12:47:15,068] {processor.py:642} INFO - Processing file /home/airflow/.local/lib/python3.7/site-packages/airflow/example_dags/example_short_circuit_operator.py for tasks to queue
[2022-09-30 12:47:15,069] {logging_mixin.py:109} INFO - [2022-09-30 12:47:15,069] {dagbag.py:500} INFO - Filling up the DagBag from /home/airflow/.local/lib/python3.7/site-packages/airflow/example_dags/example_short_circuit_operator.py
[2022-09-30 12:47:15,100] {processor.py:654} INFO - DAG(s) dict_keys(['example_short_circuit_operator']) retrieved from /home/airflow/.local/lib/python3.7/site-packages/airflow/example_dags/example_short_circuit_operator.py
[2022-09-30 12:47:15,112] {logging_mixin.py:109} INFO - [2022-09-30 12:47:15,112] {dag.py:2398} INFO - Sync 1 DAGs
[2022-09-30 12:47:15,131] {logging_mixin.py:109} INFO - [2022-09-30 12:47:15,131] {dag.py:2937} INFO - Setting next_dagrun for example_short_circuit_operator to 2022-09-29T12:47:15.131502+00:00
[2022-09-30 12:47:15,161] {processor.py:171} INFO - Processing /home/airflow/.local/lib/python3.7/site-packages/airflow/example_dags/example_short_circuit_operator.py took 0.099 seconds
[2022-09-30 12:47:45,687] {processor.py:163} INFO - Started process (PID=1799) to work on /home/airflow/.local/lib/python3.7/site-packages/airflow/example_dags/example_short_circuit_operator.py
[2022-09-30 12:47:45,689] {processor.py:642} INFO - Processing file /home/airflow/.local/lib/python3.7/site-packages/airflow/example_dags/example_short_circuit_operator.py for tasks to queue
[2022-09-30 12:47:45,691] {logging_mixin.py:109} INFO - [2022-09-30 12:47:45,691] {dagbag.py:500} INFO - Filling up the DagBag from /home/airflow/.local/lib/python3.7/site-packages/airflow/example_dags/example_short_circuit_operator.py
[2022-09-30 12:47:45,725] {processor.py:654} INFO - DAG(s) dict_keys(['example_short_circuit_operator']) retrieved from /home/airflow/.local/lib/python3.7/site-packages/airflow/example_dags/example_short_circuit_operator.py
[2022-09-30 12:47:45,736] {logging_mixin.py:109} INFO - [2022-09-30 12:47:45,735] {dag.py:2398} INFO - Sync 1 DAGs
[2022-09-30 12:47:45,762] {logging_mixin.py:109} INFO - [2022-09-30 12:47:45,762] {dag.py:2937} INFO - Setting next_dagrun for example_short_circuit_operator to 2022-09-29T12:47:45.762098+00:00
[2022-09-30 12:47:45,779] {processor.py:171} INFO - Processing /home/airflow/.local/lib/python3.7/site-packages/airflow/example_dags/example_short_circuit_operator.py took 0.097 seconds
[2022-09-30 12:48:15,908] {processor.py:163} INFO - Started process (PID=1850) to work on /home/airflow/.local/lib/python3.7/site-packages/airflow/example_dags/example_short_circuit_operator.py
[2022-09-30 12:48:15,911] {processor.py:642} INFO - Processing file /home/airflow/.local/lib/python3.7/site-packages/airflow/example_dags/example_short_circuit_operator.py for tasks to queue
[2022-09-30 12:48:15,913] {logging_mixin.py:109} INFO - [2022-09-30 12:48:15,912] {dagbag.py:500} INFO - Filling up the DagBag from /home/airflow/.local/lib/python3.7/site-packages/airflow/example_dags/example_short_circuit_operator.py
[2022-09-30 12:48:15,949] {processor.py:654} INFO - DAG(s) dict_keys(['example_short_circuit_operator']) retrieved from /home/airflow/.local/lib/python3.7/site-packages/airflow/example_dags/example_short_circuit_operator.py
[2022-09-30 12:48:15,961] {logging_mixin.py:109} INFO - [2022-09-30 12:48:15,961] {dag.py:2398} INFO - Sync 1 DAGs
[2022-09-30 12:48:15,976] {logging_mixin.py:109} INFO - [2022-09-30 12:48:15,976] {dag.py:2937} INFO - Setting next_dagrun for example_short_circuit_operator to 2022-09-29T12:48:15.976421+00:00
[2022-09-30 12:48:15,987] {processor.py:171} INFO - Processing /home/airflow/.local/lib/python3.7/site-packages/airflow/example_dags/example_short_circuit_operator.py took 0.084 seconds
[2022-09-30 12:48:46,585] {processor.py:163} INFO - Started process (PID=1909) to work on /home/airflow/.local/lib/python3.7/site-packages/airflow/example_dags/example_short_circuit_operator.py
[2022-09-30 12:48:46,589] {processor.py:642} INFO - Processing file /home/airflow/.local/lib/python3.7/site-packages/airflow/example_dags/example_short_circuit_operator.py for tasks to queue
[2022-09-30 12:48:46,592] {logging_mixin.py:109} INFO - [2022-09-30 12:48:46,592] {dagbag.py:500} INFO - Filling up the DagBag from /home/airflow/.local/lib/python3.7/site-packages/airflow/example_dags/example_short_circuit_operator.py
[2022-09-30 12:48:46,651] {processor.py:654} INFO - DAG(s) dict_keys(['example_short_circuit_operator']) retrieved from /home/airflow/.local/lib/python3.7/site-packages/airflow/example_dags/example_short_circuit_operator.py
[2022-09-30 12:48:46,672] {logging_mixin.py:109} INFO - [2022-09-30 12:48:46,672] {dag.py:2398} INFO - Sync 1 DAGs
[2022-09-30 12:48:46,708] {logging_mixin.py:109} INFO - [2022-09-30 12:48:46,708] {dag.py:2937} INFO - Setting next_dagrun for example_short_circuit_operator to 2022-09-29T12:48:46.707230+00:00
[2022-09-30 12:48:46,732] {processor.py:171} INFO - Processing /home/airflow/.local/lib/python3.7/site-packages/airflow/example_dags/example_short_circuit_operator.py took 0.155 seconds
[2022-09-30 12:49:16,998] {processor.py:163} INFO - Started process (PID=1963) to work on /home/airflow/.local/lib/python3.7/site-packages/airflow/example_dags/example_short_circuit_operator.py
[2022-09-30 12:49:17,000] {processor.py:642} INFO - Processing file /home/airflow/.local/lib/python3.7/site-packages/airflow/example_dags/example_short_circuit_operator.py for tasks to queue
[2022-09-30 12:49:17,002] {logging_mixin.py:109} INFO - [2022-09-30 12:49:17,002] {dagbag.py:500} INFO - Filling up the DagBag from /home/airflow/.local/lib/python3.7/site-packages/airflow/example_dags/example_short_circuit_operator.py
[2022-09-30 12:49:17,042] {processor.py:654} INFO - DAG(s) dict_keys(['example_short_circuit_operator']) retrieved from /home/airflow/.local/lib/python3.7/site-packages/airflow/example_dags/example_short_circuit_operator.py
[2022-09-30 12:49:17,056] {logging_mixin.py:109} INFO - [2022-09-30 12:49:17,056] {dag.py:2398} INFO - Sync 1 DAGs
[2022-09-30 12:49:17,080] {logging_mixin.py:109} INFO - [2022-09-30 12:49:17,080] {dag.py:2937} INFO - Setting next_dagrun for example_short_circuit_operator to 2022-09-29T12:49:17.080133+00:00
[2022-09-30 12:49:17,092] {processor.py:171} INFO - Processing /home/airflow/.local/lib/python3.7/site-packages/airflow/example_dags/example_short_circuit_operator.py took 0.098 seconds
[2022-09-30 12:49:47,379] {processor.py:163} INFO - Started process (PID=2015) to work on /home/airflow/.local/lib/python3.7/site-packages/airflow/example_dags/example_short_circuit_operator.py
[2022-09-30 12:49:47,382] {processor.py:642} INFO - Processing file /home/airflow/.local/lib/python3.7/site-packages/airflow/example_dags/example_short_circuit_operator.py for tasks to queue
[2022-09-30 12:49:47,384] {logging_mixin.py:109} INFO - [2022-09-30 12:49:47,384] {dagbag.py:500} INFO - Filling up the DagBag from /home/airflow/.local/lib/python3.7/site-packages/airflow/example_dags/example_short_circuit_operator.py
[2022-09-30 12:49:47,426] {processor.py:654} INFO - DAG(s) dict_keys(['example_short_circuit_operator']) retrieved from /home/airflow/.local/lib/python3.7/site-packages/airflow/example_dags/example_short_circuit_operator.py
[2022-09-30 12:49:47,440] {logging_mixin.py:109} INFO - [2022-09-30 12:49:47,440] {dag.py:2398} INFO - Sync 1 DAGs
[2022-09-30 12:49:47,466] {logging_mixin.py:109} INFO - [2022-09-30 12:49:47,466] {dag.py:2937} INFO - Setting next_dagrun for example_short_circuit_operator to 2022-09-29T12:49:47.465900+00:00
[2022-09-30 12:49:47,479] {processor.py:171} INFO - Processing /home/airflow/.local/lib/python3.7/site-packages/airflow/example_dags/example_short_circuit_operator.py took 0.106 seconds
[2022-09-30 12:50:17,861] {processor.py:163} INFO - Started process (PID=2075) to work on /home/airflow/.local/lib/python3.7/site-packages/airflow/example_dags/example_short_circuit_operator.py
[2022-09-30 12:50:17,863] {processor.py:642} INFO - Processing file /home/airflow/.local/lib/python3.7/site-packages/airflow/example_dags/example_short_circuit_operator.py for tasks to queue
[2022-09-30 12:50:17,864] {logging_mixin.py:109} INFO - [2022-09-30 12:50:17,864] {dagbag.py:500} INFO - Filling up the DagBag from /home/airflow/.local/lib/python3.7/site-packages/airflow/example_dags/example_short_circuit_operator.py
[2022-09-30 12:50:17,899] {processor.py:654} INFO - DAG(s) dict_keys(['example_short_circuit_operator']) retrieved from /home/airflow/.local/lib/python3.7/site-packages/airflow/example_dags/example_short_circuit_operator.py
[2022-09-30 12:50:17,913] {logging_mixin.py:109} INFO - [2022-09-30 12:50:17,913] {dag.py:2398} INFO - Sync 1 DAGs
[2022-09-30 12:50:17,930] {logging_mixin.py:109} INFO - [2022-09-30 12:50:17,929] {dag.py:2937} INFO - Setting next_dagrun for example_short_circuit_operator to 2022-09-29T12:50:17.929562+00:00
[2022-09-30 12:50:17,940] {processor.py:171} INFO - Processing /home/airflow/.local/lib/python3.7/site-packages/airflow/example_dags/example_short_circuit_operator.py took 0.083 seconds
[2022-09-30 12:50:48,033] {processor.py:163} INFO - Started process (PID=2126) to work on /home/airflow/.local/lib/python3.7/site-packages/airflow/example_dags/example_short_circuit_operator.py
[2022-09-30 12:50:48,034] {processor.py:642} INFO - Processing file /home/airflow/.local/lib/python3.7/site-packages/airflow/example_dags/example_short_circuit_operator.py for tasks to queue
[2022-09-30 12:50:48,035] {logging_mixin.py:109} INFO - [2022-09-30 12:50:48,035] {dagbag.py:500} INFO - Filling up the DagBag from /home/airflow/.local/lib/python3.7/site-packages/airflow/example_dags/example_short_circuit_operator.py
[2022-09-30 12:50:48,071] {processor.py:654} INFO - DAG(s) dict_keys(['example_short_circuit_operator']) retrieved from /home/airflow/.local/lib/python3.7/site-packages/airflow/example_dags/example_short_circuit_operator.py
[2022-09-30 12:50:48,082] {logging_mixin.py:109} INFO - [2022-09-30 12:50:48,081] {dag.py:2398} INFO - Sync 1 DAGs
[2022-09-30 12:50:48,097] {logging_mixin.py:109} INFO - [2022-09-30 12:50:48,097] {dag.py:2937} INFO - Setting next_dagrun for example_short_circuit_operator to 2022-09-29T12:50:48.097571+00:00
[2022-09-30 12:50:48,109] {processor.py:171} INFO - Processing /home/airflow/.local/lib/python3.7/site-packages/airflow/example_dags/example_short_circuit_operator.py took 0.081 seconds
[2022-09-30 12:51:18,777] {processor.py:163} INFO - Started process (PID=2187) to work on /home/airflow/.local/lib/python3.7/site-packages/airflow/example_dags/example_short_circuit_operator.py
[2022-09-30 12:51:18,779] {processor.py:642} INFO - Processing file /home/airflow/.local/lib/python3.7/site-packages/airflow/example_dags/example_short_circuit_operator.py for tasks to queue
[2022-09-30 12:51:18,780] {logging_mixin.py:109} INFO - [2022-09-30 12:51:18,780] {dagbag.py:500} INFO - Filling up the DagBag from /home/airflow/.local/lib/python3.7/site-packages/airflow/example_dags/example_short_circuit_operator.py
[2022-09-30 12:51:18,822] {processor.py:654} INFO - DAG(s) dict_keys(['example_short_circuit_operator']) retrieved from /home/airflow/.local/lib/python3.7/site-packages/airflow/example_dags/example_short_circuit_operator.py
[2022-09-30 12:51:18,832] {logging_mixin.py:109} INFO - [2022-09-30 12:51:18,832] {dag.py:2398} INFO - Sync 1 DAGs
[2022-09-30 12:51:18,848] {logging_mixin.py:109} INFO - [2022-09-30 12:51:18,848] {dag.py:2937} INFO - Setting next_dagrun for example_short_circuit_operator to 2022-09-29T12:51:18.848477+00:00
[2022-09-30 12:51:18,860] {processor.py:171} INFO - Processing /home/airflow/.local/lib/python3.7/site-packages/airflow/example_dags/example_short_circuit_operator.py took 0.088 seconds
[2022-09-30 12:54:36,339] {processor.py:163} INFO - Started process (PID=2255) to work on /home/airflow/.local/lib/python3.7/site-packages/airflow/example_dags/example_short_circuit_operator.py
[2022-09-30 12:54:36,342] {processor.py:642} INFO - Processing file /home/airflow/.local/lib/python3.7/site-packages/airflow/example_dags/example_short_circuit_operator.py for tasks to queue
[2022-09-30 12:54:36,343] {logging_mixin.py:109} INFO - [2022-09-30 12:54:36,343] {dagbag.py:500} INFO - Filling up the DagBag from /home/airflow/.local/lib/python3.7/site-packages/airflow/example_dags/example_short_circuit_operator.py
[2022-09-30 12:54:36,389] {processor.py:654} INFO - DAG(s) dict_keys(['example_short_circuit_operator']) retrieved from /home/airflow/.local/lib/python3.7/site-packages/airflow/example_dags/example_short_circuit_operator.py
[2022-09-30 12:54:36,408] {logging_mixin.py:109} INFO - [2022-09-30 12:54:36,408] {dag.py:2398} INFO - Sync 1 DAGs
[2022-09-30 12:54:36,427] {logging_mixin.py:109} INFO - [2022-09-30 12:54:36,427] {dag.py:2937} INFO - Setting next_dagrun for example_short_circuit_operator to 2022-09-29T12:54:36.426839+00:00
[2022-09-30 12:54:36,439] {processor.py:171} INFO - Processing /home/airflow/.local/lib/python3.7/site-packages/airflow/example_dags/example_short_circuit_operator.py took 0.103 seconds
[2022-09-30 12:59:37,557] {processor.py:163} INFO - Started process (PID=2310) to work on /home/airflow/.local/lib/python3.7/site-packages/airflow/example_dags/example_short_circuit_operator.py
[2022-09-30 12:59:37,561] {processor.py:642} INFO - Processing file /home/airflow/.local/lib/python3.7/site-packages/airflow/example_dags/example_short_circuit_operator.py for tasks to queue
[2022-09-30 12:59:37,564] {logging_mixin.py:109} INFO - [2022-09-30 12:59:37,564] {dagbag.py:500} INFO - Filling up the DagBag from /home/airflow/.local/lib/python3.7/site-packages/airflow/example_dags/example_short_circuit_operator.py
[2022-09-30 12:59:37,650] {processor.py:654} INFO - DAG(s) dict_keys(['example_short_circuit_operator']) retrieved from /home/airflow/.local/lib/python3.7/site-packages/airflow/example_dags/example_short_circuit_operator.py
[2022-09-30 12:59:37,681] {logging_mixin.py:109} INFO - [2022-09-30 12:59:37,680] {dag.py:2398} INFO - Sync 1 DAGs
[2022-09-30 12:59:37,737] {logging_mixin.py:109} INFO - [2022-09-30 12:59:37,737] {dag.py:2937} INFO - Setting next_dagrun for example_short_circuit_operator to 2022-09-29T12:59:37.735614+00:00
[2022-09-30 12:59:37,782] {processor.py:171} INFO - Processing /home/airflow/.local/lib/python3.7/site-packages/airflow/example_dags/example_short_circuit_operator.py took 0.235 seconds
[2022-09-30 13:03:10,357] {processor.py:163} INFO - Started process (PID=2383) to work on /home/airflow/.local/lib/python3.7/site-packages/airflow/example_dags/example_short_circuit_operator.py
[2022-09-30 13:03:10,375] {processor.py:642} INFO - Processing file /home/airflow/.local/lib/python3.7/site-packages/airflow/example_dags/example_short_circuit_operator.py for tasks to queue
[2022-09-30 13:03:10,380] {logging_mixin.py:109} INFO - [2022-09-30 13:03:10,379] {dagbag.py:500} INFO - Filling up the DagBag from /home/airflow/.local/lib/python3.7/site-packages/airflow/example_dags/example_short_circuit_operator.py
[2022-09-30 13:03:10,696] {processor.py:654} INFO - DAG(s) dict_keys(['example_short_circuit_operator']) retrieved from /home/airflow/.local/lib/python3.7/site-packages/airflow/example_dags/example_short_circuit_operator.py
[2022-09-30 13:03:10,784] {logging_mixin.py:109} INFO - [2022-09-30 13:03:10,784] {dag.py:2398} INFO - Sync 1 DAGs
[2022-09-30 13:03:10,882] {logging_mixin.py:109} INFO - [2022-09-30 13:03:10,881] {dag.py:2937} INFO - Setting next_dagrun for example_short_circuit_operator to 2022-09-29T13:03:10.881654+00:00
[2022-09-30 13:03:10,962] {processor.py:171} INFO - Processing /home/airflow/.local/lib/python3.7/site-packages/airflow/example_dags/example_short_circuit_operator.py took 0.643 seconds
[2022-09-30 13:03:41,295] {processor.py:163} INFO - Started process (PID=2435) to work on /home/airflow/.local/lib/python3.7/site-packages/airflow/example_dags/example_short_circuit_operator.py
[2022-09-30 13:03:41,297] {processor.py:642} INFO - Processing file /home/airflow/.local/lib/python3.7/site-packages/airflow/example_dags/example_short_circuit_operator.py for tasks to queue
[2022-09-30 13:03:41,299] {logging_mixin.py:109} INFO - [2022-09-30 13:03:41,298] {dagbag.py:500} INFO - Filling up the DagBag from /home/airflow/.local/lib/python3.7/site-packages/airflow/example_dags/example_short_circuit_operator.py
[2022-09-30 13:03:41,339] {processor.py:654} INFO - DAG(s) dict_keys(['example_short_circuit_operator']) retrieved from /home/airflow/.local/lib/python3.7/site-packages/airflow/example_dags/example_short_circuit_operator.py
[2022-09-30 13:03:41,356] {logging_mixin.py:109} INFO - [2022-09-30 13:03:41,356] {dag.py:2398} INFO - Sync 1 DAGs
[2022-09-30 13:03:41,374] {logging_mixin.py:109} INFO - [2022-09-30 13:03:41,374] {dag.py:2937} INFO - Setting next_dagrun for example_short_circuit_operator to 2022-09-29T13:03:41.374032+00:00
[2022-09-30 13:03:41,389] {processor.py:171} INFO - Processing /home/airflow/.local/lib/python3.7/site-packages/airflow/example_dags/example_short_circuit_operator.py took 0.099 seconds
[2022-09-30 13:04:12,133] {processor.py:163} INFO - Started process (PID=2496) to work on /home/airflow/.local/lib/python3.7/site-packages/airflow/example_dags/example_short_circuit_operator.py
[2022-09-30 13:04:12,135] {processor.py:642} INFO - Processing file /home/airflow/.local/lib/python3.7/site-packages/airflow/example_dags/example_short_circuit_operator.py for tasks to queue
[2022-09-30 13:04:12,137] {logging_mixin.py:109} INFO - [2022-09-30 13:04:12,136] {dagbag.py:500} INFO - Filling up the DagBag from /home/airflow/.local/lib/python3.7/site-packages/airflow/example_dags/example_short_circuit_operator.py
[2022-09-30 13:04:12,187] {processor.py:654} INFO - DAG(s) dict_keys(['example_short_circuit_operator']) retrieved from /home/airflow/.local/lib/python3.7/site-packages/airflow/example_dags/example_short_circuit_operator.py
[2022-09-30 13:04:12,202] {logging_mixin.py:109} INFO - [2022-09-30 13:04:12,202] {dag.py:2398} INFO - Sync 1 DAGs
[2022-09-30 13:04:12,224] {logging_mixin.py:109} INFO - [2022-09-30 13:04:12,224] {dag.py:2937} INFO - Setting next_dagrun for example_short_circuit_operator to 2022-09-29T13:04:12.223819+00:00
[2022-09-30 13:04:12,237] {processor.py:171} INFO - Processing /home/airflow/.local/lib/python3.7/site-packages/airflow/example_dags/example_short_circuit_operator.py took 0.109 seconds
[2022-09-30 13:04:42,720] {processor.py:163} INFO - Started process (PID=2547) to work on /home/airflow/.local/lib/python3.7/site-packages/airflow/example_dags/example_short_circuit_operator.py
[2022-09-30 13:04:42,722] {processor.py:642} INFO - Processing file /home/airflow/.local/lib/python3.7/site-packages/airflow/example_dags/example_short_circuit_operator.py for tasks to queue
[2022-09-30 13:04:42,723] {logging_mixin.py:109} INFO - [2022-09-30 13:04:42,723] {dagbag.py:500} INFO - Filling up the DagBag from /home/airflow/.local/lib/python3.7/site-packages/airflow/example_dags/example_short_circuit_operator.py
[2022-09-30 13:04:42,757] {processor.py:654} INFO - DAG(s) dict_keys(['example_short_circuit_operator']) retrieved from /home/airflow/.local/lib/python3.7/site-packages/airflow/example_dags/example_short_circuit_operator.py
[2022-09-30 13:04:42,769] {logging_mixin.py:109} INFO - [2022-09-30 13:04:42,769] {dag.py:2398} INFO - Sync 1 DAGs
[2022-09-30 13:04:42,788] {logging_mixin.py:109} INFO - [2022-09-30 13:04:42,788] {dag.py:2937} INFO - Setting next_dagrun for example_short_circuit_operator to 2022-09-29T13:04:42.787995+00:00
[2022-09-30 13:04:42,799] {processor.py:171} INFO - Processing /home/airflow/.local/lib/python3.7/site-packages/airflow/example_dags/example_short_circuit_operator.py took 0.083 seconds
[2022-09-30 13:05:13,155] {processor.py:163} INFO - Started process (PID=2607) to work on /home/airflow/.local/lib/python3.7/site-packages/airflow/example_dags/example_short_circuit_operator.py
[2022-09-30 13:05:13,158] {processor.py:642} INFO - Processing file /home/airflow/.local/lib/python3.7/site-packages/airflow/example_dags/example_short_circuit_operator.py for tasks to queue
[2022-09-30 13:05:13,159] {logging_mixin.py:109} INFO - [2022-09-30 13:05:13,159] {dagbag.py:500} INFO - Filling up the DagBag from /home/airflow/.local/lib/python3.7/site-packages/airflow/example_dags/example_short_circuit_operator.py
[2022-09-30 13:05:13,194] {processor.py:654} INFO - DAG(s) dict_keys(['example_short_circuit_operator']) retrieved from /home/airflow/.local/lib/python3.7/site-packages/airflow/example_dags/example_short_circuit_operator.py
[2022-09-30 13:05:13,205] {logging_mixin.py:109} INFO - [2022-09-30 13:05:13,205] {dag.py:2398} INFO - Sync 1 DAGs
[2022-09-30 13:05:13,220] {logging_mixin.py:109} INFO - [2022-09-30 13:05:13,220] {dag.py:2937} INFO - Setting next_dagrun for example_short_circuit_operator to 2022-09-29T13:05:13.220282+00:00
[2022-09-30 13:05:13,233] {processor.py:171} INFO - Processing /home/airflow/.local/lib/python3.7/site-packages/airflow/example_dags/example_short_circuit_operator.py took 0.081 seconds
[2022-09-30 13:05:43,720] {processor.py:163} INFO - Started process (PID=2659) to work on /home/airflow/.local/lib/python3.7/site-packages/airflow/example_dags/example_short_circuit_operator.py
[2022-09-30 13:05:43,723] {processor.py:642} INFO - Processing file /home/airflow/.local/lib/python3.7/site-packages/airflow/example_dags/example_short_circuit_operator.py for tasks to queue
[2022-09-30 13:05:43,724] {logging_mixin.py:109} INFO - [2022-09-30 13:05:43,724] {dagbag.py:500} INFO - Filling up the DagBag from /home/airflow/.local/lib/python3.7/site-packages/airflow/example_dags/example_short_circuit_operator.py
[2022-09-30 13:05:43,764] {processor.py:654} INFO - DAG(s) dict_keys(['example_short_circuit_operator']) retrieved from /home/airflow/.local/lib/python3.7/site-packages/airflow/example_dags/example_short_circuit_operator.py
[2022-09-30 13:05:43,781] {logging_mixin.py:109} INFO - [2022-09-30 13:05:43,781] {dag.py:2398} INFO - Sync 1 DAGs
[2022-09-30 13:05:43,798] {logging_mixin.py:109} INFO - [2022-09-30 13:05:43,798] {dag.py:2937} INFO - Setting next_dagrun for example_short_circuit_operator to 2022-09-29T13:05:43.798261+00:00
[2022-09-30 13:05:43,810] {processor.py:171} INFO - Processing /home/airflow/.local/lib/python3.7/site-packages/airflow/example_dags/example_short_circuit_operator.py took 0.095 seconds
