[2022-09-30 12:33:05,860] {processor.py:163} INFO - Started process (PID=206) to work on /home/airflow/.local/lib/python3.7/site-packages/airflow/example_dags/example_branch_python_dop_operator_3.py
[2022-09-30 12:33:05,862] {processor.py:642} INFO - Processing file /home/airflow/.local/lib/python3.7/site-packages/airflow/example_dags/example_branch_python_dop_operator_3.py for tasks to queue
[2022-09-30 12:33:05,864] {logging_mixin.py:109} INFO - [2022-09-30 12:33:05,864] {dagbag.py:500} INFO - Filling up the DagBag from /home/airflow/.local/lib/python3.7/site-packages/airflow/example_dags/example_branch_python_dop_operator_3.py
[2022-09-30 12:33:05,909] {processor.py:654} INFO - DAG(s) dict_keys(['example_branch_dop_operator_v3']) retrieved from /home/airflow/.local/lib/python3.7/site-packages/airflow/example_dags/example_branch_python_dop_operator_3.py
[2022-09-30 12:33:09,862] {logging_mixin.py:109} INFO - [2022-09-30 12:33:09,862] {manager.py:496} INFO - Created Permission View: can edit on DAG:example_branch_dop_operator_v3
[2022-09-30 12:33:09,908] {logging_mixin.py:109} INFO - [2022-09-30 12:33:09,908] {manager.py:496} INFO - Created Permission View: can read on DAG:example_branch_dop_operator_v3
[2022-09-30 12:33:09,911] {logging_mixin.py:109} INFO - [2022-09-30 12:33:09,910] {dag.py:2398} INFO - Sync 1 DAGs
[2022-09-30 12:33:09,929] {logging_mixin.py:109} INFO - [2022-09-30 12:33:09,928] {dag.py:2417} INFO - Creating ORM DAG for example_branch_dop_operator_v3
[2022-09-30 12:33:09,964] {logging_mixin.py:109} INFO - [2022-09-30 12:33:09,964] {dag.py:2937} INFO - Setting next_dagrun for example_branch_dop_operator_v3 to 2022-09-30T12:32:00+00:00
[2022-09-30 12:33:09,994] {processor.py:171} INFO - Processing /home/airflow/.local/lib/python3.7/site-packages/airflow/example_dags/example_branch_python_dop_operator_3.py took 4.141 seconds
[2022-09-30 12:33:40,156] {processor.py:163} INFO - Started process (PID=269) to work on /home/airflow/.local/lib/python3.7/site-packages/airflow/example_dags/example_branch_python_dop_operator_3.py
[2022-09-30 12:33:40,158] {processor.py:642} INFO - Processing file /home/airflow/.local/lib/python3.7/site-packages/airflow/example_dags/example_branch_python_dop_operator_3.py for tasks to queue
[2022-09-30 12:33:40,161] {logging_mixin.py:109} INFO - [2022-09-30 12:33:40,160] {dagbag.py:500} INFO - Filling up the DagBag from /home/airflow/.local/lib/python3.7/site-packages/airflow/example_dags/example_branch_python_dop_operator_3.py
[2022-09-30 12:33:40,208] {processor.py:654} INFO - DAG(s) dict_keys(['example_branch_dop_operator_v3']) retrieved from /home/airflow/.local/lib/python3.7/site-packages/airflow/example_dags/example_branch_python_dop_operator_3.py
[2022-09-30 12:33:40,226] {logging_mixin.py:109} INFO - [2022-09-30 12:33:40,226] {dag.py:2398} INFO - Sync 1 DAGs
[2022-09-30 12:33:40,256] {logging_mixin.py:109} INFO - [2022-09-30 12:33:40,255] {dag.py:2937} INFO - Setting next_dagrun for example_branch_dop_operator_v3 to 2022-09-30T12:32:00+00:00
[2022-09-30 12:33:40,268] {processor.py:171} INFO - Processing /home/airflow/.local/lib/python3.7/site-packages/airflow/example_dags/example_branch_python_dop_operator_3.py took 0.117 seconds
[2022-09-30 12:34:10,461] {processor.py:163} INFO - Started process (PID=320) to work on /home/airflow/.local/lib/python3.7/site-packages/airflow/example_dags/example_branch_python_dop_operator_3.py
[2022-09-30 12:34:10,467] {processor.py:642} INFO - Processing file /home/airflow/.local/lib/python3.7/site-packages/airflow/example_dags/example_branch_python_dop_operator_3.py for tasks to queue
[2022-09-30 12:34:10,472] {logging_mixin.py:109} INFO - [2022-09-30 12:34:10,472] {dagbag.py:500} INFO - Filling up the DagBag from /home/airflow/.local/lib/python3.7/site-packages/airflow/example_dags/example_branch_python_dop_operator_3.py
[2022-09-30 12:34:10,762] {processor.py:654} INFO - DAG(s) dict_keys(['example_branch_dop_operator_v3']) retrieved from /home/airflow/.local/lib/python3.7/site-packages/airflow/example_dags/example_branch_python_dop_operator_3.py
[2022-09-30 12:34:10,927] {logging_mixin.py:109} INFO - [2022-09-30 12:34:10,926] {dag.py:2398} INFO - Sync 1 DAGs
[2022-09-30 12:34:11,193] {logging_mixin.py:109} INFO - [2022-09-30 12:34:11,193] {dag.py:2937} INFO - Setting next_dagrun for example_branch_dop_operator_v3 to 2022-09-30T12:33:00+00:00
[2022-09-30 12:34:11,257] {processor.py:171} INFO - Processing /home/airflow/.local/lib/python3.7/site-packages/airflow/example_dags/example_branch_python_dop_operator_3.py took 0.803 seconds
[2022-09-30 12:34:41,665] {processor.py:163} INFO - Started process (PID=371) to work on /home/airflow/.local/lib/python3.7/site-packages/airflow/example_dags/example_branch_python_dop_operator_3.py
[2022-09-30 12:34:41,674] {processor.py:642} INFO - Processing file /home/airflow/.local/lib/python3.7/site-packages/airflow/example_dags/example_branch_python_dop_operator_3.py for tasks to queue
[2022-09-30 12:34:41,693] {logging_mixin.py:109} INFO - [2022-09-30 12:34:41,693] {dagbag.py:500} INFO - Filling up the DagBag from /home/airflow/.local/lib/python3.7/site-packages/airflow/example_dags/example_branch_python_dop_operator_3.py
[2022-09-30 12:34:41,765] {processor.py:654} INFO - DAG(s) dict_keys(['example_branch_dop_operator_v3']) retrieved from /home/airflow/.local/lib/python3.7/site-packages/airflow/example_dags/example_branch_python_dop_operator_3.py
[2022-09-30 12:34:41,789] {logging_mixin.py:109} INFO - [2022-09-30 12:34:41,789] {dag.py:2398} INFO - Sync 1 DAGs
[2022-09-30 12:34:41,816] {logging_mixin.py:109} INFO - [2022-09-30 12:34:41,816] {dag.py:2937} INFO - Setting next_dagrun for example_branch_dop_operator_v3 to 2022-09-30T12:33:00+00:00
[2022-09-30 12:34:41,840] {processor.py:171} INFO - Processing /home/airflow/.local/lib/python3.7/site-packages/airflow/example_dags/example_branch_python_dop_operator_3.py took 0.179 seconds
[2022-09-30 12:35:12,425] {processor.py:163} INFO - Started process (PID=431) to work on /home/airflow/.local/lib/python3.7/site-packages/airflow/example_dags/example_branch_python_dop_operator_3.py
[2022-09-30 12:35:12,427] {processor.py:642} INFO - Processing file /home/airflow/.local/lib/python3.7/site-packages/airflow/example_dags/example_branch_python_dop_operator_3.py for tasks to queue
[2022-09-30 12:35:12,429] {logging_mixin.py:109} INFO - [2022-09-30 12:35:12,429] {dagbag.py:500} INFO - Filling up the DagBag from /home/airflow/.local/lib/python3.7/site-packages/airflow/example_dags/example_branch_python_dop_operator_3.py
[2022-09-30 12:35:12,469] {processor.py:654} INFO - DAG(s) dict_keys(['example_branch_dop_operator_v3']) retrieved from /home/airflow/.local/lib/python3.7/site-packages/airflow/example_dags/example_branch_python_dop_operator_3.py
[2022-09-30 12:35:12,481] {logging_mixin.py:109} INFO - [2022-09-30 12:35:12,481] {dag.py:2398} INFO - Sync 1 DAGs
[2022-09-30 12:35:12,510] {logging_mixin.py:109} INFO - [2022-09-30 12:35:12,510] {dag.py:2937} INFO - Setting next_dagrun for example_branch_dop_operator_v3 to 2022-09-30T12:34:00+00:00
[2022-09-30 12:35:12,585] {processor.py:171} INFO - Processing /home/airflow/.local/lib/python3.7/site-packages/airflow/example_dags/example_branch_python_dop_operator_3.py took 0.164 seconds
[2022-09-30 12:35:43,017] {processor.py:163} INFO - Started process (PID=482) to work on /home/airflow/.local/lib/python3.7/site-packages/airflow/example_dags/example_branch_python_dop_operator_3.py
[2022-09-30 12:35:43,019] {processor.py:642} INFO - Processing file /home/airflow/.local/lib/python3.7/site-packages/airflow/example_dags/example_branch_python_dop_operator_3.py for tasks to queue
[2022-09-30 12:35:43,020] {logging_mixin.py:109} INFO - [2022-09-30 12:35:43,020] {dagbag.py:500} INFO - Filling up the DagBag from /home/airflow/.local/lib/python3.7/site-packages/airflow/example_dags/example_branch_python_dop_operator_3.py
[2022-09-30 12:35:43,051] {processor.py:654} INFO - DAG(s) dict_keys(['example_branch_dop_operator_v3']) retrieved from /home/airflow/.local/lib/python3.7/site-packages/airflow/example_dags/example_branch_python_dop_operator_3.py
[2022-09-30 12:35:43,061] {logging_mixin.py:109} INFO - [2022-09-30 12:35:43,061] {dag.py:2398} INFO - Sync 1 DAGs
[2022-09-30 12:35:43,081] {logging_mixin.py:109} INFO - [2022-09-30 12:35:43,081] {dag.py:2937} INFO - Setting next_dagrun for example_branch_dop_operator_v3 to 2022-09-30T12:34:00+00:00
[2022-09-30 12:35:43,092] {processor.py:171} INFO - Processing /home/airflow/.local/lib/python3.7/site-packages/airflow/example_dags/example_branch_python_dop_operator_3.py took 0.078 seconds
[2022-09-30 12:36:13,193] {processor.py:163} INFO - Started process (PID=542) to work on /home/airflow/.local/lib/python3.7/site-packages/airflow/example_dags/example_branch_python_dop_operator_3.py
[2022-09-30 12:36:13,195] {processor.py:642} INFO - Processing file /home/airflow/.local/lib/python3.7/site-packages/airflow/example_dags/example_branch_python_dop_operator_3.py for tasks to queue
[2022-09-30 12:36:13,197] {logging_mixin.py:109} INFO - [2022-09-30 12:36:13,197] {dagbag.py:500} INFO - Filling up the DagBag from /home/airflow/.local/lib/python3.7/site-packages/airflow/example_dags/example_branch_python_dop_operator_3.py
[2022-09-30 12:36:13,245] {processor.py:654} INFO - DAG(s) dict_keys(['example_branch_dop_operator_v3']) retrieved from /home/airflow/.local/lib/python3.7/site-packages/airflow/example_dags/example_branch_python_dop_operator_3.py
[2022-09-30 12:36:13,266] {logging_mixin.py:109} INFO - [2022-09-30 12:36:13,266] {dag.py:2398} INFO - Sync 1 DAGs
[2022-09-30 12:36:13,288] {logging_mixin.py:109} INFO - [2022-09-30 12:36:13,288] {dag.py:2937} INFO - Setting next_dagrun for example_branch_dop_operator_v3 to 2022-09-30T12:35:00+00:00
[2022-09-30 12:36:13,299] {processor.py:171} INFO - Processing /home/airflow/.local/lib/python3.7/site-packages/airflow/example_dags/example_branch_python_dop_operator_3.py took 0.110 seconds
[2022-09-30 12:36:43,923] {processor.py:163} INFO - Started process (PID=596) to work on /home/airflow/.local/lib/python3.7/site-packages/airflow/example_dags/example_branch_python_dop_operator_3.py
[2022-09-30 12:36:43,925] {processor.py:642} INFO - Processing file /home/airflow/.local/lib/python3.7/site-packages/airflow/example_dags/example_branch_python_dop_operator_3.py for tasks to queue
[2022-09-30 12:36:43,927] {logging_mixin.py:109} INFO - [2022-09-30 12:36:43,927] {dagbag.py:500} INFO - Filling up the DagBag from /home/airflow/.local/lib/python3.7/site-packages/airflow/example_dags/example_branch_python_dop_operator_3.py
[2022-09-30 12:36:43,961] {processor.py:654} INFO - DAG(s) dict_keys(['example_branch_dop_operator_v3']) retrieved from /home/airflow/.local/lib/python3.7/site-packages/airflow/example_dags/example_branch_python_dop_operator_3.py
[2022-09-30 12:36:43,988] {logging_mixin.py:109} INFO - [2022-09-30 12:36:43,987] {dag.py:2398} INFO - Sync 1 DAGs
[2022-09-30 12:36:44,033] {logging_mixin.py:109} INFO - [2022-09-30 12:36:44,032] {dag.py:2937} INFO - Setting next_dagrun for example_branch_dop_operator_v3 to 2022-09-30T12:35:00+00:00
[2022-09-30 12:36:44,069] {processor.py:171} INFO - Processing /home/airflow/.local/lib/python3.7/site-packages/airflow/example_dags/example_branch_python_dop_operator_3.py took 0.148 seconds
[2022-09-30 12:37:14,741] {processor.py:163} INFO - Started process (PID=647) to work on /home/airflow/.local/lib/python3.7/site-packages/airflow/example_dags/example_branch_python_dop_operator_3.py
[2022-09-30 12:37:14,743] {processor.py:642} INFO - Processing file /home/airflow/.local/lib/python3.7/site-packages/airflow/example_dags/example_branch_python_dop_operator_3.py for tasks to queue
[2022-09-30 12:37:14,745] {logging_mixin.py:109} INFO - [2022-09-30 12:37:14,745] {dagbag.py:500} INFO - Filling up the DagBag from /home/airflow/.local/lib/python3.7/site-packages/airflow/example_dags/example_branch_python_dop_operator_3.py
[2022-09-30 12:37:14,825] {processor.py:654} INFO - DAG(s) dict_keys(['example_branch_dop_operator_v3']) retrieved from /home/airflow/.local/lib/python3.7/site-packages/airflow/example_dags/example_branch_python_dop_operator_3.py
[2022-09-30 12:37:14,839] {logging_mixin.py:109} INFO - [2022-09-30 12:37:14,839] {dag.py:2398} INFO - Sync 1 DAGs
[2022-09-30 12:37:14,866] {logging_mixin.py:109} INFO - [2022-09-30 12:37:14,866] {dag.py:2937} INFO - Setting next_dagrun for example_branch_dop_operator_v3 to 2022-09-30T12:36:00+00:00
[2022-09-30 12:37:14,883] {processor.py:171} INFO - Processing /home/airflow/.local/lib/python3.7/site-packages/airflow/example_dags/example_branch_python_dop_operator_3.py took 0.154 seconds
[2022-09-30 12:37:45,362] {processor.py:163} INFO - Started process (PID=706) to work on /home/airflow/.local/lib/python3.7/site-packages/airflow/example_dags/example_branch_python_dop_operator_3.py
[2022-09-30 12:37:45,364] {processor.py:642} INFO - Processing file /home/airflow/.local/lib/python3.7/site-packages/airflow/example_dags/example_branch_python_dop_operator_3.py for tasks to queue
[2022-09-30 12:37:45,366] {logging_mixin.py:109} INFO - [2022-09-30 12:37:45,366] {dagbag.py:500} INFO - Filling up the DagBag from /home/airflow/.local/lib/python3.7/site-packages/airflow/example_dags/example_branch_python_dop_operator_3.py
[2022-09-30 12:37:45,402] {processor.py:654} INFO - DAG(s) dict_keys(['example_branch_dop_operator_v3']) retrieved from /home/airflow/.local/lib/python3.7/site-packages/airflow/example_dags/example_branch_python_dop_operator_3.py
[2022-09-30 12:37:45,413] {logging_mixin.py:109} INFO - [2022-09-30 12:37:45,413] {dag.py:2398} INFO - Sync 1 DAGs
[2022-09-30 12:37:45,434] {logging_mixin.py:109} INFO - [2022-09-30 12:37:45,434] {dag.py:2937} INFO - Setting next_dagrun for example_branch_dop_operator_v3 to 2022-09-30T12:36:00+00:00
[2022-09-30 12:37:45,445] {processor.py:171} INFO - Processing /home/airflow/.local/lib/python3.7/site-packages/airflow/example_dags/example_branch_python_dop_operator_3.py took 0.095 seconds
[2022-09-30 12:38:15,720] {processor.py:163} INFO - Started process (PID=758) to work on /home/airflow/.local/lib/python3.7/site-packages/airflow/example_dags/example_branch_python_dop_operator_3.py
[2022-09-30 12:38:15,723] {processor.py:642} INFO - Processing file /home/airflow/.local/lib/python3.7/site-packages/airflow/example_dags/example_branch_python_dop_operator_3.py for tasks to queue
[2022-09-30 12:38:15,724] {logging_mixin.py:109} INFO - [2022-09-30 12:38:15,724] {dagbag.py:500} INFO - Filling up the DagBag from /home/airflow/.local/lib/python3.7/site-packages/airflow/example_dags/example_branch_python_dop_operator_3.py
[2022-09-30 12:38:15,764] {processor.py:654} INFO - DAG(s) dict_keys(['example_branch_dop_operator_v3']) retrieved from /home/airflow/.local/lib/python3.7/site-packages/airflow/example_dags/example_branch_python_dop_operator_3.py
[2022-09-30 12:38:15,775] {logging_mixin.py:109} INFO - [2022-09-30 12:38:15,775] {dag.py:2398} INFO - Sync 1 DAGs
[2022-09-30 12:38:15,795] {logging_mixin.py:109} INFO - [2022-09-30 12:38:15,795] {dag.py:2937} INFO - Setting next_dagrun for example_branch_dop_operator_v3 to 2022-09-30T12:37:00+00:00
[2022-09-30 12:38:15,807] {processor.py:171} INFO - Processing /home/airflow/.local/lib/python3.7/site-packages/airflow/example_dags/example_branch_python_dop_operator_3.py took 0.090 seconds
[2022-09-30 12:38:46,364] {processor.py:163} INFO - Started process (PID=818) to work on /home/airflow/.local/lib/python3.7/site-packages/airflow/example_dags/example_branch_python_dop_operator_3.py
[2022-09-30 12:38:46,366] {processor.py:642} INFO - Processing file /home/airflow/.local/lib/python3.7/site-packages/airflow/example_dags/example_branch_python_dop_operator_3.py for tasks to queue
[2022-09-30 12:38:46,368] {logging_mixin.py:109} INFO - [2022-09-30 12:38:46,368] {dagbag.py:500} INFO - Filling up the DagBag from /home/airflow/.local/lib/python3.7/site-packages/airflow/example_dags/example_branch_python_dop_operator_3.py
[2022-09-30 12:38:46,410] {processor.py:654} INFO - DAG(s) dict_keys(['example_branch_dop_operator_v3']) retrieved from /home/airflow/.local/lib/python3.7/site-packages/airflow/example_dags/example_branch_python_dop_operator_3.py
[2022-09-30 12:38:46,423] {logging_mixin.py:109} INFO - [2022-09-30 12:38:46,423] {dag.py:2398} INFO - Sync 1 DAGs
[2022-09-30 12:38:46,452] {logging_mixin.py:109} INFO - [2022-09-30 12:38:46,452] {dag.py:2937} INFO - Setting next_dagrun for example_branch_dop_operator_v3 to 2022-09-30T12:37:00+00:00
[2022-09-30 12:38:46,468] {processor.py:171} INFO - Processing /home/airflow/.local/lib/python3.7/site-packages/airflow/example_dags/example_branch_python_dop_operator_3.py took 0.109 seconds
[2022-09-30 12:39:17,008] {processor.py:163} INFO - Started process (PID=869) to work on /home/airflow/.local/lib/python3.7/site-packages/airflow/example_dags/example_branch_python_dop_operator_3.py
[2022-09-30 12:39:17,013] {processor.py:642} INFO - Processing file /home/airflow/.local/lib/python3.7/site-packages/airflow/example_dags/example_branch_python_dop_operator_3.py for tasks to queue
[2022-09-30 12:39:17,014] {logging_mixin.py:109} INFO - [2022-09-30 12:39:17,014] {dagbag.py:500} INFO - Filling up the DagBag from /home/airflow/.local/lib/python3.7/site-packages/airflow/example_dags/example_branch_python_dop_operator_3.py
[2022-09-30 12:39:17,058] {processor.py:654} INFO - DAG(s) dict_keys(['example_branch_dop_operator_v3']) retrieved from /home/airflow/.local/lib/python3.7/site-packages/airflow/example_dags/example_branch_python_dop_operator_3.py
[2022-09-30 12:39:17,071] {logging_mixin.py:109} INFO - [2022-09-30 12:39:17,070] {dag.py:2398} INFO - Sync 1 DAGs
[2022-09-30 12:39:17,100] {logging_mixin.py:109} INFO - [2022-09-30 12:39:17,100] {dag.py:2937} INFO - Setting next_dagrun for example_branch_dop_operator_v3 to 2022-09-30T12:38:00+00:00
[2022-09-30 12:39:17,114] {processor.py:171} INFO - Processing /home/airflow/.local/lib/python3.7/site-packages/airflow/example_dags/example_branch_python_dop_operator_3.py took 0.110 seconds
[2022-09-30 12:39:47,430] {processor.py:163} INFO - Started process (PID=920) to work on /home/airflow/.local/lib/python3.7/site-packages/airflow/example_dags/example_branch_python_dop_operator_3.py
[2022-09-30 12:39:47,432] {processor.py:642} INFO - Processing file /home/airflow/.local/lib/python3.7/site-packages/airflow/example_dags/example_branch_python_dop_operator_3.py for tasks to queue
[2022-09-30 12:39:47,434] {logging_mixin.py:109} INFO - [2022-09-30 12:39:47,434] {dagbag.py:500} INFO - Filling up the DagBag from /home/airflow/.local/lib/python3.7/site-packages/airflow/example_dags/example_branch_python_dop_operator_3.py
[2022-09-30 12:39:47,487] {processor.py:654} INFO - DAG(s) dict_keys(['example_branch_dop_operator_v3']) retrieved from /home/airflow/.local/lib/python3.7/site-packages/airflow/example_dags/example_branch_python_dop_operator_3.py
[2022-09-30 12:39:47,497] {logging_mixin.py:109} INFO - [2022-09-30 12:39:47,496] {dag.py:2398} INFO - Sync 1 DAGs
[2022-09-30 12:39:47,518] {logging_mixin.py:109} INFO - [2022-09-30 12:39:47,518] {dag.py:2937} INFO - Setting next_dagrun for example_branch_dop_operator_v3 to 2022-09-30T12:38:00+00:00
[2022-09-30 12:39:47,528] {processor.py:171} INFO - Processing /home/airflow/.local/lib/python3.7/site-packages/airflow/example_dags/example_branch_python_dop_operator_3.py took 0.102 seconds
[2022-09-30 12:40:17,835] {processor.py:163} INFO - Started process (PID=980) to work on /home/airflow/.local/lib/python3.7/site-packages/airflow/example_dags/example_branch_python_dop_operator_3.py
[2022-09-30 12:40:17,837] {processor.py:642} INFO - Processing file /home/airflow/.local/lib/python3.7/site-packages/airflow/example_dags/example_branch_python_dop_operator_3.py for tasks to queue
[2022-09-30 12:40:17,839] {logging_mixin.py:109} INFO - [2022-09-30 12:40:17,839] {dagbag.py:500} INFO - Filling up the DagBag from /home/airflow/.local/lib/python3.7/site-packages/airflow/example_dags/example_branch_python_dop_operator_3.py
[2022-09-30 12:40:17,889] {processor.py:654} INFO - DAG(s) dict_keys(['example_branch_dop_operator_v3']) retrieved from /home/airflow/.local/lib/python3.7/site-packages/airflow/example_dags/example_branch_python_dop_operator_3.py
[2022-09-30 12:40:17,919] {logging_mixin.py:109} INFO - [2022-09-30 12:40:17,918] {dag.py:2398} INFO - Sync 1 DAGs
[2022-09-30 12:40:17,990] {logging_mixin.py:109} INFO - [2022-09-30 12:40:17,990] {dag.py:2937} INFO - Setting next_dagrun for example_branch_dop_operator_v3 to 2022-09-30T12:39:00+00:00
[2022-09-30 12:40:18,004] {processor.py:171} INFO - Processing /home/airflow/.local/lib/python3.7/site-packages/airflow/example_dags/example_branch_python_dop_operator_3.py took 0.174 seconds
[2022-09-30 12:40:48,673] {processor.py:163} INFO - Started process (PID=1031) to work on /home/airflow/.local/lib/python3.7/site-packages/airflow/example_dags/example_branch_python_dop_operator_3.py
[2022-09-30 12:40:48,677] {processor.py:642} INFO - Processing file /home/airflow/.local/lib/python3.7/site-packages/airflow/example_dags/example_branch_python_dop_operator_3.py for tasks to queue
[2022-09-30 12:40:48,681] {logging_mixin.py:109} INFO - [2022-09-30 12:40:48,680] {dagbag.py:500} INFO - Filling up the DagBag from /home/airflow/.local/lib/python3.7/site-packages/airflow/example_dags/example_branch_python_dop_operator_3.py
[2022-09-30 12:40:48,777] {processor.py:654} INFO - DAG(s) dict_keys(['example_branch_dop_operator_v3']) retrieved from /home/airflow/.local/lib/python3.7/site-packages/airflow/example_dags/example_branch_python_dop_operator_3.py
[2022-09-30 12:40:48,798] {logging_mixin.py:109} INFO - [2022-09-30 12:40:48,798] {dag.py:2398} INFO - Sync 1 DAGs
[2022-09-30 12:40:48,836] {logging_mixin.py:109} INFO - [2022-09-30 12:40:48,836] {dag.py:2937} INFO - Setting next_dagrun for example_branch_dop_operator_v3 to 2022-09-30T12:39:00+00:00
[2022-09-30 12:40:48,855] {processor.py:171} INFO - Processing /home/airflow/.local/lib/python3.7/site-packages/airflow/example_dags/example_branch_python_dop_operator_3.py took 0.186 seconds
[2022-09-30 12:41:19,221] {processor.py:163} INFO - Started process (PID=1091) to work on /home/airflow/.local/lib/python3.7/site-packages/airflow/example_dags/example_branch_python_dop_operator_3.py
[2022-09-30 12:41:19,224] {processor.py:642} INFO - Processing file /home/airflow/.local/lib/python3.7/site-packages/airflow/example_dags/example_branch_python_dop_operator_3.py for tasks to queue
[2022-09-30 12:41:19,226] {logging_mixin.py:109} INFO - [2022-09-30 12:41:19,226] {dagbag.py:500} INFO - Filling up the DagBag from /home/airflow/.local/lib/python3.7/site-packages/airflow/example_dags/example_branch_python_dop_operator_3.py
[2022-09-30 12:41:19,282] {processor.py:654} INFO - DAG(s) dict_keys(['example_branch_dop_operator_v3']) retrieved from /home/airflow/.local/lib/python3.7/site-packages/airflow/example_dags/example_branch_python_dop_operator_3.py
[2022-09-30 12:41:19,302] {logging_mixin.py:109} INFO - [2022-09-30 12:41:19,302] {dag.py:2398} INFO - Sync 1 DAGs
[2022-09-30 12:41:19,333] {logging_mixin.py:109} INFO - [2022-09-30 12:41:19,333] {dag.py:2937} INFO - Setting next_dagrun for example_branch_dop_operator_v3 to 2022-09-30T12:40:00+00:00
[2022-09-30 12:41:19,361] {processor.py:171} INFO - Processing /home/airflow/.local/lib/python3.7/site-packages/airflow/example_dags/example_branch_python_dop_operator_3.py took 0.149 seconds
[2022-09-30 12:41:49,671] {processor.py:163} INFO - Started process (PID=1143) to work on /home/airflow/.local/lib/python3.7/site-packages/airflow/example_dags/example_branch_python_dop_operator_3.py
[2022-09-30 12:41:49,672] {processor.py:642} INFO - Processing file /home/airflow/.local/lib/python3.7/site-packages/airflow/example_dags/example_branch_python_dop_operator_3.py for tasks to queue
[2022-09-30 12:41:49,674] {logging_mixin.py:109} INFO - [2022-09-30 12:41:49,673] {dagbag.py:500} INFO - Filling up the DagBag from /home/airflow/.local/lib/python3.7/site-packages/airflow/example_dags/example_branch_python_dop_operator_3.py
[2022-09-30 12:41:49,708] {processor.py:654} INFO - DAG(s) dict_keys(['example_branch_dop_operator_v3']) retrieved from /home/airflow/.local/lib/python3.7/site-packages/airflow/example_dags/example_branch_python_dop_operator_3.py
[2022-09-30 12:41:49,719] {logging_mixin.py:109} INFO - [2022-09-30 12:41:49,719] {dag.py:2398} INFO - Sync 1 DAGs
[2022-09-30 12:41:49,738] {logging_mixin.py:109} INFO - [2022-09-30 12:41:49,738] {dag.py:2937} INFO - Setting next_dagrun for example_branch_dop_operator_v3 to 2022-09-30T12:40:00+00:00
[2022-09-30 12:41:49,751] {processor.py:171} INFO - Processing /home/airflow/.local/lib/python3.7/site-packages/airflow/example_dags/example_branch_python_dop_operator_3.py took 0.083 seconds
[2022-09-30 12:42:19,979] {processor.py:163} INFO - Started process (PID=1195) to work on /home/airflow/.local/lib/python3.7/site-packages/airflow/example_dags/example_branch_python_dop_operator_3.py
[2022-09-30 12:42:19,981] {processor.py:642} INFO - Processing file /home/airflow/.local/lib/python3.7/site-packages/airflow/example_dags/example_branch_python_dop_operator_3.py for tasks to queue
[2022-09-30 12:42:19,982] {logging_mixin.py:109} INFO - [2022-09-30 12:42:19,982] {dagbag.py:500} INFO - Filling up the DagBag from /home/airflow/.local/lib/python3.7/site-packages/airflow/example_dags/example_branch_python_dop_operator_3.py
[2022-09-30 12:42:20,018] {processor.py:654} INFO - DAG(s) dict_keys(['example_branch_dop_operator_v3']) retrieved from /home/airflow/.local/lib/python3.7/site-packages/airflow/example_dags/example_branch_python_dop_operator_3.py
[2022-09-30 12:42:20,030] {logging_mixin.py:109} INFO - [2022-09-30 12:42:20,030] {dag.py:2398} INFO - Sync 1 DAGs
[2022-09-30 12:42:20,050] {logging_mixin.py:109} INFO - [2022-09-30 12:42:20,050] {dag.py:2937} INFO - Setting next_dagrun for example_branch_dop_operator_v3 to 2022-09-30T12:41:00+00:00
[2022-09-30 12:42:20,061] {processor.py:171} INFO - Processing /home/airflow/.local/lib/python3.7/site-packages/airflow/example_dags/example_branch_python_dop_operator_3.py took 0.085 seconds
[2022-09-30 12:42:50,343] {processor.py:163} INFO - Started process (PID=1256) to work on /home/airflow/.local/lib/python3.7/site-packages/airflow/example_dags/example_branch_python_dop_operator_3.py
[2022-09-30 12:42:50,345] {processor.py:642} INFO - Processing file /home/airflow/.local/lib/python3.7/site-packages/airflow/example_dags/example_branch_python_dop_operator_3.py for tasks to queue
[2022-09-30 12:42:50,347] {logging_mixin.py:109} INFO - [2022-09-30 12:42:50,346] {dagbag.py:500} INFO - Filling up the DagBag from /home/airflow/.local/lib/python3.7/site-packages/airflow/example_dags/example_branch_python_dop_operator_3.py
[2022-09-30 12:42:50,391] {processor.py:654} INFO - DAG(s) dict_keys(['example_branch_dop_operator_v3']) retrieved from /home/airflow/.local/lib/python3.7/site-packages/airflow/example_dags/example_branch_python_dop_operator_3.py
[2022-09-30 12:42:50,407] {logging_mixin.py:109} INFO - [2022-09-30 12:42:50,407] {dag.py:2398} INFO - Sync 1 DAGs
[2022-09-30 12:42:50,437] {logging_mixin.py:109} INFO - [2022-09-30 12:42:50,437] {dag.py:2937} INFO - Setting next_dagrun for example_branch_dop_operator_v3 to 2022-09-30T12:41:00+00:00
[2022-09-30 12:42:50,471] {processor.py:171} INFO - Processing /home/airflow/.local/lib/python3.7/site-packages/airflow/example_dags/example_branch_python_dop_operator_3.py took 0.132 seconds
[2022-09-30 12:43:21,391] {processor.py:163} INFO - Started process (PID=1308) to work on /home/airflow/.local/lib/python3.7/site-packages/airflow/example_dags/example_branch_python_dop_operator_3.py
[2022-09-30 12:43:21,394] {processor.py:642} INFO - Processing file /home/airflow/.local/lib/python3.7/site-packages/airflow/example_dags/example_branch_python_dop_operator_3.py for tasks to queue
[2022-09-30 12:43:21,396] {logging_mixin.py:109} INFO - [2022-09-30 12:43:21,396] {dagbag.py:500} INFO - Filling up the DagBag from /home/airflow/.local/lib/python3.7/site-packages/airflow/example_dags/example_branch_python_dop_operator_3.py
[2022-09-30 12:43:21,439] {processor.py:654} INFO - DAG(s) dict_keys(['example_branch_dop_operator_v3']) retrieved from /home/airflow/.local/lib/python3.7/site-packages/airflow/example_dags/example_branch_python_dop_operator_3.py
[2022-09-30 12:43:21,455] {logging_mixin.py:109} INFO - [2022-09-30 12:43:21,455] {dag.py:2398} INFO - Sync 1 DAGs
[2022-09-30 12:43:21,484] {logging_mixin.py:109} INFO - [2022-09-30 12:43:21,484] {dag.py:2937} INFO - Setting next_dagrun for example_branch_dop_operator_v3 to 2022-09-30T12:42:00+00:00
[2022-09-30 12:43:21,496] {processor.py:171} INFO - Processing /home/airflow/.local/lib/python3.7/site-packages/airflow/example_dags/example_branch_python_dop_operator_3.py took 0.111 seconds
[2022-09-30 12:43:51,781] {processor.py:163} INFO - Started process (PID=1368) to work on /home/airflow/.local/lib/python3.7/site-packages/airflow/example_dags/example_branch_python_dop_operator_3.py
[2022-09-30 12:43:51,783] {processor.py:642} INFO - Processing file /home/airflow/.local/lib/python3.7/site-packages/airflow/example_dags/example_branch_python_dop_operator_3.py for tasks to queue
[2022-09-30 12:43:51,785] {logging_mixin.py:109} INFO - [2022-09-30 12:43:51,784] {dagbag.py:500} INFO - Filling up the DagBag from /home/airflow/.local/lib/python3.7/site-packages/airflow/example_dags/example_branch_python_dop_operator_3.py
[2022-09-30 12:43:51,818] {processor.py:654} INFO - DAG(s) dict_keys(['example_branch_dop_operator_v3']) retrieved from /home/airflow/.local/lib/python3.7/site-packages/airflow/example_dags/example_branch_python_dop_operator_3.py
[2022-09-30 12:43:51,831] {logging_mixin.py:109} INFO - [2022-09-30 12:43:51,831] {dag.py:2398} INFO - Sync 1 DAGs
[2022-09-30 12:43:51,856] {logging_mixin.py:109} INFO - [2022-09-30 12:43:51,855] {dag.py:2937} INFO - Setting next_dagrun for example_branch_dop_operator_v3 to 2022-09-30T12:42:00+00:00
[2022-09-30 12:43:51,870] {processor.py:171} INFO - Processing /home/airflow/.local/lib/python3.7/site-packages/airflow/example_dags/example_branch_python_dop_operator_3.py took 0.094 seconds
[2022-09-30 12:44:21,970] {processor.py:163} INFO - Started process (PID=1419) to work on /home/airflow/.local/lib/python3.7/site-packages/airflow/example_dags/example_branch_python_dop_operator_3.py
[2022-09-30 12:44:21,972] {processor.py:642} INFO - Processing file /home/airflow/.local/lib/python3.7/site-packages/airflow/example_dags/example_branch_python_dop_operator_3.py for tasks to queue
[2022-09-30 12:44:21,974] {logging_mixin.py:109} INFO - [2022-09-30 12:44:21,974] {dagbag.py:500} INFO - Filling up the DagBag from /home/airflow/.local/lib/python3.7/site-packages/airflow/example_dags/example_branch_python_dop_operator_3.py
[2022-09-30 12:44:22,006] {processor.py:654} INFO - DAG(s) dict_keys(['example_branch_dop_operator_v3']) retrieved from /home/airflow/.local/lib/python3.7/site-packages/airflow/example_dags/example_branch_python_dop_operator_3.py
[2022-09-30 12:44:22,016] {logging_mixin.py:109} INFO - [2022-09-30 12:44:22,016] {dag.py:2398} INFO - Sync 1 DAGs
[2022-09-30 12:44:22,036] {logging_mixin.py:109} INFO - [2022-09-30 12:44:22,036] {dag.py:2937} INFO - Setting next_dagrun for example_branch_dop_operator_v3 to 2022-09-30T12:43:00+00:00
[2022-09-30 12:44:22,047] {processor.py:171} INFO - Processing /home/airflow/.local/lib/python3.7/site-packages/airflow/example_dags/example_branch_python_dop_operator_3.py took 0.081 seconds
[2022-09-30 12:44:52,290] {processor.py:163} INFO - Started process (PID=1480) to work on /home/airflow/.local/lib/python3.7/site-packages/airflow/example_dags/example_branch_python_dop_operator_3.py
[2022-09-30 12:44:52,292] {processor.py:642} INFO - Processing file /home/airflow/.local/lib/python3.7/site-packages/airflow/example_dags/example_branch_python_dop_operator_3.py for tasks to queue
[2022-09-30 12:44:52,294] {logging_mixin.py:109} INFO - [2022-09-30 12:44:52,294] {dagbag.py:500} INFO - Filling up the DagBag from /home/airflow/.local/lib/python3.7/site-packages/airflow/example_dags/example_branch_python_dop_operator_3.py
[2022-09-30 12:44:52,332] {processor.py:654} INFO - DAG(s) dict_keys(['example_branch_dop_operator_v3']) retrieved from /home/airflow/.local/lib/python3.7/site-packages/airflow/example_dags/example_branch_python_dop_operator_3.py
[2022-09-30 12:44:52,345] {logging_mixin.py:109} INFO - [2022-09-30 12:44:52,344] {dag.py:2398} INFO - Sync 1 DAGs
[2022-09-30 12:44:52,367] {logging_mixin.py:109} INFO - [2022-09-30 12:44:52,367] {dag.py:2937} INFO - Setting next_dagrun for example_branch_dop_operator_v3 to 2022-09-30T12:43:00+00:00
[2022-09-30 12:44:52,379] {processor.py:171} INFO - Processing /home/airflow/.local/lib/python3.7/site-packages/airflow/example_dags/example_branch_python_dop_operator_3.py took 0.094 seconds
[2022-09-30 12:45:22,793] {processor.py:163} INFO - Started process (PID=1531) to work on /home/airflow/.local/lib/python3.7/site-packages/airflow/example_dags/example_branch_python_dop_operator_3.py
[2022-09-30 12:45:22,795] {processor.py:642} INFO - Processing file /home/airflow/.local/lib/python3.7/site-packages/airflow/example_dags/example_branch_python_dop_operator_3.py for tasks to queue
[2022-09-30 12:45:22,796] {logging_mixin.py:109} INFO - [2022-09-30 12:45:22,796] {dagbag.py:500} INFO - Filling up the DagBag from /home/airflow/.local/lib/python3.7/site-packages/airflow/example_dags/example_branch_python_dop_operator_3.py
[2022-09-30 12:45:22,830] {processor.py:654} INFO - DAG(s) dict_keys(['example_branch_dop_operator_v3']) retrieved from /home/airflow/.local/lib/python3.7/site-packages/airflow/example_dags/example_branch_python_dop_operator_3.py
[2022-09-30 12:45:22,841] {logging_mixin.py:109} INFO - [2022-09-30 12:45:22,841] {dag.py:2398} INFO - Sync 1 DAGs
[2022-09-30 12:45:22,861] {logging_mixin.py:109} INFO - [2022-09-30 12:45:22,861] {dag.py:2937} INFO - Setting next_dagrun for example_branch_dop_operator_v3 to 2022-09-30T12:44:00+00:00
[2022-09-30 12:45:22,872] {processor.py:171} INFO - Processing /home/airflow/.local/lib/python3.7/site-packages/airflow/example_dags/example_branch_python_dop_operator_3.py took 0.083 seconds
[2022-09-30 12:45:53,114] {processor.py:163} INFO - Started process (PID=1592) to work on /home/airflow/.local/lib/python3.7/site-packages/airflow/example_dags/example_branch_python_dop_operator_3.py
[2022-09-30 12:45:53,116] {processor.py:642} INFO - Processing file /home/airflow/.local/lib/python3.7/site-packages/airflow/example_dags/example_branch_python_dop_operator_3.py for tasks to queue
[2022-09-30 12:45:53,117] {logging_mixin.py:109} INFO - [2022-09-30 12:45:53,117] {dagbag.py:500} INFO - Filling up the DagBag from /home/airflow/.local/lib/python3.7/site-packages/airflow/example_dags/example_branch_python_dop_operator_3.py
[2022-09-30 12:45:53,150] {processor.py:654} INFO - DAG(s) dict_keys(['example_branch_dop_operator_v3']) retrieved from /home/airflow/.local/lib/python3.7/site-packages/airflow/example_dags/example_branch_python_dop_operator_3.py
[2022-09-30 12:45:53,161] {logging_mixin.py:109} INFO - [2022-09-30 12:45:53,160] {dag.py:2398} INFO - Sync 1 DAGs
[2022-09-30 12:45:53,181] {logging_mixin.py:109} INFO - [2022-09-30 12:45:53,181] {dag.py:2937} INFO - Setting next_dagrun for example_branch_dop_operator_v3 to 2022-09-30T12:44:00+00:00
[2022-09-30 12:45:53,191] {processor.py:171} INFO - Processing /home/airflow/.local/lib/python3.7/site-packages/airflow/example_dags/example_branch_python_dop_operator_3.py took 0.081 seconds
[2022-09-30 12:46:23,649] {processor.py:163} INFO - Started process (PID=1642) to work on /home/airflow/.local/lib/python3.7/site-packages/airflow/example_dags/example_branch_python_dop_operator_3.py
[2022-09-30 12:46:23,652] {processor.py:642} INFO - Processing file /home/airflow/.local/lib/python3.7/site-packages/airflow/example_dags/example_branch_python_dop_operator_3.py for tasks to queue
[2022-09-30 12:46:23,654] {logging_mixin.py:109} INFO - [2022-09-30 12:46:23,654] {dagbag.py:500} INFO - Filling up the DagBag from /home/airflow/.local/lib/python3.7/site-packages/airflow/example_dags/example_branch_python_dop_operator_3.py
[2022-09-30 12:46:23,693] {processor.py:654} INFO - DAG(s) dict_keys(['example_branch_dop_operator_v3']) retrieved from /home/airflow/.local/lib/python3.7/site-packages/airflow/example_dags/example_branch_python_dop_operator_3.py
[2022-09-30 12:46:23,704] {logging_mixin.py:109} INFO - [2022-09-30 12:46:23,704] {dag.py:2398} INFO - Sync 1 DAGs
[2022-09-30 12:46:23,730] {logging_mixin.py:109} INFO - [2022-09-30 12:46:23,730] {dag.py:2937} INFO - Setting next_dagrun for example_branch_dop_operator_v3 to 2022-09-30T12:45:00+00:00
[2022-09-30 12:46:23,741] {processor.py:171} INFO - Processing /home/airflow/.local/lib/python3.7/site-packages/airflow/example_dags/example_branch_python_dop_operator_3.py took 0.098 seconds
[2022-09-30 12:46:54,061] {processor.py:163} INFO - Started process (PID=1701) to work on /home/airflow/.local/lib/python3.7/site-packages/airflow/example_dags/example_branch_python_dop_operator_3.py
[2022-09-30 12:46:54,072] {processor.py:642} INFO - Processing file /home/airflow/.local/lib/python3.7/site-packages/airflow/example_dags/example_branch_python_dop_operator_3.py for tasks to queue
[2022-09-30 12:46:54,074] {logging_mixin.py:109} INFO - [2022-09-30 12:46:54,074] {dagbag.py:500} INFO - Filling up the DagBag from /home/airflow/.local/lib/python3.7/site-packages/airflow/example_dags/example_branch_python_dop_operator_3.py
[2022-09-30 12:46:54,135] {processor.py:654} INFO - DAG(s) dict_keys(['example_branch_dop_operator_v3']) retrieved from /home/airflow/.local/lib/python3.7/site-packages/airflow/example_dags/example_branch_python_dop_operator_3.py
[2022-09-30 12:46:54,160] {logging_mixin.py:109} INFO - [2022-09-30 12:46:54,157] {dag.py:2398} INFO - Sync 1 DAGs
[2022-09-30 12:46:54,184] {logging_mixin.py:109} INFO - [2022-09-30 12:46:54,184] {dag.py:2937} INFO - Setting next_dagrun for example_branch_dop_operator_v3 to 2022-09-30T12:45:00+00:00
[2022-09-30 12:46:54,195] {processor.py:171} INFO - Processing /home/airflow/.local/lib/python3.7/site-packages/airflow/example_dags/example_branch_python_dop_operator_3.py took 0.138 seconds
[2022-09-30 12:47:24,689] {processor.py:163} INFO - Started process (PID=1755) to work on /home/airflow/.local/lib/python3.7/site-packages/airflow/example_dags/example_branch_python_dop_operator_3.py
[2022-09-30 12:47:24,691] {processor.py:642} INFO - Processing file /home/airflow/.local/lib/python3.7/site-packages/airflow/example_dags/example_branch_python_dop_operator_3.py for tasks to queue
[2022-09-30 12:47:24,692] {logging_mixin.py:109} INFO - [2022-09-30 12:47:24,692] {dagbag.py:500} INFO - Filling up the DagBag from /home/airflow/.local/lib/python3.7/site-packages/airflow/example_dags/example_branch_python_dop_operator_3.py
[2022-09-30 12:47:24,729] {processor.py:654} INFO - DAG(s) dict_keys(['example_branch_dop_operator_v3']) retrieved from /home/airflow/.local/lib/python3.7/site-packages/airflow/example_dags/example_branch_python_dop_operator_3.py
[2022-09-30 12:47:24,741] {logging_mixin.py:109} INFO - [2022-09-30 12:47:24,741] {dag.py:2398} INFO - Sync 1 DAGs
[2022-09-30 12:47:24,770] {logging_mixin.py:109} INFO - [2022-09-30 12:47:24,770] {dag.py:2937} INFO - Setting next_dagrun for example_branch_dop_operator_v3 to 2022-09-30T12:46:00+00:00
[2022-09-30 12:47:24,782] {processor.py:171} INFO - Processing /home/airflow/.local/lib/python3.7/site-packages/airflow/example_dags/example_branch_python_dop_operator_3.py took 0.098 seconds
[2022-09-30 12:47:55,290] {processor.py:163} INFO - Started process (PID=1806) to work on /home/airflow/.local/lib/python3.7/site-packages/airflow/example_dags/example_branch_python_dop_operator_3.py
[2022-09-30 12:47:55,293] {processor.py:642} INFO - Processing file /home/airflow/.local/lib/python3.7/site-packages/airflow/example_dags/example_branch_python_dop_operator_3.py for tasks to queue
[2022-09-30 12:47:55,294] {logging_mixin.py:109} INFO - [2022-09-30 12:47:55,294] {dagbag.py:500} INFO - Filling up the DagBag from /home/airflow/.local/lib/python3.7/site-packages/airflow/example_dags/example_branch_python_dop_operator_3.py
[2022-09-30 12:47:55,344] {processor.py:654} INFO - DAG(s) dict_keys(['example_branch_dop_operator_v3']) retrieved from /home/airflow/.local/lib/python3.7/site-packages/airflow/example_dags/example_branch_python_dop_operator_3.py
[2022-09-30 12:47:55,357] {logging_mixin.py:109} INFO - [2022-09-30 12:47:55,357] {dag.py:2398} INFO - Sync 1 DAGs
[2022-09-30 12:47:55,378] {logging_mixin.py:109} INFO - [2022-09-30 12:47:55,378] {dag.py:2937} INFO - Setting next_dagrun for example_branch_dop_operator_v3 to 2022-09-30T12:46:00+00:00
[2022-09-30 12:47:55,388] {processor.py:171} INFO - Processing /home/airflow/.local/lib/python3.7/site-packages/airflow/example_dags/example_branch_python_dop_operator_3.py took 0.102 seconds
[2022-09-30 12:48:25,840] {processor.py:163} INFO - Started process (PID=1867) to work on /home/airflow/.local/lib/python3.7/site-packages/airflow/example_dags/example_branch_python_dop_operator_3.py
[2022-09-30 12:48:25,843] {processor.py:642} INFO - Processing file /home/airflow/.local/lib/python3.7/site-packages/airflow/example_dags/example_branch_python_dop_operator_3.py for tasks to queue
[2022-09-30 12:48:25,845] {logging_mixin.py:109} INFO - [2022-09-30 12:48:25,845] {dagbag.py:500} INFO - Filling up the DagBag from /home/airflow/.local/lib/python3.7/site-packages/airflow/example_dags/example_branch_python_dop_operator_3.py
[2022-09-30 12:48:25,881] {processor.py:654} INFO - DAG(s) dict_keys(['example_branch_dop_operator_v3']) retrieved from /home/airflow/.local/lib/python3.7/site-packages/airflow/example_dags/example_branch_python_dop_operator_3.py
[2022-09-30 12:48:25,891] {logging_mixin.py:109} INFO - [2022-09-30 12:48:25,891] {dag.py:2398} INFO - Sync 1 DAGs
[2022-09-30 12:48:25,915] {logging_mixin.py:109} INFO - [2022-09-30 12:48:25,915] {dag.py:2937} INFO - Setting next_dagrun for example_branch_dop_operator_v3 to 2022-09-30T12:47:00+00:00
[2022-09-30 12:48:25,930] {processor.py:171} INFO - Processing /home/airflow/.local/lib/python3.7/site-packages/airflow/example_dags/example_branch_python_dop_operator_3.py took 0.094 seconds
[2022-09-30 12:48:56,249] {processor.py:163} INFO - Started process (PID=1919) to work on /home/airflow/.local/lib/python3.7/site-packages/airflow/example_dags/example_branch_python_dop_operator_3.py
[2022-09-30 12:48:56,251] {processor.py:642} INFO - Processing file /home/airflow/.local/lib/python3.7/site-packages/airflow/example_dags/example_branch_python_dop_operator_3.py for tasks to queue
[2022-09-30 12:48:56,254] {logging_mixin.py:109} INFO - [2022-09-30 12:48:56,253] {dagbag.py:500} INFO - Filling up the DagBag from /home/airflow/.local/lib/python3.7/site-packages/airflow/example_dags/example_branch_python_dop_operator_3.py
[2022-09-30 12:48:56,294] {processor.py:654} INFO - DAG(s) dict_keys(['example_branch_dop_operator_v3']) retrieved from /home/airflow/.local/lib/python3.7/site-packages/airflow/example_dags/example_branch_python_dop_operator_3.py
[2022-09-30 12:48:56,308] {logging_mixin.py:109} INFO - [2022-09-30 12:48:56,307] {dag.py:2398} INFO - Sync 1 DAGs
[2022-09-30 12:48:56,336] {logging_mixin.py:109} INFO - [2022-09-30 12:48:56,336] {dag.py:2937} INFO - Setting next_dagrun for example_branch_dop_operator_v3 to 2022-09-30T12:47:00+00:00
[2022-09-30 12:48:56,349] {processor.py:171} INFO - Processing /home/airflow/.local/lib/python3.7/site-packages/airflow/example_dags/example_branch_python_dop_operator_3.py took 0.105 seconds
[2022-09-30 12:49:26,581] {processor.py:163} INFO - Started process (PID=1979) to work on /home/airflow/.local/lib/python3.7/site-packages/airflow/example_dags/example_branch_python_dop_operator_3.py
[2022-09-30 12:49:26,583] {processor.py:642} INFO - Processing file /home/airflow/.local/lib/python3.7/site-packages/airflow/example_dags/example_branch_python_dop_operator_3.py for tasks to queue
[2022-09-30 12:49:26,584] {logging_mixin.py:109} INFO - [2022-09-30 12:49:26,584] {dagbag.py:500} INFO - Filling up the DagBag from /home/airflow/.local/lib/python3.7/site-packages/airflow/example_dags/example_branch_python_dop_operator_3.py
[2022-09-30 12:49:26,625] {processor.py:654} INFO - DAG(s) dict_keys(['example_branch_dop_operator_v3']) retrieved from /home/airflow/.local/lib/python3.7/site-packages/airflow/example_dags/example_branch_python_dop_operator_3.py
[2022-09-30 12:49:26,635] {logging_mixin.py:109} INFO - [2022-09-30 12:49:26,635] {dag.py:2398} INFO - Sync 1 DAGs
[2022-09-30 12:49:26,657] {logging_mixin.py:109} INFO - [2022-09-30 12:49:26,657] {dag.py:2937} INFO - Setting next_dagrun for example_branch_dop_operator_v3 to 2022-09-30T12:48:00+00:00
[2022-09-30 12:49:26,668] {processor.py:171} INFO - Processing /home/airflow/.local/lib/python3.7/site-packages/airflow/example_dags/example_branch_python_dop_operator_3.py took 0.094 seconds
[2022-09-30 12:49:57,000] {processor.py:163} INFO - Started process (PID=2031) to work on /home/airflow/.local/lib/python3.7/site-packages/airflow/example_dags/example_branch_python_dop_operator_3.py
[2022-09-30 12:49:57,002] {processor.py:642} INFO - Processing file /home/airflow/.local/lib/python3.7/site-packages/airflow/example_dags/example_branch_python_dop_operator_3.py for tasks to queue
[2022-09-30 12:49:57,004] {logging_mixin.py:109} INFO - [2022-09-30 12:49:57,003] {dagbag.py:500} INFO - Filling up the DagBag from /home/airflow/.local/lib/python3.7/site-packages/airflow/example_dags/example_branch_python_dop_operator_3.py
[2022-09-30 12:49:57,045] {processor.py:654} INFO - DAG(s) dict_keys(['example_branch_dop_operator_v3']) retrieved from /home/airflow/.local/lib/python3.7/site-packages/airflow/example_dags/example_branch_python_dop_operator_3.py
[2022-09-30 12:49:57,056] {logging_mixin.py:109} INFO - [2022-09-30 12:49:57,055] {dag.py:2398} INFO - Sync 1 DAGs
[2022-09-30 12:49:57,075] {logging_mixin.py:109} INFO - [2022-09-30 12:49:57,075] {dag.py:2937} INFO - Setting next_dagrun for example_branch_dop_operator_v3 to 2022-09-30T12:48:00+00:00
[2022-09-30 12:49:57,090] {processor.py:171} INFO - Processing /home/airflow/.local/lib/python3.7/site-packages/airflow/example_dags/example_branch_python_dop_operator_3.py took 0.097 seconds
[2022-09-30 12:50:27,455] {processor.py:163} INFO - Started process (PID=2091) to work on /home/airflow/.local/lib/python3.7/site-packages/airflow/example_dags/example_branch_python_dop_operator_3.py
[2022-09-30 12:50:27,457] {processor.py:642} INFO - Processing file /home/airflow/.local/lib/python3.7/site-packages/airflow/example_dags/example_branch_python_dop_operator_3.py for tasks to queue
[2022-09-30 12:50:27,459] {logging_mixin.py:109} INFO - [2022-09-30 12:50:27,459] {dagbag.py:500} INFO - Filling up the DagBag from /home/airflow/.local/lib/python3.7/site-packages/airflow/example_dags/example_branch_python_dop_operator_3.py
[2022-09-30 12:50:27,494] {processor.py:654} INFO - DAG(s) dict_keys(['example_branch_dop_operator_v3']) retrieved from /home/airflow/.local/lib/python3.7/site-packages/airflow/example_dags/example_branch_python_dop_operator_3.py
[2022-09-30 12:50:27,505] {logging_mixin.py:109} INFO - [2022-09-30 12:50:27,505] {dag.py:2398} INFO - Sync 1 DAGs
[2022-09-30 12:50:27,525] {logging_mixin.py:109} INFO - [2022-09-30 12:50:27,525] {dag.py:2937} INFO - Setting next_dagrun for example_branch_dop_operator_v3 to 2022-09-30T12:49:00+00:00
[2022-09-30 12:50:27,536] {processor.py:171} INFO - Processing /home/airflow/.local/lib/python3.7/site-packages/airflow/example_dags/example_branch_python_dop_operator_3.py took 0.085 seconds
[2022-09-30 12:50:57,955] {processor.py:163} INFO - Started process (PID=2143) to work on /home/airflow/.local/lib/python3.7/site-packages/airflow/example_dags/example_branch_python_dop_operator_3.py
[2022-09-30 12:50:57,956] {processor.py:642} INFO - Processing file /home/airflow/.local/lib/python3.7/site-packages/airflow/example_dags/example_branch_python_dop_operator_3.py for tasks to queue
[2022-09-30 12:50:57,958] {logging_mixin.py:109} INFO - [2022-09-30 12:50:57,958] {dagbag.py:500} INFO - Filling up the DagBag from /home/airflow/.local/lib/python3.7/site-packages/airflow/example_dags/example_branch_python_dop_operator_3.py
[2022-09-30 12:50:57,994] {processor.py:654} INFO - DAG(s) dict_keys(['example_branch_dop_operator_v3']) retrieved from /home/airflow/.local/lib/python3.7/site-packages/airflow/example_dags/example_branch_python_dop_operator_3.py
[2022-09-30 12:50:58,017] {logging_mixin.py:109} INFO - [2022-09-30 12:50:58,017] {dag.py:2398} INFO - Sync 1 DAGs
[2022-09-30 12:50:58,041] {logging_mixin.py:109} INFO - [2022-09-30 12:50:58,041] {dag.py:2937} INFO - Setting next_dagrun for example_branch_dop_operator_v3 to 2022-09-30T12:49:00+00:00
[2022-09-30 12:50:58,052] {processor.py:171} INFO - Processing /home/airflow/.local/lib/python3.7/site-packages/airflow/example_dags/example_branch_python_dop_operator_3.py took 0.101 seconds
[2022-09-30 12:51:28,932] {processor.py:163} INFO - Started process (PID=2204) to work on /home/airflow/.local/lib/python3.7/site-packages/airflow/example_dags/example_branch_python_dop_operator_3.py
[2022-09-30 12:51:28,936] {processor.py:642} INFO - Processing file /home/airflow/.local/lib/python3.7/site-packages/airflow/example_dags/example_branch_python_dop_operator_3.py for tasks to queue
[2022-09-30 12:51:28,938] {logging_mixin.py:109} INFO - [2022-09-30 12:51:28,937] {dagbag.py:500} INFO - Filling up the DagBag from /home/airflow/.local/lib/python3.7/site-packages/airflow/example_dags/example_branch_python_dop_operator_3.py
[2022-09-30 12:51:28,976] {processor.py:654} INFO - DAG(s) dict_keys(['example_branch_dop_operator_v3']) retrieved from /home/airflow/.local/lib/python3.7/site-packages/airflow/example_dags/example_branch_python_dop_operator_3.py
[2022-09-30 12:51:28,988] {logging_mixin.py:109} INFO - [2022-09-30 12:51:28,988] {dag.py:2398} INFO - Sync 1 DAGs
[2022-09-30 12:51:29,010] {logging_mixin.py:109} INFO - [2022-09-30 12:51:29,009] {dag.py:2937} INFO - Setting next_dagrun for example_branch_dop_operator_v3 to 2022-09-30T12:50:00+00:00
[2022-09-30 12:51:29,021] {processor.py:171} INFO - Processing /home/airflow/.local/lib/python3.7/site-packages/airflow/example_dags/example_branch_python_dop_operator_3.py took 0.093 seconds
[2022-09-30 12:54:36,914] {processor.py:163} INFO - Started process (PID=2261) to work on /home/airflow/.local/lib/python3.7/site-packages/airflow/example_dags/example_branch_python_dop_operator_3.py
[2022-09-30 12:54:36,916] {processor.py:642} INFO - Processing file /home/airflow/.local/lib/python3.7/site-packages/airflow/example_dags/example_branch_python_dop_operator_3.py for tasks to queue
[2022-09-30 12:54:36,919] {logging_mixin.py:109} INFO - [2022-09-30 12:54:36,919] {dagbag.py:500} INFO - Filling up the DagBag from /home/airflow/.local/lib/python3.7/site-packages/airflow/example_dags/example_branch_python_dop_operator_3.py
[2022-09-30 12:54:36,991] {processor.py:654} INFO - DAG(s) dict_keys(['example_branch_dop_operator_v3']) retrieved from /home/airflow/.local/lib/python3.7/site-packages/airflow/example_dags/example_branch_python_dop_operator_3.py
[2022-09-30 12:54:37,009] {logging_mixin.py:109} INFO - [2022-09-30 12:54:37,009] {dag.py:2398} INFO - Sync 1 DAGs
[2022-09-30 12:54:37,030] {logging_mixin.py:109} INFO - [2022-09-30 12:54:37,030] {dag.py:2937} INFO - Setting next_dagrun for example_branch_dop_operator_v3 to 2022-09-30T12:53:00+00:00
[2022-09-30 12:54:37,041] {processor.py:171} INFO - Processing /home/airflow/.local/lib/python3.7/site-packages/airflow/example_dags/example_branch_python_dop_operator_3.py took 0.131 seconds
[2022-09-30 12:59:38,649] {processor.py:163} INFO - Started process (PID=2316) to work on /home/airflow/.local/lib/python3.7/site-packages/airflow/example_dags/example_branch_python_dop_operator_3.py
[2022-09-30 12:59:38,652] {processor.py:642} INFO - Processing file /home/airflow/.local/lib/python3.7/site-packages/airflow/example_dags/example_branch_python_dop_operator_3.py for tasks to queue
[2022-09-30 12:59:38,654] {logging_mixin.py:109} INFO - [2022-09-30 12:59:38,654] {dagbag.py:500} INFO - Filling up the DagBag from /home/airflow/.local/lib/python3.7/site-packages/airflow/example_dags/example_branch_python_dop_operator_3.py
[2022-09-30 12:59:38,714] {processor.py:654} INFO - DAG(s) dict_keys(['example_branch_dop_operator_v3']) retrieved from /home/airflow/.local/lib/python3.7/site-packages/airflow/example_dags/example_branch_python_dop_operator_3.py
[2022-09-30 12:59:38,729] {logging_mixin.py:109} INFO - [2022-09-30 12:59:38,728] {dag.py:2398} INFO - Sync 1 DAGs
[2022-09-30 12:59:38,765] {logging_mixin.py:109} INFO - [2022-09-30 12:59:38,765] {dag.py:2937} INFO - Setting next_dagrun for example_branch_dop_operator_v3 to 2022-09-30T12:58:00+00:00
[2022-09-30 12:59:38,785] {processor.py:171} INFO - Processing /home/airflow/.local/lib/python3.7/site-packages/airflow/example_dags/example_branch_python_dop_operator_3.py took 0.141 seconds
[2022-09-30 13:03:13,743] {processor.py:163} INFO - Started process (PID=2389) to work on /home/airflow/.local/lib/python3.7/site-packages/airflow/example_dags/example_branch_python_dop_operator_3.py
[2022-09-30 13:03:13,746] {processor.py:642} INFO - Processing file /home/airflow/.local/lib/python3.7/site-packages/airflow/example_dags/example_branch_python_dop_operator_3.py for tasks to queue
[2022-09-30 13:03:13,750] {logging_mixin.py:109} INFO - [2022-09-30 13:03:13,749] {dagbag.py:500} INFO - Filling up the DagBag from /home/airflow/.local/lib/python3.7/site-packages/airflow/example_dags/example_branch_python_dop_operator_3.py
[2022-09-30 13:03:13,870] {processor.py:654} INFO - DAG(s) dict_keys(['example_branch_dop_operator_v3']) retrieved from /home/airflow/.local/lib/python3.7/site-packages/airflow/example_dags/example_branch_python_dop_operator_3.py
[2022-09-30 13:03:13,923] {logging_mixin.py:109} INFO - [2022-09-30 13:03:13,923] {dag.py:2398} INFO - Sync 1 DAGs
[2022-09-30 13:03:13,994] {logging_mixin.py:109} INFO - [2022-09-30 13:03:13,994] {dag.py:2937} INFO - Setting next_dagrun for example_branch_dop_operator_v3 to 2022-09-30T13:02:00+00:00
[2022-09-30 13:03:14,046] {processor.py:171} INFO - Processing /home/airflow/.local/lib/python3.7/site-packages/airflow/example_dags/example_branch_python_dop_operator_3.py took 0.308 seconds
[2022-09-30 13:03:45,028] {processor.py:163} INFO - Started process (PID=2441) to work on /home/airflow/.local/lib/python3.7/site-packages/airflow/example_dags/example_branch_python_dop_operator_3.py
[2022-09-30 13:03:45,033] {processor.py:642} INFO - Processing file /home/airflow/.local/lib/python3.7/site-packages/airflow/example_dags/example_branch_python_dop_operator_3.py for tasks to queue
[2022-09-30 13:03:45,035] {logging_mixin.py:109} INFO - [2022-09-30 13:03:45,035] {dagbag.py:500} INFO - Filling up the DagBag from /home/airflow/.local/lib/python3.7/site-packages/airflow/example_dags/example_branch_python_dop_operator_3.py
[2022-09-30 13:03:45,082] {processor.py:654} INFO - DAG(s) dict_keys(['example_branch_dop_operator_v3']) retrieved from /home/airflow/.local/lib/python3.7/site-packages/airflow/example_dags/example_branch_python_dop_operator_3.py
[2022-09-30 13:03:45,099] {logging_mixin.py:109} INFO - [2022-09-30 13:03:45,099] {dag.py:2398} INFO - Sync 1 DAGs
[2022-09-30 13:03:45,127] {logging_mixin.py:109} INFO - [2022-09-30 13:03:45,127] {dag.py:2937} INFO - Setting next_dagrun for example_branch_dop_operator_v3 to 2022-09-30T13:02:00+00:00
[2022-09-30 13:03:45,144] {processor.py:171} INFO - Processing /home/airflow/.local/lib/python3.7/site-packages/airflow/example_dags/example_branch_python_dop_operator_3.py took 0.125 seconds
[2022-09-30 13:04:15,773] {processor.py:163} INFO - Started process (PID=2502) to work on /home/airflow/.local/lib/python3.7/site-packages/airflow/example_dags/example_branch_python_dop_operator_3.py
[2022-09-30 13:04:15,776] {processor.py:642} INFO - Processing file /home/airflow/.local/lib/python3.7/site-packages/airflow/example_dags/example_branch_python_dop_operator_3.py for tasks to queue
[2022-09-30 13:04:15,778] {logging_mixin.py:109} INFO - [2022-09-30 13:04:15,778] {dagbag.py:500} INFO - Filling up the DagBag from /home/airflow/.local/lib/python3.7/site-packages/airflow/example_dags/example_branch_python_dop_operator_3.py
[2022-09-30 13:04:15,821] {processor.py:654} INFO - DAG(s) dict_keys(['example_branch_dop_operator_v3']) retrieved from /home/airflow/.local/lib/python3.7/site-packages/airflow/example_dags/example_branch_python_dop_operator_3.py
[2022-09-30 13:04:15,833] {logging_mixin.py:109} INFO - [2022-09-30 13:04:15,832] {dag.py:2398} INFO - Sync 1 DAGs
[2022-09-30 13:04:15,853] {logging_mixin.py:109} INFO - [2022-09-30 13:04:15,853] {dag.py:2937} INFO - Setting next_dagrun for example_branch_dop_operator_v3 to 2022-09-30T13:03:00+00:00
[2022-09-30 13:04:15,865] {processor.py:171} INFO - Processing /home/airflow/.local/lib/python3.7/site-packages/airflow/example_dags/example_branch_python_dop_operator_3.py took 0.096 seconds
[2022-09-30 13:04:46,266] {processor.py:163} INFO - Started process (PID=2553) to work on /home/airflow/.local/lib/python3.7/site-packages/airflow/example_dags/example_branch_python_dop_operator_3.py
[2022-09-30 13:04:46,269] {processor.py:642} INFO - Processing file /home/airflow/.local/lib/python3.7/site-packages/airflow/example_dags/example_branch_python_dop_operator_3.py for tasks to queue
[2022-09-30 13:04:46,271] {logging_mixin.py:109} INFO - [2022-09-30 13:04:46,271] {dagbag.py:500} INFO - Filling up the DagBag from /home/airflow/.local/lib/python3.7/site-packages/airflow/example_dags/example_branch_python_dop_operator_3.py
[2022-09-30 13:04:46,308] {processor.py:654} INFO - DAG(s) dict_keys(['example_branch_dop_operator_v3']) retrieved from /home/airflow/.local/lib/python3.7/site-packages/airflow/example_dags/example_branch_python_dop_operator_3.py
[2022-09-30 13:04:46,318] {logging_mixin.py:109} INFO - [2022-09-30 13:04:46,318] {dag.py:2398} INFO - Sync 1 DAGs
[2022-09-30 13:04:46,338] {logging_mixin.py:109} INFO - [2022-09-30 13:04:46,338] {dag.py:2937} INFO - Setting next_dagrun for example_branch_dop_operator_v3 to 2022-09-30T13:03:00+00:00
[2022-09-30 13:04:46,350] {processor.py:171} INFO - Processing /home/airflow/.local/lib/python3.7/site-packages/airflow/example_dags/example_branch_python_dop_operator_3.py took 0.089 seconds
[2022-09-30 13:05:16,700] {processor.py:163} INFO - Started process (PID=2613) to work on /home/airflow/.local/lib/python3.7/site-packages/airflow/example_dags/example_branch_python_dop_operator_3.py
[2022-09-30 13:05:16,703] {processor.py:642} INFO - Processing file /home/airflow/.local/lib/python3.7/site-packages/airflow/example_dags/example_branch_python_dop_operator_3.py for tasks to queue
[2022-09-30 13:05:16,705] {logging_mixin.py:109} INFO - [2022-09-30 13:05:16,705] {dagbag.py:500} INFO - Filling up the DagBag from /home/airflow/.local/lib/python3.7/site-packages/airflow/example_dags/example_branch_python_dop_operator_3.py
[2022-09-30 13:05:16,744] {processor.py:654} INFO - DAG(s) dict_keys(['example_branch_dop_operator_v3']) retrieved from /home/airflow/.local/lib/python3.7/site-packages/airflow/example_dags/example_branch_python_dop_operator_3.py
[2022-09-30 13:05:16,757] {logging_mixin.py:109} INFO - [2022-09-30 13:05:16,757] {dag.py:2398} INFO - Sync 1 DAGs
[2022-09-30 13:05:16,790] {logging_mixin.py:109} INFO - [2022-09-30 13:05:16,790] {dag.py:2937} INFO - Setting next_dagrun for example_branch_dop_operator_v3 to 2022-09-30T13:04:00+00:00
[2022-09-30 13:05:16,808] {processor.py:171} INFO - Processing /home/airflow/.local/lib/python3.7/site-packages/airflow/example_dags/example_branch_python_dop_operator_3.py took 0.116 seconds
[2022-09-30 13:05:47,266] {processor.py:163} INFO - Started process (PID=2665) to work on /home/airflow/.local/lib/python3.7/site-packages/airflow/example_dags/example_branch_python_dop_operator_3.py
[2022-09-30 13:05:47,269] {processor.py:642} INFO - Processing file /home/airflow/.local/lib/python3.7/site-packages/airflow/example_dags/example_branch_python_dop_operator_3.py for tasks to queue
[2022-09-30 13:05:47,271] {logging_mixin.py:109} INFO - [2022-09-30 13:05:47,271] {dagbag.py:500} INFO - Filling up the DagBag from /home/airflow/.local/lib/python3.7/site-packages/airflow/example_dags/example_branch_python_dop_operator_3.py
[2022-09-30 13:05:47,324] {processor.py:654} INFO - DAG(s) dict_keys(['example_branch_dop_operator_v3']) retrieved from /home/airflow/.local/lib/python3.7/site-packages/airflow/example_dags/example_branch_python_dop_operator_3.py
[2022-09-30 13:05:47,345] {logging_mixin.py:109} INFO - [2022-09-30 13:05:47,345] {dag.py:2398} INFO - Sync 1 DAGs
[2022-09-30 13:05:47,371] {logging_mixin.py:109} INFO - [2022-09-30 13:05:47,370] {dag.py:2937} INFO - Setting next_dagrun for example_branch_dop_operator_v3 to 2022-09-30T13:04:00+00:00
[2022-09-30 13:05:47,391] {processor.py:171} INFO - Processing /home/airflow/.local/lib/python3.7/site-packages/airflow/example_dags/example_branch_python_dop_operator_3.py took 0.132 seconds
