[2022-09-30 12:32:24,804] {processor.py:163} INFO - Started process (PID=39) to work on /home/airflow/.local/lib/python3.7/site-packages/airflow/example_dags/example_branch_day_of_week_operator.py
[2022-09-30 12:32:24,810] {processor.py:642} INFO - Processing file /home/airflow/.local/lib/python3.7/site-packages/airflow/example_dags/example_branch_day_of_week_operator.py for tasks to queue
[2022-09-30 12:32:24,812] {logging_mixin.py:109} INFO - [2022-09-30 12:32:24,811] {dagbag.py:500} INFO - Filling up the DagBag from /home/airflow/.local/lib/python3.7/site-packages/airflow/example_dags/example_branch_day_of_week_operator.py
[2022-09-30 12:32:24,909] {processor.py:654} INFO - DAG(s) dict_keys(['example_weekday_branch_operator']) retrieved from /home/airflow/.local/lib/python3.7/site-packages/airflow/example_dags/example_branch_day_of_week_operator.py
[2022-09-30 12:32:33,428] {logging_mixin.py:109} INFO - [2022-09-30 12:32:33,428] {manager.py:496} INFO - Created Permission View: can edit on DAG:example_weekday_branch_operator
[2022-09-30 12:32:33,446] {logging_mixin.py:109} INFO - [2022-09-30 12:32:33,445] {manager.py:496} INFO - Created Permission View: can read on DAG:example_weekday_branch_operator
[2022-09-30 12:32:33,447] {logging_mixin.py:109} INFO - [2022-09-30 12:32:33,447] {dag.py:2398} INFO - Sync 1 DAGs
[2022-09-30 12:32:33,456] {logging_mixin.py:109} INFO - [2022-09-30 12:32:33,456] {dag.py:2417} INFO - Creating ORM DAG for example_weekday_branch_operator
[2022-09-30 12:32:33,474] {logging_mixin.py:109} INFO - [2022-09-30 12:32:33,474] {dag.py:2937} INFO - Setting next_dagrun for example_weekday_branch_operator to 2022-09-29 00:00:00+00:00
[2022-09-30 12:32:33,546] {processor.py:171} INFO - Processing /home/airflow/.local/lib/python3.7/site-packages/airflow/example_dags/example_branch_day_of_week_operator.py took 8.756 seconds
[2022-09-30 12:33:11,619] {processor.py:163} INFO - Started process (PID=222) to work on /home/airflow/.local/lib/python3.7/site-packages/airflow/example_dags/example_branch_day_of_week_operator.py
[2022-09-30 12:33:11,630] {processor.py:642} INFO - Processing file /home/airflow/.local/lib/python3.7/site-packages/airflow/example_dags/example_branch_day_of_week_operator.py for tasks to queue
[2022-09-30 12:33:11,635] {logging_mixin.py:109} INFO - [2022-09-30 12:33:11,634] {dagbag.py:500} INFO - Filling up the DagBag from /home/airflow/.local/lib/python3.7/site-packages/airflow/example_dags/example_branch_day_of_week_operator.py
[2022-09-30 12:33:11,756] {processor.py:654} INFO - DAG(s) dict_keys(['example_weekday_branch_operator']) retrieved from /home/airflow/.local/lib/python3.7/site-packages/airflow/example_dags/example_branch_day_of_week_operator.py
[2022-09-30 12:33:11,788] {logging_mixin.py:109} INFO - [2022-09-30 12:33:11,788] {dag.py:2398} INFO - Sync 1 DAGs
[2022-09-30 12:33:11,895] {logging_mixin.py:109} INFO - [2022-09-30 12:33:11,895] {dag.py:2937} INFO - Setting next_dagrun for example_weekday_branch_operator to 2022-09-29 00:00:00+00:00
[2022-09-30 12:33:11,925] {processor.py:171} INFO - Processing /home/airflow/.local/lib/python3.7/site-packages/airflow/example_dags/example_branch_day_of_week_operator.py took 0.317 seconds
[2022-09-30 12:33:42,352] {processor.py:163} INFO - Started process (PID=273) to work on /home/airflow/.local/lib/python3.7/site-packages/airflow/example_dags/example_branch_day_of_week_operator.py
[2022-09-30 12:33:42,356] {processor.py:642} INFO - Processing file /home/airflow/.local/lib/python3.7/site-packages/airflow/example_dags/example_branch_day_of_week_operator.py for tasks to queue
[2022-09-30 12:33:42,358] {logging_mixin.py:109} INFO - [2022-09-30 12:33:42,357] {dagbag.py:500} INFO - Filling up the DagBag from /home/airflow/.local/lib/python3.7/site-packages/airflow/example_dags/example_branch_day_of_week_operator.py
[2022-09-30 12:33:42,393] {processor.py:654} INFO - DAG(s) dict_keys(['example_weekday_branch_operator']) retrieved from /home/airflow/.local/lib/python3.7/site-packages/airflow/example_dags/example_branch_day_of_week_operator.py
[2022-09-30 12:33:42,404] {logging_mixin.py:109} INFO - [2022-09-30 12:33:42,404] {dag.py:2398} INFO - Sync 1 DAGs
[2022-09-30 12:33:42,425] {logging_mixin.py:109} INFO - [2022-09-30 12:33:42,425] {dag.py:2937} INFO - Setting next_dagrun for example_weekday_branch_operator to 2022-09-29 00:00:00+00:00
[2022-09-30 12:33:42,436] {processor.py:171} INFO - Processing /home/airflow/.local/lib/python3.7/site-packages/airflow/example_dags/example_branch_day_of_week_operator.py took 0.091 seconds
[2022-09-30 12:34:12,720] {processor.py:163} INFO - Started process (PID=323) to work on /home/airflow/.local/lib/python3.7/site-packages/airflow/example_dags/example_branch_day_of_week_operator.py
[2022-09-30 12:34:12,746] {processor.py:642} INFO - Processing file /home/airflow/.local/lib/python3.7/site-packages/airflow/example_dags/example_branch_day_of_week_operator.py for tasks to queue
[2022-09-30 12:34:12,748] {logging_mixin.py:109} INFO - [2022-09-30 12:34:12,748] {dagbag.py:500} INFO - Filling up the DagBag from /home/airflow/.local/lib/python3.7/site-packages/airflow/example_dags/example_branch_day_of_week_operator.py
[2022-09-30 12:34:12,864] {processor.py:654} INFO - DAG(s) dict_keys(['example_weekday_branch_operator']) retrieved from /home/airflow/.local/lib/python3.7/site-packages/airflow/example_dags/example_branch_day_of_week_operator.py
[2022-09-30 12:34:12,911] {logging_mixin.py:109} INFO - [2022-09-30 12:34:12,911] {dag.py:2398} INFO - Sync 1 DAGs
[2022-09-30 12:34:12,961] {logging_mixin.py:109} INFO - [2022-09-30 12:34:12,961] {dag.py:2937} INFO - Setting next_dagrun for example_weekday_branch_operator to 2022-09-29 00:00:00+00:00
[2022-09-30 12:34:12,973] {processor.py:171} INFO - Processing /home/airflow/.local/lib/python3.7/site-packages/airflow/example_dags/example_branch_day_of_week_operator.py took 0.262 seconds
[2022-09-30 12:34:43,987] {processor.py:163} INFO - Started process (PID=384) to work on /home/airflow/.local/lib/python3.7/site-packages/airflow/example_dags/example_branch_day_of_week_operator.py
[2022-09-30 12:34:43,991] {processor.py:642} INFO - Processing file /home/airflow/.local/lib/python3.7/site-packages/airflow/example_dags/example_branch_day_of_week_operator.py for tasks to queue
[2022-09-30 12:34:43,996] {logging_mixin.py:109} INFO - [2022-09-30 12:34:43,996] {dagbag.py:500} INFO - Filling up the DagBag from /home/airflow/.local/lib/python3.7/site-packages/airflow/example_dags/example_branch_day_of_week_operator.py
[2022-09-30 12:34:44,046] {processor.py:654} INFO - DAG(s) dict_keys(['example_weekday_branch_operator']) retrieved from /home/airflow/.local/lib/python3.7/site-packages/airflow/example_dags/example_branch_day_of_week_operator.py
[2022-09-30 12:34:44,067] {logging_mixin.py:109} INFO - [2022-09-30 12:34:44,066] {dag.py:2398} INFO - Sync 1 DAGs
[2022-09-30 12:34:44,092] {logging_mixin.py:109} INFO - [2022-09-30 12:34:44,092] {dag.py:2937} INFO - Setting next_dagrun for example_weekday_branch_operator to 2022-09-29 00:00:00+00:00
[2022-09-30 12:34:44,110] {processor.py:171} INFO - Processing /home/airflow/.local/lib/python3.7/site-packages/airflow/example_dags/example_branch_day_of_week_operator.py took 0.132 seconds
[2022-09-30 12:35:14,714] {processor.py:163} INFO - Started process (PID=435) to work on /home/airflow/.local/lib/python3.7/site-packages/airflow/example_dags/example_branch_day_of_week_operator.py
[2022-09-30 12:35:14,717] {processor.py:642} INFO - Processing file /home/airflow/.local/lib/python3.7/site-packages/airflow/example_dags/example_branch_day_of_week_operator.py for tasks to queue
[2022-09-30 12:35:14,719] {logging_mixin.py:109} INFO - [2022-09-30 12:35:14,719] {dagbag.py:500} INFO - Filling up the DagBag from /home/airflow/.local/lib/python3.7/site-packages/airflow/example_dags/example_branch_day_of_week_operator.py
[2022-09-30 12:35:14,781] {processor.py:654} INFO - DAG(s) dict_keys(['example_weekday_branch_operator']) retrieved from /home/airflow/.local/lib/python3.7/site-packages/airflow/example_dags/example_branch_day_of_week_operator.py
[2022-09-30 12:35:14,799] {logging_mixin.py:109} INFO - [2022-09-30 12:35:14,799] {dag.py:2398} INFO - Sync 1 DAGs
[2022-09-30 12:35:14,825] {logging_mixin.py:109} INFO - [2022-09-30 12:35:14,825] {dag.py:2937} INFO - Setting next_dagrun for example_weekday_branch_operator to 2022-09-29 00:00:00+00:00
[2022-09-30 12:35:14,847] {processor.py:171} INFO - Processing /home/airflow/.local/lib/python3.7/site-packages/airflow/example_dags/example_branch_day_of_week_operator.py took 0.139 seconds
[2022-09-30 12:35:45,184] {processor.py:163} INFO - Started process (PID=486) to work on /home/airflow/.local/lib/python3.7/site-packages/airflow/example_dags/example_branch_day_of_week_operator.py
[2022-09-30 12:35:45,187] {processor.py:642} INFO - Processing file /home/airflow/.local/lib/python3.7/site-packages/airflow/example_dags/example_branch_day_of_week_operator.py for tasks to queue
[2022-09-30 12:35:45,189] {logging_mixin.py:109} INFO - [2022-09-30 12:35:45,189] {dagbag.py:500} INFO - Filling up the DagBag from /home/airflow/.local/lib/python3.7/site-packages/airflow/example_dags/example_branch_day_of_week_operator.py
[2022-09-30 12:35:45,272] {processor.py:654} INFO - DAG(s) dict_keys(['example_weekday_branch_operator']) retrieved from /home/airflow/.local/lib/python3.7/site-packages/airflow/example_dags/example_branch_day_of_week_operator.py
[2022-09-30 12:35:45,288] {logging_mixin.py:109} INFO - [2022-09-30 12:35:45,288] {dag.py:2398} INFO - Sync 1 DAGs
[2022-09-30 12:35:45,309] {logging_mixin.py:109} INFO - [2022-09-30 12:35:45,308] {dag.py:2937} INFO - Setting next_dagrun for example_weekday_branch_operator to 2022-09-29 00:00:00+00:00
[2022-09-30 12:35:45,321] {processor.py:171} INFO - Processing /home/airflow/.local/lib/python3.7/site-packages/airflow/example_dags/example_branch_day_of_week_operator.py took 0.141 seconds
[2022-09-30 12:36:15,416] {processor.py:163} INFO - Started process (PID=547) to work on /home/airflow/.local/lib/python3.7/site-packages/airflow/example_dags/example_branch_day_of_week_operator.py
[2022-09-30 12:36:15,418] {processor.py:642} INFO - Processing file /home/airflow/.local/lib/python3.7/site-packages/airflow/example_dags/example_branch_day_of_week_operator.py for tasks to queue
[2022-09-30 12:36:15,420] {logging_mixin.py:109} INFO - [2022-09-30 12:36:15,420] {dagbag.py:500} INFO - Filling up the DagBag from /home/airflow/.local/lib/python3.7/site-packages/airflow/example_dags/example_branch_day_of_week_operator.py
[2022-09-30 12:36:15,458] {processor.py:654} INFO - DAG(s) dict_keys(['example_weekday_branch_operator']) retrieved from /home/airflow/.local/lib/python3.7/site-packages/airflow/example_dags/example_branch_day_of_week_operator.py
[2022-09-30 12:36:15,468] {logging_mixin.py:109} INFO - [2022-09-30 12:36:15,468] {dag.py:2398} INFO - Sync 1 DAGs
[2022-09-30 12:36:15,489] {logging_mixin.py:109} INFO - [2022-09-30 12:36:15,489] {dag.py:2937} INFO - Setting next_dagrun for example_weekday_branch_operator to 2022-09-29 00:00:00+00:00
[2022-09-30 12:36:15,503] {processor.py:171} INFO - Processing /home/airflow/.local/lib/python3.7/site-packages/airflow/example_dags/example_branch_day_of_week_operator.py took 0.092 seconds
[2022-09-30 12:36:46,373] {processor.py:163} INFO - Started process (PID=599) to work on /home/airflow/.local/lib/python3.7/site-packages/airflow/example_dags/example_branch_day_of_week_operator.py
[2022-09-30 12:36:46,376] {processor.py:642} INFO - Processing file /home/airflow/.local/lib/python3.7/site-packages/airflow/example_dags/example_branch_day_of_week_operator.py for tasks to queue
[2022-09-30 12:36:46,378] {logging_mixin.py:109} INFO - [2022-09-30 12:36:46,377] {dagbag.py:500} INFO - Filling up the DagBag from /home/airflow/.local/lib/python3.7/site-packages/airflow/example_dags/example_branch_day_of_week_operator.py
[2022-09-30 12:36:46,421] {processor.py:654} INFO - DAG(s) dict_keys(['example_weekday_branch_operator']) retrieved from /home/airflow/.local/lib/python3.7/site-packages/airflow/example_dags/example_branch_day_of_week_operator.py
[2022-09-30 12:36:46,431] {logging_mixin.py:109} INFO - [2022-09-30 12:36:46,431] {dag.py:2398} INFO - Sync 1 DAGs
[2022-09-30 12:36:46,448] {logging_mixin.py:109} INFO - [2022-09-30 12:36:46,448] {dag.py:2937} INFO - Setting next_dagrun for example_weekday_branch_operator to 2022-09-29 00:00:00+00:00
[2022-09-30 12:36:46,460] {processor.py:171} INFO - Processing /home/airflow/.local/lib/python3.7/site-packages/airflow/example_dags/example_branch_day_of_week_operator.py took 0.093 seconds
[2022-09-30 12:37:17,005] {processor.py:163} INFO - Started process (PID=659) to work on /home/airflow/.local/lib/python3.7/site-packages/airflow/example_dags/example_branch_day_of_week_operator.py
[2022-09-30 12:37:17,008] {processor.py:642} INFO - Processing file /home/airflow/.local/lib/python3.7/site-packages/airflow/example_dags/example_branch_day_of_week_operator.py for tasks to queue
[2022-09-30 12:37:17,010] {logging_mixin.py:109} INFO - [2022-09-30 12:37:17,010] {dagbag.py:500} INFO - Filling up the DagBag from /home/airflow/.local/lib/python3.7/site-packages/airflow/example_dags/example_branch_day_of_week_operator.py
[2022-09-30 12:37:17,059] {processor.py:654} INFO - DAG(s) dict_keys(['example_weekday_branch_operator']) retrieved from /home/airflow/.local/lib/python3.7/site-packages/airflow/example_dags/example_branch_day_of_week_operator.py
[2022-09-30 12:37:17,075] {logging_mixin.py:109} INFO - [2022-09-30 12:37:17,073] {dag.py:2398} INFO - Sync 1 DAGs
[2022-09-30 12:37:17,106] {logging_mixin.py:109} INFO - [2022-09-30 12:37:17,106] {dag.py:2937} INFO - Setting next_dagrun for example_weekday_branch_operator to 2022-09-29 00:00:00+00:00
[2022-09-30 12:37:17,123] {processor.py:171} INFO - Processing /home/airflow/.local/lib/python3.7/site-packages/airflow/example_dags/example_branch_day_of_week_operator.py took 0.124 seconds
[2022-09-30 12:37:47,531] {processor.py:163} INFO - Started process (PID=709) to work on /home/airflow/.local/lib/python3.7/site-packages/airflow/example_dags/example_branch_day_of_week_operator.py
[2022-09-30 12:37:47,537] {processor.py:642} INFO - Processing file /home/airflow/.local/lib/python3.7/site-packages/airflow/example_dags/example_branch_day_of_week_operator.py for tasks to queue
[2022-09-30 12:37:47,538] {logging_mixin.py:109} INFO - [2022-09-30 12:37:47,538] {dagbag.py:500} INFO - Filling up the DagBag from /home/airflow/.local/lib/python3.7/site-packages/airflow/example_dags/example_branch_day_of_week_operator.py
[2022-09-30 12:37:47,570] {processor.py:654} INFO - DAG(s) dict_keys(['example_weekday_branch_operator']) retrieved from /home/airflow/.local/lib/python3.7/site-packages/airflow/example_dags/example_branch_day_of_week_operator.py
[2022-09-30 12:37:47,579] {logging_mixin.py:109} INFO - [2022-09-30 12:37:47,579] {dag.py:2398} INFO - Sync 1 DAGs
[2022-09-30 12:37:47,600] {logging_mixin.py:109} INFO - [2022-09-30 12:37:47,600] {dag.py:2937} INFO - Setting next_dagrun for example_weekday_branch_operator to 2022-09-29 00:00:00+00:00
[2022-09-30 12:37:47,611] {processor.py:171} INFO - Processing /home/airflow/.local/lib/python3.7/site-packages/airflow/example_dags/example_branch_day_of_week_operator.py took 0.084 seconds
[2022-09-30 12:38:17,907] {processor.py:163} INFO - Started process (PID=761) to work on /home/airflow/.local/lib/python3.7/site-packages/airflow/example_dags/example_branch_day_of_week_operator.py
[2022-09-30 12:38:17,909] {processor.py:642} INFO - Processing file /home/airflow/.local/lib/python3.7/site-packages/airflow/example_dags/example_branch_day_of_week_operator.py for tasks to queue
[2022-09-30 12:38:17,912] {logging_mixin.py:109} INFO - [2022-09-30 12:38:17,911] {dagbag.py:500} INFO - Filling up the DagBag from /home/airflow/.local/lib/python3.7/site-packages/airflow/example_dags/example_branch_day_of_week_operator.py
[2022-09-30 12:38:17,946] {processor.py:654} INFO - DAG(s) dict_keys(['example_weekday_branch_operator']) retrieved from /home/airflow/.local/lib/python3.7/site-packages/airflow/example_dags/example_branch_day_of_week_operator.py
[2022-09-30 12:38:17,956] {logging_mixin.py:109} INFO - [2022-09-30 12:38:17,956] {dag.py:2398} INFO - Sync 1 DAGs
[2022-09-30 12:38:17,973] {logging_mixin.py:109} INFO - [2022-09-30 12:38:17,973] {dag.py:2937} INFO - Setting next_dagrun for example_weekday_branch_operator to 2022-09-29 00:00:00+00:00
[2022-09-30 12:38:17,985] {processor.py:171} INFO - Processing /home/airflow/.local/lib/python3.7/site-packages/airflow/example_dags/example_branch_day_of_week_operator.py took 0.084 seconds
[2022-09-30 12:38:48,575] {processor.py:163} INFO - Started process (PID=821) to work on /home/airflow/.local/lib/python3.7/site-packages/airflow/example_dags/example_branch_day_of_week_operator.py
[2022-09-30 12:38:48,578] {processor.py:642} INFO - Processing file /home/airflow/.local/lib/python3.7/site-packages/airflow/example_dags/example_branch_day_of_week_operator.py for tasks to queue
[2022-09-30 12:38:48,580] {logging_mixin.py:109} INFO - [2022-09-30 12:38:48,579] {dagbag.py:500} INFO - Filling up the DagBag from /home/airflow/.local/lib/python3.7/site-packages/airflow/example_dags/example_branch_day_of_week_operator.py
[2022-09-30 12:38:48,634] {processor.py:654} INFO - DAG(s) dict_keys(['example_weekday_branch_operator']) retrieved from /home/airflow/.local/lib/python3.7/site-packages/airflow/example_dags/example_branch_day_of_week_operator.py
[2022-09-30 12:38:48,657] {logging_mixin.py:109} INFO - [2022-09-30 12:38:48,657] {dag.py:2398} INFO - Sync 1 DAGs
[2022-09-30 12:38:48,692] {logging_mixin.py:109} INFO - [2022-09-30 12:38:48,692] {dag.py:2937} INFO - Setting next_dagrun for example_weekday_branch_operator to 2022-09-29 00:00:00+00:00
[2022-09-30 12:38:48,711] {processor.py:171} INFO - Processing /home/airflow/.local/lib/python3.7/site-packages/airflow/example_dags/example_branch_day_of_week_operator.py took 0.143 seconds
[2022-09-30 12:39:19,205] {processor.py:163} INFO - Started process (PID=872) to work on /home/airflow/.local/lib/python3.7/site-packages/airflow/example_dags/example_branch_day_of_week_operator.py
[2022-09-30 12:39:19,208] {processor.py:642} INFO - Processing file /home/airflow/.local/lib/python3.7/site-packages/airflow/example_dags/example_branch_day_of_week_operator.py for tasks to queue
[2022-09-30 12:39:19,209] {logging_mixin.py:109} INFO - [2022-09-30 12:39:19,209] {dagbag.py:500} INFO - Filling up the DagBag from /home/airflow/.local/lib/python3.7/site-packages/airflow/example_dags/example_branch_day_of_week_operator.py
[2022-09-30 12:39:19,248] {processor.py:654} INFO - DAG(s) dict_keys(['example_weekday_branch_operator']) retrieved from /home/airflow/.local/lib/python3.7/site-packages/airflow/example_dags/example_branch_day_of_week_operator.py
[2022-09-30 12:39:19,261] {logging_mixin.py:109} INFO - [2022-09-30 12:39:19,260] {dag.py:2398} INFO - Sync 1 DAGs
[2022-09-30 12:39:19,281] {logging_mixin.py:109} INFO - [2022-09-30 12:39:19,281] {dag.py:2937} INFO - Setting next_dagrun for example_weekday_branch_operator to 2022-09-29 00:00:00+00:00
[2022-09-30 12:39:19,292] {processor.py:171} INFO - Processing /home/airflow/.local/lib/python3.7/site-packages/airflow/example_dags/example_branch_day_of_week_operator.py took 0.092 seconds
[2022-09-30 12:39:49,608] {processor.py:163} INFO - Started process (PID=933) to work on /home/airflow/.local/lib/python3.7/site-packages/airflow/example_dags/example_branch_day_of_week_operator.py
[2022-09-30 12:39:49,611] {processor.py:642} INFO - Processing file /home/airflow/.local/lib/python3.7/site-packages/airflow/example_dags/example_branch_day_of_week_operator.py for tasks to queue
[2022-09-30 12:39:49,612] {logging_mixin.py:109} INFO - [2022-09-30 12:39:49,612] {dagbag.py:500} INFO - Filling up the DagBag from /home/airflow/.local/lib/python3.7/site-packages/airflow/example_dags/example_branch_day_of_week_operator.py
[2022-09-30 12:39:49,644] {processor.py:654} INFO - DAG(s) dict_keys(['example_weekday_branch_operator']) retrieved from /home/airflow/.local/lib/python3.7/site-packages/airflow/example_dags/example_branch_day_of_week_operator.py
[2022-09-30 12:39:49,656] {logging_mixin.py:109} INFO - [2022-09-30 12:39:49,656] {dag.py:2398} INFO - Sync 1 DAGs
[2022-09-30 12:39:49,676] {logging_mixin.py:109} INFO - [2022-09-30 12:39:49,676] {dag.py:2937} INFO - Setting next_dagrun for example_weekday_branch_operator to 2022-09-29 00:00:00+00:00
[2022-09-30 12:39:49,686] {processor.py:171} INFO - Processing /home/airflow/.local/lib/python3.7/site-packages/airflow/example_dags/example_branch_day_of_week_operator.py took 0.083 seconds
[2022-09-30 12:40:20,098] {processor.py:163} INFO - Started process (PID=983) to work on /home/airflow/.local/lib/python3.7/site-packages/airflow/example_dags/example_branch_day_of_week_operator.py
[2022-09-30 12:40:20,100] {processor.py:642} INFO - Processing file /home/airflow/.local/lib/python3.7/site-packages/airflow/example_dags/example_branch_day_of_week_operator.py for tasks to queue
[2022-09-30 12:40:20,102] {logging_mixin.py:109} INFO - [2022-09-30 12:40:20,102] {dagbag.py:500} INFO - Filling up the DagBag from /home/airflow/.local/lib/python3.7/site-packages/airflow/example_dags/example_branch_day_of_week_operator.py
[2022-09-30 12:40:20,145] {processor.py:654} INFO - DAG(s) dict_keys(['example_weekday_branch_operator']) retrieved from /home/airflow/.local/lib/python3.7/site-packages/airflow/example_dags/example_branch_day_of_week_operator.py
[2022-09-30 12:40:20,159] {logging_mixin.py:109} INFO - [2022-09-30 12:40:20,159] {dag.py:2398} INFO - Sync 1 DAGs
[2022-09-30 12:40:20,197] {logging_mixin.py:109} INFO - [2022-09-30 12:40:20,197] {dag.py:2937} INFO - Setting next_dagrun for example_weekday_branch_operator to 2022-09-29 00:00:00+00:00
[2022-09-30 12:40:20,211] {processor.py:171} INFO - Processing /home/airflow/.local/lib/python3.7/site-packages/airflow/example_dags/example_branch_day_of_week_operator.py took 0.120 seconds
[2022-09-30 12:40:50,972] {processor.py:163} INFO - Started process (PID=1034) to work on /home/airflow/.local/lib/python3.7/site-packages/airflow/example_dags/example_branch_day_of_week_operator.py
[2022-09-30 12:40:50,975] {processor.py:642} INFO - Processing file /home/airflow/.local/lib/python3.7/site-packages/airflow/example_dags/example_branch_day_of_week_operator.py for tasks to queue
[2022-09-30 12:40:50,977] {logging_mixin.py:109} INFO - [2022-09-30 12:40:50,977] {dagbag.py:500} INFO - Filling up the DagBag from /home/airflow/.local/lib/python3.7/site-packages/airflow/example_dags/example_branch_day_of_week_operator.py
[2022-09-30 12:40:51,122] {processor.py:654} INFO - DAG(s) dict_keys(['example_weekday_branch_operator']) retrieved from /home/airflow/.local/lib/python3.7/site-packages/airflow/example_dags/example_branch_day_of_week_operator.py
[2022-09-30 12:40:51,147] {logging_mixin.py:109} INFO - [2022-09-30 12:40:51,146] {dag.py:2398} INFO - Sync 1 DAGs
[2022-09-30 12:40:51,177] {logging_mixin.py:109} INFO - [2022-09-30 12:40:51,177] {dag.py:2937} INFO - Setting next_dagrun for example_weekday_branch_operator to 2022-09-29 00:00:00+00:00
[2022-09-30 12:40:51,217] {processor.py:171} INFO - Processing /home/airflow/.local/lib/python3.7/site-packages/airflow/example_dags/example_branch_day_of_week_operator.py took 0.250 seconds
[2022-09-30 12:41:21,494] {processor.py:163} INFO - Started process (PID=1094) to work on /home/airflow/.local/lib/python3.7/site-packages/airflow/example_dags/example_branch_day_of_week_operator.py
[2022-09-30 12:41:21,496] {processor.py:642} INFO - Processing file /home/airflow/.local/lib/python3.7/site-packages/airflow/example_dags/example_branch_day_of_week_operator.py for tasks to queue
[2022-09-30 12:41:21,498] {logging_mixin.py:109} INFO - [2022-09-30 12:41:21,498] {dagbag.py:500} INFO - Filling up the DagBag from /home/airflow/.local/lib/python3.7/site-packages/airflow/example_dags/example_branch_day_of_week_operator.py
[2022-09-30 12:41:21,538] {processor.py:654} INFO - DAG(s) dict_keys(['example_weekday_branch_operator']) retrieved from /home/airflow/.local/lib/python3.7/site-packages/airflow/example_dags/example_branch_day_of_week_operator.py
[2022-09-30 12:41:21,551] {logging_mixin.py:109} INFO - [2022-09-30 12:41:21,551] {dag.py:2398} INFO - Sync 1 DAGs
[2022-09-30 12:41:21,574] {logging_mixin.py:109} INFO - [2022-09-30 12:41:21,574] {dag.py:2937} INFO - Setting next_dagrun for example_weekday_branch_operator to 2022-09-29 00:00:00+00:00
[2022-09-30 12:41:21,586] {processor.py:171} INFO - Processing /home/airflow/.local/lib/python3.7/site-packages/airflow/example_dags/example_branch_day_of_week_operator.py took 0.099 seconds
[2022-09-30 12:41:51,871] {processor.py:163} INFO - Started process (PID=1146) to work on /home/airflow/.local/lib/python3.7/site-packages/airflow/example_dags/example_branch_day_of_week_operator.py
[2022-09-30 12:41:51,873] {processor.py:642} INFO - Processing file /home/airflow/.local/lib/python3.7/site-packages/airflow/example_dags/example_branch_day_of_week_operator.py for tasks to queue
[2022-09-30 12:41:51,875] {logging_mixin.py:109} INFO - [2022-09-30 12:41:51,875] {dagbag.py:500} INFO - Filling up the DagBag from /home/airflow/.local/lib/python3.7/site-packages/airflow/example_dags/example_branch_day_of_week_operator.py
[2022-09-30 12:41:51,922] {processor.py:654} INFO - DAG(s) dict_keys(['example_weekday_branch_operator']) retrieved from /home/airflow/.local/lib/python3.7/site-packages/airflow/example_dags/example_branch_day_of_week_operator.py
[2022-09-30 12:41:51,938] {logging_mixin.py:109} INFO - [2022-09-30 12:41:51,938] {dag.py:2398} INFO - Sync 1 DAGs
[2022-09-30 12:41:51,961] {logging_mixin.py:109} INFO - [2022-09-30 12:41:51,961] {dag.py:2937} INFO - Setting next_dagrun for example_weekday_branch_operator to 2022-09-29 00:00:00+00:00
[2022-09-30 12:41:51,974] {processor.py:171} INFO - Processing /home/airflow/.local/lib/python3.7/site-packages/airflow/example_dags/example_branch_day_of_week_operator.py took 0.111 seconds
[2022-09-30 12:42:22,142] {processor.py:163} INFO - Started process (PID=1208) to work on /home/airflow/.local/lib/python3.7/site-packages/airflow/example_dags/example_branch_day_of_week_operator.py
[2022-09-30 12:42:22,146] {processor.py:642} INFO - Processing file /home/airflow/.local/lib/python3.7/site-packages/airflow/example_dags/example_branch_day_of_week_operator.py for tasks to queue
[2022-09-30 12:42:22,151] {logging_mixin.py:109} INFO - [2022-09-30 12:42:22,150] {dagbag.py:500} INFO - Filling up the DagBag from /home/airflow/.local/lib/python3.7/site-packages/airflow/example_dags/example_branch_day_of_week_operator.py
[2022-09-30 12:42:22,210] {processor.py:654} INFO - DAG(s) dict_keys(['example_weekday_branch_operator']) retrieved from /home/airflow/.local/lib/python3.7/site-packages/airflow/example_dags/example_branch_day_of_week_operator.py
[2022-09-30 12:42:22,224] {logging_mixin.py:109} INFO - [2022-09-30 12:42:22,224] {dag.py:2398} INFO - Sync 1 DAGs
[2022-09-30 12:42:22,248] {logging_mixin.py:109} INFO - [2022-09-30 12:42:22,248] {dag.py:2937} INFO - Setting next_dagrun for example_weekday_branch_operator to 2022-09-29 00:00:00+00:00
[2022-09-30 12:42:22,285] {processor.py:171} INFO - Processing /home/airflow/.local/lib/python3.7/site-packages/airflow/example_dags/example_branch_day_of_week_operator.py took 0.147 seconds
[2022-09-30 12:42:52,572] {processor.py:163} INFO - Started process (PID=1259) to work on /home/airflow/.local/lib/python3.7/site-packages/airflow/example_dags/example_branch_day_of_week_operator.py
[2022-09-30 12:42:52,575] {processor.py:642} INFO - Processing file /home/airflow/.local/lib/python3.7/site-packages/airflow/example_dags/example_branch_day_of_week_operator.py for tasks to queue
[2022-09-30 12:42:52,577] {logging_mixin.py:109} INFO - [2022-09-30 12:42:52,577] {dagbag.py:500} INFO - Filling up the DagBag from /home/airflow/.local/lib/python3.7/site-packages/airflow/example_dags/example_branch_day_of_week_operator.py
[2022-09-30 12:42:52,612] {processor.py:654} INFO - DAG(s) dict_keys(['example_weekday_branch_operator']) retrieved from /home/airflow/.local/lib/python3.7/site-packages/airflow/example_dags/example_branch_day_of_week_operator.py
[2022-09-30 12:42:52,622] {logging_mixin.py:109} INFO - [2022-09-30 12:42:52,622] {dag.py:2398} INFO - Sync 1 DAGs
[2022-09-30 12:42:52,639] {logging_mixin.py:109} INFO - [2022-09-30 12:42:52,639] {dag.py:2937} INFO - Setting next_dagrun for example_weekday_branch_operator to 2022-09-29 00:00:00+00:00
[2022-09-30 12:42:52,649] {processor.py:171} INFO - Processing /home/airflow/.local/lib/python3.7/site-packages/airflow/example_dags/example_branch_day_of_week_operator.py took 0.082 seconds
[2022-09-30 12:43:23,557] {processor.py:163} INFO - Started process (PID=1320) to work on /home/airflow/.local/lib/python3.7/site-packages/airflow/example_dags/example_branch_day_of_week_operator.py
[2022-09-30 12:43:23,559] {processor.py:642} INFO - Processing file /home/airflow/.local/lib/python3.7/site-packages/airflow/example_dags/example_branch_day_of_week_operator.py for tasks to queue
[2022-09-30 12:43:23,560] {logging_mixin.py:109} INFO - [2022-09-30 12:43:23,560] {dagbag.py:500} INFO - Filling up the DagBag from /home/airflow/.local/lib/python3.7/site-packages/airflow/example_dags/example_branch_day_of_week_operator.py
[2022-09-30 12:43:23,593] {processor.py:654} INFO - DAG(s) dict_keys(['example_weekday_branch_operator']) retrieved from /home/airflow/.local/lib/python3.7/site-packages/airflow/example_dags/example_branch_day_of_week_operator.py
[2022-09-30 12:43:23,604] {logging_mixin.py:109} INFO - [2022-09-30 12:43:23,604] {dag.py:2398} INFO - Sync 1 DAGs
[2022-09-30 12:43:23,620] {logging_mixin.py:109} INFO - [2022-09-30 12:43:23,620] {dag.py:2937} INFO - Setting next_dagrun for example_weekday_branch_operator to 2022-09-29 00:00:00+00:00
[2022-09-30 12:43:23,631] {processor.py:171} INFO - Processing /home/airflow/.local/lib/python3.7/site-packages/airflow/example_dags/example_branch_day_of_week_operator.py took 0.077 seconds
[2022-09-30 12:43:53,979] {processor.py:163} INFO - Started process (PID=1371) to work on /home/airflow/.local/lib/python3.7/site-packages/airflow/example_dags/example_branch_day_of_week_operator.py
[2022-09-30 12:43:53,982] {processor.py:642} INFO - Processing file /home/airflow/.local/lib/python3.7/site-packages/airflow/example_dags/example_branch_day_of_week_operator.py for tasks to queue
[2022-09-30 12:43:53,983] {logging_mixin.py:109} INFO - [2022-09-30 12:43:53,983] {dagbag.py:500} INFO - Filling up the DagBag from /home/airflow/.local/lib/python3.7/site-packages/airflow/example_dags/example_branch_day_of_week_operator.py
[2022-09-30 12:43:54,017] {processor.py:654} INFO - DAG(s) dict_keys(['example_weekday_branch_operator']) retrieved from /home/airflow/.local/lib/python3.7/site-packages/airflow/example_dags/example_branch_day_of_week_operator.py
[2022-09-30 12:43:54,032] {logging_mixin.py:109} INFO - [2022-09-30 12:43:54,032] {dag.py:2398} INFO - Sync 1 DAGs
[2022-09-30 12:43:54,051] {logging_mixin.py:109} INFO - [2022-09-30 12:43:54,051] {dag.py:2937} INFO - Setting next_dagrun for example_weekday_branch_operator to 2022-09-29 00:00:00+00:00
[2022-09-30 12:43:54,065] {processor.py:171} INFO - Processing /home/airflow/.local/lib/python3.7/site-packages/airflow/example_dags/example_branch_day_of_week_operator.py took 0.091 seconds
[2022-09-30 12:44:24,124] {processor.py:163} INFO - Started process (PID=1422) to work on /home/airflow/.local/lib/python3.7/site-packages/airflow/example_dags/example_branch_day_of_week_operator.py
[2022-09-30 12:44:24,126] {processor.py:642} INFO - Processing file /home/airflow/.local/lib/python3.7/site-packages/airflow/example_dags/example_branch_day_of_week_operator.py for tasks to queue
[2022-09-30 12:44:24,128] {logging_mixin.py:109} INFO - [2022-09-30 12:44:24,128] {dagbag.py:500} INFO - Filling up the DagBag from /home/airflow/.local/lib/python3.7/site-packages/airflow/example_dags/example_branch_day_of_week_operator.py
[2022-09-30 12:44:24,168] {processor.py:654} INFO - DAG(s) dict_keys(['example_weekday_branch_operator']) retrieved from /home/airflow/.local/lib/python3.7/site-packages/airflow/example_dags/example_branch_day_of_week_operator.py
[2022-09-30 12:44:24,183] {logging_mixin.py:109} INFO - [2022-09-30 12:44:24,183] {dag.py:2398} INFO - Sync 1 DAGs
[2022-09-30 12:44:24,204] {logging_mixin.py:109} INFO - [2022-09-30 12:44:24,204] {dag.py:2937} INFO - Setting next_dagrun for example_weekday_branch_operator to 2022-09-29 00:00:00+00:00
[2022-09-30 12:44:24,222] {processor.py:171} INFO - Processing /home/airflow/.local/lib/python3.7/site-packages/airflow/example_dags/example_branch_day_of_week_operator.py took 0.102 seconds
[2022-09-30 12:44:54,479] {processor.py:163} INFO - Started process (PID=1483) to work on /home/airflow/.local/lib/python3.7/site-packages/airflow/example_dags/example_branch_day_of_week_operator.py
[2022-09-30 12:44:54,482] {processor.py:642} INFO - Processing file /home/airflow/.local/lib/python3.7/site-packages/airflow/example_dags/example_branch_day_of_week_operator.py for tasks to queue
[2022-09-30 12:44:54,484] {logging_mixin.py:109} INFO - [2022-09-30 12:44:54,484] {dagbag.py:500} INFO - Filling up the DagBag from /home/airflow/.local/lib/python3.7/site-packages/airflow/example_dags/example_branch_day_of_week_operator.py
[2022-09-30 12:44:54,520] {processor.py:654} INFO - DAG(s) dict_keys(['example_weekday_branch_operator']) retrieved from /home/airflow/.local/lib/python3.7/site-packages/airflow/example_dags/example_branch_day_of_week_operator.py
[2022-09-30 12:44:54,532] {logging_mixin.py:109} INFO - [2022-09-30 12:44:54,532] {dag.py:2398} INFO - Sync 1 DAGs
[2022-09-30 12:44:54,552] {logging_mixin.py:109} INFO - [2022-09-30 12:44:54,552] {dag.py:2937} INFO - Setting next_dagrun for example_weekday_branch_operator to 2022-09-29 00:00:00+00:00
[2022-09-30 12:44:54,563] {processor.py:171} INFO - Processing /home/airflow/.local/lib/python3.7/site-packages/airflow/example_dags/example_branch_day_of_week_operator.py took 0.091 seconds
[2022-09-30 12:45:24,956] {processor.py:163} INFO - Started process (PID=1534) to work on /home/airflow/.local/lib/python3.7/site-packages/airflow/example_dags/example_branch_day_of_week_operator.py
[2022-09-30 12:45:24,958] {processor.py:642} INFO - Processing file /home/airflow/.local/lib/python3.7/site-packages/airflow/example_dags/example_branch_day_of_week_operator.py for tasks to queue
[2022-09-30 12:45:24,960] {logging_mixin.py:109} INFO - [2022-09-30 12:45:24,960] {dagbag.py:500} INFO - Filling up the DagBag from /home/airflow/.local/lib/python3.7/site-packages/airflow/example_dags/example_branch_day_of_week_operator.py
[2022-09-30 12:45:24,999] {processor.py:654} INFO - DAG(s) dict_keys(['example_weekday_branch_operator']) retrieved from /home/airflow/.local/lib/python3.7/site-packages/airflow/example_dags/example_branch_day_of_week_operator.py
[2022-09-30 12:45:25,011] {logging_mixin.py:109} INFO - [2022-09-30 12:45:25,010] {dag.py:2398} INFO - Sync 1 DAGs
[2022-09-30 12:45:25,037] {logging_mixin.py:109} INFO - [2022-09-30 12:45:25,037] {dag.py:2937} INFO - Setting next_dagrun for example_weekday_branch_operator to 2022-09-29 00:00:00+00:00
[2022-09-30 12:45:25,063] {processor.py:171} INFO - Processing /home/airflow/.local/lib/python3.7/site-packages/airflow/example_dags/example_branch_day_of_week_operator.py took 0.112 seconds
[2022-09-30 12:45:55,279] {processor.py:163} INFO - Started process (PID=1595) to work on /home/airflow/.local/lib/python3.7/site-packages/airflow/example_dags/example_branch_day_of_week_operator.py
[2022-09-30 12:45:55,281] {processor.py:642} INFO - Processing file /home/airflow/.local/lib/python3.7/site-packages/airflow/example_dags/example_branch_day_of_week_operator.py for tasks to queue
[2022-09-30 12:45:55,283] {logging_mixin.py:109} INFO - [2022-09-30 12:45:55,283] {dagbag.py:500} INFO - Filling up the DagBag from /home/airflow/.local/lib/python3.7/site-packages/airflow/example_dags/example_branch_day_of_week_operator.py
[2022-09-30 12:45:55,321] {processor.py:654} INFO - DAG(s) dict_keys(['example_weekday_branch_operator']) retrieved from /home/airflow/.local/lib/python3.7/site-packages/airflow/example_dags/example_branch_day_of_week_operator.py
[2022-09-30 12:45:55,335] {logging_mixin.py:109} INFO - [2022-09-30 12:45:55,335] {dag.py:2398} INFO - Sync 1 DAGs
[2022-09-30 12:45:55,360] {logging_mixin.py:109} INFO - [2022-09-30 12:45:55,360] {dag.py:2937} INFO - Setting next_dagrun for example_weekday_branch_operator to 2022-09-29 00:00:00+00:00
[2022-09-30 12:45:55,371] {processor.py:171} INFO - Processing /home/airflow/.local/lib/python3.7/site-packages/airflow/example_dags/example_branch_day_of_week_operator.py took 0.096 seconds
[2022-09-30 12:46:25,831] {processor.py:163} INFO - Started process (PID=1645) to work on /home/airflow/.local/lib/python3.7/site-packages/airflow/example_dags/example_branch_day_of_week_operator.py
[2022-09-30 12:46:25,833] {processor.py:642} INFO - Processing file /home/airflow/.local/lib/python3.7/site-packages/airflow/example_dags/example_branch_day_of_week_operator.py for tasks to queue
[2022-09-30 12:46:25,835] {logging_mixin.py:109} INFO - [2022-09-30 12:46:25,835] {dagbag.py:500} INFO - Filling up the DagBag from /home/airflow/.local/lib/python3.7/site-packages/airflow/example_dags/example_branch_day_of_week_operator.py
[2022-09-30 12:46:25,868] {processor.py:654} INFO - DAG(s) dict_keys(['example_weekday_branch_operator']) retrieved from /home/airflow/.local/lib/python3.7/site-packages/airflow/example_dags/example_branch_day_of_week_operator.py
[2022-09-30 12:46:25,878] {logging_mixin.py:109} INFO - [2022-09-30 12:46:25,878] {dag.py:2398} INFO - Sync 1 DAGs
[2022-09-30 12:46:25,894] {logging_mixin.py:109} INFO - [2022-09-30 12:46:25,894] {dag.py:2937} INFO - Setting next_dagrun for example_weekday_branch_operator to 2022-09-29 00:00:00+00:00
[2022-09-30 12:46:25,905] {processor.py:171} INFO - Processing /home/airflow/.local/lib/python3.7/site-packages/airflow/example_dags/example_branch_day_of_week_operator.py took 0.080 seconds
[2022-09-30 12:46:56,301] {processor.py:163} INFO - Started process (PID=1706) to work on /home/airflow/.local/lib/python3.7/site-packages/airflow/example_dags/example_branch_day_of_week_operator.py
[2022-09-30 12:46:56,305] {processor.py:642} INFO - Processing file /home/airflow/.local/lib/python3.7/site-packages/airflow/example_dags/example_branch_day_of_week_operator.py for tasks to queue
[2022-09-30 12:46:56,306] {logging_mixin.py:109} INFO - [2022-09-30 12:46:56,306] {dagbag.py:500} INFO - Filling up the DagBag from /home/airflow/.local/lib/python3.7/site-packages/airflow/example_dags/example_branch_day_of_week_operator.py
[2022-09-30 12:46:56,356] {processor.py:654} INFO - DAG(s) dict_keys(['example_weekday_branch_operator']) retrieved from /home/airflow/.local/lib/python3.7/site-packages/airflow/example_dags/example_branch_day_of_week_operator.py
[2022-09-30 12:46:56,375] {logging_mixin.py:109} INFO - [2022-09-30 12:46:56,375] {dag.py:2398} INFO - Sync 1 DAGs
[2022-09-30 12:46:56,399] {logging_mixin.py:109} INFO - [2022-09-30 12:46:56,399] {dag.py:2937} INFO - Setting next_dagrun for example_weekday_branch_operator to 2022-09-29 00:00:00+00:00
[2022-09-30 12:46:56,420] {processor.py:171} INFO - Processing /home/airflow/.local/lib/python3.7/site-packages/airflow/example_dags/example_branch_day_of_week_operator.py took 0.124 seconds
[2022-09-30 12:47:26,915] {processor.py:163} INFO - Started process (PID=1758) to work on /home/airflow/.local/lib/python3.7/site-packages/airflow/example_dags/example_branch_day_of_week_operator.py
[2022-09-30 12:47:26,918] {processor.py:642} INFO - Processing file /home/airflow/.local/lib/python3.7/site-packages/airflow/example_dags/example_branch_day_of_week_operator.py for tasks to queue
[2022-09-30 12:47:26,920] {logging_mixin.py:109} INFO - [2022-09-30 12:47:26,920] {dagbag.py:500} INFO - Filling up the DagBag from /home/airflow/.local/lib/python3.7/site-packages/airflow/example_dags/example_branch_day_of_week_operator.py
[2022-09-30 12:47:26,954] {processor.py:654} INFO - DAG(s) dict_keys(['example_weekday_branch_operator']) retrieved from /home/airflow/.local/lib/python3.7/site-packages/airflow/example_dags/example_branch_day_of_week_operator.py
[2022-09-30 12:47:26,965] {logging_mixin.py:109} INFO - [2022-09-30 12:47:26,965] {dag.py:2398} INFO - Sync 1 DAGs
[2022-09-30 12:47:26,983] {logging_mixin.py:109} INFO - [2022-09-30 12:47:26,983] {dag.py:2937} INFO - Setting next_dagrun for example_weekday_branch_operator to 2022-09-29 00:00:00+00:00
[2022-09-30 12:47:26,993] {processor.py:171} INFO - Processing /home/airflow/.local/lib/python3.7/site-packages/airflow/example_dags/example_branch_day_of_week_operator.py took 0.084 seconds
[2022-09-30 12:47:57,476] {processor.py:163} INFO - Started process (PID=1818) to work on /home/airflow/.local/lib/python3.7/site-packages/airflow/example_dags/example_branch_day_of_week_operator.py
[2022-09-30 12:47:57,479] {processor.py:642} INFO - Processing file /home/airflow/.local/lib/python3.7/site-packages/airflow/example_dags/example_branch_day_of_week_operator.py for tasks to queue
[2022-09-30 12:47:57,481] {logging_mixin.py:109} INFO - [2022-09-30 12:47:57,481] {dagbag.py:500} INFO - Filling up the DagBag from /home/airflow/.local/lib/python3.7/site-packages/airflow/example_dags/example_branch_day_of_week_operator.py
[2022-09-30 12:47:57,520] {processor.py:654} INFO - DAG(s) dict_keys(['example_weekday_branch_operator']) retrieved from /home/airflow/.local/lib/python3.7/site-packages/airflow/example_dags/example_branch_day_of_week_operator.py
[2022-09-30 12:47:57,536] {logging_mixin.py:109} INFO - [2022-09-30 12:47:57,536] {dag.py:2398} INFO - Sync 1 DAGs
[2022-09-30 12:47:57,555] {logging_mixin.py:109} INFO - [2022-09-30 12:47:57,555] {dag.py:2937} INFO - Setting next_dagrun for example_weekday_branch_operator to 2022-09-29 00:00:00+00:00
[2022-09-30 12:47:57,576] {processor.py:171} INFO - Processing /home/airflow/.local/lib/python3.7/site-packages/airflow/example_dags/example_branch_day_of_week_operator.py took 0.106 seconds
[2022-09-30 12:48:28,029] {processor.py:163} INFO - Started process (PID=1870) to work on /home/airflow/.local/lib/python3.7/site-packages/airflow/example_dags/example_branch_day_of_week_operator.py
[2022-09-30 12:48:28,033] {processor.py:642} INFO - Processing file /home/airflow/.local/lib/python3.7/site-packages/airflow/example_dags/example_branch_day_of_week_operator.py for tasks to queue
[2022-09-30 12:48:28,036] {logging_mixin.py:109} INFO - [2022-09-30 12:48:28,035] {dagbag.py:500} INFO - Filling up the DagBag from /home/airflow/.local/lib/python3.7/site-packages/airflow/example_dags/example_branch_day_of_week_operator.py
[2022-09-30 12:48:28,072] {processor.py:654} INFO - DAG(s) dict_keys(['example_weekday_branch_operator']) retrieved from /home/airflow/.local/lib/python3.7/site-packages/airflow/example_dags/example_branch_day_of_week_operator.py
[2022-09-30 12:48:28,084] {logging_mixin.py:109} INFO - [2022-09-30 12:48:28,084] {dag.py:2398} INFO - Sync 1 DAGs
[2022-09-30 12:48:28,102] {logging_mixin.py:109} INFO - [2022-09-30 12:48:28,101] {dag.py:2937} INFO - Setting next_dagrun for example_weekday_branch_operator to 2022-09-29 00:00:00+00:00
[2022-09-30 12:48:28,114] {processor.py:171} INFO - Processing /home/airflow/.local/lib/python3.7/site-packages/airflow/example_dags/example_branch_day_of_week_operator.py took 0.095 seconds
[2022-09-30 12:48:58,417] {processor.py:163} INFO - Started process (PID=1922) to work on /home/airflow/.local/lib/python3.7/site-packages/airflow/example_dags/example_branch_day_of_week_operator.py
[2022-09-30 12:48:58,420] {processor.py:642} INFO - Processing file /home/airflow/.local/lib/python3.7/site-packages/airflow/example_dags/example_branch_day_of_week_operator.py for tasks to queue
[2022-09-30 12:48:58,421] {logging_mixin.py:109} INFO - [2022-09-30 12:48:58,421] {dagbag.py:500} INFO - Filling up the DagBag from /home/airflow/.local/lib/python3.7/site-packages/airflow/example_dags/example_branch_day_of_week_operator.py
[2022-09-30 12:48:58,458] {processor.py:654} INFO - DAG(s) dict_keys(['example_weekday_branch_operator']) retrieved from /home/airflow/.local/lib/python3.7/site-packages/airflow/example_dags/example_branch_day_of_week_operator.py
[2022-09-30 12:48:58,468] {logging_mixin.py:109} INFO - [2022-09-30 12:48:58,468] {dag.py:2398} INFO - Sync 1 DAGs
[2022-09-30 12:48:58,485] {logging_mixin.py:109} INFO - [2022-09-30 12:48:58,485] {dag.py:2937} INFO - Setting next_dagrun for example_weekday_branch_operator to 2022-09-29 00:00:00+00:00
[2022-09-30 12:48:58,497] {processor.py:171} INFO - Processing /home/airflow/.local/lib/python3.7/site-packages/airflow/example_dags/example_branch_day_of_week_operator.py took 0.083 seconds
[2022-09-30 12:49:28,752] {processor.py:163} INFO - Started process (PID=1982) to work on /home/airflow/.local/lib/python3.7/site-packages/airflow/example_dags/example_branch_day_of_week_operator.py
[2022-09-30 12:49:28,756] {processor.py:642} INFO - Processing file /home/airflow/.local/lib/python3.7/site-packages/airflow/example_dags/example_branch_day_of_week_operator.py for tasks to queue
[2022-09-30 12:49:28,759] {logging_mixin.py:109} INFO - [2022-09-30 12:49:28,759] {dagbag.py:500} INFO - Filling up the DagBag from /home/airflow/.local/lib/python3.7/site-packages/airflow/example_dags/example_branch_day_of_week_operator.py
[2022-09-30 12:49:28,800] {processor.py:654} INFO - DAG(s) dict_keys(['example_weekday_branch_operator']) retrieved from /home/airflow/.local/lib/python3.7/site-packages/airflow/example_dags/example_branch_day_of_week_operator.py
[2022-09-30 12:49:28,816] {logging_mixin.py:109} INFO - [2022-09-30 12:49:28,816] {dag.py:2398} INFO - Sync 1 DAGs
[2022-09-30 12:49:28,836] {logging_mixin.py:109} INFO - [2022-09-30 12:49:28,836] {dag.py:2937} INFO - Setting next_dagrun for example_weekday_branch_operator to 2022-09-29 00:00:00+00:00
[2022-09-30 12:49:28,846] {processor.py:171} INFO - Processing /home/airflow/.local/lib/python3.7/site-packages/airflow/example_dags/example_branch_day_of_week_operator.py took 0.101 seconds
[2022-09-30 12:49:59,212] {processor.py:163} INFO - Started process (PID=2034) to work on /home/airflow/.local/lib/python3.7/site-packages/airflow/example_dags/example_branch_day_of_week_operator.py
[2022-09-30 12:49:59,215] {processor.py:642} INFO - Processing file /home/airflow/.local/lib/python3.7/site-packages/airflow/example_dags/example_branch_day_of_week_operator.py for tasks to queue
[2022-09-30 12:49:59,217] {logging_mixin.py:109} INFO - [2022-09-30 12:49:59,217] {dagbag.py:500} INFO - Filling up the DagBag from /home/airflow/.local/lib/python3.7/site-packages/airflow/example_dags/example_branch_day_of_week_operator.py
[2022-09-30 12:49:59,270] {processor.py:654} INFO - DAG(s) dict_keys(['example_weekday_branch_operator']) retrieved from /home/airflow/.local/lib/python3.7/site-packages/airflow/example_dags/example_branch_day_of_week_operator.py
[2022-09-30 12:49:59,286] {logging_mixin.py:109} INFO - [2022-09-30 12:49:59,286] {dag.py:2398} INFO - Sync 1 DAGs
[2022-09-30 12:49:59,313] {logging_mixin.py:109} INFO - [2022-09-30 12:49:59,313] {dag.py:2937} INFO - Setting next_dagrun for example_weekday_branch_operator to 2022-09-29 00:00:00+00:00
[2022-09-30 12:49:59,326] {processor.py:171} INFO - Processing /home/airflow/.local/lib/python3.7/site-packages/airflow/example_dags/example_branch_day_of_week_operator.py took 0.118 seconds
[2022-09-30 12:50:29,674] {processor.py:163} INFO - Started process (PID=2094) to work on /home/airflow/.local/lib/python3.7/site-packages/airflow/example_dags/example_branch_day_of_week_operator.py
[2022-09-30 12:50:29,676] {processor.py:642} INFO - Processing file /home/airflow/.local/lib/python3.7/site-packages/airflow/example_dags/example_branch_day_of_week_operator.py for tasks to queue
[2022-09-30 12:50:29,678] {logging_mixin.py:109} INFO - [2022-09-30 12:50:29,678] {dagbag.py:500} INFO - Filling up the DagBag from /home/airflow/.local/lib/python3.7/site-packages/airflow/example_dags/example_branch_day_of_week_operator.py
[2022-09-30 12:50:29,710] {processor.py:654} INFO - DAG(s) dict_keys(['example_weekday_branch_operator']) retrieved from /home/airflow/.local/lib/python3.7/site-packages/airflow/example_dags/example_branch_day_of_week_operator.py
[2022-09-30 12:50:29,720] {logging_mixin.py:109} INFO - [2022-09-30 12:50:29,720] {dag.py:2398} INFO - Sync 1 DAGs
[2022-09-30 12:50:29,737] {logging_mixin.py:109} INFO - [2022-09-30 12:50:29,736] {dag.py:2937} INFO - Setting next_dagrun for example_weekday_branch_operator to 2022-09-29 00:00:00+00:00
[2022-09-30 12:50:29,750] {processor.py:171} INFO - Processing /home/airflow/.local/lib/python3.7/site-packages/airflow/example_dags/example_branch_day_of_week_operator.py took 0.080 seconds
[2022-09-30 12:51:00,147] {processor.py:163} INFO - Started process (PID=2146) to work on /home/airflow/.local/lib/python3.7/site-packages/airflow/example_dags/example_branch_day_of_week_operator.py
[2022-09-30 12:51:00,150] {processor.py:642} INFO - Processing file /home/airflow/.local/lib/python3.7/site-packages/airflow/example_dags/example_branch_day_of_week_operator.py for tasks to queue
[2022-09-30 12:51:00,152] {logging_mixin.py:109} INFO - [2022-09-30 12:51:00,152] {dagbag.py:500} INFO - Filling up the DagBag from /home/airflow/.local/lib/python3.7/site-packages/airflow/example_dags/example_branch_day_of_week_operator.py
[2022-09-30 12:51:00,211] {processor.py:654} INFO - DAG(s) dict_keys(['example_weekday_branch_operator']) retrieved from /home/airflow/.local/lib/python3.7/site-packages/airflow/example_dags/example_branch_day_of_week_operator.py
[2022-09-30 12:51:00,223] {logging_mixin.py:109} INFO - [2022-09-30 12:51:00,222] {dag.py:2398} INFO - Sync 1 DAGs
[2022-09-30 12:51:00,249] {logging_mixin.py:109} INFO - [2022-09-30 12:51:00,249] {dag.py:2937} INFO - Setting next_dagrun for example_weekday_branch_operator to 2022-09-29 00:00:00+00:00
[2022-09-30 12:51:00,269] {processor.py:171} INFO - Processing /home/airflow/.local/lib/python3.7/site-packages/airflow/example_dags/example_branch_day_of_week_operator.py took 0.125 seconds
[2022-09-30 12:51:31,098] {processor.py:163} INFO - Started process (PID=2207) to work on /home/airflow/.local/lib/python3.7/site-packages/airflow/example_dags/example_branch_day_of_week_operator.py
[2022-09-30 12:51:31,101] {processor.py:642} INFO - Processing file /home/airflow/.local/lib/python3.7/site-packages/airflow/example_dags/example_branch_day_of_week_operator.py for tasks to queue
[2022-09-30 12:51:31,102] {logging_mixin.py:109} INFO - [2022-09-30 12:51:31,102] {dagbag.py:500} INFO - Filling up the DagBag from /home/airflow/.local/lib/python3.7/site-packages/airflow/example_dags/example_branch_day_of_week_operator.py
[2022-09-30 12:51:31,142] {processor.py:654} INFO - DAG(s) dict_keys(['example_weekday_branch_operator']) retrieved from /home/airflow/.local/lib/python3.7/site-packages/airflow/example_dags/example_branch_day_of_week_operator.py
[2022-09-30 12:51:31,153] {logging_mixin.py:109} INFO - [2022-09-30 12:51:31,153] {dag.py:2398} INFO - Sync 1 DAGs
[2022-09-30 12:51:31,169] {logging_mixin.py:109} INFO - [2022-09-30 12:51:31,169] {dag.py:2937} INFO - Setting next_dagrun for example_weekday_branch_operator to 2022-09-29 00:00:00+00:00
[2022-09-30 12:51:31,182] {processor.py:171} INFO - Processing /home/airflow/.local/lib/python3.7/site-packages/airflow/example_dags/example_branch_day_of_week_operator.py took 0.089 seconds
[2022-09-30 12:54:31,169] {processor.py:163} INFO - Started process (PID=2233) to work on /home/airflow/.local/lib/python3.7/site-packages/airflow/example_dags/example_branch_day_of_week_operator.py
[2022-09-30 12:54:31,175] {processor.py:642} INFO - Processing file /home/airflow/.local/lib/python3.7/site-packages/airflow/example_dags/example_branch_day_of_week_operator.py for tasks to queue
[2022-09-30 12:54:31,180] {logging_mixin.py:109} INFO - [2022-09-30 12:54:31,179] {dagbag.py:500} INFO - Filling up the DagBag from /home/airflow/.local/lib/python3.7/site-packages/airflow/example_dags/example_branch_day_of_week_operator.py
[2022-09-30 12:54:31,368] {processor.py:654} INFO - DAG(s) dict_keys(['example_weekday_branch_operator']) retrieved from /home/airflow/.local/lib/python3.7/site-packages/airflow/example_dags/example_branch_day_of_week_operator.py
[2022-09-30 12:54:31,426] {logging_mixin.py:109} INFO - [2022-09-30 12:54:31,425] {dag.py:2398} INFO - Sync 1 DAGs
[2022-09-30 12:54:31,530] {logging_mixin.py:109} INFO - [2022-09-30 12:54:31,530] {dag.py:2937} INFO - Setting next_dagrun for example_weekday_branch_operator to 2022-09-29 00:00:00+00:00
[2022-09-30 12:54:31,611] {processor.py:171} INFO - Processing /home/airflow/.local/lib/python3.7/site-packages/airflow/example_dags/example_branch_day_of_week_operator.py took 0.469 seconds
[2022-09-30 12:55:07,431] {processor.py:163} INFO - Started process (PID=2273) to work on /home/airflow/.local/lib/python3.7/site-packages/airflow/example_dags/example_branch_day_of_week_operator.py
[2022-09-30 12:55:08,779] {processor.py:642} INFO - Processing file /home/airflow/.local/lib/python3.7/site-packages/airflow/example_dags/example_branch_day_of_week_operator.py for tasks to queue
[2022-09-30 12:55:09,571] {logging_mixin.py:109} INFO - [2022-09-30 12:55:09,186] {dagbag.py:500} INFO - Filling up the DagBag from /home/airflow/.local/lib/python3.7/site-packages/airflow/example_dags/example_branch_day_of_week_operator.py
[2022-09-30 12:55:19,559] {processor.py:654} INFO - DAG(s) dict_keys(['example_weekday_branch_operator']) retrieved from /home/airflow/.local/lib/python3.7/site-packages/airflow/example_dags/example_branch_day_of_week_operator.py
[2022-09-30 12:59:29,673] {logging_mixin.py:109} INFO - [2022-09-30 12:59:29,673] {dag.py:2398} INFO - Sync 1 DAGs
[2022-09-30 12:59:29,764] {logging_mixin.py:109} INFO - [2022-09-30 12:59:29,764] {dag.py:2937} INFO - Setting next_dagrun for example_weekday_branch_operator to 2022-09-29 00:00:00+00:00
[2022-09-30 12:59:31,026] {processor.py:163} INFO - Started process (PID=2288) to work on /home/airflow/.local/lib/python3.7/site-packages/airflow/example_dags/example_branch_day_of_week_operator.py
[2022-09-30 12:59:31,034] {processor.py:642} INFO - Processing file /home/airflow/.local/lib/python3.7/site-packages/airflow/example_dags/example_branch_day_of_week_operator.py for tasks to queue
[2022-09-30 12:59:31,041] {logging_mixin.py:109} INFO - [2022-09-30 12:59:31,040] {dagbag.py:500} INFO - Filling up the DagBag from /home/airflow/.local/lib/python3.7/site-packages/airflow/example_dags/example_branch_day_of_week_operator.py
[2022-09-30 12:59:31,183] {processor.py:654} INFO - DAG(s) dict_keys(['example_weekday_branch_operator']) retrieved from /home/airflow/.local/lib/python3.7/site-packages/airflow/example_dags/example_branch_day_of_week_operator.py
[2022-09-30 12:59:31,219] {logging_mixin.py:109} INFO - [2022-09-30 12:59:31,219] {dag.py:2398} INFO - Sync 1 DAGs
[2022-09-30 12:59:31,268] {logging_mixin.py:109} INFO - [2022-09-30 12:59:31,268] {dag.py:2937} INFO - Setting next_dagrun for example_weekday_branch_operator to 2022-09-29 00:00:00+00:00
[2022-09-30 12:59:31,306] {processor.py:171} INFO - Processing /home/airflow/.local/lib/python3.7/site-packages/airflow/example_dags/example_branch_day_of_week_operator.py took 0.283 seconds
[2022-09-30 13:00:13,860] {processor.py:163} INFO - Started process (PID=2335) to work on /home/airflow/.local/lib/python3.7/site-packages/airflow/example_dags/example_branch_day_of_week_operator.py
[2022-09-30 13:00:15,719] {processor.py:642} INFO - Processing file /home/airflow/.local/lib/python3.7/site-packages/airflow/example_dags/example_branch_day_of_week_operator.py for tasks to queue
[2022-09-30 13:00:16,352] {logging_mixin.py:109} INFO - [2022-09-30 13:00:16,128] {dagbag.py:500} INFO - Filling up the DagBag from /home/airflow/.local/lib/python3.7/site-packages/airflow/example_dags/example_branch_day_of_week_operator.py
[2022-09-30 13:02:55,971] {processor.py:163} INFO - Started process (PID=2352) to work on /home/airflow/.local/lib/python3.7/site-packages/airflow/example_dags/example_branch_day_of_week_operator.py
[2022-09-30 13:02:56,015] {processor.py:642} INFO - Processing file /home/airflow/.local/lib/python3.7/site-packages/airflow/example_dags/example_branch_day_of_week_operator.py for tasks to queue
[2022-09-30 13:02:56,027] {logging_mixin.py:109} INFO - [2022-09-30 13:02:56,026] {dagbag.py:500} INFO - Filling up the DagBag from /home/airflow/.local/lib/python3.7/site-packages/airflow/example_dags/example_branch_day_of_week_operator.py
[2022-09-30 13:02:56,684] {processor.py:654} INFO - DAG(s) dict_keys(['example_weekday_branch_operator']) retrieved from /home/airflow/.local/lib/python3.7/site-packages/airflow/example_dags/example_branch_day_of_week_operator.py
[2022-09-30 13:02:57,104] {logging_mixin.py:109} INFO - [2022-09-30 13:02:57,098] {dag.py:2398} INFO - Sync 1 DAGs
[2022-09-30 13:02:57,426] {logging_mixin.py:109} INFO - [2022-09-30 13:02:57,409] {dag.py:2937} INFO - Setting next_dagrun for example_weekday_branch_operator to 2022-09-29 00:00:00+00:00
[2022-09-30 13:02:57,834] {processor.py:171} INFO - Processing /home/airflow/.local/lib/python3.7/site-packages/airflow/example_dags/example_branch_day_of_week_operator.py took 1.954 seconds
[2022-09-30 13:03:28,538] {processor.py:163} INFO - Started process (PID=2403) to work on /home/airflow/.local/lib/python3.7/site-packages/airflow/example_dags/example_branch_day_of_week_operator.py
[2022-09-30 13:03:28,541] {processor.py:642} INFO - Processing file /home/airflow/.local/lib/python3.7/site-packages/airflow/example_dags/example_branch_day_of_week_operator.py for tasks to queue
[2022-09-30 13:03:28,543] {logging_mixin.py:109} INFO - [2022-09-30 13:03:28,543] {dagbag.py:500} INFO - Filling up the DagBag from /home/airflow/.local/lib/python3.7/site-packages/airflow/example_dags/example_branch_day_of_week_operator.py
[2022-09-30 13:03:28,578] {processor.py:654} INFO - DAG(s) dict_keys(['example_weekday_branch_operator']) retrieved from /home/airflow/.local/lib/python3.7/site-packages/airflow/example_dags/example_branch_day_of_week_operator.py
[2022-09-30 13:03:28,590] {logging_mixin.py:109} INFO - [2022-09-30 13:03:28,590] {dag.py:2398} INFO - Sync 1 DAGs
[2022-09-30 13:03:28,606] {logging_mixin.py:109} INFO - [2022-09-30 13:03:28,606] {dag.py:2937} INFO - Setting next_dagrun for example_weekday_branch_operator to 2022-09-29 00:00:00+00:00
[2022-09-30 13:03:28,620] {processor.py:171} INFO - Processing /home/airflow/.local/lib/python3.7/site-packages/airflow/example_dags/example_branch_day_of_week_operator.py took 0.087 seconds
[2022-09-30 13:03:59,308] {processor.py:163} INFO - Started process (PID=2463) to work on /home/airflow/.local/lib/python3.7/site-packages/airflow/example_dags/example_branch_day_of_week_operator.py
[2022-09-30 13:03:59,311] {processor.py:642} INFO - Processing file /home/airflow/.local/lib/python3.7/site-packages/airflow/example_dags/example_branch_day_of_week_operator.py for tasks to queue
[2022-09-30 13:03:59,313] {logging_mixin.py:109} INFO - [2022-09-30 13:03:59,313] {dagbag.py:500} INFO - Filling up the DagBag from /home/airflow/.local/lib/python3.7/site-packages/airflow/example_dags/example_branch_day_of_week_operator.py
[2022-09-30 13:03:59,357] {processor.py:654} INFO - DAG(s) dict_keys(['example_weekday_branch_operator']) retrieved from /home/airflow/.local/lib/python3.7/site-packages/airflow/example_dags/example_branch_day_of_week_operator.py
[2022-09-30 13:03:59,372] {logging_mixin.py:109} INFO - [2022-09-30 13:03:59,372] {dag.py:2398} INFO - Sync 1 DAGs
[2022-09-30 13:03:59,388] {logging_mixin.py:109} INFO - [2022-09-30 13:03:59,388] {dag.py:2937} INFO - Setting next_dagrun for example_weekday_branch_operator to 2022-09-29 00:00:00+00:00
[2022-09-30 13:03:59,398] {processor.py:171} INFO - Processing /home/airflow/.local/lib/python3.7/site-packages/airflow/example_dags/example_branch_day_of_week_operator.py took 0.096 seconds
[2022-09-30 13:04:30,045] {processor.py:163} INFO - Started process (PID=2515) to work on /home/airflow/.local/lib/python3.7/site-packages/airflow/example_dags/example_branch_day_of_week_operator.py
[2022-09-30 13:04:30,049] {processor.py:642} INFO - Processing file /home/airflow/.local/lib/python3.7/site-packages/airflow/example_dags/example_branch_day_of_week_operator.py for tasks to queue
[2022-09-30 13:04:30,052] {logging_mixin.py:109} INFO - [2022-09-30 13:04:30,052] {dagbag.py:500} INFO - Filling up the DagBag from /home/airflow/.local/lib/python3.7/site-packages/airflow/example_dags/example_branch_day_of_week_operator.py
[2022-09-30 13:04:30,102] {processor.py:654} INFO - DAG(s) dict_keys(['example_weekday_branch_operator']) retrieved from /home/airflow/.local/lib/python3.7/site-packages/airflow/example_dags/example_branch_day_of_week_operator.py
[2022-09-30 13:04:30,123] {logging_mixin.py:109} INFO - [2022-09-30 13:04:30,123] {dag.py:2398} INFO - Sync 1 DAGs
[2022-09-30 13:04:30,148] {logging_mixin.py:109} INFO - [2022-09-30 13:04:30,148] {dag.py:2937} INFO - Setting next_dagrun for example_weekday_branch_operator to 2022-09-29 00:00:00+00:00
[2022-09-30 13:04:30,160] {processor.py:171} INFO - Processing /home/airflow/.local/lib/python3.7/site-packages/airflow/example_dags/example_branch_day_of_week_operator.py took 0.121 seconds
[2022-09-30 13:05:00,499] {processor.py:163} INFO - Started process (PID=2575) to work on /home/airflow/.local/lib/python3.7/site-packages/airflow/example_dags/example_branch_day_of_week_operator.py
[2022-09-30 13:05:00,502] {processor.py:642} INFO - Processing file /home/airflow/.local/lib/python3.7/site-packages/airflow/example_dags/example_branch_day_of_week_operator.py for tasks to queue
[2022-09-30 13:05:00,503] {logging_mixin.py:109} INFO - [2022-09-30 13:05:00,503] {dagbag.py:500} INFO - Filling up the DagBag from /home/airflow/.local/lib/python3.7/site-packages/airflow/example_dags/example_branch_day_of_week_operator.py
[2022-09-30 13:05:00,546] {processor.py:654} INFO - DAG(s) dict_keys(['example_weekday_branch_operator']) retrieved from /home/airflow/.local/lib/python3.7/site-packages/airflow/example_dags/example_branch_day_of_week_operator.py
[2022-09-30 13:05:00,561] {logging_mixin.py:109} INFO - [2022-09-30 13:05:00,561] {dag.py:2398} INFO - Sync 1 DAGs
[2022-09-30 13:05:00,576] {logging_mixin.py:109} INFO - [2022-09-30 13:05:00,576] {dag.py:2937} INFO - Setting next_dagrun for example_weekday_branch_operator to 2022-09-29 00:00:00+00:00
[2022-09-30 13:05:00,585] {processor.py:171} INFO - Processing /home/airflow/.local/lib/python3.7/site-packages/airflow/example_dags/example_branch_day_of_week_operator.py took 0.090 seconds
[2022-09-30 13:05:30,993] {processor.py:163} INFO - Started process (PID=2627) to work on /home/airflow/.local/lib/python3.7/site-packages/airflow/example_dags/example_branch_day_of_week_operator.py
[2022-09-30 13:05:30,995] {processor.py:642} INFO - Processing file /home/airflow/.local/lib/python3.7/site-packages/airflow/example_dags/example_branch_day_of_week_operator.py for tasks to queue
[2022-09-30 13:05:30,997] {logging_mixin.py:109} INFO - [2022-09-30 13:05:30,997] {dagbag.py:500} INFO - Filling up the DagBag from /home/airflow/.local/lib/python3.7/site-packages/airflow/example_dags/example_branch_day_of_week_operator.py
[2022-09-30 13:05:31,046] {processor.py:654} INFO - DAG(s) dict_keys(['example_weekday_branch_operator']) retrieved from /home/airflow/.local/lib/python3.7/site-packages/airflow/example_dags/example_branch_day_of_week_operator.py
[2022-09-30 13:05:31,066] {logging_mixin.py:109} INFO - [2022-09-30 13:05:31,066] {dag.py:2398} INFO - Sync 1 DAGs
[2022-09-30 13:05:31,082] {logging_mixin.py:109} INFO - [2022-09-30 13:05:31,082] {dag.py:2937} INFO - Setting next_dagrun for example_weekday_branch_operator to 2022-09-29 00:00:00+00:00
[2022-09-30 13:05:31,092] {processor.py:171} INFO - Processing /home/airflow/.local/lib/python3.7/site-packages/airflow/example_dags/example_branch_day_of_week_operator.py took 0.103 seconds
[2022-09-30 13:06:01,530] {processor.py:163} INFO - Started process (PID=2678) to work on /home/airflow/.local/lib/python3.7/site-packages/airflow/example_dags/example_branch_day_of_week_operator.py
[2022-09-30 13:06:01,533] {processor.py:642} INFO - Processing file /home/airflow/.local/lib/python3.7/site-packages/airflow/example_dags/example_branch_day_of_week_operator.py for tasks to queue
[2022-09-30 13:06:01,535] {logging_mixin.py:109} INFO - [2022-09-30 13:06:01,535] {dagbag.py:500} INFO - Filling up the DagBag from /home/airflow/.local/lib/python3.7/site-packages/airflow/example_dags/example_branch_day_of_week_operator.py
[2022-09-30 13:06:01,583] {processor.py:654} INFO - DAG(s) dict_keys(['example_weekday_branch_operator']) retrieved from /home/airflow/.local/lib/python3.7/site-packages/airflow/example_dags/example_branch_day_of_week_operator.py
[2022-09-30 13:06:01,601] {logging_mixin.py:109} INFO - [2022-09-30 13:06:01,601] {dag.py:2398} INFO - Sync 1 DAGs
[2022-09-30 13:06:01,629] {logging_mixin.py:109} INFO - [2022-09-30 13:06:01,629] {dag.py:2937} INFO - Setting next_dagrun for example_weekday_branch_operator to 2022-09-29 00:00:00+00:00
[2022-09-30 13:06:01,661] {processor.py:171} INFO - Processing /home/airflow/.local/lib/python3.7/site-packages/airflow/example_dags/example_branch_day_of_week_operator.py took 0.135 seconds
