[2022-09-30 12:33:05,770] {processor.py:163} INFO - Started process (PID=205) to work on /home/airflow/.local/lib/python3.7/site-packages/airflow/example_dags/example_python_operator.py
[2022-09-30 12:33:05,772] {processor.py:642} INFO - Processing file /home/airflow/.local/lib/python3.7/site-packages/airflow/example_dags/example_python_operator.py for tasks to queue
[2022-09-30 12:33:05,774] {logging_mixin.py:109} INFO - [2022-09-30 12:33:05,774] {dagbag.py:500} INFO - Filling up the DagBag from /home/airflow/.local/lib/python3.7/site-packages/airflow/example_dags/example_python_operator.py
[2022-09-30 12:33:05,820] {processor.py:654} INFO - DAG(s) dict_keys(['example_python_operator']) retrieved from /home/airflow/.local/lib/python3.7/site-packages/airflow/example_dags/example_python_operator.py
[2022-09-30 12:33:09,386] {logging_mixin.py:109} INFO - [2022-09-30 12:33:09,385] {manager.py:496} INFO - Created Permission View: can edit on DAG:example_python_operator
[2022-09-30 12:33:09,441] {logging_mixin.py:109} INFO - [2022-09-30 12:33:09,441] {manager.py:496} INFO - Created Permission View: can read on DAG:example_python_operator
[2022-09-30 12:33:09,447] {logging_mixin.py:109} INFO - [2022-09-30 12:33:09,446] {dag.py:2398} INFO - Sync 1 DAGs
[2022-09-30 12:33:09,490] {logging_mixin.py:109} INFO - [2022-09-30 12:33:09,489] {dag.py:2417} INFO - Creating ORM DAG for example_python_operator
[2022-09-30 12:33:09,515] {logging_mixin.py:109} INFO - [2022-09-30 12:33:09,515] {dag.py:2937} INFO - Setting next_dagrun for example_python_operator to None
[2022-09-30 12:33:09,558] {processor.py:171} INFO - Processing /home/airflow/.local/lib/python3.7/site-packages/airflow/example_dags/example_python_operator.py took 3.791 seconds
[2022-09-30 12:33:40,152] {processor.py:163} INFO - Started process (PID=268) to work on /home/airflow/.local/lib/python3.7/site-packages/airflow/example_dags/example_python_operator.py
[2022-09-30 12:33:40,156] {processor.py:642} INFO - Processing file /home/airflow/.local/lib/python3.7/site-packages/airflow/example_dags/example_python_operator.py for tasks to queue
[2022-09-30 12:33:40,158] {logging_mixin.py:109} INFO - [2022-09-30 12:33:40,157] {dagbag.py:500} INFO - Filling up the DagBag from /home/airflow/.local/lib/python3.7/site-packages/airflow/example_dags/example_python_operator.py
[2022-09-30 12:33:40,214] {processor.py:654} INFO - DAG(s) dict_keys(['example_python_operator']) retrieved from /home/airflow/.local/lib/python3.7/site-packages/airflow/example_dags/example_python_operator.py
[2022-09-30 12:33:40,229] {logging_mixin.py:109} INFO - [2022-09-30 12:33:40,229] {dag.py:2398} INFO - Sync 1 DAGs
[2022-09-30 12:33:40,247] {logging_mixin.py:109} INFO - [2022-09-30 12:33:40,247] {dag.py:2937} INFO - Setting next_dagrun for example_python_operator to None
[2022-09-30 12:33:40,264] {processor.py:171} INFO - Processing /home/airflow/.local/lib/python3.7/site-packages/airflow/example_dags/example_python_operator.py took 0.118 seconds
[2022-09-30 12:34:10,461] {processor.py:163} INFO - Started process (PID=319) to work on /home/airflow/.local/lib/python3.7/site-packages/airflow/example_dags/example_python_operator.py
[2022-09-30 12:34:10,468] {processor.py:642} INFO - Processing file /home/airflow/.local/lib/python3.7/site-packages/airflow/example_dags/example_python_operator.py for tasks to queue
[2022-09-30 12:34:10,474] {logging_mixin.py:109} INFO - [2022-09-30 12:34:10,474] {dagbag.py:500} INFO - Filling up the DagBag from /home/airflow/.local/lib/python3.7/site-packages/airflow/example_dags/example_python_operator.py
[2022-09-30 12:34:10,754] {processor.py:654} INFO - DAG(s) dict_keys(['example_python_operator']) retrieved from /home/airflow/.local/lib/python3.7/site-packages/airflow/example_dags/example_python_operator.py
[2022-09-30 12:34:10,948] {logging_mixin.py:109} INFO - [2022-09-30 12:34:10,948] {dag.py:2398} INFO - Sync 1 DAGs
[2022-09-30 12:34:11,074] {logging_mixin.py:109} INFO - [2022-09-30 12:34:11,073] {dag.py:2937} INFO - Setting next_dagrun for example_python_operator to None
[2022-09-30 12:34:11,225] {processor.py:171} INFO - Processing /home/airflow/.local/lib/python3.7/site-packages/airflow/example_dags/example_python_operator.py took 0.772 seconds
[2022-09-30 12:34:41,662] {processor.py:163} INFO - Started process (PID=370) to work on /home/airflow/.local/lib/python3.7/site-packages/airflow/example_dags/example_python_operator.py
[2022-09-30 12:34:41,674] {processor.py:642} INFO - Processing file /home/airflow/.local/lib/python3.7/site-packages/airflow/example_dags/example_python_operator.py for tasks to queue
[2022-09-30 12:34:41,693] {logging_mixin.py:109} INFO - [2022-09-30 12:34:41,693] {dagbag.py:500} INFO - Filling up the DagBag from /home/airflow/.local/lib/python3.7/site-packages/airflow/example_dags/example_python_operator.py
[2022-09-30 12:34:41,781] {processor.py:654} INFO - DAG(s) dict_keys(['example_python_operator']) retrieved from /home/airflow/.local/lib/python3.7/site-packages/airflow/example_dags/example_python_operator.py
[2022-09-30 12:34:41,797] {logging_mixin.py:109} INFO - [2022-09-30 12:34:41,797] {dag.py:2398} INFO - Sync 1 DAGs
[2022-09-30 12:34:41,823] {logging_mixin.py:109} INFO - [2022-09-30 12:34:41,823] {dag.py:2937} INFO - Setting next_dagrun for example_python_operator to None
[2022-09-30 12:34:41,847] {processor.py:171} INFO - Processing /home/airflow/.local/lib/python3.7/site-packages/airflow/example_dags/example_python_operator.py took 0.189 seconds
[2022-09-30 12:35:12,419] {processor.py:163} INFO - Started process (PID=430) to work on /home/airflow/.local/lib/python3.7/site-packages/airflow/example_dags/example_python_operator.py
[2022-09-30 12:35:12,422] {processor.py:642} INFO - Processing file /home/airflow/.local/lib/python3.7/site-packages/airflow/example_dags/example_python_operator.py for tasks to queue
[2022-09-30 12:35:12,423] {logging_mixin.py:109} INFO - [2022-09-30 12:35:12,423] {dagbag.py:500} INFO - Filling up the DagBag from /home/airflow/.local/lib/python3.7/site-packages/airflow/example_dags/example_python_operator.py
[2022-09-30 12:35:12,473] {processor.py:654} INFO - DAG(s) dict_keys(['example_python_operator']) retrieved from /home/airflow/.local/lib/python3.7/site-packages/airflow/example_dags/example_python_operator.py
[2022-09-30 12:35:12,487] {logging_mixin.py:109} INFO - [2022-09-30 12:35:12,487] {dag.py:2398} INFO - Sync 1 DAGs
[2022-09-30 12:35:12,516] {logging_mixin.py:109} INFO - [2022-09-30 12:35:12,515] {dag.py:2937} INFO - Setting next_dagrun for example_python_operator to None
[2022-09-30 12:35:12,547] {processor.py:171} INFO - Processing /home/airflow/.local/lib/python3.7/site-packages/airflow/example_dags/example_python_operator.py took 0.132 seconds
[2022-09-30 12:35:43,014] {processor.py:163} INFO - Started process (PID=481) to work on /home/airflow/.local/lib/python3.7/site-packages/airflow/example_dags/example_python_operator.py
[2022-09-30 12:35:43,016] {processor.py:642} INFO - Processing file /home/airflow/.local/lib/python3.7/site-packages/airflow/example_dags/example_python_operator.py for tasks to queue
[2022-09-30 12:35:43,017] {logging_mixin.py:109} INFO - [2022-09-30 12:35:43,017] {dagbag.py:500} INFO - Filling up the DagBag from /home/airflow/.local/lib/python3.7/site-packages/airflow/example_dags/example_python_operator.py
[2022-09-30 12:35:43,051] {processor.py:654} INFO - DAG(s) dict_keys(['example_python_operator']) retrieved from /home/airflow/.local/lib/python3.7/site-packages/airflow/example_dags/example_python_operator.py
[2022-09-30 12:35:43,062] {logging_mixin.py:109} INFO - [2022-09-30 12:35:43,061] {dag.py:2398} INFO - Sync 1 DAGs
[2022-09-30 12:35:43,080] {logging_mixin.py:109} INFO - [2022-09-30 12:35:43,080] {dag.py:2937} INFO - Setting next_dagrun for example_python_operator to None
[2022-09-30 12:35:43,091] {processor.py:171} INFO - Processing /home/airflow/.local/lib/python3.7/site-packages/airflow/example_dags/example_python_operator.py took 0.081 seconds
[2022-09-30 12:36:13,183] {processor.py:163} INFO - Started process (PID=541) to work on /home/airflow/.local/lib/python3.7/site-packages/airflow/example_dags/example_python_operator.py
[2022-09-30 12:36:13,187] {processor.py:642} INFO - Processing file /home/airflow/.local/lib/python3.7/site-packages/airflow/example_dags/example_python_operator.py for tasks to queue
[2022-09-30 12:36:13,189] {logging_mixin.py:109} INFO - [2022-09-30 12:36:13,189] {dagbag.py:500} INFO - Filling up the DagBag from /home/airflow/.local/lib/python3.7/site-packages/airflow/example_dags/example_python_operator.py
[2022-09-30 12:36:13,238] {processor.py:654} INFO - DAG(s) dict_keys(['example_python_operator']) retrieved from /home/airflow/.local/lib/python3.7/site-packages/airflow/example_dags/example_python_operator.py
[2022-09-30 12:36:13,262] {logging_mixin.py:109} INFO - [2022-09-30 12:36:13,261] {dag.py:2398} INFO - Sync 1 DAGs
[2022-09-30 12:36:13,280] {logging_mixin.py:109} INFO - [2022-09-30 12:36:13,279] {dag.py:2937} INFO - Setting next_dagrun for example_python_operator to None
[2022-09-30 12:36:13,290] {processor.py:171} INFO - Processing /home/airflow/.local/lib/python3.7/site-packages/airflow/example_dags/example_python_operator.py took 0.111 seconds
[2022-09-30 12:36:43,925] {processor.py:163} INFO - Started process (PID=595) to work on /home/airflow/.local/lib/python3.7/site-packages/airflow/example_dags/example_python_operator.py
[2022-09-30 12:36:43,928] {processor.py:642} INFO - Processing file /home/airflow/.local/lib/python3.7/site-packages/airflow/example_dags/example_python_operator.py for tasks to queue
[2022-09-30 12:36:43,930] {logging_mixin.py:109} INFO - [2022-09-30 12:36:43,930] {dagbag.py:500} INFO - Filling up the DagBag from /home/airflow/.local/lib/python3.7/site-packages/airflow/example_dags/example_python_operator.py
[2022-09-30 12:36:43,976] {processor.py:654} INFO - DAG(s) dict_keys(['example_python_operator']) retrieved from /home/airflow/.local/lib/python3.7/site-packages/airflow/example_dags/example_python_operator.py
[2022-09-30 12:36:44,002] {logging_mixin.py:109} INFO - [2022-09-30 12:36:44,002] {dag.py:2398} INFO - Sync 1 DAGs
[2022-09-30 12:36:44,040] {logging_mixin.py:109} INFO - [2022-09-30 12:36:44,040] {dag.py:2937} INFO - Setting next_dagrun for example_python_operator to None
[2022-09-30 12:36:44,071] {processor.py:171} INFO - Processing /home/airflow/.local/lib/python3.7/site-packages/airflow/example_dags/example_python_operator.py took 0.153 seconds
[2022-09-30 12:37:14,722] {processor.py:163} INFO - Started process (PID=646) to work on /home/airflow/.local/lib/python3.7/site-packages/airflow/example_dags/example_python_operator.py
[2022-09-30 12:37:14,726] {processor.py:642} INFO - Processing file /home/airflow/.local/lib/python3.7/site-packages/airflow/example_dags/example_python_operator.py for tasks to queue
[2022-09-30 12:37:14,728] {logging_mixin.py:109} INFO - [2022-09-30 12:37:14,728] {dagbag.py:500} INFO - Filling up the DagBag from /home/airflow/.local/lib/python3.7/site-packages/airflow/example_dags/example_python_operator.py
[2022-09-30 12:37:14,827] {processor.py:654} INFO - DAG(s) dict_keys(['example_python_operator']) retrieved from /home/airflow/.local/lib/python3.7/site-packages/airflow/example_dags/example_python_operator.py
[2022-09-30 12:37:14,844] {logging_mixin.py:109} INFO - [2022-09-30 12:37:14,844] {dag.py:2398} INFO - Sync 1 DAGs
[2022-09-30 12:37:14,862] {logging_mixin.py:109} INFO - [2022-09-30 12:37:14,862] {dag.py:2937} INFO - Setting next_dagrun for example_python_operator to None
[2022-09-30 12:37:14,873] {processor.py:171} INFO - Processing /home/airflow/.local/lib/python3.7/site-packages/airflow/example_dags/example_python_operator.py took 0.163 seconds
[2022-09-30 12:37:45,348] {processor.py:163} INFO - Started process (PID=705) to work on /home/airflow/.local/lib/python3.7/site-packages/airflow/example_dags/example_python_operator.py
[2022-09-30 12:37:45,352] {processor.py:642} INFO - Processing file /home/airflow/.local/lib/python3.7/site-packages/airflow/example_dags/example_python_operator.py for tasks to queue
[2022-09-30 12:37:45,353] {logging_mixin.py:109} INFO - [2022-09-30 12:37:45,353] {dagbag.py:500} INFO - Filling up the DagBag from /home/airflow/.local/lib/python3.7/site-packages/airflow/example_dags/example_python_operator.py
[2022-09-30 12:37:45,391] {processor.py:654} INFO - DAG(s) dict_keys(['example_python_operator']) retrieved from /home/airflow/.local/lib/python3.7/site-packages/airflow/example_dags/example_python_operator.py
[2022-09-30 12:37:45,402] {logging_mixin.py:109} INFO - [2022-09-30 12:37:45,402] {dag.py:2398} INFO - Sync 1 DAGs
[2022-09-30 12:37:45,418] {logging_mixin.py:109} INFO - [2022-09-30 12:37:45,418] {dag.py:2937} INFO - Setting next_dagrun for example_python_operator to None
[2022-09-30 12:37:45,430] {processor.py:171} INFO - Processing /home/airflow/.local/lib/python3.7/site-packages/airflow/example_dags/example_python_operator.py took 0.088 seconds
[2022-09-30 12:38:15,723] {processor.py:163} INFO - Started process (PID=757) to work on /home/airflow/.local/lib/python3.7/site-packages/airflow/example_dags/example_python_operator.py
[2022-09-30 12:38:15,725] {processor.py:642} INFO - Processing file /home/airflow/.local/lib/python3.7/site-packages/airflow/example_dags/example_python_operator.py for tasks to queue
[2022-09-30 12:38:15,727] {logging_mixin.py:109} INFO - [2022-09-30 12:38:15,727] {dagbag.py:500} INFO - Filling up the DagBag from /home/airflow/.local/lib/python3.7/site-packages/airflow/example_dags/example_python_operator.py
[2022-09-30 12:38:15,777] {processor.py:654} INFO - DAG(s) dict_keys(['example_python_operator']) retrieved from /home/airflow/.local/lib/python3.7/site-packages/airflow/example_dags/example_python_operator.py
[2022-09-30 12:38:15,791] {logging_mixin.py:109} INFO - [2022-09-30 12:38:15,790] {dag.py:2398} INFO - Sync 1 DAGs
[2022-09-30 12:38:15,813] {logging_mixin.py:109} INFO - [2022-09-30 12:38:15,813] {dag.py:2937} INFO - Setting next_dagrun for example_python_operator to None
[2022-09-30 12:38:15,832] {processor.py:171} INFO - Processing /home/airflow/.local/lib/python3.7/site-packages/airflow/example_dags/example_python_operator.py took 0.119 seconds
[2022-09-30 12:38:46,361] {processor.py:163} INFO - Started process (PID=817) to work on /home/airflow/.local/lib/python3.7/site-packages/airflow/example_dags/example_python_operator.py
[2022-09-30 12:38:46,364] {processor.py:642} INFO - Processing file /home/airflow/.local/lib/python3.7/site-packages/airflow/example_dags/example_python_operator.py for tasks to queue
[2022-09-30 12:38:46,366] {logging_mixin.py:109} INFO - [2022-09-30 12:38:46,366] {dagbag.py:500} INFO - Filling up the DagBag from /home/airflow/.local/lib/python3.7/site-packages/airflow/example_dags/example_python_operator.py
[2022-09-30 12:38:46,457] {processor.py:654} INFO - DAG(s) dict_keys(['example_python_operator']) retrieved from /home/airflow/.local/lib/python3.7/site-packages/airflow/example_dags/example_python_operator.py
[2022-09-30 12:38:46,473] {logging_mixin.py:109} INFO - [2022-09-30 12:38:46,473] {dag.py:2398} INFO - Sync 1 DAGs
[2022-09-30 12:38:46,502] {logging_mixin.py:109} INFO - [2022-09-30 12:38:46,502] {dag.py:2937} INFO - Setting next_dagrun for example_python_operator to None
[2022-09-30 12:38:46,513] {processor.py:171} INFO - Processing /home/airflow/.local/lib/python3.7/site-packages/airflow/example_dags/example_python_operator.py took 0.160 seconds
[2022-09-30 12:39:17,002] {processor.py:163} INFO - Started process (PID=868) to work on /home/airflow/.local/lib/python3.7/site-packages/airflow/example_dags/example_python_operator.py
[2022-09-30 12:39:17,005] {processor.py:642} INFO - Processing file /home/airflow/.local/lib/python3.7/site-packages/airflow/example_dags/example_python_operator.py for tasks to queue
[2022-09-30 12:39:17,006] {logging_mixin.py:109} INFO - [2022-09-30 12:39:17,006] {dagbag.py:500} INFO - Filling up the DagBag from /home/airflow/.local/lib/python3.7/site-packages/airflow/example_dags/example_python_operator.py
[2022-09-30 12:39:17,056] {processor.py:654} INFO - DAG(s) dict_keys(['example_python_operator']) retrieved from /home/airflow/.local/lib/python3.7/site-packages/airflow/example_dags/example_python_operator.py
[2022-09-30 12:39:17,068] {logging_mixin.py:109} INFO - [2022-09-30 12:39:17,067] {dag.py:2398} INFO - Sync 1 DAGs
[2022-09-30 12:39:17,083] {logging_mixin.py:109} INFO - [2022-09-30 12:39:17,083] {dag.py:2937} INFO - Setting next_dagrun for example_python_operator to None
[2022-09-30 12:39:17,093] {processor.py:171} INFO - Processing /home/airflow/.local/lib/python3.7/site-packages/airflow/example_dags/example_python_operator.py took 0.095 seconds
[2022-09-30 12:39:47,423] {processor.py:163} INFO - Started process (PID=919) to work on /home/airflow/.local/lib/python3.7/site-packages/airflow/example_dags/example_python_operator.py
[2022-09-30 12:39:47,426] {processor.py:642} INFO - Processing file /home/airflow/.local/lib/python3.7/site-packages/airflow/example_dags/example_python_operator.py for tasks to queue
[2022-09-30 12:39:47,428] {logging_mixin.py:109} INFO - [2022-09-30 12:39:47,427] {dagbag.py:500} INFO - Filling up the DagBag from /home/airflow/.local/lib/python3.7/site-packages/airflow/example_dags/example_python_operator.py
[2022-09-30 12:39:47,469] {processor.py:654} INFO - DAG(s) dict_keys(['example_python_operator']) retrieved from /home/airflow/.local/lib/python3.7/site-packages/airflow/example_dags/example_python_operator.py
[2022-09-30 12:39:47,481] {logging_mixin.py:109} INFO - [2022-09-30 12:39:47,481] {dag.py:2398} INFO - Sync 1 DAGs
[2022-09-30 12:39:47,500] {logging_mixin.py:109} INFO - [2022-09-30 12:39:47,500] {dag.py:2937} INFO - Setting next_dagrun for example_python_operator to None
[2022-09-30 12:39:47,511] {processor.py:171} INFO - Processing /home/airflow/.local/lib/python3.7/site-packages/airflow/example_dags/example_python_operator.py took 0.092 seconds
[2022-09-30 12:40:17,831] {processor.py:163} INFO - Started process (PID=979) to work on /home/airflow/.local/lib/python3.7/site-packages/airflow/example_dags/example_python_operator.py
[2022-09-30 12:40:17,834] {processor.py:642} INFO - Processing file /home/airflow/.local/lib/python3.7/site-packages/airflow/example_dags/example_python_operator.py for tasks to queue
[2022-09-30 12:40:17,838] {logging_mixin.py:109} INFO - [2022-09-30 12:40:17,838] {dagbag.py:500} INFO - Filling up the DagBag from /home/airflow/.local/lib/python3.7/site-packages/airflow/example_dags/example_python_operator.py
[2022-09-30 12:40:17,894] {processor.py:654} INFO - DAG(s) dict_keys(['example_python_operator']) retrieved from /home/airflow/.local/lib/python3.7/site-packages/airflow/example_dags/example_python_operator.py
[2022-09-30 12:40:17,917] {logging_mixin.py:109} INFO - [2022-09-30 12:40:17,917] {dag.py:2398} INFO - Sync 1 DAGs
[2022-09-30 12:40:17,980] {logging_mixin.py:109} INFO - [2022-09-30 12:40:17,980] {dag.py:2937} INFO - Setting next_dagrun for example_python_operator to None
[2022-09-30 12:40:17,995] {processor.py:171} INFO - Processing /home/airflow/.local/lib/python3.7/site-packages/airflow/example_dags/example_python_operator.py took 0.169 seconds
[2022-09-30 12:40:48,670] {processor.py:163} INFO - Started process (PID=1030) to work on /home/airflow/.local/lib/python3.7/site-packages/airflow/example_dags/example_python_operator.py
[2022-09-30 12:40:48,672] {processor.py:642} INFO - Processing file /home/airflow/.local/lib/python3.7/site-packages/airflow/example_dags/example_python_operator.py for tasks to queue
[2022-09-30 12:40:48,675] {logging_mixin.py:109} INFO - [2022-09-30 12:40:48,674] {dagbag.py:500} INFO - Filling up the DagBag from /home/airflow/.local/lib/python3.7/site-packages/airflow/example_dags/example_python_operator.py
[2022-09-30 12:40:48,791] {processor.py:654} INFO - DAG(s) dict_keys(['example_python_operator']) retrieved from /home/airflow/.local/lib/python3.7/site-packages/airflow/example_dags/example_python_operator.py
[2022-09-30 12:40:48,808] {logging_mixin.py:109} INFO - [2022-09-30 12:40:48,808] {dag.py:2398} INFO - Sync 1 DAGs
[2022-09-30 12:40:48,836] {logging_mixin.py:109} INFO - [2022-09-30 12:40:48,836] {dag.py:2937} INFO - Setting next_dagrun for example_python_operator to None
[2022-09-30 12:40:48,859] {processor.py:171} INFO - Processing /home/airflow/.local/lib/python3.7/site-packages/airflow/example_dags/example_python_operator.py took 0.199 seconds
[2022-09-30 12:41:19,213] {processor.py:163} INFO - Started process (PID=1090) to work on /home/airflow/.local/lib/python3.7/site-packages/airflow/example_dags/example_python_operator.py
[2022-09-30 12:41:19,219] {processor.py:642} INFO - Processing file /home/airflow/.local/lib/python3.7/site-packages/airflow/example_dags/example_python_operator.py for tasks to queue
[2022-09-30 12:41:19,223] {logging_mixin.py:109} INFO - [2022-09-30 12:41:19,222] {dagbag.py:500} INFO - Filling up the DagBag from /home/airflow/.local/lib/python3.7/site-packages/airflow/example_dags/example_python_operator.py
[2022-09-30 12:41:19,309] {processor.py:654} INFO - DAG(s) dict_keys(['example_python_operator']) retrieved from /home/airflow/.local/lib/python3.7/site-packages/airflow/example_dags/example_python_operator.py
[2022-09-30 12:41:19,321] {logging_mixin.py:109} INFO - [2022-09-30 12:41:19,321] {dag.py:2398} INFO - Sync 1 DAGs
[2022-09-30 12:41:19,348] {logging_mixin.py:109} INFO - [2022-09-30 12:41:19,348] {dag.py:2937} INFO - Setting next_dagrun for example_python_operator to None
[2022-09-30 12:41:19,363] {processor.py:171} INFO - Processing /home/airflow/.local/lib/python3.7/site-packages/airflow/example_dags/example_python_operator.py took 0.159 seconds
[2022-09-30 12:41:49,671] {processor.py:163} INFO - Started process (PID=1142) to work on /home/airflow/.local/lib/python3.7/site-packages/airflow/example_dags/example_python_operator.py
[2022-09-30 12:41:49,674] {processor.py:642} INFO - Processing file /home/airflow/.local/lib/python3.7/site-packages/airflow/example_dags/example_python_operator.py for tasks to queue
[2022-09-30 12:41:49,676] {logging_mixin.py:109} INFO - [2022-09-30 12:41:49,676] {dagbag.py:500} INFO - Filling up the DagBag from /home/airflow/.local/lib/python3.7/site-packages/airflow/example_dags/example_python_operator.py
[2022-09-30 12:41:49,717] {processor.py:654} INFO - DAG(s) dict_keys(['example_python_operator']) retrieved from /home/airflow/.local/lib/python3.7/site-packages/airflow/example_dags/example_python_operator.py
[2022-09-30 12:41:49,732] {logging_mixin.py:109} INFO - [2022-09-30 12:41:49,732] {dag.py:2398} INFO - Sync 1 DAGs
[2022-09-30 12:41:49,756] {logging_mixin.py:109} INFO - [2022-09-30 12:41:49,756] {dag.py:2937} INFO - Setting next_dagrun for example_python_operator to None
[2022-09-30 12:41:49,770] {processor.py:171} INFO - Processing /home/airflow/.local/lib/python3.7/site-packages/airflow/example_dags/example_python_operator.py took 0.105 seconds
[2022-09-30 12:42:19,977] {processor.py:163} INFO - Started process (PID=1194) to work on /home/airflow/.local/lib/python3.7/site-packages/airflow/example_dags/example_python_operator.py
[2022-09-30 12:42:19,979] {processor.py:642} INFO - Processing file /home/airflow/.local/lib/python3.7/site-packages/airflow/example_dags/example_python_operator.py for tasks to queue
[2022-09-30 12:42:19,980] {logging_mixin.py:109} INFO - [2022-09-30 12:42:19,980] {dagbag.py:500} INFO - Filling up the DagBag from /home/airflow/.local/lib/python3.7/site-packages/airflow/example_dags/example_python_operator.py
[2022-09-30 12:42:20,020] {processor.py:654} INFO - DAG(s) dict_keys(['example_python_operator']) retrieved from /home/airflow/.local/lib/python3.7/site-packages/airflow/example_dags/example_python_operator.py
[2022-09-30 12:42:20,034] {logging_mixin.py:109} INFO - [2022-09-30 12:42:20,034] {dag.py:2398} INFO - Sync 1 DAGs
[2022-09-30 12:42:20,052] {logging_mixin.py:109} INFO - [2022-09-30 12:42:20,052] {dag.py:2937} INFO - Setting next_dagrun for example_python_operator to None
[2022-09-30 12:42:20,066] {processor.py:171} INFO - Processing /home/airflow/.local/lib/python3.7/site-packages/airflow/example_dags/example_python_operator.py took 0.094 seconds
[2022-09-30 12:42:50,342] {processor.py:163} INFO - Started process (PID=1255) to work on /home/airflow/.local/lib/python3.7/site-packages/airflow/example_dags/example_python_operator.py
[2022-09-30 12:42:50,345] {processor.py:642} INFO - Processing file /home/airflow/.local/lib/python3.7/site-packages/airflow/example_dags/example_python_operator.py for tasks to queue
[2022-09-30 12:42:50,346] {logging_mixin.py:109} INFO - [2022-09-30 12:42:50,346] {dagbag.py:500} INFO - Filling up the DagBag from /home/airflow/.local/lib/python3.7/site-packages/airflow/example_dags/example_python_operator.py
[2022-09-30 12:42:50,391] {processor.py:654} INFO - DAG(s) dict_keys(['example_python_operator']) retrieved from /home/airflow/.local/lib/python3.7/site-packages/airflow/example_dags/example_python_operator.py
[2022-09-30 12:42:50,404] {logging_mixin.py:109} INFO - [2022-09-30 12:42:50,404] {dag.py:2398} INFO - Sync 1 DAGs
[2022-09-30 12:42:50,424] {logging_mixin.py:109} INFO - [2022-09-30 12:42:50,424] {dag.py:2937} INFO - Setting next_dagrun for example_python_operator to None
[2022-09-30 12:42:50,442] {processor.py:171} INFO - Processing /home/airflow/.local/lib/python3.7/site-packages/airflow/example_dags/example_python_operator.py took 0.105 seconds
[2022-09-30 12:43:21,380] {processor.py:163} INFO - Started process (PID=1307) to work on /home/airflow/.local/lib/python3.7/site-packages/airflow/example_dags/example_python_operator.py
[2022-09-30 12:43:21,383] {processor.py:642} INFO - Processing file /home/airflow/.local/lib/python3.7/site-packages/airflow/example_dags/example_python_operator.py for tasks to queue
[2022-09-30 12:43:21,384] {logging_mixin.py:109} INFO - [2022-09-30 12:43:21,384] {dagbag.py:500} INFO - Filling up the DagBag from /home/airflow/.local/lib/python3.7/site-packages/airflow/example_dags/example_python_operator.py
[2022-09-30 12:43:21,428] {processor.py:654} INFO - DAG(s) dict_keys(['example_python_operator']) retrieved from /home/airflow/.local/lib/python3.7/site-packages/airflow/example_dags/example_python_operator.py
[2022-09-30 12:43:21,443] {logging_mixin.py:109} INFO - [2022-09-30 12:43:21,443] {dag.py:2398} INFO - Sync 1 DAGs
[2022-09-30 12:43:21,459] {logging_mixin.py:109} INFO - [2022-09-30 12:43:21,459] {dag.py:2937} INFO - Setting next_dagrun for example_python_operator to None
[2022-09-30 12:43:21,470] {processor.py:171} INFO - Processing /home/airflow/.local/lib/python3.7/site-packages/airflow/example_dags/example_python_operator.py took 0.093 seconds
[2022-09-30 12:43:51,780] {processor.py:163} INFO - Started process (PID=1367) to work on /home/airflow/.local/lib/python3.7/site-packages/airflow/example_dags/example_python_operator.py
[2022-09-30 12:43:51,784] {processor.py:642} INFO - Processing file /home/airflow/.local/lib/python3.7/site-packages/airflow/example_dags/example_python_operator.py for tasks to queue
[2022-09-30 12:43:51,786] {logging_mixin.py:109} INFO - [2022-09-30 12:43:51,786] {dagbag.py:500} INFO - Filling up the DagBag from /home/airflow/.local/lib/python3.7/site-packages/airflow/example_dags/example_python_operator.py
[2022-09-30 12:43:51,826] {processor.py:654} INFO - DAG(s) dict_keys(['example_python_operator']) retrieved from /home/airflow/.local/lib/python3.7/site-packages/airflow/example_dags/example_python_operator.py
[2022-09-30 12:43:51,837] {logging_mixin.py:109} INFO - [2022-09-30 12:43:51,837] {dag.py:2398} INFO - Sync 1 DAGs
[2022-09-30 12:43:51,857] {logging_mixin.py:109} INFO - [2022-09-30 12:43:51,856] {dag.py:2937} INFO - Setting next_dagrun for example_python_operator to None
[2022-09-30 12:43:51,866] {processor.py:171} INFO - Processing /home/airflow/.local/lib/python3.7/site-packages/airflow/example_dags/example_python_operator.py took 0.098 seconds
[2022-09-30 12:44:21,960] {processor.py:163} INFO - Started process (PID=1418) to work on /home/airflow/.local/lib/python3.7/site-packages/airflow/example_dags/example_python_operator.py
[2022-09-30 12:44:21,963] {processor.py:642} INFO - Processing file /home/airflow/.local/lib/python3.7/site-packages/airflow/example_dags/example_python_operator.py for tasks to queue
[2022-09-30 12:44:21,965] {logging_mixin.py:109} INFO - [2022-09-30 12:44:21,965] {dagbag.py:500} INFO - Filling up the DagBag from /home/airflow/.local/lib/python3.7/site-packages/airflow/example_dags/example_python_operator.py
[2022-09-30 12:44:22,004] {processor.py:654} INFO - DAG(s) dict_keys(['example_python_operator']) retrieved from /home/airflow/.local/lib/python3.7/site-packages/airflow/example_dags/example_python_operator.py
[2022-09-30 12:44:22,018] {logging_mixin.py:109} INFO - [2022-09-30 12:44:22,018] {dag.py:2398} INFO - Sync 1 DAGs
[2022-09-30 12:44:22,032] {logging_mixin.py:109} INFO - [2022-09-30 12:44:22,032] {dag.py:2937} INFO - Setting next_dagrun for example_python_operator to None
[2022-09-30 12:44:22,042] {processor.py:171} INFO - Processing /home/airflow/.local/lib/python3.7/site-packages/airflow/example_dags/example_python_operator.py took 0.087 seconds
[2022-09-30 12:44:52,286] {processor.py:163} INFO - Started process (PID=1479) to work on /home/airflow/.local/lib/python3.7/site-packages/airflow/example_dags/example_python_operator.py
[2022-09-30 12:44:52,289] {processor.py:642} INFO - Processing file /home/airflow/.local/lib/python3.7/site-packages/airflow/example_dags/example_python_operator.py for tasks to queue
[2022-09-30 12:44:52,290] {logging_mixin.py:109} INFO - [2022-09-30 12:44:52,290] {dagbag.py:500} INFO - Filling up the DagBag from /home/airflow/.local/lib/python3.7/site-packages/airflow/example_dags/example_python_operator.py
[2022-09-30 12:44:52,330] {processor.py:654} INFO - DAG(s) dict_keys(['example_python_operator']) retrieved from /home/airflow/.local/lib/python3.7/site-packages/airflow/example_dags/example_python_operator.py
[2022-09-30 12:44:52,349] {logging_mixin.py:109} INFO - [2022-09-30 12:44:52,349] {dag.py:2398} INFO - Sync 1 DAGs
[2022-09-30 12:44:52,373] {logging_mixin.py:109} INFO - [2022-09-30 12:44:52,372] {dag.py:2937} INFO - Setting next_dagrun for example_python_operator to None
[2022-09-30 12:44:52,384] {processor.py:171} INFO - Processing /home/airflow/.local/lib/python3.7/site-packages/airflow/example_dags/example_python_operator.py took 0.103 seconds
[2022-09-30 12:45:22,791] {processor.py:163} INFO - Started process (PID=1530) to work on /home/airflow/.local/lib/python3.7/site-packages/airflow/example_dags/example_python_operator.py
[2022-09-30 12:45:22,793] {processor.py:642} INFO - Processing file /home/airflow/.local/lib/python3.7/site-packages/airflow/example_dags/example_python_operator.py for tasks to queue
[2022-09-30 12:45:22,795] {logging_mixin.py:109} INFO - [2022-09-30 12:45:22,794] {dagbag.py:500} INFO - Filling up the DagBag from /home/airflow/.local/lib/python3.7/site-packages/airflow/example_dags/example_python_operator.py
[2022-09-30 12:45:22,836] {processor.py:654} INFO - DAG(s) dict_keys(['example_python_operator']) retrieved from /home/airflow/.local/lib/python3.7/site-packages/airflow/example_dags/example_python_operator.py
[2022-09-30 12:45:22,848] {logging_mixin.py:109} INFO - [2022-09-30 12:45:22,848] {dag.py:2398} INFO - Sync 1 DAGs
[2022-09-30 12:45:22,864] {logging_mixin.py:109} INFO - [2022-09-30 12:45:22,864] {dag.py:2937} INFO - Setting next_dagrun for example_python_operator to None
[2022-09-30 12:45:22,880] {processor.py:171} INFO - Processing /home/airflow/.local/lib/python3.7/site-packages/airflow/example_dags/example_python_operator.py took 0.094 seconds
[2022-09-30 12:45:53,109] {processor.py:163} INFO - Started process (PID=1591) to work on /home/airflow/.local/lib/python3.7/site-packages/airflow/example_dags/example_python_operator.py
[2022-09-30 12:45:53,111] {processor.py:642} INFO - Processing file /home/airflow/.local/lib/python3.7/site-packages/airflow/example_dags/example_python_operator.py for tasks to queue
[2022-09-30 12:45:53,112] {logging_mixin.py:109} INFO - [2022-09-30 12:45:53,112] {dagbag.py:500} INFO - Filling up the DagBag from /home/airflow/.local/lib/python3.7/site-packages/airflow/example_dags/example_python_operator.py
[2022-09-30 12:45:53,150] {processor.py:654} INFO - DAG(s) dict_keys(['example_python_operator']) retrieved from /home/airflow/.local/lib/python3.7/site-packages/airflow/example_dags/example_python_operator.py
[2022-09-30 12:45:53,162] {logging_mixin.py:109} INFO - [2022-09-30 12:45:53,162] {dag.py:2398} INFO - Sync 1 DAGs
[2022-09-30 12:45:53,178] {logging_mixin.py:109} INFO - [2022-09-30 12:45:53,178] {dag.py:2937} INFO - Setting next_dagrun for example_python_operator to None
[2022-09-30 12:45:53,190] {processor.py:171} INFO - Processing /home/airflow/.local/lib/python3.7/site-packages/airflow/example_dags/example_python_operator.py took 0.084 seconds
[2022-09-30 12:46:23,640] {processor.py:163} INFO - Started process (PID=1641) to work on /home/airflow/.local/lib/python3.7/site-packages/airflow/example_dags/example_python_operator.py
[2022-09-30 12:46:23,643] {processor.py:642} INFO - Processing file /home/airflow/.local/lib/python3.7/site-packages/airflow/example_dags/example_python_operator.py for tasks to queue
[2022-09-30 12:46:23,644] {logging_mixin.py:109} INFO - [2022-09-30 12:46:23,644] {dagbag.py:500} INFO - Filling up the DagBag from /home/airflow/.local/lib/python3.7/site-packages/airflow/example_dags/example_python_operator.py
[2022-09-30 12:46:23,684] {processor.py:654} INFO - DAG(s) dict_keys(['example_python_operator']) retrieved from /home/airflow/.local/lib/python3.7/site-packages/airflow/example_dags/example_python_operator.py
[2022-09-30 12:46:23,697] {logging_mixin.py:109} INFO - [2022-09-30 12:46:23,697] {dag.py:2398} INFO - Sync 1 DAGs
[2022-09-30 12:46:23,712] {logging_mixin.py:109} INFO - [2022-09-30 12:46:23,712] {dag.py:2937} INFO - Setting next_dagrun for example_python_operator to None
[2022-09-30 12:46:23,722] {processor.py:171} INFO - Processing /home/airflow/.local/lib/python3.7/site-packages/airflow/example_dags/example_python_operator.py took 0.088 seconds
[2022-09-30 12:46:54,043] {processor.py:163} INFO - Started process (PID=1700) to work on /home/airflow/.local/lib/python3.7/site-packages/airflow/example_dags/example_python_operator.py
[2022-09-30 12:46:54,046] {processor.py:642} INFO - Processing file /home/airflow/.local/lib/python3.7/site-packages/airflow/example_dags/example_python_operator.py for tasks to queue
[2022-09-30 12:46:54,049] {logging_mixin.py:109} INFO - [2022-09-30 12:46:54,048] {dagbag.py:500} INFO - Filling up the DagBag from /home/airflow/.local/lib/python3.7/site-packages/airflow/example_dags/example_python_operator.py
[2022-09-30 12:46:54,121] {processor.py:654} INFO - DAG(s) dict_keys(['example_python_operator']) retrieved from /home/airflow/.local/lib/python3.7/site-packages/airflow/example_dags/example_python_operator.py
[2022-09-30 12:46:54,136] {logging_mixin.py:109} INFO - [2022-09-30 12:46:54,135] {dag.py:2398} INFO - Sync 1 DAGs
[2022-09-30 12:46:54,154] {logging_mixin.py:109} INFO - [2022-09-30 12:46:54,154] {dag.py:2937} INFO - Setting next_dagrun for example_python_operator to None
[2022-09-30 12:46:54,174] {processor.py:171} INFO - Processing /home/airflow/.local/lib/python3.7/site-packages/airflow/example_dags/example_python_operator.py took 0.135 seconds
[2022-09-30 12:47:24,681] {processor.py:163} INFO - Started process (PID=1754) to work on /home/airflow/.local/lib/python3.7/site-packages/airflow/example_dags/example_python_operator.py
[2022-09-30 12:47:24,684] {processor.py:642} INFO - Processing file /home/airflow/.local/lib/python3.7/site-packages/airflow/example_dags/example_python_operator.py for tasks to queue
[2022-09-30 12:47:24,685] {logging_mixin.py:109} INFO - [2022-09-30 12:47:24,685] {dagbag.py:500} INFO - Filling up the DagBag from /home/airflow/.local/lib/python3.7/site-packages/airflow/example_dags/example_python_operator.py
[2022-09-30 12:47:24,723] {processor.py:654} INFO - DAG(s) dict_keys(['example_python_operator']) retrieved from /home/airflow/.local/lib/python3.7/site-packages/airflow/example_dags/example_python_operator.py
[2022-09-30 12:47:24,734] {logging_mixin.py:109} INFO - [2022-09-30 12:47:24,733] {dag.py:2398} INFO - Sync 1 DAGs
[2022-09-30 12:47:24,751] {logging_mixin.py:109} INFO - [2022-09-30 12:47:24,751] {dag.py:2937} INFO - Setting next_dagrun for example_python_operator to None
[2022-09-30 12:47:24,764] {processor.py:171} INFO - Processing /home/airflow/.local/lib/python3.7/site-packages/airflow/example_dags/example_python_operator.py took 0.088 seconds
[2022-09-30 12:47:55,296] {processor.py:163} INFO - Started process (PID=1805) to work on /home/airflow/.local/lib/python3.7/site-packages/airflow/example_dags/example_python_operator.py
[2022-09-30 12:47:55,301] {processor.py:642} INFO - Processing file /home/airflow/.local/lib/python3.7/site-packages/airflow/example_dags/example_python_operator.py for tasks to queue
[2022-09-30 12:47:55,304] {logging_mixin.py:109} INFO - [2022-09-30 12:47:55,303] {dagbag.py:500} INFO - Filling up the DagBag from /home/airflow/.local/lib/python3.7/site-packages/airflow/example_dags/example_python_operator.py
[2022-09-30 12:47:55,350] {processor.py:654} INFO - DAG(s) dict_keys(['example_python_operator']) retrieved from /home/airflow/.local/lib/python3.7/site-packages/airflow/example_dags/example_python_operator.py
[2022-09-30 12:47:55,365] {logging_mixin.py:109} INFO - [2022-09-30 12:47:55,365] {dag.py:2398} INFO - Sync 1 DAGs
[2022-09-30 12:47:55,385] {logging_mixin.py:109} INFO - [2022-09-30 12:47:55,385] {dag.py:2937} INFO - Setting next_dagrun for example_python_operator to None
[2022-09-30 12:47:55,397] {processor.py:171} INFO - Processing /home/airflow/.local/lib/python3.7/site-packages/airflow/example_dags/example_python_operator.py took 0.115 seconds
[2022-09-30 12:48:25,831] {processor.py:163} INFO - Started process (PID=1866) to work on /home/airflow/.local/lib/python3.7/site-packages/airflow/example_dags/example_python_operator.py
[2022-09-30 12:48:25,834] {processor.py:642} INFO - Processing file /home/airflow/.local/lib/python3.7/site-packages/airflow/example_dags/example_python_operator.py for tasks to queue
[2022-09-30 12:48:25,836] {logging_mixin.py:109} INFO - [2022-09-30 12:48:25,835] {dagbag.py:500} INFO - Filling up the DagBag from /home/airflow/.local/lib/python3.7/site-packages/airflow/example_dags/example_python_operator.py
[2022-09-30 12:48:25,874] {processor.py:654} INFO - DAG(s) dict_keys(['example_python_operator']) retrieved from /home/airflow/.local/lib/python3.7/site-packages/airflow/example_dags/example_python_operator.py
[2022-09-30 12:48:25,885] {logging_mixin.py:109} INFO - [2022-09-30 12:48:25,885] {dag.py:2398} INFO - Sync 1 DAGs
[2022-09-30 12:48:25,902] {logging_mixin.py:109} INFO - [2022-09-30 12:48:25,901] {dag.py:2937} INFO - Setting next_dagrun for example_python_operator to None
[2022-09-30 12:48:25,914] {processor.py:171} INFO - Processing /home/airflow/.local/lib/python3.7/site-packages/airflow/example_dags/example_python_operator.py took 0.088 seconds
[2022-09-30 12:48:56,246] {processor.py:163} INFO - Started process (PID=1918) to work on /home/airflow/.local/lib/python3.7/site-packages/airflow/example_dags/example_python_operator.py
[2022-09-30 12:48:56,249] {processor.py:642} INFO - Processing file /home/airflow/.local/lib/python3.7/site-packages/airflow/example_dags/example_python_operator.py for tasks to queue
[2022-09-30 12:48:56,251] {logging_mixin.py:109} INFO - [2022-09-30 12:48:56,251] {dagbag.py:500} INFO - Filling up the DagBag from /home/airflow/.local/lib/python3.7/site-packages/airflow/example_dags/example_python_operator.py
[2022-09-30 12:48:56,294] {processor.py:654} INFO - DAG(s) dict_keys(['example_python_operator']) retrieved from /home/airflow/.local/lib/python3.7/site-packages/airflow/example_dags/example_python_operator.py
[2022-09-30 12:48:56,305] {logging_mixin.py:109} INFO - [2022-09-30 12:48:56,305] {dag.py:2398} INFO - Sync 1 DAGs
[2022-09-30 12:48:56,320] {logging_mixin.py:109} INFO - [2022-09-30 12:48:56,320] {dag.py:2937} INFO - Setting next_dagrun for example_python_operator to None
[2022-09-30 12:48:56,331] {processor.py:171} INFO - Processing /home/airflow/.local/lib/python3.7/site-packages/airflow/example_dags/example_python_operator.py took 0.093 seconds
[2022-09-30 12:49:26,574] {processor.py:163} INFO - Started process (PID=1978) to work on /home/airflow/.local/lib/python3.7/site-packages/airflow/example_dags/example_python_operator.py
[2022-09-30 12:49:26,577] {processor.py:642} INFO - Processing file /home/airflow/.local/lib/python3.7/site-packages/airflow/example_dags/example_python_operator.py for tasks to queue
[2022-09-30 12:49:26,578] {logging_mixin.py:109} INFO - [2022-09-30 12:49:26,578] {dagbag.py:500} INFO - Filling up the DagBag from /home/airflow/.local/lib/python3.7/site-packages/airflow/example_dags/example_python_operator.py
[2022-09-30 12:49:26,622] {processor.py:654} INFO - DAG(s) dict_keys(['example_python_operator']) retrieved from /home/airflow/.local/lib/python3.7/site-packages/airflow/example_dags/example_python_operator.py
[2022-09-30 12:49:26,637] {logging_mixin.py:109} INFO - [2022-09-30 12:49:26,637] {dag.py:2398} INFO - Sync 1 DAGs
[2022-09-30 12:49:26,655] {logging_mixin.py:109} INFO - [2022-09-30 12:49:26,655] {dag.py:2937} INFO - Setting next_dagrun for example_python_operator to None
[2022-09-30 12:49:26,668] {processor.py:171} INFO - Processing /home/airflow/.local/lib/python3.7/site-packages/airflow/example_dags/example_python_operator.py took 0.098 seconds
[2022-09-30 12:49:56,996] {processor.py:163} INFO - Started process (PID=2030) to work on /home/airflow/.local/lib/python3.7/site-packages/airflow/example_dags/example_python_operator.py
[2022-09-30 12:49:56,998] {processor.py:642} INFO - Processing file /home/airflow/.local/lib/python3.7/site-packages/airflow/example_dags/example_python_operator.py for tasks to queue
[2022-09-30 12:49:57,000] {logging_mixin.py:109} INFO - [2022-09-30 12:49:57,000] {dagbag.py:500} INFO - Filling up the DagBag from /home/airflow/.local/lib/python3.7/site-packages/airflow/example_dags/example_python_operator.py
[2022-09-30 12:49:57,043] {processor.py:654} INFO - DAG(s) dict_keys(['example_python_operator']) retrieved from /home/airflow/.local/lib/python3.7/site-packages/airflow/example_dags/example_python_operator.py
[2022-09-30 12:49:57,055] {logging_mixin.py:109} INFO - [2022-09-30 12:49:57,055] {dag.py:2398} INFO - Sync 1 DAGs
[2022-09-30 12:49:57,070] {logging_mixin.py:109} INFO - [2022-09-30 12:49:57,070] {dag.py:2937} INFO - Setting next_dagrun for example_python_operator to None
[2022-09-30 12:49:57,081] {processor.py:171} INFO - Processing /home/airflow/.local/lib/python3.7/site-packages/airflow/example_dags/example_python_operator.py took 0.092 seconds
[2022-09-30 12:50:27,449] {processor.py:163} INFO - Started process (PID=2090) to work on /home/airflow/.local/lib/python3.7/site-packages/airflow/example_dags/example_python_operator.py
[2022-09-30 12:50:27,452] {processor.py:642} INFO - Processing file /home/airflow/.local/lib/python3.7/site-packages/airflow/example_dags/example_python_operator.py for tasks to queue
[2022-09-30 12:50:27,453] {logging_mixin.py:109} INFO - [2022-09-30 12:50:27,453] {dagbag.py:500} INFO - Filling up the DagBag from /home/airflow/.local/lib/python3.7/site-packages/airflow/example_dags/example_python_operator.py
[2022-09-30 12:50:27,497] {processor.py:654} INFO - DAG(s) dict_keys(['example_python_operator']) retrieved from /home/airflow/.local/lib/python3.7/site-packages/airflow/example_dags/example_python_operator.py
[2022-09-30 12:50:27,509] {logging_mixin.py:109} INFO - [2022-09-30 12:50:27,509] {dag.py:2398} INFO - Sync 1 DAGs
[2022-09-30 12:50:27,529] {logging_mixin.py:109} INFO - [2022-09-30 12:50:27,528] {dag.py:2937} INFO - Setting next_dagrun for example_python_operator to None
[2022-09-30 12:50:27,544] {processor.py:171} INFO - Processing /home/airflow/.local/lib/python3.7/site-packages/airflow/example_dags/example_python_operator.py took 0.099 seconds
[2022-09-30 12:50:57,952] {processor.py:163} INFO - Started process (PID=2142) to work on /home/airflow/.local/lib/python3.7/site-packages/airflow/example_dags/example_python_operator.py
[2022-09-30 12:50:57,954] {processor.py:642} INFO - Processing file /home/airflow/.local/lib/python3.7/site-packages/airflow/example_dags/example_python_operator.py for tasks to queue
[2022-09-30 12:50:57,956] {logging_mixin.py:109} INFO - [2022-09-30 12:50:57,956] {dagbag.py:500} INFO - Filling up the DagBag from /home/airflow/.local/lib/python3.7/site-packages/airflow/example_dags/example_python_operator.py
[2022-09-30 12:50:58,003] {processor.py:654} INFO - DAG(s) dict_keys(['example_python_operator']) retrieved from /home/airflow/.local/lib/python3.7/site-packages/airflow/example_dags/example_python_operator.py
[2022-09-30 12:50:58,021] {logging_mixin.py:109} INFO - [2022-09-30 12:50:58,020] {dag.py:2398} INFO - Sync 1 DAGs
[2022-09-30 12:50:58,037] {logging_mixin.py:109} INFO - [2022-09-30 12:50:58,037] {dag.py:2937} INFO - Setting next_dagrun for example_python_operator to None
[2022-09-30 12:50:58,050] {processor.py:171} INFO - Processing /home/airflow/.local/lib/python3.7/site-packages/airflow/example_dags/example_python_operator.py took 0.104 seconds
[2022-09-30 12:51:28,928] {processor.py:163} INFO - Started process (PID=2202) to work on /home/airflow/.local/lib/python3.7/site-packages/airflow/example_dags/example_python_operator.py
[2022-09-30 12:51:28,931] {processor.py:642} INFO - Processing file /home/airflow/.local/lib/python3.7/site-packages/airflow/example_dags/example_python_operator.py for tasks to queue
[2022-09-30 12:51:28,934] {logging_mixin.py:109} INFO - [2022-09-30 12:51:28,934] {dagbag.py:500} INFO - Filling up the DagBag from /home/airflow/.local/lib/python3.7/site-packages/airflow/example_dags/example_python_operator.py
[2022-09-30 12:51:28,985] {processor.py:654} INFO - DAG(s) dict_keys(['example_python_operator']) retrieved from /home/airflow/.local/lib/python3.7/site-packages/airflow/example_dags/example_python_operator.py
[2022-09-30 12:51:29,001] {logging_mixin.py:109} INFO - [2022-09-30 12:51:29,001] {dag.py:2398} INFO - Sync 1 DAGs
[2022-09-30 12:51:29,022] {logging_mixin.py:109} INFO - [2022-09-30 12:51:29,022] {dag.py:2937} INFO - Setting next_dagrun for example_python_operator to None
[2022-09-30 12:51:29,034] {processor.py:171} INFO - Processing /home/airflow/.local/lib/python3.7/site-packages/airflow/example_dags/example_python_operator.py took 0.114 seconds
[2022-09-30 12:54:36,850] {processor.py:163} INFO - Started process (PID=2260) to work on /home/airflow/.local/lib/python3.7/site-packages/airflow/example_dags/example_python_operator.py
[2022-09-30 12:54:36,853] {processor.py:642} INFO - Processing file /home/airflow/.local/lib/python3.7/site-packages/airflow/example_dags/example_python_operator.py for tasks to queue
[2022-09-30 12:54:36,855] {logging_mixin.py:109} INFO - [2022-09-30 12:54:36,855] {dagbag.py:500} INFO - Filling up the DagBag from /home/airflow/.local/lib/python3.7/site-packages/airflow/example_dags/example_python_operator.py
[2022-09-30 12:54:36,899] {processor.py:654} INFO - DAG(s) dict_keys(['example_python_operator']) retrieved from /home/airflow/.local/lib/python3.7/site-packages/airflow/example_dags/example_python_operator.py
[2022-09-30 12:54:36,913] {logging_mixin.py:109} INFO - [2022-09-30 12:54:36,913] {dag.py:2398} INFO - Sync 1 DAGs
[2022-09-30 12:54:36,933] {logging_mixin.py:109} INFO - [2022-09-30 12:54:36,933] {dag.py:2937} INFO - Setting next_dagrun for example_python_operator to None
[2022-09-30 12:54:36,947] {processor.py:171} INFO - Processing /home/airflow/.local/lib/python3.7/site-packages/airflow/example_dags/example_python_operator.py took 0.102 seconds
[2022-09-30 12:59:38,615] {processor.py:163} INFO - Started process (PID=2315) to work on /home/airflow/.local/lib/python3.7/site-packages/airflow/example_dags/example_python_operator.py
[2022-09-30 12:59:38,619] {processor.py:642} INFO - Processing file /home/airflow/.local/lib/python3.7/site-packages/airflow/example_dags/example_python_operator.py for tasks to queue
[2022-09-30 12:59:38,621] {logging_mixin.py:109} INFO - [2022-09-30 12:59:38,620] {dagbag.py:500} INFO - Filling up the DagBag from /home/airflow/.local/lib/python3.7/site-packages/airflow/example_dags/example_python_operator.py
[2022-09-30 12:59:38,707] {processor.py:654} INFO - DAG(s) dict_keys(['example_python_operator']) retrieved from /home/airflow/.local/lib/python3.7/site-packages/airflow/example_dags/example_python_operator.py
[2022-09-30 12:59:38,730] {logging_mixin.py:109} INFO - [2022-09-30 12:59:38,729] {dag.py:2398} INFO - Sync 1 DAGs
[2022-09-30 12:59:38,755] {logging_mixin.py:109} INFO - [2022-09-30 12:59:38,755] {dag.py:2937} INFO - Setting next_dagrun for example_python_operator to None
[2022-09-30 12:59:38,767] {processor.py:171} INFO - Processing /home/airflow/.local/lib/python3.7/site-packages/airflow/example_dags/example_python_operator.py took 0.157 seconds
[2022-09-30 13:03:13,642] {processor.py:163} INFO - Started process (PID=2388) to work on /home/airflow/.local/lib/python3.7/site-packages/airflow/example_dags/example_python_operator.py
[2022-09-30 13:03:13,655] {processor.py:642} INFO - Processing file /home/airflow/.local/lib/python3.7/site-packages/airflow/example_dags/example_python_operator.py for tasks to queue
[2022-09-30 13:03:13,661] {logging_mixin.py:109} INFO - [2022-09-30 13:03:13,661] {dagbag.py:500} INFO - Filling up the DagBag from /home/airflow/.local/lib/python3.7/site-packages/airflow/example_dags/example_python_operator.py
[2022-09-30 13:03:13,738] {processor.py:654} INFO - DAG(s) dict_keys(['example_python_operator']) retrieved from /home/airflow/.local/lib/python3.7/site-packages/airflow/example_dags/example_python_operator.py
[2022-09-30 13:03:13,772] {logging_mixin.py:109} INFO - [2022-09-30 13:03:13,772] {dag.py:2398} INFO - Sync 1 DAGs
[2022-09-30 13:03:13,796] {logging_mixin.py:109} INFO - [2022-09-30 13:03:13,796] {dag.py:2937} INFO - Setting next_dagrun for example_python_operator to None
[2022-09-30 13:03:13,827] {processor.py:171} INFO - Processing /home/airflow/.local/lib/python3.7/site-packages/airflow/example_dags/example_python_operator.py took 0.189 seconds
[2022-09-30 13:03:43,904] {processor.py:163} INFO - Started process (PID=2440) to work on /home/airflow/.local/lib/python3.7/site-packages/airflow/example_dags/example_python_operator.py
[2022-09-30 13:03:43,906] {processor.py:642} INFO - Processing file /home/airflow/.local/lib/python3.7/site-packages/airflow/example_dags/example_python_operator.py for tasks to queue
[2022-09-30 13:03:43,908] {logging_mixin.py:109} INFO - [2022-09-30 13:03:43,908] {dagbag.py:500} INFO - Filling up the DagBag from /home/airflow/.local/lib/python3.7/site-packages/airflow/example_dags/example_python_operator.py
[2022-09-30 13:03:43,944] {processor.py:654} INFO - DAG(s) dict_keys(['example_python_operator']) retrieved from /home/airflow/.local/lib/python3.7/site-packages/airflow/example_dags/example_python_operator.py
[2022-09-30 13:03:43,955] {logging_mixin.py:109} INFO - [2022-09-30 13:03:43,955] {dag.py:2398} INFO - Sync 1 DAGs
[2022-09-30 13:03:43,970] {logging_mixin.py:109} INFO - [2022-09-30 13:03:43,970] {dag.py:2937} INFO - Setting next_dagrun for example_python_operator to None
[2022-09-30 13:03:43,982] {processor.py:171} INFO - Processing /home/airflow/.local/lib/python3.7/site-packages/airflow/example_dags/example_python_operator.py took 0.082 seconds
[2022-09-30 13:04:14,656] {processor.py:163} INFO - Started process (PID=2501) to work on /home/airflow/.local/lib/python3.7/site-packages/airflow/example_dags/example_python_operator.py
[2022-09-30 13:04:14,658] {processor.py:642} INFO - Processing file /home/airflow/.local/lib/python3.7/site-packages/airflow/example_dags/example_python_operator.py for tasks to queue
[2022-09-30 13:04:14,659] {logging_mixin.py:109} INFO - [2022-09-30 13:04:14,659] {dagbag.py:500} INFO - Filling up the DagBag from /home/airflow/.local/lib/python3.7/site-packages/airflow/example_dags/example_python_operator.py
[2022-09-30 13:04:14,711] {processor.py:654} INFO - DAG(s) dict_keys(['example_python_operator']) retrieved from /home/airflow/.local/lib/python3.7/site-packages/airflow/example_dags/example_python_operator.py
[2022-09-30 13:04:14,726] {logging_mixin.py:109} INFO - [2022-09-30 13:04:14,726] {dag.py:2398} INFO - Sync 1 DAGs
[2022-09-30 13:04:14,745] {logging_mixin.py:109} INFO - [2022-09-30 13:04:14,744] {dag.py:2937} INFO - Setting next_dagrun for example_python_operator to None
[2022-09-30 13:04:14,761] {processor.py:171} INFO - Processing /home/airflow/.local/lib/python3.7/site-packages/airflow/example_dags/example_python_operator.py took 0.110 seconds
[2022-09-30 13:04:45,243] {processor.py:163} INFO - Started process (PID=2552) to work on /home/airflow/.local/lib/python3.7/site-packages/airflow/example_dags/example_python_operator.py
[2022-09-30 13:04:45,246] {processor.py:642} INFO - Processing file /home/airflow/.local/lib/python3.7/site-packages/airflow/example_dags/example_python_operator.py for tasks to queue
[2022-09-30 13:04:45,248] {logging_mixin.py:109} INFO - [2022-09-30 13:04:45,248] {dagbag.py:500} INFO - Filling up the DagBag from /home/airflow/.local/lib/python3.7/site-packages/airflow/example_dags/example_python_operator.py
[2022-09-30 13:04:45,288] {processor.py:654} INFO - DAG(s) dict_keys(['example_python_operator']) retrieved from /home/airflow/.local/lib/python3.7/site-packages/airflow/example_dags/example_python_operator.py
[2022-09-30 13:04:45,302] {logging_mixin.py:109} INFO - [2022-09-30 13:04:45,302] {dag.py:2398} INFO - Sync 1 DAGs
[2022-09-30 13:04:45,318] {logging_mixin.py:109} INFO - [2022-09-30 13:04:45,318] {dag.py:2937} INFO - Setting next_dagrun for example_python_operator to None
[2022-09-30 13:04:45,330] {processor.py:171} INFO - Processing /home/airflow/.local/lib/python3.7/site-packages/airflow/example_dags/example_python_operator.py took 0.091 seconds
[2022-09-30 13:05:15,688] {processor.py:163} INFO - Started process (PID=2612) to work on /home/airflow/.local/lib/python3.7/site-packages/airflow/example_dags/example_python_operator.py
[2022-09-30 13:05:15,689] {processor.py:642} INFO - Processing file /home/airflow/.local/lib/python3.7/site-packages/airflow/example_dags/example_python_operator.py for tasks to queue
[2022-09-30 13:05:15,691] {logging_mixin.py:109} INFO - [2022-09-30 13:05:15,691] {dagbag.py:500} INFO - Filling up the DagBag from /home/airflow/.local/lib/python3.7/site-packages/airflow/example_dags/example_python_operator.py
[2022-09-30 13:05:15,726] {processor.py:654} INFO - DAG(s) dict_keys(['example_python_operator']) retrieved from /home/airflow/.local/lib/python3.7/site-packages/airflow/example_dags/example_python_operator.py
[2022-09-30 13:05:15,737] {logging_mixin.py:109} INFO - [2022-09-30 13:05:15,737] {dag.py:2398} INFO - Sync 1 DAGs
[2022-09-30 13:05:15,750] {logging_mixin.py:109} INFO - [2022-09-30 13:05:15,750] {dag.py:2937} INFO - Setting next_dagrun for example_python_operator to None
[2022-09-30 13:05:15,760] {processor.py:171} INFO - Processing /home/airflow/.local/lib/python3.7/site-packages/airflow/example_dags/example_python_operator.py took 0.076 seconds
[2022-09-30 13:05:46,164] {processor.py:163} INFO - Started process (PID=2664) to work on /home/airflow/.local/lib/python3.7/site-packages/airflow/example_dags/example_python_operator.py
[2022-09-30 13:05:46,167] {processor.py:642} INFO - Processing file /home/airflow/.local/lib/python3.7/site-packages/airflow/example_dags/example_python_operator.py for tasks to queue
[2022-09-30 13:05:46,169] {logging_mixin.py:109} INFO - [2022-09-30 13:05:46,169] {dagbag.py:500} INFO - Filling up the DagBag from /home/airflow/.local/lib/python3.7/site-packages/airflow/example_dags/example_python_operator.py
[2022-09-30 13:05:46,218] {processor.py:654} INFO - DAG(s) dict_keys(['example_python_operator']) retrieved from /home/airflow/.local/lib/python3.7/site-packages/airflow/example_dags/example_python_operator.py
[2022-09-30 13:05:46,230] {logging_mixin.py:109} INFO - [2022-09-30 13:05:46,230] {dag.py:2398} INFO - Sync 1 DAGs
[2022-09-30 13:05:46,249] {logging_mixin.py:109} INFO - [2022-09-30 13:05:46,249] {dag.py:2937} INFO - Setting next_dagrun for example_python_operator to None
[2022-09-30 13:05:46,261] {processor.py:171} INFO - Processing /home/airflow/.local/lib/python3.7/site-packages/airflow/example_dags/example_python_operator.py took 0.103 seconds
