[2022-09-30 12:32:57,381] {processor.py:163} INFO - Started process (PID=157) to work on /home/airflow/.local/lib/python3.7/site-packages/airflow/example_dags/example_bash_operator.py
[2022-09-30 12:32:57,385] {processor.py:642} INFO - Processing file /home/airflow/.local/lib/python3.7/site-packages/airflow/example_dags/example_bash_operator.py for tasks to queue
[2022-09-30 12:32:57,387] {logging_mixin.py:109} INFO - [2022-09-30 12:32:57,386] {dagbag.py:500} INFO - Filling up the DagBag from /home/airflow/.local/lib/python3.7/site-packages/airflow/example_dags/example_bash_operator.py
[2022-09-30 12:32:57,429] {processor.py:654} INFO - DAG(s) dict_keys(['example_bash_operator']) retrieved from /home/airflow/.local/lib/python3.7/site-packages/airflow/example_dags/example_bash_operator.py
[2022-09-30 12:32:59,274] {logging_mixin.py:109} INFO - [2022-09-30 12:32:59,274] {manager.py:496} INFO - Created Permission View: can edit on DAG:example_bash_operator
[2022-09-30 12:32:59,290] {logging_mixin.py:109} INFO - [2022-09-30 12:32:59,290] {manager.py:496} INFO - Created Permission View: can read on DAG:example_bash_operator
[2022-09-30 12:32:59,291] {logging_mixin.py:109} INFO - [2022-09-30 12:32:59,291] {dag.py:2398} INFO - Sync 1 DAGs
[2022-09-30 12:32:59,300] {logging_mixin.py:109} INFO - [2022-09-30 12:32:59,300] {dag.py:2417} INFO - Creating ORM DAG for example_bash_operator
[2022-09-30 12:32:59,315] {logging_mixin.py:109} INFO - [2022-09-30 12:32:59,315] {dag.py:2937} INFO - Setting next_dagrun for example_bash_operator to 2022-09-29 00:00:00+00:00
[2022-09-30 12:32:59,338] {processor.py:171} INFO - Processing /home/airflow/.local/lib/python3.7/site-packages/airflow/example_dags/example_bash_operator.py took 1.962 seconds
[2022-09-30 12:33:30,179] {processor.py:163} INFO - Started process (PID=259) to work on /home/airflow/.local/lib/python3.7/site-packages/airflow/example_dags/example_bash_operator.py
[2022-09-30 12:33:30,186] {processor.py:642} INFO - Processing file /home/airflow/.local/lib/python3.7/site-packages/airflow/example_dags/example_bash_operator.py for tasks to queue
[2022-09-30 12:33:30,195] {logging_mixin.py:109} INFO - [2022-09-30 12:33:30,195] {dagbag.py:500} INFO - Filling up the DagBag from /home/airflow/.local/lib/python3.7/site-packages/airflow/example_dags/example_bash_operator.py
[2022-09-30 12:33:30,393] {processor.py:654} INFO - DAG(s) dict_keys(['example_bash_operator']) retrieved from /home/airflow/.local/lib/python3.7/site-packages/airflow/example_dags/example_bash_operator.py
[2022-09-30 12:33:30,485] {logging_mixin.py:109} INFO - [2022-09-30 12:33:30,484] {dag.py:2398} INFO - Sync 1 DAGs
[2022-09-30 12:33:30,622] {logging_mixin.py:109} INFO - [2022-09-30 12:33:30,622] {dag.py:2937} INFO - Setting next_dagrun for example_bash_operator to 2022-09-29 00:00:00+00:00
[2022-09-30 12:33:30,683] {processor.py:171} INFO - Processing /home/airflow/.local/lib/python3.7/site-packages/airflow/example_dags/example_bash_operator.py took 0.529 seconds
[2022-09-30 12:34:01,610] {processor.py:163} INFO - Started process (PID=303) to work on /home/airflow/.local/lib/python3.7/site-packages/airflow/example_dags/example_bash_operator.py
[2022-09-30 12:34:01,618] {processor.py:642} INFO - Processing file /home/airflow/.local/lib/python3.7/site-packages/airflow/example_dags/example_bash_operator.py for tasks to queue
[2022-09-30 12:34:01,620] {logging_mixin.py:109} INFO - [2022-09-30 12:34:01,619] {dagbag.py:500} INFO - Filling up the DagBag from /home/airflow/.local/lib/python3.7/site-packages/airflow/example_dags/example_bash_operator.py
[2022-09-30 12:34:01,675] {processor.py:654} INFO - DAG(s) dict_keys(['example_bash_operator']) retrieved from /home/airflow/.local/lib/python3.7/site-packages/airflow/example_dags/example_bash_operator.py
[2022-09-30 12:34:01,687] {logging_mixin.py:109} INFO - [2022-09-30 12:34:01,687] {dag.py:2398} INFO - Sync 1 DAGs
[2022-09-30 12:34:01,724] {logging_mixin.py:109} INFO - [2022-09-30 12:34:01,723] {dag.py:2937} INFO - Setting next_dagrun for example_bash_operator to 2022-09-29 00:00:00+00:00
[2022-09-30 12:34:01,739] {processor.py:171} INFO - Processing /home/airflow/.local/lib/python3.7/site-packages/airflow/example_dags/example_bash_operator.py took 0.137 seconds
[2022-09-30 12:34:32,064] {processor.py:163} INFO - Started process (PID=363) to work on /home/airflow/.local/lib/python3.7/site-packages/airflow/example_dags/example_bash_operator.py
[2022-09-30 12:34:32,085] {processor.py:642} INFO - Processing file /home/airflow/.local/lib/python3.7/site-packages/airflow/example_dags/example_bash_operator.py for tasks to queue
[2022-09-30 12:34:32,088] {logging_mixin.py:109} INFO - [2022-09-30 12:34:32,088] {dagbag.py:500} INFO - Filling up the DagBag from /home/airflow/.local/lib/python3.7/site-packages/airflow/example_dags/example_bash_operator.py
[2022-09-30 12:34:32,142] {processor.py:654} INFO - DAG(s) dict_keys(['example_bash_operator']) retrieved from /home/airflow/.local/lib/python3.7/site-packages/airflow/example_dags/example_bash_operator.py
[2022-09-30 12:34:32,162] {logging_mixin.py:109} INFO - [2022-09-30 12:34:32,162] {dag.py:2398} INFO - Sync 1 DAGs
[2022-09-30 12:34:32,186] {logging_mixin.py:109} INFO - [2022-09-30 12:34:32,186] {dag.py:2937} INFO - Setting next_dagrun for example_bash_operator to 2022-09-29 00:00:00+00:00
[2022-09-30 12:34:32,209] {processor.py:171} INFO - Processing /home/airflow/.local/lib/python3.7/site-packages/airflow/example_dags/example_bash_operator.py took 0.150 seconds
[2022-09-30 12:35:03,012] {processor.py:163} INFO - Started process (PID=414) to work on /home/airflow/.local/lib/python3.7/site-packages/airflow/example_dags/example_bash_operator.py
[2022-09-30 12:35:03,015] {processor.py:642} INFO - Processing file /home/airflow/.local/lib/python3.7/site-packages/airflow/example_dags/example_bash_operator.py for tasks to queue
[2022-09-30 12:35:03,017] {logging_mixin.py:109} INFO - [2022-09-30 12:35:03,017] {dagbag.py:500} INFO - Filling up the DagBag from /home/airflow/.local/lib/python3.7/site-packages/airflow/example_dags/example_bash_operator.py
[2022-09-30 12:35:03,057] {processor.py:654} INFO - DAG(s) dict_keys(['example_bash_operator']) retrieved from /home/airflow/.local/lib/python3.7/site-packages/airflow/example_dags/example_bash_operator.py
[2022-09-30 12:35:03,074] {logging_mixin.py:109} INFO - [2022-09-30 12:35:03,074] {dag.py:2398} INFO - Sync 1 DAGs
[2022-09-30 12:35:03,098] {logging_mixin.py:109} INFO - [2022-09-30 12:35:03,098] {dag.py:2937} INFO - Setting next_dagrun for example_bash_operator to 2022-09-29 00:00:00+00:00
[2022-09-30 12:35:03,113] {processor.py:171} INFO - Processing /home/airflow/.local/lib/python3.7/site-packages/airflow/example_dags/example_bash_operator.py took 0.106 seconds
[2022-09-30 12:35:33,391] {processor.py:163} INFO - Started process (PID=464) to work on /home/airflow/.local/lib/python3.7/site-packages/airflow/example_dags/example_bash_operator.py
[2022-09-30 12:35:33,394] {processor.py:642} INFO - Processing file /home/airflow/.local/lib/python3.7/site-packages/airflow/example_dags/example_bash_operator.py for tasks to queue
[2022-09-30 12:35:33,396] {logging_mixin.py:109} INFO - [2022-09-30 12:35:33,396] {dagbag.py:500} INFO - Filling up the DagBag from /home/airflow/.local/lib/python3.7/site-packages/airflow/example_dags/example_bash_operator.py
[2022-09-30 12:35:33,432] {processor.py:654} INFO - DAG(s) dict_keys(['example_bash_operator']) retrieved from /home/airflow/.local/lib/python3.7/site-packages/airflow/example_dags/example_bash_operator.py
[2022-09-30 12:35:33,443] {logging_mixin.py:109} INFO - [2022-09-30 12:35:33,443] {dag.py:2398} INFO - Sync 1 DAGs
[2022-09-30 12:35:33,459] {logging_mixin.py:109} INFO - [2022-09-30 12:35:33,459] {dag.py:2937} INFO - Setting next_dagrun for example_bash_operator to 2022-09-29 00:00:00+00:00
[2022-09-30 12:35:33,469] {processor.py:171} INFO - Processing /home/airflow/.local/lib/python3.7/site-packages/airflow/example_dags/example_bash_operator.py took 0.082 seconds
[2022-09-30 12:36:03,582] {processor.py:163} INFO - Started process (PID=527) to work on /home/airflow/.local/lib/python3.7/site-packages/airflow/example_dags/example_bash_operator.py
[2022-09-30 12:36:03,586] {processor.py:642} INFO - Processing file /home/airflow/.local/lib/python3.7/site-packages/airflow/example_dags/example_bash_operator.py for tasks to queue
[2022-09-30 12:36:03,588] {logging_mixin.py:109} INFO - [2022-09-30 12:36:03,588] {dagbag.py:500} INFO - Filling up the DagBag from /home/airflow/.local/lib/python3.7/site-packages/airflow/example_dags/example_bash_operator.py
[2022-09-30 12:36:03,629] {processor.py:654} INFO - DAG(s) dict_keys(['example_bash_operator']) retrieved from /home/airflow/.local/lib/python3.7/site-packages/airflow/example_dags/example_bash_operator.py
[2022-09-30 12:36:03,639] {logging_mixin.py:109} INFO - [2022-09-30 12:36:03,639] {dag.py:2398} INFO - Sync 1 DAGs
[2022-09-30 12:36:03,664] {logging_mixin.py:109} INFO - [2022-09-30 12:36:03,664] {dag.py:2937} INFO - Setting next_dagrun for example_bash_operator to 2022-09-29 00:00:00+00:00
[2022-09-30 12:36:03,674] {processor.py:171} INFO - Processing /home/airflow/.local/lib/python3.7/site-packages/airflow/example_dags/example_bash_operator.py took 0.095 seconds
[2022-09-30 12:36:34,270] {processor.py:163} INFO - Started process (PID=579) to work on /home/airflow/.local/lib/python3.7/site-packages/airflow/example_dags/example_bash_operator.py
[2022-09-30 12:36:34,276] {processor.py:642} INFO - Processing file /home/airflow/.local/lib/python3.7/site-packages/airflow/example_dags/example_bash_operator.py for tasks to queue
[2022-09-30 12:36:34,278] {logging_mixin.py:109} INFO - [2022-09-30 12:36:34,278] {dagbag.py:500} INFO - Filling up the DagBag from /home/airflow/.local/lib/python3.7/site-packages/airflow/example_dags/example_bash_operator.py
[2022-09-30 12:36:34,319] {processor.py:654} INFO - DAG(s) dict_keys(['example_bash_operator']) retrieved from /home/airflow/.local/lib/python3.7/site-packages/airflow/example_dags/example_bash_operator.py
[2022-09-30 12:36:34,330] {logging_mixin.py:109} INFO - [2022-09-30 12:36:34,330] {dag.py:2398} INFO - Sync 1 DAGs
[2022-09-30 12:36:34,346] {logging_mixin.py:109} INFO - [2022-09-30 12:36:34,346] {dag.py:2937} INFO - Setting next_dagrun for example_bash_operator to 2022-09-29 00:00:00+00:00
[2022-09-30 12:36:34,357] {processor.py:171} INFO - Processing /home/airflow/.local/lib/python3.7/site-packages/airflow/example_dags/example_bash_operator.py took 0.090 seconds
[2022-09-30 12:37:05,027] {processor.py:163} INFO - Started process (PID=639) to work on /home/airflow/.local/lib/python3.7/site-packages/airflow/example_dags/example_bash_operator.py
[2022-09-30 12:37:05,030] {processor.py:642} INFO - Processing file /home/airflow/.local/lib/python3.7/site-packages/airflow/example_dags/example_bash_operator.py for tasks to queue
[2022-09-30 12:37:05,032] {logging_mixin.py:109} INFO - [2022-09-30 12:37:05,032] {dagbag.py:500} INFO - Filling up the DagBag from /home/airflow/.local/lib/python3.7/site-packages/airflow/example_dags/example_bash_operator.py
[2022-09-30 12:37:05,075] {processor.py:654} INFO - DAG(s) dict_keys(['example_bash_operator']) retrieved from /home/airflow/.local/lib/python3.7/site-packages/airflow/example_dags/example_bash_operator.py
[2022-09-30 12:37:05,094] {logging_mixin.py:109} INFO - [2022-09-30 12:37:05,094] {dag.py:2398} INFO - Sync 1 DAGs
[2022-09-30 12:37:05,113] {logging_mixin.py:109} INFO - [2022-09-30 12:37:05,113] {dag.py:2937} INFO - Setting next_dagrun for example_bash_operator to 2022-09-29 00:00:00+00:00
[2022-09-30 12:37:05,126] {processor.py:171} INFO - Processing /home/airflow/.local/lib/python3.7/site-packages/airflow/example_dags/example_bash_operator.py took 0.102 seconds
[2022-09-30 12:37:35,722] {processor.py:163} INFO - Started process (PID=690) to work on /home/airflow/.local/lib/python3.7/site-packages/airflow/example_dags/example_bash_operator.py
[2022-09-30 12:37:35,725] {processor.py:642} INFO - Processing file /home/airflow/.local/lib/python3.7/site-packages/airflow/example_dags/example_bash_operator.py for tasks to queue
[2022-09-30 12:37:35,726] {logging_mixin.py:109} INFO - [2022-09-30 12:37:35,726] {dagbag.py:500} INFO - Filling up the DagBag from /home/airflow/.local/lib/python3.7/site-packages/airflow/example_dags/example_bash_operator.py
[2022-09-30 12:37:35,763] {processor.py:654} INFO - DAG(s) dict_keys(['example_bash_operator']) retrieved from /home/airflow/.local/lib/python3.7/site-packages/airflow/example_dags/example_bash_operator.py
[2022-09-30 12:37:35,777] {logging_mixin.py:109} INFO - [2022-09-30 12:37:35,777] {dag.py:2398} INFO - Sync 1 DAGs
[2022-09-30 12:37:35,798] {logging_mixin.py:109} INFO - [2022-09-30 12:37:35,797] {dag.py:2937} INFO - Setting next_dagrun for example_bash_operator to 2022-09-29 00:00:00+00:00
[2022-09-30 12:37:35,812] {processor.py:171} INFO - Processing /home/airflow/.local/lib/python3.7/site-packages/airflow/example_dags/example_bash_operator.py took 0.095 seconds
[2022-09-30 12:38:06,137] {processor.py:163} INFO - Started process (PID=741) to work on /home/airflow/.local/lib/python3.7/site-packages/airflow/example_dags/example_bash_operator.py
[2022-09-30 12:38:06,140] {processor.py:642} INFO - Processing file /home/airflow/.local/lib/python3.7/site-packages/airflow/example_dags/example_bash_operator.py for tasks to queue
[2022-09-30 12:38:06,142] {logging_mixin.py:109} INFO - [2022-09-30 12:38:06,142] {dagbag.py:500} INFO - Filling up the DagBag from /home/airflow/.local/lib/python3.7/site-packages/airflow/example_dags/example_bash_operator.py
[2022-09-30 12:38:06,178] {processor.py:654} INFO - DAG(s) dict_keys(['example_bash_operator']) retrieved from /home/airflow/.local/lib/python3.7/site-packages/airflow/example_dags/example_bash_operator.py
[2022-09-30 12:38:06,188] {logging_mixin.py:109} INFO - [2022-09-30 12:38:06,188] {dag.py:2398} INFO - Sync 1 DAGs
[2022-09-30 12:38:06,203] {logging_mixin.py:109} INFO - [2022-09-30 12:38:06,203] {dag.py:2937} INFO - Setting next_dagrun for example_bash_operator to 2022-09-29 00:00:00+00:00
[2022-09-30 12:38:06,214] {processor.py:171} INFO - Processing /home/airflow/.local/lib/python3.7/site-packages/airflow/example_dags/example_bash_operator.py took 0.081 seconds
[2022-09-30 12:38:36,802] {processor.py:163} INFO - Started process (PID=801) to work on /home/airflow/.local/lib/python3.7/site-packages/airflow/example_dags/example_bash_operator.py
[2022-09-30 12:38:36,806] {processor.py:642} INFO - Processing file /home/airflow/.local/lib/python3.7/site-packages/airflow/example_dags/example_bash_operator.py for tasks to queue
[2022-09-30 12:38:36,808] {logging_mixin.py:109} INFO - [2022-09-30 12:38:36,808] {dagbag.py:500} INFO - Filling up the DagBag from /home/airflow/.local/lib/python3.7/site-packages/airflow/example_dags/example_bash_operator.py
[2022-09-30 12:38:36,844] {processor.py:654} INFO - DAG(s) dict_keys(['example_bash_operator']) retrieved from /home/airflow/.local/lib/python3.7/site-packages/airflow/example_dags/example_bash_operator.py
[2022-09-30 12:38:36,855] {logging_mixin.py:109} INFO - [2022-09-30 12:38:36,855] {dag.py:2398} INFO - Sync 1 DAGs
[2022-09-30 12:38:36,871] {logging_mixin.py:109} INFO - [2022-09-30 12:38:36,870] {dag.py:2937} INFO - Setting next_dagrun for example_bash_operator to 2022-09-29 00:00:00+00:00
[2022-09-30 12:38:36,882] {processor.py:171} INFO - Processing /home/airflow/.local/lib/python3.7/site-packages/airflow/example_dags/example_bash_operator.py took 0.086 seconds
[2022-09-30 12:39:07,454] {processor.py:163} INFO - Started process (PID=852) to work on /home/airflow/.local/lib/python3.7/site-packages/airflow/example_dags/example_bash_operator.py
[2022-09-30 12:39:07,456] {processor.py:642} INFO - Processing file /home/airflow/.local/lib/python3.7/site-packages/airflow/example_dags/example_bash_operator.py for tasks to queue
[2022-09-30 12:39:07,457] {logging_mixin.py:109} INFO - [2022-09-30 12:39:07,457] {dagbag.py:500} INFO - Filling up the DagBag from /home/airflow/.local/lib/python3.7/site-packages/airflow/example_dags/example_bash_operator.py
[2022-09-30 12:39:07,496] {processor.py:654} INFO - DAG(s) dict_keys(['example_bash_operator']) retrieved from /home/airflow/.local/lib/python3.7/site-packages/airflow/example_dags/example_bash_operator.py
[2022-09-30 12:39:07,508] {logging_mixin.py:109} INFO - [2022-09-30 12:39:07,508] {dag.py:2398} INFO - Sync 1 DAGs
[2022-09-30 12:39:07,524] {logging_mixin.py:109} INFO - [2022-09-30 12:39:07,524] {dag.py:2937} INFO - Setting next_dagrun for example_bash_operator to 2022-09-29 00:00:00+00:00
[2022-09-30 12:39:07,534] {processor.py:171} INFO - Processing /home/airflow/.local/lib/python3.7/site-packages/airflow/example_dags/example_bash_operator.py took 0.084 seconds
[2022-09-30 12:39:37,744] {processor.py:163} INFO - Started process (PID=912) to work on /home/airflow/.local/lib/python3.7/site-packages/airflow/example_dags/example_bash_operator.py
[2022-09-30 12:39:37,746] {processor.py:642} INFO - Processing file /home/airflow/.local/lib/python3.7/site-packages/airflow/example_dags/example_bash_operator.py for tasks to queue
[2022-09-30 12:39:37,747] {logging_mixin.py:109} INFO - [2022-09-30 12:39:37,747] {dagbag.py:500} INFO - Filling up the DagBag from /home/airflow/.local/lib/python3.7/site-packages/airflow/example_dags/example_bash_operator.py
[2022-09-30 12:39:37,792] {processor.py:654} INFO - DAG(s) dict_keys(['example_bash_operator']) retrieved from /home/airflow/.local/lib/python3.7/site-packages/airflow/example_dags/example_bash_operator.py
[2022-09-30 12:39:37,803] {logging_mixin.py:109} INFO - [2022-09-30 12:39:37,803] {dag.py:2398} INFO - Sync 1 DAGs
[2022-09-30 12:39:37,822] {logging_mixin.py:109} INFO - [2022-09-30 12:39:37,821] {dag.py:2937} INFO - Setting next_dagrun for example_bash_operator to 2022-09-29 00:00:00+00:00
[2022-09-30 12:39:37,832] {processor.py:171} INFO - Processing /home/airflow/.local/lib/python3.7/site-packages/airflow/example_dags/example_bash_operator.py took 0.091 seconds
[2022-09-30 12:40:07,876] {processor.py:163} INFO - Started process (PID=963) to work on /home/airflow/.local/lib/python3.7/site-packages/airflow/example_dags/example_bash_operator.py
[2022-09-30 12:40:07,878] {processor.py:642} INFO - Processing file /home/airflow/.local/lib/python3.7/site-packages/airflow/example_dags/example_bash_operator.py for tasks to queue
[2022-09-30 12:40:07,880] {logging_mixin.py:109} INFO - [2022-09-30 12:40:07,880] {dagbag.py:500} INFO - Filling up the DagBag from /home/airflow/.local/lib/python3.7/site-packages/airflow/example_dags/example_bash_operator.py
[2022-09-30 12:40:07,920] {processor.py:654} INFO - DAG(s) dict_keys(['example_bash_operator']) retrieved from /home/airflow/.local/lib/python3.7/site-packages/airflow/example_dags/example_bash_operator.py
[2022-09-30 12:40:07,933] {logging_mixin.py:109} INFO - [2022-09-30 12:40:07,933] {dag.py:2398} INFO - Sync 1 DAGs
[2022-09-30 12:40:07,952] {logging_mixin.py:109} INFO - [2022-09-30 12:40:07,952] {dag.py:2937} INFO - Setting next_dagrun for example_bash_operator to 2022-09-29 00:00:00+00:00
[2022-09-30 12:40:07,968] {processor.py:171} INFO - Processing /home/airflow/.local/lib/python3.7/site-packages/airflow/example_dags/example_bash_operator.py took 0.095 seconds
[2022-09-30 12:40:38,015] {processor.py:163} INFO - Started process (PID=1013) to work on /home/airflow/.local/lib/python3.7/site-packages/airflow/example_dags/example_bash_operator.py
[2022-09-30 12:40:38,017] {processor.py:642} INFO - Processing file /home/airflow/.local/lib/python3.7/site-packages/airflow/example_dags/example_bash_operator.py for tasks to queue
[2022-09-30 12:40:38,018] {logging_mixin.py:109} INFO - [2022-09-30 12:40:38,018] {dagbag.py:500} INFO - Filling up the DagBag from /home/airflow/.local/lib/python3.7/site-packages/airflow/example_dags/example_bash_operator.py
[2022-09-30 12:40:38,053] {processor.py:654} INFO - DAG(s) dict_keys(['example_bash_operator']) retrieved from /home/airflow/.local/lib/python3.7/site-packages/airflow/example_dags/example_bash_operator.py
[2022-09-30 12:40:38,065] {logging_mixin.py:109} INFO - [2022-09-30 12:40:38,065] {dag.py:2398} INFO - Sync 1 DAGs
[2022-09-30 12:40:38,081] {logging_mixin.py:109} INFO - [2022-09-30 12:40:38,080] {dag.py:2937} INFO - Setting next_dagrun for example_bash_operator to 2022-09-29 00:00:00+00:00
[2022-09-30 12:40:38,092] {processor.py:171} INFO - Processing /home/airflow/.local/lib/python3.7/site-packages/airflow/example_dags/example_bash_operator.py took 0.080 seconds
[2022-09-30 12:41:08,566] {processor.py:163} INFO - Started process (PID=1074) to work on /home/airflow/.local/lib/python3.7/site-packages/airflow/example_dags/example_bash_operator.py
[2022-09-30 12:41:08,573] {processor.py:642} INFO - Processing file /home/airflow/.local/lib/python3.7/site-packages/airflow/example_dags/example_bash_operator.py for tasks to queue
[2022-09-30 12:41:08,575] {logging_mixin.py:109} INFO - [2022-09-30 12:41:08,575] {dagbag.py:500} INFO - Filling up the DagBag from /home/airflow/.local/lib/python3.7/site-packages/airflow/example_dags/example_bash_operator.py
[2022-09-30 12:41:08,631] {processor.py:654} INFO - DAG(s) dict_keys(['example_bash_operator']) retrieved from /home/airflow/.local/lib/python3.7/site-packages/airflow/example_dags/example_bash_operator.py
[2022-09-30 12:41:08,649] {logging_mixin.py:109} INFO - [2022-09-30 12:41:08,649] {dag.py:2398} INFO - Sync 1 DAGs
[2022-09-30 12:41:08,673] {logging_mixin.py:109} INFO - [2022-09-30 12:41:08,672] {dag.py:2937} INFO - Setting next_dagrun for example_bash_operator to 2022-09-29 00:00:00+00:00
[2022-09-30 12:41:08,693] {processor.py:171} INFO - Processing /home/airflow/.local/lib/python3.7/site-packages/airflow/example_dags/example_bash_operator.py took 0.133 seconds
[2022-09-30 12:41:39,052] {processor.py:163} INFO - Started process (PID=1125) to work on /home/airflow/.local/lib/python3.7/site-packages/airflow/example_dags/example_bash_operator.py
[2022-09-30 12:41:39,055] {processor.py:642} INFO - Processing file /home/airflow/.local/lib/python3.7/site-packages/airflow/example_dags/example_bash_operator.py for tasks to queue
[2022-09-30 12:41:39,056] {logging_mixin.py:109} INFO - [2022-09-30 12:41:39,056] {dagbag.py:500} INFO - Filling up the DagBag from /home/airflow/.local/lib/python3.7/site-packages/airflow/example_dags/example_bash_operator.py
[2022-09-30 12:41:39,095] {processor.py:654} INFO - DAG(s) dict_keys(['example_bash_operator']) retrieved from /home/airflow/.local/lib/python3.7/site-packages/airflow/example_dags/example_bash_operator.py
[2022-09-30 12:41:39,105] {logging_mixin.py:109} INFO - [2022-09-30 12:41:39,105] {dag.py:2398} INFO - Sync 1 DAGs
[2022-09-30 12:41:39,121] {logging_mixin.py:109} INFO - [2022-09-30 12:41:39,121] {dag.py:2937} INFO - Setting next_dagrun for example_bash_operator to 2022-09-29 00:00:00+00:00
[2022-09-30 12:41:39,131] {processor.py:171} INFO - Processing /home/airflow/.local/lib/python3.7/site-packages/airflow/example_dags/example_bash_operator.py took 0.083 seconds
[2022-09-30 12:42:09,371] {processor.py:163} INFO - Started process (PID=1186) to work on /home/airflow/.local/lib/python3.7/site-packages/airflow/example_dags/example_bash_operator.py
[2022-09-30 12:42:09,373] {processor.py:642} INFO - Processing file /home/airflow/.local/lib/python3.7/site-packages/airflow/example_dags/example_bash_operator.py for tasks to queue
[2022-09-30 12:42:09,375] {logging_mixin.py:109} INFO - [2022-09-30 12:42:09,374] {dagbag.py:500} INFO - Filling up the DagBag from /home/airflow/.local/lib/python3.7/site-packages/airflow/example_dags/example_bash_operator.py
[2022-09-30 12:42:09,413] {processor.py:654} INFO - DAG(s) dict_keys(['example_bash_operator']) retrieved from /home/airflow/.local/lib/python3.7/site-packages/airflow/example_dags/example_bash_operator.py
[2022-09-30 12:42:09,428] {logging_mixin.py:109} INFO - [2022-09-30 12:42:09,428] {dag.py:2398} INFO - Sync 1 DAGs
[2022-09-30 12:42:09,445] {logging_mixin.py:109} INFO - [2022-09-30 12:42:09,445] {dag.py:2937} INFO - Setting next_dagrun for example_bash_operator to 2022-09-29 00:00:00+00:00
[2022-09-30 12:42:09,458] {processor.py:171} INFO - Processing /home/airflow/.local/lib/python3.7/site-packages/airflow/example_dags/example_bash_operator.py took 0.091 seconds
[2022-09-30 12:42:39,634] {processor.py:163} INFO - Started process (PID=1238) to work on /home/airflow/.local/lib/python3.7/site-packages/airflow/example_dags/example_bash_operator.py
[2022-09-30 12:42:39,636] {processor.py:642} INFO - Processing file /home/airflow/.local/lib/python3.7/site-packages/airflow/example_dags/example_bash_operator.py for tasks to queue
[2022-09-30 12:42:39,637] {logging_mixin.py:109} INFO - [2022-09-30 12:42:39,637] {dagbag.py:500} INFO - Filling up the DagBag from /home/airflow/.local/lib/python3.7/site-packages/airflow/example_dags/example_bash_operator.py
[2022-09-30 12:42:39,671] {processor.py:654} INFO - DAG(s) dict_keys(['example_bash_operator']) retrieved from /home/airflow/.local/lib/python3.7/site-packages/airflow/example_dags/example_bash_operator.py
[2022-09-30 12:42:39,682] {logging_mixin.py:109} INFO - [2022-09-30 12:42:39,682] {dag.py:2398} INFO - Sync 1 DAGs
[2022-09-30 12:42:39,697] {logging_mixin.py:109} INFO - [2022-09-30 12:42:39,697] {dag.py:2937} INFO - Setting next_dagrun for example_bash_operator to 2022-09-29 00:00:00+00:00
[2022-09-30 12:42:39,708] {processor.py:171} INFO - Processing /home/airflow/.local/lib/python3.7/site-packages/airflow/example_dags/example_bash_operator.py took 0.078 seconds
[2022-09-30 12:43:09,784] {processor.py:163} INFO - Started process (PID=1289) to work on /home/airflow/.local/lib/python3.7/site-packages/airflow/example_dags/example_bash_operator.py
[2022-09-30 12:43:09,787] {processor.py:642} INFO - Processing file /home/airflow/.local/lib/python3.7/site-packages/airflow/example_dags/example_bash_operator.py for tasks to queue
[2022-09-30 12:43:09,788] {logging_mixin.py:109} INFO - [2022-09-30 12:43:09,788] {dagbag.py:500} INFO - Filling up the DagBag from /home/airflow/.local/lib/python3.7/site-packages/airflow/example_dags/example_bash_operator.py
[2022-09-30 12:43:09,829] {processor.py:654} INFO - DAG(s) dict_keys(['example_bash_operator']) retrieved from /home/airflow/.local/lib/python3.7/site-packages/airflow/example_dags/example_bash_operator.py
[2022-09-30 12:43:09,843] {logging_mixin.py:109} INFO - [2022-09-30 12:43:09,843] {dag.py:2398} INFO - Sync 1 DAGs
[2022-09-30 12:43:09,869] {logging_mixin.py:109} INFO - [2022-09-30 12:43:09,869] {dag.py:2937} INFO - Setting next_dagrun for example_bash_operator to 2022-09-29 00:00:00+00:00
[2022-09-30 12:43:09,881] {processor.py:171} INFO - Processing /home/airflow/.local/lib/python3.7/site-packages/airflow/example_dags/example_bash_operator.py took 0.102 seconds
[2022-09-30 12:43:40,109] {processor.py:163} INFO - Started process (PID=1350) to work on /home/airflow/.local/lib/python3.7/site-packages/airflow/example_dags/example_bash_operator.py
[2022-09-30 12:43:40,112] {processor.py:642} INFO - Processing file /home/airflow/.local/lib/python3.7/site-packages/airflow/example_dags/example_bash_operator.py for tasks to queue
[2022-09-30 12:43:40,114] {logging_mixin.py:109} INFO - [2022-09-30 12:43:40,114] {dagbag.py:500} INFO - Filling up the DagBag from /home/airflow/.local/lib/python3.7/site-packages/airflow/example_dags/example_bash_operator.py
[2022-09-30 12:43:40,168] {processor.py:654} INFO - DAG(s) dict_keys(['example_bash_operator']) retrieved from /home/airflow/.local/lib/python3.7/site-packages/airflow/example_dags/example_bash_operator.py
[2022-09-30 12:43:40,183] {logging_mixin.py:109} INFO - [2022-09-30 12:43:40,182] {dag.py:2398} INFO - Sync 1 DAGs
[2022-09-30 12:43:40,209] {logging_mixin.py:109} INFO - [2022-09-30 12:43:40,209] {dag.py:2937} INFO - Setting next_dagrun for example_bash_operator to 2022-09-29 00:00:00+00:00
[2022-09-30 12:43:40,226] {processor.py:171} INFO - Processing /home/airflow/.local/lib/python3.7/site-packages/airflow/example_dags/example_bash_operator.py took 0.123 seconds
[2022-09-30 12:44:10,348] {processor.py:163} INFO - Started process (PID=1401) to work on /home/airflow/.local/lib/python3.7/site-packages/airflow/example_dags/example_bash_operator.py
[2022-09-30 12:44:10,351] {processor.py:642} INFO - Processing file /home/airflow/.local/lib/python3.7/site-packages/airflow/example_dags/example_bash_operator.py for tasks to queue
[2022-09-30 12:44:10,353] {logging_mixin.py:109} INFO - [2022-09-30 12:44:10,353] {dagbag.py:500} INFO - Filling up the DagBag from /home/airflow/.local/lib/python3.7/site-packages/airflow/example_dags/example_bash_operator.py
[2022-09-30 12:44:10,388] {processor.py:654} INFO - DAG(s) dict_keys(['example_bash_operator']) retrieved from /home/airflow/.local/lib/python3.7/site-packages/airflow/example_dags/example_bash_operator.py
[2022-09-30 12:44:10,401] {logging_mixin.py:109} INFO - [2022-09-30 12:44:10,401] {dag.py:2398} INFO - Sync 1 DAGs
[2022-09-30 12:44:10,425] {logging_mixin.py:109} INFO - [2022-09-30 12:44:10,425] {dag.py:2937} INFO - Setting next_dagrun for example_bash_operator to 2022-09-29 00:00:00+00:00
[2022-09-30 12:44:10,441] {processor.py:171} INFO - Processing /home/airflow/.local/lib/python3.7/site-packages/airflow/example_dags/example_bash_operator.py took 0.097 seconds
[2022-09-30 12:44:40,492] {processor.py:163} INFO - Started process (PID=1462) to work on /home/airflow/.local/lib/python3.7/site-packages/airflow/example_dags/example_bash_operator.py
[2022-09-30 12:44:40,495] {processor.py:642} INFO - Processing file /home/airflow/.local/lib/python3.7/site-packages/airflow/example_dags/example_bash_operator.py for tasks to queue
[2022-09-30 12:44:40,497] {logging_mixin.py:109} INFO - [2022-09-30 12:44:40,497] {dagbag.py:500} INFO - Filling up the DagBag from /home/airflow/.local/lib/python3.7/site-packages/airflow/example_dags/example_bash_operator.py
[2022-09-30 12:44:40,543] {processor.py:654} INFO - DAG(s) dict_keys(['example_bash_operator']) retrieved from /home/airflow/.local/lib/python3.7/site-packages/airflow/example_dags/example_bash_operator.py
[2022-09-30 12:44:40,553] {logging_mixin.py:109} INFO - [2022-09-30 12:44:40,553] {dag.py:2398} INFO - Sync 1 DAGs
[2022-09-30 12:44:40,570] {logging_mixin.py:109} INFO - [2022-09-30 12:44:40,570] {dag.py:2937} INFO - Setting next_dagrun for example_bash_operator to 2022-09-29 00:00:00+00:00
[2022-09-30 12:44:40,580] {processor.py:171} INFO - Processing /home/airflow/.local/lib/python3.7/site-packages/airflow/example_dags/example_bash_operator.py took 0.092 seconds
[2022-09-30 12:45:11,132] {processor.py:163} INFO - Started process (PID=1513) to work on /home/airflow/.local/lib/python3.7/site-packages/airflow/example_dags/example_bash_operator.py
[2022-09-30 12:45:11,134] {processor.py:642} INFO - Processing file /home/airflow/.local/lib/python3.7/site-packages/airflow/example_dags/example_bash_operator.py for tasks to queue
[2022-09-30 12:45:11,136] {logging_mixin.py:109} INFO - [2022-09-30 12:45:11,136] {dagbag.py:500} INFO - Filling up the DagBag from /home/airflow/.local/lib/python3.7/site-packages/airflow/example_dags/example_bash_operator.py
[2022-09-30 12:45:11,181] {processor.py:654} INFO - DAG(s) dict_keys(['example_bash_operator']) retrieved from /home/airflow/.local/lib/python3.7/site-packages/airflow/example_dags/example_bash_operator.py
[2022-09-30 12:45:11,196] {logging_mixin.py:109} INFO - [2022-09-30 12:45:11,196] {dag.py:2398} INFO - Sync 1 DAGs
[2022-09-30 12:45:11,212] {logging_mixin.py:109} INFO - [2022-09-30 12:45:11,212] {dag.py:2937} INFO - Setting next_dagrun for example_bash_operator to 2022-09-29 00:00:00+00:00
[2022-09-30 12:45:11,223] {processor.py:171} INFO - Processing /home/airflow/.local/lib/python3.7/site-packages/airflow/example_dags/example_bash_operator.py took 0.094 seconds
[2022-09-30 12:45:41,297] {processor.py:163} INFO - Started process (PID=1573) to work on /home/airflow/.local/lib/python3.7/site-packages/airflow/example_dags/example_bash_operator.py
[2022-09-30 12:45:41,299] {processor.py:642} INFO - Processing file /home/airflow/.local/lib/python3.7/site-packages/airflow/example_dags/example_bash_operator.py for tasks to queue
[2022-09-30 12:45:41,300] {logging_mixin.py:109} INFO - [2022-09-30 12:45:41,300] {dagbag.py:500} INFO - Filling up the DagBag from /home/airflow/.local/lib/python3.7/site-packages/airflow/example_dags/example_bash_operator.py
[2022-09-30 12:45:41,336] {processor.py:654} INFO - DAG(s) dict_keys(['example_bash_operator']) retrieved from /home/airflow/.local/lib/python3.7/site-packages/airflow/example_dags/example_bash_operator.py
[2022-09-30 12:45:41,347] {logging_mixin.py:109} INFO - [2022-09-30 12:45:41,347] {dag.py:2398} INFO - Sync 1 DAGs
[2022-09-30 12:45:41,363] {logging_mixin.py:109} INFO - [2022-09-30 12:45:41,363] {dag.py:2937} INFO - Setting next_dagrun for example_bash_operator to 2022-09-29 00:00:00+00:00
[2022-09-30 12:45:41,376] {processor.py:171} INFO - Processing /home/airflow/.local/lib/python3.7/site-packages/airflow/example_dags/example_bash_operator.py took 0.082 seconds
[2022-09-30 12:46:11,882] {processor.py:163} INFO - Started process (PID=1625) to work on /home/airflow/.local/lib/python3.7/site-packages/airflow/example_dags/example_bash_operator.py
[2022-09-30 12:46:11,884] {processor.py:642} INFO - Processing file /home/airflow/.local/lib/python3.7/site-packages/airflow/example_dags/example_bash_operator.py for tasks to queue
[2022-09-30 12:46:11,885] {logging_mixin.py:109} INFO - [2022-09-30 12:46:11,885] {dagbag.py:500} INFO - Filling up the DagBag from /home/airflow/.local/lib/python3.7/site-packages/airflow/example_dags/example_bash_operator.py
[2022-09-30 12:46:11,926] {processor.py:654} INFO - DAG(s) dict_keys(['example_bash_operator']) retrieved from /home/airflow/.local/lib/python3.7/site-packages/airflow/example_dags/example_bash_operator.py
[2022-09-30 12:46:11,937] {logging_mixin.py:109} INFO - [2022-09-30 12:46:11,937] {dag.py:2398} INFO - Sync 1 DAGs
[2022-09-30 12:46:11,953] {logging_mixin.py:109} INFO - [2022-09-30 12:46:11,953] {dag.py:2937} INFO - Setting next_dagrun for example_bash_operator to 2022-09-29 00:00:00+00:00
[2022-09-30 12:46:11,963] {processor.py:171} INFO - Processing /home/airflow/.local/lib/python3.7/site-packages/airflow/example_dags/example_bash_operator.py took 0.085 seconds
[2022-09-30 12:46:42,261] {processor.py:163} INFO - Started process (PID=1685) to work on /home/airflow/.local/lib/python3.7/site-packages/airflow/example_dags/example_bash_operator.py
[2022-09-30 12:46:42,265] {processor.py:642} INFO - Processing file /home/airflow/.local/lib/python3.7/site-packages/airflow/example_dags/example_bash_operator.py for tasks to queue
[2022-09-30 12:46:42,271] {logging_mixin.py:109} INFO - [2022-09-30 12:46:42,271] {dagbag.py:500} INFO - Filling up the DagBag from /home/airflow/.local/lib/python3.7/site-packages/airflow/example_dags/example_bash_operator.py
[2022-09-30 12:46:42,313] {processor.py:654} INFO - DAG(s) dict_keys(['example_bash_operator']) retrieved from /home/airflow/.local/lib/python3.7/site-packages/airflow/example_dags/example_bash_operator.py
[2022-09-30 12:46:42,325] {logging_mixin.py:109} INFO - [2022-09-30 12:46:42,325] {dag.py:2398} INFO - Sync 1 DAGs
[2022-09-30 12:46:42,354] {logging_mixin.py:109} INFO - [2022-09-30 12:46:42,353] {dag.py:2937} INFO - Setting next_dagrun for example_bash_operator to 2022-09-29 00:00:00+00:00
[2022-09-30 12:46:42,377] {processor.py:171} INFO - Processing /home/airflow/.local/lib/python3.7/site-packages/airflow/example_dags/example_bash_operator.py took 0.119 seconds
[2022-09-30 12:47:13,001] {processor.py:163} INFO - Started process (PID=1737) to work on /home/airflow/.local/lib/python3.7/site-packages/airflow/example_dags/example_bash_operator.py
[2022-09-30 12:47:13,003] {processor.py:642} INFO - Processing file /home/airflow/.local/lib/python3.7/site-packages/airflow/example_dags/example_bash_operator.py for tasks to queue
[2022-09-30 12:47:13,005] {logging_mixin.py:109} INFO - [2022-09-30 12:47:13,005] {dagbag.py:500} INFO - Filling up the DagBag from /home/airflow/.local/lib/python3.7/site-packages/airflow/example_dags/example_bash_operator.py
[2022-09-30 12:47:13,044] {processor.py:654} INFO - DAG(s) dict_keys(['example_bash_operator']) retrieved from /home/airflow/.local/lib/python3.7/site-packages/airflow/example_dags/example_bash_operator.py
[2022-09-30 12:47:13,058] {logging_mixin.py:109} INFO - [2022-09-30 12:47:13,058] {dag.py:2398} INFO - Sync 1 DAGs
[2022-09-30 12:47:13,085] {logging_mixin.py:109} INFO - [2022-09-30 12:47:13,085] {dag.py:2937} INFO - Setting next_dagrun for example_bash_operator to 2022-09-29 00:00:00+00:00
[2022-09-30 12:47:13,094] {processor.py:171} INFO - Processing /home/airflow/.local/lib/python3.7/site-packages/airflow/example_dags/example_bash_operator.py took 0.097 seconds
[2022-09-30 12:47:43,648] {processor.py:163} INFO - Started process (PID=1788) to work on /home/airflow/.local/lib/python3.7/site-packages/airflow/example_dags/example_bash_operator.py
[2022-09-30 12:47:43,650] {processor.py:642} INFO - Processing file /home/airflow/.local/lib/python3.7/site-packages/airflow/example_dags/example_bash_operator.py for tasks to queue
[2022-09-30 12:47:43,651] {logging_mixin.py:109} INFO - [2022-09-30 12:47:43,651] {dagbag.py:500} INFO - Filling up the DagBag from /home/airflow/.local/lib/python3.7/site-packages/airflow/example_dags/example_bash_operator.py
[2022-09-30 12:47:43,687] {processor.py:654} INFO - DAG(s) dict_keys(['example_bash_operator']) retrieved from /home/airflow/.local/lib/python3.7/site-packages/airflow/example_dags/example_bash_operator.py
[2022-09-30 12:47:43,698] {logging_mixin.py:109} INFO - [2022-09-30 12:47:43,698] {dag.py:2398} INFO - Sync 1 DAGs
[2022-09-30 12:47:43,714] {logging_mixin.py:109} INFO - [2022-09-30 12:47:43,713] {dag.py:2937} INFO - Setting next_dagrun for example_bash_operator to 2022-09-29 00:00:00+00:00
[2022-09-30 12:47:43,724] {processor.py:171} INFO - Processing /home/airflow/.local/lib/python3.7/site-packages/airflow/example_dags/example_bash_operator.py took 0.085 seconds
[2022-09-30 12:48:13,866] {processor.py:163} INFO - Started process (PID=1848) to work on /home/airflow/.local/lib/python3.7/site-packages/airflow/example_dags/example_bash_operator.py
[2022-09-30 12:48:13,869] {processor.py:642} INFO - Processing file /home/airflow/.local/lib/python3.7/site-packages/airflow/example_dags/example_bash_operator.py for tasks to queue
[2022-09-30 12:48:13,870] {logging_mixin.py:109} INFO - [2022-09-30 12:48:13,870] {dagbag.py:500} INFO - Filling up the DagBag from /home/airflow/.local/lib/python3.7/site-packages/airflow/example_dags/example_bash_operator.py
[2022-09-30 12:48:13,910] {processor.py:654} INFO - DAG(s) dict_keys(['example_bash_operator']) retrieved from /home/airflow/.local/lib/python3.7/site-packages/airflow/example_dags/example_bash_operator.py
[2022-09-30 12:48:13,920] {logging_mixin.py:109} INFO - [2022-09-30 12:48:13,920] {dag.py:2398} INFO - Sync 1 DAGs
[2022-09-30 12:48:13,936] {logging_mixin.py:109} INFO - [2022-09-30 12:48:13,936] {dag.py:2937} INFO - Setting next_dagrun for example_bash_operator to 2022-09-29 00:00:00+00:00
[2022-09-30 12:48:13,945] {processor.py:171} INFO - Processing /home/airflow/.local/lib/python3.7/site-packages/airflow/example_dags/example_bash_operator.py took 0.082 seconds
[2022-09-30 12:48:44,502] {processor.py:163} INFO - Started process (PID=1901) to work on /home/airflow/.local/lib/python3.7/site-packages/airflow/example_dags/example_bash_operator.py
[2022-09-30 12:48:44,505] {processor.py:642} INFO - Processing file /home/airflow/.local/lib/python3.7/site-packages/airflow/example_dags/example_bash_operator.py for tasks to queue
[2022-09-30 12:48:44,506] {logging_mixin.py:109} INFO - [2022-09-30 12:48:44,506] {dagbag.py:500} INFO - Filling up the DagBag from /home/airflow/.local/lib/python3.7/site-packages/airflow/example_dags/example_bash_operator.py
[2022-09-30 12:48:44,546] {processor.py:654} INFO - DAG(s) dict_keys(['example_bash_operator']) retrieved from /home/airflow/.local/lib/python3.7/site-packages/airflow/example_dags/example_bash_operator.py
[2022-09-30 12:48:44,557] {logging_mixin.py:109} INFO - [2022-09-30 12:48:44,557] {dag.py:2398} INFO - Sync 1 DAGs
[2022-09-30 12:48:44,573] {logging_mixin.py:109} INFO - [2022-09-30 12:48:44,573] {dag.py:2937} INFO - Setting next_dagrun for example_bash_operator to 2022-09-29 00:00:00+00:00
[2022-09-30 12:48:44,584] {processor.py:171} INFO - Processing /home/airflow/.local/lib/python3.7/site-packages/airflow/example_dags/example_bash_operator.py took 0.086 seconds
[2022-09-30 12:49:14,892] {processor.py:163} INFO - Started process (PID=1961) to work on /home/airflow/.local/lib/python3.7/site-packages/airflow/example_dags/example_bash_operator.py
[2022-09-30 12:49:14,895] {processor.py:642} INFO - Processing file /home/airflow/.local/lib/python3.7/site-packages/airflow/example_dags/example_bash_operator.py for tasks to queue
[2022-09-30 12:49:14,897] {logging_mixin.py:109} INFO - [2022-09-30 12:49:14,896] {dagbag.py:500} INFO - Filling up the DagBag from /home/airflow/.local/lib/python3.7/site-packages/airflow/example_dags/example_bash_operator.py
[2022-09-30 12:49:14,951] {processor.py:654} INFO - DAG(s) dict_keys(['example_bash_operator']) retrieved from /home/airflow/.local/lib/python3.7/site-packages/airflow/example_dags/example_bash_operator.py
[2022-09-30 12:49:14,965] {logging_mixin.py:109} INFO - [2022-09-30 12:49:14,965] {dag.py:2398} INFO - Sync 1 DAGs
[2022-09-30 12:49:14,984] {logging_mixin.py:109} INFO - [2022-09-30 12:49:14,984] {dag.py:2937} INFO - Setting next_dagrun for example_bash_operator to 2022-09-29 00:00:00+00:00
[2022-09-30 12:49:14,997] {processor.py:171} INFO - Processing /home/airflow/.local/lib/python3.7/site-packages/airflow/example_dags/example_bash_operator.py took 0.109 seconds
[2022-09-30 12:49:45,332] {processor.py:163} INFO - Started process (PID=2013) to work on /home/airflow/.local/lib/python3.7/site-packages/airflow/example_dags/example_bash_operator.py
[2022-09-30 12:49:45,334] {processor.py:642} INFO - Processing file /home/airflow/.local/lib/python3.7/site-packages/airflow/example_dags/example_bash_operator.py for tasks to queue
[2022-09-30 12:49:45,336] {logging_mixin.py:109} INFO - [2022-09-30 12:49:45,336] {dagbag.py:500} INFO - Filling up the DagBag from /home/airflow/.local/lib/python3.7/site-packages/airflow/example_dags/example_bash_operator.py
[2022-09-30 12:49:45,374] {processor.py:654} INFO - DAG(s) dict_keys(['example_bash_operator']) retrieved from /home/airflow/.local/lib/python3.7/site-packages/airflow/example_dags/example_bash_operator.py
[2022-09-30 12:49:45,385] {logging_mixin.py:109} INFO - [2022-09-30 12:49:45,385] {dag.py:2398} INFO - Sync 1 DAGs
[2022-09-30 12:49:45,403] {logging_mixin.py:109} INFO - [2022-09-30 12:49:45,403] {dag.py:2937} INFO - Setting next_dagrun for example_bash_operator to 2022-09-29 00:00:00+00:00
[2022-09-30 12:49:45,412] {processor.py:171} INFO - Processing /home/airflow/.local/lib/python3.7/site-packages/airflow/example_dags/example_bash_operator.py took 0.086 seconds
[2022-09-30 12:50:15,801] {processor.py:163} INFO - Started process (PID=2073) to work on /home/airflow/.local/lib/python3.7/site-packages/airflow/example_dags/example_bash_operator.py
[2022-09-30 12:50:15,803] {processor.py:642} INFO - Processing file /home/airflow/.local/lib/python3.7/site-packages/airflow/example_dags/example_bash_operator.py for tasks to queue
[2022-09-30 12:50:15,805] {logging_mixin.py:109} INFO - [2022-09-30 12:50:15,804] {dagbag.py:500} INFO - Filling up the DagBag from /home/airflow/.local/lib/python3.7/site-packages/airflow/example_dags/example_bash_operator.py
[2022-09-30 12:50:15,843] {processor.py:654} INFO - DAG(s) dict_keys(['example_bash_operator']) retrieved from /home/airflow/.local/lib/python3.7/site-packages/airflow/example_dags/example_bash_operator.py
[2022-09-30 12:50:15,856] {logging_mixin.py:109} INFO - [2022-09-30 12:50:15,855] {dag.py:2398} INFO - Sync 1 DAGs
[2022-09-30 12:50:15,873] {logging_mixin.py:109} INFO - [2022-09-30 12:50:15,872] {dag.py:2937} INFO - Setting next_dagrun for example_bash_operator to 2022-09-29 00:00:00+00:00
[2022-09-30 12:50:15,883] {processor.py:171} INFO - Processing /home/airflow/.local/lib/python3.7/site-packages/airflow/example_dags/example_bash_operator.py took 0.085 seconds
[2022-09-30 12:50:45,911] {processor.py:163} INFO - Started process (PID=2124) to work on /home/airflow/.local/lib/python3.7/site-packages/airflow/example_dags/example_bash_operator.py
[2022-09-30 12:50:45,914] {processor.py:642} INFO - Processing file /home/airflow/.local/lib/python3.7/site-packages/airflow/example_dags/example_bash_operator.py for tasks to queue
[2022-09-30 12:50:45,915] {logging_mixin.py:109} INFO - [2022-09-30 12:50:45,915] {dagbag.py:500} INFO - Filling up the DagBag from /home/airflow/.local/lib/python3.7/site-packages/airflow/example_dags/example_bash_operator.py
[2022-09-30 12:50:45,949] {processor.py:654} INFO - DAG(s) dict_keys(['example_bash_operator']) retrieved from /home/airflow/.local/lib/python3.7/site-packages/airflow/example_dags/example_bash_operator.py
[2022-09-30 12:50:45,971] {logging_mixin.py:109} INFO - [2022-09-30 12:50:45,970] {dag.py:2398} INFO - Sync 1 DAGs
[2022-09-30 12:50:45,987] {logging_mixin.py:109} INFO - [2022-09-30 12:50:45,987] {dag.py:2937} INFO - Setting next_dagrun for example_bash_operator to 2022-09-29 00:00:00+00:00
[2022-09-30 12:50:45,997] {processor.py:171} INFO - Processing /home/airflow/.local/lib/python3.7/site-packages/airflow/example_dags/example_bash_operator.py took 0.088 seconds
[2022-09-30 12:51:16,717] {processor.py:163} INFO - Started process (PID=2185) to work on /home/airflow/.local/lib/python3.7/site-packages/airflow/example_dags/example_bash_operator.py
[2022-09-30 12:51:16,720] {processor.py:642} INFO - Processing file /home/airflow/.local/lib/python3.7/site-packages/airflow/example_dags/example_bash_operator.py for tasks to queue
[2022-09-30 12:51:16,721] {logging_mixin.py:109} INFO - [2022-09-30 12:51:16,721] {dagbag.py:500} INFO - Filling up the DagBag from /home/airflow/.local/lib/python3.7/site-packages/airflow/example_dags/example_bash_operator.py
[2022-09-30 12:51:16,764] {processor.py:654} INFO - DAG(s) dict_keys(['example_bash_operator']) retrieved from /home/airflow/.local/lib/python3.7/site-packages/airflow/example_dags/example_bash_operator.py
[2022-09-30 12:51:16,776] {logging_mixin.py:109} INFO - [2022-09-30 12:51:16,776] {dag.py:2398} INFO - Sync 1 DAGs
[2022-09-30 12:51:16,792] {logging_mixin.py:109} INFO - [2022-09-30 12:51:16,792] {dag.py:2937} INFO - Setting next_dagrun for example_bash_operator to 2022-09-29 00:00:00+00:00
[2022-09-30 12:51:16,804] {processor.py:171} INFO - Processing /home/airflow/.local/lib/python3.7/site-packages/airflow/example_dags/example_bash_operator.py took 0.090 seconds
[2022-09-30 12:54:36,213] {processor.py:163} INFO - Started process (PID=2253) to work on /home/airflow/.local/lib/python3.7/site-packages/airflow/example_dags/example_bash_operator.py
[2022-09-30 12:54:36,215] {processor.py:642} INFO - Processing file /home/airflow/.local/lib/python3.7/site-packages/airflow/example_dags/example_bash_operator.py for tasks to queue
[2022-09-30 12:54:36,217] {logging_mixin.py:109} INFO - [2022-09-30 12:54:36,217] {dagbag.py:500} INFO - Filling up the DagBag from /home/airflow/.local/lib/python3.7/site-packages/airflow/example_dags/example_bash_operator.py
[2022-09-30 12:54:36,264] {processor.py:654} INFO - DAG(s) dict_keys(['example_bash_operator']) retrieved from /home/airflow/.local/lib/python3.7/site-packages/airflow/example_dags/example_bash_operator.py
[2022-09-30 12:54:36,279] {logging_mixin.py:109} INFO - [2022-09-30 12:54:36,279] {dag.py:2398} INFO - Sync 1 DAGs
[2022-09-30 12:54:36,302] {logging_mixin.py:109} INFO - [2022-09-30 12:54:36,302] {dag.py:2937} INFO - Setting next_dagrun for example_bash_operator to 2022-09-29 00:00:00+00:00
[2022-09-30 12:54:36,315] {processor.py:171} INFO - Processing /home/airflow/.local/lib/python3.7/site-packages/airflow/example_dags/example_bash_operator.py took 0.106 seconds
[2022-09-30 12:59:37,344] {processor.py:163} INFO - Started process (PID=2308) to work on /home/airflow/.local/lib/python3.7/site-packages/airflow/example_dags/example_bash_operator.py
[2022-09-30 12:59:37,353] {processor.py:642} INFO - Processing file /home/airflow/.local/lib/python3.7/site-packages/airflow/example_dags/example_bash_operator.py for tasks to queue
[2022-09-30 12:59:37,356] {logging_mixin.py:109} INFO - [2022-09-30 12:59:37,356] {dagbag.py:500} INFO - Filling up the DagBag from /home/airflow/.local/lib/python3.7/site-packages/airflow/example_dags/example_bash_operator.py
[2022-09-30 12:59:37,459] {processor.py:654} INFO - DAG(s) dict_keys(['example_bash_operator']) retrieved from /home/airflow/.local/lib/python3.7/site-packages/airflow/example_dags/example_bash_operator.py
[2022-09-30 12:59:37,481] {logging_mixin.py:109} INFO - [2022-09-30 12:59:37,481] {dag.py:2398} INFO - Sync 1 DAGs
[2022-09-30 12:59:37,505] {logging_mixin.py:109} INFO - [2022-09-30 12:59:37,505] {dag.py:2937} INFO - Setting next_dagrun for example_bash_operator to 2022-09-29 00:00:00+00:00
[2022-09-30 12:59:37,517] {processor.py:171} INFO - Processing /home/airflow/.local/lib/python3.7/site-packages/airflow/example_dags/example_bash_operator.py took 0.176 seconds
[2022-09-30 13:03:09,576] {processor.py:163} INFO - Started process (PID=2381) to work on /home/airflow/.local/lib/python3.7/site-packages/airflow/example_dags/example_bash_operator.py
[2022-09-30 13:03:09,579] {processor.py:642} INFO - Processing file /home/airflow/.local/lib/python3.7/site-packages/airflow/example_dags/example_bash_operator.py for tasks to queue
[2022-09-30 13:03:09,580] {logging_mixin.py:109} INFO - [2022-09-30 13:03:09,580] {dagbag.py:500} INFO - Filling up the DagBag from /home/airflow/.local/lib/python3.7/site-packages/airflow/example_dags/example_bash_operator.py
[2022-09-30 13:03:09,757] {processor.py:654} INFO - DAG(s) dict_keys(['example_bash_operator']) retrieved from /home/airflow/.local/lib/python3.7/site-packages/airflow/example_dags/example_bash_operator.py
[2022-09-30 13:03:09,857] {logging_mixin.py:109} INFO - [2022-09-30 13:03:09,857] {dag.py:2398} INFO - Sync 1 DAGs
[2022-09-30 13:03:10,014] {logging_mixin.py:109} INFO - [2022-09-30 13:03:10,014] {dag.py:2937} INFO - Setting next_dagrun for example_bash_operator to 2022-09-29 00:00:00+00:00
[2022-09-30 13:03:10,120] {processor.py:171} INFO - Processing /home/airflow/.local/lib/python3.7/site-packages/airflow/example_dags/example_bash_operator.py took 0.557 seconds
[2022-09-30 13:03:40,229] {processor.py:163} INFO - Started process (PID=2433) to work on /home/airflow/.local/lib/python3.7/site-packages/airflow/example_dags/example_bash_operator.py
[2022-09-30 13:03:40,232] {processor.py:642} INFO - Processing file /home/airflow/.local/lib/python3.7/site-packages/airflow/example_dags/example_bash_operator.py for tasks to queue
[2022-09-30 13:03:40,235] {logging_mixin.py:109} INFO - [2022-09-30 13:03:40,234] {dagbag.py:500} INFO - Filling up the DagBag from /home/airflow/.local/lib/python3.7/site-packages/airflow/example_dags/example_bash_operator.py
[2022-09-30 13:03:40,285] {processor.py:654} INFO - DAG(s) dict_keys(['example_bash_operator']) retrieved from /home/airflow/.local/lib/python3.7/site-packages/airflow/example_dags/example_bash_operator.py
[2022-09-30 13:03:40,297] {logging_mixin.py:109} INFO - [2022-09-30 13:03:40,297] {dag.py:2398} INFO - Sync 1 DAGs
[2022-09-30 13:03:40,314] {logging_mixin.py:109} INFO - [2022-09-30 13:03:40,314] {dag.py:2937} INFO - Setting next_dagrun for example_bash_operator to 2022-09-29 00:00:00+00:00
[2022-09-30 13:03:40,326] {processor.py:171} INFO - Processing /home/airflow/.local/lib/python3.7/site-packages/airflow/example_dags/example_bash_operator.py took 0.102 seconds
[2022-09-30 13:04:11,075] {processor.py:163} INFO - Started process (PID=2494) to work on /home/airflow/.local/lib/python3.7/site-packages/airflow/example_dags/example_bash_operator.py
[2022-09-30 13:04:11,079] {processor.py:642} INFO - Processing file /home/airflow/.local/lib/python3.7/site-packages/airflow/example_dags/example_bash_operator.py for tasks to queue
[2022-09-30 13:04:11,081] {logging_mixin.py:109} INFO - [2022-09-30 13:04:11,081] {dagbag.py:500} INFO - Filling up the DagBag from /home/airflow/.local/lib/python3.7/site-packages/airflow/example_dags/example_bash_operator.py
[2022-09-30 13:04:11,143] {processor.py:654} INFO - DAG(s) dict_keys(['example_bash_operator']) retrieved from /home/airflow/.local/lib/python3.7/site-packages/airflow/example_dags/example_bash_operator.py
[2022-09-30 13:04:11,154] {logging_mixin.py:109} INFO - [2022-09-30 13:04:11,154] {dag.py:2398} INFO - Sync 1 DAGs
[2022-09-30 13:04:11,170] {logging_mixin.py:109} INFO - [2022-09-30 13:04:11,170] {dag.py:2937} INFO - Setting next_dagrun for example_bash_operator to 2022-09-29 00:00:00+00:00
[2022-09-30 13:04:11,179] {processor.py:171} INFO - Processing /home/airflow/.local/lib/python3.7/site-packages/airflow/example_dags/example_bash_operator.py took 0.111 seconds
[2022-09-30 13:04:41,676] {processor.py:163} INFO - Started process (PID=2545) to work on /home/airflow/.local/lib/python3.7/site-packages/airflow/example_dags/example_bash_operator.py
[2022-09-30 13:04:41,678] {processor.py:642} INFO - Processing file /home/airflow/.local/lib/python3.7/site-packages/airflow/example_dags/example_bash_operator.py for tasks to queue
[2022-09-30 13:04:41,680] {logging_mixin.py:109} INFO - [2022-09-30 13:04:41,679] {dagbag.py:500} INFO - Filling up the DagBag from /home/airflow/.local/lib/python3.7/site-packages/airflow/example_dags/example_bash_operator.py
[2022-09-30 13:04:41,717] {processor.py:654} INFO - DAG(s) dict_keys(['example_bash_operator']) retrieved from /home/airflow/.local/lib/python3.7/site-packages/airflow/example_dags/example_bash_operator.py
[2022-09-30 13:04:41,727] {logging_mixin.py:109} INFO - [2022-09-30 13:04:41,727] {dag.py:2398} INFO - Sync 1 DAGs
[2022-09-30 13:04:41,741] {logging_mixin.py:109} INFO - [2022-09-30 13:04:41,741] {dag.py:2937} INFO - Setting next_dagrun for example_bash_operator to 2022-09-29 00:00:00+00:00
[2022-09-30 13:04:41,751] {processor.py:171} INFO - Processing /home/airflow/.local/lib/python3.7/site-packages/airflow/example_dags/example_bash_operator.py took 0.079 seconds
[2022-09-30 13:05:11,970] {processor.py:163} INFO - Started process (PID=2596) to work on /home/airflow/.local/lib/python3.7/site-packages/airflow/example_dags/example_bash_operator.py
[2022-09-30 13:05:11,974] {processor.py:642} INFO - Processing file /home/airflow/.local/lib/python3.7/site-packages/airflow/example_dags/example_bash_operator.py for tasks to queue
[2022-09-30 13:05:11,977] {logging_mixin.py:109} INFO - [2022-09-30 13:05:11,977] {dagbag.py:500} INFO - Filling up the DagBag from /home/airflow/.local/lib/python3.7/site-packages/airflow/example_dags/example_bash_operator.py
[2022-09-30 13:05:12,045] {processor.py:654} INFO - DAG(s) dict_keys(['example_bash_operator']) retrieved from /home/airflow/.local/lib/python3.7/site-packages/airflow/example_dags/example_bash_operator.py
[2022-09-30 13:05:12,070] {logging_mixin.py:109} INFO - [2022-09-30 13:05:12,069] {dag.py:2398} INFO - Sync 1 DAGs
[2022-09-30 13:05:12,092] {logging_mixin.py:109} INFO - [2022-09-30 13:05:12,092] {dag.py:2937} INFO - Setting next_dagrun for example_bash_operator to 2022-09-29 00:00:00+00:00
[2022-09-30 13:05:12,119] {processor.py:171} INFO - Processing /home/airflow/.local/lib/python3.7/site-packages/airflow/example_dags/example_bash_operator.py took 0.155 seconds
[2022-09-30 13:05:42,620] {processor.py:163} INFO - Started process (PID=2657) to work on /home/airflow/.local/lib/python3.7/site-packages/airflow/example_dags/example_bash_operator.py
[2022-09-30 13:05:42,626] {processor.py:642} INFO - Processing file /home/airflow/.local/lib/python3.7/site-packages/airflow/example_dags/example_bash_operator.py for tasks to queue
[2022-09-30 13:05:42,629] {logging_mixin.py:109} INFO - [2022-09-30 13:05:42,629] {dagbag.py:500} INFO - Filling up the DagBag from /home/airflow/.local/lib/python3.7/site-packages/airflow/example_dags/example_bash_operator.py
[2022-09-30 13:05:42,685] {processor.py:654} INFO - DAG(s) dict_keys(['example_bash_operator']) retrieved from /home/airflow/.local/lib/python3.7/site-packages/airflow/example_dags/example_bash_operator.py
[2022-09-30 13:05:42,700] {logging_mixin.py:109} INFO - [2022-09-30 13:05:42,699] {dag.py:2398} INFO - Sync 1 DAGs
[2022-09-30 13:05:42,718] {logging_mixin.py:109} INFO - [2022-09-30 13:05:42,718] {dag.py:2937} INFO - Setting next_dagrun for example_bash_operator to 2022-09-29 00:00:00+00:00
[2022-09-30 13:05:42,731] {processor.py:171} INFO - Processing /home/airflow/.local/lib/python3.7/site-packages/airflow/example_dags/example_bash_operator.py took 0.123 seconds
