[2022-09-30 12:33:03,759] {processor.py:163} INFO - Started process (PID=196) to work on /home/airflow/.local/lib/python3.7/site-packages/airflow/example_dags/example_latest_only.py
[2022-09-30 12:33:03,762] {processor.py:642} INFO - Processing file /home/airflow/.local/lib/python3.7/site-packages/airflow/example_dags/example_latest_only.py for tasks to queue
[2022-09-30 12:33:03,764] {logging_mixin.py:109} INFO - [2022-09-30 12:33:03,764] {dagbag.py:500} INFO - Filling up the DagBag from /home/airflow/.local/lib/python3.7/site-packages/airflow/example_dags/example_latest_only.py
[2022-09-30 12:33:03,811] {processor.py:654} INFO - DAG(s) dict_keys(['latest_only']) retrieved from /home/airflow/.local/lib/python3.7/site-packages/airflow/example_dags/example_latest_only.py
[2022-09-30 12:33:05,753] {logging_mixin.py:109} INFO - [2022-09-30 12:33:05,752] {manager.py:496} INFO - Created Permission View: can edit on DAG:latest_only
[2022-09-30 12:33:05,766] {logging_mixin.py:109} INFO - [2022-09-30 12:33:05,765] {manager.py:496} INFO - Created Permission View: can read on DAG:latest_only
[2022-09-30 12:33:05,767] {logging_mixin.py:109} INFO - [2022-09-30 12:33:05,767] {dag.py:2398} INFO - Sync 1 DAGs
[2022-09-30 12:33:05,775] {logging_mixin.py:109} INFO - [2022-09-30 12:33:05,775] {dag.py:2417} INFO - Creating ORM DAG for latest_only
[2022-09-30 12:33:05,787] {logging_mixin.py:109} INFO - [2022-09-30 12:33:05,787] {dag.py:2937} INFO - Setting next_dagrun for latest_only to 2022-09-30T08:33:05.786987+00:00
[2022-09-30 12:33:05,803] {processor.py:171} INFO - Processing /home/airflow/.local/lib/python3.7/site-packages/airflow/example_dags/example_latest_only.py took 2.047 seconds
[2022-09-30 12:33:36,068] {processor.py:163} INFO - Started process (PID=267) to work on /home/airflow/.local/lib/python3.7/site-packages/airflow/example_dags/example_latest_only.py
[2022-09-30 12:33:36,070] {processor.py:642} INFO - Processing file /home/airflow/.local/lib/python3.7/site-packages/airflow/example_dags/example_latest_only.py for tasks to queue
[2022-09-30 12:33:36,072] {logging_mixin.py:109} INFO - [2022-09-30 12:33:36,072] {dagbag.py:500} INFO - Filling up the DagBag from /home/airflow/.local/lib/python3.7/site-packages/airflow/example_dags/example_latest_only.py
[2022-09-30 12:33:36,105] {processor.py:654} INFO - DAG(s) dict_keys(['latest_only']) retrieved from /home/airflow/.local/lib/python3.7/site-packages/airflow/example_dags/example_latest_only.py
[2022-09-30 12:33:36,116] {logging_mixin.py:109} INFO - [2022-09-30 12:33:36,116] {dag.py:2398} INFO - Sync 1 DAGs
[2022-09-30 12:33:36,132] {logging_mixin.py:109} INFO - [2022-09-30 12:33:36,132] {dag.py:2937} INFO - Setting next_dagrun for latest_only to 2022-09-30T08:33:36.131858+00:00
[2022-09-30 12:33:36,141] {processor.py:171} INFO - Processing /home/airflow/.local/lib/python3.7/site-packages/airflow/example_dags/example_latest_only.py took 0.077 seconds
[2022-09-30 12:34:06,237] {processor.py:163} INFO - Started process (PID=318) to work on /home/airflow/.local/lib/python3.7/site-packages/airflow/example_dags/example_latest_only.py
[2022-09-30 12:34:06,240] {processor.py:642} INFO - Processing file /home/airflow/.local/lib/python3.7/site-packages/airflow/example_dags/example_latest_only.py for tasks to queue
[2022-09-30 12:34:06,242] {logging_mixin.py:109} INFO - [2022-09-30 12:34:06,242] {dagbag.py:500} INFO - Filling up the DagBag from /home/airflow/.local/lib/python3.7/site-packages/airflow/example_dags/example_latest_only.py
[2022-09-30 12:34:06,289] {processor.py:654} INFO - DAG(s) dict_keys(['latest_only']) retrieved from /home/airflow/.local/lib/python3.7/site-packages/airflow/example_dags/example_latest_only.py
[2022-09-30 12:34:06,306] {logging_mixin.py:109} INFO - [2022-09-30 12:34:06,306] {dag.py:2398} INFO - Sync 1 DAGs
[2022-09-30 12:34:06,330] {logging_mixin.py:109} INFO - [2022-09-30 12:34:06,330] {dag.py:2937} INFO - Setting next_dagrun for latest_only to 2022-09-30T08:34:06.329792+00:00
[2022-09-30 12:34:06,343] {processor.py:171} INFO - Processing /home/airflow/.local/lib/python3.7/site-packages/airflow/example_dags/example_latest_only.py took 0.112 seconds
[2022-09-30 12:34:36,533] {processor.py:163} INFO - Started process (PID=368) to work on /home/airflow/.local/lib/python3.7/site-packages/airflow/example_dags/example_latest_only.py
[2022-09-30 12:34:36,536] {processor.py:642} INFO - Processing file /home/airflow/.local/lib/python3.7/site-packages/airflow/example_dags/example_latest_only.py for tasks to queue
[2022-09-30 12:34:36,537] {logging_mixin.py:109} INFO - [2022-09-30 12:34:36,537] {dagbag.py:500} INFO - Filling up the DagBag from /home/airflow/.local/lib/python3.7/site-packages/airflow/example_dags/example_latest_only.py
[2022-09-30 12:34:36,573] {processor.py:654} INFO - DAG(s) dict_keys(['latest_only']) retrieved from /home/airflow/.local/lib/python3.7/site-packages/airflow/example_dags/example_latest_only.py
[2022-09-30 12:34:36,589] {logging_mixin.py:109} INFO - [2022-09-30 12:34:36,589] {dag.py:2398} INFO - Sync 1 DAGs
[2022-09-30 12:34:36,609] {logging_mixin.py:109} INFO - [2022-09-30 12:34:36,609] {dag.py:2937} INFO - Setting next_dagrun for latest_only to 2022-09-30T08:34:36.609478+00:00
[2022-09-30 12:34:36,624] {processor.py:171} INFO - Processing /home/airflow/.local/lib/python3.7/site-packages/airflow/example_dags/example_latest_only.py took 0.096 seconds
[2022-09-30 12:35:07,280] {processor.py:163} INFO - Started process (PID=420) to work on /home/airflow/.local/lib/python3.7/site-packages/airflow/example_dags/example_latest_only.py
[2022-09-30 12:35:07,282] {processor.py:642} INFO - Processing file /home/airflow/.local/lib/python3.7/site-packages/airflow/example_dags/example_latest_only.py for tasks to queue
[2022-09-30 12:35:07,284] {logging_mixin.py:109} INFO - [2022-09-30 12:35:07,284] {dagbag.py:500} INFO - Filling up the DagBag from /home/airflow/.local/lib/python3.7/site-packages/airflow/example_dags/example_latest_only.py
[2022-09-30 12:35:07,334] {processor.py:654} INFO - DAG(s) dict_keys(['latest_only']) retrieved from /home/airflow/.local/lib/python3.7/site-packages/airflow/example_dags/example_latest_only.py
[2022-09-30 12:35:07,348] {logging_mixin.py:109} INFO - [2022-09-30 12:35:07,348] {dag.py:2398} INFO - Sync 1 DAGs
[2022-09-30 12:35:07,367] {logging_mixin.py:109} INFO - [2022-09-30 12:35:07,366] {dag.py:2937} INFO - Setting next_dagrun for latest_only to 2022-09-30T08:35:07.366415+00:00
[2022-09-30 12:35:07,381] {processor.py:171} INFO - Processing /home/airflow/.local/lib/python3.7/site-packages/airflow/example_dags/example_latest_only.py took 0.106 seconds
[2022-09-30 12:35:37,888] {processor.py:163} INFO - Started process (PID=480) to work on /home/airflow/.local/lib/python3.7/site-packages/airflow/example_dags/example_latest_only.py
[2022-09-30 12:35:37,890] {processor.py:642} INFO - Processing file /home/airflow/.local/lib/python3.7/site-packages/airflow/example_dags/example_latest_only.py for tasks to queue
[2022-09-30 12:35:37,892] {logging_mixin.py:109} INFO - [2022-09-30 12:35:37,891] {dagbag.py:500} INFO - Filling up the DagBag from /home/airflow/.local/lib/python3.7/site-packages/airflow/example_dags/example_latest_only.py
[2022-09-30 12:35:37,926] {processor.py:654} INFO - DAG(s) dict_keys(['latest_only']) retrieved from /home/airflow/.local/lib/python3.7/site-packages/airflow/example_dags/example_latest_only.py
[2022-09-30 12:35:37,939] {logging_mixin.py:109} INFO - [2022-09-30 12:35:37,939] {dag.py:2398} INFO - Sync 1 DAGs
[2022-09-30 12:35:37,956] {logging_mixin.py:109} INFO - [2022-09-30 12:35:37,956] {dag.py:2937} INFO - Setting next_dagrun for latest_only to 2022-09-30T08:35:37.955844+00:00
[2022-09-30 12:35:37,967] {processor.py:171} INFO - Processing /home/airflow/.local/lib/python3.7/site-packages/airflow/example_dags/example_latest_only.py took 0.084 seconds
[2022-09-30 12:36:08,088] {processor.py:163} INFO - Started process (PID=532) to work on /home/airflow/.local/lib/python3.7/site-packages/airflow/example_dags/example_latest_only.py
[2022-09-30 12:36:08,090] {processor.py:642} INFO - Processing file /home/airflow/.local/lib/python3.7/site-packages/airflow/example_dags/example_latest_only.py for tasks to queue
[2022-09-30 12:36:08,092] {logging_mixin.py:109} INFO - [2022-09-30 12:36:08,091] {dagbag.py:500} INFO - Filling up the DagBag from /home/airflow/.local/lib/python3.7/site-packages/airflow/example_dags/example_latest_only.py
[2022-09-30 12:36:08,122] {processor.py:654} INFO - DAG(s) dict_keys(['latest_only']) retrieved from /home/airflow/.local/lib/python3.7/site-packages/airflow/example_dags/example_latest_only.py
[2022-09-30 12:36:08,132] {logging_mixin.py:109} INFO - [2022-09-30 12:36:08,132] {dag.py:2398} INFO - Sync 1 DAGs
[2022-09-30 12:36:08,148] {logging_mixin.py:109} INFO - [2022-09-30 12:36:08,148] {dag.py:2937} INFO - Setting next_dagrun for latest_only to 2022-09-30T08:36:08.148172+00:00
[2022-09-30 12:36:08,159] {processor.py:171} INFO - Processing /home/airflow/.local/lib/python3.7/site-packages/airflow/example_dags/example_latest_only.py took 0.074 seconds
[2022-09-30 12:36:38,780] {processor.py:163} INFO - Started process (PID=594) to work on /home/airflow/.local/lib/python3.7/site-packages/airflow/example_dags/example_latest_only.py
[2022-09-30 12:36:38,782] {processor.py:642} INFO - Processing file /home/airflow/.local/lib/python3.7/site-packages/airflow/example_dags/example_latest_only.py for tasks to queue
[2022-09-30 12:36:38,784] {logging_mixin.py:109} INFO - [2022-09-30 12:36:38,784] {dagbag.py:500} INFO - Filling up the DagBag from /home/airflow/.local/lib/python3.7/site-packages/airflow/example_dags/example_latest_only.py
[2022-09-30 12:36:38,821] {processor.py:654} INFO - DAG(s) dict_keys(['latest_only']) retrieved from /home/airflow/.local/lib/python3.7/site-packages/airflow/example_dags/example_latest_only.py
[2022-09-30 12:36:38,837] {logging_mixin.py:109} INFO - [2022-09-30 12:36:38,837] {dag.py:2398} INFO - Sync 1 DAGs
[2022-09-30 12:36:38,876] {logging_mixin.py:109} INFO - [2022-09-30 12:36:38,876] {dag.py:2937} INFO - Setting next_dagrun for latest_only to 2022-09-30T08:36:38.875234+00:00
[2022-09-30 12:36:38,891] {processor.py:171} INFO - Processing /home/airflow/.local/lib/python3.7/site-packages/airflow/example_dags/example_latest_only.py took 0.115 seconds
[2022-09-30 12:37:09,569] {processor.py:163} INFO - Started process (PID=645) to work on /home/airflow/.local/lib/python3.7/site-packages/airflow/example_dags/example_latest_only.py
[2022-09-30 12:37:09,573] {processor.py:642} INFO - Processing file /home/airflow/.local/lib/python3.7/site-packages/airflow/example_dags/example_latest_only.py for tasks to queue
[2022-09-30 12:37:09,577] {logging_mixin.py:109} INFO - [2022-09-30 12:37:09,577] {dagbag.py:500} INFO - Filling up the DagBag from /home/airflow/.local/lib/python3.7/site-packages/airflow/example_dags/example_latest_only.py
[2022-09-30 12:37:09,633] {processor.py:654} INFO - DAG(s) dict_keys(['latest_only']) retrieved from /home/airflow/.local/lib/python3.7/site-packages/airflow/example_dags/example_latest_only.py
[2022-09-30 12:37:09,649] {logging_mixin.py:109} INFO - [2022-09-30 12:37:09,649] {dag.py:2398} INFO - Sync 1 DAGs
[2022-09-30 12:37:09,677] {logging_mixin.py:109} INFO - [2022-09-30 12:37:09,677] {dag.py:2937} INFO - Setting next_dagrun for latest_only to 2022-09-30T08:37:09.676562+00:00
[2022-09-30 12:37:09,689] {processor.py:171} INFO - Processing /home/airflow/.local/lib/python3.7/site-packages/airflow/example_dags/example_latest_only.py took 0.124 seconds
[2022-09-30 12:37:40,213] {processor.py:163} INFO - Started process (PID=696) to work on /home/airflow/.local/lib/python3.7/site-packages/airflow/example_dags/example_latest_only.py
[2022-09-30 12:37:40,216] {processor.py:642} INFO - Processing file /home/airflow/.local/lib/python3.7/site-packages/airflow/example_dags/example_latest_only.py for tasks to queue
[2022-09-30 12:37:40,218] {logging_mixin.py:109} INFO - [2022-09-30 12:37:40,218] {dagbag.py:500} INFO - Filling up the DagBag from /home/airflow/.local/lib/python3.7/site-packages/airflow/example_dags/example_latest_only.py
[2022-09-30 12:37:40,251] {processor.py:654} INFO - DAG(s) dict_keys(['latest_only']) retrieved from /home/airflow/.local/lib/python3.7/site-packages/airflow/example_dags/example_latest_only.py
[2022-09-30 12:37:40,271] {logging_mixin.py:109} INFO - [2022-09-30 12:37:40,271] {dag.py:2398} INFO - Sync 1 DAGs
[2022-09-30 12:37:40,297] {logging_mixin.py:109} INFO - [2022-09-30 12:37:40,297] {dag.py:2937} INFO - Setting next_dagrun for latest_only to 2022-09-30T08:37:40.296841+00:00
[2022-09-30 12:37:40,308] {processor.py:171} INFO - Processing /home/airflow/.local/lib/python3.7/site-packages/airflow/example_dags/example_latest_only.py took 0.126 seconds
[2022-09-30 12:38:10,593] {processor.py:163} INFO - Started process (PID=756) to work on /home/airflow/.local/lib/python3.7/site-packages/airflow/example_dags/example_latest_only.py
[2022-09-30 12:38:10,597] {processor.py:642} INFO - Processing file /home/airflow/.local/lib/python3.7/site-packages/airflow/example_dags/example_latest_only.py for tasks to queue
[2022-09-30 12:38:10,600] {logging_mixin.py:109} INFO - [2022-09-30 12:38:10,600] {dagbag.py:500} INFO - Filling up the DagBag from /home/airflow/.local/lib/python3.7/site-packages/airflow/example_dags/example_latest_only.py
[2022-09-30 12:38:10,634] {processor.py:654} INFO - DAG(s) dict_keys(['latest_only']) retrieved from /home/airflow/.local/lib/python3.7/site-packages/airflow/example_dags/example_latest_only.py
[2022-09-30 12:38:10,645] {logging_mixin.py:109} INFO - [2022-09-30 12:38:10,645] {dag.py:2398} INFO - Sync 1 DAGs
[2022-09-30 12:38:10,663] {logging_mixin.py:109} INFO - [2022-09-30 12:38:10,662] {dag.py:2937} INFO - Setting next_dagrun for latest_only to 2022-09-30T08:38:10.662635+00:00
[2022-09-30 12:38:10,674] {processor.py:171} INFO - Processing /home/airflow/.local/lib/python3.7/site-packages/airflow/example_dags/example_latest_only.py took 0.085 seconds
[2022-09-30 12:38:41,255] {processor.py:163} INFO - Started process (PID=807) to work on /home/airflow/.local/lib/python3.7/site-packages/airflow/example_dags/example_latest_only.py
[2022-09-30 12:38:41,257] {processor.py:642} INFO - Processing file /home/airflow/.local/lib/python3.7/site-packages/airflow/example_dags/example_latest_only.py for tasks to queue
[2022-09-30 12:38:41,259] {logging_mixin.py:109} INFO - [2022-09-30 12:38:41,259] {dagbag.py:500} INFO - Filling up the DagBag from /home/airflow/.local/lib/python3.7/site-packages/airflow/example_dags/example_latest_only.py
[2022-09-30 12:38:41,301] {processor.py:654} INFO - DAG(s) dict_keys(['latest_only']) retrieved from /home/airflow/.local/lib/python3.7/site-packages/airflow/example_dags/example_latest_only.py
[2022-09-30 12:38:41,313] {logging_mixin.py:109} INFO - [2022-09-30 12:38:41,313] {dag.py:2398} INFO - Sync 1 DAGs
[2022-09-30 12:38:41,336] {logging_mixin.py:109} INFO - [2022-09-30 12:38:41,336] {dag.py:2937} INFO - Setting next_dagrun for latest_only to 2022-09-30T08:38:41.336028+00:00
[2022-09-30 12:38:41,351] {processor.py:171} INFO - Processing /home/airflow/.local/lib/python3.7/site-packages/airflow/example_dags/example_latest_only.py took 0.100 seconds
[2022-09-30 12:39:11,972] {processor.py:163} INFO - Started process (PID=867) to work on /home/airflow/.local/lib/python3.7/site-packages/airflow/example_dags/example_latest_only.py
[2022-09-30 12:39:11,974] {processor.py:642} INFO - Processing file /home/airflow/.local/lib/python3.7/site-packages/airflow/example_dags/example_latest_only.py for tasks to queue
[2022-09-30 12:39:11,976] {logging_mixin.py:109} INFO - [2022-09-30 12:39:11,976] {dagbag.py:500} INFO - Filling up the DagBag from /home/airflow/.local/lib/python3.7/site-packages/airflow/example_dags/example_latest_only.py
[2022-09-30 12:39:12,017] {processor.py:654} INFO - DAG(s) dict_keys(['latest_only']) retrieved from /home/airflow/.local/lib/python3.7/site-packages/airflow/example_dags/example_latest_only.py
[2022-09-30 12:39:12,028] {logging_mixin.py:109} INFO - [2022-09-30 12:39:12,028] {dag.py:2398} INFO - Sync 1 DAGs
[2022-09-30 12:39:12,047] {logging_mixin.py:109} INFO - [2022-09-30 12:39:12,047] {dag.py:2937} INFO - Setting next_dagrun for latest_only to 2022-09-30T08:39:12.047166+00:00
[2022-09-30 12:39:12,061] {processor.py:171} INFO - Processing /home/airflow/.local/lib/python3.7/site-packages/airflow/example_dags/example_latest_only.py took 0.092 seconds
[2022-09-30 12:39:42,303] {processor.py:163} INFO - Started process (PID=918) to work on /home/airflow/.local/lib/python3.7/site-packages/airflow/example_dags/example_latest_only.py
[2022-09-30 12:39:42,305] {processor.py:642} INFO - Processing file /home/airflow/.local/lib/python3.7/site-packages/airflow/example_dags/example_latest_only.py for tasks to queue
[2022-09-30 12:39:42,306] {logging_mixin.py:109} INFO - [2022-09-30 12:39:42,306] {dagbag.py:500} INFO - Filling up the DagBag from /home/airflow/.local/lib/python3.7/site-packages/airflow/example_dags/example_latest_only.py
[2022-09-30 12:39:42,336] {processor.py:654} INFO - DAG(s) dict_keys(['latest_only']) retrieved from /home/airflow/.local/lib/python3.7/site-packages/airflow/example_dags/example_latest_only.py
[2022-09-30 12:39:42,347] {logging_mixin.py:109} INFO - [2022-09-30 12:39:42,347] {dag.py:2398} INFO - Sync 1 DAGs
[2022-09-30 12:39:42,365] {logging_mixin.py:109} INFO - [2022-09-30 12:39:42,365] {dag.py:2937} INFO - Setting next_dagrun for latest_only to 2022-09-30T08:39:42.365201+00:00
[2022-09-30 12:39:42,377] {processor.py:171} INFO - Processing /home/airflow/.local/lib/python3.7/site-packages/airflow/example_dags/example_latest_only.py took 0.077 seconds
[2022-09-30 12:40:13,772] {processor.py:163} INFO - Started process (PID=978) to work on /home/airflow/.local/lib/python3.7/site-packages/airflow/example_dags/example_latest_only.py
[2022-09-30 12:40:13,778] {processor.py:642} INFO - Processing file /home/airflow/.local/lib/python3.7/site-packages/airflow/example_dags/example_latest_only.py for tasks to queue
[2022-09-30 12:40:13,781] {logging_mixin.py:109} INFO - [2022-09-30 12:40:13,781] {dagbag.py:500} INFO - Filling up the DagBag from /home/airflow/.local/lib/python3.7/site-packages/airflow/example_dags/example_latest_only.py
[2022-09-30 12:40:13,837] {processor.py:654} INFO - DAG(s) dict_keys(['latest_only']) retrieved from /home/airflow/.local/lib/python3.7/site-packages/airflow/example_dags/example_latest_only.py
[2022-09-30 12:40:13,856] {logging_mixin.py:109} INFO - [2022-09-30 12:40:13,856] {dag.py:2398} INFO - Sync 1 DAGs
[2022-09-30 12:40:13,887] {logging_mixin.py:109} INFO - [2022-09-30 12:40:13,887] {dag.py:2937} INFO - Setting next_dagrun for latest_only to 2022-09-30T08:40:13.886993+00:00
[2022-09-30 12:40:13,928] {processor.py:171} INFO - Processing /home/airflow/.local/lib/python3.7/site-packages/airflow/example_dags/example_latest_only.py took 0.169 seconds
[2022-09-30 12:40:44,610] {processor.py:163} INFO - Started process (PID=1029) to work on /home/airflow/.local/lib/python3.7/site-packages/airflow/example_dags/example_latest_only.py
[2022-09-30 12:40:44,612] {processor.py:642} INFO - Processing file /home/airflow/.local/lib/python3.7/site-packages/airflow/example_dags/example_latest_only.py for tasks to queue
[2022-09-30 12:40:44,614] {logging_mixin.py:109} INFO - [2022-09-30 12:40:44,614] {dagbag.py:500} INFO - Filling up the DagBag from /home/airflow/.local/lib/python3.7/site-packages/airflow/example_dags/example_latest_only.py
[2022-09-30 12:40:44,645] {processor.py:654} INFO - DAG(s) dict_keys(['latest_only']) retrieved from /home/airflow/.local/lib/python3.7/site-packages/airflow/example_dags/example_latest_only.py
[2022-09-30 12:40:44,655] {logging_mixin.py:109} INFO - [2022-09-30 12:40:44,654] {dag.py:2398} INFO - Sync 1 DAGs
[2022-09-30 12:40:44,670] {logging_mixin.py:109} INFO - [2022-09-30 12:40:44,670] {dag.py:2937} INFO - Setting next_dagrun for latest_only to 2022-09-30T08:40:44.669809+00:00
[2022-09-30 12:40:44,683] {processor.py:171} INFO - Processing /home/airflow/.local/lib/python3.7/site-packages/airflow/example_dags/example_latest_only.py took 0.077 seconds
[2022-09-30 12:41:15,201] {processor.py:163} INFO - Started process (PID=1080) to work on /home/airflow/.local/lib/python3.7/site-packages/airflow/example_dags/example_latest_only.py
[2022-09-30 12:41:15,204] {processor.py:642} INFO - Processing file /home/airflow/.local/lib/python3.7/site-packages/airflow/example_dags/example_latest_only.py for tasks to queue
[2022-09-30 12:41:15,206] {logging_mixin.py:109} INFO - [2022-09-30 12:41:15,206] {dagbag.py:500} INFO - Filling up the DagBag from /home/airflow/.local/lib/python3.7/site-packages/airflow/example_dags/example_latest_only.py
[2022-09-30 12:41:15,254] {processor.py:654} INFO - DAG(s) dict_keys(['latest_only']) retrieved from /home/airflow/.local/lib/python3.7/site-packages/airflow/example_dags/example_latest_only.py
[2022-09-30 12:41:15,266] {logging_mixin.py:109} INFO - [2022-09-30 12:41:15,266] {dag.py:2398} INFO - Sync 1 DAGs
[2022-09-30 12:41:15,284] {logging_mixin.py:109} INFO - [2022-09-30 12:41:15,284] {dag.py:2937} INFO - Setting next_dagrun for latest_only to 2022-09-30T08:41:15.283817+00:00
[2022-09-30 12:41:15,294] {processor.py:171} INFO - Processing /home/airflow/.local/lib/python3.7/site-packages/airflow/example_dags/example_latest_only.py took 0.097 seconds
[2022-09-30 12:41:45,591] {processor.py:163} INFO - Started process (PID=1141) to work on /home/airflow/.local/lib/python3.7/site-packages/airflow/example_dags/example_latest_only.py
[2022-09-30 12:41:45,593] {processor.py:642} INFO - Processing file /home/airflow/.local/lib/python3.7/site-packages/airflow/example_dags/example_latest_only.py for tasks to queue
[2022-09-30 12:41:45,594] {logging_mixin.py:109} INFO - [2022-09-30 12:41:45,594] {dagbag.py:500} INFO - Filling up the DagBag from /home/airflow/.local/lib/python3.7/site-packages/airflow/example_dags/example_latest_only.py
[2022-09-30 12:41:45,641] {processor.py:654} INFO - DAG(s) dict_keys(['latest_only']) retrieved from /home/airflow/.local/lib/python3.7/site-packages/airflow/example_dags/example_latest_only.py
[2022-09-30 12:41:45,654] {logging_mixin.py:109} INFO - [2022-09-30 12:41:45,654] {dag.py:2398} INFO - Sync 1 DAGs
[2022-09-30 12:41:45,672] {logging_mixin.py:109} INFO - [2022-09-30 12:41:45,672] {dag.py:2937} INFO - Setting next_dagrun for latest_only to 2022-09-30T08:41:45.672348+00:00
[2022-09-30 12:41:45,686] {processor.py:171} INFO - Processing /home/airflow/.local/lib/python3.7/site-packages/airflow/example_dags/example_latest_only.py took 0.099 seconds
[2022-09-30 12:42:15,944] {processor.py:163} INFO - Started process (PID=1193) to work on /home/airflow/.local/lib/python3.7/site-packages/airflow/example_dags/example_latest_only.py
[2022-09-30 12:42:15,946] {processor.py:642} INFO - Processing file /home/airflow/.local/lib/python3.7/site-packages/airflow/example_dags/example_latest_only.py for tasks to queue
[2022-09-30 12:42:15,947] {logging_mixin.py:109} INFO - [2022-09-30 12:42:15,947] {dagbag.py:500} INFO - Filling up the DagBag from /home/airflow/.local/lib/python3.7/site-packages/airflow/example_dags/example_latest_only.py
[2022-09-30 12:42:15,976] {processor.py:654} INFO - DAG(s) dict_keys(['latest_only']) retrieved from /home/airflow/.local/lib/python3.7/site-packages/airflow/example_dags/example_latest_only.py
[2022-09-30 12:42:15,986] {logging_mixin.py:109} INFO - [2022-09-30 12:42:15,986] {dag.py:2398} INFO - Sync 1 DAGs
[2022-09-30 12:42:16,000] {logging_mixin.py:109} INFO - [2022-09-30 12:42:16,000] {dag.py:2937} INFO - Setting next_dagrun for latest_only to 2022-09-30T08:42:16.000489+00:00
[2022-09-30 12:42:16,010] {processor.py:171} INFO - Processing /home/airflow/.local/lib/python3.7/site-packages/airflow/example_dags/example_latest_only.py took 0.070 seconds
[2022-09-30 12:42:46,279] {processor.py:163} INFO - Started process (PID=1254) to work on /home/airflow/.local/lib/python3.7/site-packages/airflow/example_dags/example_latest_only.py
[2022-09-30 12:42:46,281] {processor.py:642} INFO - Processing file /home/airflow/.local/lib/python3.7/site-packages/airflow/example_dags/example_latest_only.py for tasks to queue
[2022-09-30 12:42:46,283] {logging_mixin.py:109} INFO - [2022-09-30 12:42:46,283] {dagbag.py:500} INFO - Filling up the DagBag from /home/airflow/.local/lib/python3.7/site-packages/airflow/example_dags/example_latest_only.py
[2022-09-30 12:42:46,321] {processor.py:654} INFO - DAG(s) dict_keys(['latest_only']) retrieved from /home/airflow/.local/lib/python3.7/site-packages/airflow/example_dags/example_latest_only.py
[2022-09-30 12:42:46,331] {logging_mixin.py:109} INFO - [2022-09-30 12:42:46,331] {dag.py:2398} INFO - Sync 1 DAGs
[2022-09-30 12:42:46,348] {logging_mixin.py:109} INFO - [2022-09-30 12:42:46,348] {dag.py:2937} INFO - Setting next_dagrun for latest_only to 2022-09-30T08:42:46.348195+00:00
[2022-09-30 12:42:46,359] {processor.py:171} INFO - Processing /home/airflow/.local/lib/python3.7/site-packages/airflow/example_dags/example_latest_only.py took 0.086 seconds
[2022-09-30 12:43:17,343] {processor.py:163} INFO - Started process (PID=1306) to work on /home/airflow/.local/lib/python3.7/site-packages/airflow/example_dags/example_latest_only.py
[2022-09-30 12:43:17,345] {processor.py:642} INFO - Processing file /home/airflow/.local/lib/python3.7/site-packages/airflow/example_dags/example_latest_only.py for tasks to queue
[2022-09-30 12:43:17,346] {logging_mixin.py:109} INFO - [2022-09-30 12:43:17,346] {dagbag.py:500} INFO - Filling up the DagBag from /home/airflow/.local/lib/python3.7/site-packages/airflow/example_dags/example_latest_only.py
[2022-09-30 12:43:17,375] {processor.py:654} INFO - DAG(s) dict_keys(['latest_only']) retrieved from /home/airflow/.local/lib/python3.7/site-packages/airflow/example_dags/example_latest_only.py
[2022-09-30 12:43:17,386] {logging_mixin.py:109} INFO - [2022-09-30 12:43:17,386] {dag.py:2398} INFO - Sync 1 DAGs
[2022-09-30 12:43:17,402] {logging_mixin.py:109} INFO - [2022-09-30 12:43:17,401] {dag.py:2937} INFO - Setting next_dagrun for latest_only to 2022-09-30T08:43:17.401695+00:00
[2022-09-30 12:43:17,413] {processor.py:171} INFO - Processing /home/airflow/.local/lib/python3.7/site-packages/airflow/example_dags/example_latest_only.py took 0.073 seconds
[2022-09-30 12:43:47,740] {processor.py:163} INFO - Started process (PID=1364) to work on /home/airflow/.local/lib/python3.7/site-packages/airflow/example_dags/example_latest_only.py
[2022-09-30 12:43:47,743] {processor.py:642} INFO - Processing file /home/airflow/.local/lib/python3.7/site-packages/airflow/example_dags/example_latest_only.py for tasks to queue
[2022-09-30 12:43:47,744] {logging_mixin.py:109} INFO - [2022-09-30 12:43:47,744] {dagbag.py:500} INFO - Filling up the DagBag from /home/airflow/.local/lib/python3.7/site-packages/airflow/example_dags/example_latest_only.py
[2022-09-30 12:43:47,783] {processor.py:654} INFO - DAG(s) dict_keys(['latest_only']) retrieved from /home/airflow/.local/lib/python3.7/site-packages/airflow/example_dags/example_latest_only.py
[2022-09-30 12:43:47,797] {logging_mixin.py:109} INFO - [2022-09-30 12:43:47,797] {dag.py:2398} INFO - Sync 1 DAGs
[2022-09-30 12:43:47,814] {logging_mixin.py:109} INFO - [2022-09-30 12:43:47,814] {dag.py:2937} INFO - Setting next_dagrun for latest_only to 2022-09-30T08:43:47.814490+00:00
[2022-09-30 12:43:47,828] {processor.py:171} INFO - Processing /home/airflow/.local/lib/python3.7/site-packages/airflow/example_dags/example_latest_only.py took 0.091 seconds
[2022-09-30 12:44:18,843] {processor.py:163} INFO - Started process (PID=1417) to work on /home/airflow/.local/lib/python3.7/site-packages/airflow/example_dags/example_latest_only.py
[2022-09-30 12:44:18,845] {processor.py:642} INFO - Processing file /home/airflow/.local/lib/python3.7/site-packages/airflow/example_dags/example_latest_only.py for tasks to queue
[2022-09-30 12:44:18,846] {logging_mixin.py:109} INFO - [2022-09-30 12:44:18,846] {dagbag.py:500} INFO - Filling up the DagBag from /home/airflow/.local/lib/python3.7/site-packages/airflow/example_dags/example_latest_only.py
[2022-09-30 12:44:18,876] {processor.py:654} INFO - DAG(s) dict_keys(['latest_only']) retrieved from /home/airflow/.local/lib/python3.7/site-packages/airflow/example_dags/example_latest_only.py
[2022-09-30 12:44:18,887] {logging_mixin.py:109} INFO - [2022-09-30 12:44:18,887] {dag.py:2398} INFO - Sync 1 DAGs
[2022-09-30 12:44:18,905] {logging_mixin.py:109} INFO - [2022-09-30 12:44:18,905] {dag.py:2937} INFO - Setting next_dagrun for latest_only to 2022-09-30T08:44:18.905065+00:00
[2022-09-30 12:44:18,917] {processor.py:171} INFO - Processing /home/airflow/.local/lib/python3.7/site-packages/airflow/example_dags/example_latest_only.py took 0.077 seconds
[2022-09-30 12:44:49,265] {processor.py:163} INFO - Started process (PID=1469) to work on /home/airflow/.local/lib/python3.7/site-packages/airflow/example_dags/example_latest_only.py
[2022-09-30 12:44:49,267] {processor.py:642} INFO - Processing file /home/airflow/.local/lib/python3.7/site-packages/airflow/example_dags/example_latest_only.py for tasks to queue
[2022-09-30 12:44:49,269] {logging_mixin.py:109} INFO - [2022-09-30 12:44:49,268] {dagbag.py:500} INFO - Filling up the DagBag from /home/airflow/.local/lib/python3.7/site-packages/airflow/example_dags/example_latest_only.py
[2022-09-30 12:44:49,301] {processor.py:654} INFO - DAG(s) dict_keys(['latest_only']) retrieved from /home/airflow/.local/lib/python3.7/site-packages/airflow/example_dags/example_latest_only.py
[2022-09-30 12:44:49,312] {logging_mixin.py:109} INFO - [2022-09-30 12:44:49,311] {dag.py:2398} INFO - Sync 1 DAGs
[2022-09-30 12:44:49,327] {logging_mixin.py:109} INFO - [2022-09-30 12:44:49,327] {dag.py:2937} INFO - Setting next_dagrun for latest_only to 2022-09-30T08:44:49.327125+00:00
[2022-09-30 12:44:49,339] {processor.py:171} INFO - Processing /home/airflow/.local/lib/python3.7/site-packages/airflow/example_dags/example_latest_only.py took 0.078 seconds
[2022-09-30 12:45:19,774] {processor.py:163} INFO - Started process (PID=1529) to work on /home/airflow/.local/lib/python3.7/site-packages/airflow/example_dags/example_latest_only.py
[2022-09-30 12:45:19,776] {processor.py:642} INFO - Processing file /home/airflow/.local/lib/python3.7/site-packages/airflow/example_dags/example_latest_only.py for tasks to queue
[2022-09-30 12:45:19,777] {logging_mixin.py:109} INFO - [2022-09-30 12:45:19,777] {dagbag.py:500} INFO - Filling up the DagBag from /home/airflow/.local/lib/python3.7/site-packages/airflow/example_dags/example_latest_only.py
[2022-09-30 12:45:19,808] {processor.py:654} INFO - DAG(s) dict_keys(['latest_only']) retrieved from /home/airflow/.local/lib/python3.7/site-packages/airflow/example_dags/example_latest_only.py
[2022-09-30 12:45:19,821] {logging_mixin.py:109} INFO - [2022-09-30 12:45:19,821] {dag.py:2398} INFO - Sync 1 DAGs
[2022-09-30 12:45:19,840] {logging_mixin.py:109} INFO - [2022-09-30 12:45:19,840] {dag.py:2937} INFO - Setting next_dagrun for latest_only to 2022-09-30T08:45:19.839900+00:00
[2022-09-30 12:45:19,853] {processor.py:171} INFO - Processing /home/airflow/.local/lib/python3.7/site-packages/airflow/example_dags/example_latest_only.py took 0.082 seconds
[2022-09-30 12:45:50,096] {processor.py:163} INFO - Started process (PID=1580) to work on /home/airflow/.local/lib/python3.7/site-packages/airflow/example_dags/example_latest_only.py
[2022-09-30 12:45:50,097] {processor.py:642} INFO - Processing file /home/airflow/.local/lib/python3.7/site-packages/airflow/example_dags/example_latest_only.py for tasks to queue
[2022-09-30 12:45:50,099] {logging_mixin.py:109} INFO - [2022-09-30 12:45:50,099] {dagbag.py:500} INFO - Filling up the DagBag from /home/airflow/.local/lib/python3.7/site-packages/airflow/example_dags/example_latest_only.py
[2022-09-30 12:45:50,154] {processor.py:654} INFO - DAG(s) dict_keys(['latest_only']) retrieved from /home/airflow/.local/lib/python3.7/site-packages/airflow/example_dags/example_latest_only.py
[2022-09-30 12:45:50,167] {logging_mixin.py:109} INFO - [2022-09-30 12:45:50,166] {dag.py:2398} INFO - Sync 1 DAGs
[2022-09-30 12:45:50,185] {logging_mixin.py:109} INFO - [2022-09-30 12:45:50,185] {dag.py:2937} INFO - Setting next_dagrun for latest_only to 2022-09-30T08:45:50.185179+00:00
[2022-09-30 12:45:50,227] {processor.py:171} INFO - Processing /home/airflow/.local/lib/python3.7/site-packages/airflow/example_dags/example_latest_only.py took 0.134 seconds
[2022-09-30 12:46:20,605] {processor.py:163} INFO - Started process (PID=1640) to work on /home/airflow/.local/lib/python3.7/site-packages/airflow/example_dags/example_latest_only.py
[2022-09-30 12:46:20,608] {processor.py:642} INFO - Processing file /home/airflow/.local/lib/python3.7/site-packages/airflow/example_dags/example_latest_only.py for tasks to queue
[2022-09-30 12:46:20,609] {logging_mixin.py:109} INFO - [2022-09-30 12:46:20,609] {dagbag.py:500} INFO - Filling up the DagBag from /home/airflow/.local/lib/python3.7/site-packages/airflow/example_dags/example_latest_only.py
[2022-09-30 12:46:20,637] {processor.py:654} INFO - DAG(s) dict_keys(['latest_only']) retrieved from /home/airflow/.local/lib/python3.7/site-packages/airflow/example_dags/example_latest_only.py
[2022-09-30 12:46:20,647] {logging_mixin.py:109} INFO - [2022-09-30 12:46:20,647] {dag.py:2398} INFO - Sync 1 DAGs
[2022-09-30 12:46:20,662] {logging_mixin.py:109} INFO - [2022-09-30 12:46:20,661] {dag.py:2937} INFO - Setting next_dagrun for latest_only to 2022-09-30T08:46:20.661663+00:00
[2022-09-30 12:46:20,671] {processor.py:171} INFO - Processing /home/airflow/.local/lib/python3.7/site-packages/airflow/example_dags/example_latest_only.py took 0.069 seconds
[2022-09-30 12:46:51,022] {processor.py:163} INFO - Started process (PID=1692) to work on /home/airflow/.local/lib/python3.7/site-packages/airflow/example_dags/example_latest_only.py
[2022-09-30 12:46:51,024] {processor.py:642} INFO - Processing file /home/airflow/.local/lib/python3.7/site-packages/airflow/example_dags/example_latest_only.py for tasks to queue
[2022-09-30 12:46:51,026] {logging_mixin.py:109} INFO - [2022-09-30 12:46:51,026] {dagbag.py:500} INFO - Filling up the DagBag from /home/airflow/.local/lib/python3.7/site-packages/airflow/example_dags/example_latest_only.py
[2022-09-30 12:46:51,061] {processor.py:654} INFO - DAG(s) dict_keys(['latest_only']) retrieved from /home/airflow/.local/lib/python3.7/site-packages/airflow/example_dags/example_latest_only.py
[2022-09-30 12:46:51,072] {logging_mixin.py:109} INFO - [2022-09-30 12:46:51,072] {dag.py:2398} INFO - Sync 1 DAGs
[2022-09-30 12:46:51,089] {logging_mixin.py:109} INFO - [2022-09-30 12:46:51,089] {dag.py:2937} INFO - Setting next_dagrun for latest_only to 2022-09-30T08:46:51.088930+00:00
[2022-09-30 12:46:51,099] {processor.py:171} INFO - Processing /home/airflow/.local/lib/python3.7/site-packages/airflow/example_dags/example_latest_only.py took 0.081 seconds
[2022-09-30 12:47:21,638] {processor.py:163} INFO - Started process (PID=1753) to work on /home/airflow/.local/lib/python3.7/site-packages/airflow/example_dags/example_latest_only.py
[2022-09-30 12:47:21,640] {processor.py:642} INFO - Processing file /home/airflow/.local/lib/python3.7/site-packages/airflow/example_dags/example_latest_only.py for tasks to queue
[2022-09-30 12:47:21,642] {logging_mixin.py:109} INFO - [2022-09-30 12:47:21,642] {dagbag.py:500} INFO - Filling up the DagBag from /home/airflow/.local/lib/python3.7/site-packages/airflow/example_dags/example_latest_only.py
[2022-09-30 12:47:21,675] {processor.py:654} INFO - DAG(s) dict_keys(['latest_only']) retrieved from /home/airflow/.local/lib/python3.7/site-packages/airflow/example_dags/example_latest_only.py
[2022-09-30 12:47:21,690] {logging_mixin.py:109} INFO - [2022-09-30 12:47:21,690] {dag.py:2398} INFO - Sync 1 DAGs
[2022-09-30 12:47:21,707] {logging_mixin.py:109} INFO - [2022-09-30 12:47:21,707] {dag.py:2937} INFO - Setting next_dagrun for latest_only to 2022-09-30T08:47:21.706842+00:00
[2022-09-30 12:47:21,717] {processor.py:171} INFO - Processing /home/airflow/.local/lib/python3.7/site-packages/airflow/example_dags/example_latest_only.py took 0.082 seconds
[2022-09-30 12:47:52,247] {processor.py:163} INFO - Started process (PID=1804) to work on /home/airflow/.local/lib/python3.7/site-packages/airflow/example_dags/example_latest_only.py
[2022-09-30 12:47:52,250] {processor.py:642} INFO - Processing file /home/airflow/.local/lib/python3.7/site-packages/airflow/example_dags/example_latest_only.py for tasks to queue
[2022-09-30 12:47:52,253] {logging_mixin.py:109} INFO - [2022-09-30 12:47:52,253] {dagbag.py:500} INFO - Filling up the DagBag from /home/airflow/.local/lib/python3.7/site-packages/airflow/example_dags/example_latest_only.py
[2022-09-30 12:47:52,284] {processor.py:654} INFO - DAG(s) dict_keys(['latest_only']) retrieved from /home/airflow/.local/lib/python3.7/site-packages/airflow/example_dags/example_latest_only.py
[2022-09-30 12:47:52,294] {logging_mixin.py:109} INFO - [2022-09-30 12:47:52,293] {dag.py:2398} INFO - Sync 1 DAGs
[2022-09-30 12:47:52,309] {logging_mixin.py:109} INFO - [2022-09-30 12:47:52,309] {dag.py:2937} INFO - Setting next_dagrun for latest_only to 2022-09-30T08:47:52.308835+00:00
[2022-09-30 12:47:52,318] {processor.py:171} INFO - Processing /home/airflow/.local/lib/python3.7/site-packages/airflow/example_dags/example_latest_only.py took 0.075 seconds
[2022-09-30 12:48:22,775] {processor.py:163} INFO - Started process (PID=1865) to work on /home/airflow/.local/lib/python3.7/site-packages/airflow/example_dags/example_latest_only.py
[2022-09-30 12:48:22,779] {processor.py:642} INFO - Processing file /home/airflow/.local/lib/python3.7/site-packages/airflow/example_dags/example_latest_only.py for tasks to queue
[2022-09-30 12:48:22,781] {logging_mixin.py:109} INFO - [2022-09-30 12:48:22,780] {dagbag.py:500} INFO - Filling up the DagBag from /home/airflow/.local/lib/python3.7/site-packages/airflow/example_dags/example_latest_only.py
[2022-09-30 12:48:22,821] {processor.py:654} INFO - DAG(s) dict_keys(['latest_only']) retrieved from /home/airflow/.local/lib/python3.7/site-packages/airflow/example_dags/example_latest_only.py
[2022-09-30 12:48:22,833] {logging_mixin.py:109} INFO - [2022-09-30 12:48:22,833] {dag.py:2398} INFO - Sync 1 DAGs
[2022-09-30 12:48:22,849] {logging_mixin.py:109} INFO - [2022-09-30 12:48:22,849] {dag.py:2937} INFO - Setting next_dagrun for latest_only to 2022-09-30T08:48:22.849238+00:00
[2022-09-30 12:48:22,863] {processor.py:171} INFO - Processing /home/airflow/.local/lib/python3.7/site-packages/airflow/example_dags/example_latest_only.py took 0.101 seconds
[2022-09-30 12:48:53,185] {processor.py:163} INFO - Started process (PID=1917) to work on /home/airflow/.local/lib/python3.7/site-packages/airflow/example_dags/example_latest_only.py
[2022-09-30 12:48:53,219] {processor.py:642} INFO - Processing file /home/airflow/.local/lib/python3.7/site-packages/airflow/example_dags/example_latest_only.py for tasks to queue
[2022-09-30 12:48:53,221] {logging_mixin.py:109} INFO - [2022-09-30 12:48:53,220] {dagbag.py:500} INFO - Filling up the DagBag from /home/airflow/.local/lib/python3.7/site-packages/airflow/example_dags/example_latest_only.py
[2022-09-30 12:48:53,252] {processor.py:654} INFO - DAG(s) dict_keys(['latest_only']) retrieved from /home/airflow/.local/lib/python3.7/site-packages/airflow/example_dags/example_latest_only.py
[2022-09-30 12:48:53,265] {logging_mixin.py:109} INFO - [2022-09-30 12:48:53,265] {dag.py:2398} INFO - Sync 1 DAGs
[2022-09-30 12:48:53,283] {logging_mixin.py:109} INFO - [2022-09-30 12:48:53,283] {dag.py:2937} INFO - Setting next_dagrun for latest_only to 2022-09-30T08:48:53.283466+00:00
[2022-09-30 12:48:53,296] {processor.py:171} INFO - Processing /home/airflow/.local/lib/python3.7/site-packages/airflow/example_dags/example_latest_only.py took 0.116 seconds
[2022-09-30 12:49:23,530] {processor.py:163} INFO - Started process (PID=1968) to work on /home/airflow/.local/lib/python3.7/site-packages/airflow/example_dags/example_latest_only.py
[2022-09-30 12:49:23,532] {processor.py:642} INFO - Processing file /home/airflow/.local/lib/python3.7/site-packages/airflow/example_dags/example_latest_only.py for tasks to queue
[2022-09-30 12:49:23,533] {logging_mixin.py:109} INFO - [2022-09-30 12:49:23,533] {dagbag.py:500} INFO - Filling up the DagBag from /home/airflow/.local/lib/python3.7/site-packages/airflow/example_dags/example_latest_only.py
[2022-09-30 12:49:23,566] {processor.py:654} INFO - DAG(s) dict_keys(['latest_only']) retrieved from /home/airflow/.local/lib/python3.7/site-packages/airflow/example_dags/example_latest_only.py
[2022-09-30 12:49:23,577] {logging_mixin.py:109} INFO - [2022-09-30 12:49:23,577] {dag.py:2398} INFO - Sync 1 DAGs
[2022-09-30 12:49:23,592] {logging_mixin.py:109} INFO - [2022-09-30 12:49:23,592] {dag.py:2937} INFO - Setting next_dagrun for latest_only to 2022-09-30T08:49:23.592315+00:00
[2022-09-30 12:49:23,603] {processor.py:171} INFO - Processing /home/airflow/.local/lib/python3.7/site-packages/airflow/example_dags/example_latest_only.py took 0.076 seconds
[2022-09-30 12:49:53,946] {processor.py:163} INFO - Started process (PID=2029) to work on /home/airflow/.local/lib/python3.7/site-packages/airflow/example_dags/example_latest_only.py
[2022-09-30 12:49:53,949] {processor.py:642} INFO - Processing file /home/airflow/.local/lib/python3.7/site-packages/airflow/example_dags/example_latest_only.py for tasks to queue
[2022-09-30 12:49:53,951] {logging_mixin.py:109} INFO - [2022-09-30 12:49:53,951] {dagbag.py:500} INFO - Filling up the DagBag from /home/airflow/.local/lib/python3.7/site-packages/airflow/example_dags/example_latest_only.py
[2022-09-30 12:49:53,986] {processor.py:654} INFO - DAG(s) dict_keys(['latest_only']) retrieved from /home/airflow/.local/lib/python3.7/site-packages/airflow/example_dags/example_latest_only.py
[2022-09-30 12:49:54,000] {logging_mixin.py:109} INFO - [2022-09-30 12:49:54,000] {dag.py:2398} INFO - Sync 1 DAGs
[2022-09-30 12:49:54,018] {logging_mixin.py:109} INFO - [2022-09-30 12:49:54,018] {dag.py:2937} INFO - Setting next_dagrun for latest_only to 2022-09-30T08:49:54.018345+00:00
[2022-09-30 12:49:54,031] {processor.py:171} INFO - Processing /home/airflow/.local/lib/python3.7/site-packages/airflow/example_dags/example_latest_only.py took 0.093 seconds
[2022-09-30 12:50:24,424] {processor.py:163} INFO - Started process (PID=2080) to work on /home/airflow/.local/lib/python3.7/site-packages/airflow/example_dags/example_latest_only.py
[2022-09-30 12:50:24,426] {processor.py:642} INFO - Processing file /home/airflow/.local/lib/python3.7/site-packages/airflow/example_dags/example_latest_only.py for tasks to queue
[2022-09-30 12:50:24,427] {logging_mixin.py:109} INFO - [2022-09-30 12:50:24,427] {dagbag.py:500} INFO - Filling up the DagBag from /home/airflow/.local/lib/python3.7/site-packages/airflow/example_dags/example_latest_only.py
[2022-09-30 12:50:24,457] {processor.py:654} INFO - DAG(s) dict_keys(['latest_only']) retrieved from /home/airflow/.local/lib/python3.7/site-packages/airflow/example_dags/example_latest_only.py
[2022-09-30 12:50:24,468] {logging_mixin.py:109} INFO - [2022-09-30 12:50:24,467] {dag.py:2398} INFO - Sync 1 DAGs
[2022-09-30 12:50:24,483] {logging_mixin.py:109} INFO - [2022-09-30 12:50:24,482] {dag.py:2937} INFO - Setting next_dagrun for latest_only to 2022-09-30T08:50:24.482733+00:00
[2022-09-30 12:50:24,493] {processor.py:171} INFO - Processing /home/airflow/.local/lib/python3.7/site-packages/airflow/example_dags/example_latest_only.py took 0.073 seconds
[2022-09-30 12:50:54,927] {processor.py:163} INFO - Started process (PID=2141) to work on /home/airflow/.local/lib/python3.7/site-packages/airflow/example_dags/example_latest_only.py
[2022-09-30 12:50:54,928] {processor.py:642} INFO - Processing file /home/airflow/.local/lib/python3.7/site-packages/airflow/example_dags/example_latest_only.py for tasks to queue
[2022-09-30 12:50:54,929] {logging_mixin.py:109} INFO - [2022-09-30 12:50:54,929] {dagbag.py:500} INFO - Filling up the DagBag from /home/airflow/.local/lib/python3.7/site-packages/airflow/example_dags/example_latest_only.py
[2022-09-30 12:50:54,960] {processor.py:654} INFO - DAG(s) dict_keys(['latest_only']) retrieved from /home/airflow/.local/lib/python3.7/site-packages/airflow/example_dags/example_latest_only.py
[2022-09-30 12:50:54,970] {logging_mixin.py:109} INFO - [2022-09-30 12:50:54,970] {dag.py:2398} INFO - Sync 1 DAGs
[2022-09-30 12:50:54,984] {logging_mixin.py:109} INFO - [2022-09-30 12:50:54,984] {dag.py:2937} INFO - Setting next_dagrun for latest_only to 2022-09-30T08:50:54.984531+00:00
[2022-09-30 12:50:54,995] {processor.py:171} INFO - Processing /home/airflow/.local/lib/python3.7/site-packages/airflow/example_dags/example_latest_only.py took 0.071 seconds
[2022-09-30 12:51:26,917] {processor.py:163} INFO - Started process (PID=2192) to work on /home/airflow/.local/lib/python3.7/site-packages/airflow/example_dags/example_latest_only.py
[2022-09-30 12:51:26,925] {processor.py:642} INFO - Processing file /home/airflow/.local/lib/python3.7/site-packages/airflow/example_dags/example_latest_only.py for tasks to queue
[2022-09-30 12:51:26,927] {logging_mixin.py:109} INFO - [2022-09-30 12:51:26,927] {dagbag.py:500} INFO - Filling up the DagBag from /home/airflow/.local/lib/python3.7/site-packages/airflow/example_dags/example_latest_only.py
[2022-09-30 12:51:26,967] {processor.py:654} INFO - DAG(s) dict_keys(['latest_only']) retrieved from /home/airflow/.local/lib/python3.7/site-packages/airflow/example_dags/example_latest_only.py
[2022-09-30 12:51:26,983] {logging_mixin.py:109} INFO - [2022-09-30 12:51:26,983] {dag.py:2398} INFO - Sync 1 DAGs
[2022-09-30 12:51:27,001] {logging_mixin.py:109} INFO - [2022-09-30 12:51:27,001] {dag.py:2937} INFO - Setting next_dagrun for latest_only to 2022-09-30T08:51:27.000992+00:00
[2022-09-30 12:51:27,014] {processor.py:171} INFO - Processing /home/airflow/.local/lib/python3.7/site-packages/airflow/example_dags/example_latest_only.py took 0.103 seconds
[2022-09-30 12:54:36,777] {processor.py:163} INFO - Started process (PID=2259) to work on /home/airflow/.local/lib/python3.7/site-packages/airflow/example_dags/example_latest_only.py
[2022-09-30 12:54:36,780] {processor.py:642} INFO - Processing file /home/airflow/.local/lib/python3.7/site-packages/airflow/example_dags/example_latest_only.py for tasks to queue
[2022-09-30 12:54:36,782] {logging_mixin.py:109} INFO - [2022-09-30 12:54:36,781] {dagbag.py:500} INFO - Filling up the DagBag from /home/airflow/.local/lib/python3.7/site-packages/airflow/example_dags/example_latest_only.py
[2022-09-30 12:54:36,828] {processor.py:654} INFO - DAG(s) dict_keys(['latest_only']) retrieved from /home/airflow/.local/lib/python3.7/site-packages/airflow/example_dags/example_latest_only.py
[2022-09-30 12:54:36,854] {logging_mixin.py:109} INFO - [2022-09-30 12:54:36,853] {dag.py:2398} INFO - Sync 1 DAGs
[2022-09-30 12:54:36,873] {logging_mixin.py:109} INFO - [2022-09-30 12:54:36,873] {dag.py:2937} INFO - Setting next_dagrun for latest_only to 2022-09-30T08:54:36.873012+00:00
[2022-09-30 12:54:36,886] {processor.py:171} INFO - Processing /home/airflow/.local/lib/python3.7/site-packages/airflow/example_dags/example_latest_only.py took 0.113 seconds
[2022-09-30 12:59:38,489] {processor.py:163} INFO - Started process (PID=2314) to work on /home/airflow/.local/lib/python3.7/site-packages/airflow/example_dags/example_latest_only.py
[2022-09-30 12:59:38,492] {processor.py:642} INFO - Processing file /home/airflow/.local/lib/python3.7/site-packages/airflow/example_dags/example_latest_only.py for tasks to queue
[2022-09-30 12:59:38,493] {logging_mixin.py:109} INFO - [2022-09-30 12:59:38,493] {dagbag.py:500} INFO - Filling up the DagBag from /home/airflow/.local/lib/python3.7/site-packages/airflow/example_dags/example_latest_only.py
[2022-09-30 12:59:38,560] {processor.py:654} INFO - DAG(s) dict_keys(['latest_only']) retrieved from /home/airflow/.local/lib/python3.7/site-packages/airflow/example_dags/example_latest_only.py
[2022-09-30 12:59:38,574] {logging_mixin.py:109} INFO - [2022-09-30 12:59:38,574] {dag.py:2398} INFO - Sync 1 DAGs
[2022-09-30 12:59:38,595] {logging_mixin.py:109} INFO - [2022-09-30 12:59:38,595] {dag.py:2937} INFO - Setting next_dagrun for latest_only to 2022-09-30T08:59:38.595066+00:00
[2022-09-30 12:59:38,608] {processor.py:171} INFO - Processing /home/airflow/.local/lib/python3.7/site-packages/airflow/example_dags/example_latest_only.py took 0.123 seconds
[2022-09-30 13:03:13,397] {processor.py:163} INFO - Started process (PID=2387) to work on /home/airflow/.local/lib/python3.7/site-packages/airflow/example_dags/example_latest_only.py
[2022-09-30 13:03:13,420] {processor.py:642} INFO - Processing file /home/airflow/.local/lib/python3.7/site-packages/airflow/example_dags/example_latest_only.py for tasks to queue
[2022-09-30 13:03:13,424] {logging_mixin.py:109} INFO - [2022-09-30 13:03:13,423] {dagbag.py:500} INFO - Filling up the DagBag from /home/airflow/.local/lib/python3.7/site-packages/airflow/example_dags/example_latest_only.py
[2022-09-30 13:03:13,615] {processor.py:654} INFO - DAG(s) dict_keys(['latest_only']) retrieved from /home/airflow/.local/lib/python3.7/site-packages/airflow/example_dags/example_latest_only.py
[2022-09-30 13:03:13,656] {logging_mixin.py:109} INFO - [2022-09-30 13:03:13,655] {dag.py:2398} INFO - Sync 1 DAGs
[2022-09-30 13:03:13,684] {logging_mixin.py:109} INFO - [2022-09-30 13:03:13,684] {dag.py:2937} INFO - Setting next_dagrun for latest_only to 2022-09-30T09:03:13.684264+00:00
[2022-09-30 13:03:13,703] {processor.py:171} INFO - Processing /home/airflow/.local/lib/python3.7/site-packages/airflow/example_dags/example_latest_only.py took 0.322 seconds
[2022-09-30 13:03:43,776] {processor.py:163} INFO - Started process (PID=2439) to work on /home/airflow/.local/lib/python3.7/site-packages/airflow/example_dags/example_latest_only.py
[2022-09-30 13:03:43,782] {processor.py:642} INFO - Processing file /home/airflow/.local/lib/python3.7/site-packages/airflow/example_dags/example_latest_only.py for tasks to queue
[2022-09-30 13:03:43,784] {logging_mixin.py:109} INFO - [2022-09-30 13:03:43,784] {dagbag.py:500} INFO - Filling up the DagBag from /home/airflow/.local/lib/python3.7/site-packages/airflow/example_dags/example_latest_only.py
[2022-09-30 13:03:43,831] {processor.py:654} INFO - DAG(s) dict_keys(['latest_only']) retrieved from /home/airflow/.local/lib/python3.7/site-packages/airflow/example_dags/example_latest_only.py
[2022-09-30 13:03:43,846] {logging_mixin.py:109} INFO - [2022-09-30 13:03:43,846] {dag.py:2398} INFO - Sync 1 DAGs
[2022-09-30 13:03:43,865] {logging_mixin.py:109} INFO - [2022-09-30 13:03:43,865] {dag.py:2937} INFO - Setting next_dagrun for latest_only to 2022-09-30T09:03:43.864974+00:00
[2022-09-30 13:03:43,880] {processor.py:171} INFO - Processing /home/airflow/.local/lib/python3.7/site-packages/airflow/example_dags/example_latest_only.py took 0.109 seconds
[2022-09-30 13:04:14,633] {processor.py:163} INFO - Started process (PID=2500) to work on /home/airflow/.local/lib/python3.7/site-packages/airflow/example_dags/example_latest_only.py
[2022-09-30 13:04:14,637] {processor.py:642} INFO - Processing file /home/airflow/.local/lib/python3.7/site-packages/airflow/example_dags/example_latest_only.py for tasks to queue
[2022-09-30 13:04:14,639] {logging_mixin.py:109} INFO - [2022-09-30 13:04:14,639] {dagbag.py:500} INFO - Filling up the DagBag from /home/airflow/.local/lib/python3.7/site-packages/airflow/example_dags/example_latest_only.py
[2022-09-30 13:04:14,700] {processor.py:654} INFO - DAG(s) dict_keys(['latest_only']) retrieved from /home/airflow/.local/lib/python3.7/site-packages/airflow/example_dags/example_latest_only.py
[2022-09-30 13:04:14,715] {logging_mixin.py:109} INFO - [2022-09-30 13:04:14,715] {dag.py:2398} INFO - Sync 1 DAGs
[2022-09-30 13:04:14,731] {logging_mixin.py:109} INFO - [2022-09-30 13:04:14,731] {dag.py:2937} INFO - Setting next_dagrun for latest_only to 2022-09-30T09:04:14.730975+00:00
[2022-09-30 13:04:14,743] {processor.py:171} INFO - Processing /home/airflow/.local/lib/python3.7/site-packages/airflow/example_dags/example_latest_only.py took 0.118 seconds
[2022-09-30 13:04:45,156] {processor.py:163} INFO - Started process (PID=2551) to work on /home/airflow/.local/lib/python3.7/site-packages/airflow/example_dags/example_latest_only.py
[2022-09-30 13:04:45,158] {processor.py:642} INFO - Processing file /home/airflow/.local/lib/python3.7/site-packages/airflow/example_dags/example_latest_only.py for tasks to queue
[2022-09-30 13:04:45,159] {logging_mixin.py:109} INFO - [2022-09-30 13:04:45,159] {dagbag.py:500} INFO - Filling up the DagBag from /home/airflow/.local/lib/python3.7/site-packages/airflow/example_dags/example_latest_only.py
[2022-09-30 13:04:45,188] {processor.py:654} INFO - DAG(s) dict_keys(['latest_only']) retrieved from /home/airflow/.local/lib/python3.7/site-packages/airflow/example_dags/example_latest_only.py
[2022-09-30 13:04:45,199] {logging_mixin.py:109} INFO - [2022-09-30 13:04:45,199] {dag.py:2398} INFO - Sync 1 DAGs
[2022-09-30 13:04:45,213] {logging_mixin.py:109} INFO - [2022-09-30 13:04:45,213] {dag.py:2937} INFO - Setting next_dagrun for latest_only to 2022-09-30T09:04:45.212980+00:00
[2022-09-30 13:04:45,223] {processor.py:171} INFO - Processing /home/airflow/.local/lib/python3.7/site-packages/airflow/example_dags/example_latest_only.py took 0.070 seconds
[2022-09-30 13:05:15,594] {processor.py:163} INFO - Started process (PID=2611) to work on /home/airflow/.local/lib/python3.7/site-packages/airflow/example_dags/example_latest_only.py
[2022-09-30 13:05:15,597] {processor.py:642} INFO - Processing file /home/airflow/.local/lib/python3.7/site-packages/airflow/example_dags/example_latest_only.py for tasks to queue
[2022-09-30 13:05:15,598] {logging_mixin.py:109} INFO - [2022-09-30 13:05:15,598] {dagbag.py:500} INFO - Filling up the DagBag from /home/airflow/.local/lib/python3.7/site-packages/airflow/example_dags/example_latest_only.py
[2022-09-30 13:05:15,631] {processor.py:654} INFO - DAG(s) dict_keys(['latest_only']) retrieved from /home/airflow/.local/lib/python3.7/site-packages/airflow/example_dags/example_latest_only.py
[2022-09-30 13:05:15,643] {logging_mixin.py:109} INFO - [2022-09-30 13:05:15,643] {dag.py:2398} INFO - Sync 1 DAGs
[2022-09-30 13:05:15,656] {logging_mixin.py:109} INFO - [2022-09-30 13:05:15,656] {dag.py:2937} INFO - Setting next_dagrun for latest_only to 2022-09-30T09:05:15.656563+00:00
[2022-09-30 13:05:15,667] {processor.py:171} INFO - Processing /home/airflow/.local/lib/python3.7/site-packages/airflow/example_dags/example_latest_only.py took 0.075 seconds
[2022-09-30 13:05:46,154] {processor.py:163} INFO - Started process (PID=2663) to work on /home/airflow/.local/lib/python3.7/site-packages/airflow/example_dags/example_latest_only.py
[2022-09-30 13:05:46,156] {processor.py:642} INFO - Processing file /home/airflow/.local/lib/python3.7/site-packages/airflow/example_dags/example_latest_only.py for tasks to queue
[2022-09-30 13:05:46,158] {logging_mixin.py:109} INFO - [2022-09-30 13:05:46,158] {dagbag.py:500} INFO - Filling up the DagBag from /home/airflow/.local/lib/python3.7/site-packages/airflow/example_dags/example_latest_only.py
[2022-09-30 13:05:46,195] {processor.py:654} INFO - DAG(s) dict_keys(['latest_only']) retrieved from /home/airflow/.local/lib/python3.7/site-packages/airflow/example_dags/example_latest_only.py
[2022-09-30 13:05:46,209] {logging_mixin.py:109} INFO - [2022-09-30 13:05:46,209] {dag.py:2398} INFO - Sync 1 DAGs
[2022-09-30 13:05:46,224] {logging_mixin.py:109} INFO - [2022-09-30 13:05:46,224] {dag.py:2937} INFO - Setting next_dagrun for latest_only to 2022-09-30T09:05:46.223889+00:00
[2022-09-30 13:05:46,236] {processor.py:171} INFO - Processing /home/airflow/.local/lib/python3.7/site-packages/airflow/example_dags/example_latest_only.py took 0.086 seconds
