[2022-09-30 12:33:01,540] {processor.py:163} INFO - Started process (PID=176) to work on /home/airflow/.local/lib/python3.7/site-packages/airflow/example_dags/example_nested_branch_dag.py
[2022-09-30 12:33:01,543] {processor.py:642} INFO - Processing file /home/airflow/.local/lib/python3.7/site-packages/airflow/example_dags/example_nested_branch_dag.py for tasks to queue
[2022-09-30 12:33:01,544] {logging_mixin.py:109} INFO - [2022-09-30 12:33:01,544] {dagbag.py:500} INFO - Filling up the DagBag from /home/airflow/.local/lib/python3.7/site-packages/airflow/example_dags/example_nested_branch_dag.py
[2022-09-30 12:33:01,591] {processor.py:654} INFO - DAG(s) dict_keys(['example_nested_branch_dag']) retrieved from /home/airflow/.local/lib/python3.7/site-packages/airflow/example_dags/example_nested_branch_dag.py
[2022-09-30 12:33:03,569] {logging_mixin.py:109} INFO - [2022-09-30 12:33:03,569] {manager.py:496} INFO - Created Permission View: can edit on DAG:example_nested_branch_dag
[2022-09-30 12:33:03,583] {logging_mixin.py:109} INFO - [2022-09-30 12:33:03,583] {manager.py:496} INFO - Created Permission View: can read on DAG:example_nested_branch_dag
[2022-09-30 12:33:03,584] {logging_mixin.py:109} INFO - [2022-09-30 12:33:03,584] {dag.py:2398} INFO - Sync 1 DAGs
[2022-09-30 12:33:03,599] {logging_mixin.py:109} INFO - [2022-09-30 12:33:03,598] {dag.py:2417} INFO - Creating ORM DAG for example_nested_branch_dag
[2022-09-30 12:33:03,612] {logging_mixin.py:109} INFO - [2022-09-30 12:33:03,612] {dag.py:2937} INFO - Setting next_dagrun for example_nested_branch_dag to 2022-09-29 00:00:00+00:00
[2022-09-30 12:33:03,629] {processor.py:171} INFO - Processing /home/airflow/.local/lib/python3.7/site-packages/airflow/example_dags/example_nested_branch_dag.py took 2.093 seconds
[2022-09-30 12:33:34,210] {processor.py:163} INFO - Started process (PID=264) to work on /home/airflow/.local/lib/python3.7/site-packages/airflow/example_dags/example_nested_branch_dag.py
[2022-09-30 12:33:34,216] {processor.py:642} INFO - Processing file /home/airflow/.local/lib/python3.7/site-packages/airflow/example_dags/example_nested_branch_dag.py for tasks to queue
[2022-09-30 12:33:34,219] {logging_mixin.py:109} INFO - [2022-09-30 12:33:34,219] {dagbag.py:500} INFO - Filling up the DagBag from /home/airflow/.local/lib/python3.7/site-packages/airflow/example_dags/example_nested_branch_dag.py
[2022-09-30 12:33:34,343] {processor.py:654} INFO - DAG(s) dict_keys(['example_nested_branch_dag']) retrieved from /home/airflow/.local/lib/python3.7/site-packages/airflow/example_dags/example_nested_branch_dag.py
[2022-09-30 12:33:34,382] {logging_mixin.py:109} INFO - [2022-09-30 12:33:34,381] {dag.py:2398} INFO - Sync 1 DAGs
[2022-09-30 12:33:34,425] {logging_mixin.py:109} INFO - [2022-09-30 12:33:34,425] {dag.py:2937} INFO - Setting next_dagrun for example_nested_branch_dag to 2022-09-29 00:00:00+00:00
[2022-09-30 12:33:34,454] {processor.py:171} INFO - Processing /home/airflow/.local/lib/python3.7/site-packages/airflow/example_dags/example_nested_branch_dag.py took 0.490 seconds
[2022-09-30 12:34:04,876] {processor.py:163} INFO - Started process (PID=315) to work on /home/airflow/.local/lib/python3.7/site-packages/airflow/example_dags/example_nested_branch_dag.py
[2022-09-30 12:34:04,879] {processor.py:642} INFO - Processing file /home/airflow/.local/lib/python3.7/site-packages/airflow/example_dags/example_nested_branch_dag.py for tasks to queue
[2022-09-30 12:34:04,881] {logging_mixin.py:109} INFO - [2022-09-30 12:34:04,881] {dagbag.py:500} INFO - Filling up the DagBag from /home/airflow/.local/lib/python3.7/site-packages/airflow/example_dags/example_nested_branch_dag.py
[2022-09-30 12:34:04,919] {processor.py:654} INFO - DAG(s) dict_keys(['example_nested_branch_dag']) retrieved from /home/airflow/.local/lib/python3.7/site-packages/airflow/example_dags/example_nested_branch_dag.py
[2022-09-30 12:34:04,938] {logging_mixin.py:109} INFO - [2022-09-30 12:34:04,938] {dag.py:2398} INFO - Sync 1 DAGs
[2022-09-30 12:34:04,962] {logging_mixin.py:109} INFO - [2022-09-30 12:34:04,962] {dag.py:2937} INFO - Setting next_dagrun for example_nested_branch_dag to 2022-09-29 00:00:00+00:00
[2022-09-30 12:34:04,975] {processor.py:171} INFO - Processing /home/airflow/.local/lib/python3.7/site-packages/airflow/example_dags/example_nested_branch_dag.py took 0.102 seconds
[2022-09-30 12:34:35,334] {processor.py:163} INFO - Started process (PID=366) to work on /home/airflow/.local/lib/python3.7/site-packages/airflow/example_dags/example_nested_branch_dag.py
[2022-09-30 12:34:35,338] {processor.py:642} INFO - Processing file /home/airflow/.local/lib/python3.7/site-packages/airflow/example_dags/example_nested_branch_dag.py for tasks to queue
[2022-09-30 12:34:35,341] {logging_mixin.py:109} INFO - [2022-09-30 12:34:35,341] {dagbag.py:500} INFO - Filling up the DagBag from /home/airflow/.local/lib/python3.7/site-packages/airflow/example_dags/example_nested_branch_dag.py
[2022-09-30 12:34:35,413] {processor.py:654} INFO - DAG(s) dict_keys(['example_nested_branch_dag']) retrieved from /home/airflow/.local/lib/python3.7/site-packages/airflow/example_dags/example_nested_branch_dag.py
[2022-09-30 12:34:35,442] {logging_mixin.py:109} INFO - [2022-09-30 12:34:35,441] {dag.py:2398} INFO - Sync 1 DAGs
[2022-09-30 12:34:35,471] {logging_mixin.py:109} INFO - [2022-09-30 12:34:35,470] {dag.py:2937} INFO - Setting next_dagrun for example_nested_branch_dag to 2022-09-29 00:00:00+00:00
[2022-09-30 12:34:35,498] {processor.py:171} INFO - Processing /home/airflow/.local/lib/python3.7/site-packages/airflow/example_dags/example_nested_branch_dag.py took 0.171 seconds
[2022-09-30 12:35:06,162] {processor.py:163} INFO - Started process (PID=417) to work on /home/airflow/.local/lib/python3.7/site-packages/airflow/example_dags/example_nested_branch_dag.py
[2022-09-30 12:35:06,165] {processor.py:642} INFO - Processing file /home/airflow/.local/lib/python3.7/site-packages/airflow/example_dags/example_nested_branch_dag.py for tasks to queue
[2022-09-30 12:35:06,167] {logging_mixin.py:109} INFO - [2022-09-30 12:35:06,167] {dagbag.py:500} INFO - Filling up the DagBag from /home/airflow/.local/lib/python3.7/site-packages/airflow/example_dags/example_nested_branch_dag.py
[2022-09-30 12:35:06,204] {processor.py:654} INFO - DAG(s) dict_keys(['example_nested_branch_dag']) retrieved from /home/airflow/.local/lib/python3.7/site-packages/airflow/example_dags/example_nested_branch_dag.py
[2022-09-30 12:35:06,215] {logging_mixin.py:109} INFO - [2022-09-30 12:35:06,215] {dag.py:2398} INFO - Sync 1 DAGs
[2022-09-30 12:35:06,232] {logging_mixin.py:109} INFO - [2022-09-30 12:35:06,232] {dag.py:2937} INFO - Setting next_dagrun for example_nested_branch_dag to 2022-09-29 00:00:00+00:00
[2022-09-30 12:35:06,243] {processor.py:171} INFO - Processing /home/airflow/.local/lib/python3.7/site-packages/airflow/example_dags/example_nested_branch_dag.py took 0.087 seconds
[2022-09-30 12:35:36,732] {processor.py:163} INFO - Started process (PID=477) to work on /home/airflow/.local/lib/python3.7/site-packages/airflow/example_dags/example_nested_branch_dag.py
[2022-09-30 12:35:36,735] {processor.py:642} INFO - Processing file /home/airflow/.local/lib/python3.7/site-packages/airflow/example_dags/example_nested_branch_dag.py for tasks to queue
[2022-09-30 12:35:36,738] {logging_mixin.py:109} INFO - [2022-09-30 12:35:36,737] {dagbag.py:500} INFO - Filling up the DagBag from /home/airflow/.local/lib/python3.7/site-packages/airflow/example_dags/example_nested_branch_dag.py
[2022-09-30 12:35:36,782] {processor.py:654} INFO - DAG(s) dict_keys(['example_nested_branch_dag']) retrieved from /home/airflow/.local/lib/python3.7/site-packages/airflow/example_dags/example_nested_branch_dag.py
[2022-09-30 12:35:36,805] {logging_mixin.py:109} INFO - [2022-09-30 12:35:36,805] {dag.py:2398} INFO - Sync 1 DAGs
[2022-09-30 12:35:36,826] {logging_mixin.py:109} INFO - [2022-09-30 12:35:36,826] {dag.py:2937} INFO - Setting next_dagrun for example_nested_branch_dag to 2022-09-29 00:00:00+00:00
[2022-09-30 12:35:36,840] {processor.py:171} INFO - Processing /home/airflow/.local/lib/python3.7/site-packages/airflow/example_dags/example_nested_branch_dag.py took 0.115 seconds
[2022-09-30 12:36:07,792] {processor.py:163} INFO - Started process (PID=530) to work on /home/airflow/.local/lib/python3.7/site-packages/airflow/example_dags/example_nested_branch_dag.py
[2022-09-30 12:36:07,796] {processor.py:642} INFO - Processing file /home/airflow/.local/lib/python3.7/site-packages/airflow/example_dags/example_nested_branch_dag.py for tasks to queue
[2022-09-30 12:36:07,797] {logging_mixin.py:109} INFO - [2022-09-30 12:36:07,797] {dagbag.py:500} INFO - Filling up the DagBag from /home/airflow/.local/lib/python3.7/site-packages/airflow/example_dags/example_nested_branch_dag.py
[2022-09-30 12:36:07,835] {processor.py:654} INFO - DAG(s) dict_keys(['example_nested_branch_dag']) retrieved from /home/airflow/.local/lib/python3.7/site-packages/airflow/example_dags/example_nested_branch_dag.py
[2022-09-30 12:36:07,854] {logging_mixin.py:109} INFO - [2022-09-30 12:36:07,854] {dag.py:2398} INFO - Sync 1 DAGs
[2022-09-30 12:36:07,874] {logging_mixin.py:109} INFO - [2022-09-30 12:36:07,874] {dag.py:2937} INFO - Setting next_dagrun for example_nested_branch_dag to 2022-09-29 00:00:00+00:00
[2022-09-30 12:36:07,888] {processor.py:171} INFO - Processing /home/airflow/.local/lib/python3.7/site-packages/airflow/example_dags/example_nested_branch_dag.py took 0.099 seconds
[2022-09-30 12:36:38,472] {processor.py:163} INFO - Started process (PID=591) to work on /home/airflow/.local/lib/python3.7/site-packages/airflow/example_dags/example_nested_branch_dag.py
[2022-09-30 12:36:38,476] {processor.py:642} INFO - Processing file /home/airflow/.local/lib/python3.7/site-packages/airflow/example_dags/example_nested_branch_dag.py for tasks to queue
[2022-09-30 12:36:38,478] {logging_mixin.py:109} INFO - [2022-09-30 12:36:38,477] {dagbag.py:500} INFO - Filling up the DagBag from /home/airflow/.local/lib/python3.7/site-packages/airflow/example_dags/example_nested_branch_dag.py
[2022-09-30 12:36:38,515] {processor.py:654} INFO - DAG(s) dict_keys(['example_nested_branch_dag']) retrieved from /home/airflow/.local/lib/python3.7/site-packages/airflow/example_dags/example_nested_branch_dag.py
[2022-09-30 12:36:38,531] {logging_mixin.py:109} INFO - [2022-09-30 12:36:38,531] {dag.py:2398} INFO - Sync 1 DAGs
[2022-09-30 12:36:38,551] {logging_mixin.py:109} INFO - [2022-09-30 12:36:38,551] {dag.py:2937} INFO - Setting next_dagrun for example_nested_branch_dag to 2022-09-29 00:00:00+00:00
[2022-09-30 12:36:38,565] {processor.py:171} INFO - Processing /home/airflow/.local/lib/python3.7/site-packages/airflow/example_dags/example_nested_branch_dag.py took 0.101 seconds
[2022-09-30 12:37:09,207] {processor.py:163} INFO - Started process (PID=642) to work on /home/airflow/.local/lib/python3.7/site-packages/airflow/example_dags/example_nested_branch_dag.py
[2022-09-30 12:37:09,209] {processor.py:642} INFO - Processing file /home/airflow/.local/lib/python3.7/site-packages/airflow/example_dags/example_nested_branch_dag.py for tasks to queue
[2022-09-30 12:37:09,211] {logging_mixin.py:109} INFO - [2022-09-30 12:37:09,211] {dagbag.py:500} INFO - Filling up the DagBag from /home/airflow/.local/lib/python3.7/site-packages/airflow/example_dags/example_nested_branch_dag.py
[2022-09-30 12:37:09,247] {processor.py:654} INFO - DAG(s) dict_keys(['example_nested_branch_dag']) retrieved from /home/airflow/.local/lib/python3.7/site-packages/airflow/example_dags/example_nested_branch_dag.py
[2022-09-30 12:37:09,258] {logging_mixin.py:109} INFO - [2022-09-30 12:37:09,258] {dag.py:2398} INFO - Sync 1 DAGs
[2022-09-30 12:37:09,282] {logging_mixin.py:109} INFO - [2022-09-30 12:37:09,282] {dag.py:2937} INFO - Setting next_dagrun for example_nested_branch_dag to 2022-09-29 00:00:00+00:00
[2022-09-30 12:37:09,306] {processor.py:171} INFO - Processing /home/airflow/.local/lib/python3.7/site-packages/airflow/example_dags/example_nested_branch_dag.py took 0.105 seconds
[2022-09-30 12:37:39,876] {processor.py:163} INFO - Started process (PID=693) to work on /home/airflow/.local/lib/python3.7/site-packages/airflow/example_dags/example_nested_branch_dag.py
[2022-09-30 12:37:39,880] {processor.py:642} INFO - Processing file /home/airflow/.local/lib/python3.7/site-packages/airflow/example_dags/example_nested_branch_dag.py for tasks to queue
[2022-09-30 12:37:39,882] {logging_mixin.py:109} INFO - [2022-09-30 12:37:39,882] {dagbag.py:500} INFO - Filling up the DagBag from /home/airflow/.local/lib/python3.7/site-packages/airflow/example_dags/example_nested_branch_dag.py
[2022-09-30 12:37:39,917] {processor.py:654} INFO - DAG(s) dict_keys(['example_nested_branch_dag']) retrieved from /home/airflow/.local/lib/python3.7/site-packages/airflow/example_dags/example_nested_branch_dag.py
[2022-09-30 12:37:39,928] {logging_mixin.py:109} INFO - [2022-09-30 12:37:39,928] {dag.py:2398} INFO - Sync 1 DAGs
[2022-09-30 12:37:39,945] {logging_mixin.py:109} INFO - [2022-09-30 12:37:39,945] {dag.py:2937} INFO - Setting next_dagrun for example_nested_branch_dag to 2022-09-29 00:00:00+00:00
[2022-09-30 12:37:39,957] {processor.py:171} INFO - Processing /home/airflow/.local/lib/python3.7/site-packages/airflow/example_dags/example_nested_branch_dag.py took 0.086 seconds
[2022-09-30 12:38:10,267] {processor.py:163} INFO - Started process (PID=753) to work on /home/airflow/.local/lib/python3.7/site-packages/airflow/example_dags/example_nested_branch_dag.py
[2022-09-30 12:38:10,269] {processor.py:642} INFO - Processing file /home/airflow/.local/lib/python3.7/site-packages/airflow/example_dags/example_nested_branch_dag.py for tasks to queue
[2022-09-30 12:38:10,271] {logging_mixin.py:109} INFO - [2022-09-30 12:38:10,271] {dagbag.py:500} INFO - Filling up the DagBag from /home/airflow/.local/lib/python3.7/site-packages/airflow/example_dags/example_nested_branch_dag.py
[2022-09-30 12:38:10,307] {processor.py:654} INFO - DAG(s) dict_keys(['example_nested_branch_dag']) retrieved from /home/airflow/.local/lib/python3.7/site-packages/airflow/example_dags/example_nested_branch_dag.py
[2022-09-30 12:38:10,321] {logging_mixin.py:109} INFO - [2022-09-30 12:38:10,321] {dag.py:2398} INFO - Sync 1 DAGs
[2022-09-30 12:38:10,342] {logging_mixin.py:109} INFO - [2022-09-30 12:38:10,342] {dag.py:2937} INFO - Setting next_dagrun for example_nested_branch_dag to 2022-09-29 00:00:00+00:00
[2022-09-30 12:38:10,356] {processor.py:171} INFO - Processing /home/airflow/.local/lib/python3.7/site-packages/airflow/example_dags/example_nested_branch_dag.py took 0.093 seconds
[2022-09-30 12:38:40,927] {processor.py:163} INFO - Started process (PID=804) to work on /home/airflow/.local/lib/python3.7/site-packages/airflow/example_dags/example_nested_branch_dag.py
[2022-09-30 12:38:40,931] {processor.py:642} INFO - Processing file /home/airflow/.local/lib/python3.7/site-packages/airflow/example_dags/example_nested_branch_dag.py for tasks to queue
[2022-09-30 12:38:40,932] {logging_mixin.py:109} INFO - [2022-09-30 12:38:40,932] {dagbag.py:500} INFO - Filling up the DagBag from /home/airflow/.local/lib/python3.7/site-packages/airflow/example_dags/example_nested_branch_dag.py
[2022-09-30 12:38:40,969] {processor.py:654} INFO - DAG(s) dict_keys(['example_nested_branch_dag']) retrieved from /home/airflow/.local/lib/python3.7/site-packages/airflow/example_dags/example_nested_branch_dag.py
[2022-09-30 12:38:40,983] {logging_mixin.py:109} INFO - [2022-09-30 12:38:40,983] {dag.py:2398} INFO - Sync 1 DAGs
[2022-09-30 12:38:41,008] {logging_mixin.py:109} INFO - [2022-09-30 12:38:41,008] {dag.py:2937} INFO - Setting next_dagrun for example_nested_branch_dag to 2022-09-29 00:00:00+00:00
[2022-09-30 12:38:41,019] {processor.py:171} INFO - Processing /home/airflow/.local/lib/python3.7/site-packages/airflow/example_dags/example_nested_branch_dag.py took 0.097 seconds
[2022-09-30 12:39:11,606] {processor.py:163} INFO - Started process (PID=864) to work on /home/airflow/.local/lib/python3.7/site-packages/airflow/example_dags/example_nested_branch_dag.py
[2022-09-30 12:39:11,608] {processor.py:642} INFO - Processing file /home/airflow/.local/lib/python3.7/site-packages/airflow/example_dags/example_nested_branch_dag.py for tasks to queue
[2022-09-30 12:39:11,610] {logging_mixin.py:109} INFO - [2022-09-30 12:39:11,610] {dagbag.py:500} INFO - Filling up the DagBag from /home/airflow/.local/lib/python3.7/site-packages/airflow/example_dags/example_nested_branch_dag.py
[2022-09-30 12:39:11,647] {processor.py:654} INFO - DAG(s) dict_keys(['example_nested_branch_dag']) retrieved from /home/airflow/.local/lib/python3.7/site-packages/airflow/example_dags/example_nested_branch_dag.py
[2022-09-30 12:39:11,658] {logging_mixin.py:109} INFO - [2022-09-30 12:39:11,658] {dag.py:2398} INFO - Sync 1 DAGs
[2022-09-30 12:39:11,679] {logging_mixin.py:109} INFO - [2022-09-30 12:39:11,679] {dag.py:2937} INFO - Setting next_dagrun for example_nested_branch_dag to 2022-09-29 00:00:00+00:00
[2022-09-30 12:39:11,693] {processor.py:171} INFO - Processing /home/airflow/.local/lib/python3.7/site-packages/airflow/example_dags/example_nested_branch_dag.py took 0.090 seconds
[2022-09-30 12:39:41,890] {processor.py:163} INFO - Started process (PID=915) to work on /home/airflow/.local/lib/python3.7/site-packages/airflow/example_dags/example_nested_branch_dag.py
[2022-09-30 12:39:41,892] {processor.py:642} INFO - Processing file /home/airflow/.local/lib/python3.7/site-packages/airflow/example_dags/example_nested_branch_dag.py for tasks to queue
[2022-09-30 12:39:41,894] {logging_mixin.py:109} INFO - [2022-09-30 12:39:41,894] {dagbag.py:500} INFO - Filling up the DagBag from /home/airflow/.local/lib/python3.7/site-packages/airflow/example_dags/example_nested_branch_dag.py
[2022-09-30 12:39:41,940] {processor.py:654} INFO - DAG(s) dict_keys(['example_nested_branch_dag']) retrieved from /home/airflow/.local/lib/python3.7/site-packages/airflow/example_dags/example_nested_branch_dag.py
[2022-09-30 12:39:41,952] {logging_mixin.py:109} INFO - [2022-09-30 12:39:41,952] {dag.py:2398} INFO - Sync 1 DAGs
[2022-09-30 12:39:41,977] {logging_mixin.py:109} INFO - [2022-09-30 12:39:41,977] {dag.py:2937} INFO - Setting next_dagrun for example_nested_branch_dag to 2022-09-29 00:00:00+00:00
[2022-09-30 12:39:41,989] {processor.py:171} INFO - Processing /home/airflow/.local/lib/python3.7/site-packages/airflow/example_dags/example_nested_branch_dag.py took 0.103 seconds
[2022-09-30 12:40:12,112] {processor.py:163} INFO - Started process (PID=966) to work on /home/airflow/.local/lib/python3.7/site-packages/airflow/example_dags/example_nested_branch_dag.py
[2022-09-30 12:40:12,116] {processor.py:642} INFO - Processing file /home/airflow/.local/lib/python3.7/site-packages/airflow/example_dags/example_nested_branch_dag.py for tasks to queue
[2022-09-30 12:40:12,118] {logging_mixin.py:109} INFO - [2022-09-30 12:40:12,118] {dagbag.py:500} INFO - Filling up the DagBag from /home/airflow/.local/lib/python3.7/site-packages/airflow/example_dags/example_nested_branch_dag.py
[2022-09-30 12:40:12,160] {processor.py:654} INFO - DAG(s) dict_keys(['example_nested_branch_dag']) retrieved from /home/airflow/.local/lib/python3.7/site-packages/airflow/example_dags/example_nested_branch_dag.py
[2022-09-30 12:40:12,177] {logging_mixin.py:109} INFO - [2022-09-30 12:40:12,177] {dag.py:2398} INFO - Sync 1 DAGs
[2022-09-30 12:40:12,204] {logging_mixin.py:109} INFO - [2022-09-30 12:40:12,204] {dag.py:2937} INFO - Setting next_dagrun for example_nested_branch_dag to 2022-09-29 00:00:00+00:00
[2022-09-30 12:40:12,221] {processor.py:171} INFO - Processing /home/airflow/.local/lib/python3.7/site-packages/airflow/example_dags/example_nested_branch_dag.py took 0.115 seconds
[2022-09-30 12:40:42,290] {processor.py:163} INFO - Started process (PID=1026) to work on /home/airflow/.local/lib/python3.7/site-packages/airflow/example_dags/example_nested_branch_dag.py
[2022-09-30 12:40:42,293] {processor.py:642} INFO - Processing file /home/airflow/.local/lib/python3.7/site-packages/airflow/example_dags/example_nested_branch_dag.py for tasks to queue
[2022-09-30 12:40:42,294] {logging_mixin.py:109} INFO - [2022-09-30 12:40:42,294] {dagbag.py:500} INFO - Filling up the DagBag from /home/airflow/.local/lib/python3.7/site-packages/airflow/example_dags/example_nested_branch_dag.py
[2022-09-30 12:40:42,328] {processor.py:654} INFO - DAG(s) dict_keys(['example_nested_branch_dag']) retrieved from /home/airflow/.local/lib/python3.7/site-packages/airflow/example_dags/example_nested_branch_dag.py
[2022-09-30 12:40:42,342] {logging_mixin.py:109} INFO - [2022-09-30 12:40:42,342] {dag.py:2398} INFO - Sync 1 DAGs
[2022-09-30 12:40:42,363] {logging_mixin.py:109} INFO - [2022-09-30 12:40:42,362] {dag.py:2937} INFO - Setting next_dagrun for example_nested_branch_dag to 2022-09-29 00:00:00+00:00
[2022-09-30 12:40:42,373] {processor.py:171} INFO - Processing /home/airflow/.local/lib/python3.7/site-packages/airflow/example_dags/example_nested_branch_dag.py took 0.087 seconds
[2022-09-30 12:41:12,857] {processor.py:163} INFO - Started process (PID=1077) to work on /home/airflow/.local/lib/python3.7/site-packages/airflow/example_dags/example_nested_branch_dag.py
[2022-09-30 12:41:12,860] {processor.py:642} INFO - Processing file /home/airflow/.local/lib/python3.7/site-packages/airflow/example_dags/example_nested_branch_dag.py for tasks to queue
[2022-09-30 12:41:12,861] {logging_mixin.py:109} INFO - [2022-09-30 12:41:12,861] {dagbag.py:500} INFO - Filling up the DagBag from /home/airflow/.local/lib/python3.7/site-packages/airflow/example_dags/example_nested_branch_dag.py
[2022-09-30 12:41:12,898] {processor.py:654} INFO - DAG(s) dict_keys(['example_nested_branch_dag']) retrieved from /home/airflow/.local/lib/python3.7/site-packages/airflow/example_dags/example_nested_branch_dag.py
[2022-09-30 12:41:12,911] {logging_mixin.py:109} INFO - [2022-09-30 12:41:12,910] {dag.py:2398} INFO - Sync 1 DAGs
[2022-09-30 12:41:12,928] {logging_mixin.py:109} INFO - [2022-09-30 12:41:12,928] {dag.py:2937} INFO - Setting next_dagrun for example_nested_branch_dag to 2022-09-29 00:00:00+00:00
[2022-09-30 12:41:12,938] {processor.py:171} INFO - Processing /home/airflow/.local/lib/python3.7/site-packages/airflow/example_dags/example_nested_branch_dag.py took 0.085 seconds
[2022-09-30 12:41:43,170] {processor.py:163} INFO - Started process (PID=1135) to work on /home/airflow/.local/lib/python3.7/site-packages/airflow/example_dags/example_nested_branch_dag.py
[2022-09-30 12:41:43,172] {processor.py:642} INFO - Processing file /home/airflow/.local/lib/python3.7/site-packages/airflow/example_dags/example_nested_branch_dag.py for tasks to queue
[2022-09-30 12:41:43,175] {logging_mixin.py:109} INFO - [2022-09-30 12:41:43,175] {dagbag.py:500} INFO - Filling up the DagBag from /home/airflow/.local/lib/python3.7/site-packages/airflow/example_dags/example_nested_branch_dag.py
[2022-09-30 12:41:43,216] {processor.py:654} INFO - DAG(s) dict_keys(['example_nested_branch_dag']) retrieved from /home/airflow/.local/lib/python3.7/site-packages/airflow/example_dags/example_nested_branch_dag.py
[2022-09-30 12:41:43,230] {logging_mixin.py:109} INFO - [2022-09-30 12:41:43,230] {dag.py:2398} INFO - Sync 1 DAGs
[2022-09-30 12:41:43,252] {logging_mixin.py:109} INFO - [2022-09-30 12:41:43,252] {dag.py:2937} INFO - Setting next_dagrun for example_nested_branch_dag to 2022-09-29 00:00:00+00:00
[2022-09-30 12:41:43,269] {processor.py:171} INFO - Processing /home/airflow/.local/lib/python3.7/site-packages/airflow/example_dags/example_nested_branch_dag.py took 0.105 seconds
[2022-09-30 12:42:13,612] {processor.py:163} INFO - Started process (PID=1190) to work on /home/airflow/.local/lib/python3.7/site-packages/airflow/example_dags/example_nested_branch_dag.py
[2022-09-30 12:42:13,615] {processor.py:642} INFO - Processing file /home/airflow/.local/lib/python3.7/site-packages/airflow/example_dags/example_nested_branch_dag.py for tasks to queue
[2022-09-30 12:42:13,616] {logging_mixin.py:109} INFO - [2022-09-30 12:42:13,616] {dagbag.py:500} INFO - Filling up the DagBag from /home/airflow/.local/lib/python3.7/site-packages/airflow/example_dags/example_nested_branch_dag.py
[2022-09-30 12:42:13,649] {processor.py:654} INFO - DAG(s) dict_keys(['example_nested_branch_dag']) retrieved from /home/airflow/.local/lib/python3.7/site-packages/airflow/example_dags/example_nested_branch_dag.py
[2022-09-30 12:42:13,660] {logging_mixin.py:109} INFO - [2022-09-30 12:42:13,660] {dag.py:2398} INFO - Sync 1 DAGs
[2022-09-30 12:42:13,676] {logging_mixin.py:109} INFO - [2022-09-30 12:42:13,676] {dag.py:2937} INFO - Setting next_dagrun for example_nested_branch_dag to 2022-09-29 00:00:00+00:00
[2022-09-30 12:42:13,686] {processor.py:171} INFO - Processing /home/airflow/.local/lib/python3.7/site-packages/airflow/example_dags/example_nested_branch_dag.py took 0.081 seconds
[2022-09-30 12:42:43,875] {processor.py:163} INFO - Started process (PID=1242) to work on /home/airflow/.local/lib/python3.7/site-packages/airflow/example_dags/example_nested_branch_dag.py
[2022-09-30 12:42:43,877] {processor.py:642} INFO - Processing file /home/airflow/.local/lib/python3.7/site-packages/airflow/example_dags/example_nested_branch_dag.py for tasks to queue
[2022-09-30 12:42:43,879] {logging_mixin.py:109} INFO - [2022-09-30 12:42:43,879] {dagbag.py:500} INFO - Filling up the DagBag from /home/airflow/.local/lib/python3.7/site-packages/airflow/example_dags/example_nested_branch_dag.py
[2022-09-30 12:42:43,916] {processor.py:654} INFO - DAG(s) dict_keys(['example_nested_branch_dag']) retrieved from /home/airflow/.local/lib/python3.7/site-packages/airflow/example_dags/example_nested_branch_dag.py
[2022-09-30 12:42:43,929] {logging_mixin.py:109} INFO - [2022-09-30 12:42:43,929] {dag.py:2398} INFO - Sync 1 DAGs
[2022-09-30 12:42:43,948] {logging_mixin.py:109} INFO - [2022-09-30 12:42:43,948] {dag.py:2937} INFO - Setting next_dagrun for example_nested_branch_dag to 2022-09-29 00:00:00+00:00
[2022-09-30 12:42:43,959] {processor.py:171} INFO - Processing /home/airflow/.local/lib/python3.7/site-packages/airflow/example_dags/example_nested_branch_dag.py took 0.087 seconds
[2022-09-30 12:43:14,033] {processor.py:163} INFO - Started process (PID=1303) to work on /home/airflow/.local/lib/python3.7/site-packages/airflow/example_dags/example_nested_branch_dag.py
[2022-09-30 12:43:14,034] {processor.py:642} INFO - Processing file /home/airflow/.local/lib/python3.7/site-packages/airflow/example_dags/example_nested_branch_dag.py for tasks to queue
[2022-09-30 12:43:14,036] {logging_mixin.py:109} INFO - [2022-09-30 12:43:14,036] {dagbag.py:500} INFO - Filling up the DagBag from /home/airflow/.local/lib/python3.7/site-packages/airflow/example_dags/example_nested_branch_dag.py
[2022-09-30 12:43:14,084] {processor.py:654} INFO - DAG(s) dict_keys(['example_nested_branch_dag']) retrieved from /home/airflow/.local/lib/python3.7/site-packages/airflow/example_dags/example_nested_branch_dag.py
[2022-09-30 12:43:14,095] {logging_mixin.py:109} INFO - [2022-09-30 12:43:14,095] {dag.py:2398} INFO - Sync 1 DAGs
[2022-09-30 12:43:14,112] {logging_mixin.py:109} INFO - [2022-09-30 12:43:14,112] {dag.py:2937} INFO - Setting next_dagrun for example_nested_branch_dag to 2022-09-29 00:00:00+00:00
[2022-09-30 12:43:14,123] {processor.py:171} INFO - Processing /home/airflow/.local/lib/python3.7/site-packages/airflow/example_dags/example_nested_branch_dag.py took 0.093 seconds
[2022-09-30 12:43:44,327] {processor.py:163} INFO - Started process (PID=1354) to work on /home/airflow/.local/lib/python3.7/site-packages/airflow/example_dags/example_nested_branch_dag.py
[2022-09-30 12:43:44,330] {processor.py:642} INFO - Processing file /home/airflow/.local/lib/python3.7/site-packages/airflow/example_dags/example_nested_branch_dag.py for tasks to queue
[2022-09-30 12:43:44,332] {logging_mixin.py:109} INFO - [2022-09-30 12:43:44,332] {dagbag.py:500} INFO - Filling up the DagBag from /home/airflow/.local/lib/python3.7/site-packages/airflow/example_dags/example_nested_branch_dag.py
[2022-09-30 12:43:44,367] {processor.py:654} INFO - DAG(s) dict_keys(['example_nested_branch_dag']) retrieved from /home/airflow/.local/lib/python3.7/site-packages/airflow/example_dags/example_nested_branch_dag.py
[2022-09-30 12:43:44,378] {logging_mixin.py:109} INFO - [2022-09-30 12:43:44,378] {dag.py:2398} INFO - Sync 1 DAGs
[2022-09-30 12:43:44,393] {logging_mixin.py:109} INFO - [2022-09-30 12:43:44,393] {dag.py:2937} INFO - Setting next_dagrun for example_nested_branch_dag to 2022-09-29 00:00:00+00:00
[2022-09-30 12:43:44,404] {processor.py:171} INFO - Processing /home/airflow/.local/lib/python3.7/site-packages/airflow/example_dags/example_nested_branch_dag.py took 0.082 seconds
[2022-09-30 12:44:14,521] {processor.py:163} INFO - Started process (PID=1414) to work on /home/airflow/.local/lib/python3.7/site-packages/airflow/example_dags/example_nested_branch_dag.py
[2022-09-30 12:44:14,523] {processor.py:642} INFO - Processing file /home/airflow/.local/lib/python3.7/site-packages/airflow/example_dags/example_nested_branch_dag.py for tasks to queue
[2022-09-30 12:44:14,525] {logging_mixin.py:109} INFO - [2022-09-30 12:44:14,524] {dagbag.py:500} INFO - Filling up the DagBag from /home/airflow/.local/lib/python3.7/site-packages/airflow/example_dags/example_nested_branch_dag.py
[2022-09-30 12:44:14,560] {processor.py:654} INFO - DAG(s) dict_keys(['example_nested_branch_dag']) retrieved from /home/airflow/.local/lib/python3.7/site-packages/airflow/example_dags/example_nested_branch_dag.py
[2022-09-30 12:44:14,571] {logging_mixin.py:109} INFO - [2022-09-30 12:44:14,571] {dag.py:2398} INFO - Sync 1 DAGs
[2022-09-30 12:44:14,589] {logging_mixin.py:109} INFO - [2022-09-30 12:44:14,589] {dag.py:2937} INFO - Setting next_dagrun for example_nested_branch_dag to 2022-09-29 00:00:00+00:00
[2022-09-30 12:44:14,599] {processor.py:171} INFO - Processing /home/airflow/.local/lib/python3.7/site-packages/airflow/example_dags/example_nested_branch_dag.py took 0.082 seconds
[2022-09-30 12:44:44,643] {processor.py:163} INFO - Started process (PID=1466) to work on /home/airflow/.local/lib/python3.7/site-packages/airflow/example_dags/example_nested_branch_dag.py
[2022-09-30 12:44:44,645] {processor.py:642} INFO - Processing file /home/airflow/.local/lib/python3.7/site-packages/airflow/example_dags/example_nested_branch_dag.py for tasks to queue
[2022-09-30 12:44:44,646] {logging_mixin.py:109} INFO - [2022-09-30 12:44:44,646] {dagbag.py:500} INFO - Filling up the DagBag from /home/airflow/.local/lib/python3.7/site-packages/airflow/example_dags/example_nested_branch_dag.py
[2022-09-30 12:44:44,683] {processor.py:654} INFO - DAG(s) dict_keys(['example_nested_branch_dag']) retrieved from /home/airflow/.local/lib/python3.7/site-packages/airflow/example_dags/example_nested_branch_dag.py
[2022-09-30 12:44:44,694] {logging_mixin.py:109} INFO - [2022-09-30 12:44:44,694] {dag.py:2398} INFO - Sync 1 DAGs
[2022-09-30 12:44:44,710] {logging_mixin.py:109} INFO - [2022-09-30 12:44:44,710] {dag.py:2937} INFO - Setting next_dagrun for example_nested_branch_dag to 2022-09-29 00:00:00+00:00
[2022-09-30 12:44:44,722] {processor.py:171} INFO - Processing /home/airflow/.local/lib/python3.7/site-packages/airflow/example_dags/example_nested_branch_dag.py took 0.082 seconds
[2022-09-30 12:45:15,299] {processor.py:163} INFO - Started process (PID=1526) to work on /home/airflow/.local/lib/python3.7/site-packages/airflow/example_dags/example_nested_branch_dag.py
[2022-09-30 12:45:15,301] {processor.py:642} INFO - Processing file /home/airflow/.local/lib/python3.7/site-packages/airflow/example_dags/example_nested_branch_dag.py for tasks to queue
[2022-09-30 12:45:15,302] {logging_mixin.py:109} INFO - [2022-09-30 12:45:15,302] {dagbag.py:500} INFO - Filling up the DagBag from /home/airflow/.local/lib/python3.7/site-packages/airflow/example_dags/example_nested_branch_dag.py
[2022-09-30 12:45:15,344] {processor.py:654} INFO - DAG(s) dict_keys(['example_nested_branch_dag']) retrieved from /home/airflow/.local/lib/python3.7/site-packages/airflow/example_dags/example_nested_branch_dag.py
[2022-09-30 12:45:15,371] {logging_mixin.py:109} INFO - [2022-09-30 12:45:15,371] {dag.py:2398} INFO - Sync 1 DAGs
[2022-09-30 12:45:15,395] {logging_mixin.py:109} INFO - [2022-09-30 12:45:15,395] {dag.py:2937} INFO - Setting next_dagrun for example_nested_branch_dag to 2022-09-29 00:00:00+00:00
[2022-09-30 12:45:15,408] {processor.py:171} INFO - Processing /home/airflow/.local/lib/python3.7/site-packages/airflow/example_dags/example_nested_branch_dag.py took 0.112 seconds
[2022-09-30 12:45:45,484] {processor.py:163} INFO - Started process (PID=1576) to work on /home/airflow/.local/lib/python3.7/site-packages/airflow/example_dags/example_nested_branch_dag.py
[2022-09-30 12:45:45,485] {processor.py:642} INFO - Processing file /home/airflow/.local/lib/python3.7/site-packages/airflow/example_dags/example_nested_branch_dag.py for tasks to queue
[2022-09-30 12:45:45,487] {logging_mixin.py:109} INFO - [2022-09-30 12:45:45,487] {dagbag.py:500} INFO - Filling up the DagBag from /home/airflow/.local/lib/python3.7/site-packages/airflow/example_dags/example_nested_branch_dag.py
[2022-09-30 12:45:45,519] {processor.py:654} INFO - DAG(s) dict_keys(['example_nested_branch_dag']) retrieved from /home/airflow/.local/lib/python3.7/site-packages/airflow/example_dags/example_nested_branch_dag.py
[2022-09-30 12:45:45,530] {logging_mixin.py:109} INFO - [2022-09-30 12:45:45,530] {dag.py:2398} INFO - Sync 1 DAGs
[2022-09-30 12:45:45,546] {logging_mixin.py:109} INFO - [2022-09-30 12:45:45,546] {dag.py:2937} INFO - Setting next_dagrun for example_nested_branch_dag to 2022-09-29 00:00:00+00:00
[2022-09-30 12:45:45,556] {processor.py:171} INFO - Processing /home/airflow/.local/lib/python3.7/site-packages/airflow/example_dags/example_nested_branch_dag.py took 0.077 seconds
[2022-09-30 12:46:16,053] {processor.py:163} INFO - Started process (PID=1628) to work on /home/airflow/.local/lib/python3.7/site-packages/airflow/example_dags/example_nested_branch_dag.py
[2022-09-30 12:46:16,056] {processor.py:642} INFO - Processing file /home/airflow/.local/lib/python3.7/site-packages/airflow/example_dags/example_nested_branch_dag.py for tasks to queue
[2022-09-30 12:46:16,057] {logging_mixin.py:109} INFO - [2022-09-30 12:46:16,057] {dagbag.py:500} INFO - Filling up the DagBag from /home/airflow/.local/lib/python3.7/site-packages/airflow/example_dags/example_nested_branch_dag.py
[2022-09-30 12:46:16,105] {processor.py:654} INFO - DAG(s) dict_keys(['example_nested_branch_dag']) retrieved from /home/airflow/.local/lib/python3.7/site-packages/airflow/example_dags/example_nested_branch_dag.py
[2022-09-30 12:46:16,119] {logging_mixin.py:109} INFO - [2022-09-30 12:46:16,119] {dag.py:2398} INFO - Sync 1 DAGs
[2022-09-30 12:46:16,136] {logging_mixin.py:109} INFO - [2022-09-30 12:46:16,136] {dag.py:2937} INFO - Setting next_dagrun for example_nested_branch_dag to 2022-09-29 00:00:00+00:00
[2022-09-30 12:46:16,150] {processor.py:171} INFO - Processing /home/airflow/.local/lib/python3.7/site-packages/airflow/example_dags/example_nested_branch_dag.py took 0.101 seconds
[2022-09-30 12:46:46,542] {processor.py:163} INFO - Started process (PID=1688) to work on /home/airflow/.local/lib/python3.7/site-packages/airflow/example_dags/example_nested_branch_dag.py
[2022-09-30 12:46:46,545] {processor.py:642} INFO - Processing file /home/airflow/.local/lib/python3.7/site-packages/airflow/example_dags/example_nested_branch_dag.py for tasks to queue
[2022-09-30 12:46:46,547] {logging_mixin.py:109} INFO - [2022-09-30 12:46:46,546] {dagbag.py:500} INFO - Filling up the DagBag from /home/airflow/.local/lib/python3.7/site-packages/airflow/example_dags/example_nested_branch_dag.py
[2022-09-30 12:46:46,584] {processor.py:654} INFO - DAG(s) dict_keys(['example_nested_branch_dag']) retrieved from /home/airflow/.local/lib/python3.7/site-packages/airflow/example_dags/example_nested_branch_dag.py
[2022-09-30 12:46:46,597] {logging_mixin.py:109} INFO - [2022-09-30 12:46:46,597] {dag.py:2398} INFO - Sync 1 DAGs
[2022-09-30 12:46:46,617] {logging_mixin.py:109} INFO - [2022-09-30 12:46:46,616] {dag.py:2937} INFO - Setting next_dagrun for example_nested_branch_dag to 2022-09-29 00:00:00+00:00
[2022-09-30 12:46:46,626] {processor.py:171} INFO - Processing /home/airflow/.local/lib/python3.7/site-packages/airflow/example_dags/example_nested_branch_dag.py took 0.089 seconds
[2022-09-30 12:47:17,210] {processor.py:163} INFO - Started process (PID=1740) to work on /home/airflow/.local/lib/python3.7/site-packages/airflow/example_dags/example_nested_branch_dag.py
[2022-09-30 12:47:17,214] {processor.py:642} INFO - Processing file /home/airflow/.local/lib/python3.7/site-packages/airflow/example_dags/example_nested_branch_dag.py for tasks to queue
[2022-09-30 12:47:17,216] {logging_mixin.py:109} INFO - [2022-09-30 12:47:17,215] {dagbag.py:500} INFO - Filling up the DagBag from /home/airflow/.local/lib/python3.7/site-packages/airflow/example_dags/example_nested_branch_dag.py
[2022-09-30 12:47:17,263] {processor.py:654} INFO - DAG(s) dict_keys(['example_nested_branch_dag']) retrieved from /home/airflow/.local/lib/python3.7/site-packages/airflow/example_dags/example_nested_branch_dag.py
[2022-09-30 12:47:17,274] {logging_mixin.py:109} INFO - [2022-09-30 12:47:17,274] {dag.py:2398} INFO - Sync 1 DAGs
[2022-09-30 12:47:17,291] {logging_mixin.py:109} INFO - [2022-09-30 12:47:17,291] {dag.py:2937} INFO - Setting next_dagrun for example_nested_branch_dag to 2022-09-29 00:00:00+00:00
[2022-09-30 12:47:17,304] {processor.py:171} INFO - Processing /home/airflow/.local/lib/python3.7/site-packages/airflow/example_dags/example_nested_branch_dag.py took 0.098 seconds
[2022-09-30 12:47:47,826] {processor.py:163} INFO - Started process (PID=1800) to work on /home/airflow/.local/lib/python3.7/site-packages/airflow/example_dags/example_nested_branch_dag.py
[2022-09-30 12:47:47,830] {processor.py:642} INFO - Processing file /home/airflow/.local/lib/python3.7/site-packages/airflow/example_dags/example_nested_branch_dag.py for tasks to queue
[2022-09-30 12:47:47,831] {logging_mixin.py:109} INFO - [2022-09-30 12:47:47,831] {dagbag.py:500} INFO - Filling up the DagBag from /home/airflow/.local/lib/python3.7/site-packages/airflow/example_dags/example_nested_branch_dag.py
[2022-09-30 12:47:47,862] {processor.py:654} INFO - DAG(s) dict_keys(['example_nested_branch_dag']) retrieved from /home/airflow/.local/lib/python3.7/site-packages/airflow/example_dags/example_nested_branch_dag.py
[2022-09-30 12:47:47,873] {logging_mixin.py:109} INFO - [2022-09-30 12:47:47,872] {dag.py:2398} INFO - Sync 1 DAGs
[2022-09-30 12:47:47,888] {logging_mixin.py:109} INFO - [2022-09-30 12:47:47,888] {dag.py:2937} INFO - Setting next_dagrun for example_nested_branch_dag to 2022-09-29 00:00:00+00:00
[2022-09-30 12:47:47,899] {processor.py:171} INFO - Processing /home/airflow/.local/lib/python3.7/site-packages/airflow/example_dags/example_nested_branch_dag.py took 0.077 seconds
[2022-09-30 12:48:18,038] {processor.py:163} INFO - Started process (PID=1851) to work on /home/airflow/.local/lib/python3.7/site-packages/airflow/example_dags/example_nested_branch_dag.py
[2022-09-30 12:48:18,041] {processor.py:642} INFO - Processing file /home/airflow/.local/lib/python3.7/site-packages/airflow/example_dags/example_nested_branch_dag.py for tasks to queue
[2022-09-30 12:48:18,042] {logging_mixin.py:109} INFO - [2022-09-30 12:48:18,042] {dagbag.py:500} INFO - Filling up the DagBag from /home/airflow/.local/lib/python3.7/site-packages/airflow/example_dags/example_nested_branch_dag.py
[2022-09-30 12:48:18,075] {processor.py:654} INFO - DAG(s) dict_keys(['example_nested_branch_dag']) retrieved from /home/airflow/.local/lib/python3.7/site-packages/airflow/example_dags/example_nested_branch_dag.py
[2022-09-30 12:48:18,086] {logging_mixin.py:109} INFO - [2022-09-30 12:48:18,086] {dag.py:2398} INFO - Sync 1 DAGs
[2022-09-30 12:48:18,102] {logging_mixin.py:109} INFO - [2022-09-30 12:48:18,102] {dag.py:2937} INFO - Setting next_dagrun for example_nested_branch_dag to 2022-09-29 00:00:00+00:00
[2022-09-30 12:48:18,112] {processor.py:171} INFO - Processing /home/airflow/.local/lib/python3.7/site-packages/airflow/example_dags/example_nested_branch_dag.py took 0.079 seconds
[2022-09-30 12:48:48,745] {processor.py:163} INFO - Started process (PID=1913) to work on /home/airflow/.local/lib/python3.7/site-packages/airflow/example_dags/example_nested_branch_dag.py
[2022-09-30 12:48:48,748] {processor.py:642} INFO - Processing file /home/airflow/.local/lib/python3.7/site-packages/airflow/example_dags/example_nested_branch_dag.py for tasks to queue
[2022-09-30 12:48:48,752] {logging_mixin.py:109} INFO - [2022-09-30 12:48:48,752] {dagbag.py:500} INFO - Filling up the DagBag from /home/airflow/.local/lib/python3.7/site-packages/airflow/example_dags/example_nested_branch_dag.py
[2022-09-30 12:48:48,800] {processor.py:654} INFO - DAG(s) dict_keys(['example_nested_branch_dag']) retrieved from /home/airflow/.local/lib/python3.7/site-packages/airflow/example_dags/example_nested_branch_dag.py
[2022-09-30 12:48:48,811] {logging_mixin.py:109} INFO - [2022-09-30 12:48:48,811] {dag.py:2398} INFO - Sync 1 DAGs
[2022-09-30 12:48:48,840] {logging_mixin.py:109} INFO - [2022-09-30 12:48:48,840] {dag.py:2937} INFO - Setting next_dagrun for example_nested_branch_dag to 2022-09-29 00:00:00+00:00
[2022-09-30 12:48:48,854] {processor.py:171} INFO - Processing /home/airflow/.local/lib/python3.7/site-packages/airflow/example_dags/example_nested_branch_dag.py took 0.113 seconds
[2022-09-30 12:49:19,114] {processor.py:163} INFO - Started process (PID=1964) to work on /home/airflow/.local/lib/python3.7/site-packages/airflow/example_dags/example_nested_branch_dag.py
[2022-09-30 12:49:19,116] {processor.py:642} INFO - Processing file /home/airflow/.local/lib/python3.7/site-packages/airflow/example_dags/example_nested_branch_dag.py for tasks to queue
[2022-09-30 12:49:19,118] {logging_mixin.py:109} INFO - [2022-09-30 12:49:19,118] {dagbag.py:500} INFO - Filling up the DagBag from /home/airflow/.local/lib/python3.7/site-packages/airflow/example_dags/example_nested_branch_dag.py
[2022-09-30 12:49:19,153] {processor.py:654} INFO - DAG(s) dict_keys(['example_nested_branch_dag']) retrieved from /home/airflow/.local/lib/python3.7/site-packages/airflow/example_dags/example_nested_branch_dag.py
[2022-09-30 12:49:19,164] {logging_mixin.py:109} INFO - [2022-09-30 12:49:19,163] {dag.py:2398} INFO - Sync 1 DAGs
[2022-09-30 12:49:19,180] {logging_mixin.py:109} INFO - [2022-09-30 12:49:19,180] {dag.py:2937} INFO - Setting next_dagrun for example_nested_branch_dag to 2022-09-29 00:00:00+00:00
[2022-09-30 12:49:19,190] {processor.py:171} INFO - Processing /home/airflow/.local/lib/python3.7/site-packages/airflow/example_dags/example_nested_branch_dag.py took 0.081 seconds
[2022-09-30 12:49:49,486] {processor.py:163} INFO - Started process (PID=2025) to work on /home/airflow/.local/lib/python3.7/site-packages/airflow/example_dags/example_nested_branch_dag.py
[2022-09-30 12:49:49,488] {processor.py:642} INFO - Processing file /home/airflow/.local/lib/python3.7/site-packages/airflow/example_dags/example_nested_branch_dag.py for tasks to queue
[2022-09-30 12:49:49,489] {logging_mixin.py:109} INFO - [2022-09-30 12:49:49,489] {dagbag.py:500} INFO - Filling up the DagBag from /home/airflow/.local/lib/python3.7/site-packages/airflow/example_dags/example_nested_branch_dag.py
[2022-09-30 12:49:49,527] {processor.py:654} INFO - DAG(s) dict_keys(['example_nested_branch_dag']) retrieved from /home/airflow/.local/lib/python3.7/site-packages/airflow/example_dags/example_nested_branch_dag.py
[2022-09-30 12:49:49,541] {logging_mixin.py:109} INFO - [2022-09-30 12:49:49,541] {dag.py:2398} INFO - Sync 1 DAGs
[2022-09-30 12:49:49,578] {logging_mixin.py:109} INFO - [2022-09-30 12:49:49,578] {dag.py:2937} INFO - Setting next_dagrun for example_nested_branch_dag to 2022-09-29 00:00:00+00:00
[2022-09-30 12:49:49,595] {processor.py:171} INFO - Processing /home/airflow/.local/lib/python3.7/site-packages/airflow/example_dags/example_nested_branch_dag.py took 0.115 seconds
[2022-09-30 12:50:19,977] {processor.py:163} INFO - Started process (PID=2076) to work on /home/airflow/.local/lib/python3.7/site-packages/airflow/example_dags/example_nested_branch_dag.py
[2022-09-30 12:50:19,980] {processor.py:642} INFO - Processing file /home/airflow/.local/lib/python3.7/site-packages/airflow/example_dags/example_nested_branch_dag.py for tasks to queue
[2022-09-30 12:50:19,981] {logging_mixin.py:109} INFO - [2022-09-30 12:50:19,981] {dagbag.py:500} INFO - Filling up the DagBag from /home/airflow/.local/lib/python3.7/site-packages/airflow/example_dags/example_nested_branch_dag.py
[2022-09-30 12:50:20,021] {processor.py:654} INFO - DAG(s) dict_keys(['example_nested_branch_dag']) retrieved from /home/airflow/.local/lib/python3.7/site-packages/airflow/example_dags/example_nested_branch_dag.py
[2022-09-30 12:50:20,034] {logging_mixin.py:109} INFO - [2022-09-30 12:50:20,034] {dag.py:2398} INFO - Sync 1 DAGs
[2022-09-30 12:50:20,053] {logging_mixin.py:109} INFO - [2022-09-30 12:50:20,053] {dag.py:2937} INFO - Setting next_dagrun for example_nested_branch_dag to 2022-09-29 00:00:00+00:00
[2022-09-30 12:50:20,063] {processor.py:171} INFO - Processing /home/airflow/.local/lib/python3.7/site-packages/airflow/example_dags/example_nested_branch_dag.py took 0.090 seconds
[2022-09-30 12:50:50,166] {processor.py:163} INFO - Started process (PID=2127) to work on /home/airflow/.local/lib/python3.7/site-packages/airflow/example_dags/example_nested_branch_dag.py
[2022-09-30 12:50:50,170] {processor.py:642} INFO - Processing file /home/airflow/.local/lib/python3.7/site-packages/airflow/example_dags/example_nested_branch_dag.py for tasks to queue
[2022-09-30 12:50:50,171] {logging_mixin.py:109} INFO - [2022-09-30 12:50:50,171] {dagbag.py:500} INFO - Filling up the DagBag from /home/airflow/.local/lib/python3.7/site-packages/airflow/example_dags/example_nested_branch_dag.py
[2022-09-30 12:50:50,212] {processor.py:654} INFO - DAG(s) dict_keys(['example_nested_branch_dag']) retrieved from /home/airflow/.local/lib/python3.7/site-packages/airflow/example_dags/example_nested_branch_dag.py
[2022-09-30 12:50:50,224] {logging_mixin.py:109} INFO - [2022-09-30 12:50:50,224] {dag.py:2398} INFO - Sync 1 DAGs
[2022-09-30 12:50:50,246] {logging_mixin.py:109} INFO - [2022-09-30 12:50:50,246] {dag.py:2937} INFO - Setting next_dagrun for example_nested_branch_dag to 2022-09-29 00:00:00+00:00
[2022-09-30 12:50:50,259] {processor.py:171} INFO - Processing /home/airflow/.local/lib/python3.7/site-packages/airflow/example_dags/example_nested_branch_dag.py took 0.097 seconds
[2022-09-30 12:51:20,929] {processor.py:163} INFO - Started process (PID=2188) to work on /home/airflow/.local/lib/python3.7/site-packages/airflow/example_dags/example_nested_branch_dag.py
[2022-09-30 12:51:20,931] {processor.py:642} INFO - Processing file /home/airflow/.local/lib/python3.7/site-packages/airflow/example_dags/example_nested_branch_dag.py for tasks to queue
[2022-09-30 12:51:20,932] {logging_mixin.py:109} INFO - [2022-09-30 12:51:20,932] {dagbag.py:500} INFO - Filling up the DagBag from /home/airflow/.local/lib/python3.7/site-packages/airflow/example_dags/example_nested_branch_dag.py
[2022-09-30 12:51:20,963] {processor.py:654} INFO - DAG(s) dict_keys(['example_nested_branch_dag']) retrieved from /home/airflow/.local/lib/python3.7/site-packages/airflow/example_dags/example_nested_branch_dag.py
[2022-09-30 12:51:20,973] {logging_mixin.py:109} INFO - [2022-09-30 12:51:20,973] {dag.py:2398} INFO - Sync 1 DAGs
[2022-09-30 12:51:20,989] {logging_mixin.py:109} INFO - [2022-09-30 12:51:20,988] {dag.py:2937} INFO - Setting next_dagrun for example_nested_branch_dag to 2022-09-29 00:00:00+00:00
[2022-09-30 12:51:20,999] {processor.py:171} INFO - Processing /home/airflow/.local/lib/python3.7/site-packages/airflow/example_dags/example_nested_branch_dag.py took 0.073 seconds
[2022-09-30 12:54:36,406] {processor.py:163} INFO - Started process (PID=2256) to work on /home/airflow/.local/lib/python3.7/site-packages/airflow/example_dags/example_nested_branch_dag.py
[2022-09-30 12:54:36,408] {processor.py:642} INFO - Processing file /home/airflow/.local/lib/python3.7/site-packages/airflow/example_dags/example_nested_branch_dag.py for tasks to queue
[2022-09-30 12:54:36,410] {logging_mixin.py:109} INFO - [2022-09-30 12:54:36,410] {dagbag.py:500} INFO - Filling up the DagBag from /home/airflow/.local/lib/python3.7/site-packages/airflow/example_dags/example_nested_branch_dag.py
[2022-09-30 12:54:36,462] {processor.py:654} INFO - DAG(s) dict_keys(['example_nested_branch_dag']) retrieved from /home/airflow/.local/lib/python3.7/site-packages/airflow/example_dags/example_nested_branch_dag.py
[2022-09-30 12:54:36,481] {logging_mixin.py:109} INFO - [2022-09-30 12:54:36,481] {dag.py:2398} INFO - Sync 1 DAGs
[2022-09-30 12:54:36,502] {logging_mixin.py:109} INFO - [2022-09-30 12:54:36,501] {dag.py:2937} INFO - Setting next_dagrun for example_nested_branch_dag to 2022-09-29 00:00:00+00:00
[2022-09-30 12:54:36,519] {processor.py:171} INFO - Processing /home/airflow/.local/lib/python3.7/site-packages/airflow/example_dags/example_nested_branch_dag.py took 0.118 seconds
[2022-09-30 12:59:37,745] {processor.py:163} INFO - Started process (PID=2311) to work on /home/airflow/.local/lib/python3.7/site-packages/airflow/example_dags/example_nested_branch_dag.py
[2022-09-30 12:59:37,754] {processor.py:642} INFO - Processing file /home/airflow/.local/lib/python3.7/site-packages/airflow/example_dags/example_nested_branch_dag.py for tasks to queue
[2022-09-30 12:59:37,756] {logging_mixin.py:109} INFO - [2022-09-30 12:59:37,756] {dagbag.py:500} INFO - Filling up the DagBag from /home/airflow/.local/lib/python3.7/site-packages/airflow/example_dags/example_nested_branch_dag.py
[2022-09-30 12:59:37,835] {processor.py:654} INFO - DAG(s) dict_keys(['example_nested_branch_dag']) retrieved from /home/airflow/.local/lib/python3.7/site-packages/airflow/example_dags/example_nested_branch_dag.py
[2022-09-30 12:59:37,869] {logging_mixin.py:109} INFO - [2022-09-30 12:59:37,869] {dag.py:2398} INFO - Sync 1 DAGs
[2022-09-30 12:59:37,925] {logging_mixin.py:109} INFO - [2022-09-30 12:59:37,924] {dag.py:2937} INFO - Setting next_dagrun for example_nested_branch_dag to 2022-09-29 00:00:00+00:00
[2022-09-30 12:59:37,979] {processor.py:171} INFO - Processing /home/airflow/.local/lib/python3.7/site-packages/airflow/example_dags/example_nested_branch_dag.py took 0.238 seconds
[2022-09-30 13:03:10,926] {processor.py:163} INFO - Started process (PID=2384) to work on /home/airflow/.local/lib/python3.7/site-packages/airflow/example_dags/example_nested_branch_dag.py
[2022-09-30 13:03:10,935] {processor.py:642} INFO - Processing file /home/airflow/.local/lib/python3.7/site-packages/airflow/example_dags/example_nested_branch_dag.py for tasks to queue
[2022-09-30 13:03:10,937] {logging_mixin.py:109} INFO - [2022-09-30 13:03:10,937] {dagbag.py:500} INFO - Filling up the DagBag from /home/airflow/.local/lib/python3.7/site-packages/airflow/example_dags/example_nested_branch_dag.py
[2022-09-30 13:03:11,234] {processor.py:654} INFO - DAG(s) dict_keys(['example_nested_branch_dag']) retrieved from /home/airflow/.local/lib/python3.7/site-packages/airflow/example_dags/example_nested_branch_dag.py
[2022-09-30 13:03:11,381] {logging_mixin.py:109} INFO - [2022-09-30 13:03:11,381] {dag.py:2398} INFO - Sync 1 DAGs
[2022-09-30 13:03:11,549] {logging_mixin.py:109} INFO - [2022-09-30 13:03:11,548] {dag.py:2937} INFO - Setting next_dagrun for example_nested_branch_dag to 2022-09-29 00:00:00+00:00
[2022-09-30 13:03:11,697] {processor.py:171} INFO - Processing /home/airflow/.local/lib/python3.7/site-packages/airflow/example_dags/example_nested_branch_dag.py took 0.822 seconds
[2022-09-30 13:03:42,408] {processor.py:163} INFO - Started process (PID=2436) to work on /home/airflow/.local/lib/python3.7/site-packages/airflow/example_dags/example_nested_branch_dag.py
[2022-09-30 13:03:42,411] {processor.py:642} INFO - Processing file /home/airflow/.local/lib/python3.7/site-packages/airflow/example_dags/example_nested_branch_dag.py for tasks to queue
[2022-09-30 13:03:42,413] {logging_mixin.py:109} INFO - [2022-09-30 13:03:42,413] {dagbag.py:500} INFO - Filling up the DagBag from /home/airflow/.local/lib/python3.7/site-packages/airflow/example_dags/example_nested_branch_dag.py
[2022-09-30 13:03:42,447] {processor.py:654} INFO - DAG(s) dict_keys(['example_nested_branch_dag']) retrieved from /home/airflow/.local/lib/python3.7/site-packages/airflow/example_dags/example_nested_branch_dag.py
[2022-09-30 13:03:42,458] {logging_mixin.py:109} INFO - [2022-09-30 13:03:42,458] {dag.py:2398} INFO - Sync 1 DAGs
[2022-09-30 13:03:42,474] {logging_mixin.py:109} INFO - [2022-09-30 13:03:42,474] {dag.py:2937} INFO - Setting next_dagrun for example_nested_branch_dag to 2022-09-29 00:00:00+00:00
[2022-09-30 13:03:42,486] {processor.py:171} INFO - Processing /home/airflow/.local/lib/python3.7/site-packages/airflow/example_dags/example_nested_branch_dag.py took 0.083 seconds
[2022-09-30 13:04:13,279] {processor.py:163} INFO - Started process (PID=2497) to work on /home/airflow/.local/lib/python3.7/site-packages/airflow/example_dags/example_nested_branch_dag.py
[2022-09-30 13:04:13,282] {processor.py:642} INFO - Processing file /home/airflow/.local/lib/python3.7/site-packages/airflow/example_dags/example_nested_branch_dag.py for tasks to queue
[2022-09-30 13:04:13,284] {logging_mixin.py:109} INFO - [2022-09-30 13:04:13,284] {dagbag.py:500} INFO - Filling up the DagBag from /home/airflow/.local/lib/python3.7/site-packages/airflow/example_dags/example_nested_branch_dag.py
[2022-09-30 13:04:13,316] {processor.py:654} INFO - DAG(s) dict_keys(['example_nested_branch_dag']) retrieved from /home/airflow/.local/lib/python3.7/site-packages/airflow/example_dags/example_nested_branch_dag.py
[2022-09-30 13:04:13,327] {logging_mixin.py:109} INFO - [2022-09-30 13:04:13,327] {dag.py:2398} INFO - Sync 1 DAGs
[2022-09-30 13:04:13,342] {logging_mixin.py:109} INFO - [2022-09-30 13:04:13,341] {dag.py:2937} INFO - Setting next_dagrun for example_nested_branch_dag to 2022-09-29 00:00:00+00:00
[2022-09-30 13:04:13,354] {processor.py:171} INFO - Processing /home/airflow/.local/lib/python3.7/site-packages/airflow/example_dags/example_nested_branch_dag.py took 0.080 seconds
[2022-09-30 13:04:43,826] {processor.py:163} INFO - Started process (PID=2548) to work on /home/airflow/.local/lib/python3.7/site-packages/airflow/example_dags/example_nested_branch_dag.py
[2022-09-30 13:04:43,829] {processor.py:642} INFO - Processing file /home/airflow/.local/lib/python3.7/site-packages/airflow/example_dags/example_nested_branch_dag.py for tasks to queue
[2022-09-30 13:04:43,830] {logging_mixin.py:109} INFO - [2022-09-30 13:04:43,830] {dagbag.py:500} INFO - Filling up the DagBag from /home/airflow/.local/lib/python3.7/site-packages/airflow/example_dags/example_nested_branch_dag.py
[2022-09-30 13:04:43,866] {processor.py:654} INFO - DAG(s) dict_keys(['example_nested_branch_dag']) retrieved from /home/airflow/.local/lib/python3.7/site-packages/airflow/example_dags/example_nested_branch_dag.py
[2022-09-30 13:04:43,878] {logging_mixin.py:109} INFO - [2022-09-30 13:04:43,878] {dag.py:2398} INFO - Sync 1 DAGs
[2022-09-30 13:04:43,904] {logging_mixin.py:109} INFO - [2022-09-30 13:04:43,904] {dag.py:2937} INFO - Setting next_dagrun for example_nested_branch_dag to 2022-09-29 00:00:00+00:00
[2022-09-30 13:04:43,914] {processor.py:171} INFO - Processing /home/airflow/.local/lib/python3.7/site-packages/airflow/example_dags/example_nested_branch_dag.py took 0.092 seconds
[2022-09-30 13:05:14,257] {processor.py:163} INFO - Started process (PID=2608) to work on /home/airflow/.local/lib/python3.7/site-packages/airflow/example_dags/example_nested_branch_dag.py
[2022-09-30 13:05:14,259] {processor.py:642} INFO - Processing file /home/airflow/.local/lib/python3.7/site-packages/airflow/example_dags/example_nested_branch_dag.py for tasks to queue
[2022-09-30 13:05:14,261] {logging_mixin.py:109} INFO - [2022-09-30 13:05:14,261] {dagbag.py:500} INFO - Filling up the DagBag from /home/airflow/.local/lib/python3.7/site-packages/airflow/example_dags/example_nested_branch_dag.py
[2022-09-30 13:05:14,295] {processor.py:654} INFO - DAG(s) dict_keys(['example_nested_branch_dag']) retrieved from /home/airflow/.local/lib/python3.7/site-packages/airflow/example_dags/example_nested_branch_dag.py
[2022-09-30 13:05:14,308] {logging_mixin.py:109} INFO - [2022-09-30 13:05:14,308] {dag.py:2398} INFO - Sync 1 DAGs
[2022-09-30 13:05:14,327] {logging_mixin.py:109} INFO - [2022-09-30 13:05:14,327] {dag.py:2937} INFO - Setting next_dagrun for example_nested_branch_dag to 2022-09-29 00:00:00+00:00
[2022-09-30 13:05:14,338] {processor.py:171} INFO - Processing /home/airflow/.local/lib/python3.7/site-packages/airflow/example_dags/example_nested_branch_dag.py took 0.084 seconds
[2022-09-30 13:05:44,850] {processor.py:163} INFO - Started process (PID=2660) to work on /home/airflow/.local/lib/python3.7/site-packages/airflow/example_dags/example_nested_branch_dag.py
[2022-09-30 13:05:44,853] {processor.py:642} INFO - Processing file /home/airflow/.local/lib/python3.7/site-packages/airflow/example_dags/example_nested_branch_dag.py for tasks to queue
[2022-09-30 13:05:44,854] {logging_mixin.py:109} INFO - [2022-09-30 13:05:44,854] {dagbag.py:500} INFO - Filling up the DagBag from /home/airflow/.local/lib/python3.7/site-packages/airflow/example_dags/example_nested_branch_dag.py
[2022-09-30 13:05:44,886] {processor.py:654} INFO - DAG(s) dict_keys(['example_nested_branch_dag']) retrieved from /home/airflow/.local/lib/python3.7/site-packages/airflow/example_dags/example_nested_branch_dag.py
[2022-09-30 13:05:44,898] {logging_mixin.py:109} INFO - [2022-09-30 13:05:44,898] {dag.py:2398} INFO - Sync 1 DAGs
[2022-09-30 13:05:44,917] {logging_mixin.py:109} INFO - [2022-09-30 13:05:44,917] {dag.py:2937} INFO - Setting next_dagrun for example_nested_branch_dag to 2022-09-29 00:00:00+00:00
[2022-09-30 13:05:44,931] {processor.py:171} INFO - Processing /home/airflow/.local/lib/python3.7/site-packages/airflow/example_dags/example_nested_branch_dag.py took 0.086 seconds
