[2022-09-30 12:32:41,042] {processor.py:163} INFO - Started process (PID=77) to work on /home/airflow/.local/lib/python3.7/site-packages/airflow/example_dags/tutorial_etl_dag.py
[2022-09-30 12:32:41,045] {processor.py:642} INFO - Processing file /home/airflow/.local/lib/python3.7/site-packages/airflow/example_dags/tutorial_etl_dag.py for tasks to queue
[2022-09-30 12:32:41,048] {logging_mixin.py:109} INFO - [2022-09-30 12:32:41,047] {dagbag.py:500} INFO - Filling up the DagBag from /home/airflow/.local/lib/python3.7/site-packages/airflow/example_dags/tutorial_etl_dag.py
[2022-09-30 12:32:41,158] {processor.py:654} INFO - DAG(s) dict_keys(['tutorial_etl_dag']) retrieved from /home/airflow/.local/lib/python3.7/site-packages/airflow/example_dags/tutorial_etl_dag.py
[2022-09-30 12:32:43,572] {logging_mixin.py:109} INFO - [2022-09-30 12:32:43,571] {manager.py:496} INFO - Created Permission View: can edit on DAG:tutorial_etl_dag
[2022-09-30 12:32:43,585] {logging_mixin.py:109} INFO - [2022-09-30 12:32:43,585] {manager.py:496} INFO - Created Permission View: can read on DAG:tutorial_etl_dag
[2022-09-30 12:32:43,586] {logging_mixin.py:109} INFO - [2022-09-30 12:32:43,586] {dag.py:2398} INFO - Sync 1 DAGs
[2022-09-30 12:32:43,594] {logging_mixin.py:109} INFO - [2022-09-30 12:32:43,593] {dag.py:2417} INFO - Creating ORM DAG for tutorial_etl_dag
[2022-09-30 12:32:43,603] {logging_mixin.py:109} INFO - [2022-09-30 12:32:43,603] {dag.py:2937} INFO - Setting next_dagrun for tutorial_etl_dag to None
[2022-09-30 12:32:43,618] {processor.py:171} INFO - Processing /home/airflow/.local/lib/python3.7/site-packages/airflow/example_dags/tutorial_etl_dag.py took 2.581 seconds
[2022-09-30 12:33:16,205] {processor.py:163} INFO - Started process (PID=235) to work on /home/airflow/.local/lib/python3.7/site-packages/airflow/example_dags/tutorial_etl_dag.py
[2022-09-30 12:33:16,209] {processor.py:642} INFO - Processing file /home/airflow/.local/lib/python3.7/site-packages/airflow/example_dags/tutorial_etl_dag.py for tasks to queue
[2022-09-30 12:33:16,211] {logging_mixin.py:109} INFO - [2022-09-30 12:33:16,211] {dagbag.py:500} INFO - Filling up the DagBag from /home/airflow/.local/lib/python3.7/site-packages/airflow/example_dags/tutorial_etl_dag.py
[2022-09-30 12:33:16,295] {processor.py:654} INFO - DAG(s) dict_keys(['tutorial_etl_dag']) retrieved from /home/airflow/.local/lib/python3.7/site-packages/airflow/example_dags/tutorial_etl_dag.py
[2022-09-30 12:33:16,334] {logging_mixin.py:109} INFO - [2022-09-30 12:33:16,334] {dag.py:2398} INFO - Sync 1 DAGs
[2022-09-30 12:33:16,368] {logging_mixin.py:109} INFO - [2022-09-30 12:33:16,368] {dag.py:2937} INFO - Setting next_dagrun for tutorial_etl_dag to None
[2022-09-30 12:33:16,388] {processor.py:171} INFO - Processing /home/airflow/.local/lib/python3.7/site-packages/airflow/example_dags/tutorial_etl_dag.py took 0.188 seconds
[2022-09-30 12:33:46,480] {processor.py:163} INFO - Started process (PID=287) to work on /home/airflow/.local/lib/python3.7/site-packages/airflow/example_dags/tutorial_etl_dag.py
[2022-09-30 12:33:46,487] {processor.py:642} INFO - Processing file /home/airflow/.local/lib/python3.7/site-packages/airflow/example_dags/tutorial_etl_dag.py for tasks to queue
[2022-09-30 12:33:46,500] {logging_mixin.py:109} INFO - [2022-09-30 12:33:46,500] {dagbag.py:500} INFO - Filling up the DagBag from /home/airflow/.local/lib/python3.7/site-packages/airflow/example_dags/tutorial_etl_dag.py
[2022-09-30 12:33:46,581] {processor.py:654} INFO - DAG(s) dict_keys(['tutorial_etl_dag']) retrieved from /home/airflow/.local/lib/python3.7/site-packages/airflow/example_dags/tutorial_etl_dag.py
[2022-09-30 12:33:46,600] {logging_mixin.py:109} INFO - [2022-09-30 12:33:46,600] {dag.py:2398} INFO - Sync 1 DAGs
[2022-09-30 12:33:46,626] {logging_mixin.py:109} INFO - [2022-09-30 12:33:46,626] {dag.py:2937} INFO - Setting next_dagrun for tutorial_etl_dag to None
[2022-09-30 12:33:46,646] {processor.py:171} INFO - Processing /home/airflow/.local/lib/python3.7/site-packages/airflow/example_dags/tutorial_etl_dag.py took 0.170 seconds
[2022-09-30 12:34:17,523] {processor.py:163} INFO - Started process (PID=338) to work on /home/airflow/.local/lib/python3.7/site-packages/airflow/example_dags/tutorial_etl_dag.py
[2022-09-30 12:34:17,533] {processor.py:642} INFO - Processing file /home/airflow/.local/lib/python3.7/site-packages/airflow/example_dags/tutorial_etl_dag.py for tasks to queue
[2022-09-30 12:34:17,535] {logging_mixin.py:109} INFO - [2022-09-30 12:34:17,535] {dagbag.py:500} INFO - Filling up the DagBag from /home/airflow/.local/lib/python3.7/site-packages/airflow/example_dags/tutorial_etl_dag.py
[2022-09-30 12:34:17,602] {processor.py:654} INFO - DAG(s) dict_keys(['tutorial_etl_dag']) retrieved from /home/airflow/.local/lib/python3.7/site-packages/airflow/example_dags/tutorial_etl_dag.py
[2022-09-30 12:34:17,639] {logging_mixin.py:109} INFO - [2022-09-30 12:34:17,638] {dag.py:2398} INFO - Sync 1 DAGs
[2022-09-30 12:34:17,668] {logging_mixin.py:109} INFO - [2022-09-30 12:34:17,668] {dag.py:2937} INFO - Setting next_dagrun for tutorial_etl_dag to None
[2022-09-30 12:34:17,697] {processor.py:171} INFO - Processing /home/airflow/.local/lib/python3.7/site-packages/airflow/example_dags/tutorial_etl_dag.py took 0.178 seconds
[2022-09-30 12:34:48,427] {processor.py:163} INFO - Started process (PID=389) to work on /home/airflow/.local/lib/python3.7/site-packages/airflow/example_dags/tutorial_etl_dag.py
[2022-09-30 12:34:48,429] {processor.py:642} INFO - Processing file /home/airflow/.local/lib/python3.7/site-packages/airflow/example_dags/tutorial_etl_dag.py for tasks to queue
[2022-09-30 12:34:48,430] {logging_mixin.py:109} INFO - [2022-09-30 12:34:48,430] {dagbag.py:500} INFO - Filling up the DagBag from /home/airflow/.local/lib/python3.7/site-packages/airflow/example_dags/tutorial_etl_dag.py
[2022-09-30 12:34:48,484] {processor.py:654} INFO - DAG(s) dict_keys(['tutorial_etl_dag']) retrieved from /home/airflow/.local/lib/python3.7/site-packages/airflow/example_dags/tutorial_etl_dag.py
[2022-09-30 12:34:48,498] {logging_mixin.py:109} INFO - [2022-09-30 12:34:48,498] {dag.py:2398} INFO - Sync 1 DAGs
[2022-09-30 12:34:48,514] {logging_mixin.py:109} INFO - [2022-09-30 12:34:48,513] {dag.py:2937} INFO - Setting next_dagrun for tutorial_etl_dag to None
[2022-09-30 12:34:48,534] {processor.py:171} INFO - Processing /home/airflow/.local/lib/python3.7/site-packages/airflow/example_dags/tutorial_etl_dag.py took 0.110 seconds
[2022-09-30 12:35:19,129] {processor.py:163} INFO - Started process (PID=440) to work on /home/airflow/.local/lib/python3.7/site-packages/airflow/example_dags/tutorial_etl_dag.py
[2022-09-30 12:35:19,131] {processor.py:642} INFO - Processing file /home/airflow/.local/lib/python3.7/site-packages/airflow/example_dags/tutorial_etl_dag.py for tasks to queue
[2022-09-30 12:35:19,133] {logging_mixin.py:109} INFO - [2022-09-30 12:35:19,133] {dagbag.py:500} INFO - Filling up the DagBag from /home/airflow/.local/lib/python3.7/site-packages/airflow/example_dags/tutorial_etl_dag.py
[2022-09-30 12:35:19,165] {processor.py:654} INFO - DAG(s) dict_keys(['tutorial_etl_dag']) retrieved from /home/airflow/.local/lib/python3.7/site-packages/airflow/example_dags/tutorial_etl_dag.py
[2022-09-30 12:35:19,176] {logging_mixin.py:109} INFO - [2022-09-30 12:35:19,176] {dag.py:2398} INFO - Sync 1 DAGs
[2022-09-30 12:35:19,190] {logging_mixin.py:109} INFO - [2022-09-30 12:35:19,190] {dag.py:2937} INFO - Setting next_dagrun for tutorial_etl_dag to None
[2022-09-30 12:35:19,202] {processor.py:171} INFO - Processing /home/airflow/.local/lib/python3.7/site-packages/airflow/example_dags/tutorial_etl_dag.py took 0.077 seconds
[2022-09-30 12:35:49,497] {processor.py:163} INFO - Started process (PID=501) to work on /home/airflow/.local/lib/python3.7/site-packages/airflow/example_dags/tutorial_etl_dag.py
[2022-09-30 12:35:49,504] {processor.py:642} INFO - Processing file /home/airflow/.local/lib/python3.7/site-packages/airflow/example_dags/tutorial_etl_dag.py for tasks to queue
[2022-09-30 12:35:49,507] {logging_mixin.py:109} INFO - [2022-09-30 12:35:49,506] {dagbag.py:500} INFO - Filling up the DagBag from /home/airflow/.local/lib/python3.7/site-packages/airflow/example_dags/tutorial_etl_dag.py
[2022-09-30 12:35:49,563] {processor.py:654} INFO - DAG(s) dict_keys(['tutorial_etl_dag']) retrieved from /home/airflow/.local/lib/python3.7/site-packages/airflow/example_dags/tutorial_etl_dag.py
[2022-09-30 12:35:49,584] {logging_mixin.py:109} INFO - [2022-09-30 12:35:49,584] {dag.py:2398} INFO - Sync 1 DAGs
[2022-09-30 12:35:49,603] {logging_mixin.py:109} INFO - [2022-09-30 12:35:49,603] {dag.py:2937} INFO - Setting next_dagrun for tutorial_etl_dag to None
[2022-09-30 12:35:49,617] {processor.py:171} INFO - Processing /home/airflow/.local/lib/python3.7/site-packages/airflow/example_dags/tutorial_etl_dag.py took 0.124 seconds
[2022-09-30 12:36:19,904] {processor.py:163} INFO - Started process (PID=553) to work on /home/airflow/.local/lib/python3.7/site-packages/airflow/example_dags/tutorial_etl_dag.py
[2022-09-30 12:36:19,906] {processor.py:642} INFO - Processing file /home/airflow/.local/lib/python3.7/site-packages/airflow/example_dags/tutorial_etl_dag.py for tasks to queue
[2022-09-30 12:36:19,908] {logging_mixin.py:109} INFO - [2022-09-30 12:36:19,908] {dagbag.py:500} INFO - Filling up the DagBag from /home/airflow/.local/lib/python3.7/site-packages/airflow/example_dags/tutorial_etl_dag.py
[2022-09-30 12:36:19,938] {processor.py:654} INFO - DAG(s) dict_keys(['tutorial_etl_dag']) retrieved from /home/airflow/.local/lib/python3.7/site-packages/airflow/example_dags/tutorial_etl_dag.py
[2022-09-30 12:36:19,950] {logging_mixin.py:109} INFO - [2022-09-30 12:36:19,950] {dag.py:2398} INFO - Sync 1 DAGs
[2022-09-30 12:36:19,965] {logging_mixin.py:109} INFO - [2022-09-30 12:36:19,965] {dag.py:2937} INFO - Setting next_dagrun for tutorial_etl_dag to None
[2022-09-30 12:36:19,975] {processor.py:171} INFO - Processing /home/airflow/.local/lib/python3.7/site-packages/airflow/example_dags/tutorial_etl_dag.py took 0.075 seconds
[2022-09-30 12:36:50,829] {processor.py:163} INFO - Started process (PID=614) to work on /home/airflow/.local/lib/python3.7/site-packages/airflow/example_dags/tutorial_etl_dag.py
[2022-09-30 12:36:50,832] {processor.py:642} INFO - Processing file /home/airflow/.local/lib/python3.7/site-packages/airflow/example_dags/tutorial_etl_dag.py for tasks to queue
[2022-09-30 12:36:50,833] {logging_mixin.py:109} INFO - [2022-09-30 12:36:50,833] {dagbag.py:500} INFO - Filling up the DagBag from /home/airflow/.local/lib/python3.7/site-packages/airflow/example_dags/tutorial_etl_dag.py
[2022-09-30 12:36:50,864] {processor.py:654} INFO - DAG(s) dict_keys(['tutorial_etl_dag']) retrieved from /home/airflow/.local/lib/python3.7/site-packages/airflow/example_dags/tutorial_etl_dag.py
[2022-09-30 12:36:50,879] {logging_mixin.py:109} INFO - [2022-09-30 12:36:50,878] {dag.py:2398} INFO - Sync 1 DAGs
[2022-09-30 12:36:50,906] {logging_mixin.py:109} INFO - [2022-09-30 12:36:50,906] {dag.py:2937} INFO - Setting next_dagrun for tutorial_etl_dag to None
[2022-09-30 12:36:50,923] {processor.py:171} INFO - Processing /home/airflow/.local/lib/python3.7/site-packages/airflow/example_dags/tutorial_etl_dag.py took 0.097 seconds
[2022-09-30 12:37:21,531] {processor.py:163} INFO - Started process (PID=665) to work on /home/airflow/.local/lib/python3.7/site-packages/airflow/example_dags/tutorial_etl_dag.py
[2022-09-30 12:37:21,533] {processor.py:642} INFO - Processing file /home/airflow/.local/lib/python3.7/site-packages/airflow/example_dags/tutorial_etl_dag.py for tasks to queue
[2022-09-30 12:37:21,535] {logging_mixin.py:109} INFO - [2022-09-30 12:37:21,535] {dagbag.py:500} INFO - Filling up the DagBag from /home/airflow/.local/lib/python3.7/site-packages/airflow/example_dags/tutorial_etl_dag.py
[2022-09-30 12:37:21,567] {processor.py:654} INFO - DAG(s) dict_keys(['tutorial_etl_dag']) retrieved from /home/airflow/.local/lib/python3.7/site-packages/airflow/example_dags/tutorial_etl_dag.py
[2022-09-30 12:37:21,577] {logging_mixin.py:109} INFO - [2022-09-30 12:37:21,577] {dag.py:2398} INFO - Sync 1 DAGs
[2022-09-30 12:37:21,594] {logging_mixin.py:109} INFO - [2022-09-30 12:37:21,594] {dag.py:2937} INFO - Setting next_dagrun for tutorial_etl_dag to None
[2022-09-30 12:37:21,606] {processor.py:171} INFO - Processing /home/airflow/.local/lib/python3.7/site-packages/airflow/example_dags/tutorial_etl_dag.py took 0.078 seconds
[2022-09-30 12:37:51,974] {processor.py:163} INFO - Started process (PID=715) to work on /home/airflow/.local/lib/python3.7/site-packages/airflow/example_dags/tutorial_etl_dag.py
[2022-09-30 12:37:51,977] {processor.py:642} INFO - Processing file /home/airflow/.local/lib/python3.7/site-packages/airflow/example_dags/tutorial_etl_dag.py for tasks to queue
[2022-09-30 12:37:51,978] {logging_mixin.py:109} INFO - [2022-09-30 12:37:51,978] {dagbag.py:500} INFO - Filling up the DagBag from /home/airflow/.local/lib/python3.7/site-packages/airflow/example_dags/tutorial_etl_dag.py
[2022-09-30 12:37:52,019] {processor.py:654} INFO - DAG(s) dict_keys(['tutorial_etl_dag']) retrieved from /home/airflow/.local/lib/python3.7/site-packages/airflow/example_dags/tutorial_etl_dag.py
[2022-09-30 12:37:52,032] {logging_mixin.py:109} INFO - [2022-09-30 12:37:52,032] {dag.py:2398} INFO - Sync 1 DAGs
[2022-09-30 12:37:52,049] {logging_mixin.py:109} INFO - [2022-09-30 12:37:52,049] {dag.py:2937} INFO - Setting next_dagrun for tutorial_etl_dag to None
[2022-09-30 12:37:52,062] {processor.py:171} INFO - Processing /home/airflow/.local/lib/python3.7/site-packages/airflow/example_dags/tutorial_etl_dag.py took 0.091 seconds
[2022-09-30 12:38:22,387] {processor.py:163} INFO - Started process (PID=776) to work on /home/airflow/.local/lib/python3.7/site-packages/airflow/example_dags/tutorial_etl_dag.py
[2022-09-30 12:38:22,389] {processor.py:642} INFO - Processing file /home/airflow/.local/lib/python3.7/site-packages/airflow/example_dags/tutorial_etl_dag.py for tasks to queue
[2022-09-30 12:38:22,391] {logging_mixin.py:109} INFO - [2022-09-30 12:38:22,391] {dagbag.py:500} INFO - Filling up the DagBag from /home/airflow/.local/lib/python3.7/site-packages/airflow/example_dags/tutorial_etl_dag.py
[2022-09-30 12:38:22,424] {processor.py:654} INFO - DAG(s) dict_keys(['tutorial_etl_dag']) retrieved from /home/airflow/.local/lib/python3.7/site-packages/airflow/example_dags/tutorial_etl_dag.py
[2022-09-30 12:38:22,434] {logging_mixin.py:109} INFO - [2022-09-30 12:38:22,434] {dag.py:2398} INFO - Sync 1 DAGs
[2022-09-30 12:38:22,450] {logging_mixin.py:109} INFO - [2022-09-30 12:38:22,450] {dag.py:2937} INFO - Setting next_dagrun for tutorial_etl_dag to None
[2022-09-30 12:38:22,462] {processor.py:171} INFO - Processing /home/airflow/.local/lib/python3.7/site-packages/airflow/example_dags/tutorial_etl_dag.py took 0.080 seconds
[2022-09-30 12:38:53,202] {processor.py:163} INFO - Started process (PID=827) to work on /home/airflow/.local/lib/python3.7/site-packages/airflow/example_dags/tutorial_etl_dag.py
[2022-09-30 12:38:53,205] {processor.py:642} INFO - Processing file /home/airflow/.local/lib/python3.7/site-packages/airflow/example_dags/tutorial_etl_dag.py for tasks to queue
[2022-09-30 12:38:53,206] {logging_mixin.py:109} INFO - [2022-09-30 12:38:53,206] {dagbag.py:500} INFO - Filling up the DagBag from /home/airflow/.local/lib/python3.7/site-packages/airflow/example_dags/tutorial_etl_dag.py
[2022-09-30 12:38:53,241] {processor.py:654} INFO - DAG(s) dict_keys(['tutorial_etl_dag']) retrieved from /home/airflow/.local/lib/python3.7/site-packages/airflow/example_dags/tutorial_etl_dag.py
[2022-09-30 12:38:53,253] {logging_mixin.py:109} INFO - [2022-09-30 12:38:53,253] {dag.py:2398} INFO - Sync 1 DAGs
[2022-09-30 12:38:53,276] {logging_mixin.py:109} INFO - [2022-09-30 12:38:53,275] {dag.py:2937} INFO - Setting next_dagrun for tutorial_etl_dag to None
[2022-09-30 12:38:53,289] {processor.py:171} INFO - Processing /home/airflow/.local/lib/python3.7/site-packages/airflow/example_dags/tutorial_etl_dag.py took 0.092 seconds
[2022-09-30 12:39:23,374] {processor.py:163} INFO - Started process (PID=887) to work on /home/airflow/.local/lib/python3.7/site-packages/airflow/example_dags/tutorial_etl_dag.py
[2022-09-30 12:39:23,384] {processor.py:642} INFO - Processing file /home/airflow/.local/lib/python3.7/site-packages/airflow/example_dags/tutorial_etl_dag.py for tasks to queue
[2022-09-30 12:39:23,386] {logging_mixin.py:109} INFO - [2022-09-30 12:39:23,385] {dagbag.py:500} INFO - Filling up the DagBag from /home/airflow/.local/lib/python3.7/site-packages/airflow/example_dags/tutorial_etl_dag.py
[2022-09-30 12:39:23,451] {processor.py:654} INFO - DAG(s) dict_keys(['tutorial_etl_dag']) retrieved from /home/airflow/.local/lib/python3.7/site-packages/airflow/example_dags/tutorial_etl_dag.py
[2022-09-30 12:39:23,467] {logging_mixin.py:109} INFO - [2022-09-30 12:39:23,467] {dag.py:2398} INFO - Sync 1 DAGs
[2022-09-30 12:39:23,493] {logging_mixin.py:109} INFO - [2022-09-30 12:39:23,493] {dag.py:2937} INFO - Setting next_dagrun for tutorial_etl_dag to None
[2022-09-30 12:39:23,507] {processor.py:171} INFO - Processing /home/airflow/.local/lib/python3.7/site-packages/airflow/example_dags/tutorial_etl_dag.py took 0.138 seconds
[2022-09-30 12:39:53,793] {processor.py:163} INFO - Started process (PID=939) to work on /home/airflow/.local/lib/python3.7/site-packages/airflow/example_dags/tutorial_etl_dag.py
[2022-09-30 12:39:53,795] {processor.py:642} INFO - Processing file /home/airflow/.local/lib/python3.7/site-packages/airflow/example_dags/tutorial_etl_dag.py for tasks to queue
[2022-09-30 12:39:53,797] {logging_mixin.py:109} INFO - [2022-09-30 12:39:53,796] {dagbag.py:500} INFO - Filling up the DagBag from /home/airflow/.local/lib/python3.7/site-packages/airflow/example_dags/tutorial_etl_dag.py
[2022-09-30 12:39:53,832] {processor.py:654} INFO - DAG(s) dict_keys(['tutorial_etl_dag']) retrieved from /home/airflow/.local/lib/python3.7/site-packages/airflow/example_dags/tutorial_etl_dag.py
[2022-09-30 12:39:53,844] {logging_mixin.py:109} INFO - [2022-09-30 12:39:53,844] {dag.py:2398} INFO - Sync 1 DAGs
[2022-09-30 12:39:53,862] {logging_mixin.py:109} INFO - [2022-09-30 12:39:53,861] {dag.py:2937} INFO - Setting next_dagrun for tutorial_etl_dag to None
[2022-09-30 12:39:53,876] {processor.py:171} INFO - Processing /home/airflow/.local/lib/python3.7/site-packages/airflow/example_dags/tutorial_etl_dag.py took 0.087 seconds
[2022-09-30 12:40:24,584] {processor.py:163} INFO - Started process (PID=989) to work on /home/airflow/.local/lib/python3.7/site-packages/airflow/example_dags/tutorial_etl_dag.py
[2022-09-30 12:40:24,587] {processor.py:642} INFO - Processing file /home/airflow/.local/lib/python3.7/site-packages/airflow/example_dags/tutorial_etl_dag.py for tasks to queue
[2022-09-30 12:40:24,592] {logging_mixin.py:109} INFO - [2022-09-30 12:40:24,592] {dagbag.py:500} INFO - Filling up the DagBag from /home/airflow/.local/lib/python3.7/site-packages/airflow/example_dags/tutorial_etl_dag.py
[2022-09-30 12:40:24,660] {processor.py:654} INFO - DAG(s) dict_keys(['tutorial_etl_dag']) retrieved from /home/airflow/.local/lib/python3.7/site-packages/airflow/example_dags/tutorial_etl_dag.py
[2022-09-30 12:40:24,682] {logging_mixin.py:109} INFO - [2022-09-30 12:40:24,681] {dag.py:2398} INFO - Sync 1 DAGs
[2022-09-30 12:40:24,720] {logging_mixin.py:109} INFO - [2022-09-30 12:40:24,720] {dag.py:2937} INFO - Setting next_dagrun for tutorial_etl_dag to None
[2022-09-30 12:40:24,739] {processor.py:171} INFO - Processing /home/airflow/.local/lib/python3.7/site-packages/airflow/example_dags/tutorial_etl_dag.py took 0.161 seconds
[2022-09-30 12:40:55,032] {processor.py:163} INFO - Started process (PID=1049) to work on /home/airflow/.local/lib/python3.7/site-packages/airflow/example_dags/tutorial_etl_dag.py
[2022-09-30 12:40:55,040] {processor.py:642} INFO - Processing file /home/airflow/.local/lib/python3.7/site-packages/airflow/example_dags/tutorial_etl_dag.py for tasks to queue
[2022-09-30 12:40:55,041] {logging_mixin.py:109} INFO - [2022-09-30 12:40:55,041] {dagbag.py:500} INFO - Filling up the DagBag from /home/airflow/.local/lib/python3.7/site-packages/airflow/example_dags/tutorial_etl_dag.py
[2022-09-30 12:40:55,090] {processor.py:654} INFO - DAG(s) dict_keys(['tutorial_etl_dag']) retrieved from /home/airflow/.local/lib/python3.7/site-packages/airflow/example_dags/tutorial_etl_dag.py
[2022-09-30 12:40:55,110] {logging_mixin.py:109} INFO - [2022-09-30 12:40:55,110] {dag.py:2398} INFO - Sync 1 DAGs
[2022-09-30 12:40:55,137] {logging_mixin.py:109} INFO - [2022-09-30 12:40:55,136] {dag.py:2937} INFO - Setting next_dagrun for tutorial_etl_dag to None
[2022-09-30 12:40:55,187] {processor.py:171} INFO - Processing /home/airflow/.local/lib/python3.7/site-packages/airflow/example_dags/tutorial_etl_dag.py took 0.160 seconds
[2022-09-30 12:41:25,981] {processor.py:163} INFO - Started process (PID=1100) to work on /home/airflow/.local/lib/python3.7/site-packages/airflow/example_dags/tutorial_etl_dag.py
[2022-09-30 12:41:25,984] {processor.py:642} INFO - Processing file /home/airflow/.local/lib/python3.7/site-packages/airflow/example_dags/tutorial_etl_dag.py for tasks to queue
[2022-09-30 12:41:25,987] {logging_mixin.py:109} INFO - [2022-09-30 12:41:25,987] {dagbag.py:500} INFO - Filling up the DagBag from /home/airflow/.local/lib/python3.7/site-packages/airflow/example_dags/tutorial_etl_dag.py
[2022-09-30 12:41:26,027] {processor.py:654} INFO - DAG(s) dict_keys(['tutorial_etl_dag']) retrieved from /home/airflow/.local/lib/python3.7/site-packages/airflow/example_dags/tutorial_etl_dag.py
[2022-09-30 12:41:26,038] {logging_mixin.py:109} INFO - [2022-09-30 12:41:26,038] {dag.py:2398} INFO - Sync 1 DAGs
[2022-09-30 12:41:26,055] {logging_mixin.py:109} INFO - [2022-09-30 12:41:26,055] {dag.py:2937} INFO - Setting next_dagrun for tutorial_etl_dag to None
[2022-09-30 12:41:26,065] {processor.py:171} INFO - Processing /home/airflow/.local/lib/python3.7/site-packages/airflow/example_dags/tutorial_etl_dag.py took 0.089 seconds
[2022-09-30 12:41:56,359] {processor.py:163} INFO - Started process (PID=1162) to work on /home/airflow/.local/lib/python3.7/site-packages/airflow/example_dags/tutorial_etl_dag.py
[2022-09-30 12:41:56,363] {processor.py:642} INFO - Processing file /home/airflow/.local/lib/python3.7/site-packages/airflow/example_dags/tutorial_etl_dag.py for tasks to queue
[2022-09-30 12:41:56,367] {logging_mixin.py:109} INFO - [2022-09-30 12:41:56,366] {dagbag.py:500} INFO - Filling up the DagBag from /home/airflow/.local/lib/python3.7/site-packages/airflow/example_dags/tutorial_etl_dag.py
[2022-09-30 12:41:56,409] {processor.py:654} INFO - DAG(s) dict_keys(['tutorial_etl_dag']) retrieved from /home/airflow/.local/lib/python3.7/site-packages/airflow/example_dags/tutorial_etl_dag.py
[2022-09-30 12:41:56,421] {logging_mixin.py:109} INFO - [2022-09-30 12:41:56,421] {dag.py:2398} INFO - Sync 1 DAGs
[2022-09-30 12:41:56,438] {logging_mixin.py:109} INFO - [2022-09-30 12:41:56,438] {dag.py:2937} INFO - Setting next_dagrun for tutorial_etl_dag to None
[2022-09-30 12:41:56,449] {processor.py:171} INFO - Processing /home/airflow/.local/lib/python3.7/site-packages/airflow/example_dags/tutorial_etl_dag.py took 0.093 seconds
[2022-09-30 12:42:26,739] {processor.py:163} INFO - Started process (PID=1214) to work on /home/airflow/.local/lib/python3.7/site-packages/airflow/example_dags/tutorial_etl_dag.py
[2022-09-30 12:42:26,741] {processor.py:642} INFO - Processing file /home/airflow/.local/lib/python3.7/site-packages/airflow/example_dags/tutorial_etl_dag.py for tasks to queue
[2022-09-30 12:42:26,743] {logging_mixin.py:109} INFO - [2022-09-30 12:42:26,743] {dagbag.py:500} INFO - Filling up the DagBag from /home/airflow/.local/lib/python3.7/site-packages/airflow/example_dags/tutorial_etl_dag.py
[2022-09-30 12:42:26,788] {processor.py:654} INFO - DAG(s) dict_keys(['tutorial_etl_dag']) retrieved from /home/airflow/.local/lib/python3.7/site-packages/airflow/example_dags/tutorial_etl_dag.py
[2022-09-30 12:42:26,801] {logging_mixin.py:109} INFO - [2022-09-30 12:42:26,800] {dag.py:2398} INFO - Sync 1 DAGs
[2022-09-30 12:42:26,820] {logging_mixin.py:109} INFO - [2022-09-30 12:42:26,820] {dag.py:2937} INFO - Setting next_dagrun for tutorial_etl_dag to None
[2022-09-30 12:42:26,834] {processor.py:171} INFO - Processing /home/airflow/.local/lib/python3.7/site-packages/airflow/example_dags/tutorial_etl_dag.py took 0.101 seconds
[2022-09-30 12:42:57,009] {processor.py:163} INFO - Started process (PID=1265) to work on /home/airflow/.local/lib/python3.7/site-packages/airflow/example_dags/tutorial_etl_dag.py
[2022-09-30 12:42:57,010] {processor.py:642} INFO - Processing file /home/airflow/.local/lib/python3.7/site-packages/airflow/example_dags/tutorial_etl_dag.py for tasks to queue
[2022-09-30 12:42:57,012] {logging_mixin.py:109} INFO - [2022-09-30 12:42:57,012] {dagbag.py:500} INFO - Filling up the DagBag from /home/airflow/.local/lib/python3.7/site-packages/airflow/example_dags/tutorial_etl_dag.py
[2022-09-30 12:42:57,045] {processor.py:654} INFO - DAG(s) dict_keys(['tutorial_etl_dag']) retrieved from /home/airflow/.local/lib/python3.7/site-packages/airflow/example_dags/tutorial_etl_dag.py
[2022-09-30 12:42:57,055] {logging_mixin.py:109} INFO - [2022-09-30 12:42:57,055] {dag.py:2398} INFO - Sync 1 DAGs
[2022-09-30 12:42:57,072] {logging_mixin.py:109} INFO - [2022-09-30 12:42:57,072] {dag.py:2937} INFO - Setting next_dagrun for tutorial_etl_dag to None
[2022-09-30 12:42:57,085] {processor.py:171} INFO - Processing /home/airflow/.local/lib/python3.7/site-packages/airflow/example_dags/tutorial_etl_dag.py took 0.080 seconds
[2022-09-30 12:43:28,008] {processor.py:163} INFO - Started process (PID=1326) to work on /home/airflow/.local/lib/python3.7/site-packages/airflow/example_dags/tutorial_etl_dag.py
[2022-09-30 12:43:28,011] {processor.py:642} INFO - Processing file /home/airflow/.local/lib/python3.7/site-packages/airflow/example_dags/tutorial_etl_dag.py for tasks to queue
[2022-09-30 12:43:28,012] {logging_mixin.py:109} INFO - [2022-09-30 12:43:28,012] {dagbag.py:500} INFO - Filling up the DagBag from /home/airflow/.local/lib/python3.7/site-packages/airflow/example_dags/tutorial_etl_dag.py
[2022-09-30 12:43:28,051] {processor.py:654} INFO - DAG(s) dict_keys(['tutorial_etl_dag']) retrieved from /home/airflow/.local/lib/python3.7/site-packages/airflow/example_dags/tutorial_etl_dag.py
[2022-09-30 12:43:28,066] {logging_mixin.py:109} INFO - [2022-09-30 12:43:28,065] {dag.py:2398} INFO - Sync 1 DAGs
[2022-09-30 12:43:28,090] {logging_mixin.py:109} INFO - [2022-09-30 12:43:28,090] {dag.py:2937} INFO - Setting next_dagrun for tutorial_etl_dag to None
[2022-09-30 12:43:28,101] {processor.py:171} INFO - Processing /home/airflow/.local/lib/python3.7/site-packages/airflow/example_dags/tutorial_etl_dag.py took 0.099 seconds
[2022-09-30 12:43:58,311] {processor.py:163} INFO - Started process (PID=1377) to work on /home/airflow/.local/lib/python3.7/site-packages/airflow/example_dags/tutorial_etl_dag.py
[2022-09-30 12:43:58,313] {processor.py:642} INFO - Processing file /home/airflow/.local/lib/python3.7/site-packages/airflow/example_dags/tutorial_etl_dag.py for tasks to queue
[2022-09-30 12:43:58,315] {logging_mixin.py:109} INFO - [2022-09-30 12:43:58,315] {dagbag.py:500} INFO - Filling up the DagBag from /home/airflow/.local/lib/python3.7/site-packages/airflow/example_dags/tutorial_etl_dag.py
[2022-09-30 12:43:58,348] {processor.py:654} INFO - DAG(s) dict_keys(['tutorial_etl_dag']) retrieved from /home/airflow/.local/lib/python3.7/site-packages/airflow/example_dags/tutorial_etl_dag.py
[2022-09-30 12:43:58,359] {logging_mixin.py:109} INFO - [2022-09-30 12:43:58,359] {dag.py:2398} INFO - Sync 1 DAGs
[2022-09-30 12:43:58,376] {logging_mixin.py:109} INFO - [2022-09-30 12:43:58,376] {dag.py:2937} INFO - Setting next_dagrun for tutorial_etl_dag to None
[2022-09-30 12:43:58,389] {processor.py:171} INFO - Processing /home/airflow/.local/lib/python3.7/site-packages/airflow/example_dags/tutorial_etl_dag.py took 0.082 seconds
[2022-09-30 12:44:28,712] {processor.py:163} INFO - Started process (PID=1437) to work on /home/airflow/.local/lib/python3.7/site-packages/airflow/example_dags/tutorial_etl_dag.py
[2022-09-30 12:44:28,714] {processor.py:642} INFO - Processing file /home/airflow/.local/lib/python3.7/site-packages/airflow/example_dags/tutorial_etl_dag.py for tasks to queue
[2022-09-30 12:44:28,716] {logging_mixin.py:109} INFO - [2022-09-30 12:44:28,716] {dagbag.py:500} INFO - Filling up the DagBag from /home/airflow/.local/lib/python3.7/site-packages/airflow/example_dags/tutorial_etl_dag.py
[2022-09-30 12:44:28,746] {processor.py:654} INFO - DAG(s) dict_keys(['tutorial_etl_dag']) retrieved from /home/airflow/.local/lib/python3.7/site-packages/airflow/example_dags/tutorial_etl_dag.py
[2022-09-30 12:44:28,759] {logging_mixin.py:109} INFO - [2022-09-30 12:44:28,758] {dag.py:2398} INFO - Sync 1 DAGs
[2022-09-30 12:44:28,776] {logging_mixin.py:109} INFO - [2022-09-30 12:44:28,775] {dag.py:2937} INFO - Setting next_dagrun for tutorial_etl_dag to None
[2022-09-30 12:44:28,786] {processor.py:171} INFO - Processing /home/airflow/.local/lib/python3.7/site-packages/airflow/example_dags/tutorial_etl_dag.py took 0.078 seconds
[2022-09-30 12:44:59,032] {processor.py:163} INFO - Started process (PID=1489) to work on /home/airflow/.local/lib/python3.7/site-packages/airflow/example_dags/tutorial_etl_dag.py
[2022-09-30 12:44:59,034] {processor.py:642} INFO - Processing file /home/airflow/.local/lib/python3.7/site-packages/airflow/example_dags/tutorial_etl_dag.py for tasks to queue
[2022-09-30 12:44:59,036] {logging_mixin.py:109} INFO - [2022-09-30 12:44:59,036] {dagbag.py:500} INFO - Filling up the DagBag from /home/airflow/.local/lib/python3.7/site-packages/airflow/example_dags/tutorial_etl_dag.py
[2022-09-30 12:44:59,078] {processor.py:654} INFO - DAG(s) dict_keys(['tutorial_etl_dag']) retrieved from /home/airflow/.local/lib/python3.7/site-packages/airflow/example_dags/tutorial_etl_dag.py
[2022-09-30 12:44:59,089] {logging_mixin.py:109} INFO - [2022-09-30 12:44:59,088] {dag.py:2398} INFO - Sync 1 DAGs
[2022-09-30 12:44:59,105] {logging_mixin.py:109} INFO - [2022-09-30 12:44:59,105] {dag.py:2937} INFO - Setting next_dagrun for tutorial_etl_dag to None
[2022-09-30 12:44:59,117] {processor.py:171} INFO - Processing /home/airflow/.local/lib/python3.7/site-packages/airflow/example_dags/tutorial_etl_dag.py took 0.089 seconds
[2022-09-30 12:45:29,453] {processor.py:163} INFO - Started process (PID=1549) to work on /home/airflow/.local/lib/python3.7/site-packages/airflow/example_dags/tutorial_etl_dag.py
[2022-09-30 12:45:29,455] {processor.py:642} INFO - Processing file /home/airflow/.local/lib/python3.7/site-packages/airflow/example_dags/tutorial_etl_dag.py for tasks to queue
[2022-09-30 12:45:29,456] {logging_mixin.py:109} INFO - [2022-09-30 12:45:29,456] {dagbag.py:500} INFO - Filling up the DagBag from /home/airflow/.local/lib/python3.7/site-packages/airflow/example_dags/tutorial_etl_dag.py
[2022-09-30 12:45:29,486] {processor.py:654} INFO - DAG(s) dict_keys(['tutorial_etl_dag']) retrieved from /home/airflow/.local/lib/python3.7/site-packages/airflow/example_dags/tutorial_etl_dag.py
[2022-09-30 12:45:29,495] {logging_mixin.py:109} INFO - [2022-09-30 12:45:29,495] {dag.py:2398} INFO - Sync 1 DAGs
[2022-09-30 12:45:29,509] {logging_mixin.py:109} INFO - [2022-09-30 12:45:29,508] {dag.py:2937} INFO - Setting next_dagrun for tutorial_etl_dag to None
[2022-09-30 12:45:29,517] {processor.py:171} INFO - Processing /home/airflow/.local/lib/python3.7/site-packages/airflow/example_dags/tutorial_etl_dag.py took 0.068 seconds
[2022-09-30 12:45:59,823] {processor.py:163} INFO - Started process (PID=1601) to work on /home/airflow/.local/lib/python3.7/site-packages/airflow/example_dags/tutorial_etl_dag.py
[2022-09-30 12:45:59,824] {processor.py:642} INFO - Processing file /home/airflow/.local/lib/python3.7/site-packages/airflow/example_dags/tutorial_etl_dag.py for tasks to queue
[2022-09-30 12:45:59,826] {logging_mixin.py:109} INFO - [2022-09-30 12:45:59,826] {dagbag.py:500} INFO - Filling up the DagBag from /home/airflow/.local/lib/python3.7/site-packages/airflow/example_dags/tutorial_etl_dag.py
[2022-09-30 12:45:59,859] {processor.py:654} INFO - DAG(s) dict_keys(['tutorial_etl_dag']) retrieved from /home/airflow/.local/lib/python3.7/site-packages/airflow/example_dags/tutorial_etl_dag.py
[2022-09-30 12:45:59,872] {logging_mixin.py:109} INFO - [2022-09-30 12:45:59,872] {dag.py:2398} INFO - Sync 1 DAGs
[2022-09-30 12:45:59,886] {logging_mixin.py:109} INFO - [2022-09-30 12:45:59,886] {dag.py:2937} INFO - Setting next_dagrun for tutorial_etl_dag to None
[2022-09-30 12:45:59,896] {processor.py:171} INFO - Processing /home/airflow/.local/lib/python3.7/site-packages/airflow/example_dags/tutorial_etl_dag.py took 0.076 seconds
[2022-09-30 12:46:30,457] {processor.py:163} INFO - Started process (PID=1660) to work on /home/airflow/.local/lib/python3.7/site-packages/airflow/example_dags/tutorial_etl_dag.py
[2022-09-30 12:46:30,459] {processor.py:642} INFO - Processing file /home/airflow/.local/lib/python3.7/site-packages/airflow/example_dags/tutorial_etl_dag.py for tasks to queue
[2022-09-30 12:46:30,460] {logging_mixin.py:109} INFO - [2022-09-30 12:46:30,460] {dagbag.py:500} INFO - Filling up the DagBag from /home/airflow/.local/lib/python3.7/site-packages/airflow/example_dags/tutorial_etl_dag.py
[2022-09-30 12:46:30,495] {processor.py:654} INFO - DAG(s) dict_keys(['tutorial_etl_dag']) retrieved from /home/airflow/.local/lib/python3.7/site-packages/airflow/example_dags/tutorial_etl_dag.py
[2022-09-30 12:46:30,506] {logging_mixin.py:109} INFO - [2022-09-30 12:46:30,505] {dag.py:2398} INFO - Sync 1 DAGs
[2022-09-30 12:46:30,521] {logging_mixin.py:109} INFO - [2022-09-30 12:46:30,520] {dag.py:2937} INFO - Setting next_dagrun for tutorial_etl_dag to None
[2022-09-30 12:46:30,531] {processor.py:171} INFO - Processing /home/airflow/.local/lib/python3.7/site-packages/airflow/example_dags/tutorial_etl_dag.py took 0.077 seconds
[2022-09-30 12:47:00,908] {processor.py:163} INFO - Started process (PID=1712) to work on /home/airflow/.local/lib/python3.7/site-packages/airflow/example_dags/tutorial_etl_dag.py
[2022-09-30 12:47:00,910] {processor.py:642} INFO - Processing file /home/airflow/.local/lib/python3.7/site-packages/airflow/example_dags/tutorial_etl_dag.py for tasks to queue
[2022-09-30 12:47:00,912] {logging_mixin.py:109} INFO - [2022-09-30 12:47:00,912] {dagbag.py:500} INFO - Filling up the DagBag from /home/airflow/.local/lib/python3.7/site-packages/airflow/example_dags/tutorial_etl_dag.py
[2022-09-30 12:47:00,951] {processor.py:654} INFO - DAG(s) dict_keys(['tutorial_etl_dag']) retrieved from /home/airflow/.local/lib/python3.7/site-packages/airflow/example_dags/tutorial_etl_dag.py
[2022-09-30 12:47:00,963] {logging_mixin.py:109} INFO - [2022-09-30 12:47:00,962] {dag.py:2398} INFO - Sync 1 DAGs
[2022-09-30 12:47:00,978] {logging_mixin.py:109} INFO - [2022-09-30 12:47:00,978] {dag.py:2937} INFO - Setting next_dagrun for tutorial_etl_dag to None
[2022-09-30 12:47:00,988] {processor.py:171} INFO - Processing /home/airflow/.local/lib/python3.7/site-packages/airflow/example_dags/tutorial_etl_dag.py took 0.083 seconds
[2022-09-30 12:47:31,646] {processor.py:163} INFO - Started process (PID=1764) to work on /home/airflow/.local/lib/python3.7/site-packages/airflow/example_dags/tutorial_etl_dag.py
[2022-09-30 12:47:31,648] {processor.py:642} INFO - Processing file /home/airflow/.local/lib/python3.7/site-packages/airflow/example_dags/tutorial_etl_dag.py for tasks to queue
[2022-09-30 12:47:31,650] {logging_mixin.py:109} INFO - [2022-09-30 12:47:31,650] {dagbag.py:500} INFO - Filling up the DagBag from /home/airflow/.local/lib/python3.7/site-packages/airflow/example_dags/tutorial_etl_dag.py
[2022-09-30 12:47:31,688] {processor.py:654} INFO - DAG(s) dict_keys(['tutorial_etl_dag']) retrieved from /home/airflow/.local/lib/python3.7/site-packages/airflow/example_dags/tutorial_etl_dag.py
[2022-09-30 12:47:31,706] {logging_mixin.py:109} INFO - [2022-09-30 12:47:31,706] {dag.py:2398} INFO - Sync 1 DAGs
[2022-09-30 12:47:31,729] {logging_mixin.py:109} INFO - [2022-09-30 12:47:31,729] {dag.py:2937} INFO - Setting next_dagrun for tutorial_etl_dag to None
[2022-09-30 12:47:31,756] {processor.py:171} INFO - Processing /home/airflow/.local/lib/python3.7/site-packages/airflow/example_dags/tutorial_etl_dag.py took 0.114 seconds
[2022-09-30 12:48:02,042] {processor.py:163} INFO - Started process (PID=1824) to work on /home/airflow/.local/lib/python3.7/site-packages/airflow/example_dags/tutorial_etl_dag.py
[2022-09-30 12:48:02,044] {processor.py:642} INFO - Processing file /home/airflow/.local/lib/python3.7/site-packages/airflow/example_dags/tutorial_etl_dag.py for tasks to queue
[2022-09-30 12:48:02,045] {logging_mixin.py:109} INFO - [2022-09-30 12:48:02,045] {dagbag.py:500} INFO - Filling up the DagBag from /home/airflow/.local/lib/python3.7/site-packages/airflow/example_dags/tutorial_etl_dag.py
[2022-09-30 12:48:02,082] {processor.py:654} INFO - DAG(s) dict_keys(['tutorial_etl_dag']) retrieved from /home/airflow/.local/lib/python3.7/site-packages/airflow/example_dags/tutorial_etl_dag.py
[2022-09-30 12:48:02,093] {logging_mixin.py:109} INFO - [2022-09-30 12:48:02,093] {dag.py:2398} INFO - Sync 1 DAGs
[2022-09-30 12:48:02,109] {logging_mixin.py:109} INFO - [2022-09-30 12:48:02,109] {dag.py:2937} INFO - Setting next_dagrun for tutorial_etl_dag to None
[2022-09-30 12:48:02,121] {processor.py:171} INFO - Processing /home/airflow/.local/lib/python3.7/site-packages/airflow/example_dags/tutorial_etl_dag.py took 0.084 seconds
[2022-09-30 12:48:32,610] {processor.py:163} INFO - Started process (PID=1876) to work on /home/airflow/.local/lib/python3.7/site-packages/airflow/example_dags/tutorial_etl_dag.py
[2022-09-30 12:48:32,613] {processor.py:642} INFO - Processing file /home/airflow/.local/lib/python3.7/site-packages/airflow/example_dags/tutorial_etl_dag.py for tasks to queue
[2022-09-30 12:48:32,615] {logging_mixin.py:109} INFO - [2022-09-30 12:48:32,615] {dagbag.py:500} INFO - Filling up the DagBag from /home/airflow/.local/lib/python3.7/site-packages/airflow/example_dags/tutorial_etl_dag.py
[2022-09-30 12:48:32,661] {processor.py:654} INFO - DAG(s) dict_keys(['tutorial_etl_dag']) retrieved from /home/airflow/.local/lib/python3.7/site-packages/airflow/example_dags/tutorial_etl_dag.py
[2022-09-30 12:48:32,672] {logging_mixin.py:109} INFO - [2022-09-30 12:48:32,672] {dag.py:2398} INFO - Sync 1 DAGs
[2022-09-30 12:48:32,695] {logging_mixin.py:109} INFO - [2022-09-30 12:48:32,695] {dag.py:2937} INFO - Setting next_dagrun for tutorial_etl_dag to None
[2022-09-30 12:48:32,709] {processor.py:171} INFO - Processing /home/airflow/.local/lib/python3.7/site-packages/airflow/example_dags/tutorial_etl_dag.py took 0.104 seconds
[2022-09-30 12:49:02,966] {processor.py:163} INFO - Started process (PID=1937) to work on /home/airflow/.local/lib/python3.7/site-packages/airflow/example_dags/tutorial_etl_dag.py
[2022-09-30 12:49:02,969] {processor.py:642} INFO - Processing file /home/airflow/.local/lib/python3.7/site-packages/airflow/example_dags/tutorial_etl_dag.py for tasks to queue
[2022-09-30 12:49:02,970] {logging_mixin.py:109} INFO - [2022-09-30 12:49:02,970] {dagbag.py:500} INFO - Filling up the DagBag from /home/airflow/.local/lib/python3.7/site-packages/airflow/example_dags/tutorial_etl_dag.py
[2022-09-30 12:49:03,004] {processor.py:654} INFO - DAG(s) dict_keys(['tutorial_etl_dag']) retrieved from /home/airflow/.local/lib/python3.7/site-packages/airflow/example_dags/tutorial_etl_dag.py
[2022-09-30 12:49:03,014] {logging_mixin.py:109} INFO - [2022-09-30 12:49:03,014] {dag.py:2398} INFO - Sync 1 DAGs
[2022-09-30 12:49:03,029] {logging_mixin.py:109} INFO - [2022-09-30 12:49:03,029] {dag.py:2937} INFO - Setting next_dagrun for tutorial_etl_dag to None
[2022-09-30 12:49:03,040] {processor.py:171} INFO - Processing /home/airflow/.local/lib/python3.7/site-packages/airflow/example_dags/tutorial_etl_dag.py took 0.077 seconds
[2022-09-30 12:49:33,313] {processor.py:163} INFO - Started process (PID=1988) to work on /home/airflow/.local/lib/python3.7/site-packages/airflow/example_dags/tutorial_etl_dag.py
[2022-09-30 12:49:33,315] {processor.py:642} INFO - Processing file /home/airflow/.local/lib/python3.7/site-packages/airflow/example_dags/tutorial_etl_dag.py for tasks to queue
[2022-09-30 12:49:33,316] {logging_mixin.py:109} INFO - [2022-09-30 12:49:33,316] {dagbag.py:500} INFO - Filling up the DagBag from /home/airflow/.local/lib/python3.7/site-packages/airflow/example_dags/tutorial_etl_dag.py
[2022-09-30 12:49:33,348] {processor.py:654} INFO - DAG(s) dict_keys(['tutorial_etl_dag']) retrieved from /home/airflow/.local/lib/python3.7/site-packages/airflow/example_dags/tutorial_etl_dag.py
[2022-09-30 12:49:33,358] {logging_mixin.py:109} INFO - [2022-09-30 12:49:33,358] {dag.py:2398} INFO - Sync 1 DAGs
[2022-09-30 12:49:33,373] {logging_mixin.py:109} INFO - [2022-09-30 12:49:33,373] {dag.py:2937} INFO - Setting next_dagrun for tutorial_etl_dag to None
[2022-09-30 12:49:33,383] {processor.py:171} INFO - Processing /home/airflow/.local/lib/python3.7/site-packages/airflow/example_dags/tutorial_etl_dag.py took 0.073 seconds
[2022-09-30 12:50:03,864] {processor.py:163} INFO - Started process (PID=2049) to work on /home/airflow/.local/lib/python3.7/site-packages/airflow/example_dags/tutorial_etl_dag.py
[2022-09-30 12:50:03,866] {processor.py:642} INFO - Processing file /home/airflow/.local/lib/python3.7/site-packages/airflow/example_dags/tutorial_etl_dag.py for tasks to queue
[2022-09-30 12:50:03,867] {logging_mixin.py:109} INFO - [2022-09-30 12:50:03,867] {dagbag.py:500} INFO - Filling up the DagBag from /home/airflow/.local/lib/python3.7/site-packages/airflow/example_dags/tutorial_etl_dag.py
[2022-09-30 12:50:03,898] {processor.py:654} INFO - DAG(s) dict_keys(['tutorial_etl_dag']) retrieved from /home/airflow/.local/lib/python3.7/site-packages/airflow/example_dags/tutorial_etl_dag.py
[2022-09-30 12:50:03,909] {logging_mixin.py:109} INFO - [2022-09-30 12:50:03,909] {dag.py:2398} INFO - Sync 1 DAGs
[2022-09-30 12:50:03,925] {logging_mixin.py:109} INFO - [2022-09-30 12:50:03,925] {dag.py:2937} INFO - Setting next_dagrun for tutorial_etl_dag to None
[2022-09-30 12:50:03,934] {processor.py:171} INFO - Processing /home/airflow/.local/lib/python3.7/site-packages/airflow/example_dags/tutorial_etl_dag.py took 0.074 seconds
[2022-09-30 12:50:34,197] {processor.py:163} INFO - Started process (PID=2100) to work on /home/airflow/.local/lib/python3.7/site-packages/airflow/example_dags/tutorial_etl_dag.py
[2022-09-30 12:50:34,200] {processor.py:642} INFO - Processing file /home/airflow/.local/lib/python3.7/site-packages/airflow/example_dags/tutorial_etl_dag.py for tasks to queue
[2022-09-30 12:50:34,203] {logging_mixin.py:109} INFO - [2022-09-30 12:50:34,203] {dagbag.py:500} INFO - Filling up the DagBag from /home/airflow/.local/lib/python3.7/site-packages/airflow/example_dags/tutorial_etl_dag.py
[2022-09-30 12:50:34,237] {processor.py:654} INFO - DAG(s) dict_keys(['tutorial_etl_dag']) retrieved from /home/airflow/.local/lib/python3.7/site-packages/airflow/example_dags/tutorial_etl_dag.py
[2022-09-30 12:50:34,251] {logging_mixin.py:109} INFO - [2022-09-30 12:50:34,251] {dag.py:2398} INFO - Sync 1 DAGs
[2022-09-30 12:50:34,267] {logging_mixin.py:109} INFO - [2022-09-30 12:50:34,267] {dag.py:2937} INFO - Setting next_dagrun for tutorial_etl_dag to None
[2022-09-30 12:50:34,277] {processor.py:171} INFO - Processing /home/airflow/.local/lib/python3.7/site-packages/airflow/example_dags/tutorial_etl_dag.py took 0.083 seconds
[2022-09-30 12:51:04,793] {processor.py:163} INFO - Started process (PID=2161) to work on /home/airflow/.local/lib/python3.7/site-packages/airflow/example_dags/tutorial_etl_dag.py
[2022-09-30 12:51:04,796] {processor.py:642} INFO - Processing file /home/airflow/.local/lib/python3.7/site-packages/airflow/example_dags/tutorial_etl_dag.py for tasks to queue
[2022-09-30 12:51:04,798] {logging_mixin.py:109} INFO - [2022-09-30 12:51:04,798] {dagbag.py:500} INFO - Filling up the DagBag from /home/airflow/.local/lib/python3.7/site-packages/airflow/example_dags/tutorial_etl_dag.py
[2022-09-30 12:51:04,834] {processor.py:654} INFO - DAG(s) dict_keys(['tutorial_etl_dag']) retrieved from /home/airflow/.local/lib/python3.7/site-packages/airflow/example_dags/tutorial_etl_dag.py
[2022-09-30 12:51:04,846] {logging_mixin.py:109} INFO - [2022-09-30 12:51:04,846] {dag.py:2398} INFO - Sync 1 DAGs
[2022-09-30 12:51:04,862] {logging_mixin.py:109} INFO - [2022-09-30 12:51:04,862] {dag.py:2937} INFO - Setting next_dagrun for tutorial_etl_dag to None
[2022-09-30 12:51:04,876] {processor.py:171} INFO - Processing /home/airflow/.local/lib/python3.7/site-packages/airflow/example_dags/tutorial_etl_dag.py took 0.089 seconds
[2022-09-30 12:51:35,639] {processor.py:163} INFO - Started process (PID=2213) to work on /home/airflow/.local/lib/python3.7/site-packages/airflow/example_dags/tutorial_etl_dag.py
[2022-09-30 12:51:35,642] {processor.py:642} INFO - Processing file /home/airflow/.local/lib/python3.7/site-packages/airflow/example_dags/tutorial_etl_dag.py for tasks to queue
[2022-09-30 12:51:35,644] {logging_mixin.py:109} INFO - [2022-09-30 12:51:35,644] {dagbag.py:500} INFO - Filling up the DagBag from /home/airflow/.local/lib/python3.7/site-packages/airflow/example_dags/tutorial_etl_dag.py
[2022-09-30 12:51:35,678] {processor.py:654} INFO - DAG(s) dict_keys(['tutorial_etl_dag']) retrieved from /home/airflow/.local/lib/python3.7/site-packages/airflow/example_dags/tutorial_etl_dag.py
[2022-09-30 12:51:35,688] {logging_mixin.py:109} INFO - [2022-09-30 12:51:35,688] {dag.py:2398} INFO - Sync 1 DAGs
[2022-09-30 12:51:35,704] {logging_mixin.py:109} INFO - [2022-09-30 12:51:35,704] {dag.py:2937} INFO - Setting next_dagrun for tutorial_etl_dag to None
[2022-09-30 12:51:35,715] {processor.py:171} INFO - Processing /home/airflow/.local/lib/python3.7/site-packages/airflow/example_dags/tutorial_etl_dag.py took 0.081 seconds
[2022-09-30 12:54:33,474] {processor.py:163} INFO - Started process (PID=2238) to work on /home/airflow/.local/lib/python3.7/site-packages/airflow/example_dags/tutorial_etl_dag.py
[2022-09-30 12:54:33,484] {processor.py:642} INFO - Processing file /home/airflow/.local/lib/python3.7/site-packages/airflow/example_dags/tutorial_etl_dag.py for tasks to queue
[2022-09-30 12:54:33,496] {logging_mixin.py:109} INFO - [2022-09-30 12:54:33,495] {dagbag.py:500} INFO - Filling up the DagBag from /home/airflow/.local/lib/python3.7/site-packages/airflow/example_dags/tutorial_etl_dag.py
[2022-09-30 12:54:33,625] {processor.py:654} INFO - DAG(s) dict_keys(['tutorial_etl_dag']) retrieved from /home/airflow/.local/lib/python3.7/site-packages/airflow/example_dags/tutorial_etl_dag.py
[2022-09-30 12:54:33,648] {logging_mixin.py:109} INFO - [2022-09-30 12:54:33,648] {dag.py:2398} INFO - Sync 1 DAGs
[2022-09-30 12:54:33,694] {logging_mixin.py:109} INFO - [2022-09-30 12:54:33,693] {dag.py:2937} INFO - Setting next_dagrun for tutorial_etl_dag to None
[2022-09-30 12:54:33,722] {processor.py:171} INFO - Processing /home/airflow/.local/lib/python3.7/site-packages/airflow/example_dags/tutorial_etl_dag.py took 0.262 seconds
[2022-09-30 12:59:33,074] {processor.py:163} INFO - Started process (PID=2293) to work on /home/airflow/.local/lib/python3.7/site-packages/airflow/example_dags/tutorial_etl_dag.py
[2022-09-30 12:59:33,076] {processor.py:642} INFO - Processing file /home/airflow/.local/lib/python3.7/site-packages/airflow/example_dags/tutorial_etl_dag.py for tasks to queue
[2022-09-30 12:59:33,083] {logging_mixin.py:109} INFO - [2022-09-30 12:59:33,082] {dagbag.py:500} INFO - Filling up the DagBag from /home/airflow/.local/lib/python3.7/site-packages/airflow/example_dags/tutorial_etl_dag.py
[2022-09-30 12:59:33,203] {processor.py:654} INFO - DAG(s) dict_keys(['tutorial_etl_dag']) retrieved from /home/airflow/.local/lib/python3.7/site-packages/airflow/example_dags/tutorial_etl_dag.py
[2022-09-30 12:59:33,236] {logging_mixin.py:109} INFO - [2022-09-30 12:59:33,236] {dag.py:2398} INFO - Sync 1 DAGs
[2022-09-30 12:59:33,275] {logging_mixin.py:109} INFO - [2022-09-30 12:59:33,275] {dag.py:2937} INFO - Setting next_dagrun for tutorial_etl_dag to None
[2022-09-30 12:59:33,302] {processor.py:171} INFO - Processing /home/airflow/.local/lib/python3.7/site-packages/airflow/example_dags/tutorial_etl_dag.py took 0.248 seconds
[2022-09-30 13:03:02,221] {processor.py:163} INFO - Started process (PID=2364) to work on /home/airflow/.local/lib/python3.7/site-packages/airflow/example_dags/tutorial_etl_dag.py
[2022-09-30 13:03:02,257] {processor.py:642} INFO - Processing file /home/airflow/.local/lib/python3.7/site-packages/airflow/example_dags/tutorial_etl_dag.py for tasks to queue
[2022-09-30 13:03:02,269] {logging_mixin.py:109} INFO - [2022-09-30 13:03:02,269] {dagbag.py:500} INFO - Filling up the DagBag from /home/airflow/.local/lib/python3.7/site-packages/airflow/example_dags/tutorial_etl_dag.py
[2022-09-30 13:03:02,549] {processor.py:654} INFO - DAG(s) dict_keys(['tutorial_etl_dag']) retrieved from /home/airflow/.local/lib/python3.7/site-packages/airflow/example_dags/tutorial_etl_dag.py
[2022-09-30 13:03:02,627] {logging_mixin.py:109} INFO - [2022-09-30 13:03:02,626] {dag.py:2398} INFO - Sync 1 DAGs
[2022-09-30 13:03:02,742] {logging_mixin.py:109} INFO - [2022-09-30 13:03:02,742] {dag.py:2937} INFO - Setting next_dagrun for tutorial_etl_dag to None
[2022-09-30 13:03:02,848] {processor.py:171} INFO - Processing /home/airflow/.local/lib/python3.7/site-packages/airflow/example_dags/tutorial_etl_dag.py took 0.637 seconds
[2022-09-30 13:03:33,145] {processor.py:163} INFO - Started process (PID=2418) to work on /home/airflow/.local/lib/python3.7/site-packages/airflow/example_dags/tutorial_etl_dag.py
[2022-09-30 13:03:33,161] {processor.py:642} INFO - Processing file /home/airflow/.local/lib/python3.7/site-packages/airflow/example_dags/tutorial_etl_dag.py for tasks to queue
[2022-09-30 13:03:33,163] {logging_mixin.py:109} INFO - [2022-09-30 13:03:33,163] {dagbag.py:500} INFO - Filling up the DagBag from /home/airflow/.local/lib/python3.7/site-packages/airflow/example_dags/tutorial_etl_dag.py
[2022-09-30 13:03:33,204] {processor.py:654} INFO - DAG(s) dict_keys(['tutorial_etl_dag']) retrieved from /home/airflow/.local/lib/python3.7/site-packages/airflow/example_dags/tutorial_etl_dag.py
[2022-09-30 13:03:33,219] {logging_mixin.py:109} INFO - [2022-09-30 13:03:33,219] {dag.py:2398} INFO - Sync 1 DAGs
[2022-09-30 13:03:33,238] {logging_mixin.py:109} INFO - [2022-09-30 13:03:33,238] {dag.py:2937} INFO - Setting next_dagrun for tutorial_etl_dag to None
[2022-09-30 13:03:33,254] {processor.py:171} INFO - Processing /home/airflow/.local/lib/python3.7/site-packages/airflow/example_dags/tutorial_etl_dag.py took 0.114 seconds
[2022-09-30 13:04:03,911] {processor.py:163} INFO - Started process (PID=2469) to work on /home/airflow/.local/lib/python3.7/site-packages/airflow/example_dags/tutorial_etl_dag.py
[2022-09-30 13:04:03,916] {processor.py:642} INFO - Processing file /home/airflow/.local/lib/python3.7/site-packages/airflow/example_dags/tutorial_etl_dag.py for tasks to queue
[2022-09-30 13:04:03,918] {logging_mixin.py:109} INFO - [2022-09-30 13:04:03,918] {dagbag.py:500} INFO - Filling up the DagBag from /home/airflow/.local/lib/python3.7/site-packages/airflow/example_dags/tutorial_etl_dag.py
[2022-09-30 13:04:03,968] {processor.py:654} INFO - DAG(s) dict_keys(['tutorial_etl_dag']) retrieved from /home/airflow/.local/lib/python3.7/site-packages/airflow/example_dags/tutorial_etl_dag.py
[2022-09-30 13:04:03,982] {logging_mixin.py:109} INFO - [2022-09-30 13:04:03,982] {dag.py:2398} INFO - Sync 1 DAGs
[2022-09-30 13:04:04,010] {logging_mixin.py:109} INFO - [2022-09-30 13:04:04,010] {dag.py:2937} INFO - Setting next_dagrun for tutorial_etl_dag to None
[2022-09-30 13:04:04,021] {processor.py:171} INFO - Processing /home/airflow/.local/lib/python3.7/site-packages/airflow/example_dags/tutorial_etl_dag.py took 0.115 seconds
[2022-09-30 13:04:34,605] {processor.py:163} INFO - Started process (PID=2521) to work on /home/airflow/.local/lib/python3.7/site-packages/airflow/example_dags/tutorial_etl_dag.py
[2022-09-30 13:04:34,608] {processor.py:642} INFO - Processing file /home/airflow/.local/lib/python3.7/site-packages/airflow/example_dags/tutorial_etl_dag.py for tasks to queue
[2022-09-30 13:04:34,610] {logging_mixin.py:109} INFO - [2022-09-30 13:04:34,609] {dagbag.py:500} INFO - Filling up the DagBag from /home/airflow/.local/lib/python3.7/site-packages/airflow/example_dags/tutorial_etl_dag.py
[2022-09-30 13:04:34,645] {processor.py:654} INFO - DAG(s) dict_keys(['tutorial_etl_dag']) retrieved from /home/airflow/.local/lib/python3.7/site-packages/airflow/example_dags/tutorial_etl_dag.py
[2022-09-30 13:04:34,655] {logging_mixin.py:109} INFO - [2022-09-30 13:04:34,655] {dag.py:2398} INFO - Sync 1 DAGs
[2022-09-30 13:04:34,669] {logging_mixin.py:109} INFO - [2022-09-30 13:04:34,669] {dag.py:2937} INFO - Setting next_dagrun for tutorial_etl_dag to None
[2022-09-30 13:04:34,679] {processor.py:171} INFO - Processing /home/airflow/.local/lib/python3.7/site-packages/airflow/example_dags/tutorial_etl_dag.py took 0.078 seconds
[2022-09-30 13:05:05,028] {processor.py:163} INFO - Started process (PID=2581) to work on /home/airflow/.local/lib/python3.7/site-packages/airflow/example_dags/tutorial_etl_dag.py
[2022-09-30 13:05:05,030] {processor.py:642} INFO - Processing file /home/airflow/.local/lib/python3.7/site-packages/airflow/example_dags/tutorial_etl_dag.py for tasks to queue
[2022-09-30 13:05:05,032] {logging_mixin.py:109} INFO - [2022-09-30 13:05:05,032] {dagbag.py:500} INFO - Filling up the DagBag from /home/airflow/.local/lib/python3.7/site-packages/airflow/example_dags/tutorial_etl_dag.py
[2022-09-30 13:05:05,072] {processor.py:654} INFO - DAG(s) dict_keys(['tutorial_etl_dag']) retrieved from /home/airflow/.local/lib/python3.7/site-packages/airflow/example_dags/tutorial_etl_dag.py
[2022-09-30 13:05:05,084] {logging_mixin.py:109} INFO - [2022-09-30 13:05:05,084] {dag.py:2398} INFO - Sync 1 DAGs
[2022-09-30 13:05:05,099] {logging_mixin.py:109} INFO - [2022-09-30 13:05:05,099] {dag.py:2937} INFO - Setting next_dagrun for tutorial_etl_dag to None
[2022-09-30 13:05:05,112] {processor.py:171} INFO - Processing /home/airflow/.local/lib/python3.7/site-packages/airflow/example_dags/tutorial_etl_dag.py took 0.089 seconds
[2022-09-30 13:05:35,568] {processor.py:163} INFO - Started process (PID=2633) to work on /home/airflow/.local/lib/python3.7/site-packages/airflow/example_dags/tutorial_etl_dag.py
[2022-09-30 13:05:35,570] {processor.py:642} INFO - Processing file /home/airflow/.local/lib/python3.7/site-packages/airflow/example_dags/tutorial_etl_dag.py for tasks to queue
[2022-09-30 13:05:35,571] {logging_mixin.py:109} INFO - [2022-09-30 13:05:35,571] {dagbag.py:500} INFO - Filling up the DagBag from /home/airflow/.local/lib/python3.7/site-packages/airflow/example_dags/tutorial_etl_dag.py
[2022-09-30 13:05:35,609] {processor.py:654} INFO - DAG(s) dict_keys(['tutorial_etl_dag']) retrieved from /home/airflow/.local/lib/python3.7/site-packages/airflow/example_dags/tutorial_etl_dag.py
[2022-09-30 13:05:35,619] {logging_mixin.py:109} INFO - [2022-09-30 13:05:35,619] {dag.py:2398} INFO - Sync 1 DAGs
[2022-09-30 13:05:35,634] {logging_mixin.py:109} INFO - [2022-09-30 13:05:35,634] {dag.py:2937} INFO - Setting next_dagrun for tutorial_etl_dag to None
[2022-09-30 13:05:35,650] {processor.py:171} INFO - Processing /home/airflow/.local/lib/python3.7/site-packages/airflow/example_dags/tutorial_etl_dag.py took 0.086 seconds
[2022-09-30 13:06:06,297] {processor.py:163} INFO - Started process (PID=2693) to work on /home/airflow/.local/lib/python3.7/site-packages/airflow/example_dags/tutorial_etl_dag.py
[2022-09-30 13:06:06,301] {processor.py:642} INFO - Processing file /home/airflow/.local/lib/python3.7/site-packages/airflow/example_dags/tutorial_etl_dag.py for tasks to queue
[2022-09-30 13:06:06,304] {logging_mixin.py:109} INFO - [2022-09-30 13:06:06,304] {dagbag.py:500} INFO - Filling up the DagBag from /home/airflow/.local/lib/python3.7/site-packages/airflow/example_dags/tutorial_etl_dag.py
[2022-09-30 13:06:06,351] {processor.py:654} INFO - DAG(s) dict_keys(['tutorial_etl_dag']) retrieved from /home/airflow/.local/lib/python3.7/site-packages/airflow/example_dags/tutorial_etl_dag.py
[2022-09-30 13:06:06,368] {logging_mixin.py:109} INFO - [2022-09-30 13:06:06,368] {dag.py:2398} INFO - Sync 1 DAGs
[2022-09-30 13:06:06,391] {logging_mixin.py:109} INFO - [2022-09-30 13:06:06,390] {dag.py:2937} INFO - Setting next_dagrun for tutorial_etl_dag to None
[2022-09-30 13:06:06,401] {processor.py:171} INFO - Processing /home/airflow/.local/lib/python3.7/site-packages/airflow/example_dags/tutorial_etl_dag.py took 0.111 seconds
