[2022-09-30 12:32:51,834] {processor.py:163} INFO - Started process (PID=126) to work on /home/airflow/.local/lib/python3.7/site-packages/airflow/example_dags/tutorial.py
[2022-09-30 12:32:51,836] {processor.py:642} INFO - Processing file /home/airflow/.local/lib/python3.7/site-packages/airflow/example_dags/tutorial.py for tasks to queue
[2022-09-30 12:32:51,837] {logging_mixin.py:109} INFO - [2022-09-30 12:32:51,837] {dagbag.py:500} INFO - Filling up the DagBag from /home/airflow/.local/lib/python3.7/site-packages/airflow/example_dags/tutorial.py
[2022-09-30 12:32:51,873] {processor.py:654} INFO - DAG(s) dict_keys(['tutorial']) retrieved from /home/airflow/.local/lib/python3.7/site-packages/airflow/example_dags/tutorial.py
[2022-09-30 12:32:53,530] {logging_mixin.py:109} INFO - [2022-09-30 12:32:53,530] {manager.py:496} INFO - Created Permission View: can edit on DAG:tutorial
[2022-09-30 12:32:53,541] {logging_mixin.py:109} INFO - [2022-09-30 12:32:53,541] {manager.py:496} INFO - Created Permission View: can read on DAG:tutorial
[2022-09-30 12:32:53,542] {logging_mixin.py:109} INFO - [2022-09-30 12:32:53,542] {dag.py:2398} INFO - Sync 1 DAGs
[2022-09-30 12:32:53,550] {logging_mixin.py:109} INFO - [2022-09-30 12:32:53,550] {dag.py:2417} INFO - Creating ORM DAG for tutorial
[2022-09-30 12:32:53,559] {logging_mixin.py:109} INFO - [2022-09-30 12:32:53,559] {dag.py:2937} INFO - Setting next_dagrun for tutorial to 2022-09-29T12:32:53.559617+00:00
[2022-09-30 12:32:53,574] {processor.py:171} INFO - Processing /home/airflow/.local/lib/python3.7/site-packages/airflow/example_dags/tutorial.py took 1.743 seconds
[2022-09-30 12:33:23,980] {processor.py:163} INFO - Started process (PID=245) to work on /home/airflow/.local/lib/python3.7/site-packages/airflow/example_dags/tutorial.py
[2022-09-30 12:33:23,995] {processor.py:642} INFO - Processing file /home/airflow/.local/lib/python3.7/site-packages/airflow/example_dags/tutorial.py for tasks to queue
[2022-09-30 12:33:23,997] {logging_mixin.py:109} INFO - [2022-09-30 12:33:23,997] {dagbag.py:500} INFO - Filling up the DagBag from /home/airflow/.local/lib/python3.7/site-packages/airflow/example_dags/tutorial.py
[2022-09-30 12:33:24,303] {processor.py:654} INFO - DAG(s) dict_keys(['tutorial']) retrieved from /home/airflow/.local/lib/python3.7/site-packages/airflow/example_dags/tutorial.py
[2022-09-30 12:33:24,353] {logging_mixin.py:109} INFO - [2022-09-30 12:33:24,353] {dag.py:2398} INFO - Sync 1 DAGs
[2022-09-30 12:33:24,404] {logging_mixin.py:109} INFO - [2022-09-30 12:33:24,404] {dag.py:2937} INFO - Setting next_dagrun for tutorial to 2022-09-29T12:33:24.397431+00:00
[2022-09-30 12:33:24,435] {processor.py:171} INFO - Processing /home/airflow/.local/lib/python3.7/site-packages/airflow/example_dags/tutorial.py took 0.461 seconds
[2022-09-30 12:33:54,807] {processor.py:163} INFO - Started process (PID=296) to work on /home/airflow/.local/lib/python3.7/site-packages/airflow/example_dags/tutorial.py
[2022-09-30 12:33:54,809] {processor.py:642} INFO - Processing file /home/airflow/.local/lib/python3.7/site-packages/airflow/example_dags/tutorial.py for tasks to queue
[2022-09-30 12:33:54,810] {logging_mixin.py:109} INFO - [2022-09-30 12:33:54,810] {dagbag.py:500} INFO - Filling up the DagBag from /home/airflow/.local/lib/python3.7/site-packages/airflow/example_dags/tutorial.py
[2022-09-30 12:33:54,856] {processor.py:654} INFO - DAG(s) dict_keys(['tutorial']) retrieved from /home/airflow/.local/lib/python3.7/site-packages/airflow/example_dags/tutorial.py
[2022-09-30 12:33:54,885] {logging_mixin.py:109} INFO - [2022-09-30 12:33:54,885] {dag.py:2398} INFO - Sync 1 DAGs
[2022-09-30 12:33:54,915] {logging_mixin.py:109} INFO - [2022-09-30 12:33:54,914] {dag.py:2937} INFO - Setting next_dagrun for tutorial to 2022-09-29T12:33:54.914393+00:00
[2022-09-30 12:33:54,933] {processor.py:171} INFO - Processing /home/airflow/.local/lib/python3.7/site-packages/airflow/example_dags/tutorial.py took 0.132 seconds
[2022-09-30 12:34:25,258] {processor.py:163} INFO - Started process (PID=347) to work on /home/airflow/.local/lib/python3.7/site-packages/airflow/example_dags/tutorial.py
[2022-09-30 12:34:25,269] {processor.py:642} INFO - Processing file /home/airflow/.local/lib/python3.7/site-packages/airflow/example_dags/tutorial.py for tasks to queue
[2022-09-30 12:34:25,272] {logging_mixin.py:109} INFO - [2022-09-30 12:34:25,272] {dagbag.py:500} INFO - Filling up the DagBag from /home/airflow/.local/lib/python3.7/site-packages/airflow/example_dags/tutorial.py
[2022-09-30 12:34:25,330] {processor.py:654} INFO - DAG(s) dict_keys(['tutorial']) retrieved from /home/airflow/.local/lib/python3.7/site-packages/airflow/example_dags/tutorial.py
[2022-09-30 12:34:25,343] {logging_mixin.py:109} INFO - [2022-09-30 12:34:25,343] {dag.py:2398} INFO - Sync 1 DAGs
[2022-09-30 12:34:25,358] {logging_mixin.py:109} INFO - [2022-09-30 12:34:25,358] {dag.py:2937} INFO - Setting next_dagrun for tutorial to 2022-09-29T12:34:25.358250+00:00
[2022-09-30 12:34:25,371] {processor.py:171} INFO - Processing /home/airflow/.local/lib/python3.7/site-packages/airflow/example_dags/tutorial.py took 0.117 seconds
[2022-09-30 12:34:55,578] {processor.py:163} INFO - Started process (PID=398) to work on /home/airflow/.local/lib/python3.7/site-packages/airflow/example_dags/tutorial.py
[2022-09-30 12:34:55,580] {processor.py:642} INFO - Processing file /home/airflow/.local/lib/python3.7/site-packages/airflow/example_dags/tutorial.py for tasks to queue
[2022-09-30 12:34:55,582] {logging_mixin.py:109} INFO - [2022-09-30 12:34:55,581] {dagbag.py:500} INFO - Filling up the DagBag from /home/airflow/.local/lib/python3.7/site-packages/airflow/example_dags/tutorial.py
[2022-09-30 12:34:55,620] {processor.py:654} INFO - DAG(s) dict_keys(['tutorial']) retrieved from /home/airflow/.local/lib/python3.7/site-packages/airflow/example_dags/tutorial.py
[2022-09-30 12:34:55,632] {logging_mixin.py:109} INFO - [2022-09-30 12:34:55,631] {dag.py:2398} INFO - Sync 1 DAGs
[2022-09-30 12:34:55,650] {logging_mixin.py:109} INFO - [2022-09-30 12:34:55,650] {dag.py:2937} INFO - Setting next_dagrun for tutorial to 2022-09-29T12:34:55.649847+00:00
[2022-09-30 12:34:55,662] {processor.py:171} INFO - Processing /home/airflow/.local/lib/python3.7/site-packages/airflow/example_dags/tutorial.py took 0.088 seconds
[2022-09-30 12:35:25,873] {processor.py:163} INFO - Started process (PID=457) to work on /home/airflow/.local/lib/python3.7/site-packages/airflow/example_dags/tutorial.py
[2022-09-30 12:35:25,875] {processor.py:642} INFO - Processing file /home/airflow/.local/lib/python3.7/site-packages/airflow/example_dags/tutorial.py for tasks to queue
[2022-09-30 12:35:25,877] {logging_mixin.py:109} INFO - [2022-09-30 12:35:25,877] {dagbag.py:500} INFO - Filling up the DagBag from /home/airflow/.local/lib/python3.7/site-packages/airflow/example_dags/tutorial.py
[2022-09-30 12:35:25,908] {processor.py:654} INFO - DAG(s) dict_keys(['tutorial']) retrieved from /home/airflow/.local/lib/python3.7/site-packages/airflow/example_dags/tutorial.py
[2022-09-30 12:35:25,918] {logging_mixin.py:109} INFO - [2022-09-30 12:35:25,918] {dag.py:2398} INFO - Sync 1 DAGs
[2022-09-30 12:35:25,935] {logging_mixin.py:109} INFO - [2022-09-30 12:35:25,935] {dag.py:2937} INFO - Setting next_dagrun for tutorial to 2022-09-29T12:35:25.935430+00:00
[2022-09-30 12:35:25,947] {processor.py:171} INFO - Processing /home/airflow/.local/lib/python3.7/site-packages/airflow/example_dags/tutorial.py took 0.078 seconds
[2022-09-30 12:35:56,063] {processor.py:163} INFO - Started process (PID=509) to work on /home/airflow/.local/lib/python3.7/site-packages/airflow/example_dags/tutorial.py
[2022-09-30 12:35:56,066] {processor.py:642} INFO - Processing file /home/airflow/.local/lib/python3.7/site-packages/airflow/example_dags/tutorial.py for tasks to queue
[2022-09-30 12:35:56,067] {logging_mixin.py:109} INFO - [2022-09-30 12:35:56,067] {dagbag.py:500} INFO - Filling up the DagBag from /home/airflow/.local/lib/python3.7/site-packages/airflow/example_dags/tutorial.py
[2022-09-30 12:35:56,096] {processor.py:654} INFO - DAG(s) dict_keys(['tutorial']) retrieved from /home/airflow/.local/lib/python3.7/site-packages/airflow/example_dags/tutorial.py
[2022-09-30 12:35:56,106] {logging_mixin.py:109} INFO - [2022-09-30 12:35:56,106] {dag.py:2398} INFO - Sync 1 DAGs
[2022-09-30 12:35:56,121] {logging_mixin.py:109} INFO - [2022-09-30 12:35:56,121] {dag.py:2937} INFO - Setting next_dagrun for tutorial to 2022-09-29T12:35:56.121347+00:00
[2022-09-30 12:35:56,131] {processor.py:171} INFO - Processing /home/airflow/.local/lib/python3.7/site-packages/airflow/example_dags/tutorial.py took 0.077 seconds
[2022-09-30 12:36:26,514] {processor.py:163} INFO - Started process (PID=572) to work on /home/airflow/.local/lib/python3.7/site-packages/airflow/example_dags/tutorial.py
[2022-09-30 12:36:26,522] {processor.py:642} INFO - Processing file /home/airflow/.local/lib/python3.7/site-packages/airflow/example_dags/tutorial.py for tasks to queue
[2022-09-30 12:36:26,541] {logging_mixin.py:109} INFO - [2022-09-30 12:36:26,541] {dagbag.py:500} INFO - Filling up the DagBag from /home/airflow/.local/lib/python3.7/site-packages/airflow/example_dags/tutorial.py
[2022-09-30 12:36:26,588] {processor.py:654} INFO - DAG(s) dict_keys(['tutorial']) retrieved from /home/airflow/.local/lib/python3.7/site-packages/airflow/example_dags/tutorial.py
[2022-09-30 12:36:26,598] {logging_mixin.py:109} INFO - [2022-09-30 12:36:26,598] {dag.py:2398} INFO - Sync 1 DAGs
[2022-09-30 12:36:26,615] {logging_mixin.py:109} INFO - [2022-09-30 12:36:26,615] {dag.py:2937} INFO - Setting next_dagrun for tutorial to 2022-09-29T12:36:26.614744+00:00
[2022-09-30 12:36:26,624] {processor.py:171} INFO - Processing /home/airflow/.local/lib/python3.7/site-packages/airflow/example_dags/tutorial.py took 0.113 seconds
[2022-09-30 12:36:57,384] {processor.py:163} INFO - Started process (PID=623) to work on /home/airflow/.local/lib/python3.7/site-packages/airflow/example_dags/tutorial.py
[2022-09-30 12:36:57,386] {processor.py:642} INFO - Processing file /home/airflow/.local/lib/python3.7/site-packages/airflow/example_dags/tutorial.py for tasks to queue
[2022-09-30 12:36:57,388] {logging_mixin.py:109} INFO - [2022-09-30 12:36:57,388] {dagbag.py:500} INFO - Filling up the DagBag from /home/airflow/.local/lib/python3.7/site-packages/airflow/example_dags/tutorial.py
[2022-09-30 12:36:57,420] {processor.py:654} INFO - DAG(s) dict_keys(['tutorial']) retrieved from /home/airflow/.local/lib/python3.7/site-packages/airflow/example_dags/tutorial.py
[2022-09-30 12:36:57,432] {logging_mixin.py:109} INFO - [2022-09-30 12:36:57,432] {dag.py:2398} INFO - Sync 1 DAGs
[2022-09-30 12:36:57,447] {logging_mixin.py:109} INFO - [2022-09-30 12:36:57,447] {dag.py:2937} INFO - Setting next_dagrun for tutorial to 2022-09-29T12:36:57.447236+00:00
[2022-09-30 12:36:57,458] {processor.py:171} INFO - Processing /home/airflow/.local/lib/python3.7/site-packages/airflow/example_dags/tutorial.py took 0.079 seconds
[2022-09-30 12:37:28,189] {processor.py:163} INFO - Started process (PID=674) to work on /home/airflow/.local/lib/python3.7/site-packages/airflow/example_dags/tutorial.py
[2022-09-30 12:37:28,192] {processor.py:642} INFO - Processing file /home/airflow/.local/lib/python3.7/site-packages/airflow/example_dags/tutorial.py for tasks to queue
[2022-09-30 12:37:28,194] {logging_mixin.py:109} INFO - [2022-09-30 12:37:28,194] {dagbag.py:500} INFO - Filling up the DagBag from /home/airflow/.local/lib/python3.7/site-packages/airflow/example_dags/tutorial.py
[2022-09-30 12:37:28,229] {processor.py:654} INFO - DAG(s) dict_keys(['tutorial']) retrieved from /home/airflow/.local/lib/python3.7/site-packages/airflow/example_dags/tutorial.py
[2022-09-30 12:37:28,241] {logging_mixin.py:109} INFO - [2022-09-30 12:37:28,241] {dag.py:2398} INFO - Sync 1 DAGs
[2022-09-30 12:37:28,261] {logging_mixin.py:109} INFO - [2022-09-30 12:37:28,261] {dag.py:2937} INFO - Setting next_dagrun for tutorial to 2022-09-29T12:37:28.261368+00:00
[2022-09-30 12:37:28,278] {processor.py:171} INFO - Processing /home/airflow/.local/lib/python3.7/site-packages/airflow/example_dags/tutorial.py took 0.093 seconds
[2022-09-30 12:37:58,596] {processor.py:163} INFO - Started process (PID=734) to work on /home/airflow/.local/lib/python3.7/site-packages/airflow/example_dags/tutorial.py
[2022-09-30 12:37:58,598] {processor.py:642} INFO - Processing file /home/airflow/.local/lib/python3.7/site-packages/airflow/example_dags/tutorial.py for tasks to queue
[2022-09-30 12:37:58,599] {logging_mixin.py:109} INFO - [2022-09-30 12:37:58,599] {dagbag.py:500} INFO - Filling up the DagBag from /home/airflow/.local/lib/python3.7/site-packages/airflow/example_dags/tutorial.py
[2022-09-30 12:37:58,632] {processor.py:654} INFO - DAG(s) dict_keys(['tutorial']) retrieved from /home/airflow/.local/lib/python3.7/site-packages/airflow/example_dags/tutorial.py
[2022-09-30 12:37:58,644] {logging_mixin.py:109} INFO - [2022-09-30 12:37:58,643] {dag.py:2398} INFO - Sync 1 DAGs
[2022-09-30 12:37:58,662] {logging_mixin.py:109} INFO - [2022-09-30 12:37:58,662] {dag.py:2937} INFO - Setting next_dagrun for tutorial to 2022-09-29T12:37:58.662381+00:00
[2022-09-30 12:37:58,673] {processor.py:171} INFO - Processing /home/airflow/.local/lib/python3.7/site-packages/airflow/example_dags/tutorial.py took 0.081 seconds
[2022-09-30 12:38:29,240] {processor.py:163} INFO - Started process (PID=785) to work on /home/airflow/.local/lib/python3.7/site-packages/airflow/example_dags/tutorial.py
[2022-09-30 12:38:29,243] {processor.py:642} INFO - Processing file /home/airflow/.local/lib/python3.7/site-packages/airflow/example_dags/tutorial.py for tasks to queue
[2022-09-30 12:38:29,245] {logging_mixin.py:109} INFO - [2022-09-30 12:38:29,245] {dagbag.py:500} INFO - Filling up the DagBag from /home/airflow/.local/lib/python3.7/site-packages/airflow/example_dags/tutorial.py
[2022-09-30 12:38:29,288] {processor.py:654} INFO - DAG(s) dict_keys(['tutorial']) retrieved from /home/airflow/.local/lib/python3.7/site-packages/airflow/example_dags/tutorial.py
[2022-09-30 12:38:29,316] {logging_mixin.py:109} INFO - [2022-09-30 12:38:29,315] {dag.py:2398} INFO - Sync 1 DAGs
[2022-09-30 12:38:29,334] {logging_mixin.py:109} INFO - [2022-09-30 12:38:29,334] {dag.py:2937} INFO - Setting next_dagrun for tutorial to 2022-09-29T12:38:29.334278+00:00
[2022-09-30 12:38:29,347] {processor.py:171} INFO - Processing /home/airflow/.local/lib/python3.7/site-packages/airflow/example_dags/tutorial.py took 0.112 seconds
[2022-09-30 12:38:59,888] {processor.py:163} INFO - Started process (PID=845) to work on /home/airflow/.local/lib/python3.7/site-packages/airflow/example_dags/tutorial.py
[2022-09-30 12:38:59,891] {processor.py:642} INFO - Processing file /home/airflow/.local/lib/python3.7/site-packages/airflow/example_dags/tutorial.py for tasks to queue
[2022-09-30 12:38:59,892] {logging_mixin.py:109} INFO - [2022-09-30 12:38:59,892] {dagbag.py:500} INFO - Filling up the DagBag from /home/airflow/.local/lib/python3.7/site-packages/airflow/example_dags/tutorial.py
[2022-09-30 12:38:59,928] {processor.py:654} INFO - DAG(s) dict_keys(['tutorial']) retrieved from /home/airflow/.local/lib/python3.7/site-packages/airflow/example_dags/tutorial.py
[2022-09-30 12:38:59,944] {logging_mixin.py:109} INFO - [2022-09-30 12:38:59,944] {dag.py:2398} INFO - Sync 1 DAGs
[2022-09-30 12:38:59,962] {logging_mixin.py:109} INFO - [2022-09-30 12:38:59,962] {dag.py:2937} INFO - Setting next_dagrun for tutorial to 2022-09-29T12:38:59.962559+00:00
[2022-09-30 12:38:59,973] {processor.py:171} INFO - Processing /home/airflow/.local/lib/python3.7/site-packages/airflow/example_dags/tutorial.py took 0.089 seconds
[2022-09-30 12:39:30,059] {processor.py:163} INFO - Started process (PID=895) to work on /home/airflow/.local/lib/python3.7/site-packages/airflow/example_dags/tutorial.py
[2022-09-30 12:39:30,062] {processor.py:642} INFO - Processing file /home/airflow/.local/lib/python3.7/site-packages/airflow/example_dags/tutorial.py for tasks to queue
[2022-09-30 12:39:30,063] {logging_mixin.py:109} INFO - [2022-09-30 12:39:30,063] {dagbag.py:500} INFO - Filling up the DagBag from /home/airflow/.local/lib/python3.7/site-packages/airflow/example_dags/tutorial.py
[2022-09-30 12:39:30,097] {processor.py:654} INFO - DAG(s) dict_keys(['tutorial']) retrieved from /home/airflow/.local/lib/python3.7/site-packages/airflow/example_dags/tutorial.py
[2022-09-30 12:39:30,107] {logging_mixin.py:109} INFO - [2022-09-30 12:39:30,106] {dag.py:2398} INFO - Sync 1 DAGs
[2022-09-30 12:39:30,123] {logging_mixin.py:109} INFO - [2022-09-30 12:39:30,122] {dag.py:2937} INFO - Setting next_dagrun for tutorial to 2022-09-29T12:39:30.122593+00:00
[2022-09-30 12:39:30,134] {processor.py:171} INFO - Processing /home/airflow/.local/lib/python3.7/site-packages/airflow/example_dags/tutorial.py took 0.080 seconds
[2022-09-30 12:40:00,272] {processor.py:163} INFO - Started process (PID=947) to work on /home/airflow/.local/lib/python3.7/site-packages/airflow/example_dags/tutorial.py
[2022-09-30 12:40:00,275] {processor.py:642} INFO - Processing file /home/airflow/.local/lib/python3.7/site-packages/airflow/example_dags/tutorial.py for tasks to queue
[2022-09-30 12:40:00,277] {logging_mixin.py:109} INFO - [2022-09-30 12:40:00,277] {dagbag.py:500} INFO - Filling up the DagBag from /home/airflow/.local/lib/python3.7/site-packages/airflow/example_dags/tutorial.py
[2022-09-30 12:40:00,314] {processor.py:654} INFO - DAG(s) dict_keys(['tutorial']) retrieved from /home/airflow/.local/lib/python3.7/site-packages/airflow/example_dags/tutorial.py
[2022-09-30 12:40:00,325] {logging_mixin.py:109} INFO - [2022-09-30 12:40:00,325] {dag.py:2398} INFO - Sync 1 DAGs
[2022-09-30 12:40:00,342] {logging_mixin.py:109} INFO - [2022-09-30 12:40:00,342] {dag.py:2937} INFO - Setting next_dagrun for tutorial to 2022-09-29T12:40:00.342085+00:00
[2022-09-30 12:40:00,368] {processor.py:171} INFO - Processing /home/airflow/.local/lib/python3.7/site-packages/airflow/example_dags/tutorial.py took 0.100 seconds
[2022-09-30 12:40:30,588] {processor.py:163} INFO - Started process (PID=1006) to work on /home/airflow/.local/lib/python3.7/site-packages/airflow/example_dags/tutorial.py
[2022-09-30 12:40:30,590] {processor.py:642} INFO - Processing file /home/airflow/.local/lib/python3.7/site-packages/airflow/example_dags/tutorial.py for tasks to queue
[2022-09-30 12:40:30,591] {logging_mixin.py:109} INFO - [2022-09-30 12:40:30,591] {dagbag.py:500} INFO - Filling up the DagBag from /home/airflow/.local/lib/python3.7/site-packages/airflow/example_dags/tutorial.py
[2022-09-30 12:40:30,625] {processor.py:654} INFO - DAG(s) dict_keys(['tutorial']) retrieved from /home/airflow/.local/lib/python3.7/site-packages/airflow/example_dags/tutorial.py
[2022-09-30 12:40:30,637] {logging_mixin.py:109} INFO - [2022-09-30 12:40:30,637] {dag.py:2398} INFO - Sync 1 DAGs
[2022-09-30 12:40:30,658] {logging_mixin.py:109} INFO - [2022-09-30 12:40:30,658] {dag.py:2937} INFO - Setting next_dagrun for tutorial to 2022-09-29T12:40:30.658440+00:00
[2022-09-30 12:40:30,671] {processor.py:171} INFO - Processing /home/airflow/.local/lib/python3.7/site-packages/airflow/example_dags/tutorial.py took 0.088 seconds
[2022-09-30 12:41:00,855] {processor.py:163} INFO - Started process (PID=1057) to work on /home/airflow/.local/lib/python3.7/site-packages/airflow/example_dags/tutorial.py
[2022-09-30 12:41:00,859] {processor.py:642} INFO - Processing file /home/airflow/.local/lib/python3.7/site-packages/airflow/example_dags/tutorial.py for tasks to queue
[2022-09-30 12:41:00,863] {logging_mixin.py:109} INFO - [2022-09-30 12:41:00,863] {dagbag.py:500} INFO - Filling up the DagBag from /home/airflow/.local/lib/python3.7/site-packages/airflow/example_dags/tutorial.py
[2022-09-30 12:41:00,947] {processor.py:654} INFO - DAG(s) dict_keys(['tutorial']) retrieved from /home/airflow/.local/lib/python3.7/site-packages/airflow/example_dags/tutorial.py
[2022-09-30 12:41:00,974] {logging_mixin.py:109} INFO - [2022-09-30 12:41:00,973] {dag.py:2398} INFO - Sync 1 DAGs
[2022-09-30 12:41:01,014] {logging_mixin.py:109} INFO - [2022-09-30 12:41:01,014] {dag.py:2937} INFO - Setting next_dagrun for tutorial to 2022-09-29T12:41:01.013724+00:00
[2022-09-30 12:41:01,036] {processor.py:171} INFO - Processing /home/airflow/.local/lib/python3.7/site-packages/airflow/example_dags/tutorial.py took 0.194 seconds
[2022-09-30 12:41:31,572] {processor.py:163} INFO - Started process (PID=1118) to work on /home/airflow/.local/lib/python3.7/site-packages/airflow/example_dags/tutorial.py
[2022-09-30 12:41:31,574] {processor.py:642} INFO - Processing file /home/airflow/.local/lib/python3.7/site-packages/airflow/example_dags/tutorial.py for tasks to queue
[2022-09-30 12:41:31,579] {logging_mixin.py:109} INFO - [2022-09-30 12:41:31,576] {dagbag.py:500} INFO - Filling up the DagBag from /home/airflow/.local/lib/python3.7/site-packages/airflow/example_dags/tutorial.py
[2022-09-30 12:41:31,660] {processor.py:654} INFO - DAG(s) dict_keys(['tutorial']) retrieved from /home/airflow/.local/lib/python3.7/site-packages/airflow/example_dags/tutorial.py
[2022-09-30 12:41:31,680] {logging_mixin.py:109} INFO - [2022-09-30 12:41:31,680] {dag.py:2398} INFO - Sync 1 DAGs
[2022-09-30 12:41:31,708] {logging_mixin.py:109} INFO - [2022-09-30 12:41:31,708] {dag.py:2937} INFO - Setting next_dagrun for tutorial to 2022-09-29T12:41:31.707685+00:00
[2022-09-30 12:41:31,722] {processor.py:171} INFO - Processing /home/airflow/.local/lib/python3.7/site-packages/airflow/example_dags/tutorial.py took 0.155 seconds
[2022-09-30 12:42:01,993] {processor.py:163} INFO - Started process (PID=1170) to work on /home/airflow/.local/lib/python3.7/site-packages/airflow/example_dags/tutorial.py
[2022-09-30 12:42:01,996] {processor.py:642} INFO - Processing file /home/airflow/.local/lib/python3.7/site-packages/airflow/example_dags/tutorial.py for tasks to queue
[2022-09-30 12:42:01,998] {logging_mixin.py:109} INFO - [2022-09-30 12:42:01,998] {dagbag.py:500} INFO - Filling up the DagBag from /home/airflow/.local/lib/python3.7/site-packages/airflow/example_dags/tutorial.py
[2022-09-30 12:42:02,042] {processor.py:654} INFO - DAG(s) dict_keys(['tutorial']) retrieved from /home/airflow/.local/lib/python3.7/site-packages/airflow/example_dags/tutorial.py
[2022-09-30 12:42:02,056] {logging_mixin.py:109} INFO - [2022-09-30 12:42:02,055] {dag.py:2398} INFO - Sync 1 DAGs
[2022-09-30 12:42:02,076] {logging_mixin.py:109} INFO - [2022-09-30 12:42:02,076] {dag.py:2937} INFO - Setting next_dagrun for tutorial to 2022-09-29T12:42:02.075795+00:00
[2022-09-30 12:42:02,094] {processor.py:171} INFO - Processing /home/airflow/.local/lib/python3.7/site-packages/airflow/example_dags/tutorial.py took 0.106 seconds
[2022-09-30 12:42:32,226] {processor.py:163} INFO - Started process (PID=1222) to work on /home/airflow/.local/lib/python3.7/site-packages/airflow/example_dags/tutorial.py
[2022-09-30 12:42:32,229] {processor.py:642} INFO - Processing file /home/airflow/.local/lib/python3.7/site-packages/airflow/example_dags/tutorial.py for tasks to queue
[2022-09-30 12:42:32,230] {logging_mixin.py:109} INFO - [2022-09-30 12:42:32,230] {dagbag.py:500} INFO - Filling up the DagBag from /home/airflow/.local/lib/python3.7/site-packages/airflow/example_dags/tutorial.py
[2022-09-30 12:42:32,271] {processor.py:654} INFO - DAG(s) dict_keys(['tutorial']) retrieved from /home/airflow/.local/lib/python3.7/site-packages/airflow/example_dags/tutorial.py
[2022-09-30 12:42:32,286] {logging_mixin.py:109} INFO - [2022-09-30 12:42:32,286] {dag.py:2398} INFO - Sync 1 DAGs
[2022-09-30 12:42:32,303] {logging_mixin.py:109} INFO - [2022-09-30 12:42:32,302] {dag.py:2937} INFO - Setting next_dagrun for tutorial to 2022-09-29T12:42:32.302659+00:00
[2022-09-30 12:42:32,321] {processor.py:171} INFO - Processing /home/airflow/.local/lib/python3.7/site-packages/airflow/example_dags/tutorial.py took 0.098 seconds
[2022-09-30 12:43:02,407] {processor.py:163} INFO - Started process (PID=1282) to work on /home/airflow/.local/lib/python3.7/site-packages/airflow/example_dags/tutorial.py
[2022-09-30 12:43:02,408] {processor.py:642} INFO - Processing file /home/airflow/.local/lib/python3.7/site-packages/airflow/example_dags/tutorial.py for tasks to queue
[2022-09-30 12:43:02,410] {logging_mixin.py:109} INFO - [2022-09-30 12:43:02,409] {dagbag.py:500} INFO - Filling up the DagBag from /home/airflow/.local/lib/python3.7/site-packages/airflow/example_dags/tutorial.py
[2022-09-30 12:43:02,448] {processor.py:654} INFO - DAG(s) dict_keys(['tutorial']) retrieved from /home/airflow/.local/lib/python3.7/site-packages/airflow/example_dags/tutorial.py
[2022-09-30 12:43:02,465] {logging_mixin.py:109} INFO - [2022-09-30 12:43:02,465] {dag.py:2398} INFO - Sync 1 DAGs
[2022-09-30 12:43:02,488] {logging_mixin.py:109} INFO - [2022-09-30 12:43:02,487] {dag.py:2937} INFO - Setting next_dagrun for tutorial to 2022-09-29T12:43:02.486484+00:00
[2022-09-30 12:43:02,506] {processor.py:171} INFO - Processing /home/airflow/.local/lib/python3.7/site-packages/airflow/example_dags/tutorial.py took 0.102 seconds
[2022-09-30 12:43:32,646] {processor.py:163} INFO - Started process (PID=1334) to work on /home/airflow/.local/lib/python3.7/site-packages/airflow/example_dags/tutorial.py
[2022-09-30 12:43:32,649] {processor.py:642} INFO - Processing file /home/airflow/.local/lib/python3.7/site-packages/airflow/example_dags/tutorial.py for tasks to queue
[2022-09-30 12:43:32,651] {logging_mixin.py:109} INFO - [2022-09-30 12:43:32,651] {dagbag.py:500} INFO - Filling up the DagBag from /home/airflow/.local/lib/python3.7/site-packages/airflow/example_dags/tutorial.py
[2022-09-30 12:43:32,687] {processor.py:654} INFO - DAG(s) dict_keys(['tutorial']) retrieved from /home/airflow/.local/lib/python3.7/site-packages/airflow/example_dags/tutorial.py
[2022-09-30 12:43:32,700] {logging_mixin.py:109} INFO - [2022-09-30 12:43:32,700] {dag.py:2398} INFO - Sync 1 DAGs
[2022-09-30 12:43:32,718] {logging_mixin.py:109} INFO - [2022-09-30 12:43:32,718] {dag.py:2937} INFO - Setting next_dagrun for tutorial to 2022-09-29T12:43:32.718417+00:00
[2022-09-30 12:43:32,728] {processor.py:171} INFO - Processing /home/airflow/.local/lib/python3.7/site-packages/airflow/example_dags/tutorial.py took 0.088 seconds
[2022-09-30 12:44:02,841] {processor.py:163} INFO - Started process (PID=1394) to work on /home/airflow/.local/lib/python3.7/site-packages/airflow/example_dags/tutorial.py
[2022-09-30 12:44:02,843] {processor.py:642} INFO - Processing file /home/airflow/.local/lib/python3.7/site-packages/airflow/example_dags/tutorial.py for tasks to queue
[2022-09-30 12:44:02,845] {logging_mixin.py:109} INFO - [2022-09-30 12:44:02,844] {dagbag.py:500} INFO - Filling up the DagBag from /home/airflow/.local/lib/python3.7/site-packages/airflow/example_dags/tutorial.py
[2022-09-30 12:44:02,875] {processor.py:654} INFO - DAG(s) dict_keys(['tutorial']) retrieved from /home/airflow/.local/lib/python3.7/site-packages/airflow/example_dags/tutorial.py
[2022-09-30 12:44:02,885] {logging_mixin.py:109} INFO - [2022-09-30 12:44:02,885] {dag.py:2398} INFO - Sync 1 DAGs
[2022-09-30 12:44:02,900] {logging_mixin.py:109} INFO - [2022-09-30 12:44:02,900] {dag.py:2937} INFO - Setting next_dagrun for tutorial to 2022-09-29T12:44:02.899748+00:00
[2022-09-30 12:44:02,909] {processor.py:171} INFO - Processing /home/airflow/.local/lib/python3.7/site-packages/airflow/example_dags/tutorial.py took 0.072 seconds
[2022-09-30 12:44:33,123] {processor.py:163} INFO - Started process (PID=1445) to work on /home/airflow/.local/lib/python3.7/site-packages/airflow/example_dags/tutorial.py
[2022-09-30 12:44:33,126] {processor.py:642} INFO - Processing file /home/airflow/.local/lib/python3.7/site-packages/airflow/example_dags/tutorial.py for tasks to queue
[2022-09-30 12:44:33,128] {logging_mixin.py:109} INFO - [2022-09-30 12:44:33,127] {dagbag.py:500} INFO - Filling up the DagBag from /home/airflow/.local/lib/python3.7/site-packages/airflow/example_dags/tutorial.py
[2022-09-30 12:44:33,160] {processor.py:654} INFO - DAG(s) dict_keys(['tutorial']) retrieved from /home/airflow/.local/lib/python3.7/site-packages/airflow/example_dags/tutorial.py
[2022-09-30 12:44:33,171] {logging_mixin.py:109} INFO - [2022-09-30 12:44:33,171] {dag.py:2398} INFO - Sync 1 DAGs
[2022-09-30 12:44:33,189] {logging_mixin.py:109} INFO - [2022-09-30 12:44:33,189] {dag.py:2937} INFO - Setting next_dagrun for tutorial to 2022-09-29T12:44:33.189119+00:00
[2022-09-30 12:44:33,201] {processor.py:171} INFO - Processing /home/airflow/.local/lib/python3.7/site-packages/airflow/example_dags/tutorial.py took 0.083 seconds
[2022-09-30 12:45:03,630] {processor.py:163} INFO - Started process (PID=1506) to work on /home/airflow/.local/lib/python3.7/site-packages/airflow/example_dags/tutorial.py
[2022-09-30 12:45:03,632] {processor.py:642} INFO - Processing file /home/airflow/.local/lib/python3.7/site-packages/airflow/example_dags/tutorial.py for tasks to queue
[2022-09-30 12:45:03,634] {logging_mixin.py:109} INFO - [2022-09-30 12:45:03,633] {dagbag.py:500} INFO - Filling up the DagBag from /home/airflow/.local/lib/python3.7/site-packages/airflow/example_dags/tutorial.py
[2022-09-30 12:45:03,671] {processor.py:654} INFO - DAG(s) dict_keys(['tutorial']) retrieved from /home/airflow/.local/lib/python3.7/site-packages/airflow/example_dags/tutorial.py
[2022-09-30 12:45:03,683] {logging_mixin.py:109} INFO - [2022-09-30 12:45:03,683] {dag.py:2398} INFO - Sync 1 DAGs
[2022-09-30 12:45:03,702] {logging_mixin.py:109} INFO - [2022-09-30 12:45:03,702] {dag.py:2937} INFO - Setting next_dagrun for tutorial to 2022-09-29T12:45:03.701954+00:00
[2022-09-30 12:45:03,716] {processor.py:171} INFO - Processing /home/airflow/.local/lib/python3.7/site-packages/airflow/example_dags/tutorial.py took 0.090 seconds
[2022-09-30 12:45:33,862] {processor.py:163} INFO - Started process (PID=1557) to work on /home/airflow/.local/lib/python3.7/site-packages/airflow/example_dags/tutorial.py
[2022-09-30 12:45:33,864] {processor.py:642} INFO - Processing file /home/airflow/.local/lib/python3.7/site-packages/airflow/example_dags/tutorial.py for tasks to queue
[2022-09-30 12:45:33,866] {logging_mixin.py:109} INFO - [2022-09-30 12:45:33,866] {dagbag.py:500} INFO - Filling up the DagBag from /home/airflow/.local/lib/python3.7/site-packages/airflow/example_dags/tutorial.py
[2022-09-30 12:45:33,905] {processor.py:654} INFO - DAG(s) dict_keys(['tutorial']) retrieved from /home/airflow/.local/lib/python3.7/site-packages/airflow/example_dags/tutorial.py
[2022-09-30 12:45:33,917] {logging_mixin.py:109} INFO - [2022-09-30 12:45:33,916] {dag.py:2398} INFO - Sync 1 DAGs
[2022-09-30 12:45:33,931] {logging_mixin.py:109} INFO - [2022-09-30 12:45:33,931] {dag.py:2937} INFO - Setting next_dagrun for tutorial to 2022-09-29T12:45:33.931425+00:00
[2022-09-30 12:45:33,942] {processor.py:171} INFO - Processing /home/airflow/.local/lib/python3.7/site-packages/airflow/example_dags/tutorial.py took 0.084 seconds
[2022-09-30 12:46:04,349] {processor.py:163} INFO - Started process (PID=1616) to work on /home/airflow/.local/lib/python3.7/site-packages/airflow/example_dags/tutorial.py
[2022-09-30 12:46:04,351] {processor.py:642} INFO - Processing file /home/airflow/.local/lib/python3.7/site-packages/airflow/example_dags/tutorial.py for tasks to queue
[2022-09-30 12:46:04,352] {logging_mixin.py:109} INFO - [2022-09-30 12:46:04,352] {dagbag.py:500} INFO - Filling up the DagBag from /home/airflow/.local/lib/python3.7/site-packages/airflow/example_dags/tutorial.py
[2022-09-30 12:46:04,402] {processor.py:654} INFO - DAG(s) dict_keys(['tutorial']) retrieved from /home/airflow/.local/lib/python3.7/site-packages/airflow/example_dags/tutorial.py
[2022-09-30 12:46:04,422] {logging_mixin.py:109} INFO - [2022-09-30 12:46:04,422] {dag.py:2398} INFO - Sync 1 DAGs
[2022-09-30 12:46:04,447] {logging_mixin.py:109} INFO - [2022-09-30 12:46:04,447] {dag.py:2937} INFO - Setting next_dagrun for tutorial to 2022-09-29T12:46:04.446187+00:00
[2022-09-30 12:46:04,458] {processor.py:171} INFO - Processing /home/airflow/.local/lib/python3.7/site-packages/airflow/example_dags/tutorial.py took 0.113 seconds
[2022-09-30 12:46:34,898] {processor.py:163} INFO - Started process (PID=1668) to work on /home/airflow/.local/lib/python3.7/site-packages/airflow/example_dags/tutorial.py
[2022-09-30 12:46:34,902] {processor.py:642} INFO - Processing file /home/airflow/.local/lib/python3.7/site-packages/airflow/example_dags/tutorial.py for tasks to queue
[2022-09-30 12:46:34,904] {logging_mixin.py:109} INFO - [2022-09-30 12:46:34,904] {dagbag.py:500} INFO - Filling up the DagBag from /home/airflow/.local/lib/python3.7/site-packages/airflow/example_dags/tutorial.py
[2022-09-30 12:46:34,940] {processor.py:654} INFO - DAG(s) dict_keys(['tutorial']) retrieved from /home/airflow/.local/lib/python3.7/site-packages/airflow/example_dags/tutorial.py
[2022-09-30 12:46:34,951] {logging_mixin.py:109} INFO - [2022-09-30 12:46:34,950] {dag.py:2398} INFO - Sync 1 DAGs
[2022-09-30 12:46:34,967] {logging_mixin.py:109} INFO - [2022-09-30 12:46:34,967] {dag.py:2937} INFO - Setting next_dagrun for tutorial to 2022-09-29T12:46:34.967247+00:00
[2022-09-30 12:46:34,980] {processor.py:171} INFO - Processing /home/airflow/.local/lib/python3.7/site-packages/airflow/example_dags/tutorial.py took 0.088 seconds
[2022-09-30 12:47:05,502] {processor.py:163} INFO - Started process (PID=1720) to work on /home/airflow/.local/lib/python3.7/site-packages/airflow/example_dags/tutorial.py
[2022-09-30 12:47:05,505] {processor.py:642} INFO - Processing file /home/airflow/.local/lib/python3.7/site-packages/airflow/example_dags/tutorial.py for tasks to queue
[2022-09-30 12:47:05,507] {logging_mixin.py:109} INFO - [2022-09-30 12:47:05,507] {dagbag.py:500} INFO - Filling up the DagBag from /home/airflow/.local/lib/python3.7/site-packages/airflow/example_dags/tutorial.py
[2022-09-30 12:47:05,542] {processor.py:654} INFO - DAG(s) dict_keys(['tutorial']) retrieved from /home/airflow/.local/lib/python3.7/site-packages/airflow/example_dags/tutorial.py
[2022-09-30 12:47:05,554] {logging_mixin.py:109} INFO - [2022-09-30 12:47:05,554] {dag.py:2398} INFO - Sync 1 DAGs
[2022-09-30 12:47:05,571] {logging_mixin.py:109} INFO - [2022-09-30 12:47:05,571] {dag.py:2937} INFO - Setting next_dagrun for tutorial to 2022-09-29T12:47:05.571352+00:00
[2022-09-30 12:47:05,583] {processor.py:171} INFO - Processing /home/airflow/.local/lib/python3.7/site-packages/airflow/example_dags/tutorial.py took 0.084 seconds
[2022-09-30 12:47:36,137] {processor.py:163} INFO - Started process (PID=1781) to work on /home/airflow/.local/lib/python3.7/site-packages/airflow/example_dags/tutorial.py
[2022-09-30 12:47:36,140] {processor.py:642} INFO - Processing file /home/airflow/.local/lib/python3.7/site-packages/airflow/example_dags/tutorial.py for tasks to queue
[2022-09-30 12:47:36,142] {logging_mixin.py:109} INFO - [2022-09-30 12:47:36,142] {dagbag.py:500} INFO - Filling up the DagBag from /home/airflow/.local/lib/python3.7/site-packages/airflow/example_dags/tutorial.py
[2022-09-30 12:47:36,176] {processor.py:654} INFO - DAG(s) dict_keys(['tutorial']) retrieved from /home/airflow/.local/lib/python3.7/site-packages/airflow/example_dags/tutorial.py
[2022-09-30 12:47:36,187] {logging_mixin.py:109} INFO - [2022-09-30 12:47:36,187] {dag.py:2398} INFO - Sync 1 DAGs
[2022-09-30 12:47:36,202] {logging_mixin.py:109} INFO - [2022-09-30 12:47:36,202] {dag.py:2937} INFO - Setting next_dagrun for tutorial to 2022-09-29T12:47:36.202457+00:00
[2022-09-30 12:47:36,213] {processor.py:171} INFO - Processing /home/airflow/.local/lib/python3.7/site-packages/airflow/example_dags/tutorial.py took 0.081 seconds
[2022-09-30 12:48:06,458] {processor.py:163} INFO - Started process (PID=1832) to work on /home/airflow/.local/lib/python3.7/site-packages/airflow/example_dags/tutorial.py
[2022-09-30 12:48:06,461] {processor.py:642} INFO - Processing file /home/airflow/.local/lib/python3.7/site-packages/airflow/example_dags/tutorial.py for tasks to queue
[2022-09-30 12:48:06,463] {logging_mixin.py:109} INFO - [2022-09-30 12:48:06,462] {dagbag.py:500} INFO - Filling up the DagBag from /home/airflow/.local/lib/python3.7/site-packages/airflow/example_dags/tutorial.py
[2022-09-30 12:48:06,500] {processor.py:654} INFO - DAG(s) dict_keys(['tutorial']) retrieved from /home/airflow/.local/lib/python3.7/site-packages/airflow/example_dags/tutorial.py
[2022-09-30 12:48:06,513] {logging_mixin.py:109} INFO - [2022-09-30 12:48:06,513] {dag.py:2398} INFO - Sync 1 DAGs
[2022-09-30 12:48:06,532] {logging_mixin.py:109} INFO - [2022-09-30 12:48:06,532] {dag.py:2937} INFO - Setting next_dagrun for tutorial to 2022-09-29T12:48:06.532333+00:00
[2022-09-30 12:48:06,544] {processor.py:171} INFO - Processing /home/airflow/.local/lib/python3.7/site-packages/airflow/example_dags/tutorial.py took 0.092 seconds
[2022-09-30 12:48:37,107] {processor.py:163} INFO - Started process (PID=1894) to work on /home/airflow/.local/lib/python3.7/site-packages/airflow/example_dags/tutorial.py
[2022-09-30 12:48:37,110] {processor.py:642} INFO - Processing file /home/airflow/.local/lib/python3.7/site-packages/airflow/example_dags/tutorial.py for tasks to queue
[2022-09-30 12:48:37,111] {logging_mixin.py:109} INFO - [2022-09-30 12:48:37,111] {dagbag.py:500} INFO - Filling up the DagBag from /home/airflow/.local/lib/python3.7/site-packages/airflow/example_dags/tutorial.py
[2022-09-30 12:48:37,152] {processor.py:654} INFO - DAG(s) dict_keys(['tutorial']) retrieved from /home/airflow/.local/lib/python3.7/site-packages/airflow/example_dags/tutorial.py
[2022-09-30 12:48:37,166] {logging_mixin.py:109} INFO - [2022-09-30 12:48:37,166] {dag.py:2398} INFO - Sync 1 DAGs
[2022-09-30 12:48:37,188] {logging_mixin.py:109} INFO - [2022-09-30 12:48:37,188] {dag.py:2937} INFO - Setting next_dagrun for tutorial to 2022-09-29T12:48:37.188362+00:00
[2022-09-30 12:48:37,217] {processor.py:171} INFO - Processing /home/airflow/.local/lib/python3.7/site-packages/airflow/example_dags/tutorial.py took 0.113 seconds
[2022-09-30 12:49:07,406] {processor.py:163} INFO - Started process (PID=1945) to work on /home/airflow/.local/lib/python3.7/site-packages/airflow/example_dags/tutorial.py
[2022-09-30 12:49:07,409] {processor.py:642} INFO - Processing file /home/airflow/.local/lib/python3.7/site-packages/airflow/example_dags/tutorial.py for tasks to queue
[2022-09-30 12:49:07,411] {logging_mixin.py:109} INFO - [2022-09-30 12:49:07,411] {dagbag.py:500} INFO - Filling up the DagBag from /home/airflow/.local/lib/python3.7/site-packages/airflow/example_dags/tutorial.py
[2022-09-30 12:49:07,447] {processor.py:654} INFO - DAG(s) dict_keys(['tutorial']) retrieved from /home/airflow/.local/lib/python3.7/site-packages/airflow/example_dags/tutorial.py
[2022-09-30 12:49:07,457] {logging_mixin.py:109} INFO - [2022-09-30 12:49:07,457] {dag.py:2398} INFO - Sync 1 DAGs
[2022-09-30 12:49:07,471] {logging_mixin.py:109} INFO - [2022-09-30 12:49:07,471] {dag.py:2937} INFO - Setting next_dagrun for tutorial to 2022-09-29T12:49:07.471500+00:00
[2022-09-30 12:49:07,481] {processor.py:171} INFO - Processing /home/airflow/.local/lib/python3.7/site-packages/airflow/example_dags/tutorial.py took 0.082 seconds
[2022-09-30 12:49:37,798] {processor.py:163} INFO - Started process (PID=2006) to work on /home/airflow/.local/lib/python3.7/site-packages/airflow/example_dags/tutorial.py
[2022-09-30 12:49:37,800] {processor.py:642} INFO - Processing file /home/airflow/.local/lib/python3.7/site-packages/airflow/example_dags/tutorial.py for tasks to queue
[2022-09-30 12:49:37,801] {logging_mixin.py:109} INFO - [2022-09-30 12:49:37,801] {dagbag.py:500} INFO - Filling up the DagBag from /home/airflow/.local/lib/python3.7/site-packages/airflow/example_dags/tutorial.py
[2022-09-30 12:49:37,841] {processor.py:654} INFO - DAG(s) dict_keys(['tutorial']) retrieved from /home/airflow/.local/lib/python3.7/site-packages/airflow/example_dags/tutorial.py
[2022-09-30 12:49:37,852] {logging_mixin.py:109} INFO - [2022-09-30 12:49:37,852] {dag.py:2398} INFO - Sync 1 DAGs
[2022-09-30 12:49:37,872] {logging_mixin.py:109} INFO - [2022-09-30 12:49:37,872] {dag.py:2937} INFO - Setting next_dagrun for tutorial to 2022-09-29T12:49:37.872471+00:00
[2022-09-30 12:49:37,892] {processor.py:171} INFO - Processing /home/airflow/.local/lib/python3.7/site-packages/airflow/example_dags/tutorial.py took 0.100 seconds
[2022-09-30 12:50:08,270] {processor.py:163} INFO - Started process (PID=2057) to work on /home/airflow/.local/lib/python3.7/site-packages/airflow/example_dags/tutorial.py
[2022-09-30 12:50:08,272] {processor.py:642} INFO - Processing file /home/airflow/.local/lib/python3.7/site-packages/airflow/example_dags/tutorial.py for tasks to queue
[2022-09-30 12:50:08,278] {logging_mixin.py:109} INFO - [2022-09-30 12:50:08,278] {dagbag.py:500} INFO - Filling up the DagBag from /home/airflow/.local/lib/python3.7/site-packages/airflow/example_dags/tutorial.py
[2022-09-30 12:50:08,321] {processor.py:654} INFO - DAG(s) dict_keys(['tutorial']) retrieved from /home/airflow/.local/lib/python3.7/site-packages/airflow/example_dags/tutorial.py
[2022-09-30 12:50:08,335] {logging_mixin.py:109} INFO - [2022-09-30 12:50:08,335] {dag.py:2398} INFO - Sync 1 DAGs
[2022-09-30 12:50:08,355] {logging_mixin.py:109} INFO - [2022-09-30 12:50:08,355] {dag.py:2937} INFO - Setting next_dagrun for tutorial to 2022-09-29T12:50:08.355109+00:00
[2022-09-30 12:50:08,373] {processor.py:171} INFO - Processing /home/airflow/.local/lib/python3.7/site-packages/airflow/example_dags/tutorial.py took 0.107 seconds
[2022-09-30 12:50:38,649] {processor.py:163} INFO - Started process (PID=2108) to work on /home/airflow/.local/lib/python3.7/site-packages/airflow/example_dags/tutorial.py
[2022-09-30 12:50:38,651] {processor.py:642} INFO - Processing file /home/airflow/.local/lib/python3.7/site-packages/airflow/example_dags/tutorial.py for tasks to queue
[2022-09-30 12:50:38,653] {logging_mixin.py:109} INFO - [2022-09-30 12:50:38,652] {dagbag.py:500} INFO - Filling up the DagBag from /home/airflow/.local/lib/python3.7/site-packages/airflow/example_dags/tutorial.py
[2022-09-30 12:50:38,685] {processor.py:654} INFO - DAG(s) dict_keys(['tutorial']) retrieved from /home/airflow/.local/lib/python3.7/site-packages/airflow/example_dags/tutorial.py
[2022-09-30 12:50:38,699] {logging_mixin.py:109} INFO - [2022-09-30 12:50:38,698] {dag.py:2398} INFO - Sync 1 DAGs
[2022-09-30 12:50:38,726] {logging_mixin.py:109} INFO - [2022-09-30 12:50:38,725] {dag.py:2937} INFO - Setting next_dagrun for tutorial to 2022-09-29T12:50:38.724375+00:00
[2022-09-30 12:50:38,740] {processor.py:171} INFO - Processing /home/airflow/.local/lib/python3.7/site-packages/airflow/example_dags/tutorial.py took 0.095 seconds
[2022-09-30 12:51:09,225] {processor.py:163} INFO - Started process (PID=2169) to work on /home/airflow/.local/lib/python3.7/site-packages/airflow/example_dags/tutorial.py
[2022-09-30 12:51:09,228] {processor.py:642} INFO - Processing file /home/airflow/.local/lib/python3.7/site-packages/airflow/example_dags/tutorial.py for tasks to queue
[2022-09-30 12:51:09,229] {logging_mixin.py:109} INFO - [2022-09-30 12:51:09,229] {dagbag.py:500} INFO - Filling up the DagBag from /home/airflow/.local/lib/python3.7/site-packages/airflow/example_dags/tutorial.py
[2022-09-30 12:51:09,271] {processor.py:654} INFO - DAG(s) dict_keys(['tutorial']) retrieved from /home/airflow/.local/lib/python3.7/site-packages/airflow/example_dags/tutorial.py
[2022-09-30 12:51:09,282] {logging_mixin.py:109} INFO - [2022-09-30 12:51:09,282] {dag.py:2398} INFO - Sync 1 DAGs
[2022-09-30 12:51:09,298] {logging_mixin.py:109} INFO - [2022-09-30 12:51:09,298] {dag.py:2937} INFO - Setting next_dagrun for tutorial to 2022-09-29T12:51:09.297983+00:00
[2022-09-30 12:51:09,308] {processor.py:171} INFO - Processing /home/airflow/.local/lib/python3.7/site-packages/airflow/example_dags/tutorial.py took 0.088 seconds
[2022-09-30 12:51:40,085] {processor.py:163} INFO - Started process (PID=2221) to work on /home/airflow/.local/lib/python3.7/site-packages/airflow/example_dags/tutorial.py
[2022-09-30 12:51:40,089] {processor.py:642} INFO - Processing file /home/airflow/.local/lib/python3.7/site-packages/airflow/example_dags/tutorial.py for tasks to queue
[2022-09-30 12:51:40,091] {logging_mixin.py:109} INFO - [2022-09-30 12:51:40,090] {dagbag.py:500} INFO - Filling up the DagBag from /home/airflow/.local/lib/python3.7/site-packages/airflow/example_dags/tutorial.py
[2022-09-30 12:51:40,138] {processor.py:654} INFO - DAG(s) dict_keys(['tutorial']) retrieved from /home/airflow/.local/lib/python3.7/site-packages/airflow/example_dags/tutorial.py
[2022-09-30 12:51:40,156] {logging_mixin.py:109} INFO - [2022-09-30 12:51:40,156] {dag.py:2398} INFO - Sync 1 DAGs
[2022-09-30 12:51:40,196] {logging_mixin.py:109} INFO - [2022-09-30 12:51:40,195] {dag.py:2937} INFO - Setting next_dagrun for tutorial to 2022-09-29T12:51:40.194015+00:00
[2022-09-30 12:51:40,229] {processor.py:171} INFO - Processing /home/airflow/.local/lib/python3.7/site-packages/airflow/example_dags/tutorial.py took 0.149 seconds
[2022-09-30 12:54:35,372] {processor.py:163} INFO - Started process (PID=2246) to work on /home/airflow/.local/lib/python3.7/site-packages/airflow/example_dags/tutorial.py
[2022-09-30 12:54:35,393] {processor.py:642} INFO - Processing file /home/airflow/.local/lib/python3.7/site-packages/airflow/example_dags/tutorial.py for tasks to queue
[2022-09-30 12:54:35,398] {logging_mixin.py:109} INFO - [2022-09-30 12:54:35,398] {dagbag.py:500} INFO - Filling up the DagBag from /home/airflow/.local/lib/python3.7/site-packages/airflow/example_dags/tutorial.py
[2022-09-30 12:54:35,485] {processor.py:654} INFO - DAG(s) dict_keys(['tutorial']) retrieved from /home/airflow/.local/lib/python3.7/site-packages/airflow/example_dags/tutorial.py
[2022-09-30 12:54:35,500] {logging_mixin.py:109} INFO - [2022-09-30 12:54:35,499] {dag.py:2398} INFO - Sync 1 DAGs
[2022-09-30 12:54:35,536] {logging_mixin.py:109} INFO - [2022-09-30 12:54:35,536] {dag.py:2937} INFO - Setting next_dagrun for tutorial to 2022-09-29T12:54:35.536586+00:00
[2022-09-30 12:54:35,560] {processor.py:171} INFO - Processing /home/airflow/.local/lib/python3.7/site-packages/airflow/example_dags/tutorial.py took 0.192 seconds
[2022-09-30 12:59:35,231] {processor.py:163} INFO - Started process (PID=2301) to work on /home/airflow/.local/lib/python3.7/site-packages/airflow/example_dags/tutorial.py
[2022-09-30 12:59:35,237] {processor.py:642} INFO - Processing file /home/airflow/.local/lib/python3.7/site-packages/airflow/example_dags/tutorial.py for tasks to queue
[2022-09-30 12:59:35,238] {logging_mixin.py:109} INFO - [2022-09-30 12:59:35,238] {dagbag.py:500} INFO - Filling up the DagBag from /home/airflow/.local/lib/python3.7/site-packages/airflow/example_dags/tutorial.py
[2022-09-30 12:59:35,377] {processor.py:654} INFO - DAG(s) dict_keys(['tutorial']) retrieved from /home/airflow/.local/lib/python3.7/site-packages/airflow/example_dags/tutorial.py
[2022-09-30 12:59:35,437] {logging_mixin.py:109} INFO - [2022-09-30 12:59:35,436] {dag.py:2398} INFO - Sync 1 DAGs
[2022-09-30 12:59:35,524] {logging_mixin.py:109} INFO - [2022-09-30 12:59:35,524] {dag.py:2937} INFO - Setting next_dagrun for tutorial to 2022-09-29T12:59:35.524148+00:00
[2022-09-30 12:59:35,583] {processor.py:171} INFO - Processing /home/airflow/.local/lib/python3.7/site-packages/airflow/example_dags/tutorial.py took 0.358 seconds
[2022-09-30 13:03:06,513] {processor.py:163} INFO - Started process (PID=2374) to work on /home/airflow/.local/lib/python3.7/site-packages/airflow/example_dags/tutorial.py
[2022-09-30 13:03:06,532] {processor.py:642} INFO - Processing file /home/airflow/.local/lib/python3.7/site-packages/airflow/example_dags/tutorial.py for tasks to queue
[2022-09-30 13:03:06,534] {logging_mixin.py:109} INFO - [2022-09-30 13:03:06,534] {dagbag.py:500} INFO - Filling up the DagBag from /home/airflow/.local/lib/python3.7/site-packages/airflow/example_dags/tutorial.py
[2022-09-30 13:03:06,775] {processor.py:654} INFO - DAG(s) dict_keys(['tutorial']) retrieved from /home/airflow/.local/lib/python3.7/site-packages/airflow/example_dags/tutorial.py
[2022-09-30 13:03:06,888] {logging_mixin.py:109} INFO - [2022-09-30 13:03:06,888] {dag.py:2398} INFO - Sync 1 DAGs
[2022-09-30 13:03:07,006] {logging_mixin.py:109} INFO - [2022-09-30 13:03:07,006] {dag.py:2937} INFO - Setting next_dagrun for tutorial to 2022-09-29T13:03:07.005962+00:00
[2022-09-30 13:03:07,107] {processor.py:171} INFO - Processing /home/airflow/.local/lib/python3.7/site-packages/airflow/example_dags/tutorial.py took 0.612 seconds
[2022-09-30 13:03:37,604] {processor.py:163} INFO - Started process (PID=2425) to work on /home/airflow/.local/lib/python3.7/site-packages/airflow/example_dags/tutorial.py
[2022-09-30 13:03:37,607] {processor.py:642} INFO - Processing file /home/airflow/.local/lib/python3.7/site-packages/airflow/example_dags/tutorial.py for tasks to queue
[2022-09-30 13:03:37,608] {logging_mixin.py:109} INFO - [2022-09-30 13:03:37,608] {dagbag.py:500} INFO - Filling up the DagBag from /home/airflow/.local/lib/python3.7/site-packages/airflow/example_dags/tutorial.py
[2022-09-30 13:03:37,640] {processor.py:654} INFO - DAG(s) dict_keys(['tutorial']) retrieved from /home/airflow/.local/lib/python3.7/site-packages/airflow/example_dags/tutorial.py
[2022-09-30 13:03:37,651] {logging_mixin.py:109} INFO - [2022-09-30 13:03:37,651] {dag.py:2398} INFO - Sync 1 DAGs
[2022-09-30 13:03:37,665] {logging_mixin.py:109} INFO - [2022-09-30 13:03:37,665] {dag.py:2937} INFO - Setting next_dagrun for tutorial to 2022-09-29T13:03:37.665076+00:00
[2022-09-30 13:03:37,676] {processor.py:171} INFO - Processing /home/airflow/.local/lib/python3.7/site-packages/airflow/example_dags/tutorial.py took 0.075 seconds
[2022-09-30 13:04:08,378] {processor.py:163} INFO - Started process (PID=2476) to work on /home/airflow/.local/lib/python3.7/site-packages/airflow/example_dags/tutorial.py
[2022-09-30 13:04:08,380] {processor.py:642} INFO - Processing file /home/airflow/.local/lib/python3.7/site-packages/airflow/example_dags/tutorial.py for tasks to queue
[2022-09-30 13:04:08,381] {logging_mixin.py:109} INFO - [2022-09-30 13:04:08,381] {dagbag.py:500} INFO - Filling up the DagBag from /home/airflow/.local/lib/python3.7/site-packages/airflow/example_dags/tutorial.py
[2022-09-30 13:04:08,412] {processor.py:654} INFO - DAG(s) dict_keys(['tutorial']) retrieved from /home/airflow/.local/lib/python3.7/site-packages/airflow/example_dags/tutorial.py
[2022-09-30 13:04:08,422] {logging_mixin.py:109} INFO - [2022-09-30 13:04:08,422] {dag.py:2398} INFO - Sync 1 DAGs
[2022-09-30 13:04:08,436] {logging_mixin.py:109} INFO - [2022-09-30 13:04:08,436] {dag.py:2937} INFO - Setting next_dagrun for tutorial to 2022-09-29T13:04:08.436471+00:00
[2022-09-30 13:04:08,447] {processor.py:171} INFO - Processing /home/airflow/.local/lib/python3.7/site-packages/airflow/example_dags/tutorial.py took 0.073 seconds
[2022-09-30 13:04:39,019] {processor.py:163} INFO - Started process (PID=2537) to work on /home/airflow/.local/lib/python3.7/site-packages/airflow/example_dags/tutorial.py
[2022-09-30 13:04:39,022] {processor.py:642} INFO - Processing file /home/airflow/.local/lib/python3.7/site-packages/airflow/example_dags/tutorial.py for tasks to queue
[2022-09-30 13:04:39,024] {logging_mixin.py:109} INFO - [2022-09-30 13:04:39,024] {dagbag.py:500} INFO - Filling up the DagBag from /home/airflow/.local/lib/python3.7/site-packages/airflow/example_dags/tutorial.py
[2022-09-30 13:04:39,067] {processor.py:654} INFO - DAG(s) dict_keys(['tutorial']) retrieved from /home/airflow/.local/lib/python3.7/site-packages/airflow/example_dags/tutorial.py
[2022-09-30 13:04:39,078] {logging_mixin.py:109} INFO - [2022-09-30 13:04:39,078] {dag.py:2398} INFO - Sync 1 DAGs
[2022-09-30 13:04:39,092] {logging_mixin.py:109} INFO - [2022-09-30 13:04:39,092] {dag.py:2937} INFO - Setting next_dagrun for tutorial to 2022-09-29T13:04:39.092598+00:00
[2022-09-30 13:04:39,104] {processor.py:171} INFO - Processing /home/airflow/.local/lib/python3.7/site-packages/airflow/example_dags/tutorial.py took 0.090 seconds
[2022-09-30 13:05:09,415] {processor.py:163} INFO - Started process (PID=2588) to work on /home/airflow/.local/lib/python3.7/site-packages/airflow/example_dags/tutorial.py
[2022-09-30 13:05:09,418] {processor.py:642} INFO - Processing file /home/airflow/.local/lib/python3.7/site-packages/airflow/example_dags/tutorial.py for tasks to queue
[2022-09-30 13:05:09,419] {logging_mixin.py:109} INFO - [2022-09-30 13:05:09,419] {dagbag.py:500} INFO - Filling up the DagBag from /home/airflow/.local/lib/python3.7/site-packages/airflow/example_dags/tutorial.py
[2022-09-30 13:05:09,453] {processor.py:654} INFO - DAG(s) dict_keys(['tutorial']) retrieved from /home/airflow/.local/lib/python3.7/site-packages/airflow/example_dags/tutorial.py
[2022-09-30 13:05:09,464] {logging_mixin.py:109} INFO - [2022-09-30 13:05:09,464] {dag.py:2398} INFO - Sync 1 DAGs
[2022-09-30 13:05:09,478] {logging_mixin.py:109} INFO - [2022-09-30 13:05:09,478] {dag.py:2937} INFO - Setting next_dagrun for tutorial to 2022-09-29T13:05:09.477979+00:00
[2022-09-30 13:05:09,488] {processor.py:171} INFO - Processing /home/airflow/.local/lib/python3.7/site-packages/airflow/example_dags/tutorial.py took 0.077 seconds
[2022-09-30 13:05:40,007] {processor.py:163} INFO - Started process (PID=2649) to work on /home/airflow/.local/lib/python3.7/site-packages/airflow/example_dags/tutorial.py
[2022-09-30 13:05:40,009] {processor.py:642} INFO - Processing file /home/airflow/.local/lib/python3.7/site-packages/airflow/example_dags/tutorial.py for tasks to queue
[2022-09-30 13:05:40,010] {logging_mixin.py:109} INFO - [2022-09-30 13:05:40,010] {dagbag.py:500} INFO - Filling up the DagBag from /home/airflow/.local/lib/python3.7/site-packages/airflow/example_dags/tutorial.py
[2022-09-30 13:05:40,044] {processor.py:654} INFO - DAG(s) dict_keys(['tutorial']) retrieved from /home/airflow/.local/lib/python3.7/site-packages/airflow/example_dags/tutorial.py
[2022-09-30 13:05:40,056] {logging_mixin.py:109} INFO - [2022-09-30 13:05:40,056] {dag.py:2398} INFO - Sync 1 DAGs
[2022-09-30 13:05:40,070] {logging_mixin.py:109} INFO - [2022-09-30 13:05:40,070] {dag.py:2937} INFO - Setting next_dagrun for tutorial to 2022-09-29T13:05:40.070500+00:00
[2022-09-30 13:05:40,081] {processor.py:171} INFO - Processing /home/airflow/.local/lib/python3.7/site-packages/airflow/example_dags/tutorial.py took 0.078 seconds
[2022-09-30 13:06:10,316] {processor.py:163} INFO - Started process (PID=2700) to work on /home/airflow/.local/lib/python3.7/site-packages/airflow/example_dags/tutorial.py
[2022-09-30 13:06:10,375] {processor.py:642} INFO - Processing file /home/airflow/.local/lib/python3.7/site-packages/airflow/example_dags/tutorial.py for tasks to queue
[2022-09-30 13:06:10,386] {logging_mixin.py:109} INFO - [2022-09-30 13:06:10,386] {dagbag.py:500} INFO - Filling up the DagBag from /home/airflow/.local/lib/python3.7/site-packages/airflow/example_dags/tutorial.py
[2022-09-30 13:06:10,531] {processor.py:654} INFO - DAG(s) dict_keys(['tutorial']) retrieved from /home/airflow/.local/lib/python3.7/site-packages/airflow/example_dags/tutorial.py
[2022-09-30 13:06:10,556] {logging_mixin.py:109} INFO - [2022-09-30 13:06:10,556] {dag.py:2398} INFO - Sync 1 DAGs
[2022-09-30 13:06:10,593] {logging_mixin.py:109} INFO - [2022-09-30 13:06:10,593] {dag.py:2937} INFO - Setting next_dagrun for tutorial to 2022-09-29T13:06:10.592819+00:00
[2022-09-30 13:06:10,608] {processor.py:171} INFO - Processing /home/airflow/.local/lib/python3.7/site-packages/airflow/example_dags/tutorial.py took 0.310 seconds
