[2022-11-16 22:43:12,431] {taskinstance.py:1037} INFO - Dependencies all met for <TaskInstance: dag_combustivel.get_op manual__2022-11-16T22:36:59.788460+00:00 [queued]>
[2022-11-16 22:43:12,453] {taskinstance.py:1037} INFO - Dependencies all met for <TaskInstance: dag_combustivel.get_op manual__2022-11-16T22:36:59.788460+00:00 [queued]>
[2022-11-16 22:43:12,454] {taskinstance.py:1243} INFO - 
--------------------------------------------------------------------------------
[2022-11-16 22:43:12,454] {taskinstance.py:1244} INFO - Starting attempt 1 of 1
[2022-11-16 22:43:12,455] {taskinstance.py:1245} INFO - 
--------------------------------------------------------------------------------
[2022-11-16 22:43:12,492] {taskinstance.py:1264} INFO - Executing <Task(SimpleHttpOperator): get_op> on 2022-11-16 22:36:59.788460+00:00
[2022-11-16 22:43:12,501] {standard_task_runner.py:52} INFO - Started process 4432 to run task
[2022-11-16 22:43:12,511] {standard_task_runner.py:76} INFO - Running: ['***', 'tasks', 'run', 'dag_combustivel', 'get_op', 'manual__2022-11-16T22:36:59.788460+00:00', '--job-id', '72', '--raw', '--subdir', 'DAGS_FOLDER/dag_combustivel.py', '--cfg-path', '/tmp/tmprju3d6pt', '--error-file', '/tmp/tmpnzd5kej3']
[2022-11-16 22:43:12,513] {standard_task_runner.py:77} INFO - Job 72: Subtask get_op
[2022-11-16 22:43:12,727] {logging_mixin.py:109} INFO - Running <TaskInstance: dag_combustivel.get_op manual__2022-11-16T22:36:59.788460+00:00 [running]> on host b2a62e76b908
[2022-11-16 22:43:12,929] {taskinstance.py:1431} INFO - Exporting the following env vars:
AIRFLOW_CTX_DAG_OWNER=***
AIRFLOW_CTX_DAG_ID=dag_combustivel
AIRFLOW_CTX_TASK_ID=get_op
AIRFLOW_CTX_EXECUTION_DATE=2022-11-16T22:36:59.788460+00:00
AIRFLOW_CTX_DAG_RUN_ID=manual__2022-11-16T22:36:59.788460+00:00
[2022-11-16 22:43:12,931] {http.py:104} INFO - Calling HTTP method
[2022-11-16 22:43:12,957] {base.py:79} INFO - Using connection to: id: stack-data-pipeline. Host: https://data-pipeline-bootcamp-k4otesd7oa-uc.a.run.app, Port: None, Schema: , Login: admin, Password: ***, extra: {}
[2022-11-16 22:43:12,961] {http.py:129} INFO - Sending 'POST' to url: https://data-pipeline-bootcamp-k4otesd7oa-uc.a.run.app/download_combustivel
[2022-11-16 22:43:14,368] {taskinstance.py:1282} INFO - Marking task as SUCCESS. dag_id=dag_combustivel, task_id=get_op, execution_date=20221116T223659, start_date=20221116T224312, end_date=20221116T224314
[2022-11-16 22:43:14,455] {local_task_job.py:154} INFO - Task exited with return code 0
[2022-11-16 22:43:14,569] {local_task_job.py:264} INFO - 1 downstream tasks scheduled from follow-on schedule check
