[2022-10-05 17:39:49,705] {taskinstance.py:1037} INFO - Dependencies all met for <TaskInstance: dag_combustivel.create_cluster scheduled__2019-07-01T00:00:00+00:00 [queued]>
[2022-10-05 17:39:49,764] {taskinstance.py:1037} INFO - Dependencies all met for <TaskInstance: dag_combustivel.create_cluster scheduled__2019-07-01T00:00:00+00:00 [queued]>
[2022-10-05 17:39:49,766] {taskinstance.py:1243} INFO - 
--------------------------------------------------------------------------------
[2022-10-05 17:39:49,771] {taskinstance.py:1244} INFO - Starting attempt 1 of 1
[2022-10-05 17:39:49,776] {taskinstance.py:1245} INFO - 
--------------------------------------------------------------------------------
[2022-10-05 17:39:49,811] {taskinstance.py:1264} INFO - Executing <Task(DataprocCreateClusterOperator): create_cluster> on 2019-07-01 00:00:00+00:00
[2022-10-05 17:39:49,827] {standard_task_runner.py:52} INFO - Started process 22229 to run task
[2022-10-05 17:39:49,834] {standard_task_runner.py:76} INFO - Running: ['***', 'tasks', 'run', 'dag_combustivel', 'create_cluster', 'scheduled__2019-07-01T00:00:00+00:00', '--job-id', '99', '--raw', '--subdir', 'DAGS_FOLDER/dag_combustive.py', '--cfg-path', '/tmp/tmp86ibl31g', '--error-file', '/tmp/tmpwtqe4i7u']
[2022-10-05 17:39:49,836] {standard_task_runner.py:77} INFO - Job 99: Subtask create_cluster
[2022-10-05 17:39:49,948] {logging_mixin.py:109} INFO - Running <TaskInstance: dag_combustivel.create_cluster scheduled__2019-07-01T00:00:00+00:00 [running]> on host 1445d51ba90b
[2022-10-05 17:39:50,138] {taskinstance.py:1431} INFO - Exporting the following env vars:
AIRFLOW_CTX_DAG_OWNER=***
AIRFLOW_CTX_DAG_ID=dag_combustivel
AIRFLOW_CTX_TASK_ID=create_cluster
AIRFLOW_CTX_EXECUTION_DATE=2019-07-01T00:00:00+00:00
AIRFLOW_CTX_DAG_RUN_ID=scheduled__2019-07-01T00:00:00+00:00
[2022-10-05 17:39:50,141] {dataproc.py:625} INFO - Creating cluster: dataproc-cluster-stack-data-pipeline01
[2022-10-05 17:43:06,124] {dataproc.py:569} INFO - Cluster created.
[2022-10-05 17:43:06,196] {taskinstance.py:1282} INFO - Marking task as SUCCESS. dag_id=dag_combustivel, task_id=create_cluster, execution_date=20190701T000000, start_date=20221005T173949, end_date=20221005T174306
[2022-10-05 17:43:06,280] {local_task_job.py:154} INFO - Task exited with return code 0
[2022-10-05 17:43:06,384] {local_task_job.py:264} INFO - 0 downstream tasks scheduled from follow-on schedule check
