[2022-10-05 17:05:49,636] {taskinstance.py:1037} INFO - Dependencies all met for <TaskInstance: dag_combustivel.create_cluster scheduled__2017-01-01T00:00:00+00:00 [queued]>
[2022-10-05 17:05:49,645] {taskinstance.py:1037} INFO - Dependencies all met for <TaskInstance: dag_combustivel.create_cluster scheduled__2017-01-01T00:00:00+00:00 [queued]>
[2022-10-05 17:05:49,646] {taskinstance.py:1243} INFO - 
--------------------------------------------------------------------------------
[2022-10-05 17:05:49,647] {taskinstance.py:1244} INFO - Starting attempt 2 of 2
[2022-10-05 17:05:49,648] {taskinstance.py:1245} INFO - 
--------------------------------------------------------------------------------
[2022-10-05 17:05:49,660] {taskinstance.py:1264} INFO - Executing <Task(DataprocCreateClusterOperator): create_cluster> on 2017-01-01 00:00:00+00:00
[2022-10-05 17:05:49,666] {standard_task_runner.py:52} INFO - Started process 20607 to run task
[2022-10-05 17:05:49,670] {standard_task_runner.py:76} INFO - Running: ['***', 'tasks', 'run', 'dag_combustivel', 'create_cluster', 'scheduled__2017-01-01T00:00:00+00:00', '--job-id', '75', '--raw', '--subdir', 'DAGS_FOLDER/dag_combustive.py', '--cfg-path', '/tmp/tmpnkfzrppr', '--error-file', '/tmp/tmpu3yq5a_5']
[2022-10-05 17:05:49,672] {standard_task_runner.py:77} INFO - Job 75: Subtask create_cluster
[2022-10-05 17:05:49,740] {logging_mixin.py:109} INFO - Running <TaskInstance: dag_combustivel.create_cluster scheduled__2017-01-01T00:00:00+00:00 [running]> on host 1445d51ba90b
[2022-10-05 17:05:49,799] {taskinstance.py:1431} INFO - Exporting the following env vars:
AIRFLOW_CTX_DAG_OWNER=***
AIRFLOW_CTX_DAG_ID=dag_combustivel
AIRFLOW_CTX_TASK_ID=create_cluster
AIRFLOW_CTX_EXECUTION_DATE=2017-01-01T00:00:00+00:00
AIRFLOW_CTX_DAG_RUN_ID=scheduled__2017-01-01T00:00:00+00:00
[2022-10-05 17:05:49,801] {dataproc.py:625} INFO - Creating cluster: dataproc-cluster-stack-data-pipeline01
[2022-10-05 17:09:09,416] {dataproc.py:569} INFO - Cluster created.
[2022-10-05 17:09:09,451] {taskinstance.py:1282} INFO - Marking task as SUCCESS. dag_id=dag_combustivel, task_id=create_cluster, execution_date=20170101T000000, start_date=20221005T170549, end_date=20221005T170909
[2022-10-05 17:09:09,493] {local_task_job.py:154} INFO - Task exited with return code 0
[2022-10-05 17:09:09,533] {local_task_job.py:264} INFO - 1 downstream tasks scheduled from follow-on schedule check
