[2022-10-05 22:44:21,055] {taskinstance.py:1037} INFO - Dependencies all met for <TaskInstance: dag_combustivel.create_cluster scheduled__2017-01-01T00:00:00+00:00 [queued]>
[2022-10-05 22:44:21,075] {taskinstance.py:1037} INFO - Dependencies all met for <TaskInstance: dag_combustivel.create_cluster scheduled__2017-01-01T00:00:00+00:00 [queued]>
[2022-10-05 22:44:21,076] {taskinstance.py:1243} INFO - 
--------------------------------------------------------------------------------
[2022-10-05 22:44:21,077] {taskinstance.py:1244} INFO - Starting attempt 4 of 4
[2022-10-05 22:44:21,077] {taskinstance.py:1245} INFO - 
--------------------------------------------------------------------------------
[2022-10-05 22:44:21,090] {taskinstance.py:1264} INFO - Executing <Task(DataprocCreateClusterOperator): create_cluster> on 2017-01-01 00:00:00+00:00
[2022-10-05 22:44:21,096] {standard_task_runner.py:52} INFO - Started process 5657 to run task
[2022-10-05 22:44:21,102] {standard_task_runner.py:76} INFO - Running: ['***', 'tasks', 'run', 'dag_combustivel', 'create_cluster', 'scheduled__2017-01-01T00:00:00+00:00', '--job-id', '146', '--raw', '--subdir', 'DAGS_FOLDER/dag_combustive.py', '--cfg-path', '/tmp/tmpd95hotx8', '--error-file', '/tmp/tmpjq6dc87e']
[2022-10-05 22:44:21,104] {standard_task_runner.py:77} INFO - Job 146: Subtask create_cluster
[2022-10-05 22:44:21,181] {logging_mixin.py:109} INFO - Running <TaskInstance: dag_combustivel.create_cluster scheduled__2017-01-01T00:00:00+00:00 [running]> on host 1445d51ba90b
[2022-10-05 22:44:21,246] {taskinstance.py:1431} INFO - Exporting the following env vars:
AIRFLOW_CTX_DAG_OWNER=***
AIRFLOW_CTX_DAG_ID=dag_combustivel
AIRFLOW_CTX_TASK_ID=create_cluster
AIRFLOW_CTX_EXECUTION_DATE=2017-01-01T00:00:00+00:00
AIRFLOW_CTX_DAG_RUN_ID=scheduled__2017-01-01T00:00:00+00:00
[2022-10-05 22:44:21,247] {dataproc.py:625} INFO - Creating cluster: stack-data-pipeline
[2022-10-05 22:47:35,129] {dataproc.py:569} INFO - Cluster created.
[2022-10-05 22:47:35,158] {taskinstance.py:1282} INFO - Marking task as SUCCESS. dag_id=dag_combustivel, task_id=create_cluster, execution_date=20170101T000000, start_date=20221005T224421, end_date=20221005T224735
[2022-10-05 22:47:35,212] {local_task_job.py:154} INFO - Task exited with return code 0
[2022-10-05 22:47:35,254] {local_task_job.py:264} INFO - 1 downstream tasks scheduled from follow-on schedule check
