[2022-11-16 21:10:13,359] {taskinstance.py:1037} INFO - Dependencies all met for <TaskInstance: dag_combustivel.create_cluster manual__2022-11-16T21:07:34.027357+00:00 [queued]>
[2022-11-16 21:10:13,376] {taskinstance.py:1037} INFO - Dependencies all met for <TaskInstance: dag_combustivel.create_cluster manual__2022-11-16T21:07:34.027357+00:00 [queued]>
[2022-11-16 21:10:13,377] {taskinstance.py:1243} INFO - 
--------------------------------------------------------------------------------
[2022-11-16 21:10:13,378] {taskinstance.py:1244} INFO - Starting attempt 1 of 1
[2022-11-16 21:10:13,378] {taskinstance.py:1245} INFO - 
--------------------------------------------------------------------------------
[2022-11-16 21:10:13,402] {taskinstance.py:1264} INFO - Executing <Task(DataprocCreateClusterOperator): create_cluster> on 2022-11-16 21:07:34.027357+00:00
[2022-11-16 21:10:13,410] {standard_task_runner.py:52} INFO - Started process 697 to run task
[2022-11-16 21:10:13,416] {standard_task_runner.py:76} INFO - Running: ['***', 'tasks', 'run', 'dag_combustivel', 'create_cluster', 'manual__2022-11-16T21:07:34.027357+00:00', '--job-id', '13', '--raw', '--subdir', 'DAGS_FOLDER/dag_combustivel.py', '--cfg-path', '/tmp/tmpm23mma8_', '--error-file', '/tmp/tmpdi6p27ef']
[2022-11-16 21:10:13,418] {standard_task_runner.py:77} INFO - Job 13: Subtask create_cluster
[2022-11-16 21:10:13,527] {logging_mixin.py:109} INFO - Running <TaskInstance: dag_combustivel.create_cluster manual__2022-11-16T21:07:34.027357+00:00 [running]> on host b2a62e76b908
[2022-11-16 21:10:13,613] {taskinstance.py:1431} INFO - Exporting the following env vars:
AIRFLOW_CTX_DAG_OWNER=***
AIRFLOW_CTX_DAG_ID=dag_combustivel
AIRFLOW_CTX_TASK_ID=create_cluster
AIRFLOW_CTX_EXECUTION_DATE=2022-11-16T21:07:34.027357+00:00
AIRFLOW_CTX_DAG_RUN_ID=manual__2022-11-16T21:07:34.027357+00:00
[2022-11-16 21:10:13,615] {dataproc.py:625} INFO - Creating cluster: stack-gcp-datapipeline-clusters
[2022-11-16 21:10:16,849] {dataproc.py:643} INFO - Cluster already exists.
[2022-11-16 21:10:18,205] {taskinstance.py:1282} INFO - Marking task as SUCCESS. dag_id=dag_combustivel, task_id=create_cluster, execution_date=20221116T210734, start_date=20221116T211013, end_date=20221116T211018
[2022-11-16 21:10:18,252] {local_task_job.py:154} INFO - Task exited with return code 0
[2022-11-16 21:10:18,310] {local_task_job.py:264} INFO - 1 downstream tasks scheduled from follow-on schedule check
