[2022-11-16 21:12:35,112] {taskinstance.py:1037} INFO - Dependencies all met for <TaskInstance: dag_combustivel.create_cluster manual__2022-11-16T21:07:34.027357+00:00 [None]>
[2022-11-16 21:12:35,128] {taskinstance.py:1037} INFO - Dependencies all met for <TaskInstance: dag_combustivel.create_cluster manual__2022-11-16T21:07:34.027357+00:00 [None]>
[2022-11-16 21:12:35,129] {taskinstance.py:1243} INFO - 
--------------------------------------------------------------------------------
[2022-11-16 21:12:35,129] {taskinstance.py:1244} INFO - Starting attempt 2 of 2
[2022-11-16 21:12:35,129] {taskinstance.py:1245} INFO - 
--------------------------------------------------------------------------------
[2022-11-16 21:12:35,153] {taskinstance.py:1264} INFO - Executing <Task(DataprocCreateClusterOperator): create_cluster> on 2022-11-16 21:07:34.027357+00:00
[2022-11-16 21:12:35,160] {standard_task_runner.py:52} INFO - Started process 791 to run task
[2022-11-16 21:12:35,165] {standard_task_runner.py:76} INFO - Running: ['***', 'tasks', 'run', 'dag_combustivel', 'create_cluster', 'manual__2022-11-16T21:07:34.027357+00:00', '--job-id', '16', '--pool', 'default_pool', '--raw', '--subdir', 'DAGS_FOLDER/dag_combustivel.py', '--cfg-path', '/tmp/tmphissfknb', '--error-file', '/tmp/tmp1y918c2u']
[2022-11-16 21:12:35,166] {standard_task_runner.py:77} INFO - Job 16: Subtask create_cluster
[2022-11-16 21:12:35,248] {logging_mixin.py:109} INFO - Running <TaskInstance: dag_combustivel.create_cluster manual__2022-11-16T21:07:34.027357+00:00 [running]> on host b2a62e76b908
[2022-11-16 21:12:35,343] {taskinstance.py:1431} INFO - Exporting the following env vars:
AIRFLOW_CTX_DAG_OWNER=***
AIRFLOW_CTX_DAG_ID=dag_combustivel
AIRFLOW_CTX_TASK_ID=create_cluster
AIRFLOW_CTX_EXECUTION_DATE=2022-11-16T21:07:34.027357+00:00
AIRFLOW_CTX_DAG_RUN_ID=manual__2022-11-16T21:07:34.027357+00:00
[2022-11-16 21:12:35,345] {dataproc.py:625} INFO - Creating cluster: stack-gcp-datapipeline-clusters
[2022-11-16 21:16:00,111] {dataproc.py:569} INFO - Cluster created.
[2022-11-16 21:16:00,157] {taskinstance.py:1282} INFO - Marking task as SUCCESS. dag_id=dag_combustivel, task_id=create_cluster, execution_date=20221116T210734, start_date=20221116T211235, end_date=20221116T211600
[2022-11-16 21:16:00,214] {local_task_job.py:154} INFO - Task exited with return code 0
[2022-11-16 21:16:00,277] {local_task_job.py:264} INFO - 1 downstream tasks scheduled from follow-on schedule check
