[2022-10-05 17:16:03,709] {taskinstance.py:1037} INFO - Dependencies all met for <TaskInstance: dag_combustivel.get_op manual__2022-10-05T13:53:14.649144+00:00 [queued]>
[2022-10-05 17:16:03,724] {taskinstance.py:1037} INFO - Dependencies all met for <TaskInstance: dag_combustivel.get_op manual__2022-10-05T13:53:14.649144+00:00 [queued]>
[2022-10-05 17:16:03,725] {taskinstance.py:1243} INFO - 
--------------------------------------------------------------------------------
[2022-10-05 17:16:03,726] {taskinstance.py:1244} INFO - Starting attempt 2 of 2
[2022-10-05 17:16:03,727] {taskinstance.py:1245} INFO - 
--------------------------------------------------------------------------------
[2022-10-05 17:16:03,743] {taskinstance.py:1264} INFO - Executing <Task(SimpleHttpOperator): get_op> on 2022-10-05 13:53:14.649144+00:00
[2022-10-05 17:16:03,749] {standard_task_runner.py:52} INFO - Started process 21124 to run task
[2022-10-05 17:16:03,754] {standard_task_runner.py:76} INFO - Running: ['***', 'tasks', 'run', 'dag_combustivel', 'get_op', 'manual__2022-10-05T13:53:14.649144+00:00', '--job-id', '82', '--raw', '--subdir', 'DAGS_FOLDER/dag_combustive.py', '--cfg-path', '/tmp/tmpytwnhjvp', '--error-file', '/tmp/tmp9cxfkzny']
[2022-10-05 17:16:03,756] {standard_task_runner.py:77} INFO - Job 82: Subtask get_op
[2022-10-05 17:16:03,821] {logging_mixin.py:109} INFO - Running <TaskInstance: dag_combustivel.get_op manual__2022-10-05T13:53:14.649144+00:00 [running]> on host 1445d51ba90b
[2022-10-05 17:16:03,889] {taskinstance.py:1431} INFO - Exporting the following env vars:
AIRFLOW_CTX_DAG_OWNER=***
AIRFLOW_CTX_DAG_ID=dag_combustivel
AIRFLOW_CTX_TASK_ID=get_op
AIRFLOW_CTX_EXECUTION_DATE=2022-10-05T13:53:14.649144+00:00
AIRFLOW_CTX_DAG_RUN_ID=manual__2022-10-05T13:53:14.649144+00:00
[2022-10-05 17:16:03,890] {http.py:104} INFO - Calling HTTP method
[2022-10-05 17:16:03,903] {base.py:79} INFO - Using connection to: id: stack-data-pipeline01. Host: https://stack-data-pipeline01-v6sq26umdq-uc.a.run.app, Port: None, Schema: , Login: , Password: None, extra: {}
[2022-10-05 17:16:03,906] {http.py:129} INFO - Sending 'POST' to url: https://stack-data-pipeline01-v6sq26umdq-uc.a.run.app/download_combustivel
[2022-10-05 17:16:05,175] {taskinstance.py:1282} INFO - Marking task as SUCCESS. dag_id=dag_combustivel, task_id=get_op, execution_date=20221005T135314, start_date=20221005T171603, end_date=20221005T171605
[2022-10-05 17:16:05,208] {local_task_job.py:154} INFO - Task exited with return code 0
[2022-10-05 17:16:05,256] {local_task_job.py:264} INFO - 1 downstream tasks scheduled from follow-on schedule check
