[2022-10-06 01:00:24,186] {taskinstance.py:1037} INFO - Dependencies all met for <TaskInstance: dag_combustivel.get_op manual__2022-10-05T13:53:14.649144+00:00 [queued]>
[2022-10-06 01:00:24,202] {taskinstance.py:1037} INFO - Dependencies all met for <TaskInstance: dag_combustivel.get_op manual__2022-10-05T13:53:14.649144+00:00 [queued]>
[2022-10-06 01:00:24,204] {taskinstance.py:1243} INFO - 
--------------------------------------------------------------------------------
[2022-10-06 01:00:24,206] {taskinstance.py:1244} INFO - Starting attempt 3 of 3
[2022-10-06 01:00:24,207] {taskinstance.py:1245} INFO - 
--------------------------------------------------------------------------------
[2022-10-06 01:00:24,223] {taskinstance.py:1264} INFO - Executing <Task(SimpleHttpOperator): get_op> on 2022-10-05 13:53:14.649144+00:00
[2022-10-06 01:00:24,229] {standard_task_runner.py:52} INFO - Started process 10352 to run task
[2022-10-06 01:00:24,234] {standard_task_runner.py:76} INFO - Running: ['***', 'tasks', 'run', 'dag_combustivel', 'get_op', 'manual__2022-10-05T13:53:14.649144+00:00', '--job-id', '197', '--raw', '--subdir', 'DAGS_FOLDER/dag_combustive.py', '--cfg-path', '/tmp/tmpkdhanycs', '--error-file', '/tmp/tmp12bzna4m']
[2022-10-06 01:00:24,238] {standard_task_runner.py:77} INFO - Job 197: Subtask get_op
[2022-10-06 01:00:24,334] {logging_mixin.py:109} INFO - Running <TaskInstance: dag_combustivel.get_op manual__2022-10-05T13:53:14.649144+00:00 [running]> on host 1445d51ba90b
[2022-10-06 01:00:24,443] {taskinstance.py:1431} INFO - Exporting the following env vars:
AIRFLOW_CTX_DAG_OWNER=***
AIRFLOW_CTX_DAG_ID=dag_combustivel
AIRFLOW_CTX_TASK_ID=get_op
AIRFLOW_CTX_EXECUTION_DATE=2022-10-05T13:53:14.649144+00:00
AIRFLOW_CTX_DAG_RUN_ID=manual__2022-10-05T13:53:14.649144+00:00
[2022-10-06 01:00:24,445] {http.py:104} INFO - Calling HTTP method
[2022-10-06 01:00:24,460] {base.py:79} INFO - Using connection to: id: stack-data-pipeline01. Host: https://stack-data-pipeline01-v6sq26umdq-uc.a.run.app, Port: None, Schema: , Login: , Password: None, extra: {}
[2022-10-06 01:00:24,463] {http.py:129} INFO - Sending 'POST' to url: https://stack-data-pipeline01-v6sq26umdq-uc.a.run.app/download_combustivel
[2022-10-06 01:00:54,324] {taskinstance.py:1282} INFO - Marking task as SUCCESS. dag_id=dag_combustivel, task_id=get_op, execution_date=20221005T135314, start_date=20221006T010024, end_date=20221006T010054
[2022-10-06 01:05:17,785] {local_task_job.py:154} INFO - Task exited with return code 0
[2022-10-06 01:05:17,971] {local_task_job.py:264} INFO - 1 downstream tasks scheduled from follow-on schedule check
