[2022-09-30 12:32:24,766] {processor.py:163} INFO - Started process (PID=38) to work on /opt/airflow/dags/dag_combustive.py
[2022-09-30 12:32:24,771] {processor.py:642} INFO - Processing file /opt/airflow/dags/dag_combustive.py for tasks to queue
[2022-09-30 12:32:24,774] {logging_mixin.py:109} INFO - [2022-09-30 12:32:24,774] {dagbag.py:500} INFO - Filling up the DagBag from /opt/airflow/dags/dag_combustive.py
[2022-09-30 12:32:25,701] {processor.py:654} INFO - DAG(s) dict_keys(['dag_combustivel']) retrieved from /opt/airflow/dags/dag_combustive.py
[2022-09-30 12:32:33,385] {logging_mixin.py:109} INFO - [2022-09-30 12:32:33,385] {manager.py:496} INFO - Created Permission View: can edit on DAG:dag_combustivel
[2022-09-30 12:32:33,406] {logging_mixin.py:109} INFO - [2022-09-30 12:32:33,406] {manager.py:496} INFO - Created Permission View: can read on DAG:dag_combustivel
[2022-09-30 12:32:33,407] {logging_mixin.py:109} INFO - [2022-09-30 12:32:33,407] {dag.py:2398} INFO - Sync 1 DAGs
[2022-09-30 12:32:33,421] {logging_mixin.py:109} INFO - [2022-09-30 12:32:33,421] {dag.py:2417} INFO - Creating ORM DAG for dag_combustivel
[2022-09-30 12:32:33,442] {logging_mixin.py:109} INFO - [2022-09-30 12:32:33,442] {dag.py:2937} INFO - Setting next_dagrun for dag_combustivel to 2004-01-01T00:00:00+00:00
[2022-09-30 12:32:33,500] {processor.py:171} INFO - Processing /opt/airflow/dags/dag_combustive.py took 8.739 seconds
[2022-09-30 12:33:10,461] {processor.py:163} INFO - Started process (PID=218) to work on /opt/airflow/dags/dag_combustive.py
[2022-09-30 12:33:10,466] {processor.py:642} INFO - Processing file /opt/airflow/dags/dag_combustive.py for tasks to queue
[2022-09-30 12:33:10,470] {logging_mixin.py:109} INFO - [2022-09-30 12:33:10,469] {dagbag.py:500} INFO - Filling up the DagBag from /opt/airflow/dags/dag_combustive.py
[2022-09-30 12:33:11,411] {processor.py:654} INFO - DAG(s) dict_keys(['dag_combustivel']) retrieved from /opt/airflow/dags/dag_combustive.py
[2022-09-30 12:33:11,444] {logging_mixin.py:109} INFO - [2022-09-30 12:33:11,444] {dag.py:2398} INFO - Sync 1 DAGs
[2022-09-30 12:33:11,509] {logging_mixin.py:109} INFO - [2022-09-30 12:33:11,509] {dag.py:2937} INFO - Setting next_dagrun for dag_combustivel to 2004-01-01T00:00:00+00:00
[2022-09-30 12:33:11,535] {processor.py:171} INFO - Processing /opt/airflow/dags/dag_combustive.py took 1.083 seconds
[2022-09-30 12:33:42,345] {processor.py:163} INFO - Started process (PID=272) to work on /opt/airflow/dags/dag_combustive.py
[2022-09-30 12:33:42,347] {processor.py:642} INFO - Processing file /opt/airflow/dags/dag_combustive.py for tasks to queue
[2022-09-30 12:33:42,348] {logging_mixin.py:109} INFO - [2022-09-30 12:33:42,348] {dagbag.py:500} INFO - Filling up the DagBag from /opt/airflow/dags/dag_combustive.py
[2022-09-30 12:33:42,793] {processor.py:654} INFO - DAG(s) dict_keys(['dag_combustivel']) retrieved from /opt/airflow/dags/dag_combustive.py
[2022-09-30 12:33:42,812] {logging_mixin.py:109} INFO - [2022-09-30 12:33:42,812] {dag.py:2398} INFO - Sync 1 DAGs
[2022-09-30 12:33:42,838] {logging_mixin.py:109} INFO - [2022-09-30 12:33:42,837] {dag.py:2937} INFO - Setting next_dagrun for dag_combustivel to 2004-01-01T00:00:00+00:00
[2022-09-30 12:33:42,858] {processor.py:171} INFO - Processing /opt/airflow/dags/dag_combustive.py took 0.521 seconds
[2022-09-30 12:34:13,024] {processor.py:163} INFO - Started process (PID=325) to work on /opt/airflow/dags/dag_combustive.py
[2022-09-30 12:34:13,026] {processor.py:642} INFO - Processing file /opt/airflow/dags/dag_combustive.py for tasks to queue
[2022-09-30 12:34:13,028] {logging_mixin.py:109} INFO - [2022-09-30 12:34:13,028] {dagbag.py:500} INFO - Filling up the DagBag from /opt/airflow/dags/dag_combustive.py
[2022-09-30 12:34:13,466] {processor.py:654} INFO - DAG(s) dict_keys(['dag_combustivel']) retrieved from /opt/airflow/dags/dag_combustive.py
[2022-09-30 12:34:13,482] {logging_mixin.py:109} INFO - [2022-09-30 12:34:13,482] {dag.py:2398} INFO - Sync 1 DAGs
[2022-09-30 12:34:13,512] {logging_mixin.py:109} INFO - [2022-09-30 12:34:13,512] {dag.py:2937} INFO - Setting next_dagrun for dag_combustivel to 2004-01-01T00:00:00+00:00
[2022-09-30 12:34:13,532] {processor.py:171} INFO - Processing /opt/airflow/dags/dag_combustive.py took 0.513 seconds
[2022-09-30 12:34:43,957] {processor.py:163} INFO - Started process (PID=383) to work on /opt/airflow/dags/dag_combustive.py
[2022-09-30 12:34:43,960] {processor.py:642} INFO - Processing file /opt/airflow/dags/dag_combustive.py for tasks to queue
[2022-09-30 12:34:43,962] {logging_mixin.py:109} INFO - [2022-09-30 12:34:43,962] {dagbag.py:500} INFO - Filling up the DagBag from /opt/airflow/dags/dag_combustive.py
[2022-09-30 12:34:44,336] {processor.py:654} INFO - DAG(s) dict_keys(['dag_combustivel']) retrieved from /opt/airflow/dags/dag_combustive.py
[2022-09-30 12:34:44,353] {logging_mixin.py:109} INFO - [2022-09-30 12:34:44,352] {dag.py:2398} INFO - Sync 1 DAGs
[2022-09-30 12:34:44,371] {logging_mixin.py:109} INFO - [2022-09-30 12:34:44,371] {dag.py:2937} INFO - Setting next_dagrun for dag_combustivel to 2004-01-01T00:00:00+00:00
[2022-09-30 12:34:44,384] {processor.py:171} INFO - Processing /opt/airflow/dags/dag_combustive.py took 0.433 seconds
[2022-09-30 12:35:14,708] {processor.py:163} INFO - Started process (PID=434) to work on /opt/airflow/dags/dag_combustive.py
[2022-09-30 12:35:14,711] {processor.py:642} INFO - Processing file /opt/airflow/dags/dag_combustive.py for tasks to queue
[2022-09-30 12:35:14,712] {logging_mixin.py:109} INFO - [2022-09-30 12:35:14,712] {dagbag.py:500} INFO - Filling up the DagBag from /opt/airflow/dags/dag_combustive.py
[2022-09-30 12:35:14,999] {processor.py:654} INFO - DAG(s) dict_keys(['dag_combustivel']) retrieved from /opt/airflow/dags/dag_combustive.py
[2022-09-30 12:35:15,018] {logging_mixin.py:109} INFO - [2022-09-30 12:35:15,017] {dag.py:2398} INFO - Sync 1 DAGs
[2022-09-30 12:35:15,042] {logging_mixin.py:109} INFO - [2022-09-30 12:35:15,041] {dag.py:2937} INFO - Setting next_dagrun for dag_combustivel to 2004-01-01T00:00:00+00:00
[2022-09-30 12:35:15,060] {processor.py:171} INFO - Processing /opt/airflow/dags/dag_combustive.py took 0.356 seconds
[2022-09-30 12:35:45,176] {processor.py:163} INFO - Started process (PID=485) to work on /opt/airflow/dags/dag_combustive.py
[2022-09-30 12:35:45,178] {processor.py:642} INFO - Processing file /opt/airflow/dags/dag_combustive.py for tasks to queue
[2022-09-30 12:35:45,180] {logging_mixin.py:109} INFO - [2022-09-30 12:35:45,180] {dagbag.py:500} INFO - Filling up the DagBag from /opt/airflow/dags/dag_combustive.py
[2022-09-30 12:35:45,567] {processor.py:654} INFO - DAG(s) dict_keys(['dag_combustivel']) retrieved from /opt/airflow/dags/dag_combustive.py
[2022-09-30 12:35:45,640] {logging_mixin.py:109} INFO - [2022-09-30 12:35:45,640] {dag.py:2398} INFO - Sync 1 DAGs
[2022-09-30 12:35:45,671] {logging_mixin.py:109} INFO - [2022-09-30 12:35:45,671] {dag.py:2937} INFO - Setting next_dagrun for dag_combustivel to 2004-01-01T00:00:00+00:00
[2022-09-30 12:35:45,697] {processor.py:171} INFO - Processing /opt/airflow/dags/dag_combustive.py took 0.524 seconds
[2022-09-30 12:36:16,547] {processor.py:163} INFO - Started process (PID=549) to work on /opt/airflow/dags/dag_combustive.py
[2022-09-30 12:36:16,550] {processor.py:642} INFO - Processing file /opt/airflow/dags/dag_combustive.py for tasks to queue
[2022-09-30 12:36:16,551] {logging_mixin.py:109} INFO - [2022-09-30 12:36:16,551] {dagbag.py:500} INFO - Filling up the DagBag from /opt/airflow/dags/dag_combustive.py
[2022-09-30 12:36:16,781] {processor.py:654} INFO - DAG(s) dict_keys(['dag_combustivel']) retrieved from /opt/airflow/dags/dag_combustive.py
[2022-09-30 12:36:16,798] {logging_mixin.py:109} INFO - [2022-09-30 12:36:16,797] {dag.py:2398} INFO - Sync 1 DAGs
[2022-09-30 12:36:16,817] {logging_mixin.py:109} INFO - [2022-09-30 12:36:16,817] {dag.py:2937} INFO - Setting next_dagrun for dag_combustivel to 2004-01-01T00:00:00+00:00
[2022-09-30 12:36:16,831] {processor.py:171} INFO - Processing /opt/airflow/dags/dag_combustive.py took 0.290 seconds
[2022-09-30 12:36:47,487] {processor.py:163} INFO - Started process (PID=601) to work on /opt/airflow/dags/dag_combustive.py
[2022-09-30 12:36:47,490] {processor.py:642} INFO - Processing file /opt/airflow/dags/dag_combustive.py for tasks to queue
[2022-09-30 12:36:47,491] {logging_mixin.py:109} INFO - [2022-09-30 12:36:47,491] {dagbag.py:500} INFO - Filling up the DagBag from /opt/airflow/dags/dag_combustive.py
[2022-09-30 12:36:47,737] {processor.py:654} INFO - DAG(s) dict_keys(['dag_combustivel']) retrieved from /opt/airflow/dags/dag_combustive.py
[2022-09-30 12:36:47,749] {logging_mixin.py:109} INFO - [2022-09-30 12:36:47,749] {dag.py:2398} INFO - Sync 1 DAGs
[2022-09-30 12:36:47,765] {logging_mixin.py:109} INFO - [2022-09-30 12:36:47,765] {dag.py:2937} INFO - Setting next_dagrun for dag_combustivel to 2004-01-01T00:00:00+00:00
[2022-09-30 12:36:47,777] {processor.py:171} INFO - Processing /opt/airflow/dags/dag_combustive.py took 0.294 seconds
[2022-09-30 12:37:18,155] {processor.py:163} INFO - Started process (PID=661) to work on /opt/airflow/dags/dag_combustive.py
[2022-09-30 12:37:18,158] {processor.py:642} INFO - Processing file /opt/airflow/dags/dag_combustive.py for tasks to queue
[2022-09-30 12:37:18,160] {logging_mixin.py:109} INFO - [2022-09-30 12:37:18,160] {dagbag.py:500} INFO - Filling up the DagBag from /opt/airflow/dags/dag_combustive.py
[2022-09-30 12:37:18,402] {processor.py:654} INFO - DAG(s) dict_keys(['dag_combustivel']) retrieved from /opt/airflow/dags/dag_combustive.py
[2022-09-30 12:37:18,416] {logging_mixin.py:109} INFO - [2022-09-30 12:37:18,415] {dag.py:2398} INFO - Sync 1 DAGs
[2022-09-30 12:37:18,433] {logging_mixin.py:109} INFO - [2022-09-30 12:37:18,433] {dag.py:2937} INFO - Setting next_dagrun for dag_combustivel to 2004-01-01T00:00:00+00:00
[2022-09-30 12:37:18,449] {processor.py:171} INFO - Processing /opt/airflow/dags/dag_combustive.py took 0.299 seconds
[2022-09-30 12:37:48,662] {processor.py:163} INFO - Started process (PID=711) to work on /opt/airflow/dags/dag_combustive.py
[2022-09-30 12:37:48,664] {processor.py:642} INFO - Processing file /opt/airflow/dags/dag_combustive.py for tasks to queue
[2022-09-30 12:37:48,666] {logging_mixin.py:109} INFO - [2022-09-30 12:37:48,666] {dagbag.py:500} INFO - Filling up the DagBag from /opt/airflow/dags/dag_combustive.py
[2022-09-30 12:37:48,889] {processor.py:654} INFO - DAG(s) dict_keys(['dag_combustivel']) retrieved from /opt/airflow/dags/dag_combustive.py
[2022-09-30 12:37:48,909] {logging_mixin.py:109} INFO - [2022-09-30 12:37:48,908] {dag.py:2398} INFO - Sync 1 DAGs
[2022-09-30 12:37:48,931] {logging_mixin.py:109} INFO - [2022-09-30 12:37:48,931] {dag.py:2937} INFO - Setting next_dagrun for dag_combustivel to 2004-01-01T00:00:00+00:00
[2022-09-30 12:37:48,944] {processor.py:171} INFO - Processing /opt/airflow/dags/dag_combustive.py took 0.286 seconds
[2022-09-30 12:38:19,023] {processor.py:163} INFO - Started process (PID=763) to work on /opt/airflow/dags/dag_combustive.py
[2022-09-30 12:38:19,025] {processor.py:642} INFO - Processing file /opt/airflow/dags/dag_combustive.py for tasks to queue
[2022-09-30 12:38:19,027] {logging_mixin.py:109} INFO - [2022-09-30 12:38:19,027] {dagbag.py:500} INFO - Filling up the DagBag from /opt/airflow/dags/dag_combustive.py
[2022-09-30 12:38:19,272] {processor.py:654} INFO - DAG(s) dict_keys(['dag_combustivel']) retrieved from /opt/airflow/dags/dag_combustive.py
[2022-09-30 12:38:19,286] {logging_mixin.py:109} INFO - [2022-09-30 12:38:19,286] {dag.py:2398} INFO - Sync 1 DAGs
[2022-09-30 12:38:19,302] {logging_mixin.py:109} INFO - [2022-09-30 12:38:19,302] {dag.py:2937} INFO - Setting next_dagrun for dag_combustivel to 2004-01-01T00:00:00+00:00
[2022-09-30 12:38:19,313] {processor.py:171} INFO - Processing /opt/airflow/dags/dag_combustive.py took 0.295 seconds
[2022-09-30 12:38:49,744] {processor.py:163} INFO - Started process (PID=823) to work on /opt/airflow/dags/dag_combustive.py
[2022-09-30 12:38:49,747] {processor.py:642} INFO - Processing file /opt/airflow/dags/dag_combustive.py for tasks to queue
[2022-09-30 12:38:49,748] {logging_mixin.py:109} INFO - [2022-09-30 12:38:49,748] {dagbag.py:500} INFO - Filling up the DagBag from /opt/airflow/dags/dag_combustive.py
[2022-09-30 12:38:50,014] {processor.py:654} INFO - DAG(s) dict_keys(['dag_combustivel']) retrieved from /opt/airflow/dags/dag_combustive.py
[2022-09-30 12:38:50,032] {logging_mixin.py:109} INFO - [2022-09-30 12:38:50,032] {dag.py:2398} INFO - Sync 1 DAGs
[2022-09-30 12:38:50,052] {logging_mixin.py:109} INFO - [2022-09-30 12:38:50,052] {dag.py:2937} INFO - Setting next_dagrun for dag_combustivel to 2004-01-01T00:00:00+00:00
[2022-09-30 12:38:50,062] {processor.py:171} INFO - Processing /opt/airflow/dags/dag_combustive.py took 0.322 seconds
[2022-09-30 12:39:20,317] {processor.py:163} INFO - Started process (PID=874) to work on /opt/airflow/dags/dag_combustive.py
[2022-09-30 12:39:20,320] {processor.py:642} INFO - Processing file /opt/airflow/dags/dag_combustive.py for tasks to queue
[2022-09-30 12:39:20,321] {logging_mixin.py:109} INFO - [2022-09-30 12:39:20,321] {dagbag.py:500} INFO - Filling up the DagBag from /opt/airflow/dags/dag_combustive.py
[2022-09-30 12:39:20,573] {processor.py:654} INFO - DAG(s) dict_keys(['dag_combustivel']) retrieved from /opt/airflow/dags/dag_combustive.py
[2022-09-30 12:39:20,585] {logging_mixin.py:109} INFO - [2022-09-30 12:39:20,585] {dag.py:2398} INFO - Sync 1 DAGs
[2022-09-30 12:39:20,601] {logging_mixin.py:109} INFO - [2022-09-30 12:39:20,601] {dag.py:2937} INFO - Setting next_dagrun for dag_combustivel to 2004-01-01T00:00:00+00:00
[2022-09-30 12:39:20,611] {processor.py:171} INFO - Processing /opt/airflow/dags/dag_combustive.py took 0.297 seconds
[2022-09-30 12:39:50,716] {processor.py:163} INFO - Started process (PID=935) to work on /opt/airflow/dags/dag_combustive.py
[2022-09-30 12:39:50,719] {processor.py:642} INFO - Processing file /opt/airflow/dags/dag_combustive.py for tasks to queue
[2022-09-30 12:39:50,720] {logging_mixin.py:109} INFO - [2022-09-30 12:39:50,720] {dagbag.py:500} INFO - Filling up the DagBag from /opt/airflow/dags/dag_combustive.py
[2022-09-30 12:39:50,978] {processor.py:654} INFO - DAG(s) dict_keys(['dag_combustivel']) retrieved from /opt/airflow/dags/dag_combustive.py
[2022-09-30 12:39:50,999] {logging_mixin.py:109} INFO - [2022-09-30 12:39:50,998] {dag.py:2398} INFO - Sync 1 DAGs
[2022-09-30 12:39:51,017] {logging_mixin.py:109} INFO - [2022-09-30 12:39:51,016] {dag.py:2937} INFO - Setting next_dagrun for dag_combustivel to 2004-01-01T00:00:00+00:00
[2022-09-30 12:39:51,027] {processor.py:171} INFO - Processing /opt/airflow/dags/dag_combustive.py took 0.314 seconds
[2022-09-30 12:40:21,240] {processor.py:163} INFO - Started process (PID=985) to work on /opt/airflow/dags/dag_combustive.py
[2022-09-30 12:40:21,242] {processor.py:642} INFO - Processing file /opt/airflow/dags/dag_combustive.py for tasks to queue
[2022-09-30 12:40:21,243] {logging_mixin.py:109} INFO - [2022-09-30 12:40:21,243] {dagbag.py:500} INFO - Filling up the DagBag from /opt/airflow/dags/dag_combustive.py
[2022-09-30 12:40:21,470] {processor.py:654} INFO - DAG(s) dict_keys(['dag_combustivel']) retrieved from /opt/airflow/dags/dag_combustive.py
[2022-09-30 12:40:21,483] {logging_mixin.py:109} INFO - [2022-09-30 12:40:21,483] {dag.py:2398} INFO - Sync 1 DAGs
[2022-09-30 12:40:21,499] {logging_mixin.py:109} INFO - [2022-09-30 12:40:21,499] {dag.py:2937} INFO - Setting next_dagrun for dag_combustivel to 2004-01-01T00:00:00+00:00
[2022-09-30 12:40:21,510] {processor.py:171} INFO - Processing /opt/airflow/dags/dag_combustive.py took 0.273 seconds
[2022-09-30 12:40:52,254] {processor.py:163} INFO - Started process (PID=1045) to work on /opt/airflow/dags/dag_combustive.py
[2022-09-30 12:40:52,256] {processor.py:642} INFO - Processing file /opt/airflow/dags/dag_combustive.py for tasks to queue
[2022-09-30 12:40:52,258] {logging_mixin.py:109} INFO - [2022-09-30 12:40:52,258] {dagbag.py:500} INFO - Filling up the DagBag from /opt/airflow/dags/dag_combustive.py
[2022-09-30 12:40:52,546] {processor.py:654} INFO - DAG(s) dict_keys(['dag_combustivel']) retrieved from /opt/airflow/dags/dag_combustive.py
[2022-09-30 12:40:52,560] {logging_mixin.py:109} INFO - [2022-09-30 12:40:52,560] {dag.py:2398} INFO - Sync 1 DAGs
[2022-09-30 12:40:52,586] {logging_mixin.py:109} INFO - [2022-09-30 12:40:52,586] {dag.py:2937} INFO - Setting next_dagrun for dag_combustivel to 2004-01-01T00:00:00+00:00
[2022-09-30 12:40:52,608] {processor.py:171} INFO - Processing /opt/airflow/dags/dag_combustive.py took 0.357 seconds
[2022-09-30 12:41:23,633] {processor.py:163} INFO - Started process (PID=1096) to work on /opt/airflow/dags/dag_combustive.py
[2022-09-30 12:41:23,635] {processor.py:642} INFO - Processing file /opt/airflow/dags/dag_combustive.py for tasks to queue
[2022-09-30 12:41:23,637] {logging_mixin.py:109} INFO - [2022-09-30 12:41:23,637] {dagbag.py:500} INFO - Filling up the DagBag from /opt/airflow/dags/dag_combustive.py
[2022-09-30 12:41:23,868] {processor.py:654} INFO - DAG(s) dict_keys(['dag_combustivel']) retrieved from /opt/airflow/dags/dag_combustive.py
[2022-09-30 12:41:23,880] {logging_mixin.py:109} INFO - [2022-09-30 12:41:23,880] {dag.py:2398} INFO - Sync 1 DAGs
[2022-09-30 12:41:23,898] {logging_mixin.py:109} INFO - [2022-09-30 12:41:23,898] {dag.py:2937} INFO - Setting next_dagrun for dag_combustivel to 2004-01-01T00:00:00+00:00
[2022-09-30 12:41:23,909] {processor.py:171} INFO - Processing /opt/airflow/dags/dag_combustive.py took 0.283 seconds
[2022-09-30 12:41:54,008] {processor.py:163} INFO - Started process (PID=1148) to work on /opt/airflow/dags/dag_combustive.py
[2022-09-30 12:41:54,011] {processor.py:642} INFO - Processing file /opt/airflow/dags/dag_combustive.py for tasks to queue
[2022-09-30 12:41:54,013] {logging_mixin.py:109} INFO - [2022-09-30 12:41:54,013] {dagbag.py:500} INFO - Filling up the DagBag from /opt/airflow/dags/dag_combustive.py
[2022-09-30 12:41:54,247] {processor.py:654} INFO - DAG(s) dict_keys(['dag_combustivel']) retrieved from /opt/airflow/dags/dag_combustive.py
[2022-09-30 12:41:54,262] {logging_mixin.py:109} INFO - [2022-09-30 12:41:54,262] {dag.py:2398} INFO - Sync 1 DAGs
[2022-09-30 12:41:54,289] {logging_mixin.py:109} INFO - [2022-09-30 12:41:54,289] {dag.py:2937} INFO - Setting next_dagrun for dag_combustivel to 2004-01-01T00:00:00+00:00
[2022-09-30 12:41:54,303] {processor.py:171} INFO - Processing /opt/airflow/dags/dag_combustive.py took 0.302 seconds
[2022-09-30 12:42:24,352] {processor.py:163} INFO - Started process (PID=1211) to work on /opt/airflow/dags/dag_combustive.py
[2022-09-30 12:42:24,354] {processor.py:642} INFO - Processing file /opt/airflow/dags/dag_combustive.py for tasks to queue
[2022-09-30 12:42:24,355] {logging_mixin.py:109} INFO - [2022-09-30 12:42:24,355] {dagbag.py:500} INFO - Filling up the DagBag from /opt/airflow/dags/dag_combustive.py
[2022-09-30 12:42:24,634] {processor.py:654} INFO - DAG(s) dict_keys(['dag_combustivel']) retrieved from /opt/airflow/dags/dag_combustive.py
[2022-09-30 12:42:24,648] {logging_mixin.py:109} INFO - [2022-09-30 12:42:24,647] {dag.py:2398} INFO - Sync 1 DAGs
[2022-09-30 12:42:24,664] {logging_mixin.py:109} INFO - [2022-09-30 12:42:24,664] {dag.py:2937} INFO - Setting next_dagrun for dag_combustivel to 2004-01-01T00:00:00+00:00
[2022-09-30 12:42:24,675] {processor.py:171} INFO - Processing /opt/airflow/dags/dag_combustive.py took 0.329 seconds
[2022-09-30 12:42:55,686] {processor.py:163} INFO - Started process (PID=1261) to work on /opt/airflow/dags/dag_combustive.py
[2022-09-30 12:42:55,689] {processor.py:642} INFO - Processing file /opt/airflow/dags/dag_combustive.py for tasks to queue
[2022-09-30 12:42:55,690] {logging_mixin.py:109} INFO - [2022-09-30 12:42:55,690] {dagbag.py:500} INFO - Filling up the DagBag from /opt/airflow/dags/dag_combustive.py
[2022-09-30 12:42:55,916] {processor.py:654} INFO - DAG(s) dict_keys(['dag_combustivel']) retrieved from /opt/airflow/dags/dag_combustive.py
[2022-09-30 12:42:55,927] {logging_mixin.py:109} INFO - [2022-09-30 12:42:55,927] {dag.py:2398} INFO - Sync 1 DAGs
[2022-09-30 12:42:55,950] {logging_mixin.py:109} INFO - [2022-09-30 12:42:55,949] {dag.py:2937} INFO - Setting next_dagrun for dag_combustivel to 2004-01-01T00:00:00+00:00
[2022-09-30 12:42:55,967] {processor.py:171} INFO - Processing /opt/airflow/dags/dag_combustive.py took 0.286 seconds
[2022-09-30 12:43:26,672] {processor.py:163} INFO - Started process (PID=1322) to work on /opt/airflow/dags/dag_combustive.py
[2022-09-30 12:43:26,675] {processor.py:642} INFO - Processing file /opt/airflow/dags/dag_combustive.py for tasks to queue
[2022-09-30 12:43:26,677] {logging_mixin.py:109} INFO - [2022-09-30 12:43:26,676] {dagbag.py:500} INFO - Filling up the DagBag from /opt/airflow/dags/dag_combustive.py
[2022-09-30 12:43:26,902] {processor.py:654} INFO - DAG(s) dict_keys(['dag_combustivel']) retrieved from /opt/airflow/dags/dag_combustive.py
[2022-09-30 12:43:26,921] {logging_mixin.py:109} INFO - [2022-09-30 12:43:26,919] {dag.py:2398} INFO - Sync 1 DAGs
[2022-09-30 12:43:26,955] {logging_mixin.py:109} INFO - [2022-09-30 12:43:26,955] {dag.py:2937} INFO - Setting next_dagrun for dag_combustivel to 2004-01-01T00:00:00+00:00
[2022-09-30 12:43:26,969] {processor.py:171} INFO - Processing /opt/airflow/dags/dag_combustive.py took 0.303 seconds
[2022-09-30 12:43:57,004] {processor.py:163} INFO - Started process (PID=1373) to work on /opt/airflow/dags/dag_combustive.py
[2022-09-30 12:43:57,006] {processor.py:642} INFO - Processing file /opt/airflow/dags/dag_combustive.py for tasks to queue
[2022-09-30 12:43:57,007] {logging_mixin.py:109} INFO - [2022-09-30 12:43:57,007] {dagbag.py:500} INFO - Filling up the DagBag from /opt/airflow/dags/dag_combustive.py
[2022-09-30 12:43:57,228] {processor.py:654} INFO - DAG(s) dict_keys(['dag_combustivel']) retrieved from /opt/airflow/dags/dag_combustive.py
[2022-09-30 12:43:57,242] {logging_mixin.py:109} INFO - [2022-09-30 12:43:57,241] {dag.py:2398} INFO - Sync 1 DAGs
[2022-09-30 12:43:57,261] {logging_mixin.py:109} INFO - [2022-09-30 12:43:57,261] {dag.py:2937} INFO - Setting next_dagrun for dag_combustivel to 2004-01-01T00:00:00+00:00
[2022-09-30 12:43:57,273] {processor.py:171} INFO - Processing /opt/airflow/dags/dag_combustive.py took 0.274 seconds
[2022-09-30 12:44:28,297] {processor.py:163} INFO - Started process (PID=1433) to work on /opt/airflow/dags/dag_combustive.py
[2022-09-30 12:44:28,300] {processor.py:642} INFO - Processing file /opt/airflow/dags/dag_combustive.py for tasks to queue
[2022-09-30 12:44:28,302] {logging_mixin.py:109} INFO - [2022-09-30 12:44:28,302] {dagbag.py:500} INFO - Filling up the DagBag from /opt/airflow/dags/dag_combustive.py
[2022-09-30 12:44:28,536] {processor.py:654} INFO - DAG(s) dict_keys(['dag_combustivel']) retrieved from /opt/airflow/dags/dag_combustive.py
[2022-09-30 12:44:28,550] {logging_mixin.py:109} INFO - [2022-09-30 12:44:28,550] {dag.py:2398} INFO - Sync 1 DAGs
[2022-09-30 12:44:28,567] {logging_mixin.py:109} INFO - [2022-09-30 12:44:28,567] {dag.py:2937} INFO - Setting next_dagrun for dag_combustivel to 2004-01-01T00:00:00+00:00
[2022-09-30 12:44:28,578] {processor.py:171} INFO - Processing /opt/airflow/dags/dag_combustive.py took 0.286 seconds
[2022-09-30 12:44:58,620] {processor.py:163} INFO - Started process (PID=1485) to work on /opt/airflow/dags/dag_combustive.py
[2022-09-30 12:44:58,623] {processor.py:642} INFO - Processing file /opt/airflow/dags/dag_combustive.py for tasks to queue
[2022-09-30 12:44:58,624] {logging_mixin.py:109} INFO - [2022-09-30 12:44:58,624] {dagbag.py:500} INFO - Filling up the DagBag from /opt/airflow/dags/dag_combustive.py
[2022-09-30 12:44:58,858] {processor.py:654} INFO - DAG(s) dict_keys(['dag_combustivel']) retrieved from /opt/airflow/dags/dag_combustive.py
[2022-09-30 12:44:58,878] {logging_mixin.py:109} INFO - [2022-09-30 12:44:58,878] {dag.py:2398} INFO - Sync 1 DAGs
[2022-09-30 12:44:58,898] {logging_mixin.py:109} INFO - [2022-09-30 12:44:58,898] {dag.py:2937} INFO - Setting next_dagrun for dag_combustivel to 2004-01-01T00:00:00+00:00
[2022-09-30 12:44:58,920] {processor.py:171} INFO - Processing /opt/airflow/dags/dag_combustive.py took 0.304 seconds
[2022-09-30 12:45:29,109] {processor.py:163} INFO - Started process (PID=1545) to work on /opt/airflow/dags/dag_combustive.py
[2022-09-30 12:45:29,112] {processor.py:642} INFO - Processing file /opt/airflow/dags/dag_combustive.py for tasks to queue
[2022-09-30 12:45:29,114] {logging_mixin.py:109} INFO - [2022-09-30 12:45:29,113] {dagbag.py:500} INFO - Filling up the DagBag from /opt/airflow/dags/dag_combustive.py
[2022-09-30 12:45:29,377] {processor.py:654} INFO - DAG(s) dict_keys(['dag_combustivel']) retrieved from /opt/airflow/dags/dag_combustive.py
[2022-09-30 12:45:29,397] {logging_mixin.py:109} INFO - [2022-09-30 12:45:29,396] {dag.py:2398} INFO - Sync 1 DAGs
[2022-09-30 12:45:29,414] {logging_mixin.py:109} INFO - [2022-09-30 12:45:29,414] {dag.py:2937} INFO - Setting next_dagrun for dag_combustivel to 2004-01-01T00:00:00+00:00
[2022-09-30 12:45:29,423] {processor.py:171} INFO - Processing /opt/airflow/dags/dag_combustive.py took 0.319 seconds
[2022-09-30 12:45:59,529] {processor.py:163} INFO - Started process (PID=1599) to work on /opt/airflow/dags/dag_combustive.py
[2022-09-30 12:45:59,531] {processor.py:642} INFO - Processing file /opt/airflow/dags/dag_combustive.py for tasks to queue
[2022-09-30 12:45:59,532] {logging_mixin.py:109} INFO - [2022-09-30 12:45:59,532] {dagbag.py:500} INFO - Filling up the DagBag from /opt/airflow/dags/dag_combustive.py
[2022-09-30 12:45:59,749] {processor.py:654} INFO - DAG(s) dict_keys(['dag_combustivel']) retrieved from /opt/airflow/dags/dag_combustive.py
[2022-09-30 12:45:59,765] {logging_mixin.py:109} INFO - [2022-09-30 12:45:59,765] {dag.py:2398} INFO - Sync 1 DAGs
[2022-09-30 12:45:59,786] {logging_mixin.py:109} INFO - [2022-09-30 12:45:59,786] {dag.py:2937} INFO - Setting next_dagrun for dag_combustivel to 2004-01-01T00:00:00+00:00
[2022-09-30 12:45:59,797] {processor.py:171} INFO - Processing /opt/airflow/dags/dag_combustive.py took 0.271 seconds
[2022-09-30 12:46:29,939] {processor.py:163} INFO - Started process (PID=1656) to work on /opt/airflow/dags/dag_combustive.py
[2022-09-30 12:46:29,941] {processor.py:642} INFO - Processing file /opt/airflow/dags/dag_combustive.py for tasks to queue
[2022-09-30 12:46:29,943] {logging_mixin.py:109} INFO - [2022-09-30 12:46:29,943] {dagbag.py:500} INFO - Filling up the DagBag from /opt/airflow/dags/dag_combustive.py
[2022-09-30 12:46:30,178] {processor.py:654} INFO - DAG(s) dict_keys(['dag_combustivel']) retrieved from /opt/airflow/dags/dag_combustive.py
[2022-09-30 12:46:30,191] {logging_mixin.py:109} INFO - [2022-09-30 12:46:30,191] {dag.py:2398} INFO - Sync 1 DAGs
[2022-09-30 12:46:30,223] {logging_mixin.py:109} INFO - [2022-09-30 12:46:30,223] {dag.py:2937} INFO - Setting next_dagrun for dag_combustivel to 2004-01-01T00:00:00+00:00
[2022-09-30 12:46:30,242] {processor.py:171} INFO - Processing /opt/airflow/dags/dag_combustive.py took 0.307 seconds
[2022-09-30 12:47:00,454] {processor.py:163} INFO - Started process (PID=1708) to work on /opt/airflow/dags/dag_combustive.py
[2022-09-30 12:47:00,456] {processor.py:642} INFO - Processing file /opt/airflow/dags/dag_combustive.py for tasks to queue
[2022-09-30 12:47:00,460] {logging_mixin.py:109} INFO - [2022-09-30 12:47:00,459] {dagbag.py:500} INFO - Filling up the DagBag from /opt/airflow/dags/dag_combustive.py
[2022-09-30 12:47:00,704] {processor.py:654} INFO - DAG(s) dict_keys(['dag_combustivel']) retrieved from /opt/airflow/dags/dag_combustive.py
[2022-09-30 12:47:00,718] {logging_mixin.py:109} INFO - [2022-09-30 12:47:00,718] {dag.py:2398} INFO - Sync 1 DAGs
[2022-09-30 12:47:00,736] {logging_mixin.py:109} INFO - [2022-09-30 12:47:00,736] {dag.py:2937} INFO - Setting next_dagrun for dag_combustivel to 2004-01-01T00:00:00+00:00
[2022-09-30 12:47:00,750] {processor.py:171} INFO - Processing /opt/airflow/dags/dag_combustive.py took 0.301 seconds
[2022-09-30 12:47:31,050] {processor.py:163} INFO - Started process (PID=1760) to work on /opt/airflow/dags/dag_combustive.py
[2022-09-30 12:47:31,053] {processor.py:642} INFO - Processing file /opt/airflow/dags/dag_combustive.py for tasks to queue
[2022-09-30 12:47:31,059] {logging_mixin.py:109} INFO - [2022-09-30 12:47:31,059] {dagbag.py:500} INFO - Filling up the DagBag from /opt/airflow/dags/dag_combustive.py
[2022-09-30 12:47:31,430] {processor.py:654} INFO - DAG(s) dict_keys(['dag_combustivel']) retrieved from /opt/airflow/dags/dag_combustive.py
[2022-09-30 12:47:31,442] {logging_mixin.py:109} INFO - [2022-09-30 12:47:31,442] {dag.py:2398} INFO - Sync 1 DAGs
[2022-09-30 12:47:31,459] {logging_mixin.py:109} INFO - [2022-09-30 12:47:31,459] {dag.py:2937} INFO - Setting next_dagrun for dag_combustivel to 2004-01-01T00:00:00+00:00
[2022-09-30 12:47:31,469] {processor.py:171} INFO - Processing /opt/airflow/dags/dag_combustive.py took 0.427 seconds
[2022-09-30 12:48:01,641] {processor.py:163} INFO - Started process (PID=1820) to work on /opt/airflow/dags/dag_combustive.py
[2022-09-30 12:48:01,644] {processor.py:642} INFO - Processing file /opt/airflow/dags/dag_combustive.py for tasks to queue
[2022-09-30 12:48:01,645] {logging_mixin.py:109} INFO - [2022-09-30 12:48:01,645] {dagbag.py:500} INFO - Filling up the DagBag from /opt/airflow/dags/dag_combustive.py
[2022-09-30 12:48:01,875] {processor.py:654} INFO - DAG(s) dict_keys(['dag_combustivel']) retrieved from /opt/airflow/dags/dag_combustive.py
[2022-09-30 12:48:01,887] {logging_mixin.py:109} INFO - [2022-09-30 12:48:01,887] {dag.py:2398} INFO - Sync 1 DAGs
[2022-09-30 12:48:01,905] {logging_mixin.py:109} INFO - [2022-09-30 12:48:01,905] {dag.py:2937} INFO - Setting next_dagrun for dag_combustivel to 2004-01-01T00:00:00+00:00
[2022-09-30 12:48:01,916] {processor.py:171} INFO - Processing /opt/airflow/dags/dag_combustive.py took 0.282 seconds
[2022-09-30 12:48:32,153] {processor.py:163} INFO - Started process (PID=1872) to work on /opt/airflow/dags/dag_combustive.py
[2022-09-30 12:48:32,156] {processor.py:642} INFO - Processing file /opt/airflow/dags/dag_combustive.py for tasks to queue
[2022-09-30 12:48:32,158] {logging_mixin.py:109} INFO - [2022-09-30 12:48:32,158] {dagbag.py:500} INFO - Filling up the DagBag from /opt/airflow/dags/dag_combustive.py
[2022-09-30 12:48:32,395] {processor.py:654} INFO - DAG(s) dict_keys(['dag_combustivel']) retrieved from /opt/airflow/dags/dag_combustive.py
[2022-09-30 12:48:32,410] {logging_mixin.py:109} INFO - [2022-09-30 12:48:32,410] {dag.py:2398} INFO - Sync 1 DAGs
[2022-09-30 12:48:32,430] {logging_mixin.py:109} INFO - [2022-09-30 12:48:32,430] {dag.py:2937} INFO - Setting next_dagrun for dag_combustivel to 2004-01-01T00:00:00+00:00
[2022-09-30 12:48:32,444] {processor.py:171} INFO - Processing /opt/airflow/dags/dag_combustive.py took 0.295 seconds
[2022-09-30 12:49:02,540] {processor.py:163} INFO - Started process (PID=1933) to work on /opt/airflow/dags/dag_combustive.py
[2022-09-30 12:49:02,544] {processor.py:642} INFO - Processing file /opt/airflow/dags/dag_combustive.py for tasks to queue
[2022-09-30 12:49:02,545] {logging_mixin.py:109} INFO - [2022-09-30 12:49:02,545] {dagbag.py:500} INFO - Filling up the DagBag from /opt/airflow/dags/dag_combustive.py
[2022-09-30 12:49:02,789] {processor.py:654} INFO - DAG(s) dict_keys(['dag_combustivel']) retrieved from /opt/airflow/dags/dag_combustive.py
[2022-09-30 12:49:02,805] {logging_mixin.py:109} INFO - [2022-09-30 12:49:02,805] {dag.py:2398} INFO - Sync 1 DAGs
[2022-09-30 12:49:02,824] {logging_mixin.py:109} INFO - [2022-09-30 12:49:02,824] {dag.py:2937} INFO - Setting next_dagrun for dag_combustivel to 2004-01-01T00:00:00+00:00
[2022-09-30 12:49:02,838] {processor.py:171} INFO - Processing /opt/airflow/dags/dag_combustive.py took 0.301 seconds
[2022-09-30 12:49:32,915] {processor.py:163} INFO - Started process (PID=1984) to work on /opt/airflow/dags/dag_combustive.py
[2022-09-30 12:49:32,918] {processor.py:642} INFO - Processing file /opt/airflow/dags/dag_combustive.py for tasks to queue
[2022-09-30 12:49:32,919] {logging_mixin.py:109} INFO - [2022-09-30 12:49:32,919] {dagbag.py:500} INFO - Filling up the DagBag from /opt/airflow/dags/dag_combustive.py
[2022-09-30 12:49:33,140] {processor.py:654} INFO - DAG(s) dict_keys(['dag_combustivel']) retrieved from /opt/airflow/dags/dag_combustive.py
[2022-09-30 12:49:33,153] {logging_mixin.py:109} INFO - [2022-09-30 12:49:33,153] {dag.py:2398} INFO - Sync 1 DAGs
[2022-09-30 12:49:33,169] {logging_mixin.py:109} INFO - [2022-09-30 12:49:33,169] {dag.py:2937} INFO - Setting next_dagrun for dag_combustivel to 2004-01-01T00:00:00+00:00
[2022-09-30 12:49:33,179] {processor.py:171} INFO - Processing /opt/airflow/dags/dag_combustive.py took 0.269 seconds
[2022-09-30 12:50:03,352] {processor.py:163} INFO - Started process (PID=2045) to work on /opt/airflow/dags/dag_combustive.py
[2022-09-30 12:50:03,354] {processor.py:642} INFO - Processing file /opt/airflow/dags/dag_combustive.py for tasks to queue
[2022-09-30 12:50:03,356] {logging_mixin.py:109} INFO - [2022-09-30 12:50:03,356] {dagbag.py:500} INFO - Filling up the DagBag from /opt/airflow/dags/dag_combustive.py
[2022-09-30 12:50:03,574] {processor.py:654} INFO - DAG(s) dict_keys(['dag_combustivel']) retrieved from /opt/airflow/dags/dag_combustive.py
[2022-09-30 12:50:03,586] {logging_mixin.py:109} INFO - [2022-09-30 12:50:03,585] {dag.py:2398} INFO - Sync 1 DAGs
[2022-09-30 12:50:03,602] {logging_mixin.py:109} INFO - [2022-09-30 12:50:03,602] {dag.py:2937} INFO - Setting next_dagrun for dag_combustivel to 2004-01-01T00:00:00+00:00
[2022-09-30 12:50:03,614] {processor.py:171} INFO - Processing /opt/airflow/dags/dag_combustive.py took 0.269 seconds
[2022-09-30 12:50:33,796] {processor.py:163} INFO - Started process (PID=2096) to work on /opt/airflow/dags/dag_combustive.py
[2022-09-30 12:50:33,798] {processor.py:642} INFO - Processing file /opt/airflow/dags/dag_combustive.py for tasks to queue
[2022-09-30 12:50:33,799] {logging_mixin.py:109} INFO - [2022-09-30 12:50:33,799] {dagbag.py:500} INFO - Filling up the DagBag from /opt/airflow/dags/dag_combustive.py
[2022-09-30 12:50:34,034] {processor.py:654} INFO - DAG(s) dict_keys(['dag_combustivel']) retrieved from /opt/airflow/dags/dag_combustive.py
[2022-09-30 12:50:34,049] {logging_mixin.py:109} INFO - [2022-09-30 12:50:34,049] {dag.py:2398} INFO - Sync 1 DAGs
[2022-09-30 12:50:34,071] {logging_mixin.py:109} INFO - [2022-09-30 12:50:34,071] {dag.py:2937} INFO - Setting next_dagrun for dag_combustivel to 2004-01-01T00:00:00+00:00
[2022-09-30 12:50:34,086] {processor.py:171} INFO - Processing /opt/airflow/dags/dag_combustive.py took 0.293 seconds
[2022-09-30 12:51:04,231] {processor.py:163} INFO - Started process (PID=2157) to work on /opt/airflow/dags/dag_combustive.py
[2022-09-30 12:51:04,238] {processor.py:642} INFO - Processing file /opt/airflow/dags/dag_combustive.py for tasks to queue
[2022-09-30 12:51:04,248] {logging_mixin.py:109} INFO - [2022-09-30 12:51:04,248] {dagbag.py:500} INFO - Filling up the DagBag from /opt/airflow/dags/dag_combustive.py
[2022-09-30 12:51:04,598] {processor.py:654} INFO - DAG(s) dict_keys(['dag_combustivel']) retrieved from /opt/airflow/dags/dag_combustive.py
[2022-09-30 12:51:04,614] {logging_mixin.py:109} INFO - [2022-09-30 12:51:04,613] {dag.py:2398} INFO - Sync 1 DAGs
[2022-09-30 12:51:04,633] {logging_mixin.py:109} INFO - [2022-09-30 12:51:04,633] {dag.py:2937} INFO - Setting next_dagrun for dag_combustivel to 2004-01-01T00:00:00+00:00
[2022-09-30 12:51:04,648] {processor.py:171} INFO - Processing /opt/airflow/dags/dag_combustive.py took 0.421 seconds
[2022-09-30 12:51:35,230] {processor.py:163} INFO - Started process (PID=2209) to work on /opt/airflow/dags/dag_combustive.py
[2022-09-30 12:51:35,234] {processor.py:642} INFO - Processing file /opt/airflow/dags/dag_combustive.py for tasks to queue
[2022-09-30 12:51:35,240] {logging_mixin.py:109} INFO - [2022-09-30 12:51:35,239] {dagbag.py:500} INFO - Filling up the DagBag from /opt/airflow/dags/dag_combustive.py
[2022-09-30 12:51:35,480] {processor.py:654} INFO - DAG(s) dict_keys(['dag_combustivel']) retrieved from /opt/airflow/dags/dag_combustive.py
[2022-09-30 12:51:35,492] {logging_mixin.py:109} INFO - [2022-09-30 12:51:35,492] {dag.py:2398} INFO - Sync 1 DAGs
[2022-09-30 12:51:35,509] {logging_mixin.py:109} INFO - [2022-09-30 12:51:35,509] {dag.py:2937} INFO - Setting next_dagrun for dag_combustivel to 2004-01-01T00:00:00+00:00
[2022-09-30 12:51:35,520] {processor.py:171} INFO - Processing /opt/airflow/dags/dag_combustive.py took 0.295 seconds
[2022-09-30 12:54:31,199] {processor.py:163} INFO - Started process (PID=2232) to work on /opt/airflow/dags/dag_combustive.py
[2022-09-30 12:54:31,202] {processor.py:642} INFO - Processing file /opt/airflow/dags/dag_combustive.py for tasks to queue
[2022-09-30 12:54:31,206] {logging_mixin.py:109} INFO - [2022-09-30 12:54:31,205] {dagbag.py:500} INFO - Filling up the DagBag from /opt/airflow/dags/dag_combustive.py
[2022-09-30 12:54:32,493] {processor.py:654} INFO - DAG(s) dict_keys(['dag_combustivel']) retrieved from /opt/airflow/dags/dag_combustive.py
[2022-09-30 12:54:32,541] {logging_mixin.py:109} INFO - [2022-09-30 12:54:32,541] {dag.py:2398} INFO - Sync 1 DAGs
[2022-09-30 12:54:32,624] {logging_mixin.py:109} INFO - [2022-09-30 12:54:32,624] {dag.py:2937} INFO - Setting next_dagrun for dag_combustivel to 2004-01-01T00:00:00+00:00
[2022-09-30 12:54:32,665] {processor.py:171} INFO - Processing /opt/airflow/dags/dag_combustive.py took 1.509 seconds
[2022-09-30 12:59:31,028] {processor.py:163} INFO - Started process (PID=2287) to work on /opt/airflow/dags/dag_combustive.py
[2022-09-30 12:59:31,036] {processor.py:642} INFO - Processing file /opt/airflow/dags/dag_combustive.py for tasks to queue
[2022-09-30 12:59:31,037] {logging_mixin.py:109} INFO - [2022-09-30 12:59:31,037] {dagbag.py:500} INFO - Filling up the DagBag from /opt/airflow/dags/dag_combustive.py
[2022-09-30 12:59:32,203] {processor.py:654} INFO - DAG(s) dict_keys(['dag_combustivel']) retrieved from /opt/airflow/dags/dag_combustive.py
[2022-09-30 12:59:32,244] {logging_mixin.py:109} INFO - [2022-09-30 12:59:32,244] {dag.py:2398} INFO - Sync 1 DAGs
[2022-09-30 12:59:32,295] {logging_mixin.py:109} INFO - [2022-09-30 12:59:32,295] {dag.py:2937} INFO - Setting next_dagrun for dag_combustivel to 2004-01-01T00:00:00+00:00
[2022-09-30 12:59:32,336] {processor.py:171} INFO - Processing /opt/airflow/dags/dag_combustive.py took 1.317 seconds
[2022-09-30 13:00:14,705] {processor.py:163} INFO - Started process (PID=2328) to work on /opt/airflow/dags/dag_combustive.py
[2022-09-30 13:00:15,924] {processor.py:642} INFO - Processing file /opt/airflow/dags/dag_combustive.py for tasks to queue
[2022-09-30 13:00:16,597] {logging_mixin.py:109} INFO - [2022-09-30 13:00:16,540] {dagbag.py:500} INFO - Filling up the DagBag from /opt/airflow/dags/dag_combustive.py
[2022-09-30 13:02:48,263] {logging_mixin.py:109} INFO - [2022-09-30 13:02:48,262] {timeout.py:36} ERROR - Process timed out, PID: 2328
[2022-09-30 13:02:49,737] {logging_mixin.py:109} WARNING - Exception ignored in: <function WeakKeyDictionary.__init__.<locals>.remove at 0x7f5451f9bd40>
[2022-09-30 13:02:49,758] {logging_mixin.py:109} WARNING - Traceback (most recent call last):
[2022-09-30 13:02:49,775] {logging_mixin.py:109} WARNING -   File "/usr/local/lib/python3.7/weakref.py", line 358, in remove
[2022-09-30 13:02:49,828] {logging_mixin.py:109} WARNING -     def remove(k, selfref=ref(self)):
[2022-09-30 13:02:49,865] {logging_mixin.py:109} WARNING -   File "/home/airflow/.local/lib/python3.7/site-packages/airflow/utils/timeout.py", line 37, in handle_timeout
[2022-09-30 13:02:49,902] {logging_mixin.py:109} WARNING -     raise AirflowTaskTimeout(self.error_message)
[2022-09-30 13:02:49,909] {logging_mixin.py:109} WARNING - airflow.exceptions.AirflowTaskTimeout: DagBag import timeout for /opt/airflow/dags/dag_combustive.py after 30.0s.
Please take a look at these docs to improve your DAG import time:
* https://airflow.apache.org/docs/apache-airflow/2.2.4/best-practices.html#top-level-python-code
* https://airflow.apache.org/docs/apache-airflow/2.2.4/best-practices.html#reducing-dag-complexity, PID: 2328
[2022-09-30 13:02:55,802] {processor.py:163} INFO - Started process (PID=2351) to work on /opt/airflow/dags/dag_combustive.py
[2022-09-30 13:02:55,845] {processor.py:642} INFO - Processing file /opt/airflow/dags/dag_combustive.py for tasks to queue
[2022-09-30 13:02:55,851] {logging_mixin.py:109} INFO - [2022-09-30 13:02:55,851] {dagbag.py:500} INFO - Filling up the DagBag from /opt/airflow/dags/dag_combustive.py
[2022-09-30 13:03:01,028] {processor.py:654} INFO - DAG(s) dict_keys(['dag_combustivel']) retrieved from /opt/airflow/dags/dag_combustive.py
[2022-09-30 13:03:01,072] {logging_mixin.py:109} INFO - [2022-09-30 13:03:01,072] {dag.py:2398} INFO - Sync 1 DAGs
[2022-09-30 13:03:01,131] {logging_mixin.py:109} INFO - [2022-09-30 13:03:01,130] {dag.py:2937} INFO - Setting next_dagrun for dag_combustivel to 2004-01-01T00:00:00+00:00
[2022-09-30 13:03:01,196] {processor.py:171} INFO - Processing /opt/airflow/dags/dag_combustive.py took 5.437 seconds
[2022-09-30 13:03:31,665] {processor.py:163} INFO - Started process (PID=2405) to work on /opt/airflow/dags/dag_combustive.py
[2022-09-30 13:03:31,667] {processor.py:642} INFO - Processing file /opt/airflow/dags/dag_combustive.py for tasks to queue
[2022-09-30 13:03:31,669] {logging_mixin.py:109} INFO - [2022-09-30 13:03:31,669] {dagbag.py:500} INFO - Filling up the DagBag from /opt/airflow/dags/dag_combustive.py
[2022-09-30 13:03:32,033] {processor.py:654} INFO - DAG(s) dict_keys(['dag_combustivel']) retrieved from /opt/airflow/dags/dag_combustive.py
[2022-09-30 13:03:32,043] {logging_mixin.py:109} INFO - [2022-09-30 13:03:32,043] {dag.py:2398} INFO - Sync 1 DAGs
[2022-09-30 13:03:32,057] {logging_mixin.py:109} INFO - [2022-09-30 13:03:32,057] {dag.py:2937} INFO - Setting next_dagrun for dag_combustivel to 2004-01-01T00:00:00+00:00
[2022-09-30 13:03:32,067] {processor.py:171} INFO - Processing /opt/airflow/dags/dag_combustive.py took 0.407 seconds
[2022-09-30 13:04:02,435] {processor.py:163} INFO - Started process (PID=2465) to work on /opt/airflow/dags/dag_combustive.py
[2022-09-30 13:04:02,441] {processor.py:642} INFO - Processing file /opt/airflow/dags/dag_combustive.py for tasks to queue
[2022-09-30 13:04:02,444] {logging_mixin.py:109} INFO - [2022-09-30 13:04:02,444] {dagbag.py:500} INFO - Filling up the DagBag from /opt/airflow/dags/dag_combustive.py
[2022-09-30 13:04:02,807] {processor.py:654} INFO - DAG(s) dict_keys(['dag_combustivel']) retrieved from /opt/airflow/dags/dag_combustive.py
[2022-09-30 13:04:02,817] {logging_mixin.py:109} INFO - [2022-09-30 13:04:02,817] {dag.py:2398} INFO - Sync 1 DAGs
[2022-09-30 13:04:02,831] {logging_mixin.py:109} INFO - [2022-09-30 13:04:02,831] {dag.py:2937} INFO - Setting next_dagrun for dag_combustivel to 2004-01-01T00:00:00+00:00
[2022-09-30 13:04:02,840] {processor.py:171} INFO - Processing /opt/airflow/dags/dag_combustive.py took 0.410 seconds
[2022-09-30 13:04:33,190] {processor.py:163} INFO - Started process (PID=2517) to work on /opt/airflow/dags/dag_combustive.py
[2022-09-30 13:04:33,192] {processor.py:642} INFO - Processing file /opt/airflow/dags/dag_combustive.py for tasks to queue
[2022-09-30 13:04:33,193] {logging_mixin.py:109} INFO - [2022-09-30 13:04:33,193] {dagbag.py:500} INFO - Filling up the DagBag from /opt/airflow/dags/dag_combustive.py
[2022-09-30 13:04:33,508] {processor.py:654} INFO - DAG(s) dict_keys(['dag_combustivel']) retrieved from /opt/airflow/dags/dag_combustive.py
[2022-09-30 13:04:33,518] {logging_mixin.py:109} INFO - [2022-09-30 13:04:33,517] {dag.py:2398} INFO - Sync 1 DAGs
[2022-09-30 13:04:33,531] {logging_mixin.py:109} INFO - [2022-09-30 13:04:33,531] {dag.py:2937} INFO - Setting next_dagrun for dag_combustivel to 2004-01-01T00:00:00+00:00
[2022-09-30 13:04:33,544] {processor.py:171} INFO - Processing /opt/airflow/dags/dag_combustive.py took 0.360 seconds
[2022-09-30 13:05:03,623] {processor.py:163} INFO - Started process (PID=2577) to work on /opt/airflow/dags/dag_combustive.py
[2022-09-30 13:05:03,626] {processor.py:642} INFO - Processing file /opt/airflow/dags/dag_combustive.py for tasks to queue
[2022-09-30 13:05:03,627] {logging_mixin.py:109} INFO - [2022-09-30 13:05:03,627] {dagbag.py:500} INFO - Filling up the DagBag from /opt/airflow/dags/dag_combustive.py
[2022-09-30 13:05:03,948] {processor.py:654} INFO - DAG(s) dict_keys(['dag_combustivel']) retrieved from /opt/airflow/dags/dag_combustive.py
[2022-09-30 13:05:03,958] {logging_mixin.py:109} INFO - [2022-09-30 13:05:03,958] {dag.py:2398} INFO - Sync 1 DAGs
[2022-09-30 13:05:03,976] {logging_mixin.py:109} INFO - [2022-09-30 13:05:03,976] {dag.py:2937} INFO - Setting next_dagrun for dag_combustivel to 2004-01-01T00:00:00+00:00
[2022-09-30 13:05:03,986] {processor.py:171} INFO - Processing /opt/airflow/dags/dag_combustive.py took 0.367 seconds
[2022-09-30 13:05:34,123] {processor.py:163} INFO - Started process (PID=2629) to work on /opt/airflow/dags/dag_combustive.py
[2022-09-30 13:05:34,126] {processor.py:642} INFO - Processing file /opt/airflow/dags/dag_combustive.py for tasks to queue
[2022-09-30 13:05:34,129] {logging_mixin.py:109} INFO - [2022-09-30 13:05:34,128] {dagbag.py:500} INFO - Filling up the DagBag from /opt/airflow/dags/dag_combustive.py
[2022-09-30 13:05:34,477] {processor.py:654} INFO - DAG(s) dict_keys(['dag_combustivel']) retrieved from /opt/airflow/dags/dag_combustive.py
[2022-09-30 13:05:34,488] {logging_mixin.py:109} INFO - [2022-09-30 13:05:34,488] {dag.py:2398} INFO - Sync 1 DAGs
[2022-09-30 13:05:34,501] {logging_mixin.py:109} INFO - [2022-09-30 13:05:34,501] {dag.py:2937} INFO - Setting next_dagrun for dag_combustivel to 2004-01-01T00:00:00+00:00
[2022-09-30 13:05:34,511] {processor.py:171} INFO - Processing /opt/airflow/dags/dag_combustive.py took 0.392 seconds
[2022-09-30 13:06:04,715] {processor.py:163} INFO - Started process (PID=2689) to work on /opt/airflow/dags/dag_combustive.py
[2022-09-30 13:06:04,719] {processor.py:642} INFO - Processing file /opt/airflow/dags/dag_combustive.py for tasks to queue
[2022-09-30 13:06:04,722] {logging_mixin.py:109} INFO - [2022-09-30 13:06:04,722] {dagbag.py:500} INFO - Filling up the DagBag from /opt/airflow/dags/dag_combustive.py
[2022-09-30 13:06:05,172] {processor.py:654} INFO - DAG(s) dict_keys(['dag_combustivel']) retrieved from /opt/airflow/dags/dag_combustive.py
[2022-09-30 13:06:05,191] {logging_mixin.py:109} INFO - [2022-09-30 13:06:05,191] {dag.py:2398} INFO - Sync 1 DAGs
[2022-09-30 13:06:05,208] {logging_mixin.py:109} INFO - [2022-09-30 13:06:05,208] {dag.py:2937} INFO - Setting next_dagrun for dag_combustivel to 2004-01-01T00:00:00+00:00
[2022-09-30 13:06:05,220] {processor.py:171} INFO - Processing /opt/airflow/dags/dag_combustive.py took 0.513 seconds
