[2022-11-16 21:02:34,010] {taskinstance.py:1037} INFO - Dependencies all met for <TaskInstance: example_gcs.list_buckets manual__2022-11-16T21:02:31.588580+00:00 [queued]>
[2022-11-16 21:02:34,038] {taskinstance.py:1037} INFO - Dependencies all met for <TaskInstance: example_gcs.list_buckets manual__2022-11-16T21:02:31.588580+00:00 [queued]>
[2022-11-16 21:02:34,039] {taskinstance.py:1243} INFO - 
--------------------------------------------------------------------------------
[2022-11-16 21:02:34,040] {taskinstance.py:1244} INFO - Starting attempt 1 of 1
[2022-11-16 21:02:34,040] {taskinstance.py:1245} INFO - 
--------------------------------------------------------------------------------
[2022-11-16 21:02:34,072] {taskinstance.py:1264} INFO - Executing <Task(GCSListObjectsOperator): list_buckets> on 2022-11-16 21:02:31.588580+00:00
[2022-11-16 21:02:34,081] {standard_task_runner.py:52} INFO - Started process 414 to run task
[2022-11-16 21:02:34,087] {standard_task_runner.py:76} INFO - Running: ['***', 'tasks', 'run', 'example_gcs', 'list_buckets', 'manual__2022-11-16T21:02:31.588580+00:00', '--job-id', '3', '--raw', '--subdir', 'DAGS_FOLDER/dag_teste.py', '--cfg-path', '/tmp/tmpp2xn2c3z', '--error-file', '/tmp/tmpc32xy0bx']
[2022-11-16 21:02:34,089] {standard_task_runner.py:77} INFO - Job 3: Subtask list_buckets
[2022-11-16 21:02:34,191] {logging_mixin.py:109} INFO - Running <TaskInstance: example_gcs.list_buckets manual__2022-11-16T21:02:31.588580+00:00 [running]> on host b2a62e76b908
[2022-11-16 21:02:34,267] {taskinstance.py:1431} INFO - Exporting the following env vars:
AIRFLOW_CTX_DAG_OWNER=***
AIRFLOW_CTX_DAG_ID=example_gcs
AIRFLOW_CTX_TASK_ID=list_buckets
AIRFLOW_CTX_EXECUTION_DATE=2022-11-16T21:02:31.588580+00:00
AIRFLOW_CTX_DAG_RUN_ID=manual__2022-11-16T21:02:31.588580+00:00
[2022-11-16 21:02:34,283] {gcs.py:259} INFO - Getting list of the files. Bucket: data-pipeline-stack-combustiveis-brasil-curated_08102022; Delimiter: None; Prefix: None
[2022-11-16 21:02:35,404] {taskinstance.py:1282} INFO - Marking task as SUCCESS. dag_id=example_gcs, task_id=list_buckets, execution_date=20221116T210231, start_date=20221116T210234, end_date=20221116T210235
[2022-11-16 21:02:35,469] {local_task_job.py:154} INFO - Task exited with return code 0
[2022-11-16 21:02:35,573] {local_task_job.py:264} INFO - 0 downstream tasks scheduled from follow-on schedule check
