[2022-11-02 00:51:39,256] {taskinstance.py:1037} INFO - Dependencies all met for <TaskInstance: dag_combustivel.pyspark_task scheduled__2004-07-01T00:00:00+00:00 [queued]>
[2022-11-02 00:51:39,275] {taskinstance.py:1037} INFO - Dependencies all met for <TaskInstance: dag_combustivel.pyspark_task scheduled__2004-07-01T00:00:00+00:00 [queued]>
[2022-11-02 00:51:39,277] {taskinstance.py:1243} INFO - 
--------------------------------------------------------------------------------
[2022-11-02 00:51:39,278] {taskinstance.py:1244} INFO - Starting attempt 1 of 1
[2022-11-02 00:51:39,278] {taskinstance.py:1245} INFO - 
--------------------------------------------------------------------------------
[2022-11-02 00:51:39,297] {taskinstance.py:1264} INFO - Executing <Task(DataprocSubmitJobOperator): pyspark_task> on 2004-07-01 00:00:00+00:00
[2022-11-02 00:51:39,303] {standard_task_runner.py:52} INFO - Started process 2978 to run task
[2022-11-02 00:51:39,309] {standard_task_runner.py:76} INFO - Running: ['***', 'tasks', 'run', 'dag_combustivel', 'pyspark_task', 'scheduled__2004-07-01T00:00:00+00:00', '--job-id', '235', '--raw', '--subdir', 'DAGS_FOLDER/dag_combustivel.py', '--cfg-path', '/tmp/tmp09l954d4', '--error-file', '/tmp/tmp9627uevr']
[2022-11-02 00:51:39,311] {standard_task_runner.py:77} INFO - Job 235: Subtask pyspark_task
[2022-11-02 00:51:39,410] {logging_mixin.py:109} INFO - Running <TaskInstance: dag_combustivel.pyspark_task scheduled__2004-07-01T00:00:00+00:00 [running]> on host 44262508447e
[2022-11-02 00:51:39,555] {taskinstance.py:1431} INFO - Exporting the following env vars:
AIRFLOW_CTX_DAG_OWNER=***
AIRFLOW_CTX_DAG_ID=dag_combustivel
AIRFLOW_CTX_TASK_ID=pyspark_task
AIRFLOW_CTX_EXECUTION_DATE=2004-07-01T00:00:00+00:00
AIRFLOW_CTX_DAG_RUN_ID=scheduled__2004-07-01T00:00:00+00:00
[2022-11-02 00:51:39,559] {dataproc.py:1878} INFO - Submitting job
[2022-11-02 00:51:40,697] {dataproc.py:1890} INFO - Job b72e4107-e26e-4fe8-928a-0d835fb1e193 submitted successfully.
[2022-11-02 00:51:40,716] {dataproc.py:1903} INFO - Waiting for job b72e4107-e26e-4fe8-928a-0d835fb1e193 to complete
[2022-11-02 00:52:57,835] {dataproc.py:1907} INFO - Job b72e4107-e26e-4fe8-928a-0d835fb1e193 completed successfully.
[2022-11-02 00:52:57,870] {taskinstance.py:1282} INFO - Marking task as SUCCESS. dag_id=dag_combustivel, task_id=pyspark_task, execution_date=20040701T000000, start_date=20221102T005139, end_date=20221102T005257
[2022-11-02 00:52:57,932] {local_task_job.py:154} INFO - Task exited with return code 0
[2022-11-02 00:52:57,981] {local_task_job.py:264} INFO - 1 downstream tasks scheduled from follow-on schedule check
