[2022-11-16 22:36:45,608] {taskinstance.py:1037} INFO - Dependencies all met for <TaskInstance: dag_combustivel.pyspark_task scheduled__2018-07-01T00:00:00+00:00 [queued]>
[2022-11-16 22:36:45,648] {taskinstance.py:1037} INFO - Dependencies all met for <TaskInstance: dag_combustivel.pyspark_task scheduled__2018-07-01T00:00:00+00:00 [queued]>
[2022-11-16 22:36:45,649] {taskinstance.py:1243} INFO - 
--------------------------------------------------------------------------------
[2022-11-16 22:36:45,650] {taskinstance.py:1244} INFO - Starting attempt 1 of 1
[2022-11-16 22:36:45,651] {taskinstance.py:1245} INFO - 
--------------------------------------------------------------------------------
[2022-11-16 22:36:45,676] {taskinstance.py:1264} INFO - Executing <Task(DataprocSubmitJobOperator): pyspark_task> on 2018-07-01 00:00:00+00:00
[2022-11-16 22:36:45,740] {standard_task_runner.py:52} INFO - Started process 4093 to run task
[2022-11-16 22:36:45,747] {standard_task_runner.py:76} INFO - Running: ['***', 'tasks', 'run', 'dag_combustivel', 'pyspark_task', 'scheduled__2018-07-01T00:00:00+00:00', '--job-id', '66', '--raw', '--subdir', 'DAGS_FOLDER/dag_combustivel.py', '--cfg-path', '/tmp/tmpt9rk8a62', '--error-file', '/tmp/tmpdl80gabh']
[2022-11-16 22:36:45,749] {standard_task_runner.py:77} INFO - Job 66: Subtask pyspark_task
[2022-11-16 22:36:45,860] {logging_mixin.py:109} INFO - Running <TaskInstance: dag_combustivel.pyspark_task scheduled__2018-07-01T00:00:00+00:00 [running]> on host b2a62e76b908
[2022-11-16 22:36:45,987] {taskinstance.py:1431} INFO - Exporting the following env vars:
AIRFLOW_CTX_DAG_OWNER=***
AIRFLOW_CTX_DAG_ID=dag_combustivel
AIRFLOW_CTX_TASK_ID=pyspark_task
AIRFLOW_CTX_EXECUTION_DATE=2018-07-01T00:00:00+00:00
AIRFLOW_CTX_DAG_RUN_ID=scheduled__2018-07-01T00:00:00+00:00
[2022-11-16 22:36:45,988] {dataproc.py:1878} INFO - Submitting job
[2022-11-16 22:36:47,347] {dataproc.py:1890} INFO - Job 2b80cf06-459a-4419-9a45-fff23a9f691b submitted successfully.
[2022-11-16 22:36:47,378] {dataproc.py:1903} INFO - Waiting for job 2b80cf06-459a-4419-9a45-fff23a9f691b to complete
[2022-11-16 22:37:55,050] {dataproc.py:1907} INFO - Job 2b80cf06-459a-4419-9a45-fff23a9f691b completed successfully.
[2022-11-16 22:37:55,082] {taskinstance.py:1282} INFO - Marking task as SUCCESS. dag_id=dag_combustivel, task_id=pyspark_task, execution_date=20180701T000000, start_date=20221116T223645, end_date=20221116T223755
[2022-11-16 22:37:55,124] {local_task_job.py:154} INFO - Task exited with return code 0
[2022-11-16 22:37:55,174] {local_task_job.py:264} INFO - 1 downstream tasks scheduled from follow-on schedule check
