[2022-10-06 00:24:09,163] {taskinstance.py:1037} INFO - Dependencies all met for <TaskInstance: dag_combustivel.get_op scheduled__2020-01-01T00:00:00+00:00 [queued]>
[2022-10-06 00:24:09,176] {taskinstance.py:1037} INFO - Dependencies all met for <TaskInstance: dag_combustivel.get_op scheduled__2020-01-01T00:00:00+00:00 [queued]>
[2022-10-06 00:24:09,177] {taskinstance.py:1243} INFO - 
--------------------------------------------------------------------------------
[2022-10-06 00:24:09,178] {taskinstance.py:1244} INFO - Starting attempt 2 of 2
[2022-10-06 00:24:09,179] {taskinstance.py:1245} INFO - 
--------------------------------------------------------------------------------
[2022-10-06 00:24:09,193] {taskinstance.py:1264} INFO - Executing <Task(SimpleHttpOperator): get_op> on 2020-01-01 00:00:00+00:00
[2022-10-06 00:24:09,200] {standard_task_runner.py:52} INFO - Started process 8895 to run task
[2022-10-06 00:24:09,205] {standard_task_runner.py:76} INFO - Running: ['***', 'tasks', 'run', 'dag_combustivel', 'get_op', 'scheduled__2020-01-01T00:00:00+00:00', '--job-id', '177', '--raw', '--subdir', 'DAGS_FOLDER/dag_combustive.py', '--cfg-path', '/tmp/tmpd0swh4w2', '--error-file', '/tmp/tmpnd90yvng']
[2022-10-06 00:24:09,207] {standard_task_runner.py:77} INFO - Job 177: Subtask get_op
[2022-10-06 00:24:09,285] {logging_mixin.py:109} INFO - Running <TaskInstance: dag_combustivel.get_op scheduled__2020-01-01T00:00:00+00:00 [running]> on host 1445d51ba90b
[2022-10-06 00:24:09,370] {taskinstance.py:1431} INFO - Exporting the following env vars:
AIRFLOW_CTX_DAG_OWNER=***
AIRFLOW_CTX_DAG_ID=dag_combustivel
AIRFLOW_CTX_TASK_ID=get_op
AIRFLOW_CTX_EXECUTION_DATE=2020-01-01T00:00:00+00:00
AIRFLOW_CTX_DAG_RUN_ID=scheduled__2020-01-01T00:00:00+00:00
[2022-10-06 00:24:09,371] {http.py:104} INFO - Calling HTTP method
[2022-10-06 00:24:09,382] {base.py:79} INFO - Using connection to: id: stack-data-pipeline01. Host: https://stack-data-pipeline01-v6sq26umdq-uc.a.run.app, Port: None, Schema: , Login: , Password: None, extra: {}
[2022-10-06 00:24:09,384] {http.py:129} INFO - Sending 'POST' to url: https://stack-data-pipeline01-v6sq26umdq-uc.a.run.app/download_combustivel
[2022-10-06 00:24:45,340] {taskinstance.py:1282} INFO - Marking task as SUCCESS. dag_id=dag_combustivel, task_id=get_op, execution_date=20200101T000000, start_date=20221006T002409, end_date=20221006T002445
[2022-10-06 00:24:45,370] {local_task_job.py:154} INFO - Task exited with return code 0
[2022-10-06 00:24:45,444] {local_task_job.py:264} INFO - 1 downstream tasks scheduled from follow-on schedule check
