[2022-11-16 22:34:07,825] {taskinstance.py:1037} INFO - Dependencies all met for <TaskInstance: dag_combustivel.create_cluster scheduled__2018-07-01T00:00:00+00:00 [queued]>
[2022-11-16 22:34:07,841] {taskinstance.py:1037} INFO - Dependencies all met for <TaskInstance: dag_combustivel.create_cluster scheduled__2018-07-01T00:00:00+00:00 [queued]>
[2022-11-16 22:34:07,841] {taskinstance.py:1243} INFO - 
--------------------------------------------------------------------------------
[2022-11-16 22:34:07,842] {taskinstance.py:1244} INFO - Starting attempt 1 of 1
[2022-11-16 22:34:07,842] {taskinstance.py:1245} INFO - 
--------------------------------------------------------------------------------
[2022-11-16 22:34:07,860] {taskinstance.py:1264} INFO - Executing <Task(DataprocCreateClusterOperator): create_cluster> on 2018-07-01 00:00:00+00:00
[2022-11-16 22:34:07,866] {standard_task_runner.py:52} INFO - Started process 3976 to run task
[2022-11-16 22:34:07,872] {standard_task_runner.py:76} INFO - Running: ['***', 'tasks', 'run', 'dag_combustivel', 'create_cluster', 'scheduled__2018-07-01T00:00:00+00:00', '--job-id', '65', '--raw', '--subdir', 'DAGS_FOLDER/dag_combustivel.py', '--cfg-path', '/tmp/tmpckct5sv5', '--error-file', '/tmp/tmpp1_q0xz6']
[2022-11-16 22:34:07,874] {standard_task_runner.py:77} INFO - Job 65: Subtask create_cluster
[2022-11-16 22:34:07,974] {logging_mixin.py:109} INFO - Running <TaskInstance: dag_combustivel.create_cluster scheduled__2018-07-01T00:00:00+00:00 [running]> on host b2a62e76b908
[2022-11-16 22:34:08,069] {taskinstance.py:1431} INFO - Exporting the following env vars:
AIRFLOW_CTX_DAG_OWNER=***
AIRFLOW_CTX_DAG_ID=dag_combustivel
AIRFLOW_CTX_TASK_ID=create_cluster
AIRFLOW_CTX_EXECUTION_DATE=2018-07-01T00:00:00+00:00
AIRFLOW_CTX_DAG_RUN_ID=scheduled__2018-07-01T00:00:00+00:00
[2022-11-16 22:34:08,071] {dataproc.py:625} INFO - Creating cluster: stack-gcp-datapipeline-clusters
[2022-11-16 22:36:43,994] {dataproc.py:569} INFO - Cluster created.
[2022-11-16 22:36:44,018] {taskinstance.py:1282} INFO - Marking task as SUCCESS. dag_id=dag_combustivel, task_id=create_cluster, execution_date=20180701T000000, start_date=20221116T223407, end_date=20221116T223644
[2022-11-16 22:36:44,067] {local_task_job.py:154} INFO - Task exited with return code 0
[2022-11-16 22:36:44,105] {local_task_job.py:264} INFO - 1 downstream tasks scheduled from follow-on schedule check
