[2022-10-06 00:14:23,649] {taskinstance.py:1037} INFO - Dependencies all met for <TaskInstance: dag_combustivel.create_cluster scheduled__2019-01-01T00:00:00+00:00 [queued]>
[2022-10-06 00:14:23,664] {taskinstance.py:1037} INFO - Dependencies all met for <TaskInstance: dag_combustivel.create_cluster scheduled__2019-01-01T00:00:00+00:00 [queued]>
[2022-10-06 00:14:23,665] {taskinstance.py:1243} INFO - 
--------------------------------------------------------------------------------
[2022-10-06 00:14:23,666] {taskinstance.py:1244} INFO - Starting attempt 2 of 2
[2022-10-06 00:14:23,668] {taskinstance.py:1245} INFO - 
--------------------------------------------------------------------------------
[2022-10-06 00:14:23,683] {taskinstance.py:1264} INFO - Executing <Task(DataprocCreateClusterOperator): create_cluster> on 2019-01-01 00:00:00+00:00
[2022-10-06 00:14:23,690] {standard_task_runner.py:52} INFO - Started process 8354 to run task
[2022-10-06 00:14:23,695] {standard_task_runner.py:76} INFO - Running: ['***', 'tasks', 'run', 'dag_combustivel', 'create_cluster', 'scheduled__2019-01-01T00:00:00+00:00', '--job-id', '170', '--raw', '--subdir', 'DAGS_FOLDER/dag_combustive.py', '--cfg-path', '/tmp/tmphld3r6gy', '--error-file', '/tmp/tmp7b2o4pci']
[2022-10-06 00:14:23,702] {standard_task_runner.py:77} INFO - Job 170: Subtask create_cluster
[2022-10-06 00:14:23,778] {logging_mixin.py:109} INFO - Running <TaskInstance: dag_combustivel.create_cluster scheduled__2019-01-01T00:00:00+00:00 [running]> on host 1445d51ba90b
[2022-10-06 00:14:23,842] {taskinstance.py:1431} INFO - Exporting the following env vars:
AIRFLOW_CTX_DAG_OWNER=***
AIRFLOW_CTX_DAG_ID=dag_combustivel
AIRFLOW_CTX_TASK_ID=create_cluster
AIRFLOW_CTX_EXECUTION_DATE=2019-01-01T00:00:00+00:00
AIRFLOW_CTX_DAG_RUN_ID=scheduled__2019-01-01T00:00:00+00:00
[2022-10-06 00:14:23,844] {dataproc.py:625} INFO - Creating cluster: stack-data-pipeline
[2022-10-06 00:17:16,370] {dataproc.py:569} INFO - Cluster created.
[2022-10-06 00:17:16,413] {taskinstance.py:1282} INFO - Marking task as SUCCESS. dag_id=dag_combustivel, task_id=create_cluster, execution_date=20190101T000000, start_date=20221006T001423, end_date=20221006T001716
[2022-10-06 00:17:16,501] {local_task_job.py:154} INFO - Task exited with return code 0
[2022-10-06 00:17:16,542] {local_task_job.py:264} INFO - 1 downstream tasks scheduled from follow-on schedule check
