[2022-10-05 20:14:19,075] {taskinstance.py:1037} INFO - Dependencies all met for <TaskInstance: dag_combustivel.pyspark_task manual__2022-10-05T20:11:22.425677+00:00 [queued]>
[2022-10-05 20:14:19,086] {taskinstance.py:1037} INFO - Dependencies all met for <TaskInstance: dag_combustivel.pyspark_task manual__2022-10-05T20:11:22.425677+00:00 [queued]>
[2022-10-05 20:14:19,087] {taskinstance.py:1243} INFO - 
--------------------------------------------------------------------------------
[2022-10-05 20:14:19,087] {taskinstance.py:1244} INFO - Starting attempt 1 of 1
[2022-10-05 20:14:19,088] {taskinstance.py:1245} INFO - 
--------------------------------------------------------------------------------
[2022-10-05 20:14:19,098] {taskinstance.py:1264} INFO - Executing <Task(DataprocSubmitJobOperator): pyspark_task> on 2022-10-05 20:11:22.425677+00:00
[2022-10-05 20:14:19,103] {standard_task_runner.py:52} INFO - Started process 991 to run task
[2022-10-05 20:14:19,108] {standard_task_runner.py:76} INFO - Running: ['***', 'tasks', 'run', 'dag_combustivel', 'pyspark_task', 'manual__2022-10-05T20:11:22.425677+00:00', '--job-id', '126', '--raw', '--subdir', 'DAGS_FOLDER/dag_combustive.py', '--cfg-path', '/tmp/tmp74c9r1i7', '--error-file', '/tmp/tmpeoezrf7q']
[2022-10-05 20:14:19,109] {standard_task_runner.py:77} INFO - Job 126: Subtask pyspark_task
[2022-10-05 20:14:19,173] {logging_mixin.py:109} INFO - Running <TaskInstance: dag_combustivel.pyspark_task manual__2022-10-05T20:11:22.425677+00:00 [running]> on host 1445d51ba90b
[2022-10-05 20:14:19,247] {taskinstance.py:1431} INFO - Exporting the following env vars:
AIRFLOW_CTX_DAG_OWNER=***
AIRFLOW_CTX_DAG_ID=dag_combustivel
AIRFLOW_CTX_TASK_ID=pyspark_task
AIRFLOW_CTX_EXECUTION_DATE=2022-10-05T20:11:22.425677+00:00
AIRFLOW_CTX_DAG_RUN_ID=manual__2022-10-05T20:11:22.425677+00:00
[2022-10-05 20:14:19,249] {dataproc.py:1878} INFO - Submitting job
[2022-10-05 20:14:20,378] {dataproc.py:1890} INFO - Job b4001b9b-569a-4366-a3ac-bec9a55f5feb submitted successfully.
[2022-10-05 20:14:20,399] {dataproc.py:1903} INFO - Waiting for job b4001b9b-569a-4366-a3ac-bec9a55f5feb to complete
[2022-10-05 20:14:53,558] {dataproc.py:1907} INFO - Job b4001b9b-569a-4366-a3ac-bec9a55f5feb completed successfully.
[2022-10-05 20:14:53,591] {taskinstance.py:1282} INFO - Marking task as SUCCESS. dag_id=dag_combustivel, task_id=pyspark_task, execution_date=20221005T201122, start_date=20221005T201419, end_date=20221005T201453
[2022-10-05 20:14:53,652] {local_task_job.py:154} INFO - Task exited with return code 0
[2022-10-05 20:14:53,697] {local_task_job.py:264} INFO - 1 downstream tasks scheduled from follow-on schedule check
