[2022-10-06 01:19:54,142] {taskinstance.py:1037} INFO - Dependencies all met for <TaskInstance: dag_combustivel.pyspark_task manual__2022-10-05T20:11:22.425677+00:00 [queued]>
[2022-10-06 01:19:54,158] {taskinstance.py:1037} INFO - Dependencies all met for <TaskInstance: dag_combustivel.pyspark_task manual__2022-10-05T20:11:22.425677+00:00 [queued]>
[2022-10-06 01:19:54,160] {taskinstance.py:1243} INFO - 
--------------------------------------------------------------------------------
[2022-10-06 01:19:54,161] {taskinstance.py:1244} INFO - Starting attempt 2 of 2
[2022-10-06 01:19:54,162] {taskinstance.py:1245} INFO - 
--------------------------------------------------------------------------------
[2022-10-06 01:19:54,179] {taskinstance.py:1264} INFO - Executing <Task(DataprocSubmitJobOperator): pyspark_task> on 2022-10-05 20:11:22.425677+00:00
[2022-10-06 01:19:54,185] {standard_task_runner.py:52} INFO - Started process 10632 to run task
[2022-10-06 01:19:54,190] {standard_task_runner.py:76} INFO - Running: ['***', 'tasks', 'run', 'dag_combustivel', 'pyspark_task', 'manual__2022-10-05T20:11:22.425677+00:00', '--job-id', '203', '--raw', '--subdir', 'DAGS_FOLDER/dag_combustive.py', '--cfg-path', '/tmp/tmpe62xu75b', '--error-file', '/tmp/tmpruw0zyna']
[2022-10-06 01:19:54,192] {standard_task_runner.py:77} INFO - Job 203: Subtask pyspark_task
[2022-10-06 01:19:54,259] {logging_mixin.py:109} INFO - Running <TaskInstance: dag_combustivel.pyspark_task manual__2022-10-05T20:11:22.425677+00:00 [running]> on host 1445d51ba90b
[2022-10-06 01:19:54,334] {taskinstance.py:1431} INFO - Exporting the following env vars:
AIRFLOW_CTX_DAG_OWNER=***
AIRFLOW_CTX_DAG_ID=dag_combustivel
AIRFLOW_CTX_TASK_ID=pyspark_task
AIRFLOW_CTX_EXECUTION_DATE=2022-10-05T20:11:22.425677+00:00
AIRFLOW_CTX_DAG_RUN_ID=manual__2022-10-05T20:11:22.425677+00:00
[2022-10-06 01:19:54,336] {dataproc.py:1878} INFO - Submitting job
[2022-10-06 01:19:55,412] {dataproc.py:1890} INFO - Job 8e6ad962-298f-435b-bdf5-2792ee2981fa submitted successfully.
[2022-10-06 01:19:55,423] {dataproc.py:1903} INFO - Waiting for job 8e6ad962-298f-435b-bdf5-2792ee2981fa to complete
[2022-10-06 01:20:50,626] {dataproc.py:1907} INFO - Job 8e6ad962-298f-435b-bdf5-2792ee2981fa completed successfully.
[2022-10-06 01:20:50,660] {taskinstance.py:1282} INFO - Marking task as SUCCESS. dag_id=dag_combustivel, task_id=pyspark_task, execution_date=20221005T201122, start_date=20221006T011954, end_date=20221006T012050
[2022-10-06 01:20:50,740] {local_task_job.py:154} INFO - Task exited with return code 0
[2022-10-06 01:20:50,798] {local_task_job.py:264} INFO - 1 downstream tasks scheduled from follow-on schedule check
