[2022-10-05 23:07:28,758] {taskinstance.py:1037} INFO - Dependencies all met for <TaskInstance: dag_combustivel.get_op scheduled__2018-01-01T00:00:00+00:00 [queued]>
[2022-10-05 23:07:28,773] {taskinstance.py:1037} INFO - Dependencies all met for <TaskInstance: dag_combustivel.get_op scheduled__2018-01-01T00:00:00+00:00 [queued]>
[2022-10-05 23:07:28,774] {taskinstance.py:1243} INFO - 
--------------------------------------------------------------------------------
[2022-10-05 23:07:28,775] {taskinstance.py:1244} INFO - Starting attempt 2 of 2
[2022-10-05 23:07:28,776] {taskinstance.py:1245} INFO - 
--------------------------------------------------------------------------------
[2022-10-05 23:07:28,789] {taskinstance.py:1264} INFO - Executing <Task(SimpleHttpOperator): get_op> on 2018-01-01 00:00:00+00:00
[2022-10-05 23:07:28,795] {standard_task_runner.py:52} INFO - Started process 6277 to run task
[2022-10-05 23:07:28,799] {standard_task_runner.py:76} INFO - Running: ['***', 'tasks', 'run', 'dag_combustivel', 'get_op', 'scheduled__2018-01-01T00:00:00+00:00', '--job-id', '153', '--raw', '--subdir', 'DAGS_FOLDER/dag_combustive.py', '--cfg-path', '/tmp/tmplmg9fj4q', '--error-file', '/tmp/tmpwpwz6fai']
[2022-10-05 23:07:28,801] {standard_task_runner.py:77} INFO - Job 153: Subtask get_op
[2022-10-05 23:07:28,893] {logging_mixin.py:109} INFO - Running <TaskInstance: dag_combustivel.get_op scheduled__2018-01-01T00:00:00+00:00 [running]> on host 1445d51ba90b
[2022-10-05 23:07:29,004] {taskinstance.py:1431} INFO - Exporting the following env vars:
AIRFLOW_CTX_DAG_OWNER=***
AIRFLOW_CTX_DAG_ID=dag_combustivel
AIRFLOW_CTX_TASK_ID=get_op
AIRFLOW_CTX_EXECUTION_DATE=2018-01-01T00:00:00+00:00
AIRFLOW_CTX_DAG_RUN_ID=scheduled__2018-01-01T00:00:00+00:00
[2022-10-05 23:07:29,008] {http.py:104} INFO - Calling HTTP method
[2022-10-05 23:07:29,027] {base.py:79} INFO - Using connection to: id: stack-data-pipeline01. Host: https://stack-data-pipeline01-v6sq26umdq-uc.a.run.app, Port: None, Schema: , Login: , Password: None, extra: {}
[2022-10-05 23:07:29,032] {http.py:129} INFO - Sending 'POST' to url: https://stack-data-pipeline01-v6sq26umdq-uc.a.run.app/download_combustivel
[2022-10-05 23:08:07,843] {taskinstance.py:1282} INFO - Marking task as SUCCESS. dag_id=dag_combustivel, task_id=get_op, execution_date=20180101T000000, start_date=20221005T230728, end_date=20221005T230807
[2022-10-05 23:08:07,881] {local_task_job.py:154} INFO - Task exited with return code 0
[2022-10-05 23:08:07,935] {local_task_job.py:264} INFO - 1 downstream tasks scheduled from follow-on schedule check
