[2022-10-05 20:11:25,765] {taskinstance.py:1037} INFO - Dependencies all met for <TaskInstance: dag_combustivel.get_op manual__2022-10-05T20:11:22.425677+00:00 [queued]>
[2022-10-05 20:11:25,782] {taskinstance.py:1037} INFO - Dependencies all met for <TaskInstance: dag_combustivel.get_op manual__2022-10-05T20:11:22.425677+00:00 [queued]>
[2022-10-05 20:11:25,783] {taskinstance.py:1243} INFO - 
--------------------------------------------------------------------------------
[2022-10-05 20:11:25,784] {taskinstance.py:1244} INFO - Starting attempt 1 of 1
[2022-10-05 20:11:25,785] {taskinstance.py:1245} INFO - 
--------------------------------------------------------------------------------
[2022-10-05 20:11:25,800] {taskinstance.py:1264} INFO - Executing <Task(SimpleHttpOperator): get_op> on 2022-10-05 20:11:22.425677+00:00
[2022-10-05 20:11:25,808] {standard_task_runner.py:52} INFO - Started process 861 to run task
[2022-10-05 20:11:25,811] {standard_task_runner.py:76} INFO - Running: ['***', 'tasks', 'run', 'dag_combustivel', 'get_op', 'manual__2022-10-05T20:11:22.425677+00:00', '--job-id', '124', '--raw', '--subdir', 'DAGS_FOLDER/dag_combustive.py', '--cfg-path', '/tmp/tmpitkajcvt', '--error-file', '/tmp/tmpx70u6evu']
[2022-10-05 20:11:25,814] {standard_task_runner.py:77} INFO - Job 124: Subtask get_op
[2022-10-05 20:11:25,881] {logging_mixin.py:109} INFO - Running <TaskInstance: dag_combustivel.get_op manual__2022-10-05T20:11:22.425677+00:00 [running]> on host 1445d51ba90b
[2022-10-05 20:11:25,961] {taskinstance.py:1431} INFO - Exporting the following env vars:
AIRFLOW_CTX_DAG_OWNER=***
AIRFLOW_CTX_DAG_ID=dag_combustivel
AIRFLOW_CTX_TASK_ID=get_op
AIRFLOW_CTX_EXECUTION_DATE=2022-10-05T20:11:22.425677+00:00
AIRFLOW_CTX_DAG_RUN_ID=manual__2022-10-05T20:11:22.425677+00:00
[2022-10-05 20:11:25,964] {http.py:104} INFO - Calling HTTP method
[2022-10-05 20:11:25,982] {base.py:79} INFO - Using connection to: id: stack-data-pipeline01. Host: https://stack-data-pipeline01-v6sq26umdq-uc.a.run.app, Port: None, Schema: , Login: , Password: None, extra: {}
[2022-10-05 20:11:25,991] {http.py:129} INFO - Sending 'POST' to url: https://stack-data-pipeline01-v6sq26umdq-uc.a.run.app/download_combustivel
[2022-10-05 20:11:30,943] {taskinstance.py:1282} INFO - Marking task as SUCCESS. dag_id=dag_combustivel, task_id=get_op, execution_date=20221005T201122, start_date=20221005T201125, end_date=20221005T201130
[2022-10-05 20:11:30,995] {local_task_job.py:154} INFO - Task exited with return code 0
[2022-10-05 20:11:31,052] {local_task_job.py:264} INFO - 1 downstream tasks scheduled from follow-on schedule check
