[2022-11-16 22:37:56,399] {taskinstance.py:1037} INFO - Dependencies all met for <TaskInstance: dag_combustivel.delete_cluster scheduled__2018-07-01T00:00:00+00:00 [queued]>
[2022-11-16 22:37:56,414] {taskinstance.py:1037} INFO - Dependencies all met for <TaskInstance: dag_combustivel.delete_cluster scheduled__2018-07-01T00:00:00+00:00 [queued]>
[2022-11-16 22:37:56,415] {taskinstance.py:1243} INFO - 
--------------------------------------------------------------------------------
[2022-11-16 22:37:56,415] {taskinstance.py:1244} INFO - Starting attempt 1 of 1
[2022-11-16 22:37:56,416] {taskinstance.py:1245} INFO - 
--------------------------------------------------------------------------------
[2022-11-16 22:37:56,434] {taskinstance.py:1264} INFO - Executing <Task(DataprocDeleteClusterOperator): delete_cluster> on 2018-07-01 00:00:00+00:00
[2022-11-16 22:37:56,440] {standard_task_runner.py:52} INFO - Started process 4168 to run task
[2022-11-16 22:37:56,445] {standard_task_runner.py:76} INFO - Running: ['***', 'tasks', 'run', 'dag_combustivel', 'delete_cluster', 'scheduled__2018-07-01T00:00:00+00:00', '--job-id', '67', '--raw', '--subdir', 'DAGS_FOLDER/dag_combustivel.py', '--cfg-path', '/tmp/tmp07xgufeq', '--error-file', '/tmp/tmpj_ogrg3v']
[2022-11-16 22:37:56,447] {standard_task_runner.py:77} INFO - Job 67: Subtask delete_cluster
[2022-11-16 22:37:56,529] {logging_mixin.py:109} INFO - Running <TaskInstance: dag_combustivel.delete_cluster scheduled__2018-07-01T00:00:00+00:00 [running]> on host b2a62e76b908
[2022-11-16 22:37:56,612] {taskinstance.py:1431} INFO - Exporting the following env vars:
AIRFLOW_CTX_DAG_OWNER=***
AIRFLOW_CTX_DAG_ID=dag_combustivel
AIRFLOW_CTX_TASK_ID=delete_cluster
AIRFLOW_CTX_EXECUTION_DATE=2018-07-01T00:00:00+00:00
AIRFLOW_CTX_DAG_RUN_ID=scheduled__2018-07-01T00:00:00+00:00
[2022-11-16 22:37:56,634] {dataproc.py:863} INFO - Deleting cluster: stack-gcp-datapipeline-clusters
[2022-11-16 22:38:43,158] {dataproc.py:875} INFO - Cluster deleted.
[2022-11-16 22:38:43,191] {taskinstance.py:1282} INFO - Marking task as SUCCESS. dag_id=dag_combustivel, task_id=delete_cluster, execution_date=20180701T000000, start_date=20221116T223756, end_date=20221116T223843
[2022-11-16 22:38:43,272] {local_task_job.py:154} INFO - Task exited with return code 0
[2022-11-16 22:38:43,341] {local_task_job.py:264} INFO - 1 downstream tasks scheduled from follow-on schedule check
