[2022-10-05 17:29:37,136] {taskinstance.py:1037} INFO - Dependencies all met for <TaskInstance: dag_combustivel.pyspark_task scheduled__2018-07-01T00:00:00+00:00 [queued]>
[2022-10-05 17:29:37,147] {taskinstance.py:1037} INFO - Dependencies all met for <TaskInstance: dag_combustivel.pyspark_task scheduled__2018-07-01T00:00:00+00:00 [queued]>
[2022-10-05 17:29:37,148] {taskinstance.py:1243} INFO - 
--------------------------------------------------------------------------------
[2022-10-05 17:29:37,150] {taskinstance.py:1244} INFO - Starting attempt 1 of 1
[2022-10-05 17:29:37,151] {taskinstance.py:1245} INFO - 
--------------------------------------------------------------------------------
[2022-10-05 17:29:37,166] {taskinstance.py:1264} INFO - Executing <Task(DataprocSubmitJobOperator): pyspark_task> on 2018-07-01 00:00:00+00:00
[2022-10-05 17:29:37,171] {standard_task_runner.py:52} INFO - Started process 21801 to run task
[2022-10-05 17:29:37,175] {standard_task_runner.py:76} INFO - Running: ['***', 'tasks', 'run', 'dag_combustivel', 'pyspark_task', 'scheduled__2018-07-01T00:00:00+00:00', '--job-id', '92', '--raw', '--subdir', 'DAGS_FOLDER/dag_combustive.py', '--cfg-path', '/tmp/tmpcearcehj', '--error-file', '/tmp/tmpx8spytz2']
[2022-10-05 17:29:37,177] {standard_task_runner.py:77} INFO - Job 92: Subtask pyspark_task
[2022-10-05 17:29:37,253] {logging_mixin.py:109} INFO - Running <TaskInstance: dag_combustivel.pyspark_task scheduled__2018-07-01T00:00:00+00:00 [running]> on host 1445d51ba90b
[2022-10-05 17:29:37,335] {taskinstance.py:1431} INFO - Exporting the following env vars:
AIRFLOW_CTX_DAG_OWNER=***
AIRFLOW_CTX_DAG_ID=dag_combustivel
AIRFLOW_CTX_TASK_ID=pyspark_task
AIRFLOW_CTX_EXECUTION_DATE=2018-07-01T00:00:00+00:00
AIRFLOW_CTX_DAG_RUN_ID=scheduled__2018-07-01T00:00:00+00:00
[2022-10-05 17:29:37,336] {dataproc.py:1878} INFO - Submitting job
[2022-10-05 17:29:38,422] {dataproc.py:1890} INFO - Job 528b6b99-7589-4eac-a82c-858dcd71aa04 submitted successfully.
[2022-10-05 17:29:38,436] {dataproc.py:1903} INFO - Waiting for job 528b6b99-7589-4eac-a82c-858dcd71aa04 to complete
[2022-10-05 17:30:11,565] {dataproc.py:1907} INFO - Job 528b6b99-7589-4eac-a82c-858dcd71aa04 completed successfully.
[2022-10-05 17:30:11,602] {taskinstance.py:1282} INFO - Marking task as SUCCESS. dag_id=dag_combustivel, task_id=pyspark_task, execution_date=20180701T000000, start_date=20221005T172937, end_date=20221005T173011
[2022-10-05 17:30:11,640] {local_task_job.py:154} INFO - Task exited with return code 0
[2022-10-05 17:30:11,688] {local_task_job.py:264} INFO - 1 downstream tasks scheduled from follow-on schedule check
