[2022-10-06 00:44:43,297] {taskinstance.py:1037} INFO - Dependencies all met for <TaskInstance: dag_combustivel.delete_cluster scheduled__2021-01-01T00:00:00+00:00 [queued]>
[2022-10-06 00:44:43,323] {taskinstance.py:1037} INFO - Dependencies all met for <TaskInstance: dag_combustivel.delete_cluster scheduled__2021-01-01T00:00:00+00:00 [queued]>
[2022-10-06 00:44:43,324] {taskinstance.py:1243} INFO - 
--------------------------------------------------------------------------------
[2022-10-06 00:44:43,325] {taskinstance.py:1244} INFO - Starting attempt 2 of 2
[2022-10-06 00:44:43,327] {taskinstance.py:1245} INFO - 
--------------------------------------------------------------------------------
[2022-10-06 00:44:43,354] {taskinstance.py:1264} INFO - Executing <Task(DataprocDeleteClusterOperator): delete_cluster> on 2021-01-01 00:00:00+00:00
[2022-10-06 00:44:43,361] {standard_task_runner.py:52} INFO - Started process 9748 to run task
[2022-10-06 00:44:43,385] {standard_task_runner.py:76} INFO - Running: ['***', 'tasks', 'run', 'dag_combustivel', 'delete_cluster', 'scheduled__2021-01-01T00:00:00+00:00', '--job-id', '188', '--raw', '--subdir', 'DAGS_FOLDER/dag_combustive.py', '--cfg-path', '/tmp/tmpq6vi5nfp', '--error-file', '/tmp/tmppmh2fqyr']
[2022-10-06 00:44:43,390] {standard_task_runner.py:77} INFO - Job 188: Subtask delete_cluster
[2022-10-06 00:44:43,527] {logging_mixin.py:109} INFO - Running <TaskInstance: dag_combustivel.delete_cluster scheduled__2021-01-01T00:00:00+00:00 [running]> on host 1445d51ba90b
[2022-10-06 00:44:43,680] {taskinstance.py:1431} INFO - Exporting the following env vars:
AIRFLOW_CTX_DAG_OWNER=***
AIRFLOW_CTX_DAG_ID=dag_combustivel
AIRFLOW_CTX_TASK_ID=delete_cluster
AIRFLOW_CTX_EXECUTION_DATE=2021-01-01T00:00:00+00:00
AIRFLOW_CTX_DAG_RUN_ID=scheduled__2021-01-01T00:00:00+00:00
[2022-10-06 00:44:43,705] {dataproc.py:863} INFO - Deleting cluster: stack-data-pipeline
[2022-10-06 00:45:13,503] {dataproc.py:875} INFO - Cluster deleted.
[2022-10-06 00:45:13,517] {taskinstance.py:1282} INFO - Marking task as SUCCESS. dag_id=dag_combustivel, task_id=delete_cluster, execution_date=20210101T000000, start_date=20221006T004443, end_date=20221006T004513
[2022-10-06 00:45:13,580] {local_task_job.py:154} INFO - Task exited with return code 0
[2022-10-06 00:45:13,611] {local_task_job.py:264} INFO - 1 downstream tasks scheduled from follow-on schedule check
