[2022-11-02 00:52:59,026] {taskinstance.py:1037} INFO - Dependencies all met for <TaskInstance: dag_combustivel.delete_cluster scheduled__2004-07-01T00:00:00+00:00 [queued]>
[2022-11-02 00:52:59,039] {taskinstance.py:1037} INFO - Dependencies all met for <TaskInstance: dag_combustivel.delete_cluster scheduled__2004-07-01T00:00:00+00:00 [queued]>
[2022-11-02 00:52:59,041] {taskinstance.py:1243} INFO - 
--------------------------------------------------------------------------------
[2022-11-02 00:52:59,042] {taskinstance.py:1244} INFO - Starting attempt 1 of 1
[2022-11-02 00:52:59,042] {taskinstance.py:1245} INFO - 
--------------------------------------------------------------------------------
[2022-11-02 00:52:59,057] {taskinstance.py:1264} INFO - Executing <Task(DataprocDeleteClusterOperator): delete_cluster> on 2004-07-01 00:00:00+00:00
[2022-11-02 00:52:59,065] {standard_task_runner.py:52} INFO - Started process 3068 to run task
[2022-11-02 00:52:59,072] {standard_task_runner.py:76} INFO - Running: ['***', 'tasks', 'run', 'dag_combustivel', 'delete_cluster', 'scheduled__2004-07-01T00:00:00+00:00', '--job-id', '236', '--raw', '--subdir', 'DAGS_FOLDER/dag_combustivel.py', '--cfg-path', '/tmp/tmphysrco1s', '--error-file', '/tmp/tmpmzzfblpz']
[2022-11-02 00:52:59,074] {standard_task_runner.py:77} INFO - Job 236: Subtask delete_cluster
[2022-11-02 00:52:59,159] {logging_mixin.py:109} INFO - Running <TaskInstance: dag_combustivel.delete_cluster scheduled__2004-07-01T00:00:00+00:00 [running]> on host 44262508447e
[2022-11-02 00:52:59,256] {taskinstance.py:1431} INFO - Exporting the following env vars:
AIRFLOW_CTX_DAG_OWNER=***
AIRFLOW_CTX_DAG_ID=dag_combustivel
AIRFLOW_CTX_TASK_ID=delete_cluster
AIRFLOW_CTX_EXECUTION_DATE=2004-07-01T00:00:00+00:00
AIRFLOW_CTX_DAG_RUN_ID=scheduled__2004-07-01T00:00:00+00:00
[2022-11-02 00:52:59,275] {dataproc.py:863} INFO - Deleting cluster: stack-data-pipeline
[2022-11-02 00:53:32,734] {dataproc.py:875} INFO - Cluster deleted.
[2022-11-02 00:53:32,780] {taskinstance.py:1282} INFO - Marking task as SUCCESS. dag_id=dag_combustivel, task_id=delete_cluster, execution_date=20040701T000000, start_date=20221102T005259, end_date=20221102T005332
[2022-11-02 00:53:32,920] {local_task_job.py:154} INFO - Task exited with return code 0
[2022-11-02 00:53:33,237] {local_task_job.py:264} INFO - 0 downstream tasks scheduled from follow-on schedule check
