[2022-11-16 23:03:46,472] {taskinstance.py:1037} INFO - Dependencies all met for <TaskInstance: dag_combustivel.pyspark_task scheduled__2019-07-01T00:00:00+00:00 [queued]>
[2022-11-16 23:03:46,491] {taskinstance.py:1037} INFO - Dependencies all met for <TaskInstance: dag_combustivel.pyspark_task scheduled__2019-07-01T00:00:00+00:00 [queued]>
[2022-11-16 23:03:46,492] {taskinstance.py:1243} INFO - 
--------------------------------------------------------------------------------
[2022-11-16 23:03:46,492] {taskinstance.py:1244} INFO - Starting attempt 1 of 1
[2022-11-16 23:03:46,493] {taskinstance.py:1245} INFO - 
--------------------------------------------------------------------------------
[2022-11-16 23:03:46,514] {taskinstance.py:1264} INFO - Executing <Task(DataprocSubmitJobOperator): pyspark_task> on 2019-07-01 00:00:00+00:00
[2022-11-16 23:03:46,520] {standard_task_runner.py:52} INFO - Started process 5368 to run task
[2022-11-16 23:03:46,527] {standard_task_runner.py:76} INFO - Running: ['***', 'tasks', 'run', 'dag_combustivel', 'pyspark_task', 'scheduled__2019-07-01T00:00:00+00:00', '--job-id', '82', '--raw', '--subdir', 'DAGS_FOLDER/dag_combustivel.py', '--cfg-path', '/tmp/tmpc5gr1hai', '--error-file', '/tmp/tmpi0moyzcn']
[2022-11-16 23:03:46,528] {standard_task_runner.py:77} INFO - Job 82: Subtask pyspark_task
[2022-11-16 23:03:46,633] {logging_mixin.py:109} INFO - Running <TaskInstance: dag_combustivel.pyspark_task scheduled__2019-07-01T00:00:00+00:00 [running]> on host b2a62e76b908
[2022-11-16 23:03:46,782] {taskinstance.py:1431} INFO - Exporting the following env vars:
AIRFLOW_CTX_DAG_OWNER=***
AIRFLOW_CTX_DAG_ID=dag_combustivel
AIRFLOW_CTX_TASK_ID=pyspark_task
AIRFLOW_CTX_EXECUTION_DATE=2019-07-01T00:00:00+00:00
AIRFLOW_CTX_DAG_RUN_ID=scheduled__2019-07-01T00:00:00+00:00
[2022-11-16 23:03:46,784] {dataproc.py:1878} INFO - Submitting job
[2022-11-16 23:03:48,213] {dataproc.py:1890} INFO - Job 0579b13e-91bd-40a2-9a6f-3df0375c38fd submitted successfully.
[2022-11-16 23:03:48,234] {dataproc.py:1903} INFO - Waiting for job 0579b13e-91bd-40a2-9a6f-3df0375c38fd to complete
[2022-11-16 23:04:55,936] {dataproc.py:1907} INFO - Job 0579b13e-91bd-40a2-9a6f-3df0375c38fd completed successfully.
[2022-11-16 23:04:55,964] {taskinstance.py:1282} INFO - Marking task as SUCCESS. dag_id=dag_combustivel, task_id=pyspark_task, execution_date=20190701T000000, start_date=20221116T230346, end_date=20221116T230455
[2022-11-16 23:04:56,024] {local_task_job.py:154} INFO - Task exited with return code 0
[2022-11-16 23:04:56,076] {local_task_job.py:264} INFO - 1 downstream tasks scheduled from follow-on schedule check
