[2022-11-16 22:41:11,520] {taskinstance.py:1037} INFO - Dependencies all met for <TaskInstance: dag_combustivel.pyspark_task manual__2022-11-16T22:33:26.648654+00:00 [queued]>
[2022-11-16 22:41:11,535] {taskinstance.py:1037} INFO - Dependencies all met for <TaskInstance: dag_combustivel.pyspark_task manual__2022-11-16T22:33:26.648654+00:00 [queued]>
[2022-11-16 22:41:11,536] {taskinstance.py:1243} INFO - 
--------------------------------------------------------------------------------
[2022-11-16 22:41:11,537] {taskinstance.py:1244} INFO - Starting attempt 1 of 1
[2022-11-16 22:41:11,537] {taskinstance.py:1245} INFO - 
--------------------------------------------------------------------------------
[2022-11-16 22:41:11,557] {taskinstance.py:1264} INFO - Executing <Task(DataprocSubmitJobOperator): pyspark_task> on 2022-11-16 22:33:26.648654+00:00
[2022-11-16 22:41:11,562] {standard_task_runner.py:52} INFO - Started process 4324 to run task
[2022-11-16 22:41:11,569] {standard_task_runner.py:76} INFO - Running: ['***', 'tasks', 'run', 'dag_combustivel', 'pyspark_task', 'manual__2022-11-16T22:33:26.648654+00:00', '--job-id', '70', '--raw', '--subdir', 'DAGS_FOLDER/dag_combustivel.py', '--cfg-path', '/tmp/tmpx1yyvdla', '--error-file', '/tmp/tmp1jo7omgr']
[2022-11-16 22:41:11,571] {standard_task_runner.py:77} INFO - Job 70: Subtask pyspark_task
[2022-11-16 22:41:11,672] {logging_mixin.py:109} INFO - Running <TaskInstance: dag_combustivel.pyspark_task manual__2022-11-16T22:33:26.648654+00:00 [running]> on host b2a62e76b908
[2022-11-16 22:41:11,796] {taskinstance.py:1431} INFO - Exporting the following env vars:
AIRFLOW_CTX_DAG_OWNER=***
AIRFLOW_CTX_DAG_ID=dag_combustivel
AIRFLOW_CTX_TASK_ID=pyspark_task
AIRFLOW_CTX_EXECUTION_DATE=2022-11-16T22:33:26.648654+00:00
AIRFLOW_CTX_DAG_RUN_ID=manual__2022-11-16T22:33:26.648654+00:00
[2022-11-16 22:41:11,798] {dataproc.py:1878} INFO - Submitting job
[2022-11-16 22:41:13,423] {dataproc.py:1890} INFO - Job 2070d82d-8d6c-4650-9df4-ae62f580ef29 submitted successfully.
[2022-11-16 22:41:13,454] {dataproc.py:1903} INFO - Waiting for job 2070d82d-8d6c-4650-9df4-ae62f580ef29 to complete
[2022-11-16 22:41:58,585] {dataproc.py:1907} INFO - Job 2070d82d-8d6c-4650-9df4-ae62f580ef29 completed successfully.
[2022-11-16 22:41:58,620] {taskinstance.py:1282} INFO - Marking task as SUCCESS. dag_id=dag_combustivel, task_id=pyspark_task, execution_date=20221116T223326, start_date=20221116T224111, end_date=20221116T224158
[2022-11-16 22:41:58,663] {local_task_job.py:154} INFO - Task exited with return code 0
[2022-11-16 22:41:58,725] {local_task_job.py:264} INFO - 1 downstream tasks scheduled from follow-on schedule check
