[2022-11-01 11:32:33,523] {processor.py:163} INFO - Started process (PID=38) to work on /opt/airflow/dags/dag_combustive.py
[2022-11-01 11:32:33,525] {processor.py:642} INFO - Processing file /opt/airflow/dags/dag_combustive.py for tasks to queue
[2022-11-01 11:32:33,527] {logging_mixin.py:109} INFO - [2022-11-01 11:32:33,527] {dagbag.py:500} INFO - Filling up the DagBag from /opt/airflow/dags/dag_combustive.py
[2022-11-01 11:32:34,341] {processor.py:654} INFO - DAG(s) dict_keys(['dag_combustivel']) retrieved from /opt/airflow/dags/dag_combustive.py
[2022-11-01 11:32:34,362] {logging_mixin.py:109} INFO - [2022-11-01 11:32:34,362] {dag.py:2398} INFO - Sync 1 DAGs
[2022-11-01 11:32:34,402] {logging_mixin.py:109} INFO - [2022-11-01 11:32:34,402] {dag.py:2937} INFO - Setting next_dagrun for dag_combustivel to 2022-07-01T00:00:00+00:00
[2022-11-01 11:32:34,424] {processor.py:171} INFO - Processing /opt/airflow/dags/dag_combustive.py took 0.906 seconds
[2022-11-01 11:33:04,544] {processor.py:163} INFO - Started process (PID=90) to work on /opt/airflow/dags/dag_combustive.py
[2022-11-01 11:33:04,546] {processor.py:642} INFO - Processing file /opt/airflow/dags/dag_combustive.py for tasks to queue
[2022-11-01 11:33:04,548] {logging_mixin.py:109} INFO - [2022-11-01 11:33:04,548] {dagbag.py:500} INFO - Filling up the DagBag from /opt/airflow/dags/dag_combustive.py
[2022-11-01 11:33:04,803] {processor.py:654} INFO - DAG(s) dict_keys(['dag_combustivel']) retrieved from /opt/airflow/dags/dag_combustive.py
[2022-11-01 11:33:04,816] {logging_mixin.py:109} INFO - [2022-11-01 11:33:04,815] {dag.py:2398} INFO - Sync 1 DAGs
[2022-11-01 11:33:04,831] {logging_mixin.py:109} INFO - [2022-11-01 11:33:04,831] {dag.py:2937} INFO - Setting next_dagrun for dag_combustivel to 2022-07-01T00:00:00+00:00
[2022-11-01 11:33:04,843] {processor.py:171} INFO - Processing /opt/airflow/dags/dag_combustive.py took 0.302 seconds
[2022-11-01 11:33:35,285] {processor.py:163} INFO - Started process (PID=151) to work on /opt/airflow/dags/dag_combustive.py
[2022-11-01 11:33:35,288] {processor.py:642} INFO - Processing file /opt/airflow/dags/dag_combustive.py for tasks to queue
[2022-11-01 11:33:35,290] {logging_mixin.py:109} INFO - [2022-11-01 11:33:35,290] {dagbag.py:500} INFO - Filling up the DagBag from /opt/airflow/dags/dag_combustive.py
[2022-11-01 11:33:35,689] {processor.py:654} INFO - DAG(s) dict_keys(['dag_combustivel']) retrieved from /opt/airflow/dags/dag_combustive.py
[2022-11-01 11:33:35,704] {logging_mixin.py:109} INFO - [2022-11-01 11:33:35,704] {dag.py:2398} INFO - Sync 1 DAGs
[2022-11-01 11:33:35,727] {logging_mixin.py:109} INFO - [2022-11-01 11:33:35,726] {dag.py:2937} INFO - Setting next_dagrun for dag_combustivel to 2022-07-01T00:00:00+00:00
[2022-11-01 11:33:35,737] {processor.py:171} INFO - Processing /opt/airflow/dags/dag_combustive.py took 0.457 seconds
[2022-11-01 11:34:05,886] {processor.py:163} INFO - Started process (PID=204) to work on /opt/airflow/dags/dag_combustive.py
[2022-11-01 11:34:05,889] {processor.py:642} INFO - Processing file /opt/airflow/dags/dag_combustive.py for tasks to queue
[2022-11-01 11:34:05,895] {logging_mixin.py:109} INFO - [2022-11-01 11:34:05,894] {dagbag.py:500} INFO - Filling up the DagBag from /opt/airflow/dags/dag_combustive.py
[2022-11-01 11:34:06,154] {processor.py:654} INFO - DAG(s) dict_keys(['dag_combustivel']) retrieved from /opt/airflow/dags/dag_combustive.py
[2022-11-01 11:34:06,168] {logging_mixin.py:109} INFO - [2022-11-01 11:34:06,168] {dag.py:2398} INFO - Sync 1 DAGs
[2022-11-01 11:34:06,185] {logging_mixin.py:109} INFO - [2022-11-01 11:34:06,185] {dag.py:2937} INFO - Setting next_dagrun for dag_combustivel to 2022-07-01T00:00:00+00:00
[2022-11-01 11:34:06,197] {processor.py:171} INFO - Processing /opt/airflow/dags/dag_combustive.py took 0.314 seconds
[2022-11-01 11:34:36,556] {processor.py:163} INFO - Started process (PID=256) to work on /opt/airflow/dags/dag_combustive.py
[2022-11-01 11:34:36,575] {processor.py:642} INFO - Processing file /opt/airflow/dags/dag_combustive.py for tasks to queue
[2022-11-01 11:34:36,594] {logging_mixin.py:109} INFO - [2022-11-01 11:34:36,594] {dagbag.py:500} INFO - Filling up the DagBag from /opt/airflow/dags/dag_combustive.py
[2022-11-01 11:34:36,831] {processor.py:654} INFO - DAG(s) dict_keys(['dag_combustivel']) retrieved from /opt/airflow/dags/dag_combustive.py
[2022-11-01 11:34:36,847] {logging_mixin.py:109} INFO - [2022-11-01 11:34:36,846] {dag.py:2398} INFO - Sync 1 DAGs
[2022-11-01 11:34:36,874] {logging_mixin.py:109} INFO - [2022-11-01 11:34:36,874] {dag.py:2937} INFO - Setting next_dagrun for dag_combustivel to 2022-07-01T00:00:00+00:00
[2022-11-01 11:34:36,905] {processor.py:171} INFO - Processing /opt/airflow/dags/dag_combustive.py took 0.354 seconds
[2022-11-01 11:35:07,134] {processor.py:163} INFO - Started process (PID=318) to work on /opt/airflow/dags/dag_combustive.py
[2022-11-01 11:35:07,137] {processor.py:642} INFO - Processing file /opt/airflow/dags/dag_combustive.py for tasks to queue
[2022-11-01 11:35:07,138] {logging_mixin.py:109} INFO - [2022-11-01 11:35:07,138] {dagbag.py:500} INFO - Filling up the DagBag from /opt/airflow/dags/dag_combustive.py
[2022-11-01 11:35:07,420] {processor.py:654} INFO - DAG(s) dict_keys(['dag_combustivel']) retrieved from /opt/airflow/dags/dag_combustive.py
[2022-11-01 11:35:07,440] {logging_mixin.py:109} INFO - [2022-11-01 11:35:07,439] {dag.py:2398} INFO - Sync 1 DAGs
[2022-11-01 11:35:07,458] {logging_mixin.py:109} INFO - [2022-11-01 11:35:07,458] {dag.py:2937} INFO - Setting next_dagrun for dag_combustivel to 2022-07-01T00:00:00+00:00
[2022-11-01 11:35:07,470] {processor.py:171} INFO - Processing /opt/airflow/dags/dag_combustive.py took 0.340 seconds
[2022-11-01 11:35:37,685] {processor.py:163} INFO - Started process (PID=369) to work on /opt/airflow/dags/dag_combustive.py
[2022-11-01 11:35:37,689] {processor.py:642} INFO - Processing file /opt/airflow/dags/dag_combustive.py for tasks to queue
[2022-11-01 11:35:37,691] {logging_mixin.py:109} INFO - [2022-11-01 11:35:37,691] {dagbag.py:500} INFO - Filling up the DagBag from /opt/airflow/dags/dag_combustive.py
[2022-11-01 11:35:38,015] {processor.py:654} INFO - DAG(s) dict_keys(['dag_combustivel']) retrieved from /opt/airflow/dags/dag_combustive.py
[2022-11-01 11:35:38,031] {logging_mixin.py:109} INFO - [2022-11-01 11:35:38,031] {dag.py:2398} INFO - Sync 1 DAGs
[2022-11-01 11:35:38,057] {logging_mixin.py:109} INFO - [2022-11-01 11:35:38,057] {dag.py:2937} INFO - Setting next_dagrun for dag_combustivel to 2022-07-01T00:00:00+00:00
[2022-11-01 11:35:38,073] {processor.py:171} INFO - Processing /opt/airflow/dags/dag_combustive.py took 0.397 seconds
[2022-11-01 11:36:08,302] {processor.py:163} INFO - Started process (PID=421) to work on /opt/airflow/dags/dag_combustive.py
[2022-11-01 11:36:08,305] {processor.py:642} INFO - Processing file /opt/airflow/dags/dag_combustive.py for tasks to queue
[2022-11-01 11:36:08,307] {logging_mixin.py:109} INFO - [2022-11-01 11:36:08,307] {dagbag.py:500} INFO - Filling up the DagBag from /opt/airflow/dags/dag_combustive.py
[2022-11-01 11:36:08,616] {processor.py:654} INFO - DAG(s) dict_keys(['dag_combustivel']) retrieved from /opt/airflow/dags/dag_combustive.py
[2022-11-01 11:36:08,631] {logging_mixin.py:109} INFO - [2022-11-01 11:36:08,630] {dag.py:2398} INFO - Sync 1 DAGs
[2022-11-01 11:36:08,652] {logging_mixin.py:109} INFO - [2022-11-01 11:36:08,652] {dag.py:2937} INFO - Setting next_dagrun for dag_combustivel to 2022-07-01T00:00:00+00:00
[2022-11-01 11:36:08,665] {processor.py:171} INFO - Processing /opt/airflow/dags/dag_combustive.py took 0.370 seconds
[2022-11-01 11:36:39,045] {processor.py:163} INFO - Started process (PID=482) to work on /opt/airflow/dags/dag_combustive.py
[2022-11-01 11:36:39,050] {processor.py:642} INFO - Processing file /opt/airflow/dags/dag_combustive.py for tasks to queue
[2022-11-01 11:36:39,053] {logging_mixin.py:109} INFO - [2022-11-01 11:36:39,053] {dagbag.py:500} INFO - Filling up the DagBag from /opt/airflow/dags/dag_combustive.py
[2022-11-01 11:36:39,610] {processor.py:654} INFO - DAG(s) dict_keys(['dag_combustivel']) retrieved from /opt/airflow/dags/dag_combustive.py
[2022-11-01 11:36:39,631] {logging_mixin.py:109} INFO - [2022-11-01 11:36:39,630] {dag.py:2398} INFO - Sync 1 DAGs
[2022-11-01 11:36:39,660] {logging_mixin.py:109} INFO - [2022-11-01 11:36:39,660] {dag.py:2937} INFO - Setting next_dagrun for dag_combustivel to 2022-07-01T00:00:00+00:00
[2022-11-01 11:36:39,678] {processor.py:171} INFO - Processing /opt/airflow/dags/dag_combustive.py took 0.640 seconds
[2022-11-01 11:37:09,896] {processor.py:163} INFO - Started process (PID=534) to work on /opt/airflow/dags/dag_combustive.py
[2022-11-01 11:37:09,898] {processor.py:642} INFO - Processing file /opt/airflow/dags/dag_combustive.py for tasks to queue
[2022-11-01 11:37:09,900] {logging_mixin.py:109} INFO - [2022-11-01 11:37:09,900] {dagbag.py:500} INFO - Filling up the DagBag from /opt/airflow/dags/dag_combustive.py
[2022-11-01 11:37:10,200] {processor.py:654} INFO - DAG(s) dict_keys(['dag_combustivel']) retrieved from /opt/airflow/dags/dag_combustive.py
[2022-11-01 11:37:10,214] {logging_mixin.py:109} INFO - [2022-11-01 11:37:10,214] {dag.py:2398} INFO - Sync 1 DAGs
[2022-11-01 11:37:10,235] {logging_mixin.py:109} INFO - [2022-11-01 11:37:10,235] {dag.py:2937} INFO - Setting next_dagrun for dag_combustivel to 2022-07-01T00:00:00+00:00
[2022-11-01 11:37:10,249] {processor.py:171} INFO - Processing /opt/airflow/dags/dag_combustive.py took 0.361 seconds
[2022-11-01 11:37:41,200] {processor.py:163} INFO - Started process (PID=586) to work on /opt/airflow/dags/dag_combustive.py
[2022-11-01 11:37:41,202] {processor.py:642} INFO - Processing file /opt/airflow/dags/dag_combustive.py for tasks to queue
[2022-11-01 11:37:41,203] {logging_mixin.py:109} INFO - [2022-11-01 11:37:41,203] {dagbag.py:500} INFO - Filling up the DagBag from /opt/airflow/dags/dag_combustive.py
[2022-11-01 11:37:41,455] {processor.py:654} INFO - DAG(s) dict_keys(['dag_combustivel']) retrieved from /opt/airflow/dags/dag_combustive.py
[2022-11-01 11:37:41,467] {logging_mixin.py:109} INFO - [2022-11-01 11:37:41,466] {dag.py:2398} INFO - Sync 1 DAGs
[2022-11-01 11:37:41,486] {logging_mixin.py:109} INFO - [2022-11-01 11:37:41,486] {dag.py:2937} INFO - Setting next_dagrun for dag_combustivel to 2022-07-01T00:00:00+00:00
[2022-11-01 11:37:41,496] {processor.py:171} INFO - Processing /opt/airflow/dags/dag_combustive.py took 0.301 seconds
[2022-11-01 11:38:12,338] {processor.py:163} INFO - Started process (PID=646) to work on /opt/airflow/dags/dag_combustive.py
[2022-11-01 11:38:12,341] {processor.py:642} INFO - Processing file /opt/airflow/dags/dag_combustive.py for tasks to queue
[2022-11-01 11:38:12,343] {logging_mixin.py:109} INFO - [2022-11-01 11:38:12,343] {dagbag.py:500} INFO - Filling up the DagBag from /opt/airflow/dags/dag_combustive.py
[2022-11-01 11:38:12,956] {processor.py:654} INFO - DAG(s) dict_keys(['dag_combustivel']) retrieved from /opt/airflow/dags/dag_combustive.py
[2022-11-01 11:38:12,998] {logging_mixin.py:109} INFO - [2022-11-01 11:38:12,997] {dag.py:2398} INFO - Sync 1 DAGs
[2022-11-01 11:38:13,048] {processor.py:171} INFO - Processing /opt/airflow/dags/dag_combustive.py took 0.721 seconds
[2022-11-01 11:38:43,311] {processor.py:163} INFO - Started process (PID=698) to work on /opt/airflow/dags/dag_combustive.py
[2022-11-01 11:38:43,313] {processor.py:642} INFO - Processing file /opt/airflow/dags/dag_combustive.py for tasks to queue
[2022-11-01 11:38:43,316] {logging_mixin.py:109} INFO - [2022-11-01 11:38:43,316] {dagbag.py:500} INFO - Filling up the DagBag from /opt/airflow/dags/dag_combustive.py
[2022-11-01 11:38:43,809] {processor.py:654} INFO - DAG(s) dict_keys(['dag_combustivel']) retrieved from /opt/airflow/dags/dag_combustive.py
[2022-11-01 11:38:44,168] {logging_mixin.py:109} INFO - [2022-11-01 11:38:44,167] {dag.py:2398} INFO - Sync 1 DAGs
[2022-11-01 11:38:44,180] {logging_mixin.py:109} INFO - [2022-11-01 11:38:44,180] {dag.py:2417} INFO - Creating ORM DAG for dag_combustivel
[2022-11-01 11:38:44,195] {logging_mixin.py:109} INFO - [2022-11-01 11:38:44,195] {dag.py:2937} INFO - Setting next_dagrun for dag_combustivel to 2004-01-01T00:00:00+00:00
[2022-11-01 11:38:44,222] {processor.py:171} INFO - Processing /opt/airflow/dags/dag_combustive.py took 0.917 seconds
[2022-11-01 11:39:14,354] {processor.py:163} INFO - Started process (PID=750) to work on /opt/airflow/dags/dag_combustive.py
[2022-11-01 11:39:14,357] {processor.py:642} INFO - Processing file /opt/airflow/dags/dag_combustive.py for tasks to queue
[2022-11-01 11:39:14,360] {logging_mixin.py:109} INFO - [2022-11-01 11:39:14,359] {dagbag.py:500} INFO - Filling up the DagBag from /opt/airflow/dags/dag_combustive.py
[2022-11-01 11:39:14,634] {processor.py:654} INFO - DAG(s) dict_keys(['dag_combustivel']) retrieved from /opt/airflow/dags/dag_combustive.py
[2022-11-01 11:39:14,647] {logging_mixin.py:109} INFO - [2022-11-01 11:39:14,646] {dag.py:2398} INFO - Sync 1 DAGs
[2022-11-01 11:39:14,668] {logging_mixin.py:109} INFO - [2022-11-01 11:39:14,668] {dag.py:2937} INFO - Setting next_dagrun for dag_combustivel to 2004-01-01T00:00:00+00:00
[2022-11-01 11:39:14,678] {processor.py:171} INFO - Processing /opt/airflow/dags/dag_combustive.py took 0.330 seconds
[2022-11-01 11:39:44,766] {processor.py:163} INFO - Started process (PID=802) to work on /opt/airflow/dags/dag_combustive.py
[2022-11-01 11:39:44,770] {processor.py:642} INFO - Processing file /opt/airflow/dags/dag_combustive.py for tasks to queue
[2022-11-01 11:39:44,772] {logging_mixin.py:109} INFO - [2022-11-01 11:39:44,772] {dagbag.py:500} INFO - Filling up the DagBag from /opt/airflow/dags/dag_combustive.py
[2022-11-01 11:39:45,050] {processor.py:654} INFO - DAG(s) dict_keys(['dag_combustivel']) retrieved from /opt/airflow/dags/dag_combustive.py
[2022-11-01 11:39:45,061] {logging_mixin.py:109} INFO - [2022-11-01 11:39:45,061] {dag.py:2398} INFO - Sync 1 DAGs
[2022-11-01 11:39:45,077] {logging_mixin.py:109} INFO - [2022-11-01 11:39:45,077] {dag.py:2937} INFO - Setting next_dagrun for dag_combustivel to 2004-01-01T00:00:00+00:00
[2022-11-01 11:39:45,087] {processor.py:171} INFO - Processing /opt/airflow/dags/dag_combustive.py took 0.327 seconds
[2022-11-01 11:40:15,785] {processor.py:163} INFO - Started process (PID=863) to work on /opt/airflow/dags/dag_combustive.py
[2022-11-01 11:40:15,788] {processor.py:642} INFO - Processing file /opt/airflow/dags/dag_combustive.py for tasks to queue
[2022-11-01 11:40:15,789] {logging_mixin.py:109} INFO - [2022-11-01 11:40:15,789] {dagbag.py:500} INFO - Filling up the DagBag from /opt/airflow/dags/dag_combustive.py
[2022-11-01 11:40:16,022] {processor.py:654} INFO - DAG(s) dict_keys(['dag_combustivel']) retrieved from /opt/airflow/dags/dag_combustive.py
[2022-11-01 11:40:16,035] {logging_mixin.py:109} INFO - [2022-11-01 11:40:16,035] {dag.py:2398} INFO - Sync 1 DAGs
[2022-11-01 11:40:16,052] {logging_mixin.py:109} INFO - [2022-11-01 11:40:16,051] {dag.py:2937} INFO - Setting next_dagrun for dag_combustivel to 2004-01-01T00:00:00+00:00
[2022-11-01 11:40:16,063] {processor.py:171} INFO - Processing /opt/airflow/dags/dag_combustive.py took 0.282 seconds
[2022-11-01 11:40:46,845] {processor.py:163} INFO - Started process (PID=915) to work on /opt/airflow/dags/dag_combustive.py
[2022-11-01 11:40:46,849] {processor.py:642} INFO - Processing file /opt/airflow/dags/dag_combustive.py for tasks to queue
[2022-11-01 11:40:46,851] {logging_mixin.py:109} INFO - [2022-11-01 11:40:46,851] {dagbag.py:500} INFO - Filling up the DagBag from /opt/airflow/dags/dag_combustive.py
[2022-11-01 11:40:47,114] {processor.py:654} INFO - DAG(s) dict_keys(['dag_combustivel']) retrieved from /opt/airflow/dags/dag_combustive.py
[2022-11-01 11:40:47,127] {logging_mixin.py:109} INFO - [2022-11-01 11:40:47,126] {dag.py:2398} INFO - Sync 1 DAGs
[2022-11-01 11:40:47,142] {logging_mixin.py:109} INFO - [2022-11-01 11:40:47,142] {dag.py:2937} INFO - Setting next_dagrun for dag_combustivel to 2004-01-01T00:00:00+00:00
[2022-11-01 11:40:47,152] {processor.py:171} INFO - Processing /opt/airflow/dags/dag_combustive.py took 0.313 seconds
[2022-11-01 11:41:18,026] {processor.py:163} INFO - Started process (PID=976) to work on /opt/airflow/dags/dag_combustive.py
[2022-11-01 11:41:18,029] {processor.py:642} INFO - Processing file /opt/airflow/dags/dag_combustive.py for tasks to queue
[2022-11-01 11:41:18,031] {logging_mixin.py:109} INFO - [2022-11-01 11:41:18,030] {dagbag.py:500} INFO - Filling up the DagBag from /opt/airflow/dags/dag_combustive.py
[2022-11-01 11:41:18,274] {processor.py:654} INFO - DAG(s) dict_keys(['dag_combustivel']) retrieved from /opt/airflow/dags/dag_combustive.py
[2022-11-01 11:41:18,289] {logging_mixin.py:109} INFO - [2022-11-01 11:41:18,289] {dag.py:2398} INFO - Sync 1 DAGs
[2022-11-01 11:41:18,305] {logging_mixin.py:109} INFO - [2022-11-01 11:41:18,305] {dag.py:2937} INFO - Setting next_dagrun for dag_combustivel to 2004-01-01T00:00:00+00:00
[2022-11-01 11:41:18,321] {processor.py:171} INFO - Processing /opt/airflow/dags/dag_combustive.py took 0.300 seconds
[2022-11-01 11:41:49,076] {processor.py:163} INFO - Started process (PID=1029) to work on /opt/airflow/dags/dag_combustive.py
[2022-11-01 11:41:49,078] {processor.py:642} INFO - Processing file /opt/airflow/dags/dag_combustive.py for tasks to queue
[2022-11-01 11:41:49,080] {logging_mixin.py:109} INFO - [2022-11-01 11:41:49,080] {dagbag.py:500} INFO - Filling up the DagBag from /opt/airflow/dags/dag_combustive.py
[2022-11-01 11:41:49,304] {processor.py:654} INFO - DAG(s) dict_keys(['dag_combustivel']) retrieved from /opt/airflow/dags/dag_combustive.py
[2022-11-01 11:41:49,316] {logging_mixin.py:109} INFO - [2022-11-01 11:41:49,316] {dag.py:2398} INFO - Sync 1 DAGs
[2022-11-01 11:41:49,333] {logging_mixin.py:109} INFO - [2022-11-01 11:41:49,333] {dag.py:2937} INFO - Setting next_dagrun for dag_combustivel to 2004-01-01T00:00:00+00:00
[2022-11-01 11:41:49,346] {processor.py:171} INFO - Processing /opt/airflow/dags/dag_combustive.py took 0.276 seconds
[2022-11-01 11:42:19,880] {processor.py:163} INFO - Started process (PID=1091) to work on /opt/airflow/dags/dag_combustive.py
[2022-11-01 11:42:19,883] {processor.py:642} INFO - Processing file /opt/airflow/dags/dag_combustive.py for tasks to queue
[2022-11-01 11:42:19,885] {logging_mixin.py:109} INFO - [2022-11-01 11:42:19,885] {dagbag.py:500} INFO - Filling up the DagBag from /opt/airflow/dags/dag_combustive.py
[2022-11-01 11:42:20,142] {processor.py:654} INFO - DAG(s) dict_keys(['dag_combustivel']) retrieved from /opt/airflow/dags/dag_combustive.py
[2022-11-01 11:42:20,155] {logging_mixin.py:109} INFO - [2022-11-01 11:42:20,154] {dag.py:2398} INFO - Sync 1 DAGs
[2022-11-01 11:42:20,172] {logging_mixin.py:109} INFO - [2022-11-01 11:42:20,172] {dag.py:2937} INFO - Setting next_dagrun for dag_combustivel to 2004-01-01T00:00:00+00:00
[2022-11-01 11:42:20,184] {processor.py:171} INFO - Processing /opt/airflow/dags/dag_combustive.py took 0.312 seconds
[2022-11-01 11:42:50,686] {processor.py:163} INFO - Started process (PID=1143) to work on /opt/airflow/dags/dag_combustive.py
[2022-11-01 11:42:50,689] {processor.py:642} INFO - Processing file /opt/airflow/dags/dag_combustive.py for tasks to queue
[2022-11-01 11:42:50,691] {logging_mixin.py:109} INFO - [2022-11-01 11:42:50,691] {dagbag.py:500} INFO - Filling up the DagBag from /opt/airflow/dags/dag_combustive.py
[2022-11-01 11:42:50,919] {processor.py:654} INFO - DAG(s) dict_keys(['dag_combustivel']) retrieved from /opt/airflow/dags/dag_combustive.py
[2022-11-01 11:42:50,936] {logging_mixin.py:109} INFO - [2022-11-01 11:42:50,936] {dag.py:2398} INFO - Sync 1 DAGs
[2022-11-01 11:42:50,957] {logging_mixin.py:109} INFO - [2022-11-01 11:42:50,957] {dag.py:2937} INFO - Setting next_dagrun for dag_combustivel to 2004-01-01T00:00:00+00:00
[2022-11-01 11:42:50,971] {processor.py:171} INFO - Processing /opt/airflow/dags/dag_combustive.py took 0.288 seconds
[2022-11-01 11:43:21,446] {processor.py:163} INFO - Started process (PID=1205) to work on /opt/airflow/dags/dag_combustive.py
[2022-11-01 11:43:21,450] {processor.py:642} INFO - Processing file /opt/airflow/dags/dag_combustive.py for tasks to queue
[2022-11-01 11:43:21,453] {logging_mixin.py:109} INFO - [2022-11-01 11:43:21,453] {dagbag.py:500} INFO - Filling up the DagBag from /opt/airflow/dags/dag_combustive.py
[2022-11-01 11:43:21,754] {processor.py:654} INFO - DAG(s) dict_keys(['dag_combustivel']) retrieved from /opt/airflow/dags/dag_combustive.py
[2022-11-01 11:43:21,779] {logging_mixin.py:109} INFO - [2022-11-01 11:43:21,778] {dag.py:2398} INFO - Sync 1 DAGs
[2022-11-01 11:43:21,870] {logging_mixin.py:109} INFO - [2022-11-01 11:43:21,870] {dag.py:2937} INFO - Setting next_dagrun for dag_combustivel to 2004-01-01T00:00:00+00:00
[2022-11-01 11:43:21,899] {processor.py:171} INFO - Processing /opt/airflow/dags/dag_combustive.py took 0.457 seconds
[2022-11-01 11:43:52,680] {processor.py:163} INFO - Started process (PID=1257) to work on /opt/airflow/dags/dag_combustive.py
[2022-11-01 11:43:52,683] {processor.py:642} INFO - Processing file /opt/airflow/dags/dag_combustive.py for tasks to queue
[2022-11-01 11:43:52,685] {logging_mixin.py:109} INFO - [2022-11-01 11:43:52,685] {dagbag.py:500} INFO - Filling up the DagBag from /opt/airflow/dags/dag_combustive.py
[2022-11-01 11:43:52,949] {processor.py:654} INFO - DAG(s) dict_keys(['dag_combustivel']) retrieved from /opt/airflow/dags/dag_combustive.py
[2022-11-01 11:43:52,964] {logging_mixin.py:109} INFO - [2022-11-01 11:43:52,964] {dag.py:2398} INFO - Sync 1 DAGs
[2022-11-01 11:43:52,983] {logging_mixin.py:109} INFO - [2022-11-01 11:43:52,983] {dag.py:2937} INFO - Setting next_dagrun for dag_combustivel to 2004-01-01T00:00:00+00:00
[2022-11-01 11:43:53,007] {processor.py:171} INFO - Processing /opt/airflow/dags/dag_combustive.py took 0.332 seconds
[2022-11-01 11:44:23,250] {processor.py:163} INFO - Started process (PID=1311) to work on /opt/airflow/dags/dag_combustive.py
[2022-11-01 11:44:23,252] {processor.py:642} INFO - Processing file /opt/airflow/dags/dag_combustive.py for tasks to queue
[2022-11-01 11:44:23,254] {logging_mixin.py:109} INFO - [2022-11-01 11:44:23,254] {dagbag.py:500} INFO - Filling up the DagBag from /opt/airflow/dags/dag_combustive.py
[2022-11-01 11:44:23,546] {processor.py:654} INFO - DAG(s) dict_keys(['dag_combustivel']) retrieved from /opt/airflow/dags/dag_combustive.py
[2022-11-01 11:44:23,569] {logging_mixin.py:109} INFO - [2022-11-01 11:44:23,569] {dag.py:2398} INFO - Sync 1 DAGs
[2022-11-01 11:44:23,595] {logging_mixin.py:109} INFO - [2022-11-01 11:44:23,595] {dag.py:2937} INFO - Setting next_dagrun for dag_combustivel to 2004-01-01T00:00:00+00:00
[2022-11-01 11:44:23,616] {processor.py:171} INFO - Processing /opt/airflow/dags/dag_combustive.py took 0.369 seconds
[2022-11-01 11:44:53,695] {processor.py:163} INFO - Started process (PID=1370) to work on /opt/airflow/dags/dag_combustive.py
[2022-11-01 11:44:53,700] {processor.py:642} INFO - Processing file /opt/airflow/dags/dag_combustive.py for tasks to queue
[2022-11-01 11:44:53,701] {logging_mixin.py:109} INFO - [2022-11-01 11:44:53,701] {dagbag.py:500} INFO - Filling up the DagBag from /opt/airflow/dags/dag_combustive.py
[2022-11-01 11:44:54,147] {processor.py:654} INFO - DAG(s) dict_keys(['dag_combustivel']) retrieved from /opt/airflow/dags/dag_combustive.py
[2022-11-01 11:44:54,162] {logging_mixin.py:109} INFO - [2022-11-01 11:44:54,162] {dag.py:2398} INFO - Sync 1 DAGs
[2022-11-01 11:44:54,186] {logging_mixin.py:109} INFO - [2022-11-01 11:44:54,186] {dag.py:2937} INFO - Setting next_dagrun for dag_combustivel to 2004-01-01T00:00:00+00:00
[2022-11-01 11:44:54,216] {processor.py:171} INFO - Processing /opt/airflow/dags/dag_combustive.py took 0.527 seconds
[2022-11-01 11:45:25,006] {processor.py:163} INFO - Started process (PID=1423) to work on /opt/airflow/dags/dag_combustive.py
[2022-11-01 11:45:25,008] {processor.py:642} INFO - Processing file /opt/airflow/dags/dag_combustive.py for tasks to queue
[2022-11-01 11:45:25,011] {logging_mixin.py:109} INFO - [2022-11-01 11:45:25,010] {dagbag.py:500} INFO - Filling up the DagBag from /opt/airflow/dags/dag_combustive.py
[2022-11-01 11:45:25,257] {processor.py:654} INFO - DAG(s) dict_keys(['dag_combustivel']) retrieved from /opt/airflow/dags/dag_combustive.py
[2022-11-01 11:45:25,271] {logging_mixin.py:109} INFO - [2022-11-01 11:45:25,271] {dag.py:2398} INFO - Sync 1 DAGs
[2022-11-01 11:45:25,288] {logging_mixin.py:109} INFO - [2022-11-01 11:45:25,288] {dag.py:2937} INFO - Setting next_dagrun for dag_combustivel to 2004-01-01T00:00:00+00:00
[2022-11-01 11:45:25,300] {processor.py:171} INFO - Processing /opt/airflow/dags/dag_combustive.py took 0.303 seconds
[2022-11-01 11:45:55,452] {processor.py:163} INFO - Started process (PID=1475) to work on /opt/airflow/dags/dag_combustive.py
[2022-11-01 11:45:55,455] {processor.py:642} INFO - Processing file /opt/airflow/dags/dag_combustive.py for tasks to queue
[2022-11-01 11:45:55,456] {logging_mixin.py:109} INFO - [2022-11-01 11:45:55,456] {dagbag.py:500} INFO - Filling up the DagBag from /opt/airflow/dags/dag_combustive.py
[2022-11-01 11:45:55,748] {processor.py:654} INFO - DAG(s) dict_keys(['dag_combustivel']) retrieved from /opt/airflow/dags/dag_combustive.py
[2022-11-01 11:45:55,771] {logging_mixin.py:109} INFO - [2022-11-01 11:45:55,770] {dag.py:2398} INFO - Sync 1 DAGs
[2022-11-01 11:45:55,815] {logging_mixin.py:109} INFO - [2022-11-01 11:45:55,815] {dag.py:2937} INFO - Setting next_dagrun for dag_combustivel to 2004-01-01T00:00:00+00:00
[2022-11-01 11:45:55,842] {processor.py:171} INFO - Processing /opt/airflow/dags/dag_combustive.py took 0.396 seconds
[2022-11-01 11:46:26,288] {processor.py:163} INFO - Started process (PID=1537) to work on /opt/airflow/dags/dag_combustive.py
[2022-11-01 11:46:26,291] {processor.py:642} INFO - Processing file /opt/airflow/dags/dag_combustive.py for tasks to queue
[2022-11-01 11:46:26,293] {logging_mixin.py:109} INFO - [2022-11-01 11:46:26,293] {dagbag.py:500} INFO - Filling up the DagBag from /opt/airflow/dags/dag_combustive.py
[2022-11-01 11:46:26,526] {processor.py:654} INFO - DAG(s) dict_keys(['dag_combustivel']) retrieved from /opt/airflow/dags/dag_combustive.py
[2022-11-01 11:46:26,538] {logging_mixin.py:109} INFO - [2022-11-01 11:46:26,538] {dag.py:2398} INFO - Sync 1 DAGs
[2022-11-01 11:46:26,555] {logging_mixin.py:109} INFO - [2022-11-01 11:46:26,555] {dag.py:2937} INFO - Setting next_dagrun for dag_combustivel to 2004-01-01T00:00:00+00:00
[2022-11-01 11:46:26,566] {processor.py:171} INFO - Processing /opt/airflow/dags/dag_combustive.py took 0.281 seconds
[2022-11-01 11:46:56,982] {processor.py:163} INFO - Started process (PID=1589) to work on /opt/airflow/dags/dag_combustive.py
[2022-11-01 11:46:56,987] {processor.py:642} INFO - Processing file /opt/airflow/dags/dag_combustive.py for tasks to queue
[2022-11-01 11:46:56,990] {logging_mixin.py:109} INFO - [2022-11-01 11:46:56,990] {dagbag.py:500} INFO - Filling up the DagBag from /opt/airflow/dags/dag_combustive.py
[2022-11-01 11:46:57,332] {processor.py:654} INFO - DAG(s) dict_keys(['dag_combustivel']) retrieved from /opt/airflow/dags/dag_combustive.py
[2022-11-01 11:46:57,348] {logging_mixin.py:109} INFO - [2022-11-01 11:46:57,348] {dag.py:2398} INFO - Sync 1 DAGs
[2022-11-01 11:46:57,369] {logging_mixin.py:109} INFO - [2022-11-01 11:46:57,369] {dag.py:2937} INFO - Setting next_dagrun for dag_combustivel to 2004-01-01T00:00:00+00:00
[2022-11-01 11:46:57,381] {processor.py:171} INFO - Processing /opt/airflow/dags/dag_combustive.py took 0.403 seconds
[2022-11-01 11:47:28,220] {processor.py:163} INFO - Started process (PID=1650) to work on /opt/airflow/dags/dag_combustive.py
[2022-11-01 11:47:28,223] {processor.py:642} INFO - Processing file /opt/airflow/dags/dag_combustive.py for tasks to queue
[2022-11-01 11:47:28,227] {logging_mixin.py:109} INFO - [2022-11-01 11:47:28,225] {dagbag.py:500} INFO - Filling up the DagBag from /opt/airflow/dags/dag_combustive.py
[2022-11-01 11:47:28,494] {processor.py:654} INFO - DAG(s) dict_keys(['dag_combustivel']) retrieved from /opt/airflow/dags/dag_combustive.py
[2022-11-01 11:47:28,509] {logging_mixin.py:109} INFO - [2022-11-01 11:47:28,508] {dag.py:2398} INFO - Sync 1 DAGs
[2022-11-01 11:47:28,535] {logging_mixin.py:109} INFO - [2022-11-01 11:47:28,535] {dag.py:2937} INFO - Setting next_dagrun for dag_combustivel to 2004-01-01T00:00:00+00:00
[2022-11-01 11:47:28,552] {processor.py:171} INFO - Processing /opt/airflow/dags/dag_combustive.py took 0.339 seconds
[2022-11-01 11:47:59,379] {processor.py:163} INFO - Started process (PID=1703) to work on /opt/airflow/dags/dag_combustive.py
[2022-11-01 11:47:59,384] {processor.py:642} INFO - Processing file /opt/airflow/dags/dag_combustive.py for tasks to queue
[2022-11-01 11:47:59,387] {logging_mixin.py:109} INFO - [2022-11-01 11:47:59,386] {dagbag.py:500} INFO - Filling up the DagBag from /opt/airflow/dags/dag_combustive.py
[2022-11-01 11:47:59,697] {processor.py:654} INFO - DAG(s) dict_keys(['dag_combustivel']) retrieved from /opt/airflow/dags/dag_combustive.py
[2022-11-01 11:47:59,710] {logging_mixin.py:109} INFO - [2022-11-01 11:47:59,710] {dag.py:2398} INFO - Sync 1 DAGs
[2022-11-01 11:47:59,729] {logging_mixin.py:109} INFO - [2022-11-01 11:47:59,729] {dag.py:2937} INFO - Setting next_dagrun for dag_combustivel to 2004-01-01T00:00:00+00:00
[2022-11-01 11:47:59,742] {processor.py:171} INFO - Processing /opt/airflow/dags/dag_combustive.py took 0.371 seconds
[2022-11-01 11:48:29,917] {processor.py:163} INFO - Started process (PID=1761) to work on /opt/airflow/dags/dag_combustive.py
[2022-11-01 11:48:29,919] {processor.py:642} INFO - Processing file /opt/airflow/dags/dag_combustive.py for tasks to queue
[2022-11-01 11:48:29,920] {logging_mixin.py:109} INFO - [2022-11-01 11:48:29,920] {dagbag.py:500} INFO - Filling up the DagBag from /opt/airflow/dags/dag_combustive.py
[2022-11-01 11:48:30,219] {processor.py:654} INFO - DAG(s) dict_keys(['dag_combustivel']) retrieved from /opt/airflow/dags/dag_combustive.py
[2022-11-01 11:48:30,234] {logging_mixin.py:109} INFO - [2022-11-01 11:48:30,234] {dag.py:2398} INFO - Sync 1 DAGs
[2022-11-01 11:48:30,255] {logging_mixin.py:109} INFO - [2022-11-01 11:48:30,255] {dag.py:2937} INFO - Setting next_dagrun for dag_combustivel to 2004-01-01T00:00:00+00:00
[2022-11-01 11:48:30,267] {processor.py:171} INFO - Processing /opt/airflow/dags/dag_combustive.py took 0.355 seconds
[2022-11-01 11:49:00,418] {processor.py:163} INFO - Started process (PID=1821) to work on /opt/airflow/dags/dag_combustive.py
[2022-11-01 11:49:00,422] {processor.py:642} INFO - Processing file /opt/airflow/dags/dag_combustive.py for tasks to queue
[2022-11-01 11:49:00,423] {logging_mixin.py:109} INFO - [2022-11-01 11:49:00,423] {dagbag.py:500} INFO - Filling up the DagBag from /opt/airflow/dags/dag_combustive.py
[2022-11-01 11:49:00,887] {processor.py:654} INFO - DAG(s) dict_keys(['dag_combustivel']) retrieved from /opt/airflow/dags/dag_combustive.py
[2022-11-01 11:49:00,902] {logging_mixin.py:109} INFO - [2022-11-01 11:49:00,902] {dag.py:2398} INFO - Sync 1 DAGs
[2022-11-01 11:49:00,933] {logging_mixin.py:109} INFO - [2022-11-01 11:49:00,932] {dag.py:2937} INFO - Setting next_dagrun for dag_combustivel to 2004-01-01T00:00:00+00:00
[2022-11-01 11:49:00,951] {processor.py:171} INFO - Processing /opt/airflow/dags/dag_combustive.py took 0.540 seconds
[2022-11-01 11:49:31,541] {processor.py:163} INFO - Started process (PID=1873) to work on /opt/airflow/dags/dag_combustive.py
[2022-11-01 11:49:31,544] {processor.py:642} INFO - Processing file /opt/airflow/dags/dag_combustive.py for tasks to queue
[2022-11-01 11:49:31,546] {logging_mixin.py:109} INFO - [2022-11-01 11:49:31,545] {dagbag.py:500} INFO - Filling up the DagBag from /opt/airflow/dags/dag_combustive.py
[2022-11-01 11:49:31,838] {processor.py:654} INFO - DAG(s) dict_keys(['dag_combustivel']) retrieved from /opt/airflow/dags/dag_combustive.py
[2022-11-01 11:49:31,858] {logging_mixin.py:109} INFO - [2022-11-01 11:49:31,857] {dag.py:2398} INFO - Sync 1 DAGs
[2022-11-01 11:49:31,884] {logging_mixin.py:109} INFO - [2022-11-01 11:49:31,884] {dag.py:2937} INFO - Setting next_dagrun for dag_combustivel to 2004-01-01T00:00:00+00:00
[2022-11-01 11:49:31,901] {processor.py:171} INFO - Processing /opt/airflow/dags/dag_combustive.py took 0.365 seconds
[2022-11-01 11:50:02,287] {processor.py:163} INFO - Started process (PID=1928) to work on /opt/airflow/dags/dag_combustive.py
[2022-11-01 11:50:02,291] {processor.py:642} INFO - Processing file /opt/airflow/dags/dag_combustive.py for tasks to queue
[2022-11-01 11:50:02,293] {logging_mixin.py:109} INFO - [2022-11-01 11:50:02,293] {dagbag.py:500} INFO - Filling up the DagBag from /opt/airflow/dags/dag_combustive.py
[2022-11-01 11:50:02,617] {processor.py:654} INFO - DAG(s) dict_keys(['dag_combustivel']) retrieved from /opt/airflow/dags/dag_combustive.py
[2022-11-01 11:50:02,630] {logging_mixin.py:109} INFO - [2022-11-01 11:50:02,629] {dag.py:2398} INFO - Sync 1 DAGs
[2022-11-01 11:50:02,653] {logging_mixin.py:109} INFO - [2022-11-01 11:50:02,652] {dag.py:2937} INFO - Setting next_dagrun for dag_combustivel to 2004-01-01T00:00:00+00:00
[2022-11-01 11:50:02,680] {processor.py:171} INFO - Processing /opt/airflow/dags/dag_combustive.py took 0.398 seconds
[2022-11-01 11:50:33,474] {processor.py:163} INFO - Started process (PID=1990) to work on /opt/airflow/dags/dag_combustive.py
[2022-11-01 11:50:33,476] {processor.py:642} INFO - Processing file /opt/airflow/dags/dag_combustive.py for tasks to queue
[2022-11-01 11:50:33,478] {logging_mixin.py:109} INFO - [2022-11-01 11:50:33,478] {dagbag.py:500} INFO - Filling up the DagBag from /opt/airflow/dags/dag_combustive.py
[2022-11-01 11:50:33,749] {processor.py:654} INFO - DAG(s) dict_keys(['dag_combustivel']) retrieved from /opt/airflow/dags/dag_combustive.py
[2022-11-01 11:50:33,769] {logging_mixin.py:109} INFO - [2022-11-01 11:50:33,768] {dag.py:2398} INFO - Sync 1 DAGs
[2022-11-01 11:50:33,793] {logging_mixin.py:109} INFO - [2022-11-01 11:50:33,793] {dag.py:2937} INFO - Setting next_dagrun for dag_combustivel to 2004-01-01T00:00:00+00:00
[2022-11-01 11:50:33,806] {processor.py:171} INFO - Processing /opt/airflow/dags/dag_combustive.py took 0.334 seconds
[2022-11-01 11:51:03,855] {processor.py:163} INFO - Started process (PID=2042) to work on /opt/airflow/dags/dag_combustive.py
[2022-11-01 11:51:03,857] {processor.py:642} INFO - Processing file /opt/airflow/dags/dag_combustive.py for tasks to queue
[2022-11-01 11:51:03,859] {logging_mixin.py:109} INFO - [2022-11-01 11:51:03,858] {dagbag.py:500} INFO - Filling up the DagBag from /opt/airflow/dags/dag_combustive.py
[2022-11-01 11:51:04,104] {processor.py:654} INFO - DAG(s) dict_keys(['dag_combustivel']) retrieved from /opt/airflow/dags/dag_combustive.py
[2022-11-01 11:51:04,115] {logging_mixin.py:109} INFO - [2022-11-01 11:51:04,115] {dag.py:2398} INFO - Sync 1 DAGs
[2022-11-01 11:51:04,133] {logging_mixin.py:109} INFO - [2022-11-01 11:51:04,133] {dag.py:2937} INFO - Setting next_dagrun for dag_combustivel to 2004-01-01T00:00:00+00:00
[2022-11-01 11:51:04,144] {processor.py:171} INFO - Processing /opt/airflow/dags/dag_combustive.py took 0.292 seconds
[2022-11-01 11:51:34,223] {processor.py:163} INFO - Started process (PID=2095) to work on /opt/airflow/dags/dag_combustive.py
[2022-11-01 11:51:34,225] {processor.py:642} INFO - Processing file /opt/airflow/dags/dag_combustive.py for tasks to queue
[2022-11-01 11:51:34,226] {logging_mixin.py:109} INFO - [2022-11-01 11:51:34,226] {dagbag.py:500} INFO - Filling up the DagBag from /opt/airflow/dags/dag_combustive.py
[2022-11-01 11:51:34,512] {processor.py:654} INFO - DAG(s) dict_keys(['dag_combustivel']) retrieved from /opt/airflow/dags/dag_combustive.py
[2022-11-01 11:51:34,538] {logging_mixin.py:109} INFO - [2022-11-01 11:51:34,537] {dag.py:2398} INFO - Sync 1 DAGs
[2022-11-01 11:51:34,570] {logging_mixin.py:109} INFO - [2022-11-01 11:51:34,570] {dag.py:2937} INFO - Setting next_dagrun for dag_combustivel to 2004-01-01T00:00:00+00:00
[2022-11-01 11:51:34,582] {processor.py:171} INFO - Processing /opt/airflow/dags/dag_combustive.py took 0.363 seconds
[2022-11-01 11:52:04,714] {processor.py:163} INFO - Started process (PID=2157) to work on /opt/airflow/dags/dag_combustive.py
[2022-11-01 11:52:04,716] {processor.py:642} INFO - Processing file /opt/airflow/dags/dag_combustive.py for tasks to queue
[2022-11-01 11:52:04,717] {logging_mixin.py:109} INFO - [2022-11-01 11:52:04,717] {dagbag.py:500} INFO - Filling up the DagBag from /opt/airflow/dags/dag_combustive.py
[2022-11-01 11:52:04,953] {processor.py:654} INFO - DAG(s) dict_keys(['dag_combustivel']) retrieved from /opt/airflow/dags/dag_combustive.py
[2022-11-01 11:52:04,968] {logging_mixin.py:109} INFO - [2022-11-01 11:52:04,968] {dag.py:2398} INFO - Sync 1 DAGs
[2022-11-01 11:52:04,992] {logging_mixin.py:109} INFO - [2022-11-01 11:52:04,992] {dag.py:2937} INFO - Setting next_dagrun for dag_combustivel to 2004-01-01T00:00:00+00:00
[2022-11-01 11:52:05,007] {processor.py:171} INFO - Processing /opt/airflow/dags/dag_combustive.py took 0.297 seconds
[2022-11-01 11:52:35,957] {processor.py:163} INFO - Started process (PID=2209) to work on /opt/airflow/dags/dag_combustive.py
[2022-11-01 11:52:35,959] {processor.py:642} INFO - Processing file /opt/airflow/dags/dag_combustive.py for tasks to queue
[2022-11-01 11:52:35,962] {logging_mixin.py:109} INFO - [2022-11-01 11:52:35,961] {dagbag.py:500} INFO - Filling up the DagBag from /opt/airflow/dags/dag_combustive.py
[2022-11-01 11:52:36,227] {processor.py:654} INFO - DAG(s) dict_keys(['dag_combustivel']) retrieved from /opt/airflow/dags/dag_combustive.py
[2022-11-01 11:52:36,250] {logging_mixin.py:109} INFO - [2022-11-01 11:52:36,249] {dag.py:2398} INFO - Sync 1 DAGs
[2022-11-01 11:52:36,284] {logging_mixin.py:109} INFO - [2022-11-01 11:52:36,284] {dag.py:2937} INFO - Setting next_dagrun for dag_combustivel to 2004-01-01T00:00:00+00:00
[2022-11-01 11:52:36,304] {processor.py:171} INFO - Processing /opt/airflow/dags/dag_combustive.py took 0.352 seconds
[2022-11-01 11:53:06,352] {processor.py:163} INFO - Started process (PID=2268) to work on /opt/airflow/dags/dag_combustive.py
[2022-11-01 11:53:06,355] {processor.py:642} INFO - Processing file /opt/airflow/dags/dag_combustive.py for tasks to queue
[2022-11-01 11:53:06,357] {logging_mixin.py:109} INFO - [2022-11-01 11:53:06,357] {dagbag.py:500} INFO - Filling up the DagBag from /opt/airflow/dags/dag_combustive.py
[2022-11-01 11:53:06,977] {processor.py:654} INFO - DAG(s) dict_keys(['dag_combustivel']) retrieved from /opt/airflow/dags/dag_combustive.py
[2022-11-01 11:53:07,019] {logging_mixin.py:109} INFO - [2022-11-01 11:53:07,018] {dag.py:2398} INFO - Sync 1 DAGs
[2022-11-01 11:53:07,096] {logging_mixin.py:109} INFO - [2022-11-01 11:53:07,096] {dag.py:2937} INFO - Setting next_dagrun for dag_combustivel to 2004-01-01T00:00:00+00:00
[2022-11-01 11:53:07,117] {processor.py:171} INFO - Processing /opt/airflow/dags/dag_combustive.py took 0.774 seconds
[2022-11-01 11:53:37,731] {processor.py:163} INFO - Started process (PID=2321) to work on /opt/airflow/dags/dag_combustive.py
[2022-11-01 11:53:37,734] {processor.py:642} INFO - Processing file /opt/airflow/dags/dag_combustive.py for tasks to queue
[2022-11-01 11:53:37,736] {logging_mixin.py:109} INFO - [2022-11-01 11:53:37,736] {dagbag.py:500} INFO - Filling up the DagBag from /opt/airflow/dags/dag_combustive.py
[2022-11-01 11:53:38,166] {processor.py:654} INFO - DAG(s) dict_keys(['dag_combustivel']) retrieved from /opt/airflow/dags/dag_combustive.py
[2022-11-01 11:53:38,184] {logging_mixin.py:109} INFO - [2022-11-01 11:53:38,183] {dag.py:2398} INFO - Sync 1 DAGs
[2022-11-01 11:53:38,216] {logging_mixin.py:109} INFO - [2022-11-01 11:53:38,216] {dag.py:2937} INFO - Setting next_dagrun for dag_combustivel to 2004-01-01T00:00:00+00:00
[2022-11-01 11:53:38,231] {processor.py:171} INFO - Processing /opt/airflow/dags/dag_combustive.py took 0.508 seconds
