[2022-11-16 22:20:32,799] {taskinstance.py:1037} INFO - Dependencies all met for <TaskInstance: dag_combustivel.delete_cluster manual__2022-11-16T21:07:34.027357+00:00 [queued]>
[2022-11-16 22:20:32,823] {taskinstance.py:1037} INFO - Dependencies all met for <TaskInstance: dag_combustivel.delete_cluster manual__2022-11-16T21:07:34.027357+00:00 [queued]>
[2022-11-16 22:20:32,824] {taskinstance.py:1243} INFO - 
--------------------------------------------------------------------------------
[2022-11-16 22:20:32,824] {taskinstance.py:1244} INFO - Starting attempt 1 of 1
[2022-11-16 22:20:32,825] {taskinstance.py:1245} INFO - 
--------------------------------------------------------------------------------
[2022-11-16 22:20:32,852] {taskinstance.py:1264} INFO - Executing <Task(DataprocDeleteClusterOperator): delete_cluster> on 2022-11-16 21:07:34.027357+00:00
[2022-11-16 22:20:32,860] {standard_task_runner.py:52} INFO - Started process 3443 to run task
[2022-11-16 22:20:32,868] {standard_task_runner.py:76} INFO - Running: ['***', 'tasks', 'run', 'dag_combustivel', 'delete_cluster', 'manual__2022-11-16T21:07:34.027357+00:00', '--job-id', '59', '--raw', '--subdir', 'DAGS_FOLDER/dag_combustivel.py', '--cfg-path', '/tmp/tmp6skh_oxq', '--error-file', '/tmp/tmpv4mo3qwz']
[2022-11-16 22:20:32,870] {standard_task_runner.py:77} INFO - Job 59: Subtask delete_cluster
[2022-11-16 22:20:32,988] {logging_mixin.py:109} INFO - Running <TaskInstance: dag_combustivel.delete_cluster manual__2022-11-16T21:07:34.027357+00:00 [running]> on host b2a62e76b908
[2022-11-16 22:20:33,129] {taskinstance.py:1431} INFO - Exporting the following env vars:
AIRFLOW_CTX_DAG_OWNER=***
AIRFLOW_CTX_DAG_ID=dag_combustivel
AIRFLOW_CTX_TASK_ID=delete_cluster
AIRFLOW_CTX_EXECUTION_DATE=2022-11-16T21:07:34.027357+00:00
AIRFLOW_CTX_DAG_RUN_ID=manual__2022-11-16T21:07:34.027357+00:00
[2022-11-16 22:20:33,162] {dataproc.py:863} INFO - Deleting cluster: stack-gcp-datapipeline-clusters
[2022-11-16 22:21:58,285] {dataproc.py:875} INFO - Cluster deleted.
[2022-11-16 22:21:58,316] {taskinstance.py:1282} INFO - Marking task as SUCCESS. dag_id=dag_combustivel, task_id=delete_cluster, execution_date=20221116T210734, start_date=20221116T222032, end_date=20221116T222158
[2022-11-16 22:21:58,407] {local_task_job.py:154} INFO - Task exited with return code 0
[2022-11-16 22:21:58,465] {local_task_job.py:264} INFO - 1 downstream tasks scheduled from follow-on schedule check
