[2022-11-16 22:46:29,874] {taskinstance.py:1037} INFO - Dependencies all met for <TaskInstance: dag_combustivel.delete_cluster manual__2022-11-16T22:36:59.788460+00:00 [queued]>
[2022-11-16 22:46:29,893] {taskinstance.py:1037} INFO - Dependencies all met for <TaskInstance: dag_combustivel.delete_cluster manual__2022-11-16T22:36:59.788460+00:00 [queued]>
[2022-11-16 22:46:29,894] {taskinstance.py:1243} INFO - 
--------------------------------------------------------------------------------
[2022-11-16 22:46:29,894] {taskinstance.py:1244} INFO - Starting attempt 1 of 1
[2022-11-16 22:46:29,894] {taskinstance.py:1245} INFO - 
--------------------------------------------------------------------------------
[2022-11-16 22:46:29,912] {taskinstance.py:1264} INFO - Executing <Task(DataprocDeleteClusterOperator): delete_cluster> on 2022-11-16 22:36:59.788460+00:00
[2022-11-16 22:46:29,921] {standard_task_runner.py:52} INFO - Started process 4598 to run task
[2022-11-16 22:46:29,927] {standard_task_runner.py:76} INFO - Running: ['***', 'tasks', 'run', 'dag_combustivel', 'delete_cluster', 'manual__2022-11-16T22:36:59.788460+00:00', '--job-id', '75', '--raw', '--subdir', 'DAGS_FOLDER/dag_combustivel.py', '--cfg-path', '/tmp/tmpj3nuybj5', '--error-file', '/tmp/tmpia95kg55']
[2022-11-16 22:46:29,929] {standard_task_runner.py:77} INFO - Job 75: Subtask delete_cluster
[2022-11-16 22:46:30,039] {logging_mixin.py:109} INFO - Running <TaskInstance: dag_combustivel.delete_cluster manual__2022-11-16T22:36:59.788460+00:00 [running]> on host b2a62e76b908
[2022-11-16 22:46:30,123] {taskinstance.py:1431} INFO - Exporting the following env vars:
AIRFLOW_CTX_DAG_OWNER=***
AIRFLOW_CTX_DAG_ID=dag_combustivel
AIRFLOW_CTX_TASK_ID=delete_cluster
AIRFLOW_CTX_EXECUTION_DATE=2022-11-16T22:36:59.788460+00:00
AIRFLOW_CTX_DAG_RUN_ID=manual__2022-11-16T22:36:59.788460+00:00
[2022-11-16 22:46:30,137] {dataproc.py:863} INFO - Deleting cluster: stack-gcp-datapipeline-clusters
[2022-11-16 22:46:56,592] {dataproc.py:875} INFO - Cluster deleted.
[2022-11-16 22:46:56,621] {taskinstance.py:1282} INFO - Marking task as SUCCESS. dag_id=dag_combustivel, task_id=delete_cluster, execution_date=20221116T223659, start_date=20221116T224629, end_date=20221116T224656
[2022-11-16 22:46:56,680] {local_task_job.py:154} INFO - Task exited with return code 0
[2022-11-16 22:46:56,767] {local_task_job.py:264} INFO - 1 downstream tasks scheduled from follow-on schedule check
