[2022-11-01 11:50:17,909] {taskinstance.py:1037} INFO - Dependencies all met for <TaskInstance: example_gcs.list_buckets manual__2022-11-01T11:50:16.724550+00:00 [queued]>
[2022-11-01 11:50:17,934] {taskinstance.py:1037} INFO - Dependencies all met for <TaskInstance: example_gcs.list_buckets manual__2022-11-01T11:50:16.724550+00:00 [queued]>
[2022-11-01 11:50:17,935] {taskinstance.py:1243} INFO - 
--------------------------------------------------------------------------------
[2022-11-01 11:50:17,936] {taskinstance.py:1244} INFO - Starting attempt 1 of 1
[2022-11-01 11:50:17,938] {taskinstance.py:1245} INFO - 
--------------------------------------------------------------------------------
[2022-11-01 11:50:17,952] {taskinstance.py:1264} INFO - Executing <Task(GCSListObjectsOperator): list_buckets> on 2022-11-01 11:50:16.724550+00:00
[2022-11-01 11:50:17,960] {standard_task_runner.py:52} INFO - Started process 794 to run task
[2022-11-01 11:50:17,964] {standard_task_runner.py:76} INFO - Running: ['***', 'tasks', 'run', 'example_gcs', 'list_buckets', 'manual__2022-11-01T11:50:16.724550+00:00', '--job-id', '217', '--raw', '--subdir', 'DAGS_FOLDER/dag_teste.py', '--cfg-path', '/tmp/tmptf42fzrl', '--error-file', '/tmp/tmpvs2udr0o']
[2022-11-01 11:50:17,966] {standard_task_runner.py:77} INFO - Job 217: Subtask list_buckets
[2022-11-01 11:50:18,030] {logging_mixin.py:109} INFO - Running <TaskInstance: example_gcs.list_buckets manual__2022-11-01T11:50:16.724550+00:00 [running]> on host 44262508447e
[2022-11-01 11:50:18,117] {taskinstance.py:1431} INFO - Exporting the following env vars:
AIRFLOW_CTX_DAG_OWNER=***
AIRFLOW_CTX_DAG_ID=example_gcs
AIRFLOW_CTX_TASK_ID=list_buckets
AIRFLOW_CTX_EXECUTION_DATE=2022-11-01T11:50:16.724550+00:00
AIRFLOW_CTX_DAG_RUN_ID=manual__2022-11-01T11:50:16.724550+00:00
[2022-11-01 11:50:18,133] {gcs.py:259} INFO - Getting list of the files. Bucket: data-pipeline-stack-combustiveis-brasil-curated; Delimiter: None; Prefix: None
[2022-11-01 11:50:18,770] {taskinstance.py:1282} INFO - Marking task as SUCCESS. dag_id=example_gcs, task_id=list_buckets, execution_date=20221101T115016, start_date=20221101T115017, end_date=20221101T115018
[2022-11-01 11:50:18,830] {local_task_job.py:154} INFO - Task exited with return code 0
[2022-11-01 11:50:18,868] {local_task_job.py:264} INFO - 0 downstream tasks scheduled from follow-on schedule check
