[2022-10-05 17:56:23,123] {taskinstance.py:1037} INFO - Dependencies all met for <TaskInstance: dag_combustivel.create_cluster scheduled__2021-01-01T00:00:00+00:00 [queued]>
[2022-10-05 17:56:23,148] {taskinstance.py:1037} INFO - Dependencies all met for <TaskInstance: dag_combustivel.create_cluster scheduled__2021-01-01T00:00:00+00:00 [queued]>
[2022-10-05 17:56:23,150] {taskinstance.py:1243} INFO - 
--------------------------------------------------------------------------------
[2022-10-05 17:56:23,152] {taskinstance.py:1244} INFO - Starting attempt 1 of 1
[2022-10-05 17:56:23,154] {taskinstance.py:1245} INFO - 
--------------------------------------------------------------------------------
[2022-10-05 17:56:23,184] {taskinstance.py:1264} INFO - Executing <Task(DataprocCreateClusterOperator): create_cluster> on 2021-01-01 00:00:00+00:00
[2022-10-05 17:56:23,195] {standard_task_runner.py:52} INFO - Started process 22987 to run task
[2022-10-05 17:56:23,202] {standard_task_runner.py:76} INFO - Running: ['***', 'tasks', 'run', 'dag_combustivel', 'create_cluster', 'scheduled__2021-01-01T00:00:00+00:00', '--job-id', '111', '--raw', '--subdir', 'DAGS_FOLDER/dag_combustive.py', '--cfg-path', '/tmp/tmpl9084043', '--error-file', '/tmp/tmprmv_ezn_']
[2022-10-05 17:56:23,208] {standard_task_runner.py:77} INFO - Job 111: Subtask create_cluster
[2022-10-05 17:56:23,319] {logging_mixin.py:109} INFO - Running <TaskInstance: dag_combustivel.create_cluster scheduled__2021-01-01T00:00:00+00:00 [running]> on host 1445d51ba90b
[2022-10-05 17:56:23,549] {taskinstance.py:1431} INFO - Exporting the following env vars:
AIRFLOW_CTX_DAG_OWNER=***
AIRFLOW_CTX_DAG_ID=dag_combustivel
AIRFLOW_CTX_TASK_ID=create_cluster
AIRFLOW_CTX_EXECUTION_DATE=2021-01-01T00:00:00+00:00
AIRFLOW_CTX_DAG_RUN_ID=scheduled__2021-01-01T00:00:00+00:00
[2022-10-05 17:56:23,553] {dataproc.py:625} INFO - Creating cluster: dataproc-cluster-stack-data-pipeline01
[2022-10-05 17:59:16,430] {dataproc.py:569} INFO - Cluster created.
[2022-10-05 17:59:16,470] {taskinstance.py:1282} INFO - Marking task as SUCCESS. dag_id=dag_combustivel, task_id=create_cluster, execution_date=20210101T000000, start_date=20221005T175623, end_date=20221005T175916
[2022-10-05 17:59:16,534] {local_task_job.py:154} INFO - Task exited with return code 0
[2022-10-05 17:59:16,581] {local_task_job.py:264} INFO - 0 downstream tasks scheduled from follow-on schedule check
