[2022-10-06 00:37:11,988] {taskinstance.py:1037} INFO - Dependencies all met for <TaskInstance: dag_combustivel.create_cluster scheduled__2021-01-01T00:00:00+00:00 [queued]>
[2022-10-06 00:37:12,002] {taskinstance.py:1037} INFO - Dependencies all met for <TaskInstance: dag_combustivel.create_cluster scheduled__2021-01-01T00:00:00+00:00 [queued]>
[2022-10-06 00:37:12,003] {taskinstance.py:1243} INFO - 
--------------------------------------------------------------------------------
[2022-10-06 00:37:12,004] {taskinstance.py:1244} INFO - Starting attempt 2 of 2
[2022-10-06 00:37:12,005] {taskinstance.py:1245} INFO - 
--------------------------------------------------------------------------------
[2022-10-06 00:37:12,018] {taskinstance.py:1264} INFO - Executing <Task(DataprocCreateClusterOperator): create_cluster> on 2021-01-01 00:00:00+00:00
[2022-10-06 00:37:12,023] {standard_task_runner.py:52} INFO - Started process 9575 to run task
[2022-10-06 00:37:12,028] {standard_task_runner.py:76} INFO - Running: ['***', 'tasks', 'run', 'dag_combustivel', 'create_cluster', 'scheduled__2021-01-01T00:00:00+00:00', '--job-id', '186', '--raw', '--subdir', 'DAGS_FOLDER/dag_combustive.py', '--cfg-path', '/tmp/tmpv5kftzmk', '--error-file', '/tmp/tmpehpm8qtc']
[2022-10-06 00:37:12,030] {standard_task_runner.py:77} INFO - Job 186: Subtask create_cluster
[2022-10-06 00:37:12,099] {logging_mixin.py:109} INFO - Running <TaskInstance: dag_combustivel.create_cluster scheduled__2021-01-01T00:00:00+00:00 [running]> on host 1445d51ba90b
[2022-10-06 00:37:12,167] {taskinstance.py:1431} INFO - Exporting the following env vars:
AIRFLOW_CTX_DAG_OWNER=***
AIRFLOW_CTX_DAG_ID=dag_combustivel
AIRFLOW_CTX_TASK_ID=create_cluster
AIRFLOW_CTX_EXECUTION_DATE=2021-01-01T00:00:00+00:00
AIRFLOW_CTX_DAG_RUN_ID=scheduled__2021-01-01T00:00:00+00:00
[2022-10-06 00:37:12,169] {dataproc.py:625} INFO - Creating cluster: stack-data-pipeline
[2022-10-06 00:40:25,689] {dataproc.py:569} INFO - Cluster created.
[2022-10-06 00:40:29,903] {taskinstance.py:1282} INFO - Marking task as SUCCESS. dag_id=dag_combustivel, task_id=create_cluster, execution_date=20210101T000000, start_date=20221006T003711, end_date=20221006T004029
[2022-10-06 00:40:30,031] {local_task_job.py:154} INFO - Task exited with return code 0
[2022-10-06 00:40:30,110] {local_task_job.py:264} INFO - 1 downstream tasks scheduled from follow-on schedule check
