[2022-10-05 22:13:50,622] {taskinstance.py:1037} INFO - Dependencies all met for <TaskInstance: dag_combustivel.get_op scheduled__2017-01-01T00:00:00+00:00 [queued]>
[2022-10-05 22:13:50,637] {taskinstance.py:1037} INFO - Dependencies all met for <TaskInstance: dag_combustivel.get_op scheduled__2017-01-01T00:00:00+00:00 [queued]>
[2022-10-05 22:13:50,638] {taskinstance.py:1243} INFO - 
--------------------------------------------------------------------------------
[2022-10-05 22:13:50,639] {taskinstance.py:1244} INFO - Starting attempt 4 of 4
[2022-10-05 22:13:50,640] {taskinstance.py:1245} INFO - 
--------------------------------------------------------------------------------
[2022-10-05 22:13:50,654] {taskinstance.py:1264} INFO - Executing <Task(SimpleHttpOperator): get_op> on 2017-01-01 00:00:00+00:00
[2022-10-05 22:13:50,659] {standard_task_runner.py:52} INFO - Started process 4345 to run task
[2022-10-05 22:13:50,666] {standard_task_runner.py:76} INFO - Running: ['***', 'tasks', 'run', 'dag_combustivel', 'get_op', 'scheduled__2017-01-01T00:00:00+00:00', '--job-id', '136', '--raw', '--subdir', 'DAGS_FOLDER/dag_combustive.py', '--cfg-path', '/tmp/tmp1llz0tvl', '--error-file', '/tmp/tmpiqjqwx0c']
[2022-10-05 22:13:50,676] {standard_task_runner.py:77} INFO - Job 136: Subtask get_op
[2022-10-05 22:13:50,792] {logging_mixin.py:109} INFO - Running <TaskInstance: dag_combustivel.get_op scheduled__2017-01-01T00:00:00+00:00 [running]> on host 1445d51ba90b
[2022-10-05 22:13:50,875] {taskinstance.py:1431} INFO - Exporting the following env vars:
AIRFLOW_CTX_DAG_OWNER=***
AIRFLOW_CTX_DAG_ID=dag_combustivel
AIRFLOW_CTX_TASK_ID=get_op
AIRFLOW_CTX_EXECUTION_DATE=2017-01-01T00:00:00+00:00
AIRFLOW_CTX_DAG_RUN_ID=scheduled__2017-01-01T00:00:00+00:00
[2022-10-05 22:13:50,877] {http.py:104} INFO - Calling HTTP method
[2022-10-05 22:13:50,891] {base.py:79} INFO - Using connection to: id: stack-data-pipeline01. Host: https://stack-data-pipeline01-v6sq26umdq-uc.a.run.app, Port: None, Schema: , Login: , Password: None, extra: {}
[2022-10-05 22:13:50,897] {http.py:129} INFO - Sending 'POST' to url: https://stack-data-pipeline01-v6sq26umdq-uc.a.run.app/download_combustivel
[2022-10-05 22:16:31,933] {taskinstance.py:1282} INFO - Marking task as SUCCESS. dag_id=dag_combustivel, task_id=get_op, execution_date=20170101T000000, start_date=20221005T221350, end_date=20221005T221631
[2022-10-05 22:16:32,000] {local_task_job.py:154} INFO - Task exited with return code 0
[2022-10-05 22:16:32,043] {local_task_job.py:264} INFO - 1 downstream tasks scheduled from follow-on schedule check
