[2022-10-05 22:40:21,434] {taskinstance.py:1037} INFO - Dependencies all met for <TaskInstance: dag_combustivel.get_op scheduled__2017-01-01T00:00:00+00:00 [queued]>
[2022-10-05 22:40:21,445] {taskinstance.py:1037} INFO - Dependencies all met for <TaskInstance: dag_combustivel.get_op scheduled__2017-01-01T00:00:00+00:00 [queued]>
[2022-10-05 22:40:21,446] {taskinstance.py:1243} INFO - 
--------------------------------------------------------------------------------
[2022-10-05 22:40:21,446] {taskinstance.py:1244} INFO - Starting attempt 5 of 5
[2022-10-05 22:40:21,447] {taskinstance.py:1245} INFO - 
--------------------------------------------------------------------------------
[2022-10-05 22:40:21,461] {taskinstance.py:1264} INFO - Executing <Task(SimpleHttpOperator): get_op> on 2017-01-01 00:00:00+00:00
[2022-10-05 22:40:21,466] {standard_task_runner.py:52} INFO - Started process 5498 to run task
[2022-10-05 22:40:21,476] {standard_task_runner.py:76} INFO - Running: ['***', 'tasks', 'run', 'dag_combustivel', 'get_op', 'scheduled__2017-01-01T00:00:00+00:00', '--job-id', '145', '--raw', '--subdir', 'DAGS_FOLDER/dag_combustive.py', '--cfg-path', '/tmp/tmpc5ej85dc', '--error-file', '/tmp/tmp843fv8x7']
[2022-10-05 22:40:21,479] {standard_task_runner.py:77} INFO - Job 145: Subtask get_op
[2022-10-05 22:40:21,551] {logging_mixin.py:109} INFO - Running <TaskInstance: dag_combustivel.get_op scheduled__2017-01-01T00:00:00+00:00 [running]> on host 1445d51ba90b
[2022-10-05 22:40:21,626] {taskinstance.py:1431} INFO - Exporting the following env vars:
AIRFLOW_CTX_DAG_OWNER=***
AIRFLOW_CTX_DAG_ID=dag_combustivel
AIRFLOW_CTX_TASK_ID=get_op
AIRFLOW_CTX_EXECUTION_DATE=2017-01-01T00:00:00+00:00
AIRFLOW_CTX_DAG_RUN_ID=scheduled__2017-01-01T00:00:00+00:00
[2022-10-05 22:40:21,628] {http.py:104} INFO - Calling HTTP method
[2022-10-05 22:40:21,643] {base.py:79} INFO - Using connection to: id: stack-data-pipeline01. Host: https://stack-data-pipeline01-v6sq26umdq-uc.a.run.app, Port: None, Schema: , Login: , Password: None, extra: {}
[2022-10-05 22:40:21,647] {http.py:129} INFO - Sending 'POST' to url: https://stack-data-pipeline01-v6sq26umdq-uc.a.run.app/download_combustivel
[2022-10-05 22:44:20,061] {taskinstance.py:1282} INFO - Marking task as SUCCESS. dag_id=dag_combustivel, task_id=get_op, execution_date=20170101T000000, start_date=20221005T224021, end_date=20221005T224420
[2022-10-05 22:44:20,115] {local_task_job.py:154} INFO - Task exited with return code 0
[2022-10-05 22:44:20,170] {local_task_job.py:264} INFO - 1 downstream tasks scheduled from follow-on schedule check
