[2022-10-06 00:34:50,979] {taskinstance.py:1037} INFO - Dependencies all met for <TaskInstance: dag_combustivel.delete_cluster scheduled__2020-07-01T00:00:00+00:00 [queued]>
[2022-10-06 00:34:50,994] {taskinstance.py:1037} INFO - Dependencies all met for <TaskInstance: dag_combustivel.delete_cluster scheduled__2020-07-01T00:00:00+00:00 [queued]>
[2022-10-06 00:34:50,996] {taskinstance.py:1243} INFO - 
--------------------------------------------------------------------------------
[2022-10-06 00:34:50,997] {taskinstance.py:1244} INFO - Starting attempt 2 of 2
[2022-10-06 00:34:50,997] {taskinstance.py:1245} INFO - 
--------------------------------------------------------------------------------
[2022-10-06 00:34:51,011] {taskinstance.py:1264} INFO - Executing <Task(DataprocDeleteClusterOperator): delete_cluster> on 2020-07-01 00:00:00+00:00
[2022-10-06 00:34:51,018] {standard_task_runner.py:52} INFO - Started process 9460 to run task
[2022-10-06 00:34:51,023] {standard_task_runner.py:76} INFO - Running: ['***', 'tasks', 'run', 'dag_combustivel', 'delete_cluster', 'scheduled__2020-07-01T00:00:00+00:00', '--job-id', '184', '--raw', '--subdir', 'DAGS_FOLDER/dag_combustive.py', '--cfg-path', '/tmp/tmpbj1xc9hf', '--error-file', '/tmp/tmp1s5bmn0a']
[2022-10-06 00:34:51,025] {standard_task_runner.py:77} INFO - Job 184: Subtask delete_cluster
[2022-10-06 00:34:51,094] {logging_mixin.py:109} INFO - Running <TaskInstance: dag_combustivel.delete_cluster scheduled__2020-07-01T00:00:00+00:00 [running]> on host 1445d51ba90b
[2022-10-06 00:34:51,159] {taskinstance.py:1431} INFO - Exporting the following env vars:
AIRFLOW_CTX_DAG_OWNER=***
AIRFLOW_CTX_DAG_ID=dag_combustivel
AIRFLOW_CTX_TASK_ID=delete_cluster
AIRFLOW_CTX_EXECUTION_DATE=2020-07-01T00:00:00+00:00
AIRFLOW_CTX_DAG_RUN_ID=scheduled__2020-07-01T00:00:00+00:00
[2022-10-06 00:34:51,174] {dataproc.py:863} INFO - Deleting cluster: stack-data-pipeline
[2022-10-06 00:35:25,244] {dataproc.py:875} INFO - Cluster deleted.
[2022-10-06 00:35:25,259] {taskinstance.py:1282} INFO - Marking task as SUCCESS. dag_id=dag_combustivel, task_id=delete_cluster, execution_date=20200701T000000, start_date=20221006T003450, end_date=20221006T003525
[2022-10-06 00:35:25,307] {local_task_job.py:154} INFO - Task exited with return code 0
[2022-10-06 00:35:25,343] {local_task_job.py:264} INFO - 1 downstream tasks scheduled from follow-on schedule check
