[2022-10-05 17:21:25,302] {taskinstance.py:1037} INFO - Dependencies all met for <TaskInstance: dag_combustivel.create_cluster scheduled__2018-01-01T00:00:00+00:00 [queued]>
[2022-10-05 17:21:25,318] {taskinstance.py:1037} INFO - Dependencies all met for <TaskInstance: dag_combustivel.create_cluster scheduled__2018-01-01T00:00:00+00:00 [queued]>
[2022-10-05 17:21:25,320] {taskinstance.py:1243} INFO - 
--------------------------------------------------------------------------------
[2022-10-05 17:21:25,321] {taskinstance.py:1244} INFO - Starting attempt 1 of 1
[2022-10-05 17:21:25,322] {taskinstance.py:1245} INFO - 
--------------------------------------------------------------------------------
[2022-10-05 17:21:25,340] {taskinstance.py:1264} INFO - Executing <Task(DataprocCreateClusterOperator): create_cluster> on 2018-01-01 00:00:00+00:00
[2022-10-05 17:21:25,349] {standard_task_runner.py:52} INFO - Started process 21398 to run task
[2022-10-05 17:21:25,357] {standard_task_runner.py:76} INFO - Running: ['***', 'tasks', 'run', 'dag_combustivel', 'create_cluster', 'scheduled__2018-01-01T00:00:00+00:00', '--job-id', '87', '--raw', '--subdir', 'DAGS_FOLDER/dag_combustive.py', '--cfg-path', '/tmp/tmpf32alaaj', '--error-file', '/tmp/tmp9qjm342k']
[2022-10-05 17:21:25,359] {standard_task_runner.py:77} INFO - Job 87: Subtask create_cluster
[2022-10-05 17:21:25,460] {logging_mixin.py:109} INFO - Running <TaskInstance: dag_combustivel.create_cluster scheduled__2018-01-01T00:00:00+00:00 [running]> on host 1445d51ba90b
[2022-10-05 17:21:25,548] {taskinstance.py:1431} INFO - Exporting the following env vars:
AIRFLOW_CTX_DAG_OWNER=***
AIRFLOW_CTX_DAG_ID=dag_combustivel
AIRFLOW_CTX_TASK_ID=create_cluster
AIRFLOW_CTX_EXECUTION_DATE=2018-01-01T00:00:00+00:00
AIRFLOW_CTX_DAG_RUN_ID=scheduled__2018-01-01T00:00:00+00:00
[2022-10-05 17:21:25,550] {dataproc.py:625} INFO - Creating cluster: dataproc-cluster-stack-data-pipeline01
[2022-10-05 17:25:06,131] {dataproc.py:569} INFO - Cluster created.
[2022-10-05 17:25:06,172] {taskinstance.py:1282} INFO - Marking task as SUCCESS. dag_id=dag_combustivel, task_id=create_cluster, execution_date=20180101T000000, start_date=20221005T172125, end_date=20221005T172506
[2022-10-05 17:25:06,210] {local_task_job.py:154} INFO - Task exited with return code 0
[2022-10-05 17:25:06,254] {local_task_job.py:264} INFO - 1 downstream tasks scheduled from follow-on schedule check
