[2022-10-05 23:08:09,090] {taskinstance.py:1037} INFO - Dependencies all met for <TaskInstance: dag_combustivel.create_cluster scheduled__2018-01-01T00:00:00+00:00 [queued]>
[2022-10-05 23:08:09,102] {taskinstance.py:1037} INFO - Dependencies all met for <TaskInstance: dag_combustivel.create_cluster scheduled__2018-01-01T00:00:00+00:00 [queued]>
[2022-10-05 23:08:09,104] {taskinstance.py:1243} INFO - 
--------------------------------------------------------------------------------
[2022-10-05 23:08:09,105] {taskinstance.py:1244} INFO - Starting attempt 2 of 2
[2022-10-05 23:08:09,106] {taskinstance.py:1245} INFO - 
--------------------------------------------------------------------------------
[2022-10-05 23:08:09,118] {taskinstance.py:1264} INFO - Executing <Task(DataprocCreateClusterOperator): create_cluster> on 2018-01-01 00:00:00+00:00
[2022-10-05 23:08:09,124] {standard_task_runner.py:52} INFO - Started process 6305 to run task
[2022-10-05 23:08:09,128] {standard_task_runner.py:76} INFO - Running: ['***', 'tasks', 'run', 'dag_combustivel', 'create_cluster', 'scheduled__2018-01-01T00:00:00+00:00', '--job-id', '154', '--raw', '--subdir', 'DAGS_FOLDER/dag_combustive.py', '--cfg-path', '/tmp/tmpqe052d2r', '--error-file', '/tmp/tmpnfungr1t']
[2022-10-05 23:08:09,130] {standard_task_runner.py:77} INFO - Job 154: Subtask create_cluster
[2022-10-05 23:08:09,205] {logging_mixin.py:109} INFO - Running <TaskInstance: dag_combustivel.create_cluster scheduled__2018-01-01T00:00:00+00:00 [running]> on host 1445d51ba90b
[2022-10-05 23:08:09,270] {taskinstance.py:1431} INFO - Exporting the following env vars:
AIRFLOW_CTX_DAG_OWNER=***
AIRFLOW_CTX_DAG_ID=dag_combustivel
AIRFLOW_CTX_TASK_ID=create_cluster
AIRFLOW_CTX_EXECUTION_DATE=2018-01-01T00:00:00+00:00
AIRFLOW_CTX_DAG_RUN_ID=scheduled__2018-01-01T00:00:00+00:00
[2022-10-05 23:08:09,272] {dataproc.py:625} INFO - Creating cluster: stack-data-pipeline
[2022-10-05 23:11:04,681] {dataproc.py:569} INFO - Cluster created.
[2022-10-05 23:11:04,715] {taskinstance.py:1282} INFO - Marking task as SUCCESS. dag_id=dag_combustivel, task_id=create_cluster, execution_date=20180101T000000, start_date=20221005T230809, end_date=20221005T231104
[2022-10-05 23:11:04,752] {local_task_job.py:154} INFO - Task exited with return code 0
[2022-10-05 23:11:04,794] {local_task_job.py:264} INFO - 1 downstream tasks scheduled from follow-on schedule check
