[2022-11-16 23:16:53,015] {taskinstance.py:1037} INFO - Dependencies all met for <TaskInstance: dag_combustivel.pyspark_task scheduled__2020-07-01T00:00:00+00:00 [queued]>
[2022-11-16 23:16:53,033] {taskinstance.py:1037} INFO - Dependencies all met for <TaskInstance: dag_combustivel.pyspark_task scheduled__2020-07-01T00:00:00+00:00 [queued]>
[2022-11-16 23:16:53,034] {taskinstance.py:1243} INFO - 
--------------------------------------------------------------------------------
[2022-11-16 23:16:53,034] {taskinstance.py:1244} INFO - Starting attempt 1 of 1
[2022-11-16 23:16:53,035] {taskinstance.py:1245} INFO - 
--------------------------------------------------------------------------------
[2022-11-16 23:16:53,057] {taskinstance.py:1264} INFO - Executing <Task(DataprocSubmitJobOperator): pyspark_task> on 2020-07-01 00:00:00+00:00
[2022-11-16 23:16:53,063] {standard_task_runner.py:52} INFO - Started process 6001 to run task
[2022-11-16 23:16:53,069] {standard_task_runner.py:76} INFO - Running: ['***', 'tasks', 'run', 'dag_combustivel', 'pyspark_task', 'scheduled__2020-07-01T00:00:00+00:00', '--job-id', '90', '--raw', '--subdir', 'DAGS_FOLDER/dag_combustivel.py', '--cfg-path', '/tmp/tmpi88qdufu', '--error-file', '/tmp/tmp9vszp3mk']
[2022-11-16 23:16:53,071] {standard_task_runner.py:77} INFO - Job 90: Subtask pyspark_task
[2022-11-16 23:16:53,170] {logging_mixin.py:109} INFO - Running <TaskInstance: dag_combustivel.pyspark_task scheduled__2020-07-01T00:00:00+00:00 [running]> on host b2a62e76b908
[2022-11-16 23:16:53,285] {taskinstance.py:1431} INFO - Exporting the following env vars:
AIRFLOW_CTX_DAG_OWNER=***
AIRFLOW_CTX_DAG_ID=dag_combustivel
AIRFLOW_CTX_TASK_ID=pyspark_task
AIRFLOW_CTX_EXECUTION_DATE=2020-07-01T00:00:00+00:00
AIRFLOW_CTX_DAG_RUN_ID=scheduled__2020-07-01T00:00:00+00:00
[2022-11-16 23:16:53,287] {dataproc.py:1878} INFO - Submitting job
[2022-11-16 23:16:54,670] {dataproc.py:1890} INFO - Job f2504683-5829-4aa4-b9e3-3e0bbdfa283d submitted successfully.
[2022-11-16 23:16:54,690] {dataproc.py:1903} INFO - Waiting for job f2504683-5829-4aa4-b9e3-3e0bbdfa283d to complete
[2022-11-16 23:18:01,732] {dataproc.py:1907} INFO - Job f2504683-5829-4aa4-b9e3-3e0bbdfa283d completed successfully.
[2022-11-16 23:18:01,782] {taskinstance.py:1282} INFO - Marking task as SUCCESS. dag_id=dag_combustivel, task_id=pyspark_task, execution_date=20200701T000000, start_date=20221116T231653, end_date=20221116T231801
[2022-11-16 23:18:01,853] {local_task_job.py:154} INFO - Task exited with return code 0
[2022-11-16 23:18:01,925] {local_task_job.py:264} INFO - 1 downstream tasks scheduled from follow-on schedule check
