[2022-10-05 20:19:23,808] {taskinstance.py:1037} INFO - Dependencies all met for <TaskInstance: dag_combustivel.pyspark_task manual__2022-10-05T20:16:03.514138+00:00 [queued]>
[2022-10-05 20:19:23,820] {taskinstance.py:1037} INFO - Dependencies all met for <TaskInstance: dag_combustivel.pyspark_task manual__2022-10-05T20:16:03.514138+00:00 [queued]>
[2022-10-05 20:19:23,821] {taskinstance.py:1243} INFO - 
--------------------------------------------------------------------------------
[2022-10-05 20:19:23,822] {taskinstance.py:1244} INFO - Starting attempt 1 of 1
[2022-10-05 20:19:23,822] {taskinstance.py:1245} INFO - 
--------------------------------------------------------------------------------
[2022-10-05 20:19:23,836] {taskinstance.py:1264} INFO - Executing <Task(DataprocSubmitJobOperator): pyspark_task> on 2022-10-05 20:16:03.514138+00:00
[2022-10-05 20:19:23,842] {standard_task_runner.py:52} INFO - Started process 1250 to run task
[2022-10-05 20:19:23,852] {standard_task_runner.py:76} INFO - Running: ['***', 'tasks', 'run', 'dag_combustivel', 'pyspark_task', 'manual__2022-10-05T20:16:03.514138+00:00', '--job-id', '130', '--raw', '--subdir', 'DAGS_FOLDER/dag_combustive.py', '--cfg-path', '/tmp/tmps16i3kw_', '--error-file', '/tmp/tmp8inav_a4']
[2022-10-05 20:19:23,855] {standard_task_runner.py:77} INFO - Job 130: Subtask pyspark_task
[2022-10-05 20:19:23,917] {logging_mixin.py:109} INFO - Running <TaskInstance: dag_combustivel.pyspark_task manual__2022-10-05T20:16:03.514138+00:00 [running]> on host 1445d51ba90b
[2022-10-05 20:19:23,993] {taskinstance.py:1431} INFO - Exporting the following env vars:
AIRFLOW_CTX_DAG_OWNER=***
AIRFLOW_CTX_DAG_ID=dag_combustivel
AIRFLOW_CTX_TASK_ID=pyspark_task
AIRFLOW_CTX_EXECUTION_DATE=2022-10-05T20:16:03.514138+00:00
AIRFLOW_CTX_DAG_RUN_ID=manual__2022-10-05T20:16:03.514138+00:00
[2022-10-05 20:19:23,995] {dataproc.py:1878} INFO - Submitting job
[2022-10-05 20:19:25,196] {dataproc.py:1890} INFO - Job db278ac8-4683-4b9c-be14-da7f2a374d1b submitted successfully.
[2022-10-05 20:19:25,208] {dataproc.py:1903} INFO - Waiting for job db278ac8-4683-4b9c-be14-da7f2a374d1b to complete
[2022-10-05 20:20:09,351] {dataproc.py:1907} INFO - Job db278ac8-4683-4b9c-be14-da7f2a374d1b completed successfully.
[2022-10-05 20:20:09,389] {taskinstance.py:1282} INFO - Marking task as SUCCESS. dag_id=dag_combustivel, task_id=pyspark_task, execution_date=20221005T201603, start_date=20221005T201923, end_date=20221005T202009
[2022-10-05 20:20:09,442] {local_task_job.py:154} INFO - Task exited with return code 0
[2022-10-05 20:20:09,481] {local_task_job.py:264} INFO - 1 downstream tasks scheduled from follow-on schedule check
