[2022-10-06 01:25:23,626] {taskinstance.py:1037} INFO - Dependencies all met for <TaskInstance: dag_combustivel.pyspark_task manual__2022-10-05T20:16:03.514138+00:00 [queued]>
[2022-10-06 01:25:23,641] {taskinstance.py:1037} INFO - Dependencies all met for <TaskInstance: dag_combustivel.pyspark_task manual__2022-10-05T20:16:03.514138+00:00 [queued]>
[2022-10-06 01:25:23,643] {taskinstance.py:1243} INFO - 
--------------------------------------------------------------------------------
[2022-10-06 01:25:23,644] {taskinstance.py:1244} INFO - Starting attempt 2 of 2
[2022-10-06 01:25:23,645] {taskinstance.py:1245} INFO - 
--------------------------------------------------------------------------------
[2022-10-06 01:25:23,660] {taskinstance.py:1264} INFO - Executing <Task(DataprocSubmitJobOperator): pyspark_task> on 2022-10-05 20:16:03.514138+00:00
[2022-10-06 01:25:23,667] {standard_task_runner.py:52} INFO - Started process 10919 to run task
[2022-10-06 01:25:23,675] {standard_task_runner.py:76} INFO - Running: ['***', 'tasks', 'run', 'dag_combustivel', 'pyspark_task', 'manual__2022-10-05T20:16:03.514138+00:00', '--job-id', '207', '--raw', '--subdir', 'DAGS_FOLDER/dag_combustive.py', '--cfg-path', '/tmp/tmpkf_dsx1f', '--error-file', '/tmp/tmpcqvlg2fc']
[2022-10-06 01:25:23,678] {standard_task_runner.py:77} INFO - Job 207: Subtask pyspark_task
[2022-10-06 01:25:23,777] {logging_mixin.py:109} INFO - Running <TaskInstance: dag_combustivel.pyspark_task manual__2022-10-05T20:16:03.514138+00:00 [running]> on host 1445d51ba90b
[2022-10-06 01:25:23,888] {taskinstance.py:1431} INFO - Exporting the following env vars:
AIRFLOW_CTX_DAG_OWNER=***
AIRFLOW_CTX_DAG_ID=dag_combustivel
AIRFLOW_CTX_TASK_ID=pyspark_task
AIRFLOW_CTX_EXECUTION_DATE=2022-10-05T20:16:03.514138+00:00
AIRFLOW_CTX_DAG_RUN_ID=manual__2022-10-05T20:16:03.514138+00:00
[2022-10-06 01:25:23,890] {dataproc.py:1878} INFO - Submitting job
[2022-10-06 01:25:24,991] {dataproc.py:1890} INFO - Job 40815ac5-3569-4327-9a2e-1d15ea10a2f3 submitted successfully.
[2022-10-06 01:25:25,006] {dataproc.py:1903} INFO - Waiting for job 40815ac5-3569-4327-9a2e-1d15ea10a2f3 to complete
[2022-10-06 01:26:09,119] {dataproc.py:1907} INFO - Job 40815ac5-3569-4327-9a2e-1d15ea10a2f3 completed successfully.
[2022-10-06 01:26:09,157] {taskinstance.py:1282} INFO - Marking task as SUCCESS. dag_id=dag_combustivel, task_id=pyspark_task, execution_date=20221005T201603, start_date=20221006T012523, end_date=20221006T012609
[2022-10-06 01:26:09,199] {local_task_job.py:154} INFO - Task exited with return code 0
[2022-10-06 01:26:09,241] {local_task_job.py:264} INFO - 1 downstream tasks scheduled from follow-on schedule check
