[2022-10-05 22:19:20,694] {taskinstance.py:1037} INFO - Dependencies all met for <TaskInstance: dag_combustivel.pyspark_task scheduled__2017-01-01T00:00:00+00:00 [queued]>
[2022-10-05 22:19:20,711] {taskinstance.py:1037} INFO - Dependencies all met for <TaskInstance: dag_combustivel.pyspark_task scheduled__2017-01-01T00:00:00+00:00 [queued]>
[2022-10-05 22:19:20,713] {taskinstance.py:1243} INFO - 
--------------------------------------------------------------------------------
[2022-10-05 22:19:20,714] {taskinstance.py:1244} INFO - Starting attempt 2 of 2
[2022-10-05 22:19:20,717] {taskinstance.py:1245} INFO - 
--------------------------------------------------------------------------------
[2022-10-05 22:19:20,749] {taskinstance.py:1264} INFO - Executing <Task(DataprocSubmitJobOperator): pyspark_task> on 2017-01-01 00:00:00+00:00
[2022-10-05 22:19:20,756] {standard_task_runner.py:52} INFO - Started process 4563 to run task
[2022-10-05 22:19:20,772] {standard_task_runner.py:76} INFO - Running: ['***', 'tasks', 'run', 'dag_combustivel', 'pyspark_task', 'scheduled__2017-01-01T00:00:00+00:00', '--job-id', '138', '--raw', '--subdir', 'DAGS_FOLDER/dag_combustive.py', '--cfg-path', '/tmp/tmpfgijtu4t', '--error-file', '/tmp/tmpklxb5fxx']
[2022-10-05 22:19:20,775] {standard_task_runner.py:77} INFO - Job 138: Subtask pyspark_task
[2022-10-05 22:19:20,903] {logging_mixin.py:109} INFO - Running <TaskInstance: dag_combustivel.pyspark_task scheduled__2017-01-01T00:00:00+00:00 [running]> on host 1445d51ba90b
[2022-10-05 22:19:21,016] {taskinstance.py:1431} INFO - Exporting the following env vars:
AIRFLOW_CTX_DAG_OWNER=***
AIRFLOW_CTX_DAG_ID=dag_combustivel
AIRFLOW_CTX_TASK_ID=pyspark_task
AIRFLOW_CTX_EXECUTION_DATE=2017-01-01T00:00:00+00:00
AIRFLOW_CTX_DAG_RUN_ID=scheduled__2017-01-01T00:00:00+00:00
[2022-10-05 22:19:21,018] {dataproc.py:1878} INFO - Submitting job
[2022-10-05 22:19:22,184] {dataproc.py:1890} INFO - Job c9b291f6-2f4c-46de-abd6-77b202ccd46b submitted successfully.
[2022-10-05 22:19:22,202] {dataproc.py:1903} INFO - Waiting for job c9b291f6-2f4c-46de-abd6-77b202ccd46b to complete
[2022-10-05 22:20:06,284] {dataproc.py:1907} INFO - Job c9b291f6-2f4c-46de-abd6-77b202ccd46b completed successfully.
[2022-10-05 22:20:06,309] {taskinstance.py:1282} INFO - Marking task as SUCCESS. dag_id=dag_combustivel, task_id=pyspark_task, execution_date=20170101T000000, start_date=20221005T221920, end_date=20221005T222006
[2022-10-05 22:20:06,361] {local_task_job.py:154} INFO - Task exited with return code 0
[2022-10-05 22:20:06,401] {local_task_job.py:264} INFO - 1 downstream tasks scheduled from follow-on schedule check
