[2022-10-05 22:47:36,041] {taskinstance.py:1037} INFO - Dependencies all met for <TaskInstance: dag_combustivel.pyspark_task scheduled__2017-01-01T00:00:00+00:00 [queued]>
[2022-10-05 22:47:36,057] {taskinstance.py:1037} INFO - Dependencies all met for <TaskInstance: dag_combustivel.pyspark_task scheduled__2017-01-01T00:00:00+00:00 [queued]>
[2022-10-05 22:47:36,058] {taskinstance.py:1243} INFO - 
--------------------------------------------------------------------------------
[2022-10-05 22:47:36,060] {taskinstance.py:1244} INFO - Starting attempt 3 of 3
[2022-10-05 22:47:36,061] {taskinstance.py:1245} INFO - 
--------------------------------------------------------------------------------
[2022-10-05 22:47:36,076] {taskinstance.py:1264} INFO - Executing <Task(DataprocSubmitJobOperator): pyspark_task> on 2017-01-01 00:00:00+00:00
[2022-10-05 22:47:36,082] {standard_task_runner.py:52} INFO - Started process 5813 to run task
[2022-10-05 22:47:36,090] {standard_task_runner.py:76} INFO - Running: ['***', 'tasks', 'run', 'dag_combustivel', 'pyspark_task', 'scheduled__2017-01-01T00:00:00+00:00', '--job-id', '147', '--raw', '--subdir', 'DAGS_FOLDER/dag_combustive.py', '--cfg-path', '/tmp/tmp9yrw8wij', '--error-file', '/tmp/tmpmp3b95om']
[2022-10-05 22:47:36,092] {standard_task_runner.py:77} INFO - Job 147: Subtask pyspark_task
[2022-10-05 22:47:36,165] {logging_mixin.py:109} INFO - Running <TaskInstance: dag_combustivel.pyspark_task scheduled__2017-01-01T00:00:00+00:00 [running]> on host 1445d51ba90b
[2022-10-05 22:47:36,231] {taskinstance.py:1431} INFO - Exporting the following env vars:
AIRFLOW_CTX_DAG_OWNER=***
AIRFLOW_CTX_DAG_ID=dag_combustivel
AIRFLOW_CTX_TASK_ID=pyspark_task
AIRFLOW_CTX_EXECUTION_DATE=2017-01-01T00:00:00+00:00
AIRFLOW_CTX_DAG_RUN_ID=scheduled__2017-01-01T00:00:00+00:00
[2022-10-05 22:47:36,233] {dataproc.py:1878} INFO - Submitting job
[2022-10-05 22:47:37,288] {dataproc.py:1890} INFO - Job 52e04d8d-c32f-4d2f-85b7-b28fc1298334 submitted successfully.
[2022-10-05 22:47:37,301] {dataproc.py:1903} INFO - Waiting for job 52e04d8d-c32f-4d2f-85b7-b28fc1298334 to complete
[2022-10-05 22:48:54,853] {dataproc.py:1907} INFO - Job 52e04d8d-c32f-4d2f-85b7-b28fc1298334 completed successfully.
[2022-10-05 22:48:54,889] {taskinstance.py:1282} INFO - Marking task as SUCCESS. dag_id=dag_combustivel, task_id=pyspark_task, execution_date=20170101T000000, start_date=20221005T224736, end_date=20221005T224854
[2022-10-05 22:48:54,930] {local_task_job.py:154} INFO - Task exited with return code 0
[2022-10-05 22:48:54,980] {local_task_job.py:264} INFO - 1 downstream tasks scheduled from follow-on schedule check
