[2022-11-16 21:32:58,590] {taskinstance.py:1037} INFO - Dependencies all met for <TaskInstance: dag_combustivel.get_op scheduled__2010-01-01T00:00:00+00:00 [queued]>
[2022-11-16 21:32:58,617] {taskinstance.py:1037} INFO - Dependencies all met for <TaskInstance: dag_combustivel.get_op scheduled__2010-01-01T00:00:00+00:00 [queued]>
[2022-11-16 21:32:58,618] {taskinstance.py:1243} INFO - 
--------------------------------------------------------------------------------
[2022-11-16 21:32:58,619] {taskinstance.py:1244} INFO - Starting attempt 1 of 1
[2022-11-16 21:32:58,620] {taskinstance.py:1245} INFO - 
--------------------------------------------------------------------------------
[2022-11-16 21:32:58,651] {taskinstance.py:1264} INFO - Executing <Task(SimpleHttpOperator): get_op> on 2010-01-01 00:00:00+00:00
[2022-11-16 21:32:58,660] {standard_task_runner.py:52} INFO - Started process 1613 to run task
[2022-11-16 21:32:58,667] {standard_task_runner.py:76} INFO - Running: ['***', 'tasks', 'run', 'dag_combustivel', 'get_op', 'scheduled__2010-01-01T00:00:00+00:00', '--job-id', '30', '--raw', '--subdir', 'DAGS_FOLDER/dag_combustivel.py', '--cfg-path', '/tmp/tmp7stymgk0', '--error-file', '/tmp/tmp0jqp4_wo']
[2022-11-16 21:32:58,669] {standard_task_runner.py:77} INFO - Job 30: Subtask get_op
[2022-11-16 21:32:58,793] {logging_mixin.py:109} INFO - Running <TaskInstance: dag_combustivel.get_op scheduled__2010-01-01T00:00:00+00:00 [running]> on host b2a62e76b908
[2022-11-16 21:32:58,915] {taskinstance.py:1431} INFO - Exporting the following env vars:
AIRFLOW_CTX_DAG_OWNER=***
AIRFLOW_CTX_DAG_ID=dag_combustivel
AIRFLOW_CTX_TASK_ID=get_op
AIRFLOW_CTX_EXECUTION_DATE=2010-01-01T00:00:00+00:00
AIRFLOW_CTX_DAG_RUN_ID=scheduled__2010-01-01T00:00:00+00:00
[2022-11-16 21:32:58,917] {http.py:104} INFO - Calling HTTP method
[2022-11-16 21:32:58,935] {base.py:79} INFO - Using connection to: id: stack-data-pipeline. Host: https://data-pipeline-bootcamp-k4otesd7oa-uc.a.run.app, Port: None, Schema: , Login: admin, Password: ***, extra: {}
[2022-11-16 21:32:58,939] {http.py:129} INFO - Sending 'POST' to url: https://data-pipeline-bootcamp-k4otesd7oa-uc.a.run.app/download_combustivel
[2022-11-16 21:35:57,019] {taskinstance.py:1282} INFO - Marking task as SUCCESS. dag_id=dag_combustivel, task_id=get_op, execution_date=20100101T000000, start_date=20221116T213258, end_date=20221116T213557
[2022-11-16 21:35:57,061] {local_task_job.py:154} INFO - Task exited with return code 0
[2022-11-16 21:35:57,110] {local_task_job.py:264} INFO - 1 downstream tasks scheduled from follow-on schedule check
