[2022-10-05 20:16:07,980] {taskinstance.py:1037} INFO - Dependencies all met for <TaskInstance: dag_combustivel.create_cluster manual__2022-10-05T20:16:03.514138+00:00 [queued]>
[2022-10-05 20:16:07,990] {taskinstance.py:1037} INFO - Dependencies all met for <TaskInstance: dag_combustivel.create_cluster manual__2022-10-05T20:16:03.514138+00:00 [queued]>
[2022-10-05 20:16:07,991] {taskinstance.py:1243} INFO - 
--------------------------------------------------------------------------------
[2022-10-05 20:16:07,992] {taskinstance.py:1244} INFO - Starting attempt 1 of 1
[2022-10-05 20:16:07,992] {taskinstance.py:1245} INFO - 
--------------------------------------------------------------------------------
[2022-10-05 20:16:08,003] {taskinstance.py:1264} INFO - Executing <Task(DataprocCreateClusterOperator): create_cluster> on 2022-10-05 20:16:03.514138+00:00
[2022-10-05 20:16:08,008] {standard_task_runner.py:52} INFO - Started process 1097 to run task
[2022-10-05 20:16:08,013] {standard_task_runner.py:76} INFO - Running: ['***', 'tasks', 'run', 'dag_combustivel', 'create_cluster', 'manual__2022-10-05T20:16:03.514138+00:00', '--job-id', '129', '--raw', '--subdir', 'DAGS_FOLDER/dag_combustive.py', '--cfg-path', '/tmp/tmprtg7ihq1', '--error-file', '/tmp/tmpb7cp3x64']
[2022-10-05 20:16:08,016] {standard_task_runner.py:77} INFO - Job 129: Subtask create_cluster
[2022-10-05 20:16:08,079] {logging_mixin.py:109} INFO - Running <TaskInstance: dag_combustivel.create_cluster manual__2022-10-05T20:16:03.514138+00:00 [running]> on host 1445d51ba90b
[2022-10-05 20:16:08,146] {taskinstance.py:1431} INFO - Exporting the following env vars:
AIRFLOW_CTX_DAG_OWNER=***
AIRFLOW_CTX_DAG_ID=dag_combustivel
AIRFLOW_CTX_TASK_ID=create_cluster
AIRFLOW_CTX_EXECUTION_DATE=2022-10-05T20:16:03.514138+00:00
AIRFLOW_CTX_DAG_RUN_ID=manual__2022-10-05T20:16:03.514138+00:00
[2022-10-05 20:16:08,147] {dataproc.py:625} INFO - Creating cluster: dataproc-cluster-stack-data-pipeline01
[2022-10-05 20:19:22,650] {dataproc.py:569} INFO - Cluster created.
[2022-10-05 20:19:22,686] {taskinstance.py:1282} INFO - Marking task as SUCCESS. dag_id=dag_combustivel, task_id=create_cluster, execution_date=20221005T201603, start_date=20221005T201607, end_date=20221005T201922
[2022-10-05 20:19:22,761] {local_task_job.py:154} INFO - Task exited with return code 0
[2022-10-05 20:19:22,806] {local_task_job.py:264} INFO - 1 downstream tasks scheduled from follow-on schedule check
