[2022-10-06 01:21:36,244] {taskinstance.py:1037} INFO - Dependencies all met for <TaskInstance: dag_combustivel.create_cluster manual__2022-10-05T20:16:03.514138+00:00 [queued]>
[2022-10-06 01:21:36,261] {taskinstance.py:1037} INFO - Dependencies all met for <TaskInstance: dag_combustivel.create_cluster manual__2022-10-05T20:16:03.514138+00:00 [queued]>
[2022-10-06 01:21:36,262] {taskinstance.py:1243} INFO - 
--------------------------------------------------------------------------------
[2022-10-06 01:21:36,263] {taskinstance.py:1244} INFO - Starting attempt 2 of 2
[2022-10-06 01:21:36,264] {taskinstance.py:1245} INFO - 
--------------------------------------------------------------------------------
[2022-10-06 01:21:36,278] {taskinstance.py:1264} INFO - Executing <Task(DataprocCreateClusterOperator): create_cluster> on 2022-10-05 20:16:03.514138+00:00
[2022-10-06 01:21:36,283] {standard_task_runner.py:52} INFO - Started process 10748 to run task
[2022-10-06 01:21:36,288] {standard_task_runner.py:76} INFO - Running: ['***', 'tasks', 'run', 'dag_combustivel', 'create_cluster', 'manual__2022-10-05T20:16:03.514138+00:00', '--job-id', '206', '--raw', '--subdir', 'DAGS_FOLDER/dag_combustive.py', '--cfg-path', '/tmp/tmp3vx2us_n', '--error-file', '/tmp/tmp3ezaeu1z']
[2022-10-06 01:21:36,290] {standard_task_runner.py:77} INFO - Job 206: Subtask create_cluster
[2022-10-06 01:21:36,353] {logging_mixin.py:109} INFO - Running <TaskInstance: dag_combustivel.create_cluster manual__2022-10-05T20:16:03.514138+00:00 [running]> on host 1445d51ba90b
[2022-10-06 01:21:36,415] {taskinstance.py:1431} INFO - Exporting the following env vars:
AIRFLOW_CTX_DAG_OWNER=***
AIRFLOW_CTX_DAG_ID=dag_combustivel
AIRFLOW_CTX_TASK_ID=create_cluster
AIRFLOW_CTX_EXECUTION_DATE=2022-10-05T20:16:03.514138+00:00
AIRFLOW_CTX_DAG_RUN_ID=manual__2022-10-05T20:16:03.514138+00:00
[2022-10-06 01:21:36,417] {dataproc.py:625} INFO - Creating cluster: stack-data-pipeline
[2022-10-06 01:25:22,051] {dataproc.py:569} INFO - Cluster created.
[2022-10-06 01:25:22,097] {taskinstance.py:1282} INFO - Marking task as SUCCESS. dag_id=dag_combustivel, task_id=create_cluster, execution_date=20221005T201603, start_date=20221006T012136, end_date=20221006T012522
[2022-10-06 01:25:22,153] {local_task_job.py:154} INFO - Task exited with return code 0
[2022-10-06 01:25:22,203] {local_task_job.py:264} INFO - 1 downstream tasks scheduled from follow-on schedule check
