[2022-10-06 00:51:17,362] {taskinstance.py:1037} INFO - Dependencies all met for <TaskInstance: dag_combustivel.delete_cluster scheduled__2021-07-01T00:00:00+00:00 [queued]>
[2022-10-06 00:51:17,372] {taskinstance.py:1037} INFO - Dependencies all met for <TaskInstance: dag_combustivel.delete_cluster scheduled__2021-07-01T00:00:00+00:00 [queued]>
[2022-10-06 00:51:17,373] {taskinstance.py:1243} INFO - 
--------------------------------------------------------------------------------
[2022-10-06 00:51:17,374] {taskinstance.py:1244} INFO - Starting attempt 2 of 2
[2022-10-06 00:51:17,375] {taskinstance.py:1245} INFO - 
--------------------------------------------------------------------------------
[2022-10-06 00:51:17,386] {taskinstance.py:1264} INFO - Executing <Task(DataprocDeleteClusterOperator): delete_cluster> on 2021-07-01 00:00:00+00:00
[2022-10-06 00:51:17,391] {standard_task_runner.py:52} INFO - Started process 10092 to run task
[2022-10-06 00:51:17,395] {standard_task_runner.py:76} INFO - Running: ['***', 'tasks', 'run', 'dag_combustivel', 'delete_cluster', 'scheduled__2021-07-01T00:00:00+00:00', '--job-id', '192', '--raw', '--subdir', 'DAGS_FOLDER/dag_combustive.py', '--cfg-path', '/tmp/tmpeqsqken_', '--error-file', '/tmp/tmpm47euuzg']
[2022-10-06 00:51:17,396] {standard_task_runner.py:77} INFO - Job 192: Subtask delete_cluster
[2022-10-06 00:51:17,461] {logging_mixin.py:109} INFO - Running <TaskInstance: dag_combustivel.delete_cluster scheduled__2021-07-01T00:00:00+00:00 [running]> on host 1445d51ba90b
[2022-10-06 00:51:17,520] {taskinstance.py:1431} INFO - Exporting the following env vars:
AIRFLOW_CTX_DAG_OWNER=***
AIRFLOW_CTX_DAG_ID=dag_combustivel
AIRFLOW_CTX_TASK_ID=delete_cluster
AIRFLOW_CTX_EXECUTION_DATE=2021-07-01T00:00:00+00:00
AIRFLOW_CTX_DAG_RUN_ID=scheduled__2021-07-01T00:00:00+00:00
[2022-10-06 00:51:17,531] {dataproc.py:863} INFO - Deleting cluster: stack-data-pipeline
[2022-10-06 00:51:58,775] {dataproc.py:875} INFO - Cluster deleted.
[2022-10-06 00:51:58,791] {taskinstance.py:1282} INFO - Marking task as SUCCESS. dag_id=dag_combustivel, task_id=delete_cluster, execution_date=20210701T000000, start_date=20221006T005117, end_date=20221006T005158
[2022-10-06 00:51:58,844] {local_task_job.py:154} INFO - Task exited with return code 0
[2022-10-06 00:51:58,889] {local_task_job.py:264} INFO - 1 downstream tasks scheduled from follow-on schedule check
