[2022-10-05 17:25:07,749] {taskinstance.py:1037} INFO - Dependencies all met for <TaskInstance: dag_combustivel.pyspark_task scheduled__2018-01-01T00:00:00+00:00 [queued]>
[2022-10-05 17:25:07,761] {taskinstance.py:1037} INFO - Dependencies all met for <TaskInstance: dag_combustivel.pyspark_task scheduled__2018-01-01T00:00:00+00:00 [queued]>
[2022-10-05 17:25:07,762] {taskinstance.py:1243} INFO - 
--------------------------------------------------------------------------------
[2022-10-05 17:25:07,763] {taskinstance.py:1244} INFO - Starting attempt 1 of 1
[2022-10-05 17:25:07,763] {taskinstance.py:1245} INFO - 
--------------------------------------------------------------------------------
[2022-10-05 17:25:07,777] {taskinstance.py:1264} INFO - Executing <Task(DataprocSubmitJobOperator): pyspark_task> on 2018-01-01 00:00:00+00:00
[2022-10-05 17:25:07,782] {standard_task_runner.py:52} INFO - Started process 21567 to run task
[2022-10-05 17:25:07,786] {standard_task_runner.py:76} INFO - Running: ['***', 'tasks', 'run', 'dag_combustivel', 'pyspark_task', 'scheduled__2018-01-01T00:00:00+00:00', '--job-id', '88', '--raw', '--subdir', 'DAGS_FOLDER/dag_combustive.py', '--cfg-path', '/tmp/tmpch_p1i6s', '--error-file', '/tmp/tmpwd6xytxt']
[2022-10-05 17:25:07,788] {standard_task_runner.py:77} INFO - Job 88: Subtask pyspark_task
[2022-10-05 17:25:07,861] {logging_mixin.py:109} INFO - Running <TaskInstance: dag_combustivel.pyspark_task scheduled__2018-01-01T00:00:00+00:00 [running]> on host 1445d51ba90b
[2022-10-05 17:25:07,934] {taskinstance.py:1431} INFO - Exporting the following env vars:
AIRFLOW_CTX_DAG_OWNER=***
AIRFLOW_CTX_DAG_ID=dag_combustivel
AIRFLOW_CTX_TASK_ID=pyspark_task
AIRFLOW_CTX_EXECUTION_DATE=2018-01-01T00:00:00+00:00
AIRFLOW_CTX_DAG_RUN_ID=scheduled__2018-01-01T00:00:00+00:00
[2022-10-05 17:25:07,936] {dataproc.py:1878} INFO - Submitting job
[2022-10-05 17:25:09,109] {dataproc.py:1890} INFO - Job 7b54b8d3-37e8-422a-a60a-bc1cd97277d7 submitted successfully.
[2022-10-05 17:25:09,132] {dataproc.py:1903} INFO - Waiting for job 7b54b8d3-37e8-422a-a60a-bc1cd97277d7 to complete
[2022-10-05 17:25:42,265] {dataproc.py:1907} INFO - Job 7b54b8d3-37e8-422a-a60a-bc1cd97277d7 completed successfully.
[2022-10-05 17:25:42,290] {taskinstance.py:1282} INFO - Marking task as SUCCESS. dag_id=dag_combustivel, task_id=pyspark_task, execution_date=20180101T000000, start_date=20221005T172507, end_date=20221005T172542
[2022-10-05 17:25:42,353] {local_task_job.py:154} INFO - Task exited with return code 0
[2022-10-05 17:25:42,392] {local_task_job.py:264} INFO - 1 downstream tasks scheduled from follow-on schedule check
