[2022-10-05 23:11:05,527] {taskinstance.py:1037} INFO - Dependencies all met for <TaskInstance: dag_combustivel.pyspark_task scheduled__2018-01-01T00:00:00+00:00 [queued]>
[2022-10-05 23:11:05,539] {taskinstance.py:1037} INFO - Dependencies all met for <TaskInstance: dag_combustivel.pyspark_task scheduled__2018-01-01T00:00:00+00:00 [queued]>
[2022-10-05 23:11:05,540] {taskinstance.py:1243} INFO - 
--------------------------------------------------------------------------------
[2022-10-05 23:11:05,541] {taskinstance.py:1244} INFO - Starting attempt 2 of 2
[2022-10-05 23:11:05,542] {taskinstance.py:1245} INFO - 
--------------------------------------------------------------------------------
[2022-10-05 23:11:05,555] {taskinstance.py:1264} INFO - Executing <Task(DataprocSubmitJobOperator): pyspark_task> on 2018-01-01 00:00:00+00:00
[2022-10-05 23:11:05,562] {standard_task_runner.py:52} INFO - Started process 6438 to run task
[2022-10-05 23:11:05,567] {standard_task_runner.py:76} INFO - Running: ['***', 'tasks', 'run', 'dag_combustivel', 'pyspark_task', 'scheduled__2018-01-01T00:00:00+00:00', '--job-id', '155', '--raw', '--subdir', 'DAGS_FOLDER/dag_combustive.py', '--cfg-path', '/tmp/tmpe36nwkh5', '--error-file', '/tmp/tmp6lv3x9gx']
[2022-10-05 23:11:05,570] {standard_task_runner.py:77} INFO - Job 155: Subtask pyspark_task
[2022-10-05 23:11:05,643] {logging_mixin.py:109} INFO - Running <TaskInstance: dag_combustivel.pyspark_task scheduled__2018-01-01T00:00:00+00:00 [running]> on host 1445d51ba90b
[2022-10-05 23:11:05,740] {taskinstance.py:1431} INFO - Exporting the following env vars:
AIRFLOW_CTX_DAG_OWNER=***
AIRFLOW_CTX_DAG_ID=dag_combustivel
AIRFLOW_CTX_TASK_ID=pyspark_task
AIRFLOW_CTX_EXECUTION_DATE=2018-01-01T00:00:00+00:00
AIRFLOW_CTX_DAG_RUN_ID=scheduled__2018-01-01T00:00:00+00:00
[2022-10-05 23:11:05,742] {dataproc.py:1878} INFO - Submitting job
[2022-10-05 23:11:06,967] {dataproc.py:1890} INFO - Job 2e1ea5e7-ca04-4788-a757-ca5c91b8390a submitted successfully.
[2022-10-05 23:11:06,981] {dataproc.py:1903} INFO - Waiting for job 2e1ea5e7-ca04-4788-a757-ca5c91b8390a to complete
[2022-10-05 23:12:13,211] {dataproc.py:1907} INFO - Job 2e1ea5e7-ca04-4788-a757-ca5c91b8390a completed successfully.
[2022-10-05 23:12:13,235] {taskinstance.py:1282} INFO - Marking task as SUCCESS. dag_id=dag_combustivel, task_id=pyspark_task, execution_date=20180101T000000, start_date=20221005T231105, end_date=20221005T231213
[2022-10-05 23:12:13,268] {local_task_job.py:154} INFO - Task exited with return code 0
[2022-10-05 23:12:13,328] {local_task_job.py:264} INFO - 1 downstream tasks scheduled from follow-on schedule check
