[2022-10-05 17:59:17,513] {taskinstance.py:1037} INFO - Dependencies all met for <TaskInstance: dag_combustivel.pyspark_task scheduled__2021-01-01T00:00:00+00:00 [queued]>
[2022-10-05 17:59:17,529] {taskinstance.py:1037} INFO - Dependencies all met for <TaskInstance: dag_combustivel.pyspark_task scheduled__2021-01-01T00:00:00+00:00 [queued]>
[2022-10-05 17:59:17,530] {taskinstance.py:1243} INFO - 
--------------------------------------------------------------------------------
[2022-10-05 17:59:17,531] {taskinstance.py:1244} INFO - Starting attempt 1 of 1
[2022-10-05 17:59:17,532] {taskinstance.py:1245} INFO - 
--------------------------------------------------------------------------------
[2022-10-05 17:59:17,550] {taskinstance.py:1264} INFO - Executing <Task(DataprocSubmitJobOperator): pyspark_task> on 2021-01-01 00:00:00+00:00
[2022-10-05 17:59:17,555] {standard_task_runner.py:52} INFO - Started process 23114 to run task
[2022-10-05 17:59:17,560] {standard_task_runner.py:76} INFO - Running: ['***', 'tasks', 'run', 'dag_combustivel', 'pyspark_task', 'scheduled__2021-01-01T00:00:00+00:00', '--job-id', '112', '--raw', '--subdir', 'DAGS_FOLDER/dag_combustive.py', '--cfg-path', '/tmp/tmpf1d_fcik', '--error-file', '/tmp/tmpl5xdiy8h']
[2022-10-05 17:59:17,562] {standard_task_runner.py:77} INFO - Job 112: Subtask pyspark_task
[2022-10-05 17:59:17,649] {logging_mixin.py:109} INFO - Running <TaskInstance: dag_combustivel.pyspark_task scheduled__2021-01-01T00:00:00+00:00 [running]> on host 1445d51ba90b
[2022-10-05 17:59:17,789] {taskinstance.py:1431} INFO - Exporting the following env vars:
AIRFLOW_CTX_DAG_OWNER=***
AIRFLOW_CTX_DAG_ID=dag_combustivel
AIRFLOW_CTX_TASK_ID=pyspark_task
AIRFLOW_CTX_EXECUTION_DATE=2021-01-01T00:00:00+00:00
AIRFLOW_CTX_DAG_RUN_ID=scheduled__2021-01-01T00:00:00+00:00
[2022-10-05 17:59:17,794] {dataproc.py:1878} INFO - Submitting job
[2022-10-05 17:59:18,901] {dataproc.py:1890} INFO - Job 565e4bed-d22b-44f0-aa48-4fd4d7d17802 submitted successfully.
[2022-10-05 17:59:18,917] {dataproc.py:1903} INFO - Waiting for job 565e4bed-d22b-44f0-aa48-4fd4d7d17802 to complete
[2022-10-05 17:59:51,591] {dataproc.py:1907} INFO - Job 565e4bed-d22b-44f0-aa48-4fd4d7d17802 completed successfully.
[2022-10-05 17:59:51,621] {taskinstance.py:1282} INFO - Marking task as SUCCESS. dag_id=dag_combustivel, task_id=pyspark_task, execution_date=20210101T000000, start_date=20221005T175917, end_date=20221005T175951
[2022-10-05 17:59:51,692] {local_task_job.py:154} INFO - Task exited with return code 0
[2022-10-05 17:59:51,741] {local_task_job.py:264} INFO - 1 downstream tasks scheduled from follow-on schedule check
