[2022-10-06 00:40:31,717] {taskinstance.py:1037} INFO - Dependencies all met for <TaskInstance: dag_combustivel.pyspark_task scheduled__2021-01-01T00:00:00+00:00 [queued]>
[2022-10-06 00:40:31,729] {taskinstance.py:1037} INFO - Dependencies all met for <TaskInstance: dag_combustivel.pyspark_task scheduled__2021-01-01T00:00:00+00:00 [queued]>
[2022-10-06 00:40:31,730] {taskinstance.py:1243} INFO - 
--------------------------------------------------------------------------------
[2022-10-06 00:40:31,731] {taskinstance.py:1244} INFO - Starting attempt 2 of 2
[2022-10-06 00:40:31,731] {taskinstance.py:1245} INFO - 
--------------------------------------------------------------------------------
[2022-10-06 00:40:31,744] {taskinstance.py:1264} INFO - Executing <Task(DataprocSubmitJobOperator): pyspark_task> on 2021-01-01 00:00:00+00:00
[2022-10-06 00:40:31,750] {standard_task_runner.py:52} INFO - Started process 9701 to run task
[2022-10-06 00:40:31,753] {standard_task_runner.py:76} INFO - Running: ['***', 'tasks', 'run', 'dag_combustivel', 'pyspark_task', 'scheduled__2021-01-01T00:00:00+00:00', '--job-id', '187', '--raw', '--subdir', 'DAGS_FOLDER/dag_combustive.py', '--cfg-path', '/tmp/tmpsy3vj422', '--error-file', '/tmp/tmpluq4o1q1']
[2022-10-06 00:40:31,756] {standard_task_runner.py:77} INFO - Job 187: Subtask pyspark_task
[2022-10-06 00:40:31,835] {logging_mixin.py:109} INFO - Running <TaskInstance: dag_combustivel.pyspark_task scheduled__2021-01-01T00:00:00+00:00 [running]> on host 1445d51ba90b
[2022-10-06 00:40:31,909] {taskinstance.py:1431} INFO - Exporting the following env vars:
AIRFLOW_CTX_DAG_OWNER=***
AIRFLOW_CTX_DAG_ID=dag_combustivel
AIRFLOW_CTX_TASK_ID=pyspark_task
AIRFLOW_CTX_EXECUTION_DATE=2021-01-01T00:00:00+00:00
AIRFLOW_CTX_DAG_RUN_ID=scheduled__2021-01-01T00:00:00+00:00
[2022-10-06 00:40:31,910] {dataproc.py:1878} INFO - Submitting job
[2022-10-06 00:40:33,021] {dataproc.py:1890} INFO - Job 16015937-8f7e-4b59-b4fc-5794735ffea5 submitted successfully.
[2022-10-06 00:40:33,033] {dataproc.py:1903} INFO - Waiting for job 16015937-8f7e-4b59-b4fc-5794735ffea5 to complete
[2022-10-06 00:44:34,487] {dataproc.py:1907} INFO - Job 16015937-8f7e-4b59-b4fc-5794735ffea5 completed successfully.
[2022-10-06 00:44:34,676] {taskinstance.py:1282} INFO - Marking task as SUCCESS. dag_id=dag_combustivel, task_id=pyspark_task, execution_date=20210101T000000, start_date=20221006T004031, end_date=20221006T004434
[2022-10-06 00:44:36,491] {local_task_job.py:154} INFO - Task exited with return code 0
[2022-10-06 00:44:37,386] {local_task_job.py:264} INFO - 1 downstream tasks scheduled from follow-on schedule check
