[2022-10-06 00:27:49,716] {taskinstance.py:1037} INFO - Dependencies all met for <TaskInstance: dag_combustivel.pyspark_task scheduled__2020-01-01T00:00:00+00:00 [queued]>
[2022-10-06 00:27:49,728] {taskinstance.py:1037} INFO - Dependencies all met for <TaskInstance: dag_combustivel.pyspark_task scheduled__2020-01-01T00:00:00+00:00 [queued]>
[2022-10-06 00:27:49,729] {taskinstance.py:1243} INFO - 
--------------------------------------------------------------------------------
[2022-10-06 00:27:49,730] {taskinstance.py:1244} INFO - Starting attempt 2 of 2
[2022-10-06 00:27:49,731] {taskinstance.py:1245} INFO - 
--------------------------------------------------------------------------------
[2022-10-06 00:27:49,744] {taskinstance.py:1264} INFO - Executing <Task(DataprocSubmitJobOperator): pyspark_task> on 2020-01-01 00:00:00+00:00
[2022-10-06 00:27:49,749] {standard_task_runner.py:52} INFO - Started process 9067 to run task
[2022-10-06 00:27:49,754] {standard_task_runner.py:76} INFO - Running: ['***', 'tasks', 'run', 'dag_combustivel', 'pyspark_task', 'scheduled__2020-01-01T00:00:00+00:00', '--job-id', '179', '--raw', '--subdir', 'DAGS_FOLDER/dag_combustive.py', '--cfg-path', '/tmp/tmpah_uq2wq', '--error-file', '/tmp/tmp0nfizyys']
[2022-10-06 00:27:49,756] {standard_task_runner.py:77} INFO - Job 179: Subtask pyspark_task
[2022-10-06 00:27:49,824] {logging_mixin.py:109} INFO - Running <TaskInstance: dag_combustivel.pyspark_task scheduled__2020-01-01T00:00:00+00:00 [running]> on host 1445d51ba90b
[2022-10-06 00:27:49,898] {taskinstance.py:1431} INFO - Exporting the following env vars:
AIRFLOW_CTX_DAG_OWNER=***
AIRFLOW_CTX_DAG_ID=dag_combustivel
AIRFLOW_CTX_TASK_ID=pyspark_task
AIRFLOW_CTX_EXECUTION_DATE=2020-01-01T00:00:00+00:00
AIRFLOW_CTX_DAG_RUN_ID=scheduled__2020-01-01T00:00:00+00:00
[2022-10-06 00:27:49,900] {dataproc.py:1878} INFO - Submitting job
[2022-10-06 00:27:51,033] {dataproc.py:1890} INFO - Job 09339fd1-ea58-4a9c-8d08-4b3f71dcd70b submitted successfully.
[2022-10-06 00:27:51,050] {dataproc.py:1903} INFO - Waiting for job 09339fd1-ea58-4a9c-8d08-4b3f71dcd70b to complete
[2022-10-06 00:28:57,273] {dataproc.py:1907} INFO - Job 09339fd1-ea58-4a9c-8d08-4b3f71dcd70b completed successfully.
[2022-10-06 00:28:57,296] {taskinstance.py:1282} INFO - Marking task as SUCCESS. dag_id=dag_combustivel, task_id=pyspark_task, execution_date=20200101T000000, start_date=20221006T002749, end_date=20221006T002857
[2022-10-06 00:28:57,327] {local_task_job.py:154} INFO - Task exited with return code 0
[2022-10-06 00:28:57,371] {local_task_job.py:264} INFO - 0 downstream tasks scheduled from follow-on schedule check
