[2022-10-05 22:34:53,195] {taskinstance.py:1037} INFO - Dependencies all met for <TaskInstance: dag_combustivel.get_op scheduled__2016-07-01T00:00:00+00:00 [queued]>
[2022-10-05 22:34:53,206] {taskinstance.py:1037} INFO - Dependencies all met for <TaskInstance: dag_combustivel.get_op scheduled__2016-07-01T00:00:00+00:00 [queued]>
[2022-10-05 22:34:53,207] {taskinstance.py:1243} INFO - 
--------------------------------------------------------------------------------
[2022-10-05 22:34:53,208] {taskinstance.py:1244} INFO - Starting attempt 5 of 5
[2022-10-05 22:34:53,209] {taskinstance.py:1245} INFO - 
--------------------------------------------------------------------------------
[2022-10-05 22:34:53,222] {taskinstance.py:1264} INFO - Executing <Task(SimpleHttpOperator): get_op> on 2016-07-01 00:00:00+00:00
[2022-10-05 22:34:53,228] {standard_task_runner.py:52} INFO - Started process 5206 to run task
[2022-10-05 22:34:53,233] {standard_task_runner.py:76} INFO - Running: ['***', 'tasks', 'run', 'dag_combustivel', 'get_op', 'scheduled__2016-07-01T00:00:00+00:00', '--job-id', '141', '--raw', '--subdir', 'DAGS_FOLDER/dag_combustive.py', '--cfg-path', '/tmp/tmpfj_ltklf', '--error-file', '/tmp/tmpodw143u9']
[2022-10-05 22:34:53,235] {standard_task_runner.py:77} INFO - Job 141: Subtask get_op
[2022-10-05 22:34:53,299] {logging_mixin.py:109} INFO - Running <TaskInstance: dag_combustivel.get_op scheduled__2016-07-01T00:00:00+00:00 [running]> on host 1445d51ba90b
[2022-10-05 22:34:53,370] {taskinstance.py:1431} INFO - Exporting the following env vars:
AIRFLOW_CTX_DAG_OWNER=***
AIRFLOW_CTX_DAG_ID=dag_combustivel
AIRFLOW_CTX_TASK_ID=get_op
AIRFLOW_CTX_EXECUTION_DATE=2016-07-01T00:00:00+00:00
AIRFLOW_CTX_DAG_RUN_ID=scheduled__2016-07-01T00:00:00+00:00
[2022-10-05 22:34:53,372] {http.py:104} INFO - Calling HTTP method
[2022-10-05 22:34:53,385] {base.py:79} INFO - Using connection to: id: stack-data-pipeline01. Host: https://stack-data-pipeline01-v6sq26umdq-uc.a.run.app, Port: None, Schema: , Login: , Password: None, extra: {}
[2022-10-05 22:34:53,391] {http.py:129} INFO - Sending 'POST' to url: https://stack-data-pipeline01-v6sq26umdq-uc.a.run.app/download_combustivel
[2022-10-05 22:35:08,808] {taskinstance.py:1282} INFO - Marking task as SUCCESS. dag_id=dag_combustivel, task_id=get_op, execution_date=20160701T000000, start_date=20221005T223453, end_date=20221005T223508
[2022-10-05 22:35:08,863] {local_task_job.py:154} INFO - Task exited with return code 0
[2022-10-05 22:35:09,006] {local_task_job.py:264} INFO - 0 downstream tasks scheduled from follow-on schedule check
