[2022-11-02 00:42:37,295] {taskinstance.py:1037} INFO - Dependencies all met for <TaskInstance: dag_combustivel.create_cluster scheduled__2004-01-01T00:00:00+00:00 [queued]>
[2022-11-02 00:42:37,312] {taskinstance.py:1037} INFO - Dependencies all met for <TaskInstance: dag_combustivel.create_cluster scheduled__2004-01-01T00:00:00+00:00 [queued]>
[2022-11-02 00:42:37,313] {taskinstance.py:1243} INFO - 
--------------------------------------------------------------------------------
[2022-11-02 00:42:37,314] {taskinstance.py:1244} INFO - Starting attempt 2 of 2
[2022-11-02 00:42:37,315] {taskinstance.py:1245} INFO - 
--------------------------------------------------------------------------------
[2022-11-02 00:42:37,331] {taskinstance.py:1264} INFO - Executing <Task(DataprocCreateClusterOperator): create_cluster> on 2004-01-01 00:00:00+00:00
[2022-11-02 00:42:37,338] {standard_task_runner.py:52} INFO - Started process 2585 to run task
[2022-11-02 00:42:37,346] {standard_task_runner.py:76} INFO - Running: ['***', 'tasks', 'run', 'dag_combustivel', 'create_cluster', 'scheduled__2004-01-01T00:00:00+00:00', '--job-id', '230', '--raw', '--subdir', 'DAGS_FOLDER/dag_combustivel.py', '--cfg-path', '/tmp/tmp6l_yo6eu', '--error-file', '/tmp/tmp3y7_kf7j']
[2022-11-02 00:42:37,348] {standard_task_runner.py:77} INFO - Job 230: Subtask create_cluster
[2022-11-02 00:42:37,432] {logging_mixin.py:109} INFO - Running <TaskInstance: dag_combustivel.create_cluster scheduled__2004-01-01T00:00:00+00:00 [running]> on host 44262508447e
[2022-11-02 00:42:37,516] {taskinstance.py:1431} INFO - Exporting the following env vars:
AIRFLOW_CTX_DAG_OWNER=***
AIRFLOW_CTX_DAG_ID=dag_combustivel
AIRFLOW_CTX_TASK_ID=create_cluster
AIRFLOW_CTX_EXECUTION_DATE=2004-01-01T00:00:00+00:00
AIRFLOW_CTX_DAG_RUN_ID=scheduled__2004-01-01T00:00:00+00:00
[2022-11-02 00:42:37,518] {dataproc.py:625} INFO - Creating cluster: stack-data-pipeline
[2022-11-02 00:45:30,533] {dataproc.py:569} INFO - Cluster created.
[2022-11-02 00:45:30,619] {taskinstance.py:1282} INFO - Marking task as SUCCESS. dag_id=dag_combustivel, task_id=create_cluster, execution_date=20040101T000000, start_date=20221102T004237, end_date=20221102T004530
[2022-11-02 00:45:30,673] {local_task_job.py:154} INFO - Task exited with return code 0
[2022-11-02 00:45:30,732] {local_task_job.py:264} INFO - 1 downstream tasks scheduled from follow-on schedule check
