[2022-11-16 22:22:24,821] {taskinstance.py:1037} INFO - Dependencies all met for <TaskInstance: dag_combustivel.get_op scheduled__2018-01-01T00:00:00+00:00 [queued]>
[2022-11-16 22:22:24,886] {taskinstance.py:1037} INFO - Dependencies all met for <TaskInstance: dag_combustivel.get_op scheduled__2018-01-01T00:00:00+00:00 [queued]>
[2022-11-16 22:22:24,893] {taskinstance.py:1243} INFO - 
--------------------------------------------------------------------------------
[2022-11-16 22:22:24,898] {taskinstance.py:1244} INFO - Starting attempt 1 of 1
[2022-11-16 22:22:24,901] {taskinstance.py:1245} INFO - 
--------------------------------------------------------------------------------
[2022-11-16 22:22:24,980] {taskinstance.py:1264} INFO - Executing <Task(SimpleHttpOperator): get_op> on 2018-01-01 00:00:00+00:00
[2022-11-16 22:22:25,007] {standard_task_runner.py:52} INFO - Started process 3513 to run task
[2022-11-16 22:22:25,025] {standard_task_runner.py:76} INFO - Running: ['***', 'tasks', 'run', 'dag_combustivel', 'get_op', 'scheduled__2018-01-01T00:00:00+00:00', '--job-id', '60', '--raw', '--subdir', 'DAGS_FOLDER/dag_combustivel.py', '--cfg-path', '/tmp/tmpf5oot19c', '--error-file', '/tmp/tmp426zflnq']
[2022-11-16 22:22:25,032] {standard_task_runner.py:77} INFO - Job 60: Subtask get_op
[2022-11-16 22:22:25,156] {logging_mixin.py:109} INFO - Running <TaskInstance: dag_combustivel.get_op scheduled__2018-01-01T00:00:00+00:00 [running]> on host b2a62e76b908
[2022-11-16 22:22:25,435] {taskinstance.py:1431} INFO - Exporting the following env vars:
AIRFLOW_CTX_DAG_OWNER=***
AIRFLOW_CTX_DAG_ID=dag_combustivel
AIRFLOW_CTX_TASK_ID=get_op
AIRFLOW_CTX_EXECUTION_DATE=2018-01-01T00:00:00+00:00
AIRFLOW_CTX_DAG_RUN_ID=scheduled__2018-01-01T00:00:00+00:00
[2022-11-16 22:22:25,446] {http.py:104} INFO - Calling HTTP method
[2022-11-16 22:22:25,485] {base.py:79} INFO - Using connection to: id: stack-data-pipeline. Host: https://data-pipeline-bootcamp-k4otesd7oa-uc.a.run.app, Port: None, Schema: , Login: admin, Password: ***, extra: {}
[2022-11-16 22:22:25,491] {http.py:129} INFO - Sending 'POST' to url: https://data-pipeline-bootcamp-k4otesd7oa-uc.a.run.app/download_combustivel
[2022-11-16 22:23:51,456] {local_task_job.py:212} WARNING - State of this instance has been externally set to success. Terminating instance.
[2022-11-16 22:23:51,463] {process_utils.py:124} INFO - Sending Signals.SIGTERM to group 3513. PIDs of all processes in the group: [3513]
[2022-11-16 22:23:51,464] {process_utils.py:75} INFO - Sending the signal Signals.SIGTERM to group 3513
[2022-11-16 22:23:51,465] {taskinstance.py:1413} ERROR - Received SIGTERM. Terminating subprocesses.
[2022-11-16 22:23:51,558] {process_utils.py:70} INFO - Process psutil.Process(pid=3513, status='terminated', exitcode=0, started='22:22:24') (3513) terminated with exit code 0
