[2022-11-16 22:17:58,534] {taskinstance.py:1037} INFO - Dependencies all met for <TaskInstance: dag_combustivel.pyspark_task manual__2022-11-16T21:07:34.027357+00:00 [None]>
[2022-11-16 22:17:58,557] {taskinstance.py:1037} INFO - Dependencies all met for <TaskInstance: dag_combustivel.pyspark_task manual__2022-11-16T21:07:34.027357+00:00 [None]>
[2022-11-16 22:17:58,557] {taskinstance.py:1243} INFO - 
--------------------------------------------------------------------------------
[2022-11-16 22:17:58,558] {taskinstance.py:1244} INFO - Starting attempt 3 of 3
[2022-11-16 22:17:58,558] {taskinstance.py:1245} INFO - 
--------------------------------------------------------------------------------
[2022-11-16 22:17:58,581] {taskinstance.py:1264} INFO - Executing <Task(DataprocSubmitJobOperator): pyspark_task> on 2022-11-16 21:07:34.027357+00:00
[2022-11-16 22:17:58,588] {standard_task_runner.py:52} INFO - Started process 3325 to run task
[2022-11-16 22:17:58,594] {standard_task_runner.py:76} INFO - Running: ['***', 'tasks', 'run', 'dag_combustivel', 'pyspark_task', 'manual__2022-11-16T21:07:34.027357+00:00', '--job-id', '57', '--pool', 'default_pool', '--raw', '--subdir', 'DAGS_FOLDER/dag_combustivel.py', '--cfg-path', '/tmp/tmpd4n28ty5', '--error-file', '/tmp/tmpjfusbdwt']
[2022-11-16 22:17:58,596] {standard_task_runner.py:77} INFO - Job 57: Subtask pyspark_task
[2022-11-16 22:17:58,686] {logging_mixin.py:109} INFO - Running <TaskInstance: dag_combustivel.pyspark_task manual__2022-11-16T21:07:34.027357+00:00 [running]> on host b2a62e76b908
[2022-11-16 22:17:58,808] {taskinstance.py:1431} INFO - Exporting the following env vars:
AIRFLOW_CTX_DAG_OWNER=***
AIRFLOW_CTX_DAG_ID=dag_combustivel
AIRFLOW_CTX_TASK_ID=pyspark_task
AIRFLOW_CTX_EXECUTION_DATE=2022-11-16T21:07:34.027357+00:00
AIRFLOW_CTX_DAG_RUN_ID=manual__2022-11-16T21:07:34.027357+00:00
[2022-11-16 22:17:58,810] {dataproc.py:1878} INFO - Submitting job
[2022-11-16 22:18:00,194] {dataproc.py:1890} INFO - Job 5b648fbe-1862-4ca6-81a9-a1a08d4c01a9 submitted successfully.
[2022-11-16 22:18:00,213] {dataproc.py:1903} INFO - Waiting for job 5b648fbe-1862-4ca6-81a9-a1a08d4c01a9 to complete
[2022-11-16 22:18:45,797] {dataproc.py:1907} INFO - Job 5b648fbe-1862-4ca6-81a9-a1a08d4c01a9 completed successfully.
[2022-11-16 22:18:45,852] {taskinstance.py:1282} INFO - Marking task as SUCCESS. dag_id=dag_combustivel, task_id=pyspark_task, execution_date=20221116T210734, start_date=20221116T221758, end_date=20221116T221845
[2022-11-16 22:18:45,963] {local_task_job.py:154} INFO - Task exited with return code 0
[2022-11-16 22:18:46,068] {local_task_job.py:264} INFO - 1 downstream tasks scheduled from follow-on schedule check
