[2022-10-05 20:20:10,538] {taskinstance.py:1037} INFO - Dependencies all met for <TaskInstance: dag_combustivel.delete_cluster manual__2022-10-05T20:16:03.514138+00:00 [queued]>
[2022-10-05 20:20:10,550] {taskinstance.py:1037} INFO - Dependencies all met for <TaskInstance: dag_combustivel.delete_cluster manual__2022-10-05T20:16:03.514138+00:00 [queued]>
[2022-10-05 20:20:10,551] {taskinstance.py:1243} INFO - 
--------------------------------------------------------------------------------
[2022-10-05 20:20:10,552] {taskinstance.py:1244} INFO - Starting attempt 1 of 1
[2022-10-05 20:20:10,553] {taskinstance.py:1245} INFO - 
--------------------------------------------------------------------------------
[2022-10-05 20:20:10,573] {taskinstance.py:1264} INFO - Executing <Task(DataprocDeleteClusterOperator): delete_cluster> on 2022-10-05 20:16:03.514138+00:00
[2022-10-05 20:20:10,582] {standard_task_runner.py:52} INFO - Started process 1300 to run task
[2022-10-05 20:20:10,597] {standard_task_runner.py:76} INFO - Running: ['***', 'tasks', 'run', 'dag_combustivel', 'delete_cluster', 'manual__2022-10-05T20:16:03.514138+00:00', '--job-id', '131', '--raw', '--subdir', 'DAGS_FOLDER/dag_combustive.py', '--cfg-path', '/tmp/tmp6uobdolz', '--error-file', '/tmp/tmpwfrdmush']
[2022-10-05 20:20:10,606] {standard_task_runner.py:77} INFO - Job 131: Subtask delete_cluster
[2022-10-05 20:20:10,714] {logging_mixin.py:109} INFO - Running <TaskInstance: dag_combustivel.delete_cluster manual__2022-10-05T20:16:03.514138+00:00 [running]> on host 1445d51ba90b
[2022-10-05 20:20:10,800] {taskinstance.py:1431} INFO - Exporting the following env vars:
AIRFLOW_CTX_DAG_OWNER=***
AIRFLOW_CTX_DAG_ID=dag_combustivel
AIRFLOW_CTX_TASK_ID=delete_cluster
AIRFLOW_CTX_EXECUTION_DATE=2022-10-05T20:16:03.514138+00:00
AIRFLOW_CTX_DAG_RUN_ID=manual__2022-10-05T20:16:03.514138+00:00
[2022-10-05 20:20:10,819] {dataproc.py:863} INFO - Deleting cluster: dataproc-cluster-stack-data-pipeline01
[2022-10-05 20:20:54,095] {dataproc.py:875} INFO - Cluster deleted.
[2022-10-05 20:20:54,154] {taskinstance.py:1282} INFO - Marking task as SUCCESS. dag_id=dag_combustivel, task_id=delete_cluster, execution_date=20221005T201603, start_date=20221005T202010, end_date=20221005T202054
[2022-10-05 20:20:54,241] {local_task_job.py:154} INFO - Task exited with return code 0
[2022-10-05 20:20:54,496] {local_task_job.py:264} INFO - 1 downstream tasks scheduled from follow-on schedule check
