[2022-10-06 01:26:10,350] {taskinstance.py:1037} INFO - Dependencies all met for <TaskInstance: dag_combustivel.delete_cluster manual__2022-10-05T20:16:03.514138+00:00 [queued]>
[2022-10-06 01:26:10,364] {taskinstance.py:1037} INFO - Dependencies all met for <TaskInstance: dag_combustivel.delete_cluster manual__2022-10-05T20:16:03.514138+00:00 [queued]>
[2022-10-06 01:26:10,366] {taskinstance.py:1243} INFO - 
--------------------------------------------------------------------------------
[2022-10-06 01:26:10,366] {taskinstance.py:1244} INFO - Starting attempt 2 of 2
[2022-10-06 01:26:10,367] {taskinstance.py:1245} INFO - 
--------------------------------------------------------------------------------
[2022-10-06 01:26:10,384] {taskinstance.py:1264} INFO - Executing <Task(DataprocDeleteClusterOperator): delete_cluster> on 2022-10-05 20:16:03.514138+00:00
[2022-10-06 01:26:10,390] {standard_task_runner.py:52} INFO - Started process 10977 to run task
[2022-10-06 01:26:10,401] {standard_task_runner.py:76} INFO - Running: ['***', 'tasks', 'run', 'dag_combustivel', 'delete_cluster', 'manual__2022-10-05T20:16:03.514138+00:00', '--job-id', '208', '--raw', '--subdir', 'DAGS_FOLDER/dag_combustive.py', '--cfg-path', '/tmp/tmp5_95bww5', '--error-file', '/tmp/tmpemgcha96']
[2022-10-06 01:26:10,404] {standard_task_runner.py:77} INFO - Job 208: Subtask delete_cluster
[2022-10-06 01:26:10,523] {logging_mixin.py:109} INFO - Running <TaskInstance: dag_combustivel.delete_cluster manual__2022-10-05T20:16:03.514138+00:00 [running]> on host 1445d51ba90b
[2022-10-06 01:26:10,613] {taskinstance.py:1431} INFO - Exporting the following env vars:
AIRFLOW_CTX_DAG_OWNER=***
AIRFLOW_CTX_DAG_ID=dag_combustivel
AIRFLOW_CTX_TASK_ID=delete_cluster
AIRFLOW_CTX_EXECUTION_DATE=2022-10-05T20:16:03.514138+00:00
AIRFLOW_CTX_DAG_RUN_ID=manual__2022-10-05T20:16:03.514138+00:00
[2022-10-06 01:26:10,628] {dataproc.py:863} INFO - Deleting cluster: stack-data-pipeline
[2022-10-06 01:26:38,192] {dataproc.py:875} INFO - Cluster deleted.
[2022-10-06 01:26:38,204] {taskinstance.py:1282} INFO - Marking task as SUCCESS. dag_id=dag_combustivel, task_id=delete_cluster, execution_date=20221005T201603, start_date=20221006T012610, end_date=20221006T012638
[2022-10-06 01:26:38,225] {local_task_job.py:154} INFO - Task exited with return code 0
[2022-10-06 01:26:38,256] {local_task_job.py:264} INFO - 1 downstream tasks scheduled from follow-on schedule check
