[2022-10-05 17:53:04,759] {taskinstance.py:1037} INFO - Dependencies all met for <TaskInstance: dag_combustivel.pyspark_task scheduled__2020-07-01T00:00:00+00:00 [queued]>
[2022-10-05 17:53:04,774] {taskinstance.py:1037} INFO - Dependencies all met for <TaskInstance: dag_combustivel.pyspark_task scheduled__2020-07-01T00:00:00+00:00 [queued]>
[2022-10-05 17:53:04,775] {taskinstance.py:1243} INFO - 
--------------------------------------------------------------------------------
[2022-10-05 17:53:04,776] {taskinstance.py:1244} INFO - Starting attempt 1 of 1
[2022-10-05 17:53:04,777] {taskinstance.py:1245} INFO - 
--------------------------------------------------------------------------------
[2022-10-05 17:53:04,794] {taskinstance.py:1264} INFO - Executing <Task(DataprocSubmitJobOperator): pyspark_task> on 2020-07-01 00:00:00+00:00
[2022-10-05 17:53:04,801] {standard_task_runner.py:52} INFO - Started process 22825 to run task
[2022-10-05 17:53:04,806] {standard_task_runner.py:76} INFO - Running: ['***', 'tasks', 'run', 'dag_combustivel', 'pyspark_task', 'scheduled__2020-07-01T00:00:00+00:00', '--job-id', '108', '--raw', '--subdir', 'DAGS_FOLDER/dag_combustive.py', '--cfg-path', '/tmp/tmpikles2y7', '--error-file', '/tmp/tmpvdkd43pj']
[2022-10-05 17:53:04,808] {standard_task_runner.py:77} INFO - Job 108: Subtask pyspark_task
[2022-10-05 17:53:04,882] {logging_mixin.py:109} INFO - Running <TaskInstance: dag_combustivel.pyspark_task scheduled__2020-07-01T00:00:00+00:00 [running]> on host 1445d51ba90b
[2022-10-05 17:53:04,980] {taskinstance.py:1431} INFO - Exporting the following env vars:
AIRFLOW_CTX_DAG_OWNER=***
AIRFLOW_CTX_DAG_ID=dag_combustivel
AIRFLOW_CTX_TASK_ID=pyspark_task
AIRFLOW_CTX_EXECUTION_DATE=2020-07-01T00:00:00+00:00
AIRFLOW_CTX_DAG_RUN_ID=scheduled__2020-07-01T00:00:00+00:00
[2022-10-05 17:53:04,982] {dataproc.py:1878} INFO - Submitting job
[2022-10-05 17:53:06,120] {dataproc.py:1890} INFO - Job ddd5a956-3293-409d-9cfb-cc9f991ac89a submitted successfully.
[2022-10-05 17:53:06,176] {dataproc.py:1903} INFO - Waiting for job ddd5a956-3293-409d-9cfb-cc9f991ac89a to complete
[2022-10-05 17:53:39,184] {dataproc.py:1907} INFO - Job ddd5a956-3293-409d-9cfb-cc9f991ac89a completed successfully.
[2022-10-05 17:53:39,220] {taskinstance.py:1282} INFO - Marking task as SUCCESS. dag_id=dag_combustivel, task_id=pyspark_task, execution_date=20200701T000000, start_date=20221005T175304, end_date=20221005T175339
[2022-10-05 17:53:39,290] {local_task_job.py:154} INFO - Task exited with return code 0
[2022-10-05 17:53:39,357] {local_task_job.py:264} INFO - 1 downstream tasks scheduled from follow-on schedule check
