[2022-10-05 18:12:39,325] {taskinstance.py:1037} INFO - Dependencies all met for <TaskInstance: dag_combustivel.pyspark_task scheduled__2022-01-01T00:00:00+00:00 [queued]>
[2022-10-05 18:12:39,354] {taskinstance.py:1037} INFO - Dependencies all met for <TaskInstance: dag_combustivel.pyspark_task scheduled__2022-01-01T00:00:00+00:00 [queued]>
[2022-10-05 18:12:39,358] {taskinstance.py:1243} INFO - 
--------------------------------------------------------------------------------
[2022-10-05 18:12:39,360] {taskinstance.py:1244} INFO - Starting attempt 1 of 1
[2022-10-05 18:12:39,362] {taskinstance.py:1245} INFO - 
--------------------------------------------------------------------------------
[2022-10-05 18:12:39,389] {taskinstance.py:1264} INFO - Executing <Task(DataprocSubmitJobOperator): pyspark_task> on 2022-01-01 00:00:00+00:00
[2022-10-05 18:12:39,399] {standard_task_runner.py:52} INFO - Started process 23690 to run task
[2022-10-05 18:12:39,416] {standard_task_runner.py:76} INFO - Running: ['***', 'tasks', 'run', 'dag_combustivel', 'pyspark_task', 'scheduled__2022-01-01T00:00:00+00:00', '--job-id', '120', '--raw', '--subdir', 'DAGS_FOLDER/dag_combustive.py', '--cfg-path', '/tmp/tmp1_rjc8m5', '--error-file', '/tmp/tmpxf1ti4q6']
[2022-10-05 18:12:39,418] {standard_task_runner.py:77} INFO - Job 120: Subtask pyspark_task
[2022-10-05 18:12:39,586] {logging_mixin.py:109} INFO - Running <TaskInstance: dag_combustivel.pyspark_task scheduled__2022-01-01T00:00:00+00:00 [running]> on host 1445d51ba90b
[2022-10-05 18:12:39,723] {taskinstance.py:1431} INFO - Exporting the following env vars:
AIRFLOW_CTX_DAG_OWNER=***
AIRFLOW_CTX_DAG_ID=dag_combustivel
AIRFLOW_CTX_TASK_ID=pyspark_task
AIRFLOW_CTX_EXECUTION_DATE=2022-01-01T00:00:00+00:00
AIRFLOW_CTX_DAG_RUN_ID=scheduled__2022-01-01T00:00:00+00:00
[2022-10-05 18:12:39,726] {dataproc.py:1878} INFO - Submitting job
[2022-10-05 18:12:40,943] {dataproc.py:1890} INFO - Job 228a99a8-e29b-4dde-b3a7-6906c2105db0 submitted successfully.
[2022-10-05 18:12:40,963] {dataproc.py:1903} INFO - Waiting for job 228a99a8-e29b-4dde-b3a7-6906c2105db0 to complete
[2022-10-05 18:13:14,008] {dataproc.py:1907} INFO - Job 228a99a8-e29b-4dde-b3a7-6906c2105db0 completed successfully.
[2022-10-05 18:13:14,093] {taskinstance.py:1282} INFO - Marking task as SUCCESS. dag_id=dag_combustivel, task_id=pyspark_task, execution_date=20220101T000000, start_date=20221005T181239, end_date=20221005T181314
[2022-10-05 18:13:14,156] {local_task_job.py:154} INFO - Task exited with return code 0
[2022-10-05 18:13:14,263] {local_task_job.py:264} INFO - 1 downstream tasks scheduled from follow-on schedule check
