[2022-10-06 00:54:45,603] {taskinstance.py:1037} INFO - Dependencies all met for <TaskInstance: dag_combustivel.pyspark_task scheduled__2022-01-01T00:00:00+00:00 [queued]>
[2022-10-06 00:54:45,618] {taskinstance.py:1037} INFO - Dependencies all met for <TaskInstance: dag_combustivel.pyspark_task scheduled__2022-01-01T00:00:00+00:00 [queued]>
[2022-10-06 00:54:45,619] {taskinstance.py:1243} INFO - 
--------------------------------------------------------------------------------
[2022-10-06 00:54:45,620] {taskinstance.py:1244} INFO - Starting attempt 2 of 2
[2022-10-06 00:54:45,621] {taskinstance.py:1245} INFO - 
--------------------------------------------------------------------------------
[2022-10-06 00:54:45,636] {taskinstance.py:1264} INFO - Executing <Task(DataprocSubmitJobOperator): pyspark_task> on 2022-01-01 00:00:00+00:00
[2022-10-06 00:54:45,643] {standard_task_runner.py:52} INFO - Started process 10270 to run task
[2022-10-06 00:54:45,648] {standard_task_runner.py:76} INFO - Running: ['***', 'tasks', 'run', 'dag_combustivel', 'pyspark_task', 'scheduled__2022-01-01T00:00:00+00:00', '--job-id', '195', '--raw', '--subdir', 'DAGS_FOLDER/dag_combustive.py', '--cfg-path', '/tmp/tmp17es8nfv', '--error-file', '/tmp/tmpxof3dt_m']
[2022-10-06 00:54:45,649] {standard_task_runner.py:77} INFO - Job 195: Subtask pyspark_task
[2022-10-06 00:54:45,723] {logging_mixin.py:109} INFO - Running <TaskInstance: dag_combustivel.pyspark_task scheduled__2022-01-01T00:00:00+00:00 [running]> on host 1445d51ba90b
[2022-10-06 00:54:45,806] {taskinstance.py:1431} INFO - Exporting the following env vars:
AIRFLOW_CTX_DAG_OWNER=***
AIRFLOW_CTX_DAG_ID=dag_combustivel
AIRFLOW_CTX_TASK_ID=pyspark_task
AIRFLOW_CTX_EXECUTION_DATE=2022-01-01T00:00:00+00:00
AIRFLOW_CTX_DAG_RUN_ID=scheduled__2022-01-01T00:00:00+00:00
[2022-10-06 00:54:45,808] {dataproc.py:1878} INFO - Submitting job
[2022-10-06 00:54:46,854] {dataproc.py:1890} INFO - Job a77b7e50-4ea6-494a-8b75-3f43b5baf510 submitted successfully.
[2022-10-06 00:54:46,871] {dataproc.py:1903} INFO - Waiting for job a77b7e50-4ea6-494a-8b75-3f43b5baf510 to complete
[2022-10-06 00:55:34,149] {dataproc.py:1907} INFO - Job a77b7e50-4ea6-494a-8b75-3f43b5baf510 completed successfully.
[2022-10-06 00:55:34,200] {taskinstance.py:1282} INFO - Marking task as SUCCESS. dag_id=dag_combustivel, task_id=pyspark_task, execution_date=20220101T000000, start_date=20221006T005445, end_date=20221006T005534
[2022-10-06 00:55:34,243] {local_task_job.py:154} INFO - Task exited with return code 0
[2022-10-06 00:55:34,287] {local_task_job.py:264} INFO - 1 downstream tasks scheduled from follow-on schedule check
