[2022-10-05 17:43:44,816] {taskinstance.py:1037} INFO - Dependencies all met for <TaskInstance: dag_combustivel.delete_cluster scheduled__2019-07-01T00:00:00+00:00 [queued]>
[2022-10-05 17:43:44,835] {taskinstance.py:1037} INFO - Dependencies all met for <TaskInstance: dag_combustivel.delete_cluster scheduled__2019-07-01T00:00:00+00:00 [queued]>
[2022-10-05 17:43:44,844] {taskinstance.py:1243} INFO - 
--------------------------------------------------------------------------------
[2022-10-05 17:43:44,847] {taskinstance.py:1244} INFO - Starting attempt 1 of 1
[2022-10-05 17:43:44,849] {taskinstance.py:1245} INFO - 
--------------------------------------------------------------------------------
[2022-10-05 17:43:44,903] {taskinstance.py:1264} INFO - Executing <Task(DataprocDeleteClusterOperator): delete_cluster> on 2019-07-01 00:00:00+00:00
[2022-10-05 17:43:44,918] {standard_task_runner.py:52} INFO - Started process 22407 to run task
[2022-10-05 17:43:44,931] {standard_task_runner.py:76} INFO - Running: ['***', 'tasks', 'run', 'dag_combustivel', 'delete_cluster', 'scheduled__2019-07-01T00:00:00+00:00', '--job-id', '101', '--raw', '--subdir', 'DAGS_FOLDER/dag_combustive.py', '--cfg-path', '/tmp/tmpjtkwnui8', '--error-file', '/tmp/tmpw0rd1wo3']
[2022-10-05 17:43:44,939] {standard_task_runner.py:77} INFO - Job 101: Subtask delete_cluster
[2022-10-05 17:43:45,366] {logging_mixin.py:109} INFO - Running <TaskInstance: dag_combustivel.delete_cluster scheduled__2019-07-01T00:00:00+00:00 [running]> on host 1445d51ba90b
[2022-10-05 17:43:45,570] {taskinstance.py:1431} INFO - Exporting the following env vars:
AIRFLOW_CTX_DAG_OWNER=***
AIRFLOW_CTX_DAG_ID=dag_combustivel
AIRFLOW_CTX_TASK_ID=delete_cluster
AIRFLOW_CTX_EXECUTION_DATE=2019-07-01T00:00:00+00:00
AIRFLOW_CTX_DAG_RUN_ID=scheduled__2019-07-01T00:00:00+00:00
[2022-10-05 17:43:45,604] {dataproc.py:863} INFO - Deleting cluster: dataproc-cluster-stack-data-pipeline01
[2022-10-05 17:44:17,051] {dataproc.py:875} INFO - Cluster deleted.
[2022-10-05 17:44:17,068] {taskinstance.py:1282} INFO - Marking task as SUCCESS. dag_id=dag_combustivel, task_id=delete_cluster, execution_date=20190701T000000, start_date=20221005T174344, end_date=20221005T174417
[2022-10-05 17:44:17,118] {local_task_job.py:154} INFO - Task exited with return code 0
[2022-10-05 17:44:17,165] {local_task_job.py:264} INFO - 1 downstream tasks scheduled from follow-on schedule check
