[2022-10-05 18:04:19,836] {taskinstance.py:1037} INFO - Dependencies all met for <TaskInstance: dag_combustivel.create_cluster scheduled__2021-07-01T00:00:00+00:00 [queued]>
[2022-10-05 18:04:19,851] {taskinstance.py:1037} INFO - Dependencies all met for <TaskInstance: dag_combustivel.create_cluster scheduled__2021-07-01T00:00:00+00:00 [queued]>
[2022-10-05 18:04:19,852] {taskinstance.py:1243} INFO - 
--------------------------------------------------------------------------------
[2022-10-05 18:04:19,853] {taskinstance.py:1244} INFO - Starting attempt 1 of 1
[2022-10-05 18:04:19,854] {taskinstance.py:1245} INFO - 
--------------------------------------------------------------------------------
[2022-10-05 18:04:19,873] {taskinstance.py:1264} INFO - Executing <Task(DataprocCreateClusterOperator): create_cluster> on 2021-07-01 00:00:00+00:00
[2022-10-05 18:04:19,882] {standard_task_runner.py:52} INFO - Started process 23332 to run task
[2022-10-05 18:04:19,888] {standard_task_runner.py:76} INFO - Running: ['***', 'tasks', 'run', 'dag_combustivel', 'create_cluster', 'scheduled__2021-07-01T00:00:00+00:00', '--job-id', '115', '--raw', '--subdir', 'DAGS_FOLDER/dag_combustive.py', '--cfg-path', '/tmp/tmpgjnzi0n7', '--error-file', '/tmp/tmp95y8p8a6']
[2022-10-05 18:04:19,892] {standard_task_runner.py:77} INFO - Job 115: Subtask create_cluster
[2022-10-05 18:04:19,980] {logging_mixin.py:109} INFO - Running <TaskInstance: dag_combustivel.create_cluster scheduled__2021-07-01T00:00:00+00:00 [running]> on host 1445d51ba90b
[2022-10-05 18:04:20,064] {taskinstance.py:1431} INFO - Exporting the following env vars:
AIRFLOW_CTX_DAG_OWNER=***
AIRFLOW_CTX_DAG_ID=dag_combustivel
AIRFLOW_CTX_TASK_ID=create_cluster
AIRFLOW_CTX_EXECUTION_DATE=2021-07-01T00:00:00+00:00
AIRFLOW_CTX_DAG_RUN_ID=scheduled__2021-07-01T00:00:00+00:00
[2022-10-05 18:04:20,067] {dataproc.py:625} INFO - Creating cluster: dataproc-cluster-stack-data-pipeline01
[2022-10-05 18:07:25,950] {dataproc.py:569} INFO - Cluster created.
[2022-10-05 18:07:26,003] {taskinstance.py:1282} INFO - Marking task as SUCCESS. dag_id=dag_combustivel, task_id=create_cluster, execution_date=20210701T000000, start_date=20221005T180419, end_date=20221005T180726
[2022-10-05 18:07:26,085] {local_task_job.py:154} INFO - Task exited with return code 0
[2022-10-05 18:07:26,231] {local_task_job.py:264} INFO - 1 downstream tasks scheduled from follow-on schedule check
