[2022-10-05 17:37:53,301] {taskinstance.py:1037} INFO - Dependencies all met for <TaskInstance: dag_combustivel.get_op scheduled__2019-07-01T00:00:00+00:00 [queued]>
[2022-10-05 17:37:53,335] {taskinstance.py:1037} INFO - Dependencies all met for <TaskInstance: dag_combustivel.get_op scheduled__2019-07-01T00:00:00+00:00 [queued]>
[2022-10-05 17:37:53,337] {taskinstance.py:1243} INFO - 
--------------------------------------------------------------------------------
[2022-10-05 17:37:53,344] {taskinstance.py:1244} INFO - Starting attempt 1 of 1
[2022-10-05 17:37:53,348] {taskinstance.py:1245} INFO - 
--------------------------------------------------------------------------------
[2022-10-05 17:37:53,429] {taskinstance.py:1264} INFO - Executing <Task(SimpleHttpOperator): get_op> on 2019-07-01 00:00:00+00:00
[2022-10-05 17:37:53,460] {standard_task_runner.py:52} INFO - Started process 22171 to run task
[2022-10-05 17:37:53,499] {standard_task_runner.py:76} INFO - Running: ['***', 'tasks', 'run', 'dag_combustivel', 'get_op', 'scheduled__2019-07-01T00:00:00+00:00', '--job-id', '98', '--raw', '--subdir', 'DAGS_FOLDER/dag_combustive.py', '--cfg-path', '/tmp/tmpnniztd7o', '--error-file', '/tmp/tmp_ohzhz9_']
[2022-10-05 17:37:53,502] {standard_task_runner.py:77} INFO - Job 98: Subtask get_op
[2022-10-05 17:37:53,696] {logging_mixin.py:109} INFO - Running <TaskInstance: dag_combustivel.get_op scheduled__2019-07-01T00:00:00+00:00 [running]> on host 1445d51ba90b
[2022-10-05 17:37:53,898] {taskinstance.py:1431} INFO - Exporting the following env vars:
AIRFLOW_CTX_DAG_OWNER=***
AIRFLOW_CTX_DAG_ID=dag_combustivel
AIRFLOW_CTX_TASK_ID=get_op
AIRFLOW_CTX_EXECUTION_DATE=2019-07-01T00:00:00+00:00
AIRFLOW_CTX_DAG_RUN_ID=scheduled__2019-07-01T00:00:00+00:00
[2022-10-05 17:37:53,902] {http.py:104} INFO - Calling HTTP method
[2022-10-05 17:37:53,929] {base.py:79} INFO - Using connection to: id: stack-data-pipeline01. Host: https://stack-data-pipeline01-v6sq26umdq-uc.a.run.app, Port: None, Schema: , Login: , Password: None, extra: {}
[2022-10-05 17:37:53,936] {http.py:129} INFO - Sending 'POST' to url: https://stack-data-pipeline01-v6sq26umdq-uc.a.run.app/download_combustivel
[2022-10-05 17:39:48,529] {taskinstance.py:1282} INFO - Marking task as SUCCESS. dag_id=dag_combustivel, task_id=get_op, execution_date=20190701T000000, start_date=20221005T173753, end_date=20221005T173948
[2022-10-05 17:39:48,602] {local_task_job.py:154} INFO - Task exited with return code 0
[2022-10-05 17:39:48,654] {local_task_job.py:264} INFO - 1 downstream tasks scheduled from follow-on schedule check
