[2022-10-05 23:40:23,230] {taskinstance.py:1037} INFO - Dependencies all met for <TaskInstance: dag_combustivel.get_op scheduled__2019-07-01T00:00:00+00:00 [queued]>
[2022-10-05 23:40:23,347] {taskinstance.py:1037} INFO - Dependencies all met for <TaskInstance: dag_combustivel.get_op scheduled__2019-07-01T00:00:00+00:00 [queued]>
[2022-10-05 23:40:23,351] {taskinstance.py:1243} INFO - 
--------------------------------------------------------------------------------
[2022-10-05 23:40:23,352] {taskinstance.py:1244} INFO - Starting attempt 2 of 2
[2022-10-05 23:40:23,359] {taskinstance.py:1245} INFO - 
--------------------------------------------------------------------------------
[2022-10-05 23:40:23,421] {taskinstance.py:1264} INFO - Executing <Task(SimpleHttpOperator): get_op> on 2019-07-01 00:00:00+00:00
[2022-10-05 23:40:23,445] {standard_task_runner.py:52} INFO - Started process 6941 to run task
[2022-10-05 23:40:23,967] {standard_task_runner.py:76} INFO - Running: ['***', 'tasks', 'run', 'dag_combustivel', 'get_op', 'scheduled__2019-07-01T00:00:00+00:00', '--job-id', '160', '--raw', '--subdir', 'DAGS_FOLDER/dag_combustive.py', '--cfg-path', '/tmp/tmp47u237nk', '--error-file', '/tmp/tmp_gwxs4f_']
[2022-10-05 23:40:23,978] {standard_task_runner.py:77} INFO - Job 160: Subtask get_op
[2022-10-05 23:40:24,323] {logging_mixin.py:109} INFO - Running <TaskInstance: dag_combustivel.get_op scheduled__2019-07-01T00:00:00+00:00 [running]> on host 1445d51ba90b
[2022-10-05 23:40:24,614] {taskinstance.py:1431} INFO - Exporting the following env vars:
AIRFLOW_CTX_DAG_OWNER=***
AIRFLOW_CTX_DAG_ID=dag_combustivel
AIRFLOW_CTX_TASK_ID=get_op
AIRFLOW_CTX_EXECUTION_DATE=2019-07-01T00:00:00+00:00
AIRFLOW_CTX_DAG_RUN_ID=scheduled__2019-07-01T00:00:00+00:00
[2022-10-05 23:40:24,619] {http.py:104} INFO - Calling HTTP method
[2022-10-05 23:40:24,651] {base.py:79} INFO - Using connection to: id: stack-data-pipeline01. Host: https://stack-data-pipeline01-v6sq26umdq-uc.a.run.app, Port: None, Schema: , Login: , Password: None, extra: {}
[2022-10-05 23:40:24,657] {http.py:129} INFO - Sending 'POST' to url: https://stack-data-pipeline01-v6sq26umdq-uc.a.run.app/download_combustivel
[2022-10-05 23:44:54,666] {taskinstance.py:1282} INFO - Marking task as SUCCESS. dag_id=dag_combustivel, task_id=get_op, execution_date=20190701T000000, start_date=20221005T234023, end_date=20221005T234454
[2022-10-05 23:44:54,736] {local_task_job.py:154} INFO - Task exited with return code 0
[2022-10-05 23:44:54,780] {local_task_job.py:264} INFO - 1 downstream tasks scheduled from follow-on schedule check
