[2022-11-16 23:25:52,958] {taskinstance.py:1037} INFO - Dependencies all met for <TaskInstance: dag_combustivel.pyspark_task scheduled__2021-01-01T00:00:00+00:00 [queued]>
[2022-11-16 23:25:52,971] {taskinstance.py:1037} INFO - Dependencies all met for <TaskInstance: dag_combustivel.pyspark_task scheduled__2021-01-01T00:00:00+00:00 [queued]>
[2022-11-16 23:25:52,972] {taskinstance.py:1243} INFO - 
--------------------------------------------------------------------------------
[2022-11-16 23:25:52,972] {taskinstance.py:1244} INFO - Starting attempt 1 of 1
[2022-11-16 23:25:52,973] {taskinstance.py:1245} INFO - 
--------------------------------------------------------------------------------
[2022-11-16 23:25:52,989] {taskinstance.py:1264} INFO - Executing <Task(DataprocSubmitJobOperator): pyspark_task> on 2021-01-01 00:00:00+00:00
[2022-11-16 23:25:52,994] {standard_task_runner.py:52} INFO - Started process 6408 to run task
[2022-11-16 23:25:52,999] {standard_task_runner.py:76} INFO - Running: ['***', 'tasks', 'run', 'dag_combustivel', 'pyspark_task', 'scheduled__2021-01-01T00:00:00+00:00', '--job-id', '94', '--raw', '--subdir', 'DAGS_FOLDER/dag_combustivel.py', '--cfg-path', '/tmp/tmpjzp55crc', '--error-file', '/tmp/tmpn4kb70iz']
[2022-11-16 23:25:53,000] {standard_task_runner.py:77} INFO - Job 94: Subtask pyspark_task
[2022-11-16 23:25:53,074] {logging_mixin.py:109} INFO - Running <TaskInstance: dag_combustivel.pyspark_task scheduled__2021-01-01T00:00:00+00:00 [running]> on host b2a62e76b908
[2022-11-16 23:25:53,165] {taskinstance.py:1431} INFO - Exporting the following env vars:
AIRFLOW_CTX_DAG_OWNER=***
AIRFLOW_CTX_DAG_ID=dag_combustivel
AIRFLOW_CTX_TASK_ID=pyspark_task
AIRFLOW_CTX_EXECUTION_DATE=2021-01-01T00:00:00+00:00
AIRFLOW_CTX_DAG_RUN_ID=scheduled__2021-01-01T00:00:00+00:00
[2022-11-16 23:25:53,167] {dataproc.py:1878} INFO - Submitting job
[2022-11-16 23:25:54,601] {dataproc.py:1890} INFO - Job d58ec1d5-d7fd-4416-86b1-eda944fa9eb0 submitted successfully.
[2022-11-16 23:25:54,630] {dataproc.py:1903} INFO - Waiting for job d58ec1d5-d7fd-4416-86b1-eda944fa9eb0 to complete
[2022-11-16 23:27:02,473] {dataproc.py:1907} INFO - Job d58ec1d5-d7fd-4416-86b1-eda944fa9eb0 completed successfully.
[2022-11-16 23:27:02,510] {taskinstance.py:1282} INFO - Marking task as SUCCESS. dag_id=dag_combustivel, task_id=pyspark_task, execution_date=20210101T000000, start_date=20221116T232552, end_date=20221116T232702
[2022-11-16 23:27:02,558] {local_task_job.py:154} INFO - Task exited with return code 0
[2022-11-16 23:27:02,629] {local_task_job.py:264} INFO - 1 downstream tasks scheduled from follow-on schedule check
