[2022-10-05 17:04:36,948] {taskinstance.py:1037} INFO - Dependencies all met for <TaskInstance: dag_combustivel.pyspark_task scheduled__2016-07-01T00:00:00+00:00 [queued]>
[2022-10-05 17:04:36,959] {taskinstance.py:1037} INFO - Dependencies all met for <TaskInstance: dag_combustivel.pyspark_task scheduled__2016-07-01T00:00:00+00:00 [queued]>
[2022-10-05 17:04:36,960] {taskinstance.py:1243} INFO - 
--------------------------------------------------------------------------------
[2022-10-05 17:04:36,961] {taskinstance.py:1244} INFO - Starting attempt 2 of 2
[2022-10-05 17:04:36,962] {taskinstance.py:1245} INFO - 
--------------------------------------------------------------------------------
[2022-10-05 17:04:36,974] {taskinstance.py:1264} INFO - Executing <Task(DataprocSubmitJobOperator): pyspark_task> on 2016-07-01 00:00:00+00:00
[2022-10-05 17:04:36,979] {standard_task_runner.py:52} INFO - Started process 20517 to run task
[2022-10-05 17:04:36,984] {standard_task_runner.py:76} INFO - Running: ['***', 'tasks', 'run', 'dag_combustivel', 'pyspark_task', 'scheduled__2016-07-01T00:00:00+00:00', '--job-id', '72', '--raw', '--subdir', 'DAGS_FOLDER/dag_combustive.py', '--cfg-path', '/tmp/tmp11c5_25n', '--error-file', '/tmp/tmp5mhh12tu']
[2022-10-05 17:04:36,986] {standard_task_runner.py:77} INFO - Job 72: Subtask pyspark_task
[2022-10-05 17:04:37,050] {logging_mixin.py:109} INFO - Running <TaskInstance: dag_combustivel.pyspark_task scheduled__2016-07-01T00:00:00+00:00 [running]> on host 1445d51ba90b
[2022-10-05 17:04:37,126] {taskinstance.py:1431} INFO - Exporting the following env vars:
AIRFLOW_CTX_DAG_OWNER=***
AIRFLOW_CTX_DAG_ID=dag_combustivel
AIRFLOW_CTX_TASK_ID=pyspark_task
AIRFLOW_CTX_EXECUTION_DATE=2016-07-01T00:00:00+00:00
AIRFLOW_CTX_DAG_RUN_ID=scheduled__2016-07-01T00:00:00+00:00
[2022-10-05 17:04:37,128] {dataproc.py:1878} INFO - Submitting job
[2022-10-05 17:04:38,303] {dataproc.py:1890} INFO - Job 1b2fe863-f270-42b1-a46a-f32c6a16af2b submitted successfully.
[2022-10-05 17:04:38,331] {dataproc.py:1903} INFO - Waiting for job 1b2fe863-f270-42b1-a46a-f32c6a16af2b to complete
[2022-10-05 17:05:11,493] {dataproc.py:1907} INFO - Job 1b2fe863-f270-42b1-a46a-f32c6a16af2b completed successfully.
[2022-10-05 17:05:11,536] {taskinstance.py:1282} INFO - Marking task as SUCCESS. dag_id=dag_combustivel, task_id=pyspark_task, execution_date=20160701T000000, start_date=20221005T170436, end_date=20221005T170511
[2022-10-05 17:05:11,609] {local_task_job.py:154} INFO - Task exited with return code 0
[2022-10-05 17:05:11,683] {local_task_job.py:264} INFO - 1 downstream tasks scheduled from follow-on schedule check
