[2022-10-05 22:12:42,964] {taskinstance.py:1037} INFO - Dependencies all met for <TaskInstance: dag_combustivel.pyspark_task scheduled__2016-07-01T00:00:00+00:00 [queued]>
[2022-10-05 22:12:42,981] {taskinstance.py:1037} INFO - Dependencies all met for <TaskInstance: dag_combustivel.pyspark_task scheduled__2016-07-01T00:00:00+00:00 [queued]>
[2022-10-05 22:12:42,983] {taskinstance.py:1243} INFO - 
--------------------------------------------------------------------------------
[2022-10-05 22:12:42,984] {taskinstance.py:1244} INFO - Starting attempt 3 of 3
[2022-10-05 22:12:42,985] {taskinstance.py:1245} INFO - 
--------------------------------------------------------------------------------
[2022-10-05 22:12:43,004] {taskinstance.py:1264} INFO - Executing <Task(DataprocSubmitJobOperator): pyspark_task> on 2016-07-01 00:00:00+00:00
[2022-10-05 22:12:43,013] {standard_task_runner.py:52} INFO - Started process 4277 to run task
[2022-10-05 22:12:43,019] {standard_task_runner.py:76} INFO - Running: ['***', 'tasks', 'run', 'dag_combustivel', 'pyspark_task', 'scheduled__2016-07-01T00:00:00+00:00', '--job-id', '134', '--raw', '--subdir', 'DAGS_FOLDER/dag_combustive.py', '--cfg-path', '/tmp/tmp0i7p075o', '--error-file', '/tmp/tmp_1lyak58']
[2022-10-05 22:12:43,023] {standard_task_runner.py:77} INFO - Job 134: Subtask pyspark_task
[2022-10-05 22:12:43,133] {logging_mixin.py:109} INFO - Running <TaskInstance: dag_combustivel.pyspark_task scheduled__2016-07-01T00:00:00+00:00 [running]> on host 1445d51ba90b
[2022-10-05 22:12:43,267] {taskinstance.py:1431} INFO - Exporting the following env vars:
AIRFLOW_CTX_DAG_OWNER=***
AIRFLOW_CTX_DAG_ID=dag_combustivel
AIRFLOW_CTX_TASK_ID=pyspark_task
AIRFLOW_CTX_EXECUTION_DATE=2016-07-01T00:00:00+00:00
AIRFLOW_CTX_DAG_RUN_ID=scheduled__2016-07-01T00:00:00+00:00
[2022-10-05 22:12:43,270] {dataproc.py:1878} INFO - Submitting job
[2022-10-05 22:12:44,446] {dataproc.py:1890} INFO - Job bce18d06-377d-4845-8dbc-86d67fc95928 submitted successfully.
[2022-10-05 22:12:44,470] {dataproc.py:1903} INFO - Waiting for job bce18d06-377d-4845-8dbc-86d67fc95928 to complete
[2022-10-05 22:13:17,510] {dataproc.py:1907} INFO - Job bce18d06-377d-4845-8dbc-86d67fc95928 completed successfully.
[2022-10-05 22:13:17,629] {taskinstance.py:1282} INFO - Marking task as SUCCESS. dag_id=dag_combustivel, task_id=pyspark_task, execution_date=20160701T000000, start_date=20221005T221242, end_date=20221005T221317
[2022-10-05 22:13:17,771] {local_task_job.py:154} INFO - Task exited with return code 0
[2022-10-05 22:13:17,922] {local_task_job.py:264} INFO - 1 downstream tasks scheduled from follow-on schedule check
