[2022-10-05 22:38:39,484] {taskinstance.py:1037} INFO - Dependencies all met for <TaskInstance: dag_combustivel.pyspark_task scheduled__2016-07-01T00:00:00+00:00 [queued]>
[2022-10-05 22:38:39,499] {taskinstance.py:1037} INFO - Dependencies all met for <TaskInstance: dag_combustivel.pyspark_task scheduled__2016-07-01T00:00:00+00:00 [queued]>
[2022-10-05 22:38:39,501] {taskinstance.py:1243} INFO - 
--------------------------------------------------------------------------------
[2022-10-05 22:38:39,502] {taskinstance.py:1244} INFO - Starting attempt 4 of 4
[2022-10-05 22:38:39,504] {taskinstance.py:1245} INFO - 
--------------------------------------------------------------------------------
[2022-10-05 22:38:39,519] {taskinstance.py:1264} INFO - Executing <Task(DataprocSubmitJobOperator): pyspark_task> on 2016-07-01 00:00:00+00:00
[2022-10-05 22:38:39,526] {standard_task_runner.py:52} INFO - Started process 5382 to run task
[2022-10-05 22:38:39,530] {standard_task_runner.py:76} INFO - Running: ['***', 'tasks', 'run', 'dag_combustivel', 'pyspark_task', 'scheduled__2016-07-01T00:00:00+00:00', '--job-id', '143', '--raw', '--subdir', 'DAGS_FOLDER/dag_combustive.py', '--cfg-path', '/tmp/tmph7ekqf2x', '--error-file', '/tmp/tmpbqb2m46i']
[2022-10-05 22:38:39,531] {standard_task_runner.py:77} INFO - Job 143: Subtask pyspark_task
[2022-10-05 22:38:39,616] {logging_mixin.py:109} INFO - Running <TaskInstance: dag_combustivel.pyspark_task scheduled__2016-07-01T00:00:00+00:00 [running]> on host 1445d51ba90b
[2022-10-05 22:38:39,693] {taskinstance.py:1431} INFO - Exporting the following env vars:
AIRFLOW_CTX_DAG_OWNER=***
AIRFLOW_CTX_DAG_ID=dag_combustivel
AIRFLOW_CTX_TASK_ID=pyspark_task
AIRFLOW_CTX_EXECUTION_DATE=2016-07-01T00:00:00+00:00
AIRFLOW_CTX_DAG_RUN_ID=scheduled__2016-07-01T00:00:00+00:00
[2022-10-05 22:38:39,695] {dataproc.py:1878} INFO - Submitting job
[2022-10-05 22:38:40,876] {dataproc.py:1890} INFO - Job f17c10b7-86e3-4b20-849f-5d2cf3ba088a submitted successfully.
[2022-10-05 22:38:40,897] {dataproc.py:1903} INFO - Waiting for job f17c10b7-86e3-4b20-849f-5d2cf3ba088a to complete
[2022-10-05 22:39:47,059] {dataproc.py:1907} INFO - Job f17c10b7-86e3-4b20-849f-5d2cf3ba088a completed successfully.
[2022-10-05 22:39:47,087] {taskinstance.py:1282} INFO - Marking task as SUCCESS. dag_id=dag_combustivel, task_id=pyspark_task, execution_date=20160701T000000, start_date=20221005T223839, end_date=20221005T223947
[2022-10-05 22:39:47,165] {local_task_job.py:154} INFO - Task exited with return code 0
[2022-10-05 22:39:47,217] {local_task_job.py:264} INFO - 1 downstream tasks scheduled from follow-on schedule check
