[2022-10-06 00:11:25,978] {taskinstance.py:1037} INFO - Dependencies all met for <TaskInstance: dag_combustivel.delete_cluster scheduled__2018-07-01T00:00:00+00:00 [queued]>
[2022-10-06 00:11:25,992] {taskinstance.py:1037} INFO - Dependencies all met for <TaskInstance: dag_combustivel.delete_cluster scheduled__2018-07-01T00:00:00+00:00 [queued]>
[2022-10-06 00:11:25,993] {taskinstance.py:1243} INFO - 
--------------------------------------------------------------------------------
[2022-10-06 00:11:25,994] {taskinstance.py:1244} INFO - Starting attempt 2 of 2
[2022-10-06 00:11:25,994] {taskinstance.py:1245} INFO - 
--------------------------------------------------------------------------------
[2022-10-06 00:11:26,008] {taskinstance.py:1264} INFO - Executing <Task(DataprocDeleteClusterOperator): delete_cluster> on 2018-07-01 00:00:00+00:00
[2022-10-06 00:11:26,015] {standard_task_runner.py:52} INFO - Started process 8218 to run task
[2022-10-06 00:11:26,019] {standard_task_runner.py:76} INFO - Running: ['***', 'tasks', 'run', 'dag_combustivel', 'delete_cluster', 'scheduled__2018-07-01T00:00:00+00:00', '--job-id', '169', '--raw', '--subdir', 'DAGS_FOLDER/dag_combustive.py', '--cfg-path', '/tmp/tmpinmm5xoq', '--error-file', '/tmp/tmp940d5q8_']
[2022-10-06 00:11:26,021] {standard_task_runner.py:77} INFO - Job 169: Subtask delete_cluster
[2022-10-06 00:11:26,086] {logging_mixin.py:109} INFO - Running <TaskInstance: dag_combustivel.delete_cluster scheduled__2018-07-01T00:00:00+00:00 [running]> on host 1445d51ba90b
[2022-10-06 00:11:26,154] {taskinstance.py:1431} INFO - Exporting the following env vars:
AIRFLOW_CTX_DAG_OWNER=***
AIRFLOW_CTX_DAG_ID=dag_combustivel
AIRFLOW_CTX_TASK_ID=delete_cluster
AIRFLOW_CTX_EXECUTION_DATE=2018-07-01T00:00:00+00:00
AIRFLOW_CTX_DAG_RUN_ID=scheduled__2018-07-01T00:00:00+00:00
[2022-10-06 00:11:26,174] {dataproc.py:863} INFO - Deleting cluster: stack-data-pipeline
[2022-10-06 00:11:52,930] {dataproc.py:875} INFO - Cluster deleted.
[2022-10-06 00:11:52,945] {taskinstance.py:1282} INFO - Marking task as SUCCESS. dag_id=dag_combustivel, task_id=delete_cluster, execution_date=20180701T000000, start_date=20221006T001125, end_date=20221006T001152
[2022-10-06 00:11:52,977] {local_task_job.py:154} INFO - Task exited with return code 0
[2022-10-06 00:11:53,073] {local_task_job.py:264} INFO - 0 downstream tasks scheduled from follow-on schedule check
