[2022-11-16 22:38:49,131] {taskinstance.py:1037} INFO - Dependencies all met for <TaskInstance: dag_combustivel.create_cluster manual__2022-11-16T22:33:26.648654+00:00 [queued]>
[2022-11-16 22:38:49,147] {taskinstance.py:1037} INFO - Dependencies all met for <TaskInstance: dag_combustivel.create_cluster manual__2022-11-16T22:33:26.648654+00:00 [queued]>
[2022-11-16 22:38:49,148] {taskinstance.py:1243} INFO - 
--------------------------------------------------------------------------------
[2022-11-16 22:38:49,148] {taskinstance.py:1244} INFO - Starting attempt 1 of 1
[2022-11-16 22:38:49,149] {taskinstance.py:1245} INFO - 
--------------------------------------------------------------------------------
[2022-11-16 22:38:49,169] {taskinstance.py:1264} INFO - Executing <Task(DataprocCreateClusterOperator): create_cluster> on 2022-11-16 22:33:26.648654+00:00
[2022-11-16 22:38:49,176] {standard_task_runner.py:52} INFO - Started process 4219 to run task
[2022-11-16 22:38:49,181] {standard_task_runner.py:76} INFO - Running: ['***', 'tasks', 'run', 'dag_combustivel', 'create_cluster', 'manual__2022-11-16T22:33:26.648654+00:00', '--job-id', '69', '--raw', '--subdir', 'DAGS_FOLDER/dag_combustivel.py', '--cfg-path', '/tmp/tmp2yka7dho', '--error-file', '/tmp/tmpkwnnl51_']
[2022-11-16 22:38:49,183] {standard_task_runner.py:77} INFO - Job 69: Subtask create_cluster
[2022-11-16 22:38:49,276] {logging_mixin.py:109} INFO - Running <TaskInstance: dag_combustivel.create_cluster manual__2022-11-16T22:33:26.648654+00:00 [running]> on host b2a62e76b908
[2022-11-16 22:38:49,362] {taskinstance.py:1431} INFO - Exporting the following env vars:
AIRFLOW_CTX_DAG_OWNER=***
AIRFLOW_CTX_DAG_ID=dag_combustivel
AIRFLOW_CTX_TASK_ID=create_cluster
AIRFLOW_CTX_EXECUTION_DATE=2022-11-16T22:33:26.648654+00:00
AIRFLOW_CTX_DAG_RUN_ID=manual__2022-11-16T22:33:26.648654+00:00
[2022-11-16 22:38:49,363] {dataproc.py:625} INFO - Creating cluster: stack-gcp-datapipeline-clusters
[2022-11-16 22:41:10,177] {dataproc.py:569} INFO - Cluster created.
[2022-11-16 22:41:10,208] {taskinstance.py:1282} INFO - Marking task as SUCCESS. dag_id=dag_combustivel, task_id=create_cluster, execution_date=20221116T223326, start_date=20221116T223849, end_date=20221116T224110
[2022-11-16 22:41:10,264] {local_task_job.py:154} INFO - Task exited with return code 0
[2022-11-16 22:41:10,311] {local_task_job.py:264} INFO - 1 downstream tasks scheduled from follow-on schedule check
