[2022-11-16 23:22:13,824] {taskinstance.py:1037} INFO - Dependencies all met for <TaskInstance: dag_combustivel.create_cluster scheduled__2021-01-01T00:00:00+00:00 [queued]>
[2022-11-16 23:22:13,840] {taskinstance.py:1037} INFO - Dependencies all met for <TaskInstance: dag_combustivel.create_cluster scheduled__2021-01-01T00:00:00+00:00 [queued]>
[2022-11-16 23:22:13,841] {taskinstance.py:1243} INFO - 
--------------------------------------------------------------------------------
[2022-11-16 23:22:13,841] {taskinstance.py:1244} INFO - Starting attempt 1 of 1
[2022-11-16 23:22:13,842] {taskinstance.py:1245} INFO - 
--------------------------------------------------------------------------------
[2022-11-16 23:22:13,862] {taskinstance.py:1264} INFO - Executing <Task(DataprocCreateClusterOperator): create_cluster> on 2021-01-01 00:00:00+00:00
[2022-11-16 23:22:13,869] {standard_task_runner.py:52} INFO - Started process 6255 to run task
[2022-11-16 23:22:13,875] {standard_task_runner.py:76} INFO - Running: ['***', 'tasks', 'run', 'dag_combustivel', 'create_cluster', 'scheduled__2021-01-01T00:00:00+00:00', '--job-id', '93', '--raw', '--subdir', 'DAGS_FOLDER/dag_combustivel.py', '--cfg-path', '/tmp/tmp2hwx5jcn', '--error-file', '/tmp/tmpyq3wiayz']
[2022-11-16 23:22:13,876] {standard_task_runner.py:77} INFO - Job 93: Subtask create_cluster
[2022-11-16 23:22:13,975] {logging_mixin.py:109} INFO - Running <TaskInstance: dag_combustivel.create_cluster scheduled__2021-01-01T00:00:00+00:00 [running]> on host b2a62e76b908
[2022-11-16 23:22:14,066] {taskinstance.py:1431} INFO - Exporting the following env vars:
AIRFLOW_CTX_DAG_OWNER=***
AIRFLOW_CTX_DAG_ID=dag_combustivel
AIRFLOW_CTX_TASK_ID=create_cluster
AIRFLOW_CTX_EXECUTION_DATE=2021-01-01T00:00:00+00:00
AIRFLOW_CTX_DAG_RUN_ID=scheduled__2021-01-01T00:00:00+00:00
[2022-11-16 23:22:14,068] {dataproc.py:625} INFO - Creating cluster: stack-gcp-datapipeline-clusters
[2022-11-16 23:25:51,704] {dataproc.py:569} INFO - Cluster created.
[2022-11-16 23:25:51,754] {taskinstance.py:1282} INFO - Marking task as SUCCESS. dag_id=dag_combustivel, task_id=create_cluster, execution_date=20210101T000000, start_date=20221116T232213, end_date=20221116T232551
[2022-11-16 23:25:51,805] {local_task_job.py:154} INFO - Task exited with return code 0
[2022-11-16 23:25:51,858] {local_task_job.py:264} INFO - 1 downstream tasks scheduled from follow-on schedule check
