[2022-10-05 17:15:20,737] {taskinstance.py:1037} INFO - Dependencies all met for <TaskInstance: dag_combustivel.delete_cluster scheduled__2017-07-01T00:00:00+00:00 [queued]>
[2022-10-05 17:15:20,751] {taskinstance.py:1037} INFO - Dependencies all met for <TaskInstance: dag_combustivel.delete_cluster scheduled__2017-07-01T00:00:00+00:00 [queued]>
[2022-10-05 17:15:20,753] {taskinstance.py:1243} INFO - 
--------------------------------------------------------------------------------
[2022-10-05 17:15:20,754] {taskinstance.py:1244} INFO - Starting attempt 1 of 1
[2022-10-05 17:15:20,755] {taskinstance.py:1245} INFO - 
--------------------------------------------------------------------------------
[2022-10-05 17:15:20,771] {taskinstance.py:1264} INFO - Executing <Task(DataprocDeleteClusterOperator): delete_cluster> on 2017-07-01 00:00:00+00:00
[2022-10-05 17:15:20,778] {standard_task_runner.py:52} INFO - Started process 21084 to run task
[2022-10-05 17:15:20,782] {standard_task_runner.py:76} INFO - Running: ['***', 'tasks', 'run', 'dag_combustivel', 'delete_cluster', 'scheduled__2017-07-01T00:00:00+00:00', '--job-id', '81', '--raw', '--subdir', 'DAGS_FOLDER/dag_combustive.py', '--cfg-path', '/tmp/tmplxjcvq9c', '--error-file', '/tmp/tmpz8kcgxwa']
[2022-10-05 17:15:20,784] {standard_task_runner.py:77} INFO - Job 81: Subtask delete_cluster
[2022-10-05 17:15:20,859] {logging_mixin.py:109} INFO - Running <TaskInstance: dag_combustivel.delete_cluster scheduled__2017-07-01T00:00:00+00:00 [running]> on host 1445d51ba90b
[2022-10-05 17:15:20,943] {taskinstance.py:1431} INFO - Exporting the following env vars:
AIRFLOW_CTX_DAG_OWNER=***
AIRFLOW_CTX_DAG_ID=dag_combustivel
AIRFLOW_CTX_TASK_ID=delete_cluster
AIRFLOW_CTX_EXECUTION_DATE=2017-07-01T00:00:00+00:00
AIRFLOW_CTX_DAG_RUN_ID=scheduled__2017-07-01T00:00:00+00:00
[2022-10-05 17:15:20,966] {dataproc.py:863} INFO - Deleting cluster: dataproc-cluster-stack-data-pipeline01
[2022-10-05 17:16:00,757] {dataproc.py:875} INFO - Cluster deleted.
[2022-10-05 17:16:00,781] {taskinstance.py:1282} INFO - Marking task as SUCCESS. dag_id=dag_combustivel, task_id=delete_cluster, execution_date=20170701T000000, start_date=20221005T171520, end_date=20221005T171600
[2022-10-05 17:16:00,816] {local_task_job.py:154} INFO - Task exited with return code 0
[2022-10-05 17:16:00,847] {local_task_job.py:264} INFO - 1 downstream tasks scheduled from follow-on schedule check
