[2022-10-05 23:05:25,901] {taskinstance.py:1037} INFO - Dependencies all met for <TaskInstance: dag_combustivel.delete_cluster scheduled__2017-07-01T00:00:00+00:00 [queued]>
[2022-10-05 23:05:25,986] {taskinstance.py:1037} INFO - Dependencies all met for <TaskInstance: dag_combustivel.delete_cluster scheduled__2017-07-01T00:00:00+00:00 [queued]>
[2022-10-05 23:05:25,997] {taskinstance.py:1243} INFO - 
--------------------------------------------------------------------------------
[2022-10-05 23:05:26,008] {taskinstance.py:1244} INFO - Starting attempt 2 of 2
[2022-10-05 23:05:26,009] {taskinstance.py:1245} INFO - 
--------------------------------------------------------------------------------
[2022-10-05 23:05:26,138] {taskinstance.py:1264} INFO - Executing <Task(DataprocDeleteClusterOperator): delete_cluster> on 2017-07-01 00:00:00+00:00
[2022-10-05 23:05:26,175] {standard_task_runner.py:52} INFO - Started process 6218 to run task
[2022-10-05 23:05:26,219] {standard_task_runner.py:76} INFO - Running: ['***', 'tasks', 'run', 'dag_combustivel', 'delete_cluster', 'scheduled__2017-07-01T00:00:00+00:00', '--job-id', '152', '--raw', '--subdir', 'DAGS_FOLDER/dag_combustive.py', '--cfg-path', '/tmp/tmpn6s1rbav', '--error-file', '/tmp/tmphzg6dw1e']
[2022-10-05 23:05:26,230] {standard_task_runner.py:77} INFO - Job 152: Subtask delete_cluster
[2022-10-05 23:05:26,580] {logging_mixin.py:109} INFO - Running <TaskInstance: dag_combustivel.delete_cluster scheduled__2017-07-01T00:00:00+00:00 [running]> on host 1445d51ba90b
[2022-10-05 23:06:42,675] {taskinstance.py:1431} INFO - Exporting the following env vars:
AIRFLOW_CTX_DAG_OWNER=***
AIRFLOW_CTX_DAG_ID=dag_combustivel
AIRFLOW_CTX_TASK_ID=delete_cluster
AIRFLOW_CTX_EXECUTION_DATE=2017-07-01T00:00:00+00:00
AIRFLOW_CTX_DAG_RUN_ID=scheduled__2017-07-01T00:00:00+00:00
[2022-10-05 23:06:46,761] {dataproc.py:863} INFO - Deleting cluster: stack-data-pipeline
[2022-10-05 23:07:25,393] {dataproc.py:875} INFO - Cluster deleted.
[2022-10-05 23:07:25,455] {taskinstance.py:1282} INFO - Marking task as SUCCESS. dag_id=dag_combustivel, task_id=delete_cluster, execution_date=20170701T000000, start_date=20221005T230525, end_date=20221005T230725
[2022-10-05 23:07:25,510] {local_task_job.py:154} INFO - Task exited with return code 0
[2022-10-05 23:07:25,574] {local_task_job.py:264} INFO - 1 downstream tasks scheduled from follow-on schedule check
