[2022-10-05 17:11:43,491] {taskinstance.py:1037} INFO - Dependencies all met for <TaskInstance: dag_combustivel.create_cluster scheduled__2017-07-01T00:00:00+00:00 [queued]>
[2022-10-05 17:11:43,502] {taskinstance.py:1037} INFO - Dependencies all met for <TaskInstance: dag_combustivel.create_cluster scheduled__2017-07-01T00:00:00+00:00 [queued]>
[2022-10-05 17:11:43,503] {taskinstance.py:1243} INFO - 
--------------------------------------------------------------------------------
[2022-10-05 17:11:43,504] {taskinstance.py:1244} INFO - Starting attempt 1 of 1
[2022-10-05 17:11:43,504] {taskinstance.py:1245} INFO - 
--------------------------------------------------------------------------------
[2022-10-05 17:11:43,515] {taskinstance.py:1264} INFO - Executing <Task(DataprocCreateClusterOperator): create_cluster> on 2017-07-01 00:00:00+00:00
[2022-10-05 17:11:43,520] {standard_task_runner.py:52} INFO - Started process 20894 to run task
[2022-10-05 17:11:43,524] {standard_task_runner.py:76} INFO - Running: ['***', 'tasks', 'run', 'dag_combustivel', 'create_cluster', 'scheduled__2017-07-01T00:00:00+00:00', '--job-id', '79', '--raw', '--subdir', 'DAGS_FOLDER/dag_combustive.py', '--cfg-path', '/tmp/tmpwccf1vsz', '--error-file', '/tmp/tmpz4ylyl10']
[2022-10-05 17:11:43,526] {standard_task_runner.py:77} INFO - Job 79: Subtask create_cluster
[2022-10-05 17:11:43,595] {logging_mixin.py:109} INFO - Running <TaskInstance: dag_combustivel.create_cluster scheduled__2017-07-01T00:00:00+00:00 [running]> on host 1445d51ba90b
[2022-10-05 17:11:43,661] {taskinstance.py:1431} INFO - Exporting the following env vars:
AIRFLOW_CTX_DAG_OWNER=***
AIRFLOW_CTX_DAG_ID=dag_combustivel
AIRFLOW_CTX_TASK_ID=create_cluster
AIRFLOW_CTX_EXECUTION_DATE=2017-07-01T00:00:00+00:00
AIRFLOW_CTX_DAG_RUN_ID=scheduled__2017-07-01T00:00:00+00:00
[2022-10-05 17:11:43,663] {dataproc.py:625} INFO - Creating cluster: dataproc-cluster-stack-data-pipeline01
[2022-10-05 17:14:43,904] {dataproc.py:569} INFO - Cluster created.
[2022-10-05 17:14:43,931] {taskinstance.py:1282} INFO - Marking task as SUCCESS. dag_id=dag_combustivel, task_id=create_cluster, execution_date=20170701T000000, start_date=20221005T171143, end_date=20221005T171443
[2022-10-05 17:14:43,966] {local_task_job.py:154} INFO - Task exited with return code 0
[2022-10-05 17:14:44,017] {local_task_job.py:264} INFO - 1 downstream tasks scheduled from follow-on schedule check
