[2022-11-02 00:16:22,520] {processor.py:163} INFO - Started process (PID=4237) to work on /opt/airflow/dags/dag_combustivel.py
[2022-11-02 00:16:22,522] {processor.py:642} INFO - Processing file /opt/airflow/dags/dag_combustivel.py for tasks to queue
[2022-11-02 00:16:22,523] {logging_mixin.py:109} INFO - [2022-11-02 00:16:22,523] {dagbag.py:500} INFO - Filling up the DagBag from /opt/airflow/dags/dag_combustivel.py
[2022-11-02 00:16:22,534] {logging_mixin.py:109} INFO - [2022-11-02 00:16:22,532] {dagbag.py:334} ERROR - Failed to import: /opt/airflow/dags/dag_combustivel.py
Traceback (most recent call last):
  File "/home/airflow/.local/lib/python3.7/site-packages/airflow/models/dagbag.py", line 331, in _load_modules_from_file
    loader.exec_module(new_module)
  File "<frozen importlib._bootstrap_external>", line 724, in exec_module
  File "<frozen importlib._bootstrap_external>", line 860, in get_code
  File "<frozen importlib._bootstrap_external>", line 791, in source_to_code
  File "<frozen importlib._bootstrap>", line 219, in _call_with_frames_removed
  File "/opt/airflow/dags/dag_combustivel.py", line 21
    ) as dag:
            ^
SyntaxError: unexpected EOF while parsing
[2022-11-02 00:16:22,556] {processor.py:656} WARNING - No viable dags retrieved from /opt/airflow/dags/dag_combustivel.py
[2022-11-02 00:16:22,572] {processor.py:171} INFO - Processing /opt/airflow/dags/dag_combustivel.py took 0.056 seconds
[2022-11-02 00:16:53,209] {processor.py:163} INFO - Started process (PID=4288) to work on /opt/airflow/dags/dag_combustivel.py
[2022-11-02 00:16:53,213] {processor.py:642} INFO - Processing file /opt/airflow/dags/dag_combustivel.py for tasks to queue
[2022-11-02 00:16:53,216] {logging_mixin.py:109} INFO - [2022-11-02 00:16:53,215] {dagbag.py:500} INFO - Filling up the DagBag from /opt/airflow/dags/dag_combustivel.py
[2022-11-02 00:16:53,227] {logging_mixin.py:109} INFO - [2022-11-02 00:16:53,225] {dagbag.py:334} ERROR - Failed to import: /opt/airflow/dags/dag_combustivel.py
Traceback (most recent call last):
  File "/home/airflow/.local/lib/python3.7/site-packages/airflow/models/dagbag.py", line 331, in _load_modules_from_file
    loader.exec_module(new_module)
  File "<frozen importlib._bootstrap_external>", line 724, in exec_module
  File "<frozen importlib._bootstrap_external>", line 860, in get_code
  File "<frozen importlib._bootstrap_external>", line 791, in source_to_code
  File "<frozen importlib._bootstrap>", line 219, in _call_with_frames_removed
  File "/opt/airflow/dags/dag_combustivel.py", line 21
    ) as dag:
            ^
SyntaxError: unexpected EOF while parsing
[2022-11-02 00:16:53,253] {processor.py:656} WARNING - No viable dags retrieved from /opt/airflow/dags/dag_combustivel.py
[2022-11-02 00:16:53,269] {processor.py:171} INFO - Processing /opt/airflow/dags/dag_combustivel.py took 0.074 seconds
[2022-11-02 00:17:23,953] {processor.py:163} INFO - Started process (PID=4348) to work on /opt/airflow/dags/dag_combustivel.py
[2022-11-02 00:17:23,957] {processor.py:642} INFO - Processing file /opt/airflow/dags/dag_combustivel.py for tasks to queue
[2022-11-02 00:17:23,960] {logging_mixin.py:109} INFO - [2022-11-02 00:17:23,959] {dagbag.py:500} INFO - Filling up the DagBag from /opt/airflow/dags/dag_combustivel.py
[2022-11-02 00:17:23,972] {logging_mixin.py:109} INFO - [2022-11-02 00:17:23,971] {dagbag.py:334} ERROR - Failed to import: /opt/airflow/dags/dag_combustivel.py
Traceback (most recent call last):
  File "/home/airflow/.local/lib/python3.7/site-packages/airflow/models/dagbag.py", line 331, in _load_modules_from_file
    loader.exec_module(new_module)
  File "<frozen importlib._bootstrap_external>", line 724, in exec_module
  File "<frozen importlib._bootstrap_external>", line 860, in get_code
  File "<frozen importlib._bootstrap_external>", line 791, in source_to_code
  File "<frozen importlib._bootstrap>", line 219, in _call_with_frames_removed
  File "/opt/airflow/dags/dag_combustivel.py", line 21
    ) as dag:
            ^
SyntaxError: unexpected EOF while parsing
[2022-11-02 00:17:24,001] {processor.py:656} WARNING - No viable dags retrieved from /opt/airflow/dags/dag_combustivel.py
[2022-11-02 00:17:24,030] {processor.py:171} INFO - Processing /opt/airflow/dags/dag_combustivel.py took 0.083 seconds
[2022-11-02 00:17:25,961] {processor.py:163} INFO - Started process (PID=4351) to work on /opt/airflow/dags/dag_combustivel.py
[2022-11-02 00:17:25,962] {processor.py:642} INFO - Processing file /opt/airflow/dags/dag_combustivel.py for tasks to queue
[2022-11-02 00:17:25,964] {logging_mixin.py:109} INFO - [2022-11-02 00:17:25,964] {dagbag.py:500} INFO - Filling up the DagBag from /opt/airflow/dags/dag_combustivel.py
[2022-11-02 00:17:25,975] {logging_mixin.py:109} INFO - [2022-11-02 00:17:25,974] {dagbag.py:334} ERROR - Failed to import: /opt/airflow/dags/dag_combustivel.py
Traceback (most recent call last):
  File "/home/airflow/.local/lib/python3.7/site-packages/airflow/models/dagbag.py", line 331, in _load_modules_from_file
    loader.exec_module(new_module)
  File "<frozen importlib._bootstrap_external>", line 724, in exec_module
  File "<frozen importlib._bootstrap_external>", line 860, in get_code
  File "<frozen importlib._bootstrap_external>", line 791, in source_to_code
  File "<frozen importlib._bootstrap>", line 219, in _call_with_frames_removed
  File "/opt/airflow/dags/dag_combustivel.py", line 28
    
    ^
SyntaxError: unexpected EOF while parsing
[2022-11-02 00:17:25,995] {processor.py:656} WARNING - No viable dags retrieved from /opt/airflow/dags/dag_combustivel.py
[2022-11-02 00:17:26,016] {processor.py:171} INFO - Processing /opt/airflow/dags/dag_combustivel.py took 0.060 seconds
[2022-11-02 00:17:54,247] {processor.py:163} INFO - Started process (PID=4403) to work on /opt/airflow/dags/dag_combustivel.py
[2022-11-02 00:17:54,255] {processor.py:642} INFO - Processing file /opt/airflow/dags/dag_combustivel.py for tasks to queue
[2022-11-02 00:17:54,258] {logging_mixin.py:109} INFO - [2022-11-02 00:17:54,258] {dagbag.py:500} INFO - Filling up the DagBag from /opt/airflow/dags/dag_combustivel.py
[2022-11-02 00:17:54,964] {processor.py:654} INFO - DAG(s) dict_keys(['dag_combustivel']) retrieved from /opt/airflow/dags/dag_combustivel.py
[2022-11-02 00:17:55,729] {logging_mixin.py:109} INFO - [2022-11-02 00:17:55,729] {dag.py:2398} INFO - Sync 1 DAGs
[2022-11-02 00:17:55,749] {logging_mixin.py:109} INFO - [2022-11-02 00:17:55,749] {dag.py:2937} INFO - Setting next_dagrun for dag_combustivel to 2004-01-01T00:00:00+00:00
[2022-11-02 00:17:55,771] {processor.py:171} INFO - Processing /opt/airflow/dags/dag_combustivel.py took 1.535 seconds
[2022-11-02 00:18:16,929] {processor.py:163} INFO - Started process (PID=4443) to work on /opt/airflow/dags/dag_combustivel.py
[2022-11-02 00:18:16,932] {processor.py:642} INFO - Processing file /opt/airflow/dags/dag_combustivel.py for tasks to queue
[2022-11-02 00:18:16,934] {logging_mixin.py:109} INFO - [2022-11-02 00:18:16,934] {dagbag.py:500} INFO - Filling up the DagBag from /opt/airflow/dags/dag_combustivel.py
[2022-11-02 00:18:16,969] {logging_mixin.py:109} INFO - [2022-11-02 00:18:16,967] {dagbag.py:334} ERROR - Failed to import: /opt/airflow/dags/dag_combustivel.py
Traceback (most recent call last):
  File "/home/airflow/.local/lib/python3.7/site-packages/airflow/models/dagbag.py", line 331, in _load_modules_from_file
    loader.exec_module(new_module)
  File "<frozen importlib._bootstrap_external>", line 724, in exec_module
  File "<frozen importlib._bootstrap_external>", line 860, in get_code
  File "<frozen importlib._bootstrap_external>", line 791, in source_to_code
  File "<frozen importlib._bootstrap>", line 219, in _call_with_frames_removed
  File "/opt/airflow/dags/dag_combustivel.py", line 32
    
    ^
SyntaxError: unexpected EOF while parsing
[2022-11-02 00:18:17,024] {processor.py:690} INFO - Deactivated 1 DAGs which are no longer present in /opt/airflow/dags/dag_combustivel.py
[2022-11-02 00:18:17,026] {processor.py:656} WARNING - No viable dags retrieved from /opt/airflow/dags/dag_combustivel.py
[2022-11-02 00:18:17,056] {processor.py:171} INFO - Processing /opt/airflow/dags/dag_combustivel.py took 0.132 seconds
[2022-11-02 00:18:31,524] {processor.py:163} INFO - Started process (PID=4456) to work on /opt/airflow/dags/dag_combustivel.py
[2022-11-02 00:18:31,537] {processor.py:642} INFO - Processing file /opt/airflow/dags/dag_combustivel.py for tasks to queue
[2022-11-02 00:18:31,549] {logging_mixin.py:109} INFO - [2022-11-02 00:18:31,548] {dagbag.py:500} INFO - Filling up the DagBag from /opt/airflow/dags/dag_combustivel.py
[2022-11-02 00:18:31,626] {logging_mixin.py:109} INFO - [2022-11-02 00:18:31,622] {dagbag.py:334} ERROR - Failed to import: /opt/airflow/dags/dag_combustivel.py
Traceback (most recent call last):
  File "/home/airflow/.local/lib/python3.7/site-packages/airflow/models/dagbag.py", line 331, in _load_modules_from_file
    loader.exec_module(new_module)
  File "<frozen importlib._bootstrap_external>", line 724, in exec_module
  File "<frozen importlib._bootstrap_external>", line 860, in get_code
  File "<frozen importlib._bootstrap_external>", line 791, in source_to_code
  File "<frozen importlib._bootstrap>", line 219, in _call_with_frames_removed
  File "/opt/airflow/dags/dag_combustivel.py", line 34
    
    ^
SyntaxError: unexpected EOF while parsing
[2022-11-02 00:18:31,702] {processor.py:656} WARNING - No viable dags retrieved from /opt/airflow/dags/dag_combustivel.py
[2022-11-02 00:18:31,723] {processor.py:171} INFO - Processing /opt/airflow/dags/dag_combustivel.py took 0.209 seconds
[2022-11-02 00:18:39,029] {processor.py:163} INFO - Started process (PID=4483) to work on /opt/airflow/dags/dag_combustivel.py
[2022-11-02 00:18:39,031] {processor.py:642} INFO - Processing file /opt/airflow/dags/dag_combustivel.py for tasks to queue
[2022-11-02 00:18:39,032] {logging_mixin.py:109} INFO - [2022-11-02 00:18:39,032] {dagbag.py:500} INFO - Filling up the DagBag from /opt/airflow/dags/dag_combustivel.py
[2022-11-02 00:18:39,042] {logging_mixin.py:109} INFO - [2022-11-02 00:18:39,041] {dagbag.py:334} ERROR - Failed to import: /opt/airflow/dags/dag_combustivel.py
Traceback (most recent call last):
  File "/home/airflow/.local/lib/python3.7/site-packages/airflow/models/dagbag.py", line 331, in _load_modules_from_file
    loader.exec_module(new_module)
  File "<frozen importlib._bootstrap_external>", line 724, in exec_module
  File "<frozen importlib._bootstrap_external>", line 860, in get_code
  File "<frozen importlib._bootstrap_external>", line 791, in source_to_code
  File "<frozen importlib._bootstrap>", line 219, in _call_with_frames_removed
  File "/opt/airflow/dags/dag_combustivel.py", line 35
    
    ^
SyntaxError: unexpected EOF while parsing
[2022-11-02 00:18:39,063] {processor.py:656} WARNING - No viable dags retrieved from /opt/airflow/dags/dag_combustivel.py
[2022-11-02 00:18:39,077] {processor.py:171} INFO - Processing /opt/airflow/dags/dag_combustivel.py took 0.053 seconds
[2022-11-02 00:19:08,795] {processor.py:163} INFO - Started process (PID=4535) to work on /opt/airflow/dags/dag_combustivel.py
[2022-11-02 00:19:08,799] {processor.py:642} INFO - Processing file /opt/airflow/dags/dag_combustivel.py for tasks to queue
[2022-11-02 00:19:08,801] {logging_mixin.py:109} INFO - [2022-11-02 00:19:08,801] {dagbag.py:500} INFO - Filling up the DagBag from /opt/airflow/dags/dag_combustivel.py
[2022-11-02 00:19:08,815] {logging_mixin.py:109} INFO - [2022-11-02 00:19:08,813] {dagbag.py:334} ERROR - Failed to import: /opt/airflow/dags/dag_combustivel.py
Traceback (most recent call last):
  File "/home/airflow/.local/lib/python3.7/site-packages/airflow/models/dagbag.py", line 331, in _load_modules_from_file
    loader.exec_module(new_module)
  File "<frozen importlib._bootstrap_external>", line 724, in exec_module
  File "<frozen importlib._bootstrap_external>", line 860, in get_code
  File "<frozen importlib._bootstrap_external>", line 791, in source_to_code
  File "<frozen importlib._bootstrap>", line 219, in _call_with_frames_removed
  File "/opt/airflow/dags/dag_combustivel.py", line 36
    
    ^
SyntaxError: unexpected EOF while parsing
[2022-11-02 00:19:08,842] {processor.py:656} WARNING - No viable dags retrieved from /opt/airflow/dags/dag_combustivel.py
[2022-11-02 00:19:08,860] {processor.py:171} INFO - Processing /opt/airflow/dags/dag_combustivel.py took 0.069 seconds
[2022-11-02 00:19:39,830] {processor.py:163} INFO - Started process (PID=4587) to work on /opt/airflow/dags/dag_combustivel.py
[2022-11-02 00:19:39,837] {processor.py:642} INFO - Processing file /opt/airflow/dags/dag_combustivel.py for tasks to queue
[2022-11-02 00:19:39,844] {logging_mixin.py:109} INFO - [2022-11-02 00:19:39,844] {dagbag.py:500} INFO - Filling up the DagBag from /opt/airflow/dags/dag_combustivel.py
[2022-11-02 00:19:39,866] {logging_mixin.py:109} INFO - [2022-11-02 00:19:39,863] {dagbag.py:334} ERROR - Failed to import: /opt/airflow/dags/dag_combustivel.py
Traceback (most recent call last):
  File "/home/airflow/.local/lib/python3.7/site-packages/airflow/models/dagbag.py", line 331, in _load_modules_from_file
    loader.exec_module(new_module)
  File "<frozen importlib._bootstrap_external>", line 724, in exec_module
  File "<frozen importlib._bootstrap_external>", line 860, in get_code
  File "<frozen importlib._bootstrap_external>", line 791, in source_to_code
  File "<frozen importlib._bootstrap>", line 219, in _call_with_frames_removed
  File "/opt/airflow/dags/dag_combustivel.py", line 36
    
    ^
SyntaxError: unexpected EOF while parsing
[2022-11-02 00:19:39,904] {processor.py:656} WARNING - No viable dags retrieved from /opt/airflow/dags/dag_combustivel.py
[2022-11-02 00:19:39,920] {processor.py:171} INFO - Processing /opt/airflow/dags/dag_combustivel.py took 0.102 seconds
[2022-11-02 00:20:09,984] {processor.py:163} INFO - Started process (PID=4635) to work on /opt/airflow/dags/dag_combustivel.py
[2022-11-02 00:20:09,988] {processor.py:642} INFO - Processing file /opt/airflow/dags/dag_combustivel.py for tasks to queue
[2022-11-02 00:20:09,991] {logging_mixin.py:109} INFO - [2022-11-02 00:20:09,990] {dagbag.py:500} INFO - Filling up the DagBag from /opt/airflow/dags/dag_combustivel.py
[2022-11-02 00:20:10,008] {logging_mixin.py:109} INFO - [2022-11-02 00:20:10,006] {dagbag.py:334} ERROR - Failed to import: /opt/airflow/dags/dag_combustivel.py
Traceback (most recent call last):
  File "/home/airflow/.local/lib/python3.7/site-packages/airflow/models/dagbag.py", line 331, in _load_modules_from_file
    loader.exec_module(new_module)
  File "<frozen importlib._bootstrap_external>", line 724, in exec_module
  File "<frozen importlib._bootstrap_external>", line 860, in get_code
  File "<frozen importlib._bootstrap_external>", line 791, in source_to_code
  File "<frozen importlib._bootstrap>", line 219, in _call_with_frames_removed
  File "/opt/airflow/dags/dag_combustivel.py", line 36
    
    ^
SyntaxError: unexpected EOF while parsing
[2022-11-02 00:20:10,049] {processor.py:656} WARNING - No viable dags retrieved from /opt/airflow/dags/dag_combustivel.py
[2022-11-02 00:20:10,092] {processor.py:171} INFO - Processing /opt/airflow/dags/dag_combustivel.py took 0.118 seconds
[2022-11-02 00:20:41,006] {processor.py:163} INFO - Started process (PID=4687) to work on /opt/airflow/dags/dag_combustivel.py
[2022-11-02 00:20:41,009] {processor.py:642} INFO - Processing file /opt/airflow/dags/dag_combustivel.py for tasks to queue
[2022-11-02 00:20:41,011] {logging_mixin.py:109} INFO - [2022-11-02 00:20:41,011] {dagbag.py:500} INFO - Filling up the DagBag from /opt/airflow/dags/dag_combustivel.py
[2022-11-02 00:20:41,023] {logging_mixin.py:109} INFO - [2022-11-02 00:20:41,022] {dagbag.py:334} ERROR - Failed to import: /opt/airflow/dags/dag_combustivel.py
Traceback (most recent call last):
  File "/home/airflow/.local/lib/python3.7/site-packages/airflow/models/dagbag.py", line 331, in _load_modules_from_file
    loader.exec_module(new_module)
  File "<frozen importlib._bootstrap_external>", line 724, in exec_module
  File "<frozen importlib._bootstrap_external>", line 860, in get_code
  File "<frozen importlib._bootstrap_external>", line 791, in source_to_code
  File "<frozen importlib._bootstrap>", line 219, in _call_with_frames_removed
  File "/opt/airflow/dags/dag_combustivel.py", line 36
    
    ^
SyntaxError: unexpected EOF while parsing
[2022-11-02 00:20:41,055] {processor.py:656} WARNING - No viable dags retrieved from /opt/airflow/dags/dag_combustivel.py
[2022-11-02 00:20:41,073] {processor.py:171} INFO - Processing /opt/airflow/dags/dag_combustivel.py took 0.071 seconds
[2022-11-02 00:21:08,117] {processor.py:163} INFO - Started process (PID=4726) to work on /opt/airflow/dags/dag_combustivel.py
[2022-11-02 00:21:08,122] {processor.py:642} INFO - Processing file /opt/airflow/dags/dag_combustivel.py for tasks to queue
[2022-11-02 00:21:08,126] {logging_mixin.py:109} INFO - [2022-11-02 00:21:08,125] {dagbag.py:500} INFO - Filling up the DagBag from /opt/airflow/dags/dag_combustivel.py
[2022-11-02 00:21:08,148] {logging_mixin.py:109} INFO - [2022-11-02 00:21:08,145] {dagbag.py:334} ERROR - Failed to import: /opt/airflow/dags/dag_combustivel.py
Traceback (most recent call last):
  File "/home/airflow/.local/lib/python3.7/site-packages/airflow/models/dagbag.py", line 331, in _load_modules_from_file
    loader.exec_module(new_module)
  File "<frozen importlib._bootstrap_external>", line 724, in exec_module
  File "<frozen importlib._bootstrap_external>", line 860, in get_code
  File "<frozen importlib._bootstrap_external>", line 791, in source_to_code
  File "<frozen importlib._bootstrap>", line 219, in _call_with_frames_removed
  File "/opt/airflow/dags/dag_combustivel.py", line 37
    
    ^
SyntaxError: unexpected EOF while parsing
[2022-11-02 00:21:08,220] {processor.py:656} WARNING - No viable dags retrieved from /opt/airflow/dags/dag_combustivel.py
[2022-11-02 00:21:08,255] {processor.py:171} INFO - Processing /opt/airflow/dags/dag_combustivel.py took 0.145 seconds
[2022-11-02 00:21:39,157] {processor.py:163} INFO - Started process (PID=4778) to work on /opt/airflow/dags/dag_combustivel.py
[2022-11-02 00:21:39,159] {processor.py:642} INFO - Processing file /opt/airflow/dags/dag_combustivel.py for tasks to queue
[2022-11-02 00:21:39,162] {logging_mixin.py:109} INFO - [2022-11-02 00:21:39,162] {dagbag.py:500} INFO - Filling up the DagBag from /opt/airflow/dags/dag_combustivel.py
[2022-11-02 00:21:39,174] {logging_mixin.py:109} INFO - [2022-11-02 00:21:39,173] {dagbag.py:334} ERROR - Failed to import: /opt/airflow/dags/dag_combustivel.py
Traceback (most recent call last):
  File "/home/airflow/.local/lib/python3.7/site-packages/airflow/models/dagbag.py", line 331, in _load_modules_from_file
    loader.exec_module(new_module)
  File "<frozen importlib._bootstrap_external>", line 724, in exec_module
  File "<frozen importlib._bootstrap_external>", line 860, in get_code
  File "<frozen importlib._bootstrap_external>", line 791, in source_to_code
  File "<frozen importlib._bootstrap>", line 219, in _call_with_frames_removed
  File "/opt/airflow/dags/dag_combustivel.py", line 37
    
    ^
SyntaxError: unexpected EOF while parsing
[2022-11-02 00:21:39,208] {processor.py:656} WARNING - No viable dags retrieved from /opt/airflow/dags/dag_combustivel.py
[2022-11-02 00:21:39,234] {processor.py:171} INFO - Processing /opt/airflow/dags/dag_combustivel.py took 0.086 seconds
[2022-11-02 00:22:09,395] {processor.py:163} INFO - Started process (PID=4830) to work on /opt/airflow/dags/dag_combustivel.py
[2022-11-02 00:22:09,398] {processor.py:642} INFO - Processing file /opt/airflow/dags/dag_combustivel.py for tasks to queue
[2022-11-02 00:22:09,399] {logging_mixin.py:109} INFO - [2022-11-02 00:22:09,399] {dagbag.py:500} INFO - Filling up the DagBag from /opt/airflow/dags/dag_combustivel.py
[2022-11-02 00:22:09,408] {logging_mixin.py:109} INFO - [2022-11-02 00:22:09,407] {dagbag.py:334} ERROR - Failed to import: /opt/airflow/dags/dag_combustivel.py
Traceback (most recent call last):
  File "/home/airflow/.local/lib/python3.7/site-packages/airflow/models/dagbag.py", line 331, in _load_modules_from_file
    loader.exec_module(new_module)
  File "<frozen importlib._bootstrap_external>", line 724, in exec_module
  File "<frozen importlib._bootstrap_external>", line 860, in get_code
  File "<frozen importlib._bootstrap_external>", line 791, in source_to_code
  File "<frozen importlib._bootstrap>", line 219, in _call_with_frames_removed
  File "/opt/airflow/dags/dag_combustivel.py", line 37
    
    ^
SyntaxError: unexpected EOF while parsing
[2022-11-02 00:22:09,430] {processor.py:656} WARNING - No viable dags retrieved from /opt/airflow/dags/dag_combustivel.py
[2022-11-02 00:22:09,444] {processor.py:171} INFO - Processing /opt/airflow/dags/dag_combustivel.py took 0.054 seconds
[2022-11-02 00:22:39,859] {processor.py:163} INFO - Started process (PID=4883) to work on /opt/airflow/dags/dag_combustivel.py
[2022-11-02 00:22:39,862] {processor.py:642} INFO - Processing file /opt/airflow/dags/dag_combustivel.py for tasks to queue
[2022-11-02 00:22:39,864] {logging_mixin.py:109} INFO - [2022-11-02 00:22:39,863] {dagbag.py:500} INFO - Filling up the DagBag from /opt/airflow/dags/dag_combustivel.py
[2022-11-02 00:22:39,876] {logging_mixin.py:109} INFO - [2022-11-02 00:22:39,874] {dagbag.py:334} ERROR - Failed to import: /opt/airflow/dags/dag_combustivel.py
Traceback (most recent call last):
  File "/home/airflow/.local/lib/python3.7/site-packages/airflow/models/dagbag.py", line 331, in _load_modules_from_file
    loader.exec_module(new_module)
  File "<frozen importlib._bootstrap_external>", line 724, in exec_module
  File "<frozen importlib._bootstrap_external>", line 860, in get_code
  File "<frozen importlib._bootstrap_external>", line 791, in source_to_code
  File "<frozen importlib._bootstrap>", line 219, in _call_with_frames_removed
  File "/opt/airflow/dags/dag_combustivel.py", line 37
    
    ^
SyntaxError: unexpected EOF while parsing
[2022-11-02 00:22:39,912] {processor.py:656} WARNING - No viable dags retrieved from /opt/airflow/dags/dag_combustivel.py
[2022-11-02 00:22:39,927] {processor.py:171} INFO - Processing /opt/airflow/dags/dag_combustivel.py took 0.074 seconds
[2022-11-02 00:22:57,872] {processor.py:163} INFO - Started process (PID=4933) to work on /opt/airflow/dags/dag_combustivel.py
[2022-11-02 00:22:57,875] {processor.py:642} INFO - Processing file /opt/airflow/dags/dag_combustivel.py for tasks to queue
[2022-11-02 00:22:57,877] {logging_mixin.py:109} INFO - [2022-11-02 00:22:57,877] {dagbag.py:500} INFO - Filling up the DagBag from /opt/airflow/dags/dag_combustivel.py
[2022-11-02 00:22:57,895] {logging_mixin.py:109} INFO - [2022-11-02 00:22:57,893] {dagbag.py:334} ERROR - Failed to import: /opt/airflow/dags/dag_combustivel.py
Traceback (most recent call last):
  File "/home/airflow/.local/lib/python3.7/site-packages/airflow/models/dagbag.py", line 331, in _load_modules_from_file
    loader.exec_module(new_module)
  File "<frozen importlib._bootstrap_external>", line 724, in exec_module
  File "<frozen importlib._bootstrap_external>", line 860, in get_code
  File "<frozen importlib._bootstrap_external>", line 791, in source_to_code
  File "<frozen importlib._bootstrap>", line 219, in _call_with_frames_removed
  File "/opt/airflow/dags/dag_combustivel.py", line 42
    
    ^
SyntaxError: unexpected EOF while parsing
[2022-11-02 00:22:57,931] {processor.py:656} WARNING - No viable dags retrieved from /opt/airflow/dags/dag_combustivel.py
[2022-11-02 00:22:57,967] {processor.py:171} INFO - Processing /opt/airflow/dags/dag_combustivel.py took 0.102 seconds
[2022-11-02 00:23:28,811] {processor.py:163} INFO - Started process (PID=4986) to work on /opt/airflow/dags/dag_combustivel.py
[2022-11-02 00:23:28,816] {processor.py:642} INFO - Processing file /opt/airflow/dags/dag_combustivel.py for tasks to queue
[2022-11-02 00:23:28,818] {logging_mixin.py:109} INFO - [2022-11-02 00:23:28,818] {dagbag.py:500} INFO - Filling up the DagBag from /opt/airflow/dags/dag_combustivel.py
[2022-11-02 00:23:28,835] {logging_mixin.py:109} INFO - [2022-11-02 00:23:28,833] {dagbag.py:334} ERROR - Failed to import: /opt/airflow/dags/dag_combustivel.py
Traceback (most recent call last):
  File "/home/airflow/.local/lib/python3.7/site-packages/airflow/models/dagbag.py", line 331, in _load_modules_from_file
    loader.exec_module(new_module)
  File "<frozen importlib._bootstrap_external>", line 724, in exec_module
  File "<frozen importlib._bootstrap_external>", line 860, in get_code
  File "<frozen importlib._bootstrap_external>", line 791, in source_to_code
  File "<frozen importlib._bootstrap>", line 219, in _call_with_frames_removed
  File "/opt/airflow/dags/dag_combustivel.py", line 42
    
    ^
SyntaxError: unexpected EOF while parsing
[2022-11-02 00:23:28,863] {processor.py:656} WARNING - No viable dags retrieved from /opt/airflow/dags/dag_combustivel.py
[2022-11-02 00:23:28,884] {processor.py:171} INFO - Processing /opt/airflow/dags/dag_combustivel.py took 0.085 seconds
[2022-11-02 00:23:54,259] {processor.py:163} INFO - Started process (PID=5037) to work on /opt/airflow/dags/dag_combustivel.py
[2022-11-02 00:23:54,265] {processor.py:642} INFO - Processing file /opt/airflow/dags/dag_combustivel.py for tasks to queue
[2022-11-02 00:23:54,276] {logging_mixin.py:109} INFO - [2022-11-02 00:23:54,276] {dagbag.py:500} INFO - Filling up the DagBag from /opt/airflow/dags/dag_combustivel.py
[2022-11-02 00:23:54,315] {logging_mixin.py:109} INFO - [2022-11-02 00:23:54,313] {dagbag.py:334} ERROR - Failed to import: /opt/airflow/dags/dag_combustivel.py
Traceback (most recent call last):
  File "/home/airflow/.local/lib/python3.7/site-packages/airflow/models/dagbag.py", line 331, in _load_modules_from_file
    loader.exec_module(new_module)
  File "<frozen importlib._bootstrap_external>", line 724, in exec_module
  File "<frozen importlib._bootstrap_external>", line 860, in get_code
  File "<frozen importlib._bootstrap_external>", line 791, in source_to_code
  File "<frozen importlib._bootstrap>", line 219, in _call_with_frames_removed
  File "/opt/airflow/dags/dag_combustivel.py", line 43
    
    ^
SyntaxError: unexpected EOF while parsing
[2022-11-02 00:23:54,414] {processor.py:656} WARNING - No viable dags retrieved from /opt/airflow/dags/dag_combustivel.py
[2022-11-02 00:23:54,469] {processor.py:171} INFO - Processing /opt/airflow/dags/dag_combustivel.py took 0.220 seconds
[2022-11-02 00:24:05,183] {processor.py:163} INFO - Started process (PID=5041) to work on /opt/airflow/dags/dag_combustivel.py
[2022-11-02 00:24:05,198] {processor.py:642} INFO - Processing file /opt/airflow/dags/dag_combustivel.py for tasks to queue
[2022-11-02 00:24:05,201] {logging_mixin.py:109} INFO - [2022-11-02 00:24:05,201] {dagbag.py:500} INFO - Filling up the DagBag from /opt/airflow/dags/dag_combustivel.py
[2022-11-02 00:24:05,739] {processor.py:654} INFO - DAG(s) dict_keys(['dag_combustivel']) retrieved from /opt/airflow/dags/dag_combustivel.py
[2022-11-02 00:24:06,237] {logging_mixin.py:109} INFO - [2022-11-02 00:24:06,237] {dag.py:2398} INFO - Sync 1 DAGs
[2022-11-02 00:24:06,267] {logging_mixin.py:109} INFO - [2022-11-02 00:24:06,266] {dag.py:2937} INFO - Setting next_dagrun for dag_combustivel to 2004-01-01T00:00:00+00:00
[2022-11-02 00:24:06,294] {processor.py:171} INFO - Processing /opt/airflow/dags/dag_combustivel.py took 1.117 seconds
[2022-11-02 00:24:36,768] {processor.py:163} INFO - Started process (PID=5101) to work on /opt/airflow/dags/dag_combustivel.py
[2022-11-02 00:24:36,771] {processor.py:642} INFO - Processing file /opt/airflow/dags/dag_combustivel.py for tasks to queue
[2022-11-02 00:24:36,775] {logging_mixin.py:109} INFO - [2022-11-02 00:24:36,774] {dagbag.py:500} INFO - Filling up the DagBag from /opt/airflow/dags/dag_combustivel.py
[2022-11-02 00:24:37,205] {processor.py:654} INFO - DAG(s) dict_keys(['dag_combustivel']) retrieved from /opt/airflow/dags/dag_combustivel.py
[2022-11-02 00:24:37,263] {logging_mixin.py:109} INFO - [2022-11-02 00:24:37,263] {dag.py:2398} INFO - Sync 1 DAGs
[2022-11-02 00:24:37,302] {logging_mixin.py:109} INFO - [2022-11-02 00:24:37,301] {dag.py:2937} INFO - Setting next_dagrun for dag_combustivel to 2004-01-01T00:00:00+00:00
[2022-11-02 00:24:37,323] {processor.py:171} INFO - Processing /opt/airflow/dags/dag_combustivel.py took 0.563 seconds
[2022-11-02 00:24:59,448] {processor.py:163} INFO - Started process (PID=5143) to work on /opt/airflow/dags/dag_combustivel.py
[2022-11-02 00:24:59,456] {processor.py:642} INFO - Processing file /opt/airflow/dags/dag_combustivel.py for tasks to queue
[2022-11-02 00:24:59,464] {logging_mixin.py:109} INFO - [2022-11-02 00:24:59,463] {dagbag.py:500} INFO - Filling up the DagBag from /opt/airflow/dags/dag_combustivel.py
[2022-11-02 00:25:00,047] {processor.py:654} INFO - DAG(s) dict_keys(['dag_combustivel']) retrieved from /opt/airflow/dags/dag_combustivel.py
[2022-11-02 00:25:00,074] {logging_mixin.py:109} INFO - [2022-11-02 00:25:00,074] {dag.py:2398} INFO - Sync 1 DAGs
[2022-11-02 00:25:00,111] {logging_mixin.py:109} INFO - [2022-11-02 00:25:00,111] {dag.py:2937} INFO - Setting next_dagrun for dag_combustivel to 2004-01-01T00:00:00+00:00
[2022-11-02 00:25:00,139] {processor.py:171} INFO - Processing /opt/airflow/dags/dag_combustivel.py took 0.699 seconds
[2022-11-02 00:25:18,739] {processor.py:163} INFO - Started process (PID=5170) to work on /opt/airflow/dags/dag_combustivel.py
[2022-11-02 00:25:18,744] {processor.py:642} INFO - Processing file /opt/airflow/dags/dag_combustivel.py for tasks to queue
[2022-11-02 00:25:18,748] {logging_mixin.py:109} INFO - [2022-11-02 00:25:18,748] {dagbag.py:500} INFO - Filling up the DagBag from /opt/airflow/dags/dag_combustivel.py
[2022-11-02 00:25:19,389] {logging_mixin.py:109} INFO - [2022-11-02 00:25:19,383] {dagbag.py:334} ERROR - Failed to import: /opt/airflow/dags/dag_combustivel.py
Traceback (most recent call last):
  File "/home/airflow/.local/lib/python3.7/site-packages/airflow/models/dagbag.py", line 331, in _load_modules_from_file
    loader.exec_module(new_module)
  File "<frozen importlib._bootstrap_external>", line 728, in exec_module
  File "<frozen importlib._bootstrap>", line 219, in _call_with_frames_removed
  File "/opt/airflow/dags/dag_combustivel.py", line 45, in <module>
    project_id=PROJECT_ID,
NameError: name 'PROJECT_ID' is not defined
[2022-11-02 00:25:19,434] {processor.py:690} INFO - Deactivated 1 DAGs which are no longer present in /opt/airflow/dags/dag_combustivel.py
[2022-11-02 00:25:19,436] {processor.py:656} WARNING - No viable dags retrieved from /opt/airflow/dags/dag_combustivel.py
[2022-11-02 00:25:19,460] {processor.py:171} INFO - Processing /opt/airflow/dags/dag_combustivel.py took 0.731 seconds
[2022-11-02 00:25:49,697] {processor.py:163} INFO - Started process (PID=5230) to work on /opt/airflow/dags/dag_combustivel.py
[2022-11-02 00:25:49,704] {processor.py:642} INFO - Processing file /opt/airflow/dags/dag_combustivel.py for tasks to queue
[2022-11-02 00:25:49,706] {logging_mixin.py:109} INFO - [2022-11-02 00:25:49,706] {dagbag.py:500} INFO - Filling up the DagBag from /opt/airflow/dags/dag_combustivel.py
[2022-11-02 00:25:50,082] {logging_mixin.py:109} INFO - [2022-11-02 00:25:50,079] {dagbag.py:334} ERROR - Failed to import: /opt/airflow/dags/dag_combustivel.py
Traceback (most recent call last):
  File "/home/airflow/.local/lib/python3.7/site-packages/airflow/models/dagbag.py", line 331, in _load_modules_from_file
    loader.exec_module(new_module)
  File "<frozen importlib._bootstrap_external>", line 728, in exec_module
  File "<frozen importlib._bootstrap>", line 219, in _call_with_frames_removed
  File "/opt/airflow/dags/dag_combustivel.py", line 45, in <module>
    project_id=PROJECT_ID,
NameError: name 'PROJECT_ID' is not defined
[2022-11-02 00:25:50,108] {processor.py:656} WARNING - No viable dags retrieved from /opt/airflow/dags/dag_combustivel.py
[2022-11-02 00:25:50,124] {processor.py:171} INFO - Processing /opt/airflow/dags/dag_combustivel.py took 0.432 seconds
[2022-11-02 00:25:58,661] {processor.py:163} INFO - Started process (PID=5246) to work on /opt/airflow/dags/dag_combustivel.py
[2022-11-02 00:25:58,665] {processor.py:642} INFO - Processing file /opt/airflow/dags/dag_combustivel.py for tasks to queue
[2022-11-02 00:25:58,668] {logging_mixin.py:109} INFO - [2022-11-02 00:25:58,668] {dagbag.py:500} INFO - Filling up the DagBag from /opt/airflow/dags/dag_combustivel.py
[2022-11-02 00:25:59,754] {logging_mixin.py:109} INFO - [2022-11-02 00:25:59,749] {dagbag.py:334} ERROR - Failed to import: /opt/airflow/dags/dag_combustivel.py
Traceback (most recent call last):
  File "/home/airflow/.local/lib/python3.7/site-packages/airflow/models/dagbag.py", line 331, in _load_modules_from_file
    loader.exec_module(new_module)
  File "<frozen importlib._bootstrap_external>", line 728, in exec_module
  File "<frozen importlib._bootstrap>", line 219, in _call_with_frames_removed
  File "/opt/airflow/dags/dag_combustivel.py", line 52, in <module>
    cluster_config=CLUSTER_CONFIG,
NameError: name 'CLUSTER_CONFIG' is not defined
[2022-11-02 00:25:59,810] {processor.py:656} WARNING - No viable dags retrieved from /opt/airflow/dags/dag_combustivel.py
[2022-11-02 00:25:59,845] {processor.py:171} INFO - Processing /opt/airflow/dags/dag_combustivel.py took 1.195 seconds
[2022-11-02 00:26:30,252] {processor.py:163} INFO - Started process (PID=5306) to work on /opt/airflow/dags/dag_combustivel.py
[2022-11-02 00:26:30,255] {processor.py:642} INFO - Processing file /opt/airflow/dags/dag_combustivel.py for tasks to queue
[2022-11-02 00:26:30,257] {logging_mixin.py:109} INFO - [2022-11-02 00:26:30,257] {dagbag.py:500} INFO - Filling up the DagBag from /opt/airflow/dags/dag_combustivel.py
[2022-11-02 00:26:30,657] {logging_mixin.py:109} INFO - [2022-11-02 00:26:30,654] {dagbag.py:334} ERROR - Failed to import: /opt/airflow/dags/dag_combustivel.py
Traceback (most recent call last):
  File "/home/airflow/.local/lib/python3.7/site-packages/airflow/models/dagbag.py", line 331, in _load_modules_from_file
    loader.exec_module(new_module)
  File "<frozen importlib._bootstrap_external>", line 728, in exec_module
  File "<frozen importlib._bootstrap>", line 219, in _call_with_frames_removed
  File "/opt/airflow/dags/dag_combustivel.py", line 52, in <module>
    cluster_config=CLUSTER_CONFIG,
NameError: name 'CLUSTER_CONFIG' is not defined
[2022-11-02 00:26:30,689] {processor.py:656} WARNING - No viable dags retrieved from /opt/airflow/dags/dag_combustivel.py
[2022-11-02 00:26:30,707] {processor.py:171} INFO - Processing /opt/airflow/dags/dag_combustivel.py took 0.459 seconds
[2022-11-02 00:26:31,748] {processor.py:163} INFO - Started process (PID=5308) to work on /opt/airflow/dags/dag_combustivel.py
[2022-11-02 00:26:31,751] {processor.py:642} INFO - Processing file /opt/airflow/dags/dag_combustivel.py for tasks to queue
[2022-11-02 00:26:31,754] {logging_mixin.py:109} INFO - [2022-11-02 00:26:31,754] {dagbag.py:500} INFO - Filling up the DagBag from /opt/airflow/dags/dag_combustivel.py
[2022-11-02 00:26:32,417] {logging_mixin.py:109} INFO - [2022-11-02 00:26:32,413] {dagbag.py:334} ERROR - Failed to import: /opt/airflow/dags/dag_combustivel.py
Traceback (most recent call last):
  File "/home/airflow/.local/lib/python3.7/site-packages/airflow/models/dagbag.py", line 331, in _load_modules_from_file
    loader.exec_module(new_module)
  File "<frozen importlib._bootstrap_external>", line 728, in exec_module
  File "<frozen importlib._bootstrap>", line 219, in _call_with_frames_removed
  File "/opt/airflow/dags/dag_combustivel.py", line 52, in <module>
    cluster_config=CLUSTER_CONFIG,
NameError: name 'CLUSTER_CONFIG' is not defined
[2022-11-02 00:26:32,444] {processor.py:656} WARNING - No viable dags retrieved from /opt/airflow/dags/dag_combustivel.py
[2022-11-02 00:26:32,464] {processor.py:171} INFO - Processing /opt/airflow/dags/dag_combustivel.py took 0.721 seconds
[2022-11-02 00:26:51,690] {processor.py:163} INFO - Started process (PID=5339) to work on /opt/airflow/dags/dag_combustivel.py
[2022-11-02 00:26:51,693] {processor.py:642} INFO - Processing file /opt/airflow/dags/dag_combustivel.py for tasks to queue
[2022-11-02 00:26:51,695] {logging_mixin.py:109} INFO - [2022-11-02 00:26:51,695] {dagbag.py:500} INFO - Filling up the DagBag from /opt/airflow/dags/dag_combustivel.py
[2022-11-02 00:26:52,179] {processor.py:654} INFO - DAG(s) dict_keys(['dag_combustivel']) retrieved from /opt/airflow/dags/dag_combustivel.py
[2022-11-02 00:26:52,697] {logging_mixin.py:109} INFO - [2022-11-02 00:26:52,697] {dag.py:2398} INFO - Sync 1 DAGs
[2022-11-02 00:26:52,725] {logging_mixin.py:109} INFO - [2022-11-02 00:26:52,725] {dag.py:2937} INFO - Setting next_dagrun for dag_combustivel to 2004-01-01T00:00:00+00:00
[2022-11-02 00:26:52,756] {processor.py:171} INFO - Processing /opt/airflow/dags/dag_combustivel.py took 1.071 seconds
[2022-11-02 00:27:22,840] {processor.py:163} INFO - Started process (PID=5403) to work on /opt/airflow/dags/dag_combustivel.py
[2022-11-02 00:27:22,843] {processor.py:642} INFO - Processing file /opt/airflow/dags/dag_combustivel.py for tasks to queue
[2022-11-02 00:27:22,845] {logging_mixin.py:109} INFO - [2022-11-02 00:27:22,845] {dagbag.py:500} INFO - Filling up the DagBag from /opt/airflow/dags/dag_combustivel.py
[2022-11-02 00:27:23,215] {processor.py:654} INFO - DAG(s) dict_keys(['dag_combustivel']) retrieved from /opt/airflow/dags/dag_combustivel.py
[2022-11-02 00:27:23,234] {logging_mixin.py:109} INFO - [2022-11-02 00:27:23,233] {dag.py:2398} INFO - Sync 1 DAGs
[2022-11-02 00:27:23,265] {logging_mixin.py:109} INFO - [2022-11-02 00:27:23,265] {dag.py:2937} INFO - Setting next_dagrun for dag_combustivel to 2004-01-01T00:00:00+00:00
[2022-11-02 00:27:23,284] {processor.py:171} INFO - Processing /opt/airflow/dags/dag_combustivel.py took 0.450 seconds
[2022-11-02 00:27:30,311] {processor.py:163} INFO - Started process (PID=5412) to work on /opt/airflow/dags/dag_combustivel.py
[2022-11-02 00:27:30,317] {processor.py:642} INFO - Processing file /opt/airflow/dags/dag_combustivel.py for tasks to queue
[2022-11-02 00:27:30,321] {logging_mixin.py:109} INFO - [2022-11-02 00:27:30,320] {dagbag.py:500} INFO - Filling up the DagBag from /opt/airflow/dags/dag_combustivel.py
[2022-11-02 00:27:30,766] {logging_mixin.py:109} INFO - [2022-11-02 00:27:30,756] {dagbag.py:334} ERROR - Failed to import: /opt/airflow/dags/dag_combustivel.py
Traceback (most recent call last):
  File "/home/airflow/.local/lib/python3.7/site-packages/airflow/models/dagbag.py", line 331, in _load_modules_from_file
    loader.exec_module(new_module)
  File "<frozen importlib._bootstrap_external>", line 728, in exec_module
  File "<frozen importlib._bootstrap>", line 219, in _call_with_frames_removed
  File "/opt/airflow/dags/dag_combustivel.py", line 71, in <module>
    job=PYSPARK_JOB,
NameError: name 'PYSPARK_JOB' is not defined
[2022-11-02 00:27:30,811] {processor.py:690} INFO - Deactivated 1 DAGs which are no longer present in /opt/airflow/dags/dag_combustivel.py
[2022-11-02 00:27:30,813] {processor.py:656} WARNING - No viable dags retrieved from /opt/airflow/dags/dag_combustivel.py
[2022-11-02 00:27:30,862] {processor.py:171} INFO - Processing /opt/airflow/dags/dag_combustivel.py took 0.563 seconds
[2022-11-02 00:28:01,732] {processor.py:163} INFO - Started process (PID=5464) to work on /opt/airflow/dags/dag_combustivel.py
[2022-11-02 00:28:01,736] {processor.py:642} INFO - Processing file /opt/airflow/dags/dag_combustivel.py for tasks to queue
[2022-11-02 00:28:01,738] {logging_mixin.py:109} INFO - [2022-11-02 00:28:01,738] {dagbag.py:500} INFO - Filling up the DagBag from /opt/airflow/dags/dag_combustivel.py
[2022-11-02 00:28:02,076] {logging_mixin.py:109} INFO - [2022-11-02 00:28:02,073] {dagbag.py:334} ERROR - Failed to import: /opt/airflow/dags/dag_combustivel.py
Traceback (most recent call last):
  File "/home/airflow/.local/lib/python3.7/site-packages/airflow/models/dagbag.py", line 331, in _load_modules_from_file
    loader.exec_module(new_module)
  File "<frozen importlib._bootstrap_external>", line 728, in exec_module
  File "<frozen importlib._bootstrap>", line 219, in _call_with_frames_removed
  File "/opt/airflow/dags/dag_combustivel.py", line 71, in <module>
    job=PYSPARK_JOB,
NameError: name 'PYSPARK_JOB' is not defined
[2022-11-02 00:28:02,111] {processor.py:656} WARNING - No viable dags retrieved from /opt/airflow/dags/dag_combustivel.py
[2022-11-02 00:28:02,131] {processor.py:171} INFO - Processing /opt/airflow/dags/dag_combustivel.py took 0.407 seconds
[2022-11-02 00:28:33,193] {processor.py:163} INFO - Started process (PID=5526) to work on /opt/airflow/dags/dag_combustivel.py
[2022-11-02 00:28:33,197] {processor.py:642} INFO - Processing file /opt/airflow/dags/dag_combustivel.py for tasks to queue
[2022-11-02 00:28:33,200] {logging_mixin.py:109} INFO - [2022-11-02 00:28:33,200] {dagbag.py:500} INFO - Filling up the DagBag from /opt/airflow/dags/dag_combustivel.py
[2022-11-02 00:28:33,687] {logging_mixin.py:109} INFO - [2022-11-02 00:28:33,683] {dagbag.py:334} ERROR - Failed to import: /opt/airflow/dags/dag_combustivel.py
Traceback (most recent call last):
  File "/home/airflow/.local/lib/python3.7/site-packages/airflow/models/dagbag.py", line 331, in _load_modules_from_file
    loader.exec_module(new_module)
  File "<frozen importlib._bootstrap_external>", line 728, in exec_module
  File "<frozen importlib._bootstrap>", line 219, in _call_with_frames_removed
  File "/opt/airflow/dags/dag_combustivel.py", line 71, in <module>
    job=PYSPARK_JOB,
NameError: name 'PYSPARK_JOB' is not defined
[2022-11-02 00:28:33,763] {processor.py:656} WARNING - No viable dags retrieved from /opt/airflow/dags/dag_combustivel.py
[2022-11-02 00:28:33,807] {processor.py:171} INFO - Processing /opt/airflow/dags/dag_combustivel.py took 0.628 seconds
[2022-11-02 00:29:04,581] {processor.py:163} INFO - Started process (PID=5577) to work on /opt/airflow/dags/dag_combustivel.py
[2022-11-02 00:29:04,584] {processor.py:642} INFO - Processing file /opt/airflow/dags/dag_combustivel.py for tasks to queue
[2022-11-02 00:29:04,587] {logging_mixin.py:109} INFO - [2022-11-02 00:29:04,587] {dagbag.py:500} INFO - Filling up the DagBag from /opt/airflow/dags/dag_combustivel.py
[2022-11-02 00:29:04,978] {logging_mixin.py:109} INFO - [2022-11-02 00:29:04,975] {dagbag.py:334} ERROR - Failed to import: /opt/airflow/dags/dag_combustivel.py
Traceback (most recent call last):
  File "/home/airflow/.local/lib/python3.7/site-packages/airflow/models/dagbag.py", line 331, in _load_modules_from_file
    loader.exec_module(new_module)
  File "<frozen importlib._bootstrap_external>", line 728, in exec_module
  File "<frozen importlib._bootstrap>", line 219, in _call_with_frames_removed
  File "/opt/airflow/dags/dag_combustivel.py", line 71, in <module>
    job=PYSPARK_JOB,
NameError: name 'PYSPARK_JOB' is not defined
[2022-11-02 00:29:05,011] {processor.py:656} WARNING - No viable dags retrieved from /opt/airflow/dags/dag_combustivel.py
[2022-11-02 00:29:05,050] {processor.py:171} INFO - Processing /opt/airflow/dags/dag_combustivel.py took 0.475 seconds
[2022-11-02 00:29:35,255] {processor.py:163} INFO - Started process (PID=5629) to work on /opt/airflow/dags/dag_combustivel.py
[2022-11-02 00:29:35,258] {processor.py:642} INFO - Processing file /opt/airflow/dags/dag_combustivel.py for tasks to queue
[2022-11-02 00:29:35,260] {logging_mixin.py:109} INFO - [2022-11-02 00:29:35,260] {dagbag.py:500} INFO - Filling up the DagBag from /opt/airflow/dags/dag_combustivel.py
[2022-11-02 00:29:35,598] {logging_mixin.py:109} INFO - [2022-11-02 00:29:35,594] {dagbag.py:334} ERROR - Failed to import: /opt/airflow/dags/dag_combustivel.py
Traceback (most recent call last):
  File "/home/airflow/.local/lib/python3.7/site-packages/airflow/models/dagbag.py", line 331, in _load_modules_from_file
    loader.exec_module(new_module)
  File "<frozen importlib._bootstrap_external>", line 728, in exec_module
  File "<frozen importlib._bootstrap>", line 219, in _call_with_frames_removed
  File "/opt/airflow/dags/dag_combustivel.py", line 71, in <module>
    job=PYSPARK_JOB,
NameError: name 'PYSPARK_JOB' is not defined
[2022-11-02 00:29:35,634] {processor.py:656} WARNING - No viable dags retrieved from /opt/airflow/dags/dag_combustivel.py
[2022-11-02 00:29:35,654] {processor.py:171} INFO - Processing /opt/airflow/dags/dag_combustivel.py took 0.403 seconds
[2022-11-02 00:29:55,973] {processor.py:163} INFO - Started process (PID=5667) to work on /opt/airflow/dags/dag_combustivel.py
[2022-11-02 00:29:55,981] {processor.py:642} INFO - Processing file /opt/airflow/dags/dag_combustivel.py for tasks to queue
[2022-11-02 00:29:55,984] {logging_mixin.py:109} INFO - [2022-11-02 00:29:55,983] {dagbag.py:500} INFO - Filling up the DagBag from /opt/airflow/dags/dag_combustivel.py
[2022-11-02 00:29:56,701] {processor.py:654} INFO - DAG(s) dict_keys(['dag_combustivel']) retrieved from /opt/airflow/dags/dag_combustivel.py
[2022-11-02 00:29:57,287] {logging_mixin.py:109} INFO - [2022-11-02 00:29:57,287] {dag.py:2398} INFO - Sync 1 DAGs
[2022-11-02 00:29:57,314] {logging_mixin.py:109} INFO - [2022-11-02 00:29:57,313] {dag.py:2937} INFO - Setting next_dagrun for dag_combustivel to 2004-01-01T00:00:00+00:00
[2022-11-02 00:29:57,340] {processor.py:171} INFO - Processing /opt/airflow/dags/dag_combustivel.py took 1.374 seconds
[2022-11-02 00:30:18,832] {processor.py:163} INFO - Started process (PID=5700) to work on /opt/airflow/dags/dag_combustivel.py
[2022-11-02 00:30:18,836] {processor.py:642} INFO - Processing file /opt/airflow/dags/dag_combustivel.py for tasks to queue
[2022-11-02 00:30:18,839] {logging_mixin.py:109} INFO - [2022-11-02 00:30:18,838] {dagbag.py:500} INFO - Filling up the DagBag from /opt/airflow/dags/dag_combustivel.py
[2022-11-02 00:30:19,853] {processor.py:654} INFO - DAG(s) dict_keys(['dag_combustivel']) retrieved from /opt/airflow/dags/dag_combustivel.py
[2022-11-02 00:30:19,867] {logging_mixin.py:109} INFO - [2022-11-02 00:30:19,866] {dag.py:2398} INFO - Sync 1 DAGs
[2022-11-02 00:30:19,903] {logging_mixin.py:109} INFO - [2022-11-02 00:30:19,903] {dag.py:2937} INFO - Setting next_dagrun for dag_combustivel to 2004-01-01T00:00:00+00:00
[2022-11-02 00:30:19,925] {processor.py:171} INFO - Processing /opt/airflow/dags/dag_combustivel.py took 1.107 seconds
[2022-11-02 00:30:31,551] {processor.py:163} INFO - Started process (PID=5736) to work on /opt/airflow/dags/dag_combustivel.py
[2022-11-02 00:30:31,553] {processor.py:642} INFO - Processing file /opt/airflow/dags/dag_combustivel.py for tasks to queue
[2022-11-02 00:30:31,556] {logging_mixin.py:109} INFO - [2022-11-02 00:30:31,555] {dagbag.py:500} INFO - Filling up the DagBag from /opt/airflow/dags/dag_combustivel.py
[2022-11-02 00:30:31,986] {processor.py:654} INFO - DAG(s) dict_keys(['dag_combustivel']) retrieved from /opt/airflow/dags/dag_combustivel.py
[2022-11-02 00:30:32,459] {logging_mixin.py:109} INFO - [2022-11-02 00:30:32,458] {dag.py:2398} INFO - Sync 1 DAGs
[2022-11-02 00:30:32,492] {logging_mixin.py:109} INFO - [2022-11-02 00:30:32,492] {dag.py:2937} INFO - Setting next_dagrun for dag_combustivel to 2004-01-01T00:00:00+00:00
[2022-11-02 00:30:32,521] {processor.py:171} INFO - Processing /opt/airflow/dags/dag_combustivel.py took 0.975 seconds
[2022-11-02 00:31:02,876] {processor.py:163} INFO - Started process (PID=5788) to work on /opt/airflow/dags/dag_combustivel.py
[2022-11-02 00:31:02,879] {processor.py:642} INFO - Processing file /opt/airflow/dags/dag_combustivel.py for tasks to queue
[2022-11-02 00:31:02,881] {logging_mixin.py:109} INFO - [2022-11-02 00:31:02,881] {dagbag.py:500} INFO - Filling up the DagBag from /opt/airflow/dags/dag_combustivel.py
[2022-11-02 00:31:03,207] {processor.py:654} INFO - DAG(s) dict_keys(['dag_combustivel']) retrieved from /opt/airflow/dags/dag_combustivel.py
[2022-11-02 00:31:03,276] {logging_mixin.py:109} INFO - [2022-11-02 00:31:03,275] {dag.py:2398} INFO - Sync 1 DAGs
[2022-11-02 00:31:03,333] {logging_mixin.py:109} INFO - [2022-11-02 00:31:03,332] {dag.py:2937} INFO - Setting next_dagrun for dag_combustivel to 2004-01-01T00:00:00+00:00
[2022-11-02 00:31:03,367] {processor.py:171} INFO - Processing /opt/airflow/dags/dag_combustivel.py took 0.496 seconds
[2022-11-02 00:31:10,131] {processor.py:163} INFO - Started process (PID=5791) to work on /opt/airflow/dags/dag_combustivel.py
[2022-11-02 00:31:10,134] {processor.py:642} INFO - Processing file /opt/airflow/dags/dag_combustivel.py for tasks to queue
[2022-11-02 00:31:10,137] {logging_mixin.py:109} INFO - [2022-11-02 00:31:10,137] {dagbag.py:500} INFO - Filling up the DagBag from /opt/airflow/dags/dag_combustivel.py
[2022-11-02 00:31:10,568] {processor.py:654} INFO - DAG(s) dict_keys(['dag_combustivel']) retrieved from /opt/airflow/dags/dag_combustivel.py
[2022-11-02 00:31:10,985] {logging_mixin.py:109} INFO - [2022-11-02 00:31:10,985] {dag.py:2398} INFO - Sync 1 DAGs
[2022-11-02 00:31:11,010] {logging_mixin.py:109} INFO - [2022-11-02 00:31:11,010] {dag.py:2937} INFO - Setting next_dagrun for dag_combustivel to 2004-01-01T00:00:00+00:00
[2022-11-02 00:31:11,038] {processor.py:171} INFO - Processing /opt/airflow/dags/dag_combustivel.py took 0.916 seconds
[2022-11-02 00:31:41,756] {processor.py:163} INFO - Started process (PID=5844) to work on /opt/airflow/dags/dag_combustivel.py
[2022-11-02 00:31:41,758] {processor.py:642} INFO - Processing file /opt/airflow/dags/dag_combustivel.py for tasks to queue
[2022-11-02 00:31:41,760] {logging_mixin.py:109} INFO - [2022-11-02 00:31:41,760] {dagbag.py:500} INFO - Filling up the DagBag from /opt/airflow/dags/dag_combustivel.py
[2022-11-02 00:31:42,063] {processor.py:654} INFO - DAG(s) dict_keys(['dag_combustivel']) retrieved from /opt/airflow/dags/dag_combustivel.py
[2022-11-02 00:31:42,078] {logging_mixin.py:109} INFO - [2022-11-02 00:31:42,078] {dag.py:2398} INFO - Sync 1 DAGs
[2022-11-02 00:31:42,111] {logging_mixin.py:109} INFO - [2022-11-02 00:31:42,110] {dag.py:2937} INFO - Setting next_dagrun for dag_combustivel to 2004-01-01T00:00:00+00:00
[2022-11-02 00:31:42,131] {processor.py:171} INFO - Processing /opt/airflow/dags/dag_combustivel.py took 0.381 seconds
[2022-11-02 00:32:12,414] {processor.py:163} INFO - Started process (PID=5896) to work on /opt/airflow/dags/dag_combustivel.py
[2022-11-02 00:32:12,416] {processor.py:642} INFO - Processing file /opt/airflow/dags/dag_combustivel.py for tasks to queue
[2022-11-02 00:32:12,419] {logging_mixin.py:109} INFO - [2022-11-02 00:32:12,418] {dagbag.py:500} INFO - Filling up the DagBag from /opt/airflow/dags/dag_combustivel.py
[2022-11-02 00:32:12,823] {processor.py:654} INFO - DAG(s) dict_keys(['dag_combustivel']) retrieved from /opt/airflow/dags/dag_combustivel.py
[2022-11-02 00:32:12,843] {logging_mixin.py:109} INFO - [2022-11-02 00:32:12,843] {dag.py:2398} INFO - Sync 1 DAGs
[2022-11-02 00:32:12,887] {processor.py:171} INFO - Processing /opt/airflow/dags/dag_combustivel.py took 0.479 seconds
[2022-11-02 00:32:42,937] {processor.py:163} INFO - Started process (PID=5957) to work on /opt/airflow/dags/dag_combustivel.py
[2022-11-02 00:32:42,940] {processor.py:642} INFO - Processing file /opt/airflow/dags/dag_combustivel.py for tasks to queue
[2022-11-02 00:32:42,942] {logging_mixin.py:109} INFO - [2022-11-02 00:32:42,942] {dagbag.py:500} INFO - Filling up the DagBag from /opt/airflow/dags/dag_combustivel.py
[2022-11-02 00:32:43,273] {processor.py:654} INFO - DAG(s) dict_keys(['dag_combustivel']) retrieved from /opt/airflow/dags/dag_combustivel.py
[2022-11-02 00:32:43,299] {logging_mixin.py:109} INFO - [2022-11-02 00:32:43,299] {dag.py:2398} INFO - Sync 1 DAGs
[2022-11-02 00:32:43,337] {logging_mixin.py:109} INFO - [2022-11-02 00:32:43,337] {dag.py:2937} INFO - Setting next_dagrun for dag_combustivel to 2004-07-01T00:00:00+00:00
[2022-11-02 00:32:43,354] {processor.py:171} INFO - Processing /opt/airflow/dags/dag_combustivel.py took 0.424 seconds
[2022-11-02 00:33:13,968] {processor.py:163} INFO - Started process (PID=6009) to work on /opt/airflow/dags/dag_combustivel.py
[2022-11-02 00:33:13,971] {processor.py:642} INFO - Processing file /opt/airflow/dags/dag_combustivel.py for tasks to queue
[2022-11-02 00:33:13,973] {logging_mixin.py:109} INFO - [2022-11-02 00:33:13,972] {dagbag.py:500} INFO - Filling up the DagBag from /opt/airflow/dags/dag_combustivel.py
[2022-11-02 00:33:14,336] {processor.py:654} INFO - DAG(s) dict_keys(['dag_combustivel']) retrieved from /opt/airflow/dags/dag_combustivel.py
[2022-11-02 00:33:14,352] {logging_mixin.py:109} INFO - [2022-11-02 00:33:14,351] {dag.py:2398} INFO - Sync 1 DAGs
[2022-11-02 00:33:14,399] {processor.py:171} INFO - Processing /opt/airflow/dags/dag_combustivel.py took 0.439 seconds
[2022-11-02 00:33:44,789] {processor.py:163} INFO - Started process (PID=6061) to work on /opt/airflow/dags/dag_combustivel.py
[2022-11-02 00:33:44,793] {processor.py:642} INFO - Processing file /opt/airflow/dags/dag_combustivel.py for tasks to queue
[2022-11-02 00:33:44,798] {logging_mixin.py:109} INFO - [2022-11-02 00:33:44,797] {dagbag.py:500} INFO - Filling up the DagBag from /opt/airflow/dags/dag_combustivel.py
[2022-11-02 00:33:45,293] {processor.py:654} INFO - DAG(s) dict_keys(['dag_combustivel']) retrieved from /opt/airflow/dags/dag_combustivel.py
[2022-11-02 00:33:45,324] {logging_mixin.py:109} INFO - [2022-11-02 00:33:45,324] {dag.py:2398} INFO - Sync 1 DAGs
[2022-11-02 00:33:45,380] {processor.py:171} INFO - Processing /opt/airflow/dags/dag_combustivel.py took 0.596 seconds
[2022-11-02 00:34:16,268] {processor.py:163} INFO - Started process (PID=6113) to work on /opt/airflow/dags/dag_combustivel.py
[2022-11-02 00:34:16,275] {processor.py:642} INFO - Processing file /opt/airflow/dags/dag_combustivel.py for tasks to queue
[2022-11-02 00:34:16,278] {logging_mixin.py:109} INFO - [2022-11-02 00:34:16,278] {dagbag.py:500} INFO - Filling up the DagBag from /opt/airflow/dags/dag_combustivel.py
[2022-11-02 00:34:16,882] {processor.py:654} INFO - DAG(s) dict_keys(['dag_combustivel']) retrieved from /opt/airflow/dags/dag_combustivel.py
[2022-11-02 00:34:16,937] {logging_mixin.py:109} INFO - [2022-11-02 00:34:16,936] {dag.py:2398} INFO - Sync 1 DAGs
[2022-11-02 00:34:16,987] {logging_mixin.py:109} INFO - [2022-11-02 00:34:16,987] {dag.py:2937} INFO - Setting next_dagrun for dag_combustivel to 2005-01-01T00:00:00+00:00
[2022-11-02 00:34:17,028] {processor.py:171} INFO - Processing /opt/airflow/dags/dag_combustivel.py took 0.768 seconds
[2022-11-02 00:34:47,918] {processor.py:163} INFO - Started process (PID=6165) to work on /opt/airflow/dags/dag_combustivel.py
[2022-11-02 00:34:47,921] {processor.py:642} INFO - Processing file /opt/airflow/dags/dag_combustivel.py for tasks to queue
[2022-11-02 00:34:47,925] {logging_mixin.py:109} INFO - [2022-11-02 00:34:47,924] {dagbag.py:500} INFO - Filling up the DagBag from /opt/airflow/dags/dag_combustivel.py
[2022-11-02 00:34:48,536] {processor.py:654} INFO - DAG(s) dict_keys(['dag_combustivel']) retrieved from /opt/airflow/dags/dag_combustivel.py
[2022-11-02 00:34:48,579] {logging_mixin.py:109} INFO - [2022-11-02 00:34:48,578] {dag.py:2398} INFO - Sync 1 DAGs
[2022-11-02 00:34:48,679] {processor.py:171} INFO - Processing /opt/airflow/dags/dag_combustivel.py took 0.768 seconds
[2022-11-02 00:35:18,769] {processor.py:163} INFO - Started process (PID=6226) to work on /opt/airflow/dags/dag_combustivel.py
[2022-11-02 00:35:18,772] {processor.py:642} INFO - Processing file /opt/airflow/dags/dag_combustivel.py for tasks to queue
[2022-11-02 00:35:18,774] {logging_mixin.py:109} INFO - [2022-11-02 00:35:18,774] {dagbag.py:500} INFO - Filling up the DagBag from /opt/airflow/dags/dag_combustivel.py
[2022-11-02 00:35:19,188] {processor.py:654} INFO - DAG(s) dict_keys(['dag_combustivel']) retrieved from /opt/airflow/dags/dag_combustivel.py
[2022-11-02 00:35:19,212] {logging_mixin.py:109} INFO - [2022-11-02 00:35:19,211] {dag.py:2398} INFO - Sync 1 DAGs
[2022-11-02 00:35:19,250] {processor.py:171} INFO - Processing /opt/airflow/dags/dag_combustivel.py took 0.487 seconds
[2022-11-02 00:35:49,366] {processor.py:163} INFO - Started process (PID=6278) to work on /opt/airflow/dags/dag_combustivel.py
[2022-11-02 00:35:49,370] {processor.py:642} INFO - Processing file /opt/airflow/dags/dag_combustivel.py for tasks to queue
[2022-11-02 00:35:49,373] {logging_mixin.py:109} INFO - [2022-11-02 00:35:49,373] {dagbag.py:500} INFO - Filling up the DagBag from /opt/airflow/dags/dag_combustivel.py
[2022-11-02 00:35:49,763] {processor.py:654} INFO - DAG(s) dict_keys(['dag_combustivel']) retrieved from /opt/airflow/dags/dag_combustivel.py
[2022-11-02 00:35:49,778] {logging_mixin.py:109} INFO - [2022-11-02 00:35:49,777] {dag.py:2398} INFO - Sync 1 DAGs
[2022-11-02 00:35:49,813] {processor.py:171} INFO - Processing /opt/airflow/dags/dag_combustivel.py took 0.452 seconds
[2022-11-02 00:36:20,084] {processor.py:163} INFO - Started process (PID=6330) to work on /opt/airflow/dags/dag_combustivel.py
[2022-11-02 00:36:20,086] {processor.py:642} INFO - Processing file /opt/airflow/dags/dag_combustivel.py for tasks to queue
[2022-11-02 00:36:20,088] {logging_mixin.py:109} INFO - [2022-11-02 00:36:20,088] {dagbag.py:500} INFO - Filling up the DagBag from /opt/airflow/dags/dag_combustivel.py
[2022-11-02 00:36:20,436] {processor.py:654} INFO - DAG(s) dict_keys(['dag_combustivel']) retrieved from /opt/airflow/dags/dag_combustivel.py
[2022-11-02 00:36:20,452] {logging_mixin.py:109} INFO - [2022-11-02 00:36:20,452] {dag.py:2398} INFO - Sync 1 DAGs
[2022-11-02 00:36:20,483] {processor.py:171} INFO - Processing /opt/airflow/dags/dag_combustivel.py took 0.404 seconds
[2022-11-02 00:36:50,799] {processor.py:163} INFO - Started process (PID=6383) to work on /opt/airflow/dags/dag_combustivel.py
[2022-11-02 00:36:50,803] {processor.py:642} INFO - Processing file /opt/airflow/dags/dag_combustivel.py for tasks to queue
[2022-11-02 00:36:50,807] {logging_mixin.py:109} INFO - [2022-11-02 00:36:50,807] {dagbag.py:500} INFO - Filling up the DagBag from /opt/airflow/dags/dag_combustivel.py
[2022-11-02 00:36:51,324] {processor.py:654} INFO - DAG(s) dict_keys(['dag_combustivel']) retrieved from /opt/airflow/dags/dag_combustivel.py
[2022-11-02 00:36:51,347] {logging_mixin.py:109} INFO - [2022-11-02 00:36:51,346] {dag.py:2398} INFO - Sync 1 DAGs
[2022-11-02 00:36:51,392] {processor.py:171} INFO - Processing /opt/airflow/dags/dag_combustivel.py took 0.601 seconds
[2022-11-02 00:37:22,399] {processor.py:163} INFO - Started process (PID=6435) to work on /opt/airflow/dags/dag_combustivel.py
[2022-11-02 00:37:22,403] {processor.py:642} INFO - Processing file /opt/airflow/dags/dag_combustivel.py for tasks to queue
[2022-11-02 00:37:22,407] {logging_mixin.py:109} INFO - [2022-11-02 00:37:22,407] {dagbag.py:500} INFO - Filling up the DagBag from /opt/airflow/dags/dag_combustivel.py
[2022-11-02 00:37:23,007] {processor.py:654} INFO - DAG(s) dict_keys(['dag_combustivel']) retrieved from /opt/airflow/dags/dag_combustivel.py
[2022-11-02 00:37:23,031] {logging_mixin.py:109} INFO - [2022-11-02 00:37:23,030] {dag.py:2398} INFO - Sync 1 DAGs
[2022-11-02 00:37:23,110] {processor.py:171} INFO - Processing /opt/airflow/dags/dag_combustivel.py took 0.717 seconds
[2022-11-02 00:37:53,515] {processor.py:163} INFO - Started process (PID=6487) to work on /opt/airflow/dags/dag_combustivel.py
[2022-11-02 00:37:53,520] {processor.py:642} INFO - Processing file /opt/airflow/dags/dag_combustivel.py for tasks to queue
[2022-11-02 00:37:53,528] {logging_mixin.py:109} INFO - [2022-11-02 00:37:53,528] {dagbag.py:500} INFO - Filling up the DagBag from /opt/airflow/dags/dag_combustivel.py
[2022-11-02 00:37:54,246] {processor.py:654} INFO - DAG(s) dict_keys(['dag_combustivel']) retrieved from /opt/airflow/dags/dag_combustivel.py
[2022-11-02 00:37:54,276] {logging_mixin.py:109} INFO - [2022-11-02 00:37:54,276] {dag.py:2398} INFO - Sync 1 DAGs
[2022-11-02 00:37:54,369] {processor.py:171} INFO - Processing /opt/airflow/dags/dag_combustivel.py took 0.875 seconds
[2022-11-02 00:38:24,903] {processor.py:163} INFO - Started process (PID=6542) to work on /opt/airflow/dags/dag_combustivel.py
[2022-11-02 00:38:24,912] {processor.py:642} INFO - Processing file /opt/airflow/dags/dag_combustivel.py for tasks to queue
[2022-11-02 00:38:24,920] {logging_mixin.py:109} INFO - [2022-11-02 00:38:24,916] {dagbag.py:500} INFO - Filling up the DagBag from /opt/airflow/dags/dag_combustivel.py
[2022-11-02 00:38:25,849] {processor.py:654} INFO - DAG(s) dict_keys(['dag_combustivel']) retrieved from /opt/airflow/dags/dag_combustivel.py
[2022-11-02 00:38:25,889] {logging_mixin.py:109} INFO - [2022-11-02 00:38:25,889] {dag.py:2398} INFO - Sync 1 DAGs
[2022-11-02 00:38:25,976] {processor.py:171} INFO - Processing /opt/airflow/dags/dag_combustivel.py took 1.086 seconds
[2022-11-02 00:38:56,480] {processor.py:163} INFO - Started process (PID=6593) to work on /opt/airflow/dags/dag_combustivel.py
[2022-11-02 00:38:56,488] {processor.py:642} INFO - Processing file /opt/airflow/dags/dag_combustivel.py for tasks to queue
[2022-11-02 00:38:56,499] {logging_mixin.py:109} INFO - [2022-11-02 00:38:56,498] {dagbag.py:500} INFO - Filling up the DagBag from /opt/airflow/dags/dag_combustivel.py
[2022-11-02 00:38:57,876] {processor.py:654} INFO - DAG(s) dict_keys(['dag_combustivel']) retrieved from /opt/airflow/dags/dag_combustivel.py
[2022-11-02 00:38:57,904] {logging_mixin.py:109} INFO - [2022-11-02 00:38:57,902] {dag.py:2398} INFO - Sync 1 DAGs
[2022-11-02 00:38:57,979] {processor.py:171} INFO - Processing /opt/airflow/dags/dag_combustivel.py took 1.507 seconds
[2022-11-02 00:39:29,181] {processor.py:163} INFO - Started process (PID=6646) to work on /opt/airflow/dags/dag_combustivel.py
[2022-11-02 00:39:29,194] {processor.py:642} INFO - Processing file /opt/airflow/dags/dag_combustivel.py for tasks to queue
[2022-11-02 00:39:29,206] {logging_mixin.py:109} INFO - [2022-11-02 00:39:29,206] {dagbag.py:500} INFO - Filling up the DagBag from /opt/airflow/dags/dag_combustivel.py
[2022-11-02 00:39:30,591] {processor.py:654} INFO - DAG(s) dict_keys(['dag_combustivel']) retrieved from /opt/airflow/dags/dag_combustivel.py
[2022-11-02 00:39:30,748] {logging_mixin.py:109} INFO - [2022-11-02 00:39:30,736] {dag.py:2398} INFO - Sync 1 DAGs
[2022-11-02 00:39:30,931] {processor.py:171} INFO - Processing /opt/airflow/dags/dag_combustivel.py took 1.810 seconds
[2022-11-02 00:40:01,104] {processor.py:163} INFO - Started process (PID=6691) to work on /opt/airflow/dags/dag_combustivel.py
[2022-11-02 00:40:01,110] {processor.py:642} INFO - Processing file /opt/airflow/dags/dag_combustivel.py for tasks to queue
[2022-11-02 00:40:01,113] {logging_mixin.py:109} INFO - [2022-11-02 00:40:01,113] {dagbag.py:500} INFO - Filling up the DagBag from /opt/airflow/dags/dag_combustivel.py
[2022-11-02 00:40:01,547] {processor.py:654} INFO - DAG(s) dict_keys(['dag_combustivel']) retrieved from /opt/airflow/dags/dag_combustivel.py
[2022-11-02 00:40:01,565] {logging_mixin.py:109} INFO - [2022-11-02 00:40:01,564] {dag.py:2398} INFO - Sync 1 DAGs
[2022-11-02 00:40:01,602] {processor.py:171} INFO - Processing /opt/airflow/dags/dag_combustivel.py took 0.505 seconds
[2022-11-02 00:40:32,516] {processor.py:163} INFO - Started process (PID=6746) to work on /opt/airflow/dags/dag_combustivel.py
[2022-11-02 00:40:32,518] {processor.py:642} INFO - Processing file /opt/airflow/dags/dag_combustivel.py for tasks to queue
[2022-11-02 00:40:32,520] {logging_mixin.py:109} INFO - [2022-11-02 00:40:32,519] {dagbag.py:500} INFO - Filling up the DagBag from /opt/airflow/dags/dag_combustivel.py
[2022-11-02 00:40:33,057] {processor.py:654} INFO - DAG(s) dict_keys(['dag_combustivel']) retrieved from /opt/airflow/dags/dag_combustivel.py
[2022-11-02 00:40:33,086] {logging_mixin.py:109} INFO - [2022-11-02 00:40:33,085] {dag.py:2398} INFO - Sync 1 DAGs
[2022-11-02 00:40:33,141] {processor.py:171} INFO - Processing /opt/airflow/dags/dag_combustivel.py took 0.632 seconds
[2022-11-02 00:41:03,353] {processor.py:163} INFO - Started process (PID=6798) to work on /opt/airflow/dags/dag_combustivel.py
[2022-11-02 00:41:03,356] {processor.py:642} INFO - Processing file /opt/airflow/dags/dag_combustivel.py for tasks to queue
[2022-11-02 00:41:03,359] {logging_mixin.py:109} INFO - [2022-11-02 00:41:03,358] {dagbag.py:500} INFO - Filling up the DagBag from /opt/airflow/dags/dag_combustivel.py
[2022-11-02 00:41:03,698] {processor.py:654} INFO - DAG(s) dict_keys(['dag_combustivel']) retrieved from /opt/airflow/dags/dag_combustivel.py
[2022-11-02 00:41:03,716] {logging_mixin.py:109} INFO - [2022-11-02 00:41:03,715] {dag.py:2398} INFO - Sync 1 DAGs
[2022-11-02 00:41:03,748] {processor.py:171} INFO - Processing /opt/airflow/dags/dag_combustivel.py took 0.400 seconds
[2022-11-02 00:41:33,828] {processor.py:163} INFO - Started process (PID=6861) to work on /opt/airflow/dags/dag_combustivel.py
[2022-11-02 00:41:33,833] {processor.py:642} INFO - Processing file /opt/airflow/dags/dag_combustivel.py for tasks to queue
[2022-11-02 00:41:33,834] {logging_mixin.py:109} INFO - [2022-11-02 00:41:33,834] {dagbag.py:500} INFO - Filling up the DagBag from /opt/airflow/dags/dag_combustivel.py
[2022-11-02 00:41:34,247] {processor.py:654} INFO - DAG(s) dict_keys(['dag_combustivel']) retrieved from /opt/airflow/dags/dag_combustivel.py
[2022-11-02 00:41:34,267] {logging_mixin.py:109} INFO - [2022-11-02 00:41:34,267] {dag.py:2398} INFO - Sync 1 DAGs
[2022-11-02 00:41:34,310] {processor.py:171} INFO - Processing /opt/airflow/dags/dag_combustivel.py took 0.487 seconds
[2022-11-02 00:42:05,056] {processor.py:163} INFO - Started process (PID=6915) to work on /opt/airflow/dags/dag_combustivel.py
[2022-11-02 00:42:05,059] {processor.py:642} INFO - Processing file /opt/airflow/dags/dag_combustivel.py for tasks to queue
[2022-11-02 00:42:05,062] {logging_mixin.py:109} INFO - [2022-11-02 00:42:05,061] {dagbag.py:500} INFO - Filling up the DagBag from /opt/airflow/dags/dag_combustivel.py
[2022-11-02 00:42:05,578] {processor.py:654} INFO - DAG(s) dict_keys(['dag_combustivel']) retrieved from /opt/airflow/dags/dag_combustivel.py
[2022-11-02 00:42:05,604] {logging_mixin.py:109} INFO - [2022-11-02 00:42:05,604] {dag.py:2398} INFO - Sync 1 DAGs
[2022-11-02 00:42:05,638] {processor.py:171} INFO - Processing /opt/airflow/dags/dag_combustivel.py took 0.588 seconds
[2022-11-02 00:42:36,136] {processor.py:163} INFO - Started process (PID=6968) to work on /opt/airflow/dags/dag_combustivel.py
[2022-11-02 00:42:36,139] {processor.py:642} INFO - Processing file /opt/airflow/dags/dag_combustivel.py for tasks to queue
[2022-11-02 00:42:36,143] {logging_mixin.py:109} INFO - [2022-11-02 00:42:36,143] {dagbag.py:500} INFO - Filling up the DagBag from /opt/airflow/dags/dag_combustivel.py
[2022-11-02 00:42:36,713] {processor.py:654} INFO - DAG(s) dict_keys(['dag_combustivel']) retrieved from /opt/airflow/dags/dag_combustivel.py
[2022-11-02 00:42:36,740] {logging_mixin.py:109} INFO - [2022-11-02 00:42:36,740] {dag.py:2398} INFO - Sync 1 DAGs
[2022-11-02 00:42:36,796] {processor.py:171} INFO - Processing /opt/airflow/dags/dag_combustivel.py took 0.666 seconds
[2022-11-02 00:43:07,156] {processor.py:163} INFO - Started process (PID=7020) to work on /opt/airflow/dags/dag_combustivel.py
[2022-11-02 00:43:07,169] {processor.py:642} INFO - Processing file /opt/airflow/dags/dag_combustivel.py for tasks to queue
[2022-11-02 00:43:07,174] {logging_mixin.py:109} INFO - [2022-11-02 00:43:07,174] {dagbag.py:500} INFO - Filling up the DagBag from /opt/airflow/dags/dag_combustivel.py
[2022-11-02 00:43:07,625] {processor.py:654} INFO - DAG(s) dict_keys(['dag_combustivel']) retrieved from /opt/airflow/dags/dag_combustivel.py
[2022-11-02 00:43:07,646] {logging_mixin.py:109} INFO - [2022-11-02 00:43:07,645] {dag.py:2398} INFO - Sync 1 DAGs
[2022-11-02 00:43:07,689] {processor.py:171} INFO - Processing /opt/airflow/dags/dag_combustivel.py took 0.544 seconds
[2022-11-02 00:43:37,830] {processor.py:163} INFO - Started process (PID=7072) to work on /opt/airflow/dags/dag_combustivel.py
[2022-11-02 00:43:37,835] {processor.py:642} INFO - Processing file /opt/airflow/dags/dag_combustivel.py for tasks to queue
[2022-11-02 00:43:37,841] {logging_mixin.py:109} INFO - [2022-11-02 00:43:37,840] {dagbag.py:500} INFO - Filling up the DagBag from /opt/airflow/dags/dag_combustivel.py
[2022-11-02 00:43:38,456] {processor.py:654} INFO - DAG(s) dict_keys(['dag_combustivel']) retrieved from /opt/airflow/dags/dag_combustivel.py
[2022-11-02 00:43:38,476] {logging_mixin.py:109} INFO - [2022-11-02 00:43:38,476] {dag.py:2398} INFO - Sync 1 DAGs
[2022-11-02 00:43:38,524] {processor.py:171} INFO - Processing /opt/airflow/dags/dag_combustivel.py took 0.704 seconds
[2022-11-02 00:44:08,622] {processor.py:163} INFO - Started process (PID=7135) to work on /opt/airflow/dags/dag_combustivel.py
[2022-11-02 00:44:08,625] {processor.py:642} INFO - Processing file /opt/airflow/dags/dag_combustivel.py for tasks to queue
[2022-11-02 00:44:08,631] {logging_mixin.py:109} INFO - [2022-11-02 00:44:08,631] {dagbag.py:500} INFO - Filling up the DagBag from /opt/airflow/dags/dag_combustivel.py
[2022-11-02 00:44:09,037] {processor.py:654} INFO - DAG(s) dict_keys(['dag_combustivel']) retrieved from /opt/airflow/dags/dag_combustivel.py
[2022-11-02 00:44:09,053] {logging_mixin.py:109} INFO - [2022-11-02 00:44:09,053] {dag.py:2398} INFO - Sync 1 DAGs
[2022-11-02 00:44:09,095] {processor.py:171} INFO - Processing /opt/airflow/dags/dag_combustivel.py took 0.478 seconds
[2022-11-02 00:44:39,686] {processor.py:163} INFO - Started process (PID=7187) to work on /opt/airflow/dags/dag_combustivel.py
[2022-11-02 00:44:39,688] {processor.py:642} INFO - Processing file /opt/airflow/dags/dag_combustivel.py for tasks to queue
[2022-11-02 00:44:39,690] {logging_mixin.py:109} INFO - [2022-11-02 00:44:39,690] {dagbag.py:500} INFO - Filling up the DagBag from /opt/airflow/dags/dag_combustivel.py
[2022-11-02 00:44:39,995] {processor.py:654} INFO - DAG(s) dict_keys(['dag_combustivel']) retrieved from /opt/airflow/dags/dag_combustivel.py
[2022-11-02 00:44:40,010] {logging_mixin.py:109} INFO - [2022-11-02 00:44:40,009] {dag.py:2398} INFO - Sync 1 DAGs
[2022-11-02 00:44:40,036] {processor.py:171} INFO - Processing /opt/airflow/dags/dag_combustivel.py took 0.360 seconds
[2022-11-02 00:45:10,265] {processor.py:163} INFO - Started process (PID=7240) to work on /opt/airflow/dags/dag_combustivel.py
[2022-11-02 00:45:10,267] {processor.py:642} INFO - Processing file /opt/airflow/dags/dag_combustivel.py for tasks to queue
[2022-11-02 00:45:10,270] {logging_mixin.py:109} INFO - [2022-11-02 00:45:10,269] {dagbag.py:500} INFO - Filling up the DagBag from /opt/airflow/dags/dag_combustivel.py
[2022-11-02 00:45:10,663] {processor.py:654} INFO - DAG(s) dict_keys(['dag_combustivel']) retrieved from /opt/airflow/dags/dag_combustivel.py
[2022-11-02 00:45:10,676] {logging_mixin.py:109} INFO - [2022-11-02 00:45:10,676] {dag.py:2398} INFO - Sync 1 DAGs
[2022-11-02 00:45:10,704] {processor.py:171} INFO - Processing /opt/airflow/dags/dag_combustivel.py took 0.445 seconds
[2022-11-02 00:45:40,746] {processor.py:163} INFO - Started process (PID=7292) to work on /opt/airflow/dags/dag_combustivel.py
[2022-11-02 00:45:40,752] {processor.py:642} INFO - Processing file /opt/airflow/dags/dag_combustivel.py for tasks to queue
[2022-11-02 00:45:40,754] {logging_mixin.py:109} INFO - [2022-11-02 00:45:40,754] {dagbag.py:500} INFO - Filling up the DagBag from /opt/airflow/dags/dag_combustivel.py
[2022-11-02 00:45:41,064] {processor.py:654} INFO - DAG(s) dict_keys(['dag_combustivel']) retrieved from /opt/airflow/dags/dag_combustivel.py
[2022-11-02 00:45:41,077] {logging_mixin.py:109} INFO - [2022-11-02 00:45:41,077] {dag.py:2398} INFO - Sync 1 DAGs
[2022-11-02 00:45:41,108] {processor.py:171} INFO - Processing /opt/airflow/dags/dag_combustivel.py took 0.369 seconds
[2022-11-02 00:46:11,485] {processor.py:163} INFO - Started process (PID=7353) to work on /opt/airflow/dags/dag_combustivel.py
[2022-11-02 00:46:11,489] {processor.py:642} INFO - Processing file /opt/airflow/dags/dag_combustivel.py for tasks to queue
[2022-11-02 00:46:11,491] {logging_mixin.py:109} INFO - [2022-11-02 00:46:11,491] {dagbag.py:500} INFO - Filling up the DagBag from /opt/airflow/dags/dag_combustivel.py
[2022-11-02 00:46:11,987] {processor.py:654} INFO - DAG(s) dict_keys(['dag_combustivel']) retrieved from /opt/airflow/dags/dag_combustivel.py
[2022-11-02 00:46:12,017] {logging_mixin.py:109} INFO - [2022-11-02 00:46:12,015] {dag.py:2398} INFO - Sync 1 DAGs
[2022-11-02 00:46:12,083] {processor.py:171} INFO - Processing /opt/airflow/dags/dag_combustivel.py took 0.605 seconds
[2022-11-02 00:46:42,214] {processor.py:163} INFO - Started process (PID=7406) to work on /opt/airflow/dags/dag_combustivel.py
[2022-11-02 00:46:42,218] {processor.py:642} INFO - Processing file /opt/airflow/dags/dag_combustivel.py for tasks to queue
[2022-11-02 00:46:42,222] {logging_mixin.py:109} INFO - [2022-11-02 00:46:42,222] {dagbag.py:500} INFO - Filling up the DagBag from /opt/airflow/dags/dag_combustivel.py
[2022-11-02 00:46:42,534] {processor.py:654} INFO - DAG(s) dict_keys(['dag_combustivel']) retrieved from /opt/airflow/dags/dag_combustivel.py
[2022-11-02 00:46:42,553] {logging_mixin.py:109} INFO - [2022-11-02 00:46:42,552] {dag.py:2398} INFO - Sync 1 DAGs
[2022-11-02 00:46:42,593] {processor.py:171} INFO - Processing /opt/airflow/dags/dag_combustivel.py took 0.386 seconds
[2022-11-02 00:47:13,082] {processor.py:163} INFO - Started process (PID=7458) to work on /opt/airflow/dags/dag_combustivel.py
[2022-11-02 00:47:13,088] {processor.py:642} INFO - Processing file /opt/airflow/dags/dag_combustivel.py for tasks to queue
[2022-11-02 00:47:13,092] {logging_mixin.py:109} INFO - [2022-11-02 00:47:13,091] {dagbag.py:500} INFO - Filling up the DagBag from /opt/airflow/dags/dag_combustivel.py
[2022-11-02 00:47:14,074] {processor.py:654} INFO - DAG(s) dict_keys(['dag_combustivel']) retrieved from /opt/airflow/dags/dag_combustivel.py
[2022-11-02 00:47:14,156] {logging_mixin.py:109} INFO - [2022-11-02 00:47:14,155] {dag.py:2398} INFO - Sync 1 DAGs
[2022-11-02 00:47:14,236] {processor.py:171} INFO - Processing /opt/airflow/dags/dag_combustivel.py took 1.164 seconds
[2022-11-02 00:47:44,370] {processor.py:163} INFO - Started process (PID=7510) to work on /opt/airflow/dags/dag_combustivel.py
[2022-11-02 00:47:44,375] {processor.py:642} INFO - Processing file /opt/airflow/dags/dag_combustivel.py for tasks to queue
[2022-11-02 00:47:44,381] {logging_mixin.py:109} INFO - [2022-11-02 00:47:44,380] {dagbag.py:500} INFO - Filling up the DagBag from /opt/airflow/dags/dag_combustivel.py
[2022-11-02 00:47:44,873] {processor.py:654} INFO - DAG(s) dict_keys(['dag_combustivel']) retrieved from /opt/airflow/dags/dag_combustivel.py
[2022-11-02 00:47:44,895] {logging_mixin.py:109} INFO - [2022-11-02 00:47:44,895] {dag.py:2398} INFO - Sync 1 DAGs
[2022-11-02 00:47:44,934] {processor.py:171} INFO - Processing /opt/airflow/dags/dag_combustivel.py took 0.576 seconds
[2022-11-02 00:48:15,440] {processor.py:163} INFO - Started process (PID=7560) to work on /opt/airflow/dags/dag_combustivel.py
[2022-11-02 00:48:15,447] {processor.py:642} INFO - Processing file /opt/airflow/dags/dag_combustivel.py for tasks to queue
[2022-11-02 00:48:15,451] {logging_mixin.py:109} INFO - [2022-11-02 00:48:15,450] {dagbag.py:500} INFO - Filling up the DagBag from /opt/airflow/dags/dag_combustivel.py
[2022-11-02 00:48:16,043] {processor.py:654} INFO - DAG(s) dict_keys(['dag_combustivel']) retrieved from /opt/airflow/dags/dag_combustivel.py
[2022-11-02 00:48:16,077] {logging_mixin.py:109} INFO - [2022-11-02 00:48:16,076] {dag.py:2398} INFO - Sync 1 DAGs
[2022-11-02 00:48:16,154] {processor.py:171} INFO - Processing /opt/airflow/dags/dag_combustivel.py took 0.728 seconds
[2022-11-02 00:48:46,609] {processor.py:163} INFO - Started process (PID=7602) to work on /opt/airflow/dags/dag_combustivel.py
[2022-11-02 00:48:46,618] {processor.py:642} INFO - Processing file /opt/airflow/dags/dag_combustivel.py for tasks to queue
[2022-11-02 00:48:46,621] {logging_mixin.py:109} INFO - [2022-11-02 00:48:46,621] {dagbag.py:500} INFO - Filling up the DagBag from /opt/airflow/dags/dag_combustivel.py
[2022-11-02 00:48:47,628] {processor.py:654} INFO - DAG(s) dict_keys(['dag_combustivel']) retrieved from /opt/airflow/dags/dag_combustivel.py
[2022-11-02 00:48:47,675] {logging_mixin.py:109} INFO - [2022-11-02 00:48:47,673] {dag.py:2398} INFO - Sync 1 DAGs
[2022-11-02 00:48:47,753] {processor.py:171} INFO - Processing /opt/airflow/dags/dag_combustivel.py took 1.182 seconds
[2022-11-02 00:49:18,115] {processor.py:163} INFO - Started process (PID=7654) to work on /opt/airflow/dags/dag_combustivel.py
[2022-11-02 00:49:18,120] {processor.py:642} INFO - Processing file /opt/airflow/dags/dag_combustivel.py for tasks to queue
[2022-11-02 00:49:18,124] {logging_mixin.py:109} INFO - [2022-11-02 00:49:18,124] {dagbag.py:500} INFO - Filling up the DagBag from /opt/airflow/dags/dag_combustivel.py
[2022-11-02 00:49:18,624] {processor.py:654} INFO - DAG(s) dict_keys(['dag_combustivel']) retrieved from /opt/airflow/dags/dag_combustivel.py
[2022-11-02 00:49:18,648] {logging_mixin.py:109} INFO - [2022-11-02 00:49:18,647] {dag.py:2398} INFO - Sync 1 DAGs
[2022-11-02 00:49:18,685] {processor.py:171} INFO - Processing /opt/airflow/dags/dag_combustivel.py took 0.577 seconds
[2022-11-02 00:49:49,487] {processor.py:163} INFO - Started process (PID=7715) to work on /opt/airflow/dags/dag_combustivel.py
[2022-11-02 00:49:49,489] {processor.py:642} INFO - Processing file /opt/airflow/dags/dag_combustivel.py for tasks to queue
[2022-11-02 00:49:49,491] {logging_mixin.py:109} INFO - [2022-11-02 00:49:49,491] {dagbag.py:500} INFO - Filling up the DagBag from /opt/airflow/dags/dag_combustivel.py
[2022-11-02 00:49:49,869] {processor.py:654} INFO - DAG(s) dict_keys(['dag_combustivel']) retrieved from /opt/airflow/dags/dag_combustivel.py
[2022-11-02 00:49:49,889] {logging_mixin.py:109} INFO - [2022-11-02 00:49:49,889] {dag.py:2398} INFO - Sync 1 DAGs
[2022-11-02 00:49:49,922] {processor.py:171} INFO - Processing /opt/airflow/dags/dag_combustivel.py took 0.441 seconds
[2022-11-02 00:50:20,415] {processor.py:163} INFO - Started process (PID=7768) to work on /opt/airflow/dags/dag_combustivel.py
[2022-11-02 00:50:20,420] {processor.py:642} INFO - Processing file /opt/airflow/dags/dag_combustivel.py for tasks to queue
[2022-11-02 00:50:20,422] {logging_mixin.py:109} INFO - [2022-11-02 00:50:20,422] {dagbag.py:500} INFO - Filling up the DagBag from /opt/airflow/dags/dag_combustivel.py
[2022-11-02 00:50:20,872] {processor.py:654} INFO - DAG(s) dict_keys(['dag_combustivel']) retrieved from /opt/airflow/dags/dag_combustivel.py
[2022-11-02 00:50:20,896] {logging_mixin.py:109} INFO - [2022-11-02 00:50:20,895] {dag.py:2398} INFO - Sync 1 DAGs
[2022-11-02 00:50:20,948] {processor.py:171} INFO - Processing /opt/airflow/dags/dag_combustivel.py took 0.539 seconds
[2022-11-02 00:50:51,976] {processor.py:163} INFO - Started process (PID=7820) to work on /opt/airflow/dags/dag_combustivel.py
[2022-11-02 00:50:51,993] {processor.py:642} INFO - Processing file /opt/airflow/dags/dag_combustivel.py for tasks to queue
[2022-11-02 00:50:51,999] {logging_mixin.py:109} INFO - [2022-11-02 00:50:51,998] {dagbag.py:500} INFO - Filling up the DagBag from /opt/airflow/dags/dag_combustivel.py
[2022-11-02 00:50:53,332] {processor.py:654} INFO - DAG(s) dict_keys(['dag_combustivel']) retrieved from /opt/airflow/dags/dag_combustivel.py
[2022-11-02 00:50:53,369] {logging_mixin.py:109} INFO - [2022-11-02 00:50:53,369] {dag.py:2398} INFO - Sync 1 DAGs
[2022-11-02 00:50:53,467] {processor.py:171} INFO - Processing /opt/airflow/dags/dag_combustivel.py took 1.500 seconds
[2022-11-02 00:51:23,874] {processor.py:163} INFO - Started process (PID=7864) to work on /opt/airflow/dags/dag_combustivel.py
[2022-11-02 00:51:23,884] {processor.py:642} INFO - Processing file /opt/airflow/dags/dag_combustivel.py for tasks to queue
[2022-11-02 00:51:23,893] {logging_mixin.py:109} INFO - [2022-11-02 00:51:23,892] {dagbag.py:500} INFO - Filling up the DagBag from /opt/airflow/dags/dag_combustivel.py
[2022-11-02 00:51:24,481] {processor.py:654} INFO - DAG(s) dict_keys(['dag_combustivel']) retrieved from /opt/airflow/dags/dag_combustivel.py
[2022-11-02 00:51:24,516] {logging_mixin.py:109} INFO - [2022-11-02 00:51:24,516] {dag.py:2398} INFO - Sync 1 DAGs
[2022-11-02 00:51:24,571] {processor.py:171} INFO - Processing /opt/airflow/dags/dag_combustivel.py took 0.710 seconds
[2022-11-02 00:51:55,396] {processor.py:163} INFO - Started process (PID=7927) to work on /opt/airflow/dags/dag_combustivel.py
[2022-11-02 00:51:55,400] {processor.py:642} INFO - Processing file /opt/airflow/dags/dag_combustivel.py for tasks to queue
[2022-11-02 00:51:55,403] {logging_mixin.py:109} INFO - [2022-11-02 00:51:55,402] {dagbag.py:500} INFO - Filling up the DagBag from /opt/airflow/dags/dag_combustivel.py
[2022-11-02 00:51:55,706] {processor.py:654} INFO - DAG(s) dict_keys(['dag_combustivel']) retrieved from /opt/airflow/dags/dag_combustivel.py
[2022-11-02 00:51:55,720] {logging_mixin.py:109} INFO - [2022-11-02 00:51:55,720] {dag.py:2398} INFO - Sync 1 DAGs
[2022-11-02 00:51:55,753] {processor.py:171} INFO - Processing /opt/airflow/dags/dag_combustivel.py took 0.365 seconds
[2022-11-02 00:52:25,815] {processor.py:163} INFO - Started process (PID=7979) to work on /opt/airflow/dags/dag_combustivel.py
[2022-11-02 00:52:25,818] {processor.py:642} INFO - Processing file /opt/airflow/dags/dag_combustivel.py for tasks to queue
[2022-11-02 00:52:25,820] {logging_mixin.py:109} INFO - [2022-11-02 00:52:25,819] {dagbag.py:500} INFO - Filling up the DagBag from /opt/airflow/dags/dag_combustivel.py
[2022-11-02 00:52:26,166] {processor.py:654} INFO - DAG(s) dict_keys(['dag_combustivel']) retrieved from /opt/airflow/dags/dag_combustivel.py
[2022-11-02 00:52:26,192] {logging_mixin.py:109} INFO - [2022-11-02 00:52:26,192] {dag.py:2398} INFO - Sync 1 DAGs
[2022-11-02 00:52:26,228] {processor.py:171} INFO - Processing /opt/airflow/dags/dag_combustivel.py took 0.417 seconds
[2022-11-02 00:52:56,346] {processor.py:163} INFO - Started process (PID=8032) to work on /opt/airflow/dags/dag_combustivel.py
[2022-11-02 00:52:56,348] {processor.py:642} INFO - Processing file /opt/airflow/dags/dag_combustivel.py for tasks to queue
[2022-11-02 00:52:56,350] {logging_mixin.py:109} INFO - [2022-11-02 00:52:56,350] {dagbag.py:500} INFO - Filling up the DagBag from /opt/airflow/dags/dag_combustivel.py
[2022-11-02 00:52:56,737] {processor.py:654} INFO - DAG(s) dict_keys(['dag_combustivel']) retrieved from /opt/airflow/dags/dag_combustivel.py
[2022-11-02 00:52:56,759] {logging_mixin.py:109} INFO - [2022-11-02 00:52:56,759] {dag.py:2398} INFO - Sync 1 DAGs
[2022-11-02 00:52:56,815] {processor.py:171} INFO - Processing /opt/airflow/dags/dag_combustivel.py took 0.475 seconds
[2022-11-02 00:53:27,891] {processor.py:163} INFO - Started process (PID=8084) to work on /opt/airflow/dags/dag_combustivel.py
[2022-11-02 00:53:27,896] {processor.py:642} INFO - Processing file /opt/airflow/dags/dag_combustivel.py for tasks to queue
[2022-11-02 00:53:27,900] {logging_mixin.py:109} INFO - [2022-11-02 00:53:27,899] {dagbag.py:500} INFO - Filling up the DagBag from /opt/airflow/dags/dag_combustivel.py
[2022-11-02 00:53:28,553] {processor.py:654} INFO - DAG(s) dict_keys(['dag_combustivel']) retrieved from /opt/airflow/dags/dag_combustivel.py
[2022-11-02 00:53:28,591] {logging_mixin.py:109} INFO - [2022-11-02 00:53:28,590] {dag.py:2398} INFO - Sync 1 DAGs
[2022-11-02 00:53:28,677] {processor.py:171} INFO - Processing /opt/airflow/dags/dag_combustivel.py took 0.795 seconds
[2022-11-02 00:53:59,345] {processor.py:163} INFO - Started process (PID=8137) to work on /opt/airflow/dags/dag_combustivel.py
[2022-11-02 00:53:59,349] {processor.py:642} INFO - Processing file /opt/airflow/dags/dag_combustivel.py for tasks to queue
[2022-11-02 00:53:59,351] {logging_mixin.py:109} INFO - [2022-11-02 00:53:59,351] {dagbag.py:500} INFO - Filling up the DagBag from /opt/airflow/dags/dag_combustivel.py
[2022-11-02 00:53:59,732] {processor.py:654} INFO - DAG(s) dict_keys(['dag_combustivel']) retrieved from /opt/airflow/dags/dag_combustivel.py
[2022-11-02 00:53:59,747] {logging_mixin.py:109} INFO - [2022-11-02 00:53:59,747] {dag.py:2398} INFO - Sync 1 DAGs
[2022-11-02 00:53:59,776] {processor.py:171} INFO - Processing /opt/airflow/dags/dag_combustivel.py took 0.439 seconds
[2022-11-02 00:54:29,963] {processor.py:163} INFO - Started process (PID=8190) to work on /opt/airflow/dags/dag_combustivel.py
[2022-11-02 00:54:29,967] {processor.py:642} INFO - Processing file /opt/airflow/dags/dag_combustivel.py for tasks to queue
[2022-11-02 00:54:29,969] {logging_mixin.py:109} INFO - [2022-11-02 00:54:29,969] {dagbag.py:500} INFO - Filling up the DagBag from /opt/airflow/dags/dag_combustivel.py
[2022-11-02 00:54:30,243] {processor.py:654} INFO - DAG(s) dict_keys(['dag_combustivel']) retrieved from /opt/airflow/dags/dag_combustivel.py
[2022-11-02 00:54:30,262] {logging_mixin.py:109} INFO - [2022-11-02 00:54:30,262] {dag.py:2398} INFO - Sync 1 DAGs
[2022-11-02 00:54:30,299] {processor.py:171} INFO - Processing /opt/airflow/dags/dag_combustivel.py took 0.340 seconds
[2022-11-02 00:55:00,443] {processor.py:163} INFO - Started process (PID=8250) to work on /opt/airflow/dags/dag_combustivel.py
[2022-11-02 00:55:00,462] {processor.py:642} INFO - Processing file /opt/airflow/dags/dag_combustivel.py for tasks to queue
[2022-11-02 00:55:00,466] {logging_mixin.py:109} INFO - [2022-11-02 00:55:00,466] {dagbag.py:500} INFO - Filling up the DagBag from /opt/airflow/dags/dag_combustivel.py
[2022-11-02 00:55:01,364] {processor.py:654} INFO - DAG(s) dict_keys(['dag_combustivel']) retrieved from /opt/airflow/dags/dag_combustivel.py
[2022-11-02 00:55:01,425] {logging_mixin.py:109} INFO - [2022-11-02 00:55:01,424] {dag.py:2398} INFO - Sync 1 DAGs
[2022-11-02 00:55:01,517] {processor.py:171} INFO - Processing /opt/airflow/dags/dag_combustivel.py took 1.093 seconds
[2022-11-02 00:55:32,139] {processor.py:163} INFO - Started process (PID=8304) to work on /opt/airflow/dags/dag_combustivel.py
[2022-11-02 00:55:32,143] {processor.py:642} INFO - Processing file /opt/airflow/dags/dag_combustivel.py for tasks to queue
[2022-11-02 00:55:32,146] {logging_mixin.py:109} INFO - [2022-11-02 00:55:32,146] {dagbag.py:500} INFO - Filling up the DagBag from /opt/airflow/dags/dag_combustivel.py
[2022-11-02 00:55:32,923] {processor.py:654} INFO - DAG(s) dict_keys(['dag_combustivel']) retrieved from /opt/airflow/dags/dag_combustivel.py
[2022-11-02 00:55:32,943] {logging_mixin.py:109} INFO - [2022-11-02 00:55:32,943] {dag.py:2398} INFO - Sync 1 DAGs
[2022-11-02 00:55:32,986] {processor.py:171} INFO - Processing /opt/airflow/dags/dag_combustivel.py took 0.854 seconds
[2022-11-02 00:56:03,771] {processor.py:163} INFO - Started process (PID=8358) to work on /opt/airflow/dags/dag_combustivel.py
[2022-11-02 00:56:03,774] {processor.py:642} INFO - Processing file /opt/airflow/dags/dag_combustivel.py for tasks to queue
[2022-11-02 00:56:03,776] {logging_mixin.py:109} INFO - [2022-11-02 00:56:03,776] {dagbag.py:500} INFO - Filling up the DagBag from /opt/airflow/dags/dag_combustivel.py
[2022-11-02 00:56:04,416] {processor.py:654} INFO - DAG(s) dict_keys(['dag_combustivel']) retrieved from /opt/airflow/dags/dag_combustivel.py
[2022-11-02 00:56:04,442] {logging_mixin.py:109} INFO - [2022-11-02 00:56:04,441] {dag.py:2398} INFO - Sync 1 DAGs
[2022-11-02 00:56:04,500] {processor.py:171} INFO - Processing /opt/airflow/dags/dag_combustivel.py took 0.738 seconds
[2022-11-02 00:56:34,920] {processor.py:163} INFO - Started process (PID=8411) to work on /opt/airflow/dags/dag_combustivel.py
[2022-11-02 00:56:34,925] {processor.py:642} INFO - Processing file /opt/airflow/dags/dag_combustivel.py for tasks to queue
[2022-11-02 00:56:34,953] {logging_mixin.py:109} INFO - [2022-11-02 00:56:34,952] {dagbag.py:500} INFO - Filling up the DagBag from /opt/airflow/dags/dag_combustivel.py
[2022-11-02 00:56:35,567] {processor.py:654} INFO - DAG(s) dict_keys(['dag_combustivel']) retrieved from /opt/airflow/dags/dag_combustivel.py
[2022-11-02 00:56:35,589] {logging_mixin.py:109} INFO - [2022-11-02 00:56:35,589] {dag.py:2398} INFO - Sync 1 DAGs
[2022-11-02 00:56:35,640] {processor.py:171} INFO - Processing /opt/airflow/dags/dag_combustivel.py took 0.730 seconds
[2022-11-02 00:57:05,900] {processor.py:163} INFO - Started process (PID=8464) to work on /opt/airflow/dags/dag_combustivel.py
[2022-11-02 00:57:05,904] {processor.py:642} INFO - Processing file /opt/airflow/dags/dag_combustivel.py for tasks to queue
[2022-11-02 00:57:05,909] {logging_mixin.py:109} INFO - [2022-11-02 00:57:05,908] {dagbag.py:500} INFO - Filling up the DagBag from /opt/airflow/dags/dag_combustivel.py
[2022-11-02 00:57:06,645] {processor.py:654} INFO - DAG(s) dict_keys(['dag_combustivel']) retrieved from /opt/airflow/dags/dag_combustivel.py
[2022-11-02 00:57:06,666] {logging_mixin.py:109} INFO - [2022-11-02 00:57:06,666] {dag.py:2398} INFO - Sync 1 DAGs
[2022-11-02 00:57:06,702] {processor.py:171} INFO - Processing /opt/airflow/dags/dag_combustivel.py took 0.811 seconds
[2022-11-02 00:57:37,095] {processor.py:163} INFO - Started process (PID=8517) to work on /opt/airflow/dags/dag_combustivel.py
[2022-11-02 00:57:37,100] {processor.py:642} INFO - Processing file /opt/airflow/dags/dag_combustivel.py for tasks to queue
[2022-11-02 00:57:37,105] {logging_mixin.py:109} INFO - [2022-11-02 00:57:37,105] {dagbag.py:500} INFO - Filling up the DagBag from /opt/airflow/dags/dag_combustivel.py
[2022-11-02 00:57:37,543] {processor.py:654} INFO - DAG(s) dict_keys(['dag_combustivel']) retrieved from /opt/airflow/dags/dag_combustivel.py
[2022-11-02 00:57:37,560] {logging_mixin.py:109} INFO - [2022-11-02 00:57:37,560] {dag.py:2398} INFO - Sync 1 DAGs
[2022-11-02 00:57:37,613] {processor.py:171} INFO - Processing /opt/airflow/dags/dag_combustivel.py took 0.527 seconds
[2022-11-02 00:58:08,649] {processor.py:163} INFO - Started process (PID=8578) to work on /opt/airflow/dags/dag_combustivel.py
[2022-11-02 00:58:08,653] {processor.py:642} INFO - Processing file /opt/airflow/dags/dag_combustivel.py for tasks to queue
[2022-11-02 00:58:08,655] {logging_mixin.py:109} INFO - [2022-11-02 00:58:08,655] {dagbag.py:500} INFO - Filling up the DagBag from /opt/airflow/dags/dag_combustivel.py
[2022-11-02 00:58:09,045] {processor.py:654} INFO - DAG(s) dict_keys(['dag_combustivel']) retrieved from /opt/airflow/dags/dag_combustivel.py
[2022-11-02 00:58:09,071] {logging_mixin.py:109} INFO - [2022-11-02 00:58:09,070] {dag.py:2398} INFO - Sync 1 DAGs
[2022-11-02 00:58:09,108] {processor.py:171} INFO - Processing /opt/airflow/dags/dag_combustivel.py took 0.465 seconds
[2022-11-02 00:58:39,896] {processor.py:163} INFO - Started process (PID=8632) to work on /opt/airflow/dags/dag_combustivel.py
[2022-11-02 00:58:39,899] {processor.py:642} INFO - Processing file /opt/airflow/dags/dag_combustivel.py for tasks to queue
[2022-11-02 00:58:39,900] {logging_mixin.py:109} INFO - [2022-11-02 00:58:39,900] {dagbag.py:500} INFO - Filling up the DagBag from /opt/airflow/dags/dag_combustivel.py
[2022-11-02 00:58:40,161] {processor.py:654} INFO - DAG(s) dict_keys(['dag_combustivel']) retrieved from /opt/airflow/dags/dag_combustivel.py
[2022-11-02 00:58:40,176] {logging_mixin.py:109} INFO - [2022-11-02 00:58:40,175] {dag.py:2398} INFO - Sync 1 DAGs
[2022-11-02 00:58:40,204] {processor.py:171} INFO - Processing /opt/airflow/dags/dag_combustivel.py took 0.313 seconds
[2022-11-02 00:59:11,064] {processor.py:163} INFO - Started process (PID=8684) to work on /opt/airflow/dags/dag_combustivel.py
[2022-11-02 00:59:11,066] {processor.py:642} INFO - Processing file /opt/airflow/dags/dag_combustivel.py for tasks to queue
[2022-11-02 00:59:11,067] {logging_mixin.py:109} INFO - [2022-11-02 00:59:11,067] {dagbag.py:500} INFO - Filling up the DagBag from /opt/airflow/dags/dag_combustivel.py
[2022-11-02 00:59:11,353] {processor.py:654} INFO - DAG(s) dict_keys(['dag_combustivel']) retrieved from /opt/airflow/dags/dag_combustivel.py
[2022-11-02 00:59:11,368] {logging_mixin.py:109} INFO - [2022-11-02 00:59:11,368] {dag.py:2398} INFO - Sync 1 DAGs
[2022-11-02 00:59:11,390] {logging_mixin.py:109} INFO - [2022-11-02 00:59:11,390] {dag.py:2937} INFO - Setting next_dagrun for dag_combustivel to 2005-07-01T00:00:00+00:00
[2022-11-02 00:59:11,402] {processor.py:171} INFO - Processing /opt/airflow/dags/dag_combustivel.py took 0.342 seconds
[2022-11-02 00:59:42,156] {processor.py:163} INFO - Started process (PID=8736) to work on /opt/airflow/dags/dag_combustivel.py
[2022-11-02 00:59:42,165] {processor.py:642} INFO - Processing file /opt/airflow/dags/dag_combustivel.py for tasks to queue
[2022-11-02 00:59:42,167] {logging_mixin.py:109} INFO - [2022-11-02 00:59:42,167] {dagbag.py:500} INFO - Filling up the DagBag from /opt/airflow/dags/dag_combustivel.py
[2022-11-02 00:59:42,511] {processor.py:654} INFO - DAG(s) dict_keys(['dag_combustivel']) retrieved from /opt/airflow/dags/dag_combustivel.py
[2022-11-02 00:59:42,536] {logging_mixin.py:109} INFO - [2022-11-02 00:59:42,535] {dag.py:2398} INFO - Sync 1 DAGs
[2022-11-02 00:59:42,594] {processor.py:171} INFO - Processing /opt/airflow/dags/dag_combustivel.py took 0.444 seconds
[2022-11-02 01:00:13,166] {processor.py:163} INFO - Started process (PID=8796) to work on /opt/airflow/dags/dag_combustivel.py
[2022-11-02 01:00:13,182] {processor.py:642} INFO - Processing file /opt/airflow/dags/dag_combustivel.py for tasks to queue
[2022-11-02 01:00:13,298] {logging_mixin.py:109} INFO - [2022-11-02 01:00:13,298] {dagbag.py:500} INFO - Filling up the DagBag from /opt/airflow/dags/dag_combustivel.py
[2022-11-02 01:00:14,301] {processor.py:654} INFO - DAG(s) dict_keys(['dag_combustivel']) retrieved from /opt/airflow/dags/dag_combustivel.py
[2022-11-02 01:00:14,355] {logging_mixin.py:109} INFO - [2022-11-02 01:00:14,354] {dag.py:2398} INFO - Sync 1 DAGs
[2022-11-02 01:00:14,501] {processor.py:171} INFO - Processing /opt/airflow/dags/dag_combustivel.py took 1.356 seconds
[2022-11-02 01:00:45,116] {processor.py:163} INFO - Started process (PID=8850) to work on /opt/airflow/dags/dag_combustivel.py
[2022-11-02 01:00:45,122] {processor.py:642} INFO - Processing file /opt/airflow/dags/dag_combustivel.py for tasks to queue
[2022-11-02 01:00:45,124] {logging_mixin.py:109} INFO - [2022-11-02 01:00:45,124] {dagbag.py:500} INFO - Filling up the DagBag from /opt/airflow/dags/dag_combustivel.py
[2022-11-02 01:00:45,574] {processor.py:654} INFO - DAG(s) dict_keys(['dag_combustivel']) retrieved from /opt/airflow/dags/dag_combustivel.py
[2022-11-02 01:00:45,601] {logging_mixin.py:109} INFO - [2022-11-02 01:00:45,601] {dag.py:2398} INFO - Sync 1 DAGs
[2022-11-02 01:00:45,673] {processor.py:171} INFO - Processing /opt/airflow/dags/dag_combustivel.py took 0.566 seconds
[2022-11-02 01:01:16,594] {processor.py:163} INFO - Started process (PID=8902) to work on /opt/airflow/dags/dag_combustivel.py
[2022-11-02 01:01:16,599] {processor.py:642} INFO - Processing file /opt/airflow/dags/dag_combustivel.py for tasks to queue
[2022-11-02 01:01:16,602] {logging_mixin.py:109} INFO - [2022-11-02 01:01:16,601] {dagbag.py:500} INFO - Filling up the DagBag from /opt/airflow/dags/dag_combustivel.py
[2022-11-02 01:01:17,474] {processor.py:654} INFO - DAG(s) dict_keys(['dag_combustivel']) retrieved from /opt/airflow/dags/dag_combustivel.py
[2022-11-02 01:01:17,511] {logging_mixin.py:109} INFO - [2022-11-02 01:01:17,511] {dag.py:2398} INFO - Sync 1 DAGs
[2022-11-02 01:01:17,584] {processor.py:171} INFO - Processing /opt/airflow/dags/dag_combustivel.py took 1.016 seconds
[2022-11-02 01:01:47,761] {processor.py:163} INFO - Started process (PID=8953) to work on /opt/airflow/dags/dag_combustivel.py
[2022-11-02 01:01:47,764] {processor.py:642} INFO - Processing file /opt/airflow/dags/dag_combustivel.py for tasks to queue
[2022-11-02 01:01:47,768] {logging_mixin.py:109} INFO - [2022-11-02 01:01:47,767] {dagbag.py:500} INFO - Filling up the DagBag from /opt/airflow/dags/dag_combustivel.py
[2022-11-02 01:01:48,173] {processor.py:654} INFO - DAG(s) dict_keys(['dag_combustivel']) retrieved from /opt/airflow/dags/dag_combustivel.py
[2022-11-02 01:01:48,192] {logging_mixin.py:109} INFO - [2022-11-02 01:01:48,191] {dag.py:2398} INFO - Sync 1 DAGs
[2022-11-02 01:01:48,261] {processor.py:171} INFO - Processing /opt/airflow/dags/dag_combustivel.py took 0.509 seconds
[2022-11-02 01:02:18,345] {processor.py:163} INFO - Started process (PID=9006) to work on /opt/airflow/dags/dag_combustivel.py
[2022-11-02 01:02:18,348] {processor.py:642} INFO - Processing file /opt/airflow/dags/dag_combustivel.py for tasks to queue
[2022-11-02 01:02:18,350] {logging_mixin.py:109} INFO - [2022-11-02 01:02:18,350] {dagbag.py:500} INFO - Filling up the DagBag from /opt/airflow/dags/dag_combustivel.py
[2022-11-02 01:02:18,623] {processor.py:654} INFO - DAG(s) dict_keys(['dag_combustivel']) retrieved from /opt/airflow/dags/dag_combustivel.py
[2022-11-02 01:02:18,635] {logging_mixin.py:109} INFO - [2022-11-02 01:02:18,635] {dag.py:2398} INFO - Sync 1 DAGs
[2022-11-02 01:02:18,662] {processor.py:171} INFO - Processing /opt/airflow/dags/dag_combustivel.py took 0.325 seconds
