[2022-10-05 20:11:32,688] {taskinstance.py:1037} INFO - Dependencies all met for <TaskInstance: dag_combustivel.create_cluster manual__2022-10-05T20:11:22.425677+00:00 [queued]>
[2022-10-05 20:11:32,700] {taskinstance.py:1037} INFO - Dependencies all met for <TaskInstance: dag_combustivel.create_cluster manual__2022-10-05T20:11:22.425677+00:00 [queued]>
[2022-10-05 20:11:32,701] {taskinstance.py:1243} INFO - 
--------------------------------------------------------------------------------
[2022-10-05 20:11:32,702] {taskinstance.py:1244} INFO - Starting attempt 1 of 1
[2022-10-05 20:11:32,703] {taskinstance.py:1245} INFO - 
--------------------------------------------------------------------------------
[2022-10-05 20:11:32,720] {taskinstance.py:1264} INFO - Executing <Task(DataprocCreateClusterOperator): create_cluster> on 2022-10-05 20:11:22.425677+00:00
[2022-10-05 20:11:32,731] {standard_task_runner.py:52} INFO - Started process 863 to run task
[2022-10-05 20:11:32,743] {standard_task_runner.py:76} INFO - Running: ['***', 'tasks', 'run', 'dag_combustivel', 'create_cluster', 'manual__2022-10-05T20:11:22.425677+00:00', '--job-id', '125', '--raw', '--subdir', 'DAGS_FOLDER/dag_combustive.py', '--cfg-path', '/tmp/tmpjd9d8o8j', '--error-file', '/tmp/tmpmuvyiptu']
[2022-10-05 20:11:32,745] {standard_task_runner.py:77} INFO - Job 125: Subtask create_cluster
[2022-10-05 20:11:32,843] {logging_mixin.py:109} INFO - Running <TaskInstance: dag_combustivel.create_cluster manual__2022-10-05T20:11:22.425677+00:00 [running]> on host 1445d51ba90b
[2022-10-05 20:11:32,922] {taskinstance.py:1431} INFO - Exporting the following env vars:
AIRFLOW_CTX_DAG_OWNER=***
AIRFLOW_CTX_DAG_ID=dag_combustivel
AIRFLOW_CTX_TASK_ID=create_cluster
AIRFLOW_CTX_EXECUTION_DATE=2022-10-05T20:11:22.425677+00:00
AIRFLOW_CTX_DAG_RUN_ID=manual__2022-10-05T20:11:22.425677+00:00
[2022-10-05 20:11:32,924] {dataproc.py:625} INFO - Creating cluster: dataproc-cluster-stack-data-pipeline01
[2022-10-05 20:14:17,415] {dataproc.py:569} INFO - Cluster created.
[2022-10-05 20:14:17,485] {taskinstance.py:1282} INFO - Marking task as SUCCESS. dag_id=dag_combustivel, task_id=create_cluster, execution_date=20221005T201122, start_date=20221005T201132, end_date=20221005T201417
[2022-10-05 20:14:17,560] {local_task_job.py:154} INFO - Task exited with return code 0
[2022-10-05 20:14:17,599] {local_task_job.py:264} INFO - 1 downstream tasks scheduled from follow-on schedule check
