[2022-10-04 22:19:41,504] {taskinstance.py:1037} INFO - Dependencies all met for <TaskInstance: example_gcs.list_buckets manual__2022-10-04T22:19:37.973320+00:00 [queued]>
[2022-10-04 22:19:41,534] {taskinstance.py:1037} INFO - Dependencies all met for <TaskInstance: example_gcs.list_buckets manual__2022-10-04T22:19:37.973320+00:00 [queued]>
[2022-10-04 22:19:41,536] {taskinstance.py:1243} INFO - 
--------------------------------------------------------------------------------
[2022-10-04 22:19:41,536] {taskinstance.py:1244} INFO - Starting attempt 1 of 1
[2022-10-04 22:19:41,537] {taskinstance.py:1245} INFO - 
--------------------------------------------------------------------------------
[2022-10-04 22:19:41,559] {taskinstance.py:1264} INFO - Executing <Task(GCSListObjectsOperator): list_buckets> on 2022-10-04 22:19:37.973320+00:00
[2022-10-04 22:19:41,568] {standard_task_runner.py:52} INFO - Started process 3586 to run task
[2022-10-04 22:19:41,582] {standard_task_runner.py:76} INFO - Running: ['***', 'tasks', 'run', 'example_gcs', 'list_buckets', 'manual__2022-10-04T22:19:37.973320+00:00', '--job-id', '8', '--raw', '--subdir', 'DAGS_FOLDER/dag_teste.py', '--cfg-path', '/tmp/tmp8e7j9i4i', '--error-file', '/tmp/tmp3le9vcj4']
[2022-10-04 22:19:41,586] {standard_task_runner.py:77} INFO - Job 8: Subtask list_buckets
[2022-10-04 22:19:41,751] {logging_mixin.py:109} INFO - Running <TaskInstance: example_gcs.list_buckets manual__2022-10-04T22:19:37.973320+00:00 [running]> on host 1445d51ba90b
[2022-10-04 22:19:41,941] {taskinstance.py:1431} INFO - Exporting the following env vars:
AIRFLOW_CTX_DAG_OWNER=***
AIRFLOW_CTX_DAG_ID=example_gcs
AIRFLOW_CTX_TASK_ID=list_buckets
AIRFLOW_CTX_EXECUTION_DATE=2022-10-04T22:19:37.973320+00:00
AIRFLOW_CTX_DAG_RUN_ID=manual__2022-10-04T22:19:37.973320+00:00
[2022-10-04 22:19:41,969] {gcs.py:259} INFO - Getting list of the files. Bucket: stack-data-pipeline-combustiveis-brasil-curated; Delimiter: None; Prefix: None
[2022-10-04 22:19:43,872] {taskinstance.py:1282} INFO - Marking task as SUCCESS. dag_id=example_gcs, task_id=list_buckets, execution_date=20221004T221937, start_date=20221004T221941, end_date=20221004T221943
[2022-10-04 22:19:43,965] {local_task_job.py:154} INFO - Task exited with return code 0
[2022-10-04 22:19:44,139] {local_task_job.py:264} INFO - 0 downstream tasks scheduled from follow-on schedule check
